[2024-04-23 02:22:06,934] {taskinstance.py:1159} INFO - Dependencies all met for <TaskInstance: meu_primeiro_dag2.cria_pasta scheduled__2024-04-22T00:00:00+00:00 [queued]>
[2024-04-23 02:22:06,939] {taskinstance.py:1159} INFO - Dependencies all met for <TaskInstance: meu_primeiro_dag2.cria_pasta scheduled__2024-04-22T00:00:00+00:00 [queued]>
[2024-04-23 02:22:06,939] {taskinstance.py:1356} INFO - 
--------------------------------------------------------------------------------
[2024-04-23 02:22:06,939] {taskinstance.py:1357} INFO - Starting attempt 1 of 1
[2024-04-23 02:22:06,939] {taskinstance.py:1358} INFO - 
--------------------------------------------------------------------------------
[2024-04-23 02:22:06,950] {taskinstance.py:1377} INFO - Executing <Task(BashOperator): cria_pasta> on 2024-04-22 00:00:00+00:00
[2024-04-23 02:22:06,952] {standard_task_runner.py:52} INFO - Started process 135941 to run task
[2024-04-23 02:22:06,955] {standard_task_runner.py:79} INFO - Running: ['airflow', 'tasks', 'run', 'meu_primeiro_dag2', 'cria_pasta', 'scheduled__2024-04-22T00:00:00+00:00', '--job-id', '14', '--raw', '--subdir', 'DAGS_FOLDER/meu_primeiro_dag.py', '--cfg-path', '/tmp/tmpn0qad6fz', '--error-file', '/tmp/tmpzywfsufu']
[2024-04-23 02:22:06,955] {standard_task_runner.py:80} INFO - Job 14: Subtask cria_pasta
[2024-04-23 02:22:06,981] {task_command.py:370} INFO - Running <TaskInstance: meu_primeiro_dag2.cria_pasta scheduled__2024-04-22T00:00:00+00:00 [running]> on host URATIC9519.RIOBRANCOPETROLEO
[2024-04-23 02:22:07,016] {taskinstance.py:1569} INFO - Exporting the following env vars:
AIRFLOW_CTX_DAG_OWNER=airflow
AIRFLOW_CTX_DAG_ID=meu_primeiro_dag2
AIRFLOW_CTX_TASK_ID=cria_pasta
AIRFLOW_CTX_EXECUTION_DATE=2024-04-22T00:00:00+00:00
AIRFLOW_CTX_TRY_NUMBER=1
AIRFLOW_CTX_DAG_RUN_ID=scheduled__2024-04-22T00:00:00+00:00
[2024-04-23 02:22:07,017] {subprocess.py:62} INFO - Tmp dir root location: 
 /tmp
[2024-04-23 02:22:07,017] {subprocess.py:74} INFO - Running command: ['bash', '-c', 'mkdir -p "/home/enrico/Documentos/backup/AULA/Alura/Engenharia de dados/projeto_airflow/airflowalura/pasta=2024-04-23T00:00:00+00:00"']
[2024-04-23 02:22:07,021] {subprocess.py:85} INFO - Output:
[2024-04-23 02:22:07,023] {subprocess.py:96} INFO - Command exited with return code 0
[2024-04-23 02:22:07,038] {taskinstance.py:1395} INFO - Marking task as SUCCESS. dag_id=meu_primeiro_dag2, task_id=cria_pasta, execution_date=20240422T000000, start_date=20240423T052206, end_date=20240423T052207
[2024-04-23 02:22:07,086] {local_task_job.py:156} INFO - Task exited with return code 0
[2024-04-23 02:22:07,098] {local_task_job.py:273} INFO - 0 downstream tasks scheduled from follow-on schedule check
