[2024-04-23 02:22:05,698] {taskinstance.py:1159} INFO - Dependencies all met for <TaskInstance: meu_primeiro_dag2.cria_pasta scheduled__2024-04-21T00:00:00+00:00 [queued]>
[2024-04-23 02:22:05,703] {taskinstance.py:1159} INFO - Dependencies all met for <TaskInstance: meu_primeiro_dag2.cria_pasta scheduled__2024-04-21T00:00:00+00:00 [queued]>
[2024-04-23 02:22:05,703] {taskinstance.py:1356} INFO - 
--------------------------------------------------------------------------------
[2024-04-23 02:22:05,703] {taskinstance.py:1357} INFO - Starting attempt 1 of 1
[2024-04-23 02:22:05,703] {taskinstance.py:1358} INFO - 
--------------------------------------------------------------------------------
[2024-04-23 02:22:05,719] {taskinstance.py:1377} INFO - Executing <Task(BashOperator): cria_pasta> on 2024-04-21 00:00:00+00:00
[2024-04-23 02:22:05,721] {standard_task_runner.py:52} INFO - Started process 135923 to run task
[2024-04-23 02:22:05,723] {standard_task_runner.py:79} INFO - Running: ['airflow', 'tasks', 'run', 'meu_primeiro_dag2', 'cria_pasta', 'scheduled__2024-04-21T00:00:00+00:00', '--job-id', '13', '--raw', '--subdir', 'DAGS_FOLDER/meu_primeiro_dag.py', '--cfg-path', '/tmp/tmprbj13vjy', '--error-file', '/tmp/tmp8106200d']
[2024-04-23 02:22:05,723] {standard_task_runner.py:80} INFO - Job 13: Subtask cria_pasta
[2024-04-23 02:22:05,750] {task_command.py:370} INFO - Running <TaskInstance: meu_primeiro_dag2.cria_pasta scheduled__2024-04-21T00:00:00+00:00 [running]> on host URATIC9519.RIOBRANCOPETROLEO
[2024-04-23 02:22:05,785] {taskinstance.py:1569} INFO - Exporting the following env vars:
AIRFLOW_CTX_DAG_OWNER=airflow
AIRFLOW_CTX_DAG_ID=meu_primeiro_dag2
AIRFLOW_CTX_TASK_ID=cria_pasta
AIRFLOW_CTX_EXECUTION_DATE=2024-04-21T00:00:00+00:00
AIRFLOW_CTX_TRY_NUMBER=1
AIRFLOW_CTX_DAG_RUN_ID=scheduled__2024-04-21T00:00:00+00:00
[2024-04-23 02:22:05,786] {subprocess.py:62} INFO - Tmp dir root location: 
 /tmp
[2024-04-23 02:22:05,787] {subprocess.py:74} INFO - Running command: ['bash', '-c', 'mkdir -p "/home/enrico/Documentos/backup/AULA/Alura/Engenharia de dados/projeto_airflow/airflowalura/pasta=2024-04-22T00:00:00+00:00"']
[2024-04-23 02:22:05,791] {subprocess.py:85} INFO - Output:
[2024-04-23 02:22:05,792] {subprocess.py:96} INFO - Command exited with return code 0
[2024-04-23 02:22:05,806] {taskinstance.py:1395} INFO - Marking task as SUCCESS. dag_id=meu_primeiro_dag2, task_id=cria_pasta, execution_date=20240421T000000, start_date=20240423T052205, end_date=20240423T052205
[2024-04-23 02:22:05,854] {local_task_job.py:156} INFO - Task exited with return code 0
[2024-04-23 02:22:05,868] {local_task_job.py:273} INFO - 0 downstream tasks scheduled from follow-on schedule check
