[2024-04-23 01:34:18,594] {taskinstance.py:1159} INFO - Dependencies all met for <TaskInstance: meu_primeiro_dag.cria_pasta manual__2024-04-23T04:34:14.555093+00:00 [queued]>
[2024-04-23 01:34:18,599] {taskinstance.py:1159} INFO - Dependencies all met for <TaskInstance: meu_primeiro_dag.cria_pasta manual__2024-04-23T04:34:14.555093+00:00 [queued]>
[2024-04-23 01:34:18,599] {taskinstance.py:1356} INFO - 
--------------------------------------------------------------------------------
[2024-04-23 01:34:18,599] {taskinstance.py:1357} INFO - Starting attempt 1 of 1
[2024-04-23 01:34:18,599] {taskinstance.py:1358} INFO - 
--------------------------------------------------------------------------------
[2024-04-23 01:34:18,608] {taskinstance.py:1377} INFO - Executing <Task(BashOperator): cria_pasta> on 2024-04-23 04:34:14.555093+00:00
[2024-04-23 01:34:18,609] {standard_task_runner.py:52} INFO - Started process 118177 to run task
[2024-04-23 01:34:18,611] {standard_task_runner.py:79} INFO - Running: ['airflow', 'tasks', 'run', 'meu_primeiro_dag', 'cria_pasta', 'manual__2024-04-23T04:34:14.555093+00:00', '--job-id', '8', '--raw', '--subdir', 'DAGS_FOLDER/meu_primeiro_dag.py', '--cfg-path', '/tmp/tmpqxwkr8cy', '--error-file', '/tmp/tmp7bkg0drk']
[2024-04-23 01:34:18,612] {standard_task_runner.py:80} INFO - Job 8: Subtask cria_pasta
[2024-04-23 01:34:18,639] {task_command.py:370} INFO - Running <TaskInstance: meu_primeiro_dag.cria_pasta manual__2024-04-23T04:34:14.555093+00:00 [running]> on host URATIC9519.RIOBRANCOPETROLEO
[2024-04-23 01:34:18,685] {taskinstance.py:1569} INFO - Exporting the following env vars:
AIRFLOW_CTX_DAG_OWNER=airflow
AIRFLOW_CTX_DAG_ID=meu_primeiro_dag
AIRFLOW_CTX_TASK_ID=cria_pasta
AIRFLOW_CTX_EXECUTION_DATE=2024-04-23T04:34:14.555093+00:00
AIRFLOW_CTX_TRY_NUMBER=1
AIRFLOW_CTX_DAG_RUN_ID=manual__2024-04-23T04:34:14.555093+00:00
[2024-04-23 01:34:18,686] {subprocess.py:62} INFO - Tmp dir root location: 
 /tmp
[2024-04-23 01:34:18,686] {subprocess.py:74} INFO - Running command: ['bash', '-c', 'mkdir -p "../pasta"']
[2024-04-23 01:34:18,690] {subprocess.py:85} INFO - Output:
[2024-04-23 01:34:18,691] {subprocess.py:96} INFO - Command exited with return code 0
[2024-04-23 01:34:18,709] {taskinstance.py:1395} INFO - Marking task as SUCCESS. dag_id=meu_primeiro_dag, task_id=cria_pasta, execution_date=20240423T043414, start_date=20240423T043418, end_date=20240423T043418
[2024-04-23 01:34:18,743] {local_task_job.py:156} INFO - Task exited with return code 0
[2024-04-23 01:34:18,754] {local_task_job.py:273} INFO - 0 downstream tasks scheduled from follow-on schedule check
