[2024-04-23 03:01:03,423] {taskinstance.py:1159} INFO - Dependencies all met for <TaskInstance: dados_climaticos2.cria_pasta scheduled__2024-04-08T00:00:00+00:00 [queued]>
[2024-04-23 03:01:03,427] {taskinstance.py:1159} INFO - Dependencies all met for <TaskInstance: dados_climaticos2.cria_pasta scheduled__2024-04-08T00:00:00+00:00 [queued]>
[2024-04-23 03:01:03,427] {taskinstance.py:1356} INFO - 
--------------------------------------------------------------------------------
[2024-04-23 03:01:03,427] {taskinstance.py:1357} INFO - Starting attempt 1 of 1
[2024-04-23 03:01:03,427] {taskinstance.py:1358} INFO - 
--------------------------------------------------------------------------------
[2024-04-23 03:01:03,437] {taskinstance.py:1377} INFO - Executing <Task(BashOperator): cria_pasta> on 2024-04-08 00:00:00+00:00
[2024-04-23 03:01:03,439] {standard_task_runner.py:52} INFO - Started process 150774 to run task
[2024-04-23 03:01:03,440] {standard_task_runner.py:79} INFO - Running: ['airflow', 'tasks', 'run', 'dados_climaticos2', 'cria_pasta', 'scheduled__2024-04-08T00:00:00+00:00', '--job-id', '15', '--raw', '--subdir', 'DAGS_FOLDER/dados_climaticos.py', '--cfg-path', '/tmp/tmp_29u_fuz', '--error-file', '/tmp/tmpyww03i3w']
[2024-04-23 03:01:03,441] {standard_task_runner.py:80} INFO - Job 15: Subtask cria_pasta
[2024-04-23 03:01:03,462] {task_command.py:370} INFO - Running <TaskInstance: dados_climaticos2.cria_pasta scheduled__2024-04-08T00:00:00+00:00 [running]> on host URATIC9519.RIOBRANCOPETROLEO
[2024-04-23 03:01:03,492] {taskinstance.py:1569} INFO - Exporting the following env vars:
AIRFLOW_CTX_DAG_OWNER=airflow
AIRFLOW_CTX_DAG_ID=dados_climaticos2
AIRFLOW_CTX_TASK_ID=cria_pasta
AIRFLOW_CTX_EXECUTION_DATE=2024-04-08T00:00:00+00:00
AIRFLOW_CTX_TRY_NUMBER=1
AIRFLOW_CTX_DAG_RUN_ID=scheduled__2024-04-08T00:00:00+00:00
[2024-04-23 03:01:03,492] {subprocess.py:62} INFO - Tmp dir root location: 
 /tmp
[2024-04-23 03:01:03,492] {subprocess.py:74} INFO - Running command: ['bash', '-c', 'mkdir -p "/home/enrico/Documentos/backup/AULA/Alura/Engenharia de dados/projeto_airflow/airflowalura/semana=2024-04-15"']
[2024-04-23 03:01:03,497] {subprocess.py:85} INFO - Output:
[2024-04-23 03:01:03,498] {subprocess.py:96} INFO - Command exited with return code 0
[2024-04-23 03:01:03,512] {taskinstance.py:1395} INFO - Marking task as SUCCESS. dag_id=dados_climaticos2, task_id=cria_pasta, execution_date=20240408T000000, start_date=20240423T060103, end_date=20240423T060103
[2024-04-23 03:01:03,532] {local_task_job.py:156} INFO - Task exited with return code 0
[2024-04-23 03:01:03,547] {local_task_job.py:273} INFO - 1 downstream tasks scheduled from follow-on schedule check
