[2024-04-27 09:50:13,118] {processor.py:153} INFO - Started process (PID=95906) to work on /home/enrico/Documentos/backup/AULA/Alura/Engenharia de dados/projeto_airflow/airflowalura/venv/lib/python3.9/site-packages/airflow/example_dags/example_sla_dag.py
[2024-04-27 09:50:13,119] {processor.py:641} INFO - Processing file /home/enrico/Documentos/backup/AULA/Alura/Engenharia de dados/projeto_airflow/airflowalura/venv/lib/python3.9/site-packages/airflow/example_dags/example_sla_dag.py for tasks to queue
[2024-04-27 09:50:13,120] {logging_mixin.py:115} INFO - [2024-04-27 09:50:13,120] {dagbag.py:507} INFO - Filling up the DagBag from /home/enrico/Documentos/backup/AULA/Alura/Engenharia de dados/projeto_airflow/airflowalura/venv/lib/python3.9/site-packages/airflow/example_dags/example_sla_dag.py
[2024-04-27 09:50:13,150] {processor.py:651} INFO - DAG(s) dict_keys(['example_sla_dag']) retrieved from /home/enrico/Documentos/backup/AULA/Alura/Engenharia de dados/projeto_airflow/airflowalura/venv/lib/python3.9/site-packages/airflow/example_dags/example_sla_dag.py
[2024-04-27 09:50:13,159] {logging_mixin.py:115} INFO - [2024-04-27 09:50:13,159] {dag.py:2379} INFO - Sync 1 DAGs
[2024-04-27 09:50:13,171] {logging_mixin.py:115} INFO - [2024-04-27 09:50:13,171] {dag.py:2927} INFO - Setting next_dagrun for example_sla_dag to 2024-04-27T12:48:00+00:00, run_after=2024-04-27T12:50:00+00:00
[2024-04-27 09:50:13,183] {processor.py:161} INFO - Processing /home/enrico/Documentos/backup/AULA/Alura/Engenharia de dados/projeto_airflow/airflowalura/venv/lib/python3.9/site-packages/airflow/example_dags/example_sla_dag.py took 0.070 seconds
[2024-04-27 09:50:46,813] {processor.py:153} INFO - Started process (PID=96050) to work on /home/enrico/Documentos/backup/AULA/Alura/Engenharia de dados/projeto_airflow/airflowalura/venv/lib/python3.9/site-packages/airflow/example_dags/example_sla_dag.py
[2024-04-27 09:50:46,813] {processor.py:641} INFO - Processing file /home/enrico/Documentos/backup/AULA/Alura/Engenharia de dados/projeto_airflow/airflowalura/venv/lib/python3.9/site-packages/airflow/example_dags/example_sla_dag.py for tasks to queue
[2024-04-27 09:50:46,814] {logging_mixin.py:115} INFO - [2024-04-27 09:50:46,814] {dagbag.py:507} INFO - Filling up the DagBag from /home/enrico/Documentos/backup/AULA/Alura/Engenharia de dados/projeto_airflow/airflowalura/venv/lib/python3.9/site-packages/airflow/example_dags/example_sla_dag.py
[2024-04-27 09:50:46,825] {processor.py:651} INFO - DAG(s) dict_keys(['example_sla_dag']) retrieved from /home/enrico/Documentos/backup/AULA/Alura/Engenharia de dados/projeto_airflow/airflowalura/venv/lib/python3.9/site-packages/airflow/example_dags/example_sla_dag.py
[2024-04-27 09:50:46,834] {logging_mixin.py:115} INFO - [2024-04-27 09:50:46,834] {dag.py:2379} INFO - Sync 1 DAGs
[2024-04-27 09:50:46,848] {logging_mixin.py:115} INFO - [2024-04-27 09:50:46,848] {dag.py:2927} INFO - Setting next_dagrun for example_sla_dag to 2024-04-27T12:48:00+00:00, run_after=2024-04-27T12:50:00+00:00
[2024-04-27 09:50:46,858] {processor.py:161} INFO - Processing /home/enrico/Documentos/backup/AULA/Alura/Engenharia de dados/projeto_airflow/airflowalura/venv/lib/python3.9/site-packages/airflow/example_dags/example_sla_dag.py took 0.047 seconds
[2024-04-27 09:51:21,940] {processor.py:153} INFO - Started process (PID=96290) to work on /home/enrico/Documentos/backup/AULA/Alura/Engenharia de dados/projeto_airflow/airflowalura/venv/lib/python3.9/site-packages/airflow/example_dags/example_sla_dag.py
[2024-04-27 09:51:21,941] {processor.py:641} INFO - Processing file /home/enrico/Documentos/backup/AULA/Alura/Engenharia de dados/projeto_airflow/airflowalura/venv/lib/python3.9/site-packages/airflow/example_dags/example_sla_dag.py for tasks to queue
[2024-04-27 09:51:21,942] {logging_mixin.py:115} INFO - [2024-04-27 09:51:21,942] {dagbag.py:507} INFO - Filling up the DagBag from /home/enrico/Documentos/backup/AULA/Alura/Engenharia de dados/projeto_airflow/airflowalura/venv/lib/python3.9/site-packages/airflow/example_dags/example_sla_dag.py
[2024-04-27 09:51:21,973] {processor.py:651} INFO - DAG(s) dict_keys(['example_sla_dag']) retrieved from /home/enrico/Documentos/backup/AULA/Alura/Engenharia de dados/projeto_airflow/airflowalura/venv/lib/python3.9/site-packages/airflow/example_dags/example_sla_dag.py
[2024-04-27 09:51:21,984] {logging_mixin.py:115} INFO - [2024-04-27 09:51:21,983] {dag.py:2379} INFO - Sync 1 DAGs
[2024-04-27 09:51:21,995] {logging_mixin.py:115} INFO - [2024-04-27 09:51:21,995] {dag.py:2927} INFO - Setting next_dagrun for example_sla_dag to 2024-04-27T12:48:00+00:00, run_after=2024-04-27T12:50:00+00:00
[2024-04-27 09:51:22,003] {processor.py:161} INFO - Processing /home/enrico/Documentos/backup/AULA/Alura/Engenharia de dados/projeto_airflow/airflowalura/venv/lib/python3.9/site-packages/airflow/example_dags/example_sla_dag.py took 0.068 seconds
[2024-04-27 09:51:57,965] {processor.py:153} INFO - Started process (PID=96415) to work on /home/enrico/Documentos/backup/AULA/Alura/Engenharia de dados/projeto_airflow/airflowalura/venv/lib/python3.9/site-packages/airflow/example_dags/example_sla_dag.py
[2024-04-27 09:51:57,969] {processor.py:641} INFO - Processing file /home/enrico/Documentos/backup/AULA/Alura/Engenharia de dados/projeto_airflow/airflowalura/venv/lib/python3.9/site-packages/airflow/example_dags/example_sla_dag.py for tasks to queue
[2024-04-27 09:51:57,970] {logging_mixin.py:115} INFO - [2024-04-27 09:51:57,970] {dagbag.py:507} INFO - Filling up the DagBag from /home/enrico/Documentos/backup/AULA/Alura/Engenharia de dados/projeto_airflow/airflowalura/venv/lib/python3.9/site-packages/airflow/example_dags/example_sla_dag.py
[2024-04-27 09:51:58,002] {processor.py:651} INFO - DAG(s) dict_keys(['example_sla_dag']) retrieved from /home/enrico/Documentos/backup/AULA/Alura/Engenharia de dados/projeto_airflow/airflowalura/venv/lib/python3.9/site-packages/airflow/example_dags/example_sla_dag.py
[2024-04-27 09:51:58,012] {logging_mixin.py:115} INFO - [2024-04-27 09:51:58,012] {dag.py:2379} INFO - Sync 1 DAGs
[2024-04-27 09:51:58,024] {logging_mixin.py:115} INFO - [2024-04-27 09:51:58,024] {dag.py:2927} INFO - Setting next_dagrun for example_sla_dag to 2024-04-27T12:48:00+00:00, run_after=2024-04-27T12:50:00+00:00
[2024-04-27 09:51:58,035] {processor.py:161} INFO - Processing /home/enrico/Documentos/backup/AULA/Alura/Engenharia de dados/projeto_airflow/airflowalura/venv/lib/python3.9/site-packages/airflow/example_dags/example_sla_dag.py took 0.075 seconds
[2024-04-27 09:52:36,402] {processor.py:153} INFO - Started process (PID=96557) to work on /home/enrico/Documentos/backup/AULA/Alura/Engenharia de dados/projeto_airflow/airflowalura/venv/lib/python3.9/site-packages/airflow/example_dags/example_sla_dag.py
[2024-04-27 09:52:36,406] {processor.py:641} INFO - Processing file /home/enrico/Documentos/backup/AULA/Alura/Engenharia de dados/projeto_airflow/airflowalura/venv/lib/python3.9/site-packages/airflow/example_dags/example_sla_dag.py for tasks to queue
[2024-04-27 09:52:36,407] {logging_mixin.py:115} INFO - [2024-04-27 09:52:36,407] {dagbag.py:507} INFO - Filling up the DagBag from /home/enrico/Documentos/backup/AULA/Alura/Engenharia de dados/projeto_airflow/airflowalura/venv/lib/python3.9/site-packages/airflow/example_dags/example_sla_dag.py
[2024-04-27 09:52:36,432] {processor.py:651} INFO - DAG(s) dict_keys(['example_sla_dag']) retrieved from /home/enrico/Documentos/backup/AULA/Alura/Engenharia de dados/projeto_airflow/airflowalura/venv/lib/python3.9/site-packages/airflow/example_dags/example_sla_dag.py
[2024-04-27 09:52:36,442] {logging_mixin.py:115} INFO - [2024-04-27 09:52:36,442] {dag.py:2379} INFO - Sync 1 DAGs
[2024-04-27 09:52:36,455] {logging_mixin.py:115} INFO - [2024-04-27 09:52:36,455] {dag.py:2927} INFO - Setting next_dagrun for example_sla_dag to 2024-04-27T12:50:00+00:00, run_after=2024-04-27T12:52:00+00:00
[2024-04-27 09:52:36,470] {processor.py:161} INFO - Processing /home/enrico/Documentos/backup/AULA/Alura/Engenharia de dados/projeto_airflow/airflowalura/venv/lib/python3.9/site-packages/airflow/example_dags/example_sla_dag.py took 0.075 seconds
[2024-04-27 09:53:12,597] {processor.py:153} INFO - Started process (PID=96634) to work on /home/enrico/Documentos/backup/AULA/Alura/Engenharia de dados/projeto_airflow/airflowalura/venv/lib/python3.9/site-packages/airflow/example_dags/example_sla_dag.py
[2024-04-27 09:53:12,598] {processor.py:641} INFO - Processing file /home/enrico/Documentos/backup/AULA/Alura/Engenharia de dados/projeto_airflow/airflowalura/venv/lib/python3.9/site-packages/airflow/example_dags/example_sla_dag.py for tasks to queue
[2024-04-27 09:53:12,599] {logging_mixin.py:115} INFO - [2024-04-27 09:53:12,599] {dagbag.py:507} INFO - Filling up the DagBag from /home/enrico/Documentos/backup/AULA/Alura/Engenharia de dados/projeto_airflow/airflowalura/venv/lib/python3.9/site-packages/airflow/example_dags/example_sla_dag.py
[2024-04-27 09:53:12,631] {processor.py:651} INFO - DAG(s) dict_keys(['example_sla_dag']) retrieved from /home/enrico/Documentos/backup/AULA/Alura/Engenharia de dados/projeto_airflow/airflowalura/venv/lib/python3.9/site-packages/airflow/example_dags/example_sla_dag.py
[2024-04-27 09:53:12,641] {logging_mixin.py:115} INFO - [2024-04-27 09:53:12,641] {dag.py:2379} INFO - Sync 1 DAGs
[2024-04-27 09:53:12,652] {logging_mixin.py:115} INFO - [2024-04-27 09:53:12,652] {dag.py:2927} INFO - Setting next_dagrun for example_sla_dag to 2024-04-27T12:50:00+00:00, run_after=2024-04-27T12:52:00+00:00
[2024-04-27 09:53:12,660] {processor.py:161} INFO - Processing /home/enrico/Documentos/backup/AULA/Alura/Engenharia de dados/projeto_airflow/airflowalura/venv/lib/python3.9/site-packages/airflow/example_dags/example_sla_dag.py took 0.069 seconds
[2024-04-27 09:53:48,574] {processor.py:153} INFO - Started process (PID=96686) to work on /home/enrico/Documentos/backup/AULA/Alura/Engenharia de dados/projeto_airflow/airflowalura/venv/lib/python3.9/site-packages/airflow/example_dags/example_sla_dag.py
[2024-04-27 09:53:48,575] {processor.py:641} INFO - Processing file /home/enrico/Documentos/backup/AULA/Alura/Engenharia de dados/projeto_airflow/airflowalura/venv/lib/python3.9/site-packages/airflow/example_dags/example_sla_dag.py for tasks to queue
[2024-04-27 09:53:48,576] {logging_mixin.py:115} INFO - [2024-04-27 09:53:48,576] {dagbag.py:507} INFO - Filling up the DagBag from /home/enrico/Documentos/backup/AULA/Alura/Engenharia de dados/projeto_airflow/airflowalura/venv/lib/python3.9/site-packages/airflow/example_dags/example_sla_dag.py
[2024-04-27 09:53:48,607] {processor.py:651} INFO - DAG(s) dict_keys(['example_sla_dag']) retrieved from /home/enrico/Documentos/backup/AULA/Alura/Engenharia de dados/projeto_airflow/airflowalura/venv/lib/python3.9/site-packages/airflow/example_dags/example_sla_dag.py
[2024-04-27 09:53:48,618] {logging_mixin.py:115} INFO - [2024-04-27 09:53:48,617] {dag.py:2379} INFO - Sync 1 DAGs
[2024-04-27 09:53:48,630] {logging_mixin.py:115} INFO - [2024-04-27 09:53:48,630] {dag.py:2927} INFO - Setting next_dagrun for example_sla_dag to 2024-04-27T12:50:00+00:00, run_after=2024-04-27T12:52:00+00:00
[2024-04-27 09:53:48,639] {processor.py:161} INFO - Processing /home/enrico/Documentos/backup/AULA/Alura/Engenharia de dados/projeto_airflow/airflowalura/venv/lib/python3.9/site-packages/airflow/example_dags/example_sla_dag.py took 0.070 seconds
[2024-04-27 09:54:24,524] {processor.py:153} INFO - Started process (PID=96736) to work on /home/enrico/Documentos/backup/AULA/Alura/Engenharia de dados/projeto_airflow/airflowalura/venv/lib/python3.9/site-packages/airflow/example_dags/example_sla_dag.py
[2024-04-27 09:54:24,525] {processor.py:641} INFO - Processing file /home/enrico/Documentos/backup/AULA/Alura/Engenharia de dados/projeto_airflow/airflowalura/venv/lib/python3.9/site-packages/airflow/example_dags/example_sla_dag.py for tasks to queue
[2024-04-27 09:54:24,525] {logging_mixin.py:115} INFO - [2024-04-27 09:54:24,525] {dagbag.py:507} INFO - Filling up the DagBag from /home/enrico/Documentos/backup/AULA/Alura/Engenharia de dados/projeto_airflow/airflowalura/venv/lib/python3.9/site-packages/airflow/example_dags/example_sla_dag.py
[2024-04-27 09:54:24,538] {processor.py:651} INFO - DAG(s) dict_keys(['example_sla_dag']) retrieved from /home/enrico/Documentos/backup/AULA/Alura/Engenharia de dados/projeto_airflow/airflowalura/venv/lib/python3.9/site-packages/airflow/example_dags/example_sla_dag.py
[2024-04-27 09:54:24,546] {logging_mixin.py:115} INFO - [2024-04-27 09:54:24,546] {dag.py:2379} INFO - Sync 1 DAGs
[2024-04-27 09:54:24,557] {logging_mixin.py:115} INFO - [2024-04-27 09:54:24,557] {dag.py:2927} INFO - Setting next_dagrun for example_sla_dag to 2024-04-27T12:52:00+00:00, run_after=2024-04-27T12:54:00+00:00
[2024-04-27 09:54:24,565] {processor.py:161} INFO - Processing /home/enrico/Documentos/backup/AULA/Alura/Engenharia de dados/projeto_airflow/airflowalura/venv/lib/python3.9/site-packages/airflow/example_dags/example_sla_dag.py took 0.042 seconds
[2024-04-27 09:54:59,335] {processor.py:153} INFO - Started process (PID=96791) to work on /home/enrico/Documentos/backup/AULA/Alura/Engenharia de dados/projeto_airflow/airflowalura/venv/lib/python3.9/site-packages/airflow/example_dags/example_sla_dag.py
[2024-04-27 09:54:59,338] {processor.py:641} INFO - Processing file /home/enrico/Documentos/backup/AULA/Alura/Engenharia de dados/projeto_airflow/airflowalura/venv/lib/python3.9/site-packages/airflow/example_dags/example_sla_dag.py for tasks to queue
[2024-04-27 09:54:59,338] {logging_mixin.py:115} INFO - [2024-04-27 09:54:59,338] {dagbag.py:507} INFO - Filling up the DagBag from /home/enrico/Documentos/backup/AULA/Alura/Engenharia de dados/projeto_airflow/airflowalura/venv/lib/python3.9/site-packages/airflow/example_dags/example_sla_dag.py
[2024-04-27 09:54:59,355] {processor.py:651} INFO - DAG(s) dict_keys(['example_sla_dag']) retrieved from /home/enrico/Documentos/backup/AULA/Alura/Engenharia de dados/projeto_airflow/airflowalura/venv/lib/python3.9/site-packages/airflow/example_dags/example_sla_dag.py
[2024-04-27 09:54:59,362] {logging_mixin.py:115} INFO - [2024-04-27 09:54:59,362] {dag.py:2379} INFO - Sync 1 DAGs
[2024-04-27 09:54:59,372] {logging_mixin.py:115} INFO - [2024-04-27 09:54:59,372] {dag.py:2927} INFO - Setting next_dagrun for example_sla_dag to 2024-04-27T12:52:00+00:00, run_after=2024-04-27T12:54:00+00:00
[2024-04-27 09:54:59,383] {processor.py:161} INFO - Processing /home/enrico/Documentos/backup/AULA/Alura/Engenharia de dados/projeto_airflow/airflowalura/venv/lib/python3.9/site-packages/airflow/example_dags/example_sla_dag.py took 0.051 seconds
[2024-04-27 09:55:37,850] {processor.py:153} INFO - Started process (PID=96862) to work on /home/enrico/Documentos/backup/AULA/Alura/Engenharia de dados/projeto_airflow/airflowalura/venv/lib/python3.9/site-packages/airflow/example_dags/example_sla_dag.py
[2024-04-27 09:55:37,854] {processor.py:641} INFO - Processing file /home/enrico/Documentos/backup/AULA/Alura/Engenharia de dados/projeto_airflow/airflowalura/venv/lib/python3.9/site-packages/airflow/example_dags/example_sla_dag.py for tasks to queue
[2024-04-27 09:55:37,855] {logging_mixin.py:115} INFO - [2024-04-27 09:55:37,855] {dagbag.py:507} INFO - Filling up the DagBag from /home/enrico/Documentos/backup/AULA/Alura/Engenharia de dados/projeto_airflow/airflowalura/venv/lib/python3.9/site-packages/airflow/example_dags/example_sla_dag.py
[2024-04-27 09:55:37,889] {processor.py:651} INFO - DAG(s) dict_keys(['example_sla_dag']) retrieved from /home/enrico/Documentos/backup/AULA/Alura/Engenharia de dados/projeto_airflow/airflowalura/venv/lib/python3.9/site-packages/airflow/example_dags/example_sla_dag.py
[2024-04-27 09:55:37,900] {logging_mixin.py:115} INFO - [2024-04-27 09:55:37,900] {dag.py:2379} INFO - Sync 1 DAGs
[2024-04-27 09:55:37,913] {logging_mixin.py:115} INFO - [2024-04-27 09:55:37,913] {dag.py:2927} INFO - Setting next_dagrun for example_sla_dag to 2024-04-27T12:52:00+00:00, run_after=2024-04-27T12:54:00+00:00
[2024-04-27 09:55:37,925] {processor.py:161} INFO - Processing /home/enrico/Documentos/backup/AULA/Alura/Engenharia de dados/projeto_airflow/airflowalura/venv/lib/python3.9/site-packages/airflow/example_dags/example_sla_dag.py took 0.080 seconds
[2024-04-27 09:56:16,381] {processor.py:153} INFO - Started process (PID=96941) to work on /home/enrico/Documentos/backup/AULA/Alura/Engenharia de dados/projeto_airflow/airflowalura/venv/lib/python3.9/site-packages/airflow/example_dags/example_sla_dag.py
[2024-04-27 09:56:16,383] {processor.py:641} INFO - Processing file /home/enrico/Documentos/backup/AULA/Alura/Engenharia de dados/projeto_airflow/airflowalura/venv/lib/python3.9/site-packages/airflow/example_dags/example_sla_dag.py for tasks to queue
[2024-04-27 09:56:16,384] {logging_mixin.py:115} INFO - [2024-04-27 09:56:16,384] {dagbag.py:507} INFO - Filling up the DagBag from /home/enrico/Documentos/backup/AULA/Alura/Engenharia de dados/projeto_airflow/airflowalura/venv/lib/python3.9/site-packages/airflow/example_dags/example_sla_dag.py
[2024-04-27 09:56:16,415] {processor.py:651} INFO - DAG(s) dict_keys(['example_sla_dag']) retrieved from /home/enrico/Documentos/backup/AULA/Alura/Engenharia de dados/projeto_airflow/airflowalura/venv/lib/python3.9/site-packages/airflow/example_dags/example_sla_dag.py
[2024-04-27 09:56:16,425] {logging_mixin.py:115} INFO - [2024-04-27 09:56:16,425] {dag.py:2379} INFO - Sync 1 DAGs
[2024-04-27 09:56:16,438] {logging_mixin.py:115} INFO - [2024-04-27 09:56:16,438] {dag.py:2927} INFO - Setting next_dagrun for example_sla_dag to 2024-04-27T12:54:00+00:00, run_after=2024-04-27T12:56:00+00:00
[2024-04-27 09:56:16,447] {processor.py:161} INFO - Processing /home/enrico/Documentos/backup/AULA/Alura/Engenharia de dados/projeto_airflow/airflowalura/venv/lib/python3.9/site-packages/airflow/example_dags/example_sla_dag.py took 0.071 seconds
[2024-04-27 09:56:51,218] {processor.py:153} INFO - Started process (PID=96993) to work on /home/enrico/Documentos/backup/AULA/Alura/Engenharia de dados/projeto_airflow/airflowalura/venv/lib/python3.9/site-packages/airflow/example_dags/example_sla_dag.py
[2024-04-27 09:56:51,221] {processor.py:641} INFO - Processing file /home/enrico/Documentos/backup/AULA/Alura/Engenharia de dados/projeto_airflow/airflowalura/venv/lib/python3.9/site-packages/airflow/example_dags/example_sla_dag.py for tasks to queue
[2024-04-27 09:56:51,222] {logging_mixin.py:115} INFO - [2024-04-27 09:56:51,221] {dagbag.py:507} INFO - Filling up the DagBag from /home/enrico/Documentos/backup/AULA/Alura/Engenharia de dados/projeto_airflow/airflowalura/venv/lib/python3.9/site-packages/airflow/example_dags/example_sla_dag.py
[2024-04-27 09:56:51,232] {processor.py:651} INFO - DAG(s) dict_keys(['example_sla_dag']) retrieved from /home/enrico/Documentos/backup/AULA/Alura/Engenharia de dados/projeto_airflow/airflowalura/venv/lib/python3.9/site-packages/airflow/example_dags/example_sla_dag.py
[2024-04-27 09:56:51,239] {logging_mixin.py:115} INFO - [2024-04-27 09:56:51,239] {dag.py:2379} INFO - Sync 1 DAGs
[2024-04-27 09:56:51,250] {logging_mixin.py:115} INFO - [2024-04-27 09:56:51,250] {dag.py:2927} INFO - Setting next_dagrun for example_sla_dag to 2024-04-27T12:54:00+00:00, run_after=2024-04-27T12:56:00+00:00
[2024-04-27 09:56:51,259] {processor.py:161} INFO - Processing /home/enrico/Documentos/backup/AULA/Alura/Engenharia de dados/projeto_airflow/airflowalura/venv/lib/python3.9/site-packages/airflow/example_dags/example_sla_dag.py took 0.042 seconds
[2024-04-27 09:57:29,801] {processor.py:153} INFO - Started process (PID=97107) to work on /home/enrico/Documentos/backup/AULA/Alura/Engenharia de dados/projeto_airflow/airflowalura/venv/lib/python3.9/site-packages/airflow/example_dags/example_sla_dag.py
[2024-04-27 09:57:29,802] {processor.py:641} INFO - Processing file /home/enrico/Documentos/backup/AULA/Alura/Engenharia de dados/projeto_airflow/airflowalura/venv/lib/python3.9/site-packages/airflow/example_dags/example_sla_dag.py for tasks to queue
[2024-04-27 09:57:29,803] {logging_mixin.py:115} INFO - [2024-04-27 09:57:29,803] {dagbag.py:507} INFO - Filling up the DagBag from /home/enrico/Documentos/backup/AULA/Alura/Engenharia de dados/projeto_airflow/airflowalura/venv/lib/python3.9/site-packages/airflow/example_dags/example_sla_dag.py
[2024-04-27 09:57:29,835] {processor.py:651} INFO - DAG(s) dict_keys(['example_sla_dag']) retrieved from /home/enrico/Documentos/backup/AULA/Alura/Engenharia de dados/projeto_airflow/airflowalura/venv/lib/python3.9/site-packages/airflow/example_dags/example_sla_dag.py
[2024-04-27 09:57:29,846] {logging_mixin.py:115} INFO - [2024-04-27 09:57:29,846] {dag.py:2379} INFO - Sync 1 DAGs
[2024-04-27 09:57:29,858] {logging_mixin.py:115} INFO - [2024-04-27 09:57:29,858] {dag.py:2927} INFO - Setting next_dagrun for example_sla_dag to 2024-04-27T12:54:00+00:00, run_after=2024-04-27T12:56:00+00:00
[2024-04-27 09:57:29,867] {processor.py:161} INFO - Processing /home/enrico/Documentos/backup/AULA/Alura/Engenharia de dados/projeto_airflow/airflowalura/venv/lib/python3.9/site-packages/airflow/example_dags/example_sla_dag.py took 0.071 seconds
[2024-04-27 09:58:04,431] {processor.py:153} INFO - Started process (PID=97166) to work on /home/enrico/Documentos/backup/AULA/Alura/Engenharia de dados/projeto_airflow/airflowalura/venv/lib/python3.9/site-packages/airflow/example_dags/example_sla_dag.py
[2024-04-27 09:58:04,431] {processor.py:641} INFO - Processing file /home/enrico/Documentos/backup/AULA/Alura/Engenharia de dados/projeto_airflow/airflowalura/venv/lib/python3.9/site-packages/airflow/example_dags/example_sla_dag.py for tasks to queue
[2024-04-27 09:58:04,431] {logging_mixin.py:115} INFO - [2024-04-27 09:58:04,431] {dagbag.py:507} INFO - Filling up the DagBag from /home/enrico/Documentos/backup/AULA/Alura/Engenharia de dados/projeto_airflow/airflowalura/venv/lib/python3.9/site-packages/airflow/example_dags/example_sla_dag.py
[2024-04-27 09:58:04,442] {processor.py:651} INFO - DAG(s) dict_keys(['example_sla_dag']) retrieved from /home/enrico/Documentos/backup/AULA/Alura/Engenharia de dados/projeto_airflow/airflowalura/venv/lib/python3.9/site-packages/airflow/example_dags/example_sla_dag.py
[2024-04-27 09:58:04,450] {logging_mixin.py:115} INFO - [2024-04-27 09:58:04,450] {dag.py:2379} INFO - Sync 1 DAGs
[2024-04-27 09:58:04,461] {logging_mixin.py:115} INFO - [2024-04-27 09:58:04,461] {dag.py:2927} INFO - Setting next_dagrun for example_sla_dag to 2024-04-27T12:56:00+00:00, run_after=2024-04-27T12:58:00+00:00
[2024-04-27 09:58:04,472] {processor.py:161} INFO - Processing /home/enrico/Documentos/backup/AULA/Alura/Engenharia de dados/projeto_airflow/airflowalura/venv/lib/python3.9/site-packages/airflow/example_dags/example_sla_dag.py took 0.043 seconds
[2024-04-27 09:58:39,189] {processor.py:153} INFO - Started process (PID=97226) to work on /home/enrico/Documentos/backup/AULA/Alura/Engenharia de dados/projeto_airflow/airflowalura/venv/lib/python3.9/site-packages/airflow/example_dags/example_sla_dag.py
[2024-04-27 09:58:39,192] {processor.py:641} INFO - Processing file /home/enrico/Documentos/backup/AULA/Alura/Engenharia de dados/projeto_airflow/airflowalura/venv/lib/python3.9/site-packages/airflow/example_dags/example_sla_dag.py for tasks to queue
[2024-04-27 09:58:39,192] {logging_mixin.py:115} INFO - [2024-04-27 09:58:39,192] {dagbag.py:507} INFO - Filling up the DagBag from /home/enrico/Documentos/backup/AULA/Alura/Engenharia de dados/projeto_airflow/airflowalura/venv/lib/python3.9/site-packages/airflow/example_dags/example_sla_dag.py
[2024-04-27 09:58:39,202] {processor.py:651} INFO - DAG(s) dict_keys(['example_sla_dag']) retrieved from /home/enrico/Documentos/backup/AULA/Alura/Engenharia de dados/projeto_airflow/airflowalura/venv/lib/python3.9/site-packages/airflow/example_dags/example_sla_dag.py
[2024-04-27 09:58:39,209] {logging_mixin.py:115} INFO - [2024-04-27 09:58:39,209] {dag.py:2379} INFO - Sync 1 DAGs
[2024-04-27 09:58:39,220] {logging_mixin.py:115} INFO - [2024-04-27 09:58:39,220] {dag.py:2927} INFO - Setting next_dagrun for example_sla_dag to 2024-04-27T12:56:00+00:00, run_after=2024-04-27T12:58:00+00:00
[2024-04-27 09:58:39,229] {processor.py:161} INFO - Processing /home/enrico/Documentos/backup/AULA/Alura/Engenharia de dados/projeto_airflow/airflowalura/venv/lib/python3.9/site-packages/airflow/example_dags/example_sla_dag.py took 0.042 seconds
[2024-04-27 09:59:15,792] {processor.py:153} INFO - Started process (PID=97297) to work on /home/enrico/Documentos/backup/AULA/Alura/Engenharia de dados/projeto_airflow/airflowalura/venv/lib/python3.9/site-packages/airflow/example_dags/example_sla_dag.py
[2024-04-27 09:59:15,795] {processor.py:641} INFO - Processing file /home/enrico/Documentos/backup/AULA/Alura/Engenharia de dados/projeto_airflow/airflowalura/venv/lib/python3.9/site-packages/airflow/example_dags/example_sla_dag.py for tasks to queue
[2024-04-27 09:59:15,796] {logging_mixin.py:115} INFO - [2024-04-27 09:59:15,796] {dagbag.py:507} INFO - Filling up the DagBag from /home/enrico/Documentos/backup/AULA/Alura/Engenharia de dados/projeto_airflow/airflowalura/venv/lib/python3.9/site-packages/airflow/example_dags/example_sla_dag.py
[2024-04-27 09:59:15,835] {processor.py:651} INFO - DAG(s) dict_keys(['example_sla_dag']) retrieved from /home/enrico/Documentos/backup/AULA/Alura/Engenharia de dados/projeto_airflow/airflowalura/venv/lib/python3.9/site-packages/airflow/example_dags/example_sla_dag.py
[2024-04-27 09:59:15,847] {logging_mixin.py:115} INFO - [2024-04-27 09:59:15,847] {dag.py:2379} INFO - Sync 1 DAGs
[2024-04-27 09:59:15,866] {logging_mixin.py:115} INFO - [2024-04-27 09:59:15,865] {dag.py:2927} INFO - Setting next_dagrun for example_sla_dag to 2024-04-27T12:56:00+00:00, run_after=2024-04-27T12:58:00+00:00
[2024-04-27 09:59:15,876] {processor.py:161} INFO - Processing /home/enrico/Documentos/backup/AULA/Alura/Engenharia de dados/projeto_airflow/airflowalura/venv/lib/python3.9/site-packages/airflow/example_dags/example_sla_dag.py took 0.086 seconds
[2024-04-27 09:59:51,234] {processor.py:153} INFO - Started process (PID=97348) to work on /home/enrico/Documentos/backup/AULA/Alura/Engenharia de dados/projeto_airflow/airflowalura/venv/lib/python3.9/site-packages/airflow/example_dags/example_sla_dag.py
[2024-04-27 09:59:51,236] {processor.py:641} INFO - Processing file /home/enrico/Documentos/backup/AULA/Alura/Engenharia de dados/projeto_airflow/airflowalura/venv/lib/python3.9/site-packages/airflow/example_dags/example_sla_dag.py for tasks to queue
[2024-04-27 09:59:51,237] {logging_mixin.py:115} INFO - [2024-04-27 09:59:51,236] {dagbag.py:507} INFO - Filling up the DagBag from /home/enrico/Documentos/backup/AULA/Alura/Engenharia de dados/projeto_airflow/airflowalura/venv/lib/python3.9/site-packages/airflow/example_dags/example_sla_dag.py
[2024-04-27 09:59:51,268] {processor.py:651} INFO - DAG(s) dict_keys(['example_sla_dag']) retrieved from /home/enrico/Documentos/backup/AULA/Alura/Engenharia de dados/projeto_airflow/airflowalura/venv/lib/python3.9/site-packages/airflow/example_dags/example_sla_dag.py
[2024-04-27 09:59:51,279] {logging_mixin.py:115} INFO - [2024-04-27 09:59:51,279] {dag.py:2379} INFO - Sync 1 DAGs
[2024-04-27 09:59:51,291] {logging_mixin.py:115} INFO - [2024-04-27 09:59:51,291] {dag.py:2927} INFO - Setting next_dagrun for example_sla_dag to 2024-04-27T12:56:00+00:00, run_after=2024-04-27T12:58:00+00:00
[2024-04-27 09:59:51,300] {processor.py:161} INFO - Processing /home/enrico/Documentos/backup/AULA/Alura/Engenharia de dados/projeto_airflow/airflowalura/venv/lib/python3.9/site-packages/airflow/example_dags/example_sla_dag.py took 0.072 seconds
[2024-04-27 10:00:24,890] {processor.py:153} INFO - Started process (PID=97401) to work on /home/enrico/Documentos/backup/AULA/Alura/Engenharia de dados/projeto_airflow/airflowalura/venv/lib/python3.9/site-packages/airflow/example_dags/example_sla_dag.py
[2024-04-27 10:00:24,894] {processor.py:641} INFO - Processing file /home/enrico/Documentos/backup/AULA/Alura/Engenharia de dados/projeto_airflow/airflowalura/venv/lib/python3.9/site-packages/airflow/example_dags/example_sla_dag.py for tasks to queue
[2024-04-27 10:00:24,894] {logging_mixin.py:115} INFO - [2024-04-27 10:00:24,894] {dagbag.py:507} INFO - Filling up the DagBag from /home/enrico/Documentos/backup/AULA/Alura/Engenharia de dados/projeto_airflow/airflowalura/venv/lib/python3.9/site-packages/airflow/example_dags/example_sla_dag.py
[2024-04-27 10:00:24,915] {processor.py:651} INFO - DAG(s) dict_keys(['example_sla_dag']) retrieved from /home/enrico/Documentos/backup/AULA/Alura/Engenharia de dados/projeto_airflow/airflowalura/venv/lib/python3.9/site-packages/airflow/example_dags/example_sla_dag.py
[2024-04-27 10:00:24,924] {logging_mixin.py:115} INFO - [2024-04-27 10:00:24,924] {dag.py:2379} INFO - Sync 1 DAGs
[2024-04-27 10:00:24,936] {logging_mixin.py:115} INFO - [2024-04-27 10:00:24,936] {dag.py:2927} INFO - Setting next_dagrun for example_sla_dag to 2024-04-27T12:58:00+00:00, run_after=2024-04-27T13:00:00+00:00
[2024-04-27 10:00:24,945] {processor.py:161} INFO - Processing /home/enrico/Documentos/backup/AULA/Alura/Engenharia de dados/projeto_airflow/airflowalura/venv/lib/python3.9/site-packages/airflow/example_dags/example_sla_dag.py took 0.061 seconds
[2024-04-27 10:01:01,706] {processor.py:153} INFO - Started process (PID=97451) to work on /home/enrico/Documentos/backup/AULA/Alura/Engenharia de dados/projeto_airflow/airflowalura/venv/lib/python3.9/site-packages/airflow/example_dags/example_sla_dag.py
[2024-04-27 10:01:01,709] {processor.py:641} INFO - Processing file /home/enrico/Documentos/backup/AULA/Alura/Engenharia de dados/projeto_airflow/airflowalura/venv/lib/python3.9/site-packages/airflow/example_dags/example_sla_dag.py for tasks to queue
[2024-04-27 10:01:01,709] {logging_mixin.py:115} INFO - [2024-04-27 10:01:01,709] {dagbag.py:507} INFO - Filling up the DagBag from /home/enrico/Documentos/backup/AULA/Alura/Engenharia de dados/projeto_airflow/airflowalura/venv/lib/python3.9/site-packages/airflow/example_dags/example_sla_dag.py
[2024-04-27 10:01:01,719] {processor.py:651} INFO - DAG(s) dict_keys(['example_sla_dag']) retrieved from /home/enrico/Documentos/backup/AULA/Alura/Engenharia de dados/projeto_airflow/airflowalura/venv/lib/python3.9/site-packages/airflow/example_dags/example_sla_dag.py
[2024-04-27 10:01:01,726] {logging_mixin.py:115} INFO - [2024-04-27 10:01:01,726] {dag.py:2379} INFO - Sync 1 DAGs
[2024-04-27 10:01:01,737] {logging_mixin.py:115} INFO - [2024-04-27 10:01:01,737] {dag.py:2927} INFO - Setting next_dagrun for example_sla_dag to 2024-04-27T12:58:00+00:00, run_after=2024-04-27T13:00:00+00:00
[2024-04-27 10:01:01,747] {processor.py:161} INFO - Processing /home/enrico/Documentos/backup/AULA/Alura/Engenharia de dados/projeto_airflow/airflowalura/venv/lib/python3.9/site-packages/airflow/example_dags/example_sla_dag.py took 0.043 seconds
[2024-04-27 10:01:39,035] {processor.py:153} INFO - Started process (PID=97529) to work on /home/enrico/Documentos/backup/AULA/Alura/Engenharia de dados/projeto_airflow/airflowalura/venv/lib/python3.9/site-packages/airflow/example_dags/example_sla_dag.py
[2024-04-27 10:01:39,038] {processor.py:641} INFO - Processing file /home/enrico/Documentos/backup/AULA/Alura/Engenharia de dados/projeto_airflow/airflowalura/venv/lib/python3.9/site-packages/airflow/example_dags/example_sla_dag.py for tasks to queue
[2024-04-27 10:01:39,038] {logging_mixin.py:115} INFO - [2024-04-27 10:01:39,038] {dagbag.py:507} INFO - Filling up the DagBag from /home/enrico/Documentos/backup/AULA/Alura/Engenharia de dados/projeto_airflow/airflowalura/venv/lib/python3.9/site-packages/airflow/example_dags/example_sla_dag.py
[2024-04-27 10:01:39,051] {processor.py:651} INFO - DAG(s) dict_keys(['example_sla_dag']) retrieved from /home/enrico/Documentos/backup/AULA/Alura/Engenharia de dados/projeto_airflow/airflowalura/venv/lib/python3.9/site-packages/airflow/example_dags/example_sla_dag.py
[2024-04-27 10:01:39,059] {logging_mixin.py:115} INFO - [2024-04-27 10:01:39,059] {dag.py:2379} INFO - Sync 1 DAGs
[2024-04-27 10:01:39,071] {logging_mixin.py:115} INFO - [2024-04-27 10:01:39,071] {dag.py:2927} INFO - Setting next_dagrun for example_sla_dag to 2024-04-27T12:58:00+00:00, run_after=2024-04-27T13:00:00+00:00
[2024-04-27 10:01:39,083] {processor.py:161} INFO - Processing /home/enrico/Documentos/backup/AULA/Alura/Engenharia de dados/projeto_airflow/airflowalura/venv/lib/python3.9/site-packages/airflow/example_dags/example_sla_dag.py took 0.049 seconds
[2024-04-27 10:02:14,010] {processor.py:153} INFO - Started process (PID=97583) to work on /home/enrico/Documentos/backup/AULA/Alura/Engenharia de dados/projeto_airflow/airflowalura/venv/lib/python3.9/site-packages/airflow/example_dags/example_sla_dag.py
[2024-04-27 10:02:14,012] {processor.py:641} INFO - Processing file /home/enrico/Documentos/backup/AULA/Alura/Engenharia de dados/projeto_airflow/airflowalura/venv/lib/python3.9/site-packages/airflow/example_dags/example_sla_dag.py for tasks to queue
[2024-04-27 10:02:14,013] {logging_mixin.py:115} INFO - [2024-04-27 10:02:14,013] {dagbag.py:507} INFO - Filling up the DagBag from /home/enrico/Documentos/backup/AULA/Alura/Engenharia de dados/projeto_airflow/airflowalura/venv/lib/python3.9/site-packages/airflow/example_dags/example_sla_dag.py
[2024-04-27 10:02:14,024] {processor.py:651} INFO - DAG(s) dict_keys(['example_sla_dag']) retrieved from /home/enrico/Documentos/backup/AULA/Alura/Engenharia de dados/projeto_airflow/airflowalura/venv/lib/python3.9/site-packages/airflow/example_dags/example_sla_dag.py
[2024-04-27 10:02:14,031] {logging_mixin.py:115} INFO - [2024-04-27 10:02:14,031] {dag.py:2379} INFO - Sync 1 DAGs
[2024-04-27 10:02:14,043] {logging_mixin.py:115} INFO - [2024-04-27 10:02:14,043] {dag.py:2927} INFO - Setting next_dagrun for example_sla_dag to 2024-04-27T13:00:00+00:00, run_after=2024-04-27T13:02:00+00:00
[2024-04-27 10:02:14,053] {processor.py:161} INFO - Processing /home/enrico/Documentos/backup/AULA/Alura/Engenharia de dados/projeto_airflow/airflowalura/venv/lib/python3.9/site-packages/airflow/example_dags/example_sla_dag.py took 0.045 seconds
[2024-04-27 10:02:50,122] {processor.py:153} INFO - Started process (PID=97813) to work on /home/enrico/Documentos/backup/AULA/Alura/Engenharia de dados/projeto_airflow/airflowalura/venv/lib/python3.9/site-packages/airflow/example_dags/example_sla_dag.py
[2024-04-27 10:02:50,122] {processor.py:641} INFO - Processing file /home/enrico/Documentos/backup/AULA/Alura/Engenharia de dados/projeto_airflow/airflowalura/venv/lib/python3.9/site-packages/airflow/example_dags/example_sla_dag.py for tasks to queue
[2024-04-27 10:02:50,122] {logging_mixin.py:115} INFO - [2024-04-27 10:02:50,122] {dagbag.py:507} INFO - Filling up the DagBag from /home/enrico/Documentos/backup/AULA/Alura/Engenharia de dados/projeto_airflow/airflowalura/venv/lib/python3.9/site-packages/airflow/example_dags/example_sla_dag.py
[2024-04-27 10:02:50,133] {processor.py:651} INFO - DAG(s) dict_keys(['example_sla_dag']) retrieved from /home/enrico/Documentos/backup/AULA/Alura/Engenharia de dados/projeto_airflow/airflowalura/venv/lib/python3.9/site-packages/airflow/example_dags/example_sla_dag.py
[2024-04-27 10:02:50,142] {logging_mixin.py:115} INFO - [2024-04-27 10:02:50,142] {dag.py:2379} INFO - Sync 1 DAGs
[2024-04-27 10:02:50,154] {logging_mixin.py:115} INFO - [2024-04-27 10:02:50,154] {dag.py:2927} INFO - Setting next_dagrun for example_sla_dag to 2024-04-27T13:00:00+00:00, run_after=2024-04-27T13:02:00+00:00
[2024-04-27 10:02:50,163] {processor.py:161} INFO - Processing /home/enrico/Documentos/backup/AULA/Alura/Engenharia de dados/projeto_airflow/airflowalura/venv/lib/python3.9/site-packages/airflow/example_dags/example_sla_dag.py took 0.042 seconds
[2024-04-27 10:03:24,770] {processor.py:153} INFO - Started process (PID=98025) to work on /home/enrico/Documentos/backup/AULA/Alura/Engenharia de dados/projeto_airflow/airflowalura/venv/lib/python3.9/site-packages/airflow/example_dags/example_sla_dag.py
[2024-04-27 10:03:24,773] {processor.py:641} INFO - Processing file /home/enrico/Documentos/backup/AULA/Alura/Engenharia de dados/projeto_airflow/airflowalura/venv/lib/python3.9/site-packages/airflow/example_dags/example_sla_dag.py for tasks to queue
[2024-04-27 10:03:24,774] {logging_mixin.py:115} INFO - [2024-04-27 10:03:24,774] {dagbag.py:507} INFO - Filling up the DagBag from /home/enrico/Documentos/backup/AULA/Alura/Engenharia de dados/projeto_airflow/airflowalura/venv/lib/python3.9/site-packages/airflow/example_dags/example_sla_dag.py
[2024-04-27 10:03:24,803] {processor.py:651} INFO - DAG(s) dict_keys(['example_sla_dag']) retrieved from /home/enrico/Documentos/backup/AULA/Alura/Engenharia de dados/projeto_airflow/airflowalura/venv/lib/python3.9/site-packages/airflow/example_dags/example_sla_dag.py
[2024-04-27 10:03:24,813] {logging_mixin.py:115} INFO - [2024-04-27 10:03:24,813] {dag.py:2379} INFO - Sync 1 DAGs
[2024-04-27 10:03:24,825] {logging_mixin.py:115} INFO - [2024-04-27 10:03:24,825] {dag.py:2927} INFO - Setting next_dagrun for example_sla_dag to 2024-04-27T13:00:00+00:00, run_after=2024-04-27T13:02:00+00:00
[2024-04-27 10:03:24,835] {processor.py:161} INFO - Processing /home/enrico/Documentos/backup/AULA/Alura/Engenharia de dados/projeto_airflow/airflowalura/venv/lib/python3.9/site-packages/airflow/example_dags/example_sla_dag.py took 0.070 seconds
[2024-04-27 10:04:01,154] {processor.py:153} INFO - Started process (PID=98240) to work on /home/enrico/Documentos/backup/AULA/Alura/Engenharia de dados/projeto_airflow/airflowalura/venv/lib/python3.9/site-packages/airflow/example_dags/example_sla_dag.py
[2024-04-27 10:04:01,156] {processor.py:641} INFO - Processing file /home/enrico/Documentos/backup/AULA/Alura/Engenharia de dados/projeto_airflow/airflowalura/venv/lib/python3.9/site-packages/airflow/example_dags/example_sla_dag.py for tasks to queue
[2024-04-27 10:04:01,157] {logging_mixin.py:115} INFO - [2024-04-27 10:04:01,157] {dagbag.py:507} INFO - Filling up the DagBag from /home/enrico/Documentos/backup/AULA/Alura/Engenharia de dados/projeto_airflow/airflowalura/venv/lib/python3.9/site-packages/airflow/example_dags/example_sla_dag.py
[2024-04-27 10:04:01,167] {processor.py:651} INFO - DAG(s) dict_keys(['example_sla_dag']) retrieved from /home/enrico/Documentos/backup/AULA/Alura/Engenharia de dados/projeto_airflow/airflowalura/venv/lib/python3.9/site-packages/airflow/example_dags/example_sla_dag.py
[2024-04-27 10:04:01,174] {logging_mixin.py:115} INFO - [2024-04-27 10:04:01,174] {dag.py:2379} INFO - Sync 1 DAGs
[2024-04-27 10:04:01,186] {logging_mixin.py:115} INFO - [2024-04-27 10:04:01,186] {dag.py:2927} INFO - Setting next_dagrun for example_sla_dag to 2024-04-27T13:02:00+00:00, run_after=2024-04-27T13:04:00+00:00
[2024-04-27 10:04:01,199] {processor.py:161} INFO - Processing /home/enrico/Documentos/backup/AULA/Alura/Engenharia de dados/projeto_airflow/airflowalura/venv/lib/python3.9/site-packages/airflow/example_dags/example_sla_dag.py took 0.047 seconds
[2024-04-27 10:04:38,690] {processor.py:153} INFO - Started process (PID=98491) to work on /home/enrico/Documentos/backup/AULA/Alura/Engenharia de dados/projeto_airflow/airflowalura/venv/lib/python3.9/site-packages/airflow/example_dags/example_sla_dag.py
[2024-04-27 10:04:38,693] {processor.py:641} INFO - Processing file /home/enrico/Documentos/backup/AULA/Alura/Engenharia de dados/projeto_airflow/airflowalura/venv/lib/python3.9/site-packages/airflow/example_dags/example_sla_dag.py for tasks to queue
[2024-04-27 10:04:38,693] {logging_mixin.py:115} INFO - [2024-04-27 10:04:38,693] {dagbag.py:507} INFO - Filling up the DagBag from /home/enrico/Documentos/backup/AULA/Alura/Engenharia de dados/projeto_airflow/airflowalura/venv/lib/python3.9/site-packages/airflow/example_dags/example_sla_dag.py
[2024-04-27 10:04:38,705] {processor.py:651} INFO - DAG(s) dict_keys(['example_sla_dag']) retrieved from /home/enrico/Documentos/backup/AULA/Alura/Engenharia de dados/projeto_airflow/airflowalura/venv/lib/python3.9/site-packages/airflow/example_dags/example_sla_dag.py
[2024-04-27 10:04:38,713] {logging_mixin.py:115} INFO - [2024-04-27 10:04:38,713] {dag.py:2379} INFO - Sync 1 DAGs
[2024-04-27 10:04:38,725] {logging_mixin.py:115} INFO - [2024-04-27 10:04:38,725] {dag.py:2927} INFO - Setting next_dagrun for example_sla_dag to 2024-04-27T13:02:00+00:00, run_after=2024-04-27T13:04:00+00:00
[2024-04-27 10:04:38,735] {processor.py:161} INFO - Processing /home/enrico/Documentos/backup/AULA/Alura/Engenharia de dados/projeto_airflow/airflowalura/venv/lib/python3.9/site-packages/airflow/example_dags/example_sla_dag.py took 0.046 seconds
[2024-04-27 10:05:14,512] {processor.py:153} INFO - Started process (PID=98831) to work on /home/enrico/Documentos/backup/AULA/Alura/Engenharia de dados/projeto_airflow/airflowalura/venv/lib/python3.9/site-packages/airflow/example_dags/example_sla_dag.py
[2024-04-27 10:05:14,513] {processor.py:641} INFO - Processing file /home/enrico/Documentos/backup/AULA/Alura/Engenharia de dados/projeto_airflow/airflowalura/venv/lib/python3.9/site-packages/airflow/example_dags/example_sla_dag.py for tasks to queue
[2024-04-27 10:05:14,513] {logging_mixin.py:115} INFO - [2024-04-27 10:05:14,513] {dagbag.py:507} INFO - Filling up the DagBag from /home/enrico/Documentos/backup/AULA/Alura/Engenharia de dados/projeto_airflow/airflowalura/venv/lib/python3.9/site-packages/airflow/example_dags/example_sla_dag.py
[2024-04-27 10:05:14,522] {processor.py:651} INFO - DAG(s) dict_keys(['example_sla_dag']) retrieved from /home/enrico/Documentos/backup/AULA/Alura/Engenharia de dados/projeto_airflow/airflowalura/venv/lib/python3.9/site-packages/airflow/example_dags/example_sla_dag.py
[2024-04-27 10:05:14,532] {logging_mixin.py:115} INFO - [2024-04-27 10:05:14,532] {dag.py:2379} INFO - Sync 1 DAGs
[2024-04-27 10:05:14,543] {logging_mixin.py:115} INFO - [2024-04-27 10:05:14,543] {dag.py:2927} INFO - Setting next_dagrun for example_sla_dag to 2024-04-27T13:02:00+00:00, run_after=2024-04-27T13:04:00+00:00
[2024-04-27 10:05:14,552] {processor.py:161} INFO - Processing /home/enrico/Documentos/backup/AULA/Alura/Engenharia de dados/projeto_airflow/airflowalura/venv/lib/python3.9/site-packages/airflow/example_dags/example_sla_dag.py took 0.041 seconds
