[2024-04-27 09:50:19,377] {processor.py:153} INFO - Started process (PID=95932) to work on /home/enrico/Documentos/backup/AULA/Alura/Engenharia de dados/projeto_airflow/airflowalura/venv/lib/python3.9/site-packages/airflow/example_dags/example_task_group.py
[2024-04-27 09:50:19,378] {processor.py:641} INFO - Processing file /home/enrico/Documentos/backup/AULA/Alura/Engenharia de dados/projeto_airflow/airflowalura/venv/lib/python3.9/site-packages/airflow/example_dags/example_task_group.py for tasks to queue
[2024-04-27 09:50:19,378] {logging_mixin.py:115} INFO - [2024-04-27 09:50:19,378] {dagbag.py:507} INFO - Filling up the DagBag from /home/enrico/Documentos/backup/AULA/Alura/Engenharia de dados/projeto_airflow/airflowalura/venv/lib/python3.9/site-packages/airflow/example_dags/example_task_group.py
[2024-04-27 09:50:19,381] {processor.py:651} INFO - DAG(s) dict_keys(['example_task_group']) retrieved from /home/enrico/Documentos/backup/AULA/Alura/Engenharia de dados/projeto_airflow/airflowalura/venv/lib/python3.9/site-packages/airflow/example_dags/example_task_group.py
[2024-04-27 09:50:19,392] {logging_mixin.py:115} INFO - [2024-04-27 09:50:19,392] {dag.py:2379} INFO - Sync 1 DAGs
[2024-04-27 09:50:19,401] {logging_mixin.py:115} INFO - [2024-04-27 09:50:19,401] {dag.py:2927} INFO - Setting next_dagrun for example_task_group to 2024-04-26T12:50:19.401315+00:00, run_after=2024-04-27T12:50:19.401315+00:00
[2024-04-27 09:50:19,415] {processor.py:161} INFO - Processing /home/enrico/Documentos/backup/AULA/Alura/Engenharia de dados/projeto_airflow/airflowalura/venv/lib/python3.9/site-packages/airflow/example_dags/example_task_group.py took 0.039 seconds
[2024-04-27 09:50:54,209] {processor.py:153} INFO - Started process (PID=96083) to work on /home/enrico/Documentos/backup/AULA/Alura/Engenharia de dados/projeto_airflow/airflowalura/venv/lib/python3.9/site-packages/airflow/example_dags/example_task_group.py
[2024-04-27 09:50:54,212] {processor.py:641} INFO - Processing file /home/enrico/Documentos/backup/AULA/Alura/Engenharia de dados/projeto_airflow/airflowalura/venv/lib/python3.9/site-packages/airflow/example_dags/example_task_group.py for tasks to queue
[2024-04-27 09:50:54,212] {logging_mixin.py:115} INFO - [2024-04-27 09:50:54,212] {dagbag.py:507} INFO - Filling up the DagBag from /home/enrico/Documentos/backup/AULA/Alura/Engenharia de dados/projeto_airflow/airflowalura/venv/lib/python3.9/site-packages/airflow/example_dags/example_task_group.py
[2024-04-27 09:50:54,216] {processor.py:651} INFO - DAG(s) dict_keys(['example_task_group']) retrieved from /home/enrico/Documentos/backup/AULA/Alura/Engenharia de dados/projeto_airflow/airflowalura/venv/lib/python3.9/site-packages/airflow/example_dags/example_task_group.py
[2024-04-27 09:50:54,225] {logging_mixin.py:115} INFO - [2024-04-27 09:50:54,225] {dag.py:2379} INFO - Sync 1 DAGs
[2024-04-27 09:50:54,234] {logging_mixin.py:115} INFO - [2024-04-27 09:50:54,234] {dag.py:2927} INFO - Setting next_dagrun for example_task_group to 2024-04-26T12:50:54.234658+00:00, run_after=2024-04-27T12:50:54.234658+00:00
[2024-04-27 09:50:54,244] {processor.py:161} INFO - Processing /home/enrico/Documentos/backup/AULA/Alura/Engenharia de dados/projeto_airflow/airflowalura/venv/lib/python3.9/site-packages/airflow/example_dags/example_task_group.py took 0.036 seconds
[2024-04-27 09:51:28,196] {processor.py:153} INFO - Started process (PID=96320) to work on /home/enrico/Documentos/backup/AULA/Alura/Engenharia de dados/projeto_airflow/airflowalura/venv/lib/python3.9/site-packages/airflow/example_dags/example_task_group.py
[2024-04-27 09:51:28,197] {processor.py:641} INFO - Processing file /home/enrico/Documentos/backup/AULA/Alura/Engenharia de dados/projeto_airflow/airflowalura/venv/lib/python3.9/site-packages/airflow/example_dags/example_task_group.py for tasks to queue
[2024-04-27 09:51:28,197] {logging_mixin.py:115} INFO - [2024-04-27 09:51:28,197] {dagbag.py:507} INFO - Filling up the DagBag from /home/enrico/Documentos/backup/AULA/Alura/Engenharia de dados/projeto_airflow/airflowalura/venv/lib/python3.9/site-packages/airflow/example_dags/example_task_group.py
[2024-04-27 09:51:28,201] {processor.py:651} INFO - DAG(s) dict_keys(['example_task_group']) retrieved from /home/enrico/Documentos/backup/AULA/Alura/Engenharia de dados/projeto_airflow/airflowalura/venv/lib/python3.9/site-packages/airflow/example_dags/example_task_group.py
[2024-04-27 09:51:28,210] {logging_mixin.py:115} INFO - [2024-04-27 09:51:28,210] {dag.py:2379} INFO - Sync 1 DAGs
[2024-04-27 09:51:28,220] {logging_mixin.py:115} INFO - [2024-04-27 09:51:28,219] {dag.py:2927} INFO - Setting next_dagrun for example_task_group to 2024-04-26T12:51:28.219763+00:00, run_after=2024-04-27T12:51:28.219763+00:00
[2024-04-27 09:51:28,230] {processor.py:161} INFO - Processing /home/enrico/Documentos/backup/AULA/Alura/Engenharia de dados/projeto_airflow/airflowalura/venv/lib/python3.9/site-packages/airflow/example_dags/example_task_group.py took 0.035 seconds
[2024-04-27 09:52:05,390] {processor.py:153} INFO - Started process (PID=96422) to work on /home/enrico/Documentos/backup/AULA/Alura/Engenharia de dados/projeto_airflow/airflowalura/venv/lib/python3.9/site-packages/airflow/example_dags/example_task_group.py
[2024-04-27 09:52:05,392] {processor.py:641} INFO - Processing file /home/enrico/Documentos/backup/AULA/Alura/Engenharia de dados/projeto_airflow/airflowalura/venv/lib/python3.9/site-packages/airflow/example_dags/example_task_group.py for tasks to queue
[2024-04-27 09:52:05,393] {logging_mixin.py:115} INFO - [2024-04-27 09:52:05,393] {dagbag.py:507} INFO - Filling up the DagBag from /home/enrico/Documentos/backup/AULA/Alura/Engenharia de dados/projeto_airflow/airflowalura/venv/lib/python3.9/site-packages/airflow/example_dags/example_task_group.py
[2024-04-27 09:52:05,408] {processor.py:651} INFO - DAG(s) dict_keys(['example_task_group']) retrieved from /home/enrico/Documentos/backup/AULA/Alura/Engenharia de dados/projeto_airflow/airflowalura/venv/lib/python3.9/site-packages/airflow/example_dags/example_task_group.py
[2024-04-27 09:52:05,429] {logging_mixin.py:115} INFO - [2024-04-27 09:52:05,429] {dag.py:2379} INFO - Sync 1 DAGs
[2024-04-27 09:52:05,438] {logging_mixin.py:115} INFO - [2024-04-27 09:52:05,438] {dag.py:2927} INFO - Setting next_dagrun for example_task_group to 2024-04-26T12:52:05.438360+00:00, run_after=2024-04-27T12:52:05.438360+00:00
[2024-04-27 09:52:05,448] {processor.py:161} INFO - Processing /home/enrico/Documentos/backup/AULA/Alura/Engenharia de dados/projeto_airflow/airflowalura/venv/lib/python3.9/site-packages/airflow/example_dags/example_task_group.py took 0.063 seconds
[2024-04-27 09:52:43,463] {processor.py:153} INFO - Started process (PID=96596) to work on /home/enrico/Documentos/backup/AULA/Alura/Engenharia de dados/projeto_airflow/airflowalura/venv/lib/python3.9/site-packages/airflow/example_dags/example_task_group.py
[2024-04-27 09:52:43,466] {processor.py:641} INFO - Processing file /home/enrico/Documentos/backup/AULA/Alura/Engenharia de dados/projeto_airflow/airflowalura/venv/lib/python3.9/site-packages/airflow/example_dags/example_task_group.py for tasks to queue
[2024-04-27 09:52:43,468] {logging_mixin.py:115} INFO - [2024-04-27 09:52:43,467] {dagbag.py:507} INFO - Filling up the DagBag from /home/enrico/Documentos/backup/AULA/Alura/Engenharia de dados/projeto_airflow/airflowalura/venv/lib/python3.9/site-packages/airflow/example_dags/example_task_group.py
[2024-04-27 09:52:43,479] {processor.py:651} INFO - DAG(s) dict_keys(['example_task_group']) retrieved from /home/enrico/Documentos/backup/AULA/Alura/Engenharia de dados/projeto_airflow/airflowalura/venv/lib/python3.9/site-packages/airflow/example_dags/example_task_group.py
[2024-04-27 09:52:43,495] {logging_mixin.py:115} INFO - [2024-04-27 09:52:43,495] {dag.py:2379} INFO - Sync 1 DAGs
[2024-04-27 09:52:43,506] {logging_mixin.py:115} INFO - [2024-04-27 09:52:43,506] {dag.py:2927} INFO - Setting next_dagrun for example_task_group to 2024-04-26T12:52:43.506592+00:00, run_after=2024-04-27T12:52:43.506592+00:00
[2024-04-27 09:52:43,516] {processor.py:161} INFO - Processing /home/enrico/Documentos/backup/AULA/Alura/Engenharia de dados/projeto_airflow/airflowalura/venv/lib/python3.9/site-packages/airflow/example_dags/example_task_group.py took 0.059 seconds
[2024-04-27 09:53:19,409] {processor.py:153} INFO - Started process (PID=96644) to work on /home/enrico/Documentos/backup/AULA/Alura/Engenharia de dados/projeto_airflow/airflowalura/venv/lib/python3.9/site-packages/airflow/example_dags/example_task_group.py
[2024-04-27 09:53:19,410] {processor.py:641} INFO - Processing file /home/enrico/Documentos/backup/AULA/Alura/Engenharia de dados/projeto_airflow/airflowalura/venv/lib/python3.9/site-packages/airflow/example_dags/example_task_group.py for tasks to queue
[2024-04-27 09:53:19,410] {logging_mixin.py:115} INFO - [2024-04-27 09:53:19,410] {dagbag.py:507} INFO - Filling up the DagBag from /home/enrico/Documentos/backup/AULA/Alura/Engenharia de dados/projeto_airflow/airflowalura/venv/lib/python3.9/site-packages/airflow/example_dags/example_task_group.py
[2024-04-27 09:53:19,413] {processor.py:651} INFO - DAG(s) dict_keys(['example_task_group']) retrieved from /home/enrico/Documentos/backup/AULA/Alura/Engenharia de dados/projeto_airflow/airflowalura/venv/lib/python3.9/site-packages/airflow/example_dags/example_task_group.py
[2024-04-27 09:53:19,423] {logging_mixin.py:115} INFO - [2024-04-27 09:53:19,423] {dag.py:2379} INFO - Sync 1 DAGs
[2024-04-27 09:53:19,433] {logging_mixin.py:115} INFO - [2024-04-27 09:53:19,433] {dag.py:2927} INFO - Setting next_dagrun for example_task_group to 2024-04-26T12:53:19.433744+00:00, run_after=2024-04-27T12:53:19.433744+00:00
[2024-04-27 09:53:19,444] {processor.py:161} INFO - Processing /home/enrico/Documentos/backup/AULA/Alura/Engenharia de dados/projeto_airflow/airflowalura/venv/lib/python3.9/site-packages/airflow/example_dags/example_task_group.py took 0.037 seconds
[2024-04-27 09:53:56,015] {processor.py:153} INFO - Started process (PID=96693) to work on /home/enrico/Documentos/backup/AULA/Alura/Engenharia de dados/projeto_airflow/airflowalura/venv/lib/python3.9/site-packages/airflow/example_dags/example_task_group.py
[2024-04-27 09:53:56,018] {processor.py:641} INFO - Processing file /home/enrico/Documentos/backup/AULA/Alura/Engenharia de dados/projeto_airflow/airflowalura/venv/lib/python3.9/site-packages/airflow/example_dags/example_task_group.py for tasks to queue
[2024-04-27 09:53:56,019] {logging_mixin.py:115} INFO - [2024-04-27 09:53:56,019] {dagbag.py:507} INFO - Filling up the DagBag from /home/enrico/Documentos/backup/AULA/Alura/Engenharia de dados/projeto_airflow/airflowalura/venv/lib/python3.9/site-packages/airflow/example_dags/example_task_group.py
[2024-04-27 09:53:56,033] {processor.py:651} INFO - DAG(s) dict_keys(['example_task_group']) retrieved from /home/enrico/Documentos/backup/AULA/Alura/Engenharia de dados/projeto_airflow/airflowalura/venv/lib/python3.9/site-packages/airflow/example_dags/example_task_group.py
[2024-04-27 09:53:56,052] {logging_mixin.py:115} INFO - [2024-04-27 09:53:56,052] {dag.py:2379} INFO - Sync 1 DAGs
[2024-04-27 09:53:56,064] {logging_mixin.py:115} INFO - [2024-04-27 09:53:56,064] {dag.py:2927} INFO - Setting next_dagrun for example_task_group to 2024-04-26T12:53:56.063912+00:00, run_after=2024-04-27T12:53:56.063912+00:00
[2024-04-27 09:53:56,075] {processor.py:161} INFO - Processing /home/enrico/Documentos/backup/AULA/Alura/Engenharia de dados/projeto_airflow/airflowalura/venv/lib/python3.9/site-packages/airflow/example_dags/example_task_group.py took 0.065 seconds
[2024-04-27 09:54:33,661] {processor.py:153} INFO - Started process (PID=96757) to work on /home/enrico/Documentos/backup/AULA/Alura/Engenharia de dados/projeto_airflow/airflowalura/venv/lib/python3.9/site-packages/airflow/example_dags/example_task_group.py
[2024-04-27 09:54:33,662] {processor.py:641} INFO - Processing file /home/enrico/Documentos/backup/AULA/Alura/Engenharia de dados/projeto_airflow/airflowalura/venv/lib/python3.9/site-packages/airflow/example_dags/example_task_group.py for tasks to queue
[2024-04-27 09:54:33,663] {logging_mixin.py:115} INFO - [2024-04-27 09:54:33,663] {dagbag.py:507} INFO - Filling up the DagBag from /home/enrico/Documentos/backup/AULA/Alura/Engenharia de dados/projeto_airflow/airflowalura/venv/lib/python3.9/site-packages/airflow/example_dags/example_task_group.py
[2024-04-27 09:54:33,677] {processor.py:651} INFO - DAG(s) dict_keys(['example_task_group']) retrieved from /home/enrico/Documentos/backup/AULA/Alura/Engenharia de dados/projeto_airflow/airflowalura/venv/lib/python3.9/site-packages/airflow/example_dags/example_task_group.py
[2024-04-27 09:54:33,696] {logging_mixin.py:115} INFO - [2024-04-27 09:54:33,696] {dag.py:2379} INFO - Sync 1 DAGs
[2024-04-27 09:54:33,708] {logging_mixin.py:115} INFO - [2024-04-27 09:54:33,708] {dag.py:2927} INFO - Setting next_dagrun for example_task_group to 2024-04-26T12:54:33.708056+00:00, run_after=2024-04-27T12:54:33.708056+00:00
[2024-04-27 09:54:33,717] {processor.py:161} INFO - Processing /home/enrico/Documentos/backup/AULA/Alura/Engenharia de dados/projeto_airflow/airflowalura/venv/lib/python3.9/site-packages/airflow/example_dags/example_task_group.py took 0.062 seconds
[2024-04-27 09:55:13,589] {processor.py:153} INFO - Started process (PID=96820) to work on /home/enrico/Documentos/backup/AULA/Alura/Engenharia de dados/projeto_airflow/airflowalura/venv/lib/python3.9/site-packages/airflow/example_dags/example_task_group.py
[2024-04-27 09:55:13,592] {processor.py:641} INFO - Processing file /home/enrico/Documentos/backup/AULA/Alura/Engenharia de dados/projeto_airflow/airflowalura/venv/lib/python3.9/site-packages/airflow/example_dags/example_task_group.py for tasks to queue
[2024-04-27 09:55:13,593] {logging_mixin.py:115} INFO - [2024-04-27 09:55:13,593] {dagbag.py:507} INFO - Filling up the DagBag from /home/enrico/Documentos/backup/AULA/Alura/Engenharia de dados/projeto_airflow/airflowalura/venv/lib/python3.9/site-packages/airflow/example_dags/example_task_group.py
[2024-04-27 09:55:13,608] {processor.py:651} INFO - DAG(s) dict_keys(['example_task_group']) retrieved from /home/enrico/Documentos/backup/AULA/Alura/Engenharia de dados/projeto_airflow/airflowalura/venv/lib/python3.9/site-packages/airflow/example_dags/example_task_group.py
[2024-04-27 09:55:13,628] {logging_mixin.py:115} INFO - [2024-04-27 09:55:13,628] {dag.py:2379} INFO - Sync 1 DAGs
[2024-04-27 09:55:13,638] {logging_mixin.py:115} INFO - [2024-04-27 09:55:13,638] {dag.py:2927} INFO - Setting next_dagrun for example_task_group to 2024-04-26T12:55:13.638055+00:00, run_after=2024-04-27T12:55:13.638055+00:00
[2024-04-27 09:55:13,649] {processor.py:161} INFO - Processing /home/enrico/Documentos/backup/AULA/Alura/Engenharia de dados/projeto_airflow/airflowalura/venv/lib/python3.9/site-packages/airflow/example_dags/example_task_group.py took 0.066 seconds
[2024-04-27 09:55:52,128] {processor.py:153} INFO - Started process (PID=96877) to work on /home/enrico/Documentos/backup/AULA/Alura/Engenharia de dados/projeto_airflow/airflowalura/venv/lib/python3.9/site-packages/airflow/example_dags/example_task_group.py
[2024-04-27 09:55:52,131] {processor.py:641} INFO - Processing file /home/enrico/Documentos/backup/AULA/Alura/Engenharia de dados/projeto_airflow/airflowalura/venv/lib/python3.9/site-packages/airflow/example_dags/example_task_group.py for tasks to queue
[2024-04-27 09:55:52,131] {logging_mixin.py:115} INFO - [2024-04-27 09:55:52,131] {dagbag.py:507} INFO - Filling up the DagBag from /home/enrico/Documentos/backup/AULA/Alura/Engenharia de dados/projeto_airflow/airflowalura/venv/lib/python3.9/site-packages/airflow/example_dags/example_task_group.py
[2024-04-27 09:55:52,139] {processor.py:651} INFO - DAG(s) dict_keys(['example_task_group']) retrieved from /home/enrico/Documentos/backup/AULA/Alura/Engenharia de dados/projeto_airflow/airflowalura/venv/lib/python3.9/site-packages/airflow/example_dags/example_task_group.py
[2024-04-27 09:55:52,161] {logging_mixin.py:115} INFO - [2024-04-27 09:55:52,161] {dag.py:2379} INFO - Sync 1 DAGs
[2024-04-27 09:55:52,175] {logging_mixin.py:115} INFO - [2024-04-27 09:55:52,175] {dag.py:2927} INFO - Setting next_dagrun for example_task_group to 2024-04-26T12:55:52.175685+00:00, run_after=2024-04-27T12:55:52.175685+00:00
[2024-04-27 09:55:52,190] {processor.py:161} INFO - Processing /home/enrico/Documentos/backup/AULA/Alura/Engenharia de dados/projeto_airflow/airflowalura/venv/lib/python3.9/site-packages/airflow/example_dags/example_task_group.py took 0.064 seconds
[2024-04-27 09:56:28,232] {processor.py:153} INFO - Started process (PID=96957) to work on /home/enrico/Documentos/backup/AULA/Alura/Engenharia de dados/projeto_airflow/airflowalura/venv/lib/python3.9/site-packages/airflow/example_dags/example_task_group.py
[2024-04-27 09:56:28,232] {processor.py:641} INFO - Processing file /home/enrico/Documentos/backup/AULA/Alura/Engenharia de dados/projeto_airflow/airflowalura/venv/lib/python3.9/site-packages/airflow/example_dags/example_task_group.py for tasks to queue
[2024-04-27 09:56:28,233] {logging_mixin.py:115} INFO - [2024-04-27 09:56:28,233] {dagbag.py:507} INFO - Filling up the DagBag from /home/enrico/Documentos/backup/AULA/Alura/Engenharia de dados/projeto_airflow/airflowalura/venv/lib/python3.9/site-packages/airflow/example_dags/example_task_group.py
[2024-04-27 09:56:28,237] {processor.py:651} INFO - DAG(s) dict_keys(['example_task_group']) retrieved from /home/enrico/Documentos/backup/AULA/Alura/Engenharia de dados/projeto_airflow/airflowalura/venv/lib/python3.9/site-packages/airflow/example_dags/example_task_group.py
[2024-04-27 09:56:28,246] {logging_mixin.py:115} INFO - [2024-04-27 09:56:28,246] {dag.py:2379} INFO - Sync 1 DAGs
[2024-04-27 09:56:28,255] {logging_mixin.py:115} INFO - [2024-04-27 09:56:28,255] {dag.py:2927} INFO - Setting next_dagrun for example_task_group to 2024-04-26T12:56:28.255295+00:00, run_after=2024-04-27T12:56:28.255295+00:00
[2024-04-27 09:56:28,263] {processor.py:161} INFO - Processing /home/enrico/Documentos/backup/AULA/Alura/Engenharia de dados/projeto_airflow/airflowalura/venv/lib/python3.9/site-packages/airflow/example_dags/example_task_group.py took 0.034 seconds
[2024-04-27 09:57:02,492] {processor.py:153} INFO - Started process (PID=97076) to work on /home/enrico/Documentos/backup/AULA/Alura/Engenharia de dados/projeto_airflow/airflowalura/venv/lib/python3.9/site-packages/airflow/example_dags/example_task_group.py
[2024-04-27 09:57:02,492] {processor.py:641} INFO - Processing file /home/enrico/Documentos/backup/AULA/Alura/Engenharia de dados/projeto_airflow/airflowalura/venv/lib/python3.9/site-packages/airflow/example_dags/example_task_group.py for tasks to queue
[2024-04-27 09:57:02,492] {logging_mixin.py:115} INFO - [2024-04-27 09:57:02,492] {dagbag.py:507} INFO - Filling up the DagBag from /home/enrico/Documentos/backup/AULA/Alura/Engenharia de dados/projeto_airflow/airflowalura/venv/lib/python3.9/site-packages/airflow/example_dags/example_task_group.py
[2024-04-27 09:57:02,496] {processor.py:651} INFO - DAG(s) dict_keys(['example_task_group']) retrieved from /home/enrico/Documentos/backup/AULA/Alura/Engenharia de dados/projeto_airflow/airflowalura/venv/lib/python3.9/site-packages/airflow/example_dags/example_task_group.py
[2024-04-27 09:57:02,505] {logging_mixin.py:115} INFO - [2024-04-27 09:57:02,505] {dag.py:2379} INFO - Sync 1 DAGs
[2024-04-27 09:57:02,515] {logging_mixin.py:115} INFO - [2024-04-27 09:57:02,515] {dag.py:2927} INFO - Setting next_dagrun for example_task_group to 2024-04-26T12:57:02.515091+00:00, run_after=2024-04-27T12:57:02.515091+00:00
[2024-04-27 09:57:02,523] {processor.py:161} INFO - Processing /home/enrico/Documentos/backup/AULA/Alura/Engenharia de dados/projeto_airflow/airflowalura/venv/lib/python3.9/site-packages/airflow/example_dags/example_task_group.py took 0.032 seconds
[2024-04-27 09:57:41,908] {processor.py:153} INFO - Started process (PID=97130) to work on /home/enrico/Documentos/backup/AULA/Alura/Engenharia de dados/projeto_airflow/airflowalura/venv/lib/python3.9/site-packages/airflow/example_dags/example_task_group.py
[2024-04-27 09:57:41,910] {processor.py:641} INFO - Processing file /home/enrico/Documentos/backup/AULA/Alura/Engenharia de dados/projeto_airflow/airflowalura/venv/lib/python3.9/site-packages/airflow/example_dags/example_task_group.py for tasks to queue
[2024-04-27 09:57:41,911] {logging_mixin.py:115} INFO - [2024-04-27 09:57:41,911] {dagbag.py:507} INFO - Filling up the DagBag from /home/enrico/Documentos/backup/AULA/Alura/Engenharia de dados/projeto_airflow/airflowalura/venv/lib/python3.9/site-packages/airflow/example_dags/example_task_group.py
[2024-04-27 09:57:41,914] {processor.py:651} INFO - DAG(s) dict_keys(['example_task_group']) retrieved from /home/enrico/Documentos/backup/AULA/Alura/Engenharia de dados/projeto_airflow/airflowalura/venv/lib/python3.9/site-packages/airflow/example_dags/example_task_group.py
[2024-04-27 09:57:41,924] {logging_mixin.py:115} INFO - [2024-04-27 09:57:41,924] {dag.py:2379} INFO - Sync 1 DAGs
[2024-04-27 09:57:41,934] {logging_mixin.py:115} INFO - [2024-04-27 09:57:41,934] {dag.py:2927} INFO - Setting next_dagrun for example_task_group to 2024-04-26T12:57:41.934027+00:00, run_after=2024-04-27T12:57:41.934027+00:00
[2024-04-27 09:57:41,943] {processor.py:161} INFO - Processing /home/enrico/Documentos/backup/AULA/Alura/Engenharia de dados/projeto_airflow/airflowalura/venv/lib/python3.9/site-packages/airflow/example_dags/example_task_group.py took 0.037 seconds
[2024-04-27 09:58:18,617] {processor.py:153} INFO - Started process (PID=97185) to work on /home/enrico/Documentos/backup/AULA/Alura/Engenharia de dados/projeto_airflow/airflowalura/venv/lib/python3.9/site-packages/airflow/example_dags/example_task_group.py
[2024-04-27 09:58:18,618] {processor.py:641} INFO - Processing file /home/enrico/Documentos/backup/AULA/Alura/Engenharia de dados/projeto_airflow/airflowalura/venv/lib/python3.9/site-packages/airflow/example_dags/example_task_group.py for tasks to queue
[2024-04-27 09:58:18,618] {logging_mixin.py:115} INFO - [2024-04-27 09:58:18,618] {dagbag.py:507} INFO - Filling up the DagBag from /home/enrico/Documentos/backup/AULA/Alura/Engenharia de dados/projeto_airflow/airflowalura/venv/lib/python3.9/site-packages/airflow/example_dags/example_task_group.py
[2024-04-27 09:58:18,622] {processor.py:651} INFO - DAG(s) dict_keys(['example_task_group']) retrieved from /home/enrico/Documentos/backup/AULA/Alura/Engenharia de dados/projeto_airflow/airflowalura/venv/lib/python3.9/site-packages/airflow/example_dags/example_task_group.py
[2024-04-27 09:58:18,631] {logging_mixin.py:115} INFO - [2024-04-27 09:58:18,631] {dag.py:2379} INFO - Sync 1 DAGs
[2024-04-27 09:58:18,640] {logging_mixin.py:115} INFO - [2024-04-27 09:58:18,640] {dag.py:2927} INFO - Setting next_dagrun for example_task_group to 2024-04-26T12:58:18.639926+00:00, run_after=2024-04-27T12:58:18.639926+00:00
[2024-04-27 09:58:18,648] {processor.py:161} INFO - Processing /home/enrico/Documentos/backup/AULA/Alura/Engenharia de dados/projeto_airflow/airflowalura/venv/lib/python3.9/site-packages/airflow/example_dags/example_task_group.py took 0.032 seconds
[2024-04-27 09:58:56,186] {processor.py:153} INFO - Started process (PID=97252) to work on /home/enrico/Documentos/backup/AULA/Alura/Engenharia de dados/projeto_airflow/airflowalura/venv/lib/python3.9/site-packages/airflow/example_dags/example_task_group.py
[2024-04-27 09:58:56,189] {processor.py:641} INFO - Processing file /home/enrico/Documentos/backup/AULA/Alura/Engenharia de dados/projeto_airflow/airflowalura/venv/lib/python3.9/site-packages/airflow/example_dags/example_task_group.py for tasks to queue
[2024-04-27 09:58:56,190] {logging_mixin.py:115} INFO - [2024-04-27 09:58:56,190] {dagbag.py:507} INFO - Filling up the DagBag from /home/enrico/Documentos/backup/AULA/Alura/Engenharia de dados/projeto_airflow/airflowalura/venv/lib/python3.9/site-packages/airflow/example_dags/example_task_group.py
[2024-04-27 09:58:56,203] {processor.py:651} INFO - DAG(s) dict_keys(['example_task_group']) retrieved from /home/enrico/Documentos/backup/AULA/Alura/Engenharia de dados/projeto_airflow/airflowalura/venv/lib/python3.9/site-packages/airflow/example_dags/example_task_group.py
[2024-04-27 09:58:56,222] {logging_mixin.py:115} INFO - [2024-04-27 09:58:56,222] {dag.py:2379} INFO - Sync 1 DAGs
[2024-04-27 09:58:56,233] {logging_mixin.py:115} INFO - [2024-04-27 09:58:56,233] {dag.py:2927} INFO - Setting next_dagrun for example_task_group to 2024-04-26T12:58:56.233151+00:00, run_after=2024-04-27T12:58:56.233151+00:00
[2024-04-27 09:58:56,243] {processor.py:161} INFO - Processing /home/enrico/Documentos/backup/AULA/Alura/Engenharia de dados/projeto_airflow/airflowalura/venv/lib/python3.9/site-packages/airflow/example_dags/example_task_group.py took 0.063 seconds
[2024-04-27 09:59:36,873] {processor.py:153} INFO - Started process (PID=97322) to work on /home/enrico/Documentos/backup/AULA/Alura/Engenharia de dados/projeto_airflow/airflowalura/venv/lib/python3.9/site-packages/airflow/example_dags/example_task_group.py
[2024-04-27 09:59:36,875] {processor.py:641} INFO - Processing file /home/enrico/Documentos/backup/AULA/Alura/Engenharia de dados/projeto_airflow/airflowalura/venv/lib/python3.9/site-packages/airflow/example_dags/example_task_group.py for tasks to queue
[2024-04-27 09:59:36,876] {logging_mixin.py:115} INFO - [2024-04-27 09:59:36,876] {dagbag.py:507} INFO - Filling up the DagBag from /home/enrico/Documentos/backup/AULA/Alura/Engenharia de dados/projeto_airflow/airflowalura/venv/lib/python3.9/site-packages/airflow/example_dags/example_task_group.py
[2024-04-27 09:59:36,881] {processor.py:651} INFO - DAG(s) dict_keys(['example_task_group']) retrieved from /home/enrico/Documentos/backup/AULA/Alura/Engenharia de dados/projeto_airflow/airflowalura/venv/lib/python3.9/site-packages/airflow/example_dags/example_task_group.py
[2024-04-27 09:59:36,892] {logging_mixin.py:115} INFO - [2024-04-27 09:59:36,892] {dag.py:2379} INFO - Sync 1 DAGs
[2024-04-27 09:59:36,901] {logging_mixin.py:115} INFO - [2024-04-27 09:59:36,901] {dag.py:2927} INFO - Setting next_dagrun for example_task_group to 2024-04-26T12:59:36.901288+00:00, run_after=2024-04-27T12:59:36.901288+00:00
[2024-04-27 09:59:36,917] {processor.py:161} INFO - Processing /home/enrico/Documentos/backup/AULA/Alura/Engenharia de dados/projeto_airflow/airflowalura/venv/lib/python3.9/site-packages/airflow/example_dags/example_task_group.py took 0.046 seconds
[2024-04-27 10:00:11,906] {processor.py:153} INFO - Started process (PID=97372) to work on /home/enrico/Documentos/backup/AULA/Alura/Engenharia de dados/projeto_airflow/airflowalura/venv/lib/python3.9/site-packages/airflow/example_dags/example_task_group.py
[2024-04-27 10:00:11,910] {processor.py:641} INFO - Processing file /home/enrico/Documentos/backup/AULA/Alura/Engenharia de dados/projeto_airflow/airflowalura/venv/lib/python3.9/site-packages/airflow/example_dags/example_task_group.py for tasks to queue
[2024-04-27 10:00:11,911] {logging_mixin.py:115} INFO - [2024-04-27 10:00:11,911] {dagbag.py:507} INFO - Filling up the DagBag from /home/enrico/Documentos/backup/AULA/Alura/Engenharia de dados/projeto_airflow/airflowalura/venv/lib/python3.9/site-packages/airflow/example_dags/example_task_group.py
[2024-04-27 10:00:11,929] {processor.py:651} INFO - DAG(s) dict_keys(['example_task_group']) retrieved from /home/enrico/Documentos/backup/AULA/Alura/Engenharia de dados/projeto_airflow/airflowalura/venv/lib/python3.9/site-packages/airflow/example_dags/example_task_group.py
[2024-04-27 10:00:11,944] {logging_mixin.py:115} INFO - [2024-04-27 10:00:11,944] {dag.py:2379} INFO - Sync 1 DAGs
[2024-04-27 10:00:11,956] {logging_mixin.py:115} INFO - [2024-04-27 10:00:11,956] {dag.py:2927} INFO - Setting next_dagrun for example_task_group to 2024-04-26T13:00:11.956337+00:00, run_after=2024-04-27T13:00:11.956337+00:00
[2024-04-27 10:00:11,972] {processor.py:161} INFO - Processing /home/enrico/Documentos/backup/AULA/Alura/Engenharia de dados/projeto_airflow/airflowalura/venv/lib/python3.9/site-packages/airflow/example_dags/example_task_group.py took 0.072 seconds
[2024-04-27 10:00:47,713] {processor.py:153} INFO - Started process (PID=97435) to work on /home/enrico/Documentos/backup/AULA/Alura/Engenharia de dados/projeto_airflow/airflowalura/venv/lib/python3.9/site-packages/airflow/example_dags/example_task_group.py
[2024-04-27 10:00:47,716] {processor.py:641} INFO - Processing file /home/enrico/Documentos/backup/AULA/Alura/Engenharia de dados/projeto_airflow/airflowalura/venv/lib/python3.9/site-packages/airflow/example_dags/example_task_group.py for tasks to queue
[2024-04-27 10:00:47,718] {logging_mixin.py:115} INFO - [2024-04-27 10:00:47,717] {dagbag.py:507} INFO - Filling up the DagBag from /home/enrico/Documentos/backup/AULA/Alura/Engenharia de dados/projeto_airflow/airflowalura/venv/lib/python3.9/site-packages/airflow/example_dags/example_task_group.py
[2024-04-27 10:00:47,737] {processor.py:651} INFO - DAG(s) dict_keys(['example_task_group']) retrieved from /home/enrico/Documentos/backup/AULA/Alura/Engenharia de dados/projeto_airflow/airflowalura/venv/lib/python3.9/site-packages/airflow/example_dags/example_task_group.py
[2024-04-27 10:00:47,753] {logging_mixin.py:115} INFO - [2024-04-27 10:00:47,753] {dag.py:2379} INFO - Sync 1 DAGs
[2024-04-27 10:00:47,765] {logging_mixin.py:115} INFO - [2024-04-27 10:00:47,765] {dag.py:2927} INFO - Setting next_dagrun for example_task_group to 2024-04-26T13:00:47.764918+00:00, run_after=2024-04-27T13:00:47.764918+00:00
[2024-04-27 10:00:47,775] {processor.py:161} INFO - Processing /home/enrico/Documentos/backup/AULA/Alura/Engenharia de dados/projeto_airflow/airflowalura/venv/lib/python3.9/site-packages/airflow/example_dags/example_task_group.py took 0.068 seconds
[2024-04-27 10:01:26,505] {processor.py:153} INFO - Started process (PID=97508) to work on /home/enrico/Documentos/backup/AULA/Alura/Engenharia de dados/projeto_airflow/airflowalura/venv/lib/python3.9/site-packages/airflow/example_dags/example_task_group.py
[2024-04-27 10:01:26,505] {processor.py:641} INFO - Processing file /home/enrico/Documentos/backup/AULA/Alura/Engenharia de dados/projeto_airflow/airflowalura/venv/lib/python3.9/site-packages/airflow/example_dags/example_task_group.py for tasks to queue
[2024-04-27 10:01:26,505] {logging_mixin.py:115} INFO - [2024-04-27 10:01:26,505] {dagbag.py:507} INFO - Filling up the DagBag from /home/enrico/Documentos/backup/AULA/Alura/Engenharia de dados/projeto_airflow/airflowalura/venv/lib/python3.9/site-packages/airflow/example_dags/example_task_group.py
[2024-04-27 10:01:26,510] {processor.py:651} INFO - DAG(s) dict_keys(['example_task_group']) retrieved from /home/enrico/Documentos/backup/AULA/Alura/Engenharia de dados/projeto_airflow/airflowalura/venv/lib/python3.9/site-packages/airflow/example_dags/example_task_group.py
[2024-04-27 10:01:26,519] {logging_mixin.py:115} INFO - [2024-04-27 10:01:26,519] {dag.py:2379} INFO - Sync 1 DAGs
[2024-04-27 10:01:26,528] {logging_mixin.py:115} INFO - [2024-04-27 10:01:26,528] {dag.py:2927} INFO - Setting next_dagrun for example_task_group to 2024-04-26T13:01:26.528391+00:00, run_after=2024-04-27T13:01:26.528391+00:00
[2024-04-27 10:01:26,538] {processor.py:161} INFO - Processing /home/enrico/Documentos/backup/AULA/Alura/Engenharia de dados/projeto_airflow/airflowalura/venv/lib/python3.9/site-packages/airflow/example_dags/example_task_group.py took 0.035 seconds
[2024-04-27 10:02:06,597] {processor.py:153} INFO - Started process (PID=97575) to work on /home/enrico/Documentos/backup/AULA/Alura/Engenharia de dados/projeto_airflow/airflowalura/venv/lib/python3.9/site-packages/airflow/example_dags/example_task_group.py
[2024-04-27 10:02:06,601] {processor.py:641} INFO - Processing file /home/enrico/Documentos/backup/AULA/Alura/Engenharia de dados/projeto_airflow/airflowalura/venv/lib/python3.9/site-packages/airflow/example_dags/example_task_group.py for tasks to queue
[2024-04-27 10:02:06,602] {logging_mixin.py:115} INFO - [2024-04-27 10:02:06,602] {dagbag.py:507} INFO - Filling up the DagBag from /home/enrico/Documentos/backup/AULA/Alura/Engenharia de dados/projeto_airflow/airflowalura/venv/lib/python3.9/site-packages/airflow/example_dags/example_task_group.py
[2024-04-27 10:02:06,622] {processor.py:651} INFO - DAG(s) dict_keys(['example_task_group']) retrieved from /home/enrico/Documentos/backup/AULA/Alura/Engenharia de dados/projeto_airflow/airflowalura/venv/lib/python3.9/site-packages/airflow/example_dags/example_task_group.py
[2024-04-27 10:02:06,637] {logging_mixin.py:115} INFO - [2024-04-27 10:02:06,637] {dag.py:2379} INFO - Sync 1 DAGs
[2024-04-27 10:02:06,649] {logging_mixin.py:115} INFO - [2024-04-27 10:02:06,649] {dag.py:2927} INFO - Setting next_dagrun for example_task_group to 2024-04-26T13:02:06.649495+00:00, run_after=2024-04-27T13:02:06.649495+00:00
[2024-04-27 10:02:06,664] {processor.py:161} INFO - Processing /home/enrico/Documentos/backup/AULA/Alura/Engenharia de dados/projeto_airflow/airflowalura/venv/lib/python3.9/site-packages/airflow/example_dags/example_task_group.py took 0.073 seconds
[2024-04-27 10:02:41,885] {processor.py:153} INFO - Started process (PID=97749) to work on /home/enrico/Documentos/backup/AULA/Alura/Engenharia de dados/projeto_airflow/airflowalura/venv/lib/python3.9/site-packages/airflow/example_dags/example_task_group.py
[2024-04-27 10:02:41,889] {processor.py:641} INFO - Processing file /home/enrico/Documentos/backup/AULA/Alura/Engenharia de dados/projeto_airflow/airflowalura/venv/lib/python3.9/site-packages/airflow/example_dags/example_task_group.py for tasks to queue
[2024-04-27 10:02:41,890] {logging_mixin.py:115} INFO - [2024-04-27 10:02:41,890] {dagbag.py:507} INFO - Filling up the DagBag from /home/enrico/Documentos/backup/AULA/Alura/Engenharia de dados/projeto_airflow/airflowalura/venv/lib/python3.9/site-packages/airflow/example_dags/example_task_group.py
[2024-04-27 10:02:41,909] {processor.py:651} INFO - DAG(s) dict_keys(['example_task_group']) retrieved from /home/enrico/Documentos/backup/AULA/Alura/Engenharia de dados/projeto_airflow/airflowalura/venv/lib/python3.9/site-packages/airflow/example_dags/example_task_group.py
[2024-04-27 10:02:41,923] {logging_mixin.py:115} INFO - [2024-04-27 10:02:41,923] {dag.py:2379} INFO - Sync 1 DAGs
[2024-04-27 10:02:41,934] {logging_mixin.py:115} INFO - [2024-04-27 10:02:41,934] {dag.py:2927} INFO - Setting next_dagrun for example_task_group to 2024-04-26T13:02:41.933865+00:00, run_after=2024-04-27T13:02:41.933865+00:00
[2024-04-27 10:02:41,944] {processor.py:161} INFO - Processing /home/enrico/Documentos/backup/AULA/Alura/Engenharia de dados/projeto_airflow/airflowalura/venv/lib/python3.9/site-packages/airflow/example_dags/example_task_group.py took 0.065 seconds
[2024-04-27 10:03:19,597] {processor.py:153} INFO - Started process (PID=97997) to work on /home/enrico/Documentos/backup/AULA/Alura/Engenharia de dados/projeto_airflow/airflowalura/venv/lib/python3.9/site-packages/airflow/example_dags/example_task_group.py
[2024-04-27 10:03:19,601] {processor.py:641} INFO - Processing file /home/enrico/Documentos/backup/AULA/Alura/Engenharia de dados/projeto_airflow/airflowalura/venv/lib/python3.9/site-packages/airflow/example_dags/example_task_group.py for tasks to queue
[2024-04-27 10:03:19,602] {logging_mixin.py:115} INFO - [2024-04-27 10:03:19,602] {dagbag.py:507} INFO - Filling up the DagBag from /home/enrico/Documentos/backup/AULA/Alura/Engenharia de dados/projeto_airflow/airflowalura/venv/lib/python3.9/site-packages/airflow/example_dags/example_task_group.py
[2024-04-27 10:03:19,622] {processor.py:651} INFO - DAG(s) dict_keys(['example_task_group']) retrieved from /home/enrico/Documentos/backup/AULA/Alura/Engenharia de dados/projeto_airflow/airflowalura/venv/lib/python3.9/site-packages/airflow/example_dags/example_task_group.py
[2024-04-27 10:03:19,638] {logging_mixin.py:115} INFO - [2024-04-27 10:03:19,638] {dag.py:2379} INFO - Sync 1 DAGs
[2024-04-27 10:03:19,650] {logging_mixin.py:115} INFO - [2024-04-27 10:03:19,650] {dag.py:2927} INFO - Setting next_dagrun for example_task_group to 2024-04-26T13:03:19.650408+00:00, run_after=2024-04-27T13:03:19.650408+00:00
[2024-04-27 10:03:19,664] {processor.py:161} INFO - Processing /home/enrico/Documentos/backup/AULA/Alura/Engenharia de dados/projeto_airflow/airflowalura/venv/lib/python3.9/site-packages/airflow/example_dags/example_task_group.py took 0.073 seconds
[2024-04-27 10:03:58,185] {processor.py:153} INFO - Started process (PID=98237) to work on /home/enrico/Documentos/backup/AULA/Alura/Engenharia de dados/projeto_airflow/airflowalura/venv/lib/python3.9/site-packages/airflow/example_dags/example_task_group.py
[2024-04-27 10:03:58,188] {processor.py:641} INFO - Processing file /home/enrico/Documentos/backup/AULA/Alura/Engenharia de dados/projeto_airflow/airflowalura/venv/lib/python3.9/site-packages/airflow/example_dags/example_task_group.py for tasks to queue
[2024-04-27 10:03:58,188] {logging_mixin.py:115} INFO - [2024-04-27 10:03:58,188] {dagbag.py:507} INFO - Filling up the DagBag from /home/enrico/Documentos/backup/AULA/Alura/Engenharia de dados/projeto_airflow/airflowalura/venv/lib/python3.9/site-packages/airflow/example_dags/example_task_group.py
[2024-04-27 10:03:58,194] {processor.py:651} INFO - DAG(s) dict_keys(['example_task_group']) retrieved from /home/enrico/Documentos/backup/AULA/Alura/Engenharia de dados/projeto_airflow/airflowalura/venv/lib/python3.9/site-packages/airflow/example_dags/example_task_group.py
[2024-04-27 10:03:58,202] {logging_mixin.py:115} INFO - [2024-04-27 10:03:58,202] {dag.py:2379} INFO - Sync 1 DAGs
[2024-04-27 10:03:58,211] {logging_mixin.py:115} INFO - [2024-04-27 10:03:58,211] {dag.py:2927} INFO - Setting next_dagrun for example_task_group to 2024-04-26T13:03:58.210948+00:00, run_after=2024-04-27T13:03:58.210948+00:00
[2024-04-27 10:03:58,231] {processor.py:161} INFO - Processing /home/enrico/Documentos/backup/AULA/Alura/Engenharia de dados/projeto_airflow/airflowalura/venv/lib/python3.9/site-packages/airflow/example_dags/example_task_group.py took 0.047 seconds
[2024-04-27 10:04:36,181] {processor.py:153} INFO - Started process (PID=98455) to work on /home/enrico/Documentos/backup/AULA/Alura/Engenharia de dados/projeto_airflow/airflowalura/venv/lib/python3.9/site-packages/airflow/example_dags/example_task_group.py
[2024-04-27 10:04:36,184] {processor.py:641} INFO - Processing file /home/enrico/Documentos/backup/AULA/Alura/Engenharia de dados/projeto_airflow/airflowalura/venv/lib/python3.9/site-packages/airflow/example_dags/example_task_group.py for tasks to queue
[2024-04-27 10:04:36,185] {logging_mixin.py:115} INFO - [2024-04-27 10:04:36,185] {dagbag.py:507} INFO - Filling up the DagBag from /home/enrico/Documentos/backup/AULA/Alura/Engenharia de dados/projeto_airflow/airflowalura/venv/lib/python3.9/site-packages/airflow/example_dags/example_task_group.py
[2024-04-27 10:04:36,190] {processor.py:651} INFO - DAG(s) dict_keys(['example_task_group']) retrieved from /home/enrico/Documentos/backup/AULA/Alura/Engenharia de dados/projeto_airflow/airflowalura/venv/lib/python3.9/site-packages/airflow/example_dags/example_task_group.py
[2024-04-27 10:04:36,200] {logging_mixin.py:115} INFO - [2024-04-27 10:04:36,200] {dag.py:2379} INFO - Sync 1 DAGs
[2024-04-27 10:04:36,212] {logging_mixin.py:115} INFO - [2024-04-27 10:04:36,212] {dag.py:2927} INFO - Setting next_dagrun for example_task_group to 2024-04-26T13:04:36.212092+00:00, run_after=2024-04-27T13:04:36.212092+00:00
[2024-04-27 10:04:36,223] {processor.py:161} INFO - Processing /home/enrico/Documentos/backup/AULA/Alura/Engenharia de dados/projeto_airflow/airflowalura/venv/lib/python3.9/site-packages/airflow/example_dags/example_task_group.py took 0.043 seconds
