[2024-04-27 09:50:17,127] {processor.py:153} INFO - Started process (PID=95928) to work on /home/enrico/Documentos/backup/AULA/Alura/Engenharia de dados/projeto_airflow/airflowalura/venv/lib/python3.9/site-packages/airflow/example_dags/example_latest_only_with_trigger.py
[2024-04-27 09:50:17,127] {processor.py:641} INFO - Processing file /home/enrico/Documentos/backup/AULA/Alura/Engenharia de dados/projeto_airflow/airflowalura/venv/lib/python3.9/site-packages/airflow/example_dags/example_latest_only_with_trigger.py for tasks to queue
[2024-04-27 09:50:17,127] {logging_mixin.py:115} INFO - [2024-04-27 09:50:17,127] {dagbag.py:507} INFO - Filling up the DagBag from /home/enrico/Documentos/backup/AULA/Alura/Engenharia de dados/projeto_airflow/airflowalura/venv/lib/python3.9/site-packages/airflow/example_dags/example_latest_only_with_trigger.py
[2024-04-27 09:50:17,130] {processor.py:651} INFO - DAG(s) dict_keys(['latest_only_with_trigger']) retrieved from /home/enrico/Documentos/backup/AULA/Alura/Engenharia de dados/projeto_airflow/airflowalura/venv/lib/python3.9/site-packages/airflow/example_dags/example_latest_only_with_trigger.py
[2024-04-27 09:50:17,140] {logging_mixin.py:115} INFO - [2024-04-27 09:50:17,140] {dag.py:2379} INFO - Sync 1 DAGs
[2024-04-27 09:50:17,150] {logging_mixin.py:115} INFO - [2024-04-27 09:50:17,150] {dag.py:2927} INFO - Setting next_dagrun for latest_only_with_trigger to 2024-04-27T08:50:17.149900+00:00, run_after=2024-04-27T12:50:17.149900+00:00
[2024-04-27 09:50:17,160] {processor.py:161} INFO - Processing /home/enrico/Documentos/backup/AULA/Alura/Engenharia de dados/projeto_airflow/airflowalura/venv/lib/python3.9/site-packages/airflow/example_dags/example_latest_only_with_trigger.py took 0.035 seconds
[2024-04-27 09:50:51,958] {processor.py:153} INFO - Started process (PID=96081) to work on /home/enrico/Documentos/backup/AULA/Alura/Engenharia de dados/projeto_airflow/airflowalura/venv/lib/python3.9/site-packages/airflow/example_dags/example_latest_only_with_trigger.py
[2024-04-27 09:50:51,959] {processor.py:641} INFO - Processing file /home/enrico/Documentos/backup/AULA/Alura/Engenharia de dados/projeto_airflow/airflowalura/venv/lib/python3.9/site-packages/airflow/example_dags/example_latest_only_with_trigger.py for tasks to queue
[2024-04-27 09:50:51,960] {logging_mixin.py:115} INFO - [2024-04-27 09:50:51,960] {dagbag.py:507} INFO - Filling up the DagBag from /home/enrico/Documentos/backup/AULA/Alura/Engenharia de dados/projeto_airflow/airflowalura/venv/lib/python3.9/site-packages/airflow/example_dags/example_latest_only_with_trigger.py
[2024-04-27 09:50:51,972] {processor.py:651} INFO - DAG(s) dict_keys(['latest_only_with_trigger']) retrieved from /home/enrico/Documentos/backup/AULA/Alura/Engenharia de dados/projeto_airflow/airflowalura/venv/lib/python3.9/site-packages/airflow/example_dags/example_latest_only_with_trigger.py
[2024-04-27 09:50:51,993] {logging_mixin.py:115} INFO - [2024-04-27 09:50:51,992] {dag.py:2379} INFO - Sync 1 DAGs
[2024-04-27 09:50:52,005] {logging_mixin.py:115} INFO - [2024-04-27 09:50:52,005] {dag.py:2927} INFO - Setting next_dagrun for latest_only_with_trigger to 2024-04-27T08:50:52.005212+00:00, run_after=2024-04-27T12:50:52.005212+00:00
[2024-04-27 09:50:52,018] {processor.py:161} INFO - Processing /home/enrico/Documentos/backup/AULA/Alura/Engenharia de dados/projeto_airflow/airflowalura/venv/lib/python3.9/site-packages/airflow/example_dags/example_latest_only_with_trigger.py took 0.065 seconds
[2024-04-27 09:51:26,709] {processor.py:153} INFO - Started process (PID=96318) to work on /home/enrico/Documentos/backup/AULA/Alura/Engenharia de dados/projeto_airflow/airflowalura/venv/lib/python3.9/site-packages/airflow/example_dags/example_latest_only_with_trigger.py
[2024-04-27 09:51:26,710] {processor.py:641} INFO - Processing file /home/enrico/Documentos/backup/AULA/Alura/Engenharia de dados/projeto_airflow/airflowalura/venv/lib/python3.9/site-packages/airflow/example_dags/example_latest_only_with_trigger.py for tasks to queue
[2024-04-27 09:51:26,710] {logging_mixin.py:115} INFO - [2024-04-27 09:51:26,710] {dagbag.py:507} INFO - Filling up the DagBag from /home/enrico/Documentos/backup/AULA/Alura/Engenharia de dados/projeto_airflow/airflowalura/venv/lib/python3.9/site-packages/airflow/example_dags/example_latest_only_with_trigger.py
[2024-04-27 09:51:26,714] {processor.py:651} INFO - DAG(s) dict_keys(['latest_only_with_trigger']) retrieved from /home/enrico/Documentos/backup/AULA/Alura/Engenharia de dados/projeto_airflow/airflowalura/venv/lib/python3.9/site-packages/airflow/example_dags/example_latest_only_with_trigger.py
[2024-04-27 09:51:26,723] {logging_mixin.py:115} INFO - [2024-04-27 09:51:26,723] {dag.py:2379} INFO - Sync 1 DAGs
[2024-04-27 09:51:26,732] {logging_mixin.py:115} INFO - [2024-04-27 09:51:26,732] {dag.py:2927} INFO - Setting next_dagrun for latest_only_with_trigger to 2024-04-27T08:51:26.732289+00:00, run_after=2024-04-27T12:51:26.732289+00:00
[2024-04-27 09:51:26,741] {processor.py:161} INFO - Processing /home/enrico/Documentos/backup/AULA/Alura/Engenharia de dados/projeto_airflow/airflowalura/venv/lib/python3.9/site-packages/airflow/example_dags/example_latest_only_with_trigger.py took 0.034 seconds
[2024-04-27 09:52:03,119] {processor.py:153} INFO - Started process (PID=96420) to work on /home/enrico/Documentos/backup/AULA/Alura/Engenharia de dados/projeto_airflow/airflowalura/venv/lib/python3.9/site-packages/airflow/example_dags/example_latest_only_with_trigger.py
[2024-04-27 09:52:03,122] {processor.py:641} INFO - Processing file /home/enrico/Documentos/backup/AULA/Alura/Engenharia de dados/projeto_airflow/airflowalura/venv/lib/python3.9/site-packages/airflow/example_dags/example_latest_only_with_trigger.py for tasks to queue
[2024-04-27 09:52:03,122] {logging_mixin.py:115} INFO - [2024-04-27 09:52:03,122] {dagbag.py:507} INFO - Filling up the DagBag from /home/enrico/Documentos/backup/AULA/Alura/Engenharia de dados/projeto_airflow/airflowalura/venv/lib/python3.9/site-packages/airflow/example_dags/example_latest_only_with_trigger.py
[2024-04-27 09:52:03,125] {processor.py:651} INFO - DAG(s) dict_keys(['latest_only_with_trigger']) retrieved from /home/enrico/Documentos/backup/AULA/Alura/Engenharia de dados/projeto_airflow/airflowalura/venv/lib/python3.9/site-packages/airflow/example_dags/example_latest_only_with_trigger.py
[2024-04-27 09:52:03,134] {logging_mixin.py:115} INFO - [2024-04-27 09:52:03,134] {dag.py:2379} INFO - Sync 1 DAGs
[2024-04-27 09:52:03,144] {logging_mixin.py:115} INFO - [2024-04-27 09:52:03,144] {dag.py:2927} INFO - Setting next_dagrun for latest_only_with_trigger to 2024-04-27T08:52:03.144057+00:00, run_after=2024-04-27T12:52:03.144057+00:00
[2024-04-27 09:52:03,154] {processor.py:161} INFO - Processing /home/enrico/Documentos/backup/AULA/Alura/Engenharia de dados/projeto_airflow/airflowalura/venv/lib/python3.9/site-packages/airflow/example_dags/example_latest_only_with_trigger.py took 0.036 seconds
[2024-04-27 09:52:41,536] {processor.py:153} INFO - Started process (PID=96590) to work on /home/enrico/Documentos/backup/AULA/Alura/Engenharia de dados/projeto_airflow/airflowalura/venv/lib/python3.9/site-packages/airflow/example_dags/example_latest_only_with_trigger.py
[2024-04-27 09:52:41,536] {processor.py:641} INFO - Processing file /home/enrico/Documentos/backup/AULA/Alura/Engenharia de dados/projeto_airflow/airflowalura/venv/lib/python3.9/site-packages/airflow/example_dags/example_latest_only_with_trigger.py for tasks to queue
[2024-04-27 09:52:41,537] {logging_mixin.py:115} INFO - [2024-04-27 09:52:41,537] {dagbag.py:507} INFO - Filling up the DagBag from /home/enrico/Documentos/backup/AULA/Alura/Engenharia de dados/projeto_airflow/airflowalura/venv/lib/python3.9/site-packages/airflow/example_dags/example_latest_only_with_trigger.py
[2024-04-27 09:52:41,540] {processor.py:651} INFO - DAG(s) dict_keys(['latest_only_with_trigger']) retrieved from /home/enrico/Documentos/backup/AULA/Alura/Engenharia de dados/projeto_airflow/airflowalura/venv/lib/python3.9/site-packages/airflow/example_dags/example_latest_only_with_trigger.py
[2024-04-27 09:52:41,550] {logging_mixin.py:115} INFO - [2024-04-27 09:52:41,550] {dag.py:2379} INFO - Sync 1 DAGs
[2024-04-27 09:52:41,560] {logging_mixin.py:115} INFO - [2024-04-27 09:52:41,560] {dag.py:2927} INFO - Setting next_dagrun for latest_only_with_trigger to 2024-04-27T08:52:41.560146+00:00, run_after=2024-04-27T12:52:41.560146+00:00
[2024-04-27 09:52:41,571] {processor.py:161} INFO - Processing /home/enrico/Documentos/backup/AULA/Alura/Engenharia de dados/projeto_airflow/airflowalura/venv/lib/python3.9/site-packages/airflow/example_dags/example_latest_only_with_trigger.py took 0.037 seconds
[2024-04-27 09:53:17,125] {processor.py:153} INFO - Started process (PID=96640) to work on /home/enrico/Documentos/backup/AULA/Alura/Engenharia de dados/projeto_airflow/airflowalura/venv/lib/python3.9/site-packages/airflow/example_dags/example_latest_only_with_trigger.py
[2024-04-27 09:53:17,129] {processor.py:641} INFO - Processing file /home/enrico/Documentos/backup/AULA/Alura/Engenharia de dados/projeto_airflow/airflowalura/venv/lib/python3.9/site-packages/airflow/example_dags/example_latest_only_with_trigger.py for tasks to queue
[2024-04-27 09:53:17,129] {logging_mixin.py:115} INFO - [2024-04-27 09:53:17,129] {dagbag.py:507} INFO - Filling up the DagBag from /home/enrico/Documentos/backup/AULA/Alura/Engenharia de dados/projeto_airflow/airflowalura/venv/lib/python3.9/site-packages/airflow/example_dags/example_latest_only_with_trigger.py
[2024-04-27 09:53:17,134] {processor.py:651} INFO - DAG(s) dict_keys(['latest_only_with_trigger']) retrieved from /home/enrico/Documentos/backup/AULA/Alura/Engenharia de dados/projeto_airflow/airflowalura/venv/lib/python3.9/site-packages/airflow/example_dags/example_latest_only_with_trigger.py
[2024-04-27 09:53:17,147] {logging_mixin.py:115} INFO - [2024-04-27 09:53:17,147] {dag.py:2379} INFO - Sync 1 DAGs
[2024-04-27 09:53:17,160] {logging_mixin.py:115} INFO - [2024-04-27 09:53:17,160] {dag.py:2927} INFO - Setting next_dagrun for latest_only_with_trigger to 2024-04-27T08:53:17.159828+00:00, run_after=2024-04-27T12:53:17.159828+00:00
[2024-04-27 09:53:17,172] {processor.py:161} INFO - Processing /home/enrico/Documentos/backup/AULA/Alura/Engenharia de dados/projeto_airflow/airflowalura/venv/lib/python3.9/site-packages/airflow/example_dags/example_latest_only_with_trigger.py took 0.050 seconds
[2024-04-27 09:53:53,740] {processor.py:153} INFO - Started process (PID=96691) to work on /home/enrico/Documentos/backup/AULA/Alura/Engenharia de dados/projeto_airflow/airflowalura/venv/lib/python3.9/site-packages/airflow/example_dags/example_latest_only_with_trigger.py
[2024-04-27 09:53:53,742] {processor.py:641} INFO - Processing file /home/enrico/Documentos/backup/AULA/Alura/Engenharia de dados/projeto_airflow/airflowalura/venv/lib/python3.9/site-packages/airflow/example_dags/example_latest_only_with_trigger.py for tasks to queue
[2024-04-27 09:53:53,742] {logging_mixin.py:115} INFO - [2024-04-27 09:53:53,742] {dagbag.py:507} INFO - Filling up the DagBag from /home/enrico/Documentos/backup/AULA/Alura/Engenharia de dados/projeto_airflow/airflowalura/venv/lib/python3.9/site-packages/airflow/example_dags/example_latest_only_with_trigger.py
[2024-04-27 09:53:53,754] {processor.py:651} INFO - DAG(s) dict_keys(['latest_only_with_trigger']) retrieved from /home/enrico/Documentos/backup/AULA/Alura/Engenharia de dados/projeto_airflow/airflowalura/venv/lib/python3.9/site-packages/airflow/example_dags/example_latest_only_with_trigger.py
[2024-04-27 09:53:53,776] {logging_mixin.py:115} INFO - [2024-04-27 09:53:53,776] {dag.py:2379} INFO - Sync 1 DAGs
[2024-04-27 09:53:53,789] {logging_mixin.py:115} INFO - [2024-04-27 09:53:53,789] {dag.py:2927} INFO - Setting next_dagrun for latest_only_with_trigger to 2024-04-27T08:53:53.788884+00:00, run_after=2024-04-27T12:53:53.788884+00:00
[2024-04-27 09:53:53,802] {processor.py:161} INFO - Processing /home/enrico/Documentos/backup/AULA/Alura/Engenharia de dados/projeto_airflow/airflowalura/venv/lib/python3.9/site-packages/airflow/example_dags/example_latest_only_with_trigger.py took 0.067 seconds
[2024-04-27 09:54:28,523] {processor.py:153} INFO - Started process (PID=96741) to work on /home/enrico/Documentos/backup/AULA/Alura/Engenharia de dados/projeto_airflow/airflowalura/venv/lib/python3.9/site-packages/airflow/example_dags/example_latest_only_with_trigger.py
[2024-04-27 09:54:28,523] {processor.py:641} INFO - Processing file /home/enrico/Documentos/backup/AULA/Alura/Engenharia de dados/projeto_airflow/airflowalura/venv/lib/python3.9/site-packages/airflow/example_dags/example_latest_only_with_trigger.py for tasks to queue
[2024-04-27 09:54:28,523] {logging_mixin.py:115} INFO - [2024-04-27 09:54:28,523] {dagbag.py:507} INFO - Filling up the DagBag from /home/enrico/Documentos/backup/AULA/Alura/Engenharia de dados/projeto_airflow/airflowalura/venv/lib/python3.9/site-packages/airflow/example_dags/example_latest_only_with_trigger.py
[2024-04-27 09:54:28,526] {processor.py:651} INFO - DAG(s) dict_keys(['latest_only_with_trigger']) retrieved from /home/enrico/Documentos/backup/AULA/Alura/Engenharia de dados/projeto_airflow/airflowalura/venv/lib/python3.9/site-packages/airflow/example_dags/example_latest_only_with_trigger.py
[2024-04-27 09:54:28,536] {logging_mixin.py:115} INFO - [2024-04-27 09:54:28,535] {dag.py:2379} INFO - Sync 1 DAGs
[2024-04-27 09:54:28,545] {logging_mixin.py:115} INFO - [2024-04-27 09:54:28,545] {dag.py:2927} INFO - Setting next_dagrun for latest_only_with_trigger to 2024-04-27T08:54:28.544831+00:00, run_after=2024-04-27T12:54:28.544831+00:00
[2024-04-27 09:54:28,556] {processor.py:161} INFO - Processing /home/enrico/Documentos/backup/AULA/Alura/Engenharia de dados/projeto_airflow/airflowalura/venv/lib/python3.9/site-packages/airflow/example_dags/example_latest_only_with_trigger.py took 0.035 seconds
[2024-04-27 09:55:07,910] {processor.py:153} INFO - Started process (PID=96812) to work on /home/enrico/Documentos/backup/AULA/Alura/Engenharia de dados/projeto_airflow/airflowalura/venv/lib/python3.9/site-packages/airflow/example_dags/example_latest_only_with_trigger.py
[2024-04-27 09:55:07,913] {processor.py:641} INFO - Processing file /home/enrico/Documentos/backup/AULA/Alura/Engenharia de dados/projeto_airflow/airflowalura/venv/lib/python3.9/site-packages/airflow/example_dags/example_latest_only_with_trigger.py for tasks to queue
[2024-04-27 09:55:07,913] {logging_mixin.py:115} INFO - [2024-04-27 09:55:07,913] {dagbag.py:507} INFO - Filling up the DagBag from /home/enrico/Documentos/backup/AULA/Alura/Engenharia de dados/projeto_airflow/airflowalura/venv/lib/python3.9/site-packages/airflow/example_dags/example_latest_only_with_trigger.py
[2024-04-27 09:55:07,916] {processor.py:651} INFO - DAG(s) dict_keys(['latest_only_with_trigger']) retrieved from /home/enrico/Documentos/backup/AULA/Alura/Engenharia de dados/projeto_airflow/airflowalura/venv/lib/python3.9/site-packages/airflow/example_dags/example_latest_only_with_trigger.py
[2024-04-27 09:55:07,925] {logging_mixin.py:115} INFO - [2024-04-27 09:55:07,925] {dag.py:2379} INFO - Sync 1 DAGs
[2024-04-27 09:55:07,934] {logging_mixin.py:115} INFO - [2024-04-27 09:55:07,934] {dag.py:2927} INFO - Setting next_dagrun for latest_only_with_trigger to 2024-04-27T08:55:07.934316+00:00, run_after=2024-04-27T12:55:07.934316+00:00
[2024-04-27 09:55:07,953] {processor.py:161} INFO - Processing /home/enrico/Documentos/backup/AULA/Alura/Engenharia de dados/projeto_airflow/airflowalura/venv/lib/python3.9/site-packages/airflow/example_dags/example_latest_only_with_trigger.py took 0.044 seconds
[2024-04-27 09:55:46,993] {processor.py:153} INFO - Started process (PID=96872) to work on /home/enrico/Documentos/backup/AULA/Alura/Engenharia de dados/projeto_airflow/airflowalura/venv/lib/python3.9/site-packages/airflow/example_dags/example_latest_only_with_trigger.py
[2024-04-27 09:55:46,996] {processor.py:641} INFO - Processing file /home/enrico/Documentos/backup/AULA/Alura/Engenharia de dados/projeto_airflow/airflowalura/venv/lib/python3.9/site-packages/airflow/example_dags/example_latest_only_with_trigger.py for tasks to queue
[2024-04-27 09:55:46,997] {logging_mixin.py:115} INFO - [2024-04-27 09:55:46,997] {dagbag.py:507} INFO - Filling up the DagBag from /home/enrico/Documentos/backup/AULA/Alura/Engenharia de dados/projeto_airflow/airflowalura/venv/lib/python3.9/site-packages/airflow/example_dags/example_latest_only_with_trigger.py
[2024-04-27 09:55:47,010] {processor.py:651} INFO - DAG(s) dict_keys(['latest_only_with_trigger']) retrieved from /home/enrico/Documentos/backup/AULA/Alura/Engenharia de dados/projeto_airflow/airflowalura/venv/lib/python3.9/site-packages/airflow/example_dags/example_latest_only_with_trigger.py
[2024-04-27 09:55:47,031] {logging_mixin.py:115} INFO - [2024-04-27 09:55:47,030] {dag.py:2379} INFO - Sync 1 DAGs
[2024-04-27 09:55:47,040] {logging_mixin.py:115} INFO - [2024-04-27 09:55:47,040] {dag.py:2927} INFO - Setting next_dagrun for latest_only_with_trigger to 2024-04-27T08:55:47.040264+00:00, run_after=2024-04-27T12:55:47.040264+00:00
[2024-04-27 09:55:47,055] {processor.py:161} INFO - Processing /home/enrico/Documentos/backup/AULA/Alura/Engenharia de dados/projeto_airflow/airflowalura/venv/lib/python3.9/site-packages/airflow/example_dags/example_latest_only_with_trigger.py took 0.067 seconds
[2024-04-27 09:56:24,233] {processor.py:153} INFO - Started process (PID=96952) to work on /home/enrico/Documentos/backup/AULA/Alura/Engenharia de dados/projeto_airflow/airflowalura/venv/lib/python3.9/site-packages/airflow/example_dags/example_latest_only_with_trigger.py
[2024-04-27 09:56:24,234] {processor.py:641} INFO - Processing file /home/enrico/Documentos/backup/AULA/Alura/Engenharia de dados/projeto_airflow/airflowalura/venv/lib/python3.9/site-packages/airflow/example_dags/example_latest_only_with_trigger.py for tasks to queue
[2024-04-27 09:56:24,234] {logging_mixin.py:115} INFO - [2024-04-27 09:56:24,234] {dagbag.py:507} INFO - Filling up the DagBag from /home/enrico/Documentos/backup/AULA/Alura/Engenharia de dados/projeto_airflow/airflowalura/venv/lib/python3.9/site-packages/airflow/example_dags/example_latest_only_with_trigger.py
[2024-04-27 09:56:24,237] {processor.py:651} INFO - DAG(s) dict_keys(['latest_only_with_trigger']) retrieved from /home/enrico/Documentos/backup/AULA/Alura/Engenharia de dados/projeto_airflow/airflowalura/venv/lib/python3.9/site-packages/airflow/example_dags/example_latest_only_with_trigger.py
[2024-04-27 09:56:24,247] {logging_mixin.py:115} INFO - [2024-04-27 09:56:24,247] {dag.py:2379} INFO - Sync 1 DAGs
[2024-04-27 09:56:24,257] {logging_mixin.py:115} INFO - [2024-04-27 09:56:24,257] {dag.py:2927} INFO - Setting next_dagrun for latest_only_with_trigger to 2024-04-27T08:56:24.257424+00:00, run_after=2024-04-27T12:56:24.257424+00:00
[2024-04-27 09:56:24,267] {processor.py:161} INFO - Processing /home/enrico/Documentos/backup/AULA/Alura/Engenharia de dados/projeto_airflow/airflowalura/venv/lib/python3.9/site-packages/airflow/example_dags/example_latest_only_with_trigger.py took 0.035 seconds
[2024-04-27 09:56:59,049] {processor.py:153} INFO - Started process (PID=97030) to work on /home/enrico/Documentos/backup/AULA/Alura/Engenharia de dados/projeto_airflow/airflowalura/venv/lib/python3.9/site-packages/airflow/example_dags/example_latest_only_with_trigger.py
[2024-04-27 09:56:59,052] {processor.py:641} INFO - Processing file /home/enrico/Documentos/backup/AULA/Alura/Engenharia de dados/projeto_airflow/airflowalura/venv/lib/python3.9/site-packages/airflow/example_dags/example_latest_only_with_trigger.py for tasks to queue
[2024-04-27 09:56:59,053] {logging_mixin.py:115} INFO - [2024-04-27 09:56:59,053] {dagbag.py:507} INFO - Filling up the DagBag from /home/enrico/Documentos/backup/AULA/Alura/Engenharia de dados/projeto_airflow/airflowalura/venv/lib/python3.9/site-packages/airflow/example_dags/example_latest_only_with_trigger.py
[2024-04-27 09:56:59,066] {processor.py:651} INFO - DAG(s) dict_keys(['latest_only_with_trigger']) retrieved from /home/enrico/Documentos/backup/AULA/Alura/Engenharia de dados/projeto_airflow/airflowalura/venv/lib/python3.9/site-packages/airflow/example_dags/example_latest_only_with_trigger.py
[2024-04-27 09:56:59,087] {logging_mixin.py:115} INFO - [2024-04-27 09:56:59,087] {dag.py:2379} INFO - Sync 1 DAGs
[2024-04-27 09:56:59,100] {logging_mixin.py:115} INFO - [2024-04-27 09:56:59,100] {dag.py:2927} INFO - Setting next_dagrun for latest_only_with_trigger to 2024-04-27T08:56:59.100502+00:00, run_after=2024-04-27T12:56:59.100502+00:00
[2024-04-27 09:56:59,110] {processor.py:161} INFO - Processing /home/enrico/Documentos/backup/AULA/Alura/Engenharia de dados/projeto_airflow/airflowalura/venv/lib/python3.9/site-packages/airflow/example_dags/example_latest_only_with_trigger.py took 0.063 seconds
[2024-04-27 09:57:40,113] {processor.py:153} INFO - Started process (PID=97128) to work on /home/enrico/Documentos/backup/AULA/Alura/Engenharia de dados/projeto_airflow/airflowalura/venv/lib/python3.9/site-packages/airflow/example_dags/example_latest_only_with_trigger.py
[2024-04-27 09:57:40,113] {processor.py:641} INFO - Processing file /home/enrico/Documentos/backup/AULA/Alura/Engenharia de dados/projeto_airflow/airflowalura/venv/lib/python3.9/site-packages/airflow/example_dags/example_latest_only_with_trigger.py for tasks to queue
[2024-04-27 09:57:40,113] {logging_mixin.py:115} INFO - [2024-04-27 09:57:40,113] {dagbag.py:507} INFO - Filling up the DagBag from /home/enrico/Documentos/backup/AULA/Alura/Engenharia de dados/projeto_airflow/airflowalura/venv/lib/python3.9/site-packages/airflow/example_dags/example_latest_only_with_trigger.py
[2024-04-27 09:57:40,116] {processor.py:651} INFO - DAG(s) dict_keys(['latest_only_with_trigger']) retrieved from /home/enrico/Documentos/backup/AULA/Alura/Engenharia de dados/projeto_airflow/airflowalura/venv/lib/python3.9/site-packages/airflow/example_dags/example_latest_only_with_trigger.py
[2024-04-27 09:57:40,125] {logging_mixin.py:115} INFO - [2024-04-27 09:57:40,125] {dag.py:2379} INFO - Sync 1 DAGs
[2024-04-27 09:57:40,135] {logging_mixin.py:115} INFO - [2024-04-27 09:57:40,135] {dag.py:2927} INFO - Setting next_dagrun for latest_only_with_trigger to 2024-04-27T08:57:40.134830+00:00, run_after=2024-04-27T12:57:40.134830+00:00
[2024-04-27 09:57:40,143] {processor.py:161} INFO - Processing /home/enrico/Documentos/backup/AULA/Alura/Engenharia de dados/projeto_airflow/airflowalura/venv/lib/python3.9/site-packages/airflow/example_dags/example_latest_only_with_trigger.py took 0.031 seconds
[2024-04-27 09:58:16,357] {processor.py:153} INFO - Started process (PID=97182) to work on /home/enrico/Documentos/backup/AULA/Alura/Engenharia de dados/projeto_airflow/airflowalura/venv/lib/python3.9/site-packages/airflow/example_dags/example_latest_only_with_trigger.py
[2024-04-27 09:58:16,357] {processor.py:641} INFO - Processing file /home/enrico/Documentos/backup/AULA/Alura/Engenharia de dados/projeto_airflow/airflowalura/venv/lib/python3.9/site-packages/airflow/example_dags/example_latest_only_with_trigger.py for tasks to queue
[2024-04-27 09:58:16,357] {logging_mixin.py:115} INFO - [2024-04-27 09:58:16,357] {dagbag.py:507} INFO - Filling up the DagBag from /home/enrico/Documentos/backup/AULA/Alura/Engenharia de dados/projeto_airflow/airflowalura/venv/lib/python3.9/site-packages/airflow/example_dags/example_latest_only_with_trigger.py
[2024-04-27 09:58:16,360] {processor.py:651} INFO - DAG(s) dict_keys(['latest_only_with_trigger']) retrieved from /home/enrico/Documentos/backup/AULA/Alura/Engenharia de dados/projeto_airflow/airflowalura/venv/lib/python3.9/site-packages/airflow/example_dags/example_latest_only_with_trigger.py
[2024-04-27 09:58:16,370] {logging_mixin.py:115} INFO - [2024-04-27 09:58:16,370] {dag.py:2379} INFO - Sync 1 DAGs
[2024-04-27 09:58:16,380] {logging_mixin.py:115} INFO - [2024-04-27 09:58:16,380] {dag.py:2927} INFO - Setting next_dagrun for latest_only_with_trigger to 2024-04-27T08:58:16.379864+00:00, run_after=2024-04-27T12:58:16.379864+00:00
[2024-04-27 09:58:16,388] {processor.py:161} INFO - Processing /home/enrico/Documentos/backup/AULA/Alura/Engenharia de dados/projeto_airflow/airflowalura/venv/lib/python3.9/site-packages/airflow/example_dags/example_latest_only_with_trigger.py took 0.033 seconds
[2024-04-27 09:58:53,930] {processor.py:153} INFO - Started process (PID=97250) to work on /home/enrico/Documentos/backup/AULA/Alura/Engenharia de dados/projeto_airflow/airflowalura/venv/lib/python3.9/site-packages/airflow/example_dags/example_latest_only_with_trigger.py
[2024-04-27 09:58:53,933] {processor.py:641} INFO - Processing file /home/enrico/Documentos/backup/AULA/Alura/Engenharia de dados/projeto_airflow/airflowalura/venv/lib/python3.9/site-packages/airflow/example_dags/example_latest_only_with_trigger.py for tasks to queue
[2024-04-27 09:58:53,934] {logging_mixin.py:115} INFO - [2024-04-27 09:58:53,934] {dagbag.py:507} INFO - Filling up the DagBag from /home/enrico/Documentos/backup/AULA/Alura/Engenharia de dados/projeto_airflow/airflowalura/venv/lib/python3.9/site-packages/airflow/example_dags/example_latest_only_with_trigger.py
[2024-04-27 09:58:53,946] {processor.py:651} INFO - DAG(s) dict_keys(['latest_only_with_trigger']) retrieved from /home/enrico/Documentos/backup/AULA/Alura/Engenharia de dados/projeto_airflow/airflowalura/venv/lib/python3.9/site-packages/airflow/example_dags/example_latest_only_with_trigger.py
[2024-04-27 09:58:53,968] {logging_mixin.py:115} INFO - [2024-04-27 09:58:53,968] {dag.py:2379} INFO - Sync 1 DAGs
[2024-04-27 09:58:53,980] {logging_mixin.py:115} INFO - [2024-04-27 09:58:53,980] {dag.py:2927} INFO - Setting next_dagrun for latest_only_with_trigger to 2024-04-27T08:58:53.980657+00:00, run_after=2024-04-27T12:58:53.980657+00:00
[2024-04-27 09:58:53,991] {processor.py:161} INFO - Processing /home/enrico/Documentos/backup/AULA/Alura/Engenharia de dados/projeto_airflow/airflowalura/venv/lib/python3.9/site-packages/airflow/example_dags/example_latest_only_with_trigger.py took 0.066 seconds
[2024-04-27 09:59:29,394] {processor.py:153} INFO - Started process (PID=97314) to work on /home/enrico/Documentos/backup/AULA/Alura/Engenharia de dados/projeto_airflow/airflowalura/venv/lib/python3.9/site-packages/airflow/example_dags/example_latest_only_with_trigger.py
[2024-04-27 09:59:29,397] {processor.py:641} INFO - Processing file /home/enrico/Documentos/backup/AULA/Alura/Engenharia de dados/projeto_airflow/airflowalura/venv/lib/python3.9/site-packages/airflow/example_dags/example_latest_only_with_trigger.py for tasks to queue
[2024-04-27 09:59:29,398] {logging_mixin.py:115} INFO - [2024-04-27 09:59:29,398] {dagbag.py:507} INFO - Filling up the DagBag from /home/enrico/Documentos/backup/AULA/Alura/Engenharia de dados/projeto_airflow/airflowalura/venv/lib/python3.9/site-packages/airflow/example_dags/example_latest_only_with_trigger.py
[2024-04-27 09:59:29,403] {processor.py:651} INFO - DAG(s) dict_keys(['latest_only_with_trigger']) retrieved from /home/enrico/Documentos/backup/AULA/Alura/Engenharia de dados/projeto_airflow/airflowalura/venv/lib/python3.9/site-packages/airflow/example_dags/example_latest_only_with_trigger.py
[2024-04-27 09:59:29,413] {logging_mixin.py:115} INFO - [2024-04-27 09:59:29,413] {dag.py:2379} INFO - Sync 1 DAGs
[2024-04-27 09:59:29,422] {logging_mixin.py:115} INFO - [2024-04-27 09:59:29,422] {dag.py:2927} INFO - Setting next_dagrun for latest_only_with_trigger to 2024-04-27T08:59:29.422708+00:00, run_after=2024-04-27T12:59:29.422708+00:00
[2024-04-27 09:59:29,432] {processor.py:161} INFO - Processing /home/enrico/Documentos/backup/AULA/Alura/Engenharia de dados/projeto_airflow/airflowalura/venv/lib/python3.9/site-packages/airflow/example_dags/example_latest_only_with_trigger.py took 0.043 seconds
[2024-04-27 10:00:03,226] {processor.py:153} INFO - Started process (PID=97363) to work on /home/enrico/Documentos/backup/AULA/Alura/Engenharia de dados/projeto_airflow/airflowalura/venv/lib/python3.9/site-packages/airflow/example_dags/example_latest_only_with_trigger.py
[2024-04-27 10:00:03,229] {processor.py:641} INFO - Processing file /home/enrico/Documentos/backup/AULA/Alura/Engenharia de dados/projeto_airflow/airflowalura/venv/lib/python3.9/site-packages/airflow/example_dags/example_latest_only_with_trigger.py for tasks to queue
[2024-04-27 10:00:03,230] {logging_mixin.py:115} INFO - [2024-04-27 10:00:03,230] {dagbag.py:507} INFO - Filling up the DagBag from /home/enrico/Documentos/backup/AULA/Alura/Engenharia de dados/projeto_airflow/airflowalura/venv/lib/python3.9/site-packages/airflow/example_dags/example_latest_only_with_trigger.py
[2024-04-27 10:00:03,245] {processor.py:651} INFO - DAG(s) dict_keys(['latest_only_with_trigger']) retrieved from /home/enrico/Documentos/backup/AULA/Alura/Engenharia de dados/projeto_airflow/airflowalura/venv/lib/python3.9/site-packages/airflow/example_dags/example_latest_only_with_trigger.py
[2024-04-27 10:00:03,258] {logging_mixin.py:115} INFO - [2024-04-27 10:00:03,258] {dag.py:2379} INFO - Sync 1 DAGs
[2024-04-27 10:00:03,268] {logging_mixin.py:115} INFO - [2024-04-27 10:00:03,268] {dag.py:2927} INFO - Setting next_dagrun for latest_only_with_trigger to 2024-04-27T09:00:03.267859+00:00, run_after=2024-04-27T13:00:03.267859+00:00
[2024-04-27 10:00:03,282] {processor.py:161} INFO - Processing /home/enrico/Documentos/backup/AULA/Alura/Engenharia de dados/projeto_airflow/airflowalura/venv/lib/python3.9/site-packages/airflow/example_dags/example_latest_only_with_trigger.py took 0.062 seconds
[2024-04-27 10:00:39,185] {processor.py:153} INFO - Started process (PID=97417) to work on /home/enrico/Documentos/backup/AULA/Alura/Engenharia de dados/projeto_airflow/airflowalura/venv/lib/python3.9/site-packages/airflow/example_dags/example_latest_only_with_trigger.py
[2024-04-27 10:00:39,188] {processor.py:641} INFO - Processing file /home/enrico/Documentos/backup/AULA/Alura/Engenharia de dados/projeto_airflow/airflowalura/venv/lib/python3.9/site-packages/airflow/example_dags/example_latest_only_with_trigger.py for tasks to queue
[2024-04-27 10:00:39,189] {logging_mixin.py:115} INFO - [2024-04-27 10:00:39,189] {dagbag.py:507} INFO - Filling up the DagBag from /home/enrico/Documentos/backup/AULA/Alura/Engenharia de dados/projeto_airflow/airflowalura/venv/lib/python3.9/site-packages/airflow/example_dags/example_latest_only_with_trigger.py
[2024-04-27 10:00:39,206] {processor.py:651} INFO - DAG(s) dict_keys(['latest_only_with_trigger']) retrieved from /home/enrico/Documentos/backup/AULA/Alura/Engenharia de dados/projeto_airflow/airflowalura/venv/lib/python3.9/site-packages/airflow/example_dags/example_latest_only_with_trigger.py
[2024-04-27 10:00:39,221] {logging_mixin.py:115} INFO - [2024-04-27 10:00:39,221] {dag.py:2379} INFO - Sync 1 DAGs
[2024-04-27 10:00:39,233] {logging_mixin.py:115} INFO - [2024-04-27 10:00:39,233] {dag.py:2927} INFO - Setting next_dagrun for latest_only_with_trigger to 2024-04-27T09:00:39.233449+00:00, run_after=2024-04-27T13:00:39.233449+00:00
[2024-04-27 10:00:39,244] {processor.py:161} INFO - Processing /home/enrico/Documentos/backup/AULA/Alura/Engenharia de dados/projeto_airflow/airflowalura/venv/lib/python3.9/site-packages/airflow/example_dags/example_latest_only_with_trigger.py took 0.065 seconds
[2024-04-27 10:01:14,797] {processor.py:153} INFO - Started process (PID=97491) to work on /home/enrico/Documentos/backup/AULA/Alura/Engenharia de dados/projeto_airflow/airflowalura/venv/lib/python3.9/site-packages/airflow/example_dags/example_latest_only_with_trigger.py
[2024-04-27 10:01:14,800] {processor.py:641} INFO - Processing file /home/enrico/Documentos/backup/AULA/Alura/Engenharia de dados/projeto_airflow/airflowalura/venv/lib/python3.9/site-packages/airflow/example_dags/example_latest_only_with_trigger.py for tasks to queue
[2024-04-27 10:01:14,800] {logging_mixin.py:115} INFO - [2024-04-27 10:01:14,800] {dagbag.py:507} INFO - Filling up the DagBag from /home/enrico/Documentos/backup/AULA/Alura/Engenharia de dados/projeto_airflow/airflowalura/venv/lib/python3.9/site-packages/airflow/example_dags/example_latest_only_with_trigger.py
[2024-04-27 10:01:14,805] {processor.py:651} INFO - DAG(s) dict_keys(['latest_only_with_trigger']) retrieved from /home/enrico/Documentos/backup/AULA/Alura/Engenharia de dados/projeto_airflow/airflowalura/venv/lib/python3.9/site-packages/airflow/example_dags/example_latest_only_with_trigger.py
[2024-04-27 10:01:14,813] {logging_mixin.py:115} INFO - [2024-04-27 10:01:14,813] {dag.py:2379} INFO - Sync 1 DAGs
[2024-04-27 10:01:14,825] {logging_mixin.py:115} INFO - [2024-04-27 10:01:14,825] {dag.py:2927} INFO - Setting next_dagrun for latest_only_with_trigger to 2024-04-27T09:01:14.824794+00:00, run_after=2024-04-27T13:01:14.824794+00:00
[2024-04-27 10:01:14,835] {processor.py:161} INFO - Processing /home/enrico/Documentos/backup/AULA/Alura/Engenharia de dados/projeto_airflow/airflowalura/venv/lib/python3.9/site-packages/airflow/example_dags/example_latest_only_with_trigger.py took 0.040 seconds
[2024-04-27 10:01:49,614] {processor.py:153} INFO - Started process (PID=97543) to work on /home/enrico/Documentos/backup/AULA/Alura/Engenharia de dados/projeto_airflow/airflowalura/venv/lib/python3.9/site-packages/airflow/example_dags/example_latest_only_with_trigger.py
[2024-04-27 10:01:49,617] {processor.py:641} INFO - Processing file /home/enrico/Documentos/backup/AULA/Alura/Engenharia de dados/projeto_airflow/airflowalura/venv/lib/python3.9/site-packages/airflow/example_dags/example_latest_only_with_trigger.py for tasks to queue
[2024-04-27 10:01:49,618] {logging_mixin.py:115} INFO - [2024-04-27 10:01:49,618] {dagbag.py:507} INFO - Filling up the DagBag from /home/enrico/Documentos/backup/AULA/Alura/Engenharia de dados/projeto_airflow/airflowalura/venv/lib/python3.9/site-packages/airflow/example_dags/example_latest_only_with_trigger.py
[2024-04-27 10:01:49,633] {processor.py:651} INFO - DAG(s) dict_keys(['latest_only_with_trigger']) retrieved from /home/enrico/Documentos/backup/AULA/Alura/Engenharia de dados/projeto_airflow/airflowalura/venv/lib/python3.9/site-packages/airflow/example_dags/example_latest_only_with_trigger.py
[2024-04-27 10:01:49,649] {logging_mixin.py:115} INFO - [2024-04-27 10:01:49,648] {dag.py:2379} INFO - Sync 1 DAGs
[2024-04-27 10:01:49,662] {logging_mixin.py:115} INFO - [2024-04-27 10:01:49,662] {dag.py:2927} INFO - Setting next_dagrun for latest_only_with_trigger to 2024-04-27T09:01:49.661897+00:00, run_after=2024-04-27T13:01:49.661897+00:00
[2024-04-27 10:01:49,672] {processor.py:161} INFO - Processing /home/enrico/Documentos/backup/AULA/Alura/Engenharia de dados/projeto_airflow/airflowalura/venv/lib/python3.9/site-packages/airflow/example_dags/example_latest_only_with_trigger.py took 0.063 seconds
[2024-04-27 10:02:29,339] {processor.py:153} INFO - Started process (PID=97689) to work on /home/enrico/Documentos/backup/AULA/Alura/Engenharia de dados/projeto_airflow/airflowalura/venv/lib/python3.9/site-packages/airflow/example_dags/example_latest_only_with_trigger.py
[2024-04-27 10:02:29,340] {processor.py:641} INFO - Processing file /home/enrico/Documentos/backup/AULA/Alura/Engenharia de dados/projeto_airflow/airflowalura/venv/lib/python3.9/site-packages/airflow/example_dags/example_latest_only_with_trigger.py for tasks to queue
[2024-04-27 10:02:29,340] {logging_mixin.py:115} INFO - [2024-04-27 10:02:29,340] {dagbag.py:507} INFO - Filling up the DagBag from /home/enrico/Documentos/backup/AULA/Alura/Engenharia de dados/projeto_airflow/airflowalura/venv/lib/python3.9/site-packages/airflow/example_dags/example_latest_only_with_trigger.py
[2024-04-27 10:02:29,345] {processor.py:651} INFO - DAG(s) dict_keys(['latest_only_with_trigger']) retrieved from /home/enrico/Documentos/backup/AULA/Alura/Engenharia de dados/projeto_airflow/airflowalura/venv/lib/python3.9/site-packages/airflow/example_dags/example_latest_only_with_trigger.py
[2024-04-27 10:02:29,354] {logging_mixin.py:115} INFO - [2024-04-27 10:02:29,354] {dag.py:2379} INFO - Sync 1 DAGs
[2024-04-27 10:02:29,365] {logging_mixin.py:115} INFO - [2024-04-27 10:02:29,365] {dag.py:2927} INFO - Setting next_dagrun for latest_only_with_trigger to 2024-04-27T09:02:29.365106+00:00, run_after=2024-04-27T13:02:29.365106+00:00
[2024-04-27 10:02:29,375] {processor.py:161} INFO - Processing /home/enrico/Documentos/backup/AULA/Alura/Engenharia de dados/projeto_airflow/airflowalura/venv/lib/python3.9/site-packages/airflow/example_dags/example_latest_only_with_trigger.py took 0.037 seconds
[2024-04-27 10:03:05,278] {processor.py:153} INFO - Started process (PID=97899) to work on /home/enrico/Documentos/backup/AULA/Alura/Engenharia de dados/projeto_airflow/airflowalura/venv/lib/python3.9/site-packages/airflow/example_dags/example_latest_only_with_trigger.py
[2024-04-27 10:03:05,279] {processor.py:641} INFO - Processing file /home/enrico/Documentos/backup/AULA/Alura/Engenharia de dados/projeto_airflow/airflowalura/venv/lib/python3.9/site-packages/airflow/example_dags/example_latest_only_with_trigger.py for tasks to queue
[2024-04-27 10:03:05,280] {logging_mixin.py:115} INFO - [2024-04-27 10:03:05,280] {dagbag.py:507} INFO - Filling up the DagBag from /home/enrico/Documentos/backup/AULA/Alura/Engenharia de dados/projeto_airflow/airflowalura/venv/lib/python3.9/site-packages/airflow/example_dags/example_latest_only_with_trigger.py
[2024-04-27 10:03:05,297] {processor.py:651} INFO - DAG(s) dict_keys(['latest_only_with_trigger']) retrieved from /home/enrico/Documentos/backup/AULA/Alura/Engenharia de dados/projeto_airflow/airflowalura/venv/lib/python3.9/site-packages/airflow/example_dags/example_latest_only_with_trigger.py
[2024-04-27 10:03:05,311] {logging_mixin.py:115} INFO - [2024-04-27 10:03:05,311] {dag.py:2379} INFO - Sync 1 DAGs
[2024-04-27 10:03:05,320] {logging_mixin.py:115} INFO - [2024-04-27 10:03:05,320] {dag.py:2927} INFO - Setting next_dagrun for latest_only_with_trigger to 2024-04-27T09:03:05.320450+00:00, run_after=2024-04-27T13:03:05.320450+00:00
[2024-04-27 10:03:05,333] {processor.py:161} INFO - Processing /home/enrico/Documentos/backup/AULA/Alura/Engenharia de dados/projeto_airflow/airflowalura/venv/lib/python3.9/site-packages/airflow/example_dags/example_latest_only_with_trigger.py took 0.060 seconds
[2024-04-27 10:03:39,260] {processor.py:153} INFO - Started process (PID=98110) to work on /home/enrico/Documentos/backup/AULA/Alura/Engenharia de dados/projeto_airflow/airflowalura/venv/lib/python3.9/site-packages/airflow/example_dags/example_latest_only_with_trigger.py
[2024-04-27 10:03:39,261] {processor.py:641} INFO - Processing file /home/enrico/Documentos/backup/AULA/Alura/Engenharia de dados/projeto_airflow/airflowalura/venv/lib/python3.9/site-packages/airflow/example_dags/example_latest_only_with_trigger.py for tasks to queue
[2024-04-27 10:03:39,261] {logging_mixin.py:115} INFO - [2024-04-27 10:03:39,261] {dagbag.py:507} INFO - Filling up the DagBag from /home/enrico/Documentos/backup/AULA/Alura/Engenharia de dados/projeto_airflow/airflowalura/venv/lib/python3.9/site-packages/airflow/example_dags/example_latest_only_with_trigger.py
[2024-04-27 10:03:39,266] {processor.py:651} INFO - DAG(s) dict_keys(['latest_only_with_trigger']) retrieved from /home/enrico/Documentos/backup/AULA/Alura/Engenharia de dados/projeto_airflow/airflowalura/venv/lib/python3.9/site-packages/airflow/example_dags/example_latest_only_with_trigger.py
[2024-04-27 10:03:39,275] {logging_mixin.py:115} INFO - [2024-04-27 10:03:39,275] {dag.py:2379} INFO - Sync 1 DAGs
[2024-04-27 10:03:39,286] {logging_mixin.py:115} INFO - [2024-04-27 10:03:39,286] {dag.py:2927} INFO - Setting next_dagrun for latest_only_with_trigger to 2024-04-27T09:03:39.286334+00:00, run_after=2024-04-27T13:03:39.286334+00:00
[2024-04-27 10:03:39,299] {processor.py:161} INFO - Processing /home/enrico/Documentos/backup/AULA/Alura/Engenharia de dados/projeto_airflow/airflowalura/venv/lib/python3.9/site-packages/airflow/example_dags/example_latest_only_with_trigger.py took 0.041 seconds
[2024-04-27 10:04:14,831] {processor.py:153} INFO - Started process (PID=98323) to work on /home/enrico/Documentos/backup/AULA/Alura/Engenharia de dados/projeto_airflow/airflowalura/venv/lib/python3.9/site-packages/airflow/example_dags/example_latest_only_with_trigger.py
[2024-04-27 10:04:14,832] {processor.py:641} INFO - Processing file /home/enrico/Documentos/backup/AULA/Alura/Engenharia de dados/projeto_airflow/airflowalura/venv/lib/python3.9/site-packages/airflow/example_dags/example_latest_only_with_trigger.py for tasks to queue
[2024-04-27 10:04:14,832] {logging_mixin.py:115} INFO - [2024-04-27 10:04:14,832] {dagbag.py:507} INFO - Filling up the DagBag from /home/enrico/Documentos/backup/AULA/Alura/Engenharia de dados/projeto_airflow/airflowalura/venv/lib/python3.9/site-packages/airflow/example_dags/example_latest_only_with_trigger.py
[2024-04-27 10:04:14,837] {processor.py:651} INFO - DAG(s) dict_keys(['latest_only_with_trigger']) retrieved from /home/enrico/Documentos/backup/AULA/Alura/Engenharia de dados/projeto_airflow/airflowalura/venv/lib/python3.9/site-packages/airflow/example_dags/example_latest_only_with_trigger.py
[2024-04-27 10:04:14,844] {logging_mixin.py:115} INFO - [2024-04-27 10:04:14,844] {dag.py:2379} INFO - Sync 1 DAGs
[2024-04-27 10:04:14,853] {logging_mixin.py:115} INFO - [2024-04-27 10:04:14,853] {dag.py:2927} INFO - Setting next_dagrun for latest_only_with_trigger to 2024-04-27T09:04:14.853711+00:00, run_after=2024-04-27T13:04:14.853711+00:00
[2024-04-27 10:04:14,864] {processor.py:161} INFO - Processing /home/enrico/Documentos/backup/AULA/Alura/Engenharia de dados/projeto_airflow/airflowalura/venv/lib/python3.9/site-packages/airflow/example_dags/example_latest_only_with_trigger.py took 0.034 seconds
[2024-04-27 10:04:56,043] {processor.py:153} INFO - Started process (PID=98568) to work on /home/enrico/Documentos/backup/AULA/Alura/Engenharia de dados/projeto_airflow/airflowalura/venv/lib/python3.9/site-packages/airflow/example_dags/example_latest_only_with_trigger.py
[2024-04-27 10:04:56,046] {processor.py:641} INFO - Processing file /home/enrico/Documentos/backup/AULA/Alura/Engenharia de dados/projeto_airflow/airflowalura/venv/lib/python3.9/site-packages/airflow/example_dags/example_latest_only_with_trigger.py for tasks to queue
[2024-04-27 10:04:56,047] {logging_mixin.py:115} INFO - [2024-04-27 10:04:56,046] {dagbag.py:507} INFO - Filling up the DagBag from /home/enrico/Documentos/backup/AULA/Alura/Engenharia de dados/projeto_airflow/airflowalura/venv/lib/python3.9/site-packages/airflow/example_dags/example_latest_only_with_trigger.py
[2024-04-27 10:04:56,050] {processor.py:651} INFO - DAG(s) dict_keys(['latest_only_with_trigger']) retrieved from /home/enrico/Documentos/backup/AULA/Alura/Engenharia de dados/projeto_airflow/airflowalura/venv/lib/python3.9/site-packages/airflow/example_dags/example_latest_only_with_trigger.py
[2024-04-27 10:04:56,059] {logging_mixin.py:115} INFO - [2024-04-27 10:04:56,058] {dag.py:2379} INFO - Sync 1 DAGs
[2024-04-27 10:04:56,069] {logging_mixin.py:115} INFO - [2024-04-27 10:04:56,069] {dag.py:2927} INFO - Setting next_dagrun for latest_only_with_trigger to 2024-04-27T09:04:56.069721+00:00, run_after=2024-04-27T13:04:56.069721+00:00
[2024-04-27 10:04:56,081] {processor.py:161} INFO - Processing /home/enrico/Documentos/backup/AULA/Alura/Engenharia de dados/projeto_airflow/airflowalura/venv/lib/python3.9/site-packages/airflow/example_dags/example_latest_only_with_trigger.py took 0.039 seconds
