[2024-04-27 09:50:21,116] {processor.py:153} INFO - Started process (PID=95934) to work on /home/enrico/Documentos/backup/AULA/Alura/Engenharia de dados/projeto_airflow/airflowalura/venv/lib/python3.9/site-packages/airflow/example_dags/example_time_delta_sensor_async.py
[2024-04-27 09:50:21,117] {processor.py:641} INFO - Processing file /home/enrico/Documentos/backup/AULA/Alura/Engenharia de dados/projeto_airflow/airflowalura/venv/lib/python3.9/site-packages/airflow/example_dags/example_time_delta_sensor_async.py for tasks to queue
[2024-04-27 09:50:21,117] {logging_mixin.py:115} INFO - [2024-04-27 09:50:21,117] {dagbag.py:507} INFO - Filling up the DagBag from /home/enrico/Documentos/backup/AULA/Alura/Engenharia de dados/projeto_airflow/airflowalura/venv/lib/python3.9/site-packages/airflow/example_dags/example_time_delta_sensor_async.py
[2024-04-27 09:50:21,120] {processor.py:651} INFO - DAG(s) dict_keys(['example_time_delta_sensor_async']) retrieved from /home/enrico/Documentos/backup/AULA/Alura/Engenharia de dados/projeto_airflow/airflowalura/venv/lib/python3.9/site-packages/airflow/example_dags/example_time_delta_sensor_async.py
[2024-04-27 09:50:21,134] {logging_mixin.py:115} INFO - [2024-04-27 09:50:21,134] {dag.py:2379} INFO - Sync 1 DAGs
[2024-04-27 09:50:21,144] {logging_mixin.py:115} INFO - [2024-04-27 09:50:21,144] {dag.py:2927} INFO - Setting next_dagrun for example_time_delta_sensor_async to None, run_after=None
[2024-04-27 09:50:21,158] {processor.py:161} INFO - Processing /home/enrico/Documentos/backup/AULA/Alura/Engenharia de dados/projeto_airflow/airflowalura/venv/lib/python3.9/site-packages/airflow/example_dags/example_time_delta_sensor_async.py took 0.043 seconds
[2024-04-27 09:50:55,203] {processor.py:153} INFO - Started process (PID=96108) to work on /home/enrico/Documentos/backup/AULA/Alura/Engenharia de dados/projeto_airflow/airflowalura/venv/lib/python3.9/site-packages/airflow/example_dags/example_time_delta_sensor_async.py
[2024-04-27 09:50:55,204] {processor.py:641} INFO - Processing file /home/enrico/Documentos/backup/AULA/Alura/Engenharia de dados/projeto_airflow/airflowalura/venv/lib/python3.9/site-packages/airflow/example_dags/example_time_delta_sensor_async.py for tasks to queue
[2024-04-27 09:50:55,205] {logging_mixin.py:115} INFO - [2024-04-27 09:50:55,205] {dagbag.py:507} INFO - Filling up the DagBag from /home/enrico/Documentos/backup/AULA/Alura/Engenharia de dados/projeto_airflow/airflowalura/venv/lib/python3.9/site-packages/airflow/example_dags/example_time_delta_sensor_async.py
[2024-04-27 09:50:55,215] {processor.py:651} INFO - DAG(s) dict_keys(['example_time_delta_sensor_async']) retrieved from /home/enrico/Documentos/backup/AULA/Alura/Engenharia de dados/projeto_airflow/airflowalura/venv/lib/python3.9/site-packages/airflow/example_dags/example_time_delta_sensor_async.py
[2024-04-27 09:50:55,242] {logging_mixin.py:115} INFO - [2024-04-27 09:50:55,242] {dag.py:2379} INFO - Sync 1 DAGs
[2024-04-27 09:50:55,253] {logging_mixin.py:115} INFO - [2024-04-27 09:50:55,253] {dag.py:2927} INFO - Setting next_dagrun for example_time_delta_sensor_async to None, run_after=None
[2024-04-27 09:50:55,261] {processor.py:161} INFO - Processing /home/enrico/Documentos/backup/AULA/Alura/Engenharia de dados/projeto_airflow/airflowalura/venv/lib/python3.9/site-packages/airflow/example_dags/example_time_delta_sensor_async.py took 0.064 seconds
[2024-04-27 09:51:30,461] {processor.py:153} INFO - Started process (PID=96345) to work on /home/enrico/Documentos/backup/AULA/Alura/Engenharia de dados/projeto_airflow/airflowalura/venv/lib/python3.9/site-packages/airflow/example_dags/example_time_delta_sensor_async.py
[2024-04-27 09:51:30,465] {processor.py:641} INFO - Processing file /home/enrico/Documentos/backup/AULA/Alura/Engenharia de dados/projeto_airflow/airflowalura/venv/lib/python3.9/site-packages/airflow/example_dags/example_time_delta_sensor_async.py for tasks to queue
[2024-04-27 09:51:30,466] {logging_mixin.py:115} INFO - [2024-04-27 09:51:30,466] {dagbag.py:507} INFO - Filling up the DagBag from /home/enrico/Documentos/backup/AULA/Alura/Engenharia de dados/projeto_airflow/airflowalura/venv/lib/python3.9/site-packages/airflow/example_dags/example_time_delta_sensor_async.py
[2024-04-27 09:51:30,477] {processor.py:651} INFO - DAG(s) dict_keys(['example_time_delta_sensor_async']) retrieved from /home/enrico/Documentos/backup/AULA/Alura/Engenharia de dados/projeto_airflow/airflowalura/venv/lib/python3.9/site-packages/airflow/example_dags/example_time_delta_sensor_async.py
[2024-04-27 09:51:30,504] {logging_mixin.py:115} INFO - [2024-04-27 09:51:30,504] {dag.py:2379} INFO - Sync 1 DAGs
[2024-04-27 09:51:30,513] {logging_mixin.py:115} INFO - [2024-04-27 09:51:30,513] {dag.py:2927} INFO - Setting next_dagrun for example_time_delta_sensor_async to None, run_after=None
[2024-04-27 09:51:30,521] {processor.py:161} INFO - Processing /home/enrico/Documentos/backup/AULA/Alura/Engenharia de dados/projeto_airflow/airflowalura/venv/lib/python3.9/site-packages/airflow/example_dags/example_time_delta_sensor_async.py took 0.065 seconds
[2024-04-27 09:52:07,248] {processor.py:153} INFO - Started process (PID=96425) to work on /home/enrico/Documentos/backup/AULA/Alura/Engenharia de dados/projeto_airflow/airflowalura/venv/lib/python3.9/site-packages/airflow/example_dags/example_time_delta_sensor_async.py
[2024-04-27 09:52:07,250] {processor.py:641} INFO - Processing file /home/enrico/Documentos/backup/AULA/Alura/Engenharia de dados/projeto_airflow/airflowalura/venv/lib/python3.9/site-packages/airflow/example_dags/example_time_delta_sensor_async.py for tasks to queue
[2024-04-27 09:52:07,251] {logging_mixin.py:115} INFO - [2024-04-27 09:52:07,251] {dagbag.py:507} INFO - Filling up the DagBag from /home/enrico/Documentos/backup/AULA/Alura/Engenharia de dados/projeto_airflow/airflowalura/venv/lib/python3.9/site-packages/airflow/example_dags/example_time_delta_sensor_async.py
[2024-04-27 09:52:07,253] {processor.py:651} INFO - DAG(s) dict_keys(['example_time_delta_sensor_async']) retrieved from /home/enrico/Documentos/backup/AULA/Alura/Engenharia de dados/projeto_airflow/airflowalura/venv/lib/python3.9/site-packages/airflow/example_dags/example_time_delta_sensor_async.py
[2024-04-27 09:52:07,265] {logging_mixin.py:115} INFO - [2024-04-27 09:52:07,265] {dag.py:2379} INFO - Sync 1 DAGs
[2024-04-27 09:52:07,275] {logging_mixin.py:115} INFO - [2024-04-27 09:52:07,274] {dag.py:2927} INFO - Setting next_dagrun for example_time_delta_sensor_async to None, run_after=None
[2024-04-27 09:52:07,288] {processor.py:161} INFO - Processing /home/enrico/Documentos/backup/AULA/Alura/Engenharia de dados/projeto_airflow/airflowalura/venv/lib/python3.9/site-packages/airflow/example_dags/example_time_delta_sensor_async.py took 0.042 seconds
[2024-04-27 09:52:45,535] {processor.py:153} INFO - Started process (PID=96598) to work on /home/enrico/Documentos/backup/AULA/Alura/Engenharia de dados/projeto_airflow/airflowalura/venv/lib/python3.9/site-packages/airflow/example_dags/example_time_delta_sensor_async.py
[2024-04-27 09:52:45,538] {processor.py:641} INFO - Processing file /home/enrico/Documentos/backup/AULA/Alura/Engenharia de dados/projeto_airflow/airflowalura/venv/lib/python3.9/site-packages/airflow/example_dags/example_time_delta_sensor_async.py for tasks to queue
[2024-04-27 09:52:45,539] {logging_mixin.py:115} INFO - [2024-04-27 09:52:45,539] {dagbag.py:507} INFO - Filling up the DagBag from /home/enrico/Documentos/backup/AULA/Alura/Engenharia de dados/projeto_airflow/airflowalura/venv/lib/python3.9/site-packages/airflow/example_dags/example_time_delta_sensor_async.py
[2024-04-27 09:52:45,550] {processor.py:651} INFO - DAG(s) dict_keys(['example_time_delta_sensor_async']) retrieved from /home/enrico/Documentos/backup/AULA/Alura/Engenharia de dados/projeto_airflow/airflowalura/venv/lib/python3.9/site-packages/airflow/example_dags/example_time_delta_sensor_async.py
[2024-04-27 09:52:45,578] {logging_mixin.py:115} INFO - [2024-04-27 09:52:45,577] {dag.py:2379} INFO - Sync 1 DAGs
[2024-04-27 09:52:45,590] {logging_mixin.py:115} INFO - [2024-04-27 09:52:45,590] {dag.py:2927} INFO - Setting next_dagrun for example_time_delta_sensor_async to None, run_after=None
[2024-04-27 09:52:45,601] {processor.py:161} INFO - Processing /home/enrico/Documentos/backup/AULA/Alura/Engenharia de dados/projeto_airflow/airflowalura/venv/lib/python3.9/site-packages/airflow/example_dags/example_time_delta_sensor_async.py took 0.067 seconds
[2024-04-27 09:53:25,135] {processor.py:153} INFO - Started process (PID=96649) to work on /home/enrico/Documentos/backup/AULA/Alura/Engenharia de dados/projeto_airflow/airflowalura/venv/lib/python3.9/site-packages/airflow/example_dags/example_time_delta_sensor_async.py
[2024-04-27 09:53:25,138] {processor.py:641} INFO - Processing file /home/enrico/Documentos/backup/AULA/Alura/Engenharia de dados/projeto_airflow/airflowalura/venv/lib/python3.9/site-packages/airflow/example_dags/example_time_delta_sensor_async.py for tasks to queue
[2024-04-27 09:53:25,139] {logging_mixin.py:115} INFO - [2024-04-27 09:53:25,139] {dagbag.py:507} INFO - Filling up the DagBag from /home/enrico/Documentos/backup/AULA/Alura/Engenharia de dados/projeto_airflow/airflowalura/venv/lib/python3.9/site-packages/airflow/example_dags/example_time_delta_sensor_async.py
[2024-04-27 09:53:25,149] {processor.py:651} INFO - DAG(s) dict_keys(['example_time_delta_sensor_async']) retrieved from /home/enrico/Documentos/backup/AULA/Alura/Engenharia de dados/projeto_airflow/airflowalura/venv/lib/python3.9/site-packages/airflow/example_dags/example_time_delta_sensor_async.py
[2024-04-27 09:53:25,177] {logging_mixin.py:115} INFO - [2024-04-27 09:53:25,177] {dag.py:2379} INFO - Sync 1 DAGs
[2024-04-27 09:53:25,188] {logging_mixin.py:115} INFO - [2024-04-27 09:53:25,188] {dag.py:2927} INFO - Setting next_dagrun for example_time_delta_sensor_async to None, run_after=None
[2024-04-27 09:53:25,203] {processor.py:161} INFO - Processing /home/enrico/Documentos/backup/AULA/Alura/Engenharia de dados/projeto_airflow/airflowalura/venv/lib/python3.9/site-packages/airflow/example_dags/example_time_delta_sensor_async.py took 0.073 seconds
[2024-04-27 09:54:01,390] {processor.py:153} INFO - Started process (PID=96710) to work on /home/enrico/Documentos/backup/AULA/Alura/Engenharia de dados/projeto_airflow/airflowalura/venv/lib/python3.9/site-packages/airflow/example_dags/example_time_delta_sensor_async.py
[2024-04-27 09:54:01,393] {processor.py:641} INFO - Processing file /home/enrico/Documentos/backup/AULA/Alura/Engenharia de dados/projeto_airflow/airflowalura/venv/lib/python3.9/site-packages/airflow/example_dags/example_time_delta_sensor_async.py for tasks to queue
[2024-04-27 09:54:01,393] {logging_mixin.py:115} INFO - [2024-04-27 09:54:01,393] {dagbag.py:507} INFO - Filling up the DagBag from /home/enrico/Documentos/backup/AULA/Alura/Engenharia de dados/projeto_airflow/airflowalura/venv/lib/python3.9/site-packages/airflow/example_dags/example_time_delta_sensor_async.py
[2024-04-27 09:54:01,395] {processor.py:651} INFO - DAG(s) dict_keys(['example_time_delta_sensor_async']) retrieved from /home/enrico/Documentos/backup/AULA/Alura/Engenharia de dados/projeto_airflow/airflowalura/venv/lib/python3.9/site-packages/airflow/example_dags/example_time_delta_sensor_async.py
[2024-04-27 09:54:01,408] {logging_mixin.py:115} INFO - [2024-04-27 09:54:01,408] {dag.py:2379} INFO - Sync 1 DAGs
[2024-04-27 09:54:01,417] {logging_mixin.py:115} INFO - [2024-04-27 09:54:01,417] {dag.py:2927} INFO - Setting next_dagrun for example_time_delta_sensor_async to None, run_after=None
[2024-04-27 09:54:01,427] {processor.py:161} INFO - Processing /home/enrico/Documentos/backup/AULA/Alura/Engenharia de dados/projeto_airflow/airflowalura/venv/lib/python3.9/site-packages/airflow/example_dags/example_time_delta_sensor_async.py took 0.039 seconds
[2024-04-27 09:54:38,793] {processor.py:153} INFO - Started process (PID=96763) to work on /home/enrico/Documentos/backup/AULA/Alura/Engenharia de dados/projeto_airflow/airflowalura/venv/lib/python3.9/site-packages/airflow/example_dags/example_time_delta_sensor_async.py
[2024-04-27 09:54:38,797] {processor.py:641} INFO - Processing file /home/enrico/Documentos/backup/AULA/Alura/Engenharia de dados/projeto_airflow/airflowalura/venv/lib/python3.9/site-packages/airflow/example_dags/example_time_delta_sensor_async.py for tasks to queue
[2024-04-27 09:54:38,798] {logging_mixin.py:115} INFO - [2024-04-27 09:54:38,797] {dagbag.py:507} INFO - Filling up the DagBag from /home/enrico/Documentos/backup/AULA/Alura/Engenharia de dados/projeto_airflow/airflowalura/venv/lib/python3.9/site-packages/airflow/example_dags/example_time_delta_sensor_async.py
[2024-04-27 09:54:38,808] {processor.py:651} INFO - DAG(s) dict_keys(['example_time_delta_sensor_async']) retrieved from /home/enrico/Documentos/backup/AULA/Alura/Engenharia de dados/projeto_airflow/airflowalura/venv/lib/python3.9/site-packages/airflow/example_dags/example_time_delta_sensor_async.py
[2024-04-27 09:54:38,836] {logging_mixin.py:115} INFO - [2024-04-27 09:54:38,836] {dag.py:2379} INFO - Sync 1 DAGs
[2024-04-27 09:54:38,847] {logging_mixin.py:115} INFO - [2024-04-27 09:54:38,847] {dag.py:2927} INFO - Setting next_dagrun for example_time_delta_sensor_async to None, run_after=None
[2024-04-27 09:54:38,856] {processor.py:161} INFO - Processing /home/enrico/Documentos/backup/AULA/Alura/Engenharia de dados/projeto_airflow/airflowalura/venv/lib/python3.9/site-packages/airflow/example_dags/example_time_delta_sensor_async.py took 0.069 seconds
[2024-04-27 09:55:18,758] {processor.py:153} INFO - Started process (PID=96830) to work on /home/enrico/Documentos/backup/AULA/Alura/Engenharia de dados/projeto_airflow/airflowalura/venv/lib/python3.9/site-packages/airflow/example_dags/example_time_delta_sensor_async.py
[2024-04-27 09:55:18,762] {processor.py:641} INFO - Processing file /home/enrico/Documentos/backup/AULA/Alura/Engenharia de dados/projeto_airflow/airflowalura/venv/lib/python3.9/site-packages/airflow/example_dags/example_time_delta_sensor_async.py for tasks to queue
[2024-04-27 09:55:18,763] {logging_mixin.py:115} INFO - [2024-04-27 09:55:18,763] {dagbag.py:507} INFO - Filling up the DagBag from /home/enrico/Documentos/backup/AULA/Alura/Engenharia de dados/projeto_airflow/airflowalura/venv/lib/python3.9/site-packages/airflow/example_dags/example_time_delta_sensor_async.py
[2024-04-27 09:55:18,773] {processor.py:651} INFO - DAG(s) dict_keys(['example_time_delta_sensor_async']) retrieved from /home/enrico/Documentos/backup/AULA/Alura/Engenharia de dados/projeto_airflow/airflowalura/venv/lib/python3.9/site-packages/airflow/example_dags/example_time_delta_sensor_async.py
[2024-04-27 09:55:18,799] {logging_mixin.py:115} INFO - [2024-04-27 09:55:18,799] {dag.py:2379} INFO - Sync 1 DAGs
[2024-04-27 09:55:18,809] {logging_mixin.py:115} INFO - [2024-04-27 09:55:18,809] {dag.py:2927} INFO - Setting next_dagrun for example_time_delta_sensor_async to None, run_after=None
[2024-04-27 09:55:18,820] {processor.py:161} INFO - Processing /home/enrico/Documentos/backup/AULA/Alura/Engenharia de dados/projeto_airflow/airflowalura/venv/lib/python3.9/site-packages/airflow/example_dags/example_time_delta_sensor_async.py took 0.067 seconds
[2024-04-27 09:55:56,129] {processor.py:153} INFO - Started process (PID=96881) to work on /home/enrico/Documentos/backup/AULA/Alura/Engenharia de dados/projeto_airflow/airflowalura/venv/lib/python3.9/site-packages/airflow/example_dags/example_time_delta_sensor_async.py
[2024-04-27 09:55:56,132] {processor.py:641} INFO - Processing file /home/enrico/Documentos/backup/AULA/Alura/Engenharia de dados/projeto_airflow/airflowalura/venv/lib/python3.9/site-packages/airflow/example_dags/example_time_delta_sensor_async.py for tasks to queue
[2024-04-27 09:55:56,133] {logging_mixin.py:115} INFO - [2024-04-27 09:55:56,133] {dagbag.py:507} INFO - Filling up the DagBag from /home/enrico/Documentos/backup/AULA/Alura/Engenharia de dados/projeto_airflow/airflowalura/venv/lib/python3.9/site-packages/airflow/example_dags/example_time_delta_sensor_async.py
[2024-04-27 09:55:56,143] {processor.py:651} INFO - DAG(s) dict_keys(['example_time_delta_sensor_async']) retrieved from /home/enrico/Documentos/backup/AULA/Alura/Engenharia de dados/projeto_airflow/airflowalura/venv/lib/python3.9/site-packages/airflow/example_dags/example_time_delta_sensor_async.py
[2024-04-27 09:55:56,177] {logging_mixin.py:115} INFO - [2024-04-27 09:55:56,177] {dag.py:2379} INFO - Sync 1 DAGs
[2024-04-27 09:55:56,189] {logging_mixin.py:115} INFO - [2024-04-27 09:55:56,189] {dag.py:2927} INFO - Setting next_dagrun for example_time_delta_sensor_async to None, run_after=None
[2024-04-27 09:55:56,204] {processor.py:161} INFO - Processing /home/enrico/Documentos/backup/AULA/Alura/Engenharia de dados/projeto_airflow/airflowalura/venv/lib/python3.9/site-packages/airflow/example_dags/example_time_delta_sensor_async.py took 0.078 seconds
[2024-04-27 09:56:31,895] {processor.py:153} INFO - Started process (PID=96971) to work on /home/enrico/Documentos/backup/AULA/Alura/Engenharia de dados/projeto_airflow/airflowalura/venv/lib/python3.9/site-packages/airflow/example_dags/example_time_delta_sensor_async.py
[2024-04-27 09:56:31,897] {processor.py:641} INFO - Processing file /home/enrico/Documentos/backup/AULA/Alura/Engenharia de dados/projeto_airflow/airflowalura/venv/lib/python3.9/site-packages/airflow/example_dags/example_time_delta_sensor_async.py for tasks to queue
[2024-04-27 09:56:31,898] {logging_mixin.py:115} INFO - [2024-04-27 09:56:31,898] {dagbag.py:507} INFO - Filling up the DagBag from /home/enrico/Documentos/backup/AULA/Alura/Engenharia de dados/projeto_airflow/airflowalura/venv/lib/python3.9/site-packages/airflow/example_dags/example_time_delta_sensor_async.py
[2024-04-27 09:56:31,900] {processor.py:651} INFO - DAG(s) dict_keys(['example_time_delta_sensor_async']) retrieved from /home/enrico/Documentos/backup/AULA/Alura/Engenharia de dados/projeto_airflow/airflowalura/venv/lib/python3.9/site-packages/airflow/example_dags/example_time_delta_sensor_async.py
[2024-04-27 09:56:31,912] {logging_mixin.py:115} INFO - [2024-04-27 09:56:31,912] {dag.py:2379} INFO - Sync 1 DAGs
[2024-04-27 09:56:31,921] {logging_mixin.py:115} INFO - [2024-04-27 09:56:31,921] {dag.py:2927} INFO - Setting next_dagrun for example_time_delta_sensor_async to None, run_after=None
[2024-04-27 09:56:31,933] {processor.py:161} INFO - Processing /home/enrico/Documentos/backup/AULA/Alura/Engenharia de dados/projeto_airflow/airflowalura/venv/lib/python3.9/site-packages/airflow/example_dags/example_time_delta_sensor_async.py took 0.039 seconds
[2024-04-27 09:57:06,447] {processor.py:153} INFO - Started process (PID=97081) to work on /home/enrico/Documentos/backup/AULA/Alura/Engenharia de dados/projeto_airflow/airflowalura/venv/lib/python3.9/site-packages/airflow/example_dags/example_time_delta_sensor_async.py
[2024-04-27 09:57:06,450] {processor.py:641} INFO - Processing file /home/enrico/Documentos/backup/AULA/Alura/Engenharia de dados/projeto_airflow/airflowalura/venv/lib/python3.9/site-packages/airflow/example_dags/example_time_delta_sensor_async.py for tasks to queue
[2024-04-27 09:57:06,451] {logging_mixin.py:115} INFO - [2024-04-27 09:57:06,451] {dagbag.py:507} INFO - Filling up the DagBag from /home/enrico/Documentos/backup/AULA/Alura/Engenharia de dados/projeto_airflow/airflowalura/venv/lib/python3.9/site-packages/airflow/example_dags/example_time_delta_sensor_async.py
[2024-04-27 09:57:06,461] {processor.py:651} INFO - DAG(s) dict_keys(['example_time_delta_sensor_async']) retrieved from /home/enrico/Documentos/backup/AULA/Alura/Engenharia de dados/projeto_airflow/airflowalura/venv/lib/python3.9/site-packages/airflow/example_dags/example_time_delta_sensor_async.py
[2024-04-27 09:57:06,488] {logging_mixin.py:115} INFO - [2024-04-27 09:57:06,488] {dag.py:2379} INFO - Sync 1 DAGs
[2024-04-27 09:57:06,499] {logging_mixin.py:115} INFO - [2024-04-27 09:57:06,499] {dag.py:2927} INFO - Setting next_dagrun for example_time_delta_sensor_async to None, run_after=None
[2024-04-27 09:57:06,509] {processor.py:161} INFO - Processing /home/enrico/Documentos/backup/AULA/Alura/Engenharia de dados/projeto_airflow/airflowalura/venv/lib/python3.9/site-packages/airflow/example_dags/example_time_delta_sensor_async.py took 0.068 seconds
[2024-04-27 09:57:48,349] {processor.py:153} INFO - Started process (PID=97136) to work on /home/enrico/Documentos/backup/AULA/Alura/Engenharia de dados/projeto_airflow/airflowalura/venv/lib/python3.9/site-packages/airflow/example_dags/example_time_delta_sensor_async.py
[2024-04-27 09:57:48,353] {processor.py:641} INFO - Processing file /home/enrico/Documentos/backup/AULA/Alura/Engenharia de dados/projeto_airflow/airflowalura/venv/lib/python3.9/site-packages/airflow/example_dags/example_time_delta_sensor_async.py for tasks to queue
[2024-04-27 09:57:48,354] {logging_mixin.py:115} INFO - [2024-04-27 09:57:48,354] {dagbag.py:507} INFO - Filling up the DagBag from /home/enrico/Documentos/backup/AULA/Alura/Engenharia de dados/projeto_airflow/airflowalura/venv/lib/python3.9/site-packages/airflow/example_dags/example_time_delta_sensor_async.py
[2024-04-27 09:57:48,364] {processor.py:651} INFO - DAG(s) dict_keys(['example_time_delta_sensor_async']) retrieved from /home/enrico/Documentos/backup/AULA/Alura/Engenharia de dados/projeto_airflow/airflowalura/venv/lib/python3.9/site-packages/airflow/example_dags/example_time_delta_sensor_async.py
[2024-04-27 09:57:48,389] {logging_mixin.py:115} INFO - [2024-04-27 09:57:48,389] {dag.py:2379} INFO - Sync 1 DAGs
[2024-04-27 09:57:48,402] {logging_mixin.py:115} INFO - [2024-04-27 09:57:48,402] {dag.py:2927} INFO - Setting next_dagrun for example_time_delta_sensor_async to None, run_after=None
[2024-04-27 09:57:48,416] {processor.py:161} INFO - Processing /home/enrico/Documentos/backup/AULA/Alura/Engenharia de dados/projeto_airflow/airflowalura/venv/lib/python3.9/site-packages/airflow/example_dags/example_time_delta_sensor_async.py took 0.073 seconds
[2024-04-27 09:58:23,664] {processor.py:153} INFO - Started process (PID=97190) to work on /home/enrico/Documentos/backup/AULA/Alura/Engenharia de dados/projeto_airflow/airflowalura/venv/lib/python3.9/site-packages/airflow/example_dags/example_time_delta_sensor_async.py
[2024-04-27 09:58:23,664] {processor.py:641} INFO - Processing file /home/enrico/Documentos/backup/AULA/Alura/Engenharia de dados/projeto_airflow/airflowalura/venv/lib/python3.9/site-packages/airflow/example_dags/example_time_delta_sensor_async.py for tasks to queue
[2024-04-27 09:58:23,665] {logging_mixin.py:115} INFO - [2024-04-27 09:58:23,665] {dagbag.py:507} INFO - Filling up the DagBag from /home/enrico/Documentos/backup/AULA/Alura/Engenharia de dados/projeto_airflow/airflowalura/venv/lib/python3.9/site-packages/airflow/example_dags/example_time_delta_sensor_async.py
[2024-04-27 09:58:23,669] {processor.py:651} INFO - DAG(s) dict_keys(['example_time_delta_sensor_async']) retrieved from /home/enrico/Documentos/backup/AULA/Alura/Engenharia de dados/projeto_airflow/airflowalura/venv/lib/python3.9/site-packages/airflow/example_dags/example_time_delta_sensor_async.py
[2024-04-27 09:58:23,690] {logging_mixin.py:115} INFO - [2024-04-27 09:58:23,690] {dag.py:2379} INFO - Sync 1 DAGs
[2024-04-27 09:58:23,703] {logging_mixin.py:115} INFO - [2024-04-27 09:58:23,703] {dag.py:2927} INFO - Setting next_dagrun for example_time_delta_sensor_async to None, run_after=None
[2024-04-27 09:58:23,714] {processor.py:161} INFO - Processing /home/enrico/Documentos/backup/AULA/Alura/Engenharia de dados/projeto_airflow/airflowalura/venv/lib/python3.9/site-packages/airflow/example_dags/example_time_delta_sensor_async.py took 0.052 seconds
[2024-04-27 09:59:00,666] {processor.py:153} INFO - Started process (PID=97258) to work on /home/enrico/Documentos/backup/AULA/Alura/Engenharia de dados/projeto_airflow/airflowalura/venv/lib/python3.9/site-packages/airflow/example_dags/example_time_delta_sensor_async.py
[2024-04-27 09:59:00,670] {processor.py:641} INFO - Processing file /home/enrico/Documentos/backup/AULA/Alura/Engenharia de dados/projeto_airflow/airflowalura/venv/lib/python3.9/site-packages/airflow/example_dags/example_time_delta_sensor_async.py for tasks to queue
[2024-04-27 09:59:00,671] {logging_mixin.py:115} INFO - [2024-04-27 09:59:00,671] {dagbag.py:507} INFO - Filling up the DagBag from /home/enrico/Documentos/backup/AULA/Alura/Engenharia de dados/projeto_airflow/airflowalura/venv/lib/python3.9/site-packages/airflow/example_dags/example_time_delta_sensor_async.py
[2024-04-27 09:59:00,681] {processor.py:651} INFO - DAG(s) dict_keys(['example_time_delta_sensor_async']) retrieved from /home/enrico/Documentos/backup/AULA/Alura/Engenharia de dados/projeto_airflow/airflowalura/venv/lib/python3.9/site-packages/airflow/example_dags/example_time_delta_sensor_async.py
[2024-04-27 09:59:00,696] {logging_mixin.py:115} INFO - [2024-04-27 09:59:00,696] {dag.py:2379} INFO - Sync 1 DAGs
[2024-04-27 09:59:00,706] {logging_mixin.py:115} INFO - [2024-04-27 09:59:00,705] {dag.py:2927} INFO - Setting next_dagrun for example_time_delta_sensor_async to None, run_after=None
[2024-04-27 09:59:00,715] {processor.py:161} INFO - Processing /home/enrico/Documentos/backup/AULA/Alura/Engenharia de dados/projeto_airflow/airflowalura/venv/lib/python3.9/site-packages/airflow/example_dags/example_time_delta_sensor_async.py took 0.054 seconds
[2024-04-27 09:59:38,637] {processor.py:153} INFO - Started process (PID=97324) to work on /home/enrico/Documentos/backup/AULA/Alura/Engenharia de dados/projeto_airflow/airflowalura/venv/lib/python3.9/site-packages/airflow/example_dags/example_time_delta_sensor_async.py
[2024-04-27 09:59:38,637] {processor.py:641} INFO - Processing file /home/enrico/Documentos/backup/AULA/Alura/Engenharia de dados/projeto_airflow/airflowalura/venv/lib/python3.9/site-packages/airflow/example_dags/example_time_delta_sensor_async.py for tasks to queue
[2024-04-27 09:59:38,638] {logging_mixin.py:115} INFO - [2024-04-27 09:59:38,638] {dagbag.py:507} INFO - Filling up the DagBag from /home/enrico/Documentos/backup/AULA/Alura/Engenharia de dados/projeto_airflow/airflowalura/venv/lib/python3.9/site-packages/airflow/example_dags/example_time_delta_sensor_async.py
[2024-04-27 09:59:38,642] {processor.py:651} INFO - DAG(s) dict_keys(['example_time_delta_sensor_async']) retrieved from /home/enrico/Documentos/backup/AULA/Alura/Engenharia de dados/projeto_airflow/airflowalura/venv/lib/python3.9/site-packages/airflow/example_dags/example_time_delta_sensor_async.py
[2024-04-27 09:59:38,660] {logging_mixin.py:115} INFO - [2024-04-27 09:59:38,660] {dag.py:2379} INFO - Sync 1 DAGs
[2024-04-27 09:59:38,672] {logging_mixin.py:115} INFO - [2024-04-27 09:59:38,672] {dag.py:2927} INFO - Setting next_dagrun for example_time_delta_sensor_async to None, run_after=None
[2024-04-27 09:59:38,680] {processor.py:161} INFO - Processing /home/enrico/Documentos/backup/AULA/Alura/Engenharia de dados/projeto_airflow/airflowalura/venv/lib/python3.9/site-packages/airflow/example_dags/example_time_delta_sensor_async.py took 0.046 seconds
[2024-04-27 10:00:13,520] {processor.py:153} INFO - Started process (PID=97374) to work on /home/enrico/Documentos/backup/AULA/Alura/Engenharia de dados/projeto_airflow/airflowalura/venv/lib/python3.9/site-packages/airflow/example_dags/example_time_delta_sensor_async.py
[2024-04-27 10:00:13,523] {processor.py:641} INFO - Processing file /home/enrico/Documentos/backup/AULA/Alura/Engenharia de dados/projeto_airflow/airflowalura/venv/lib/python3.9/site-packages/airflow/example_dags/example_time_delta_sensor_async.py for tasks to queue
[2024-04-27 10:00:13,524] {logging_mixin.py:115} INFO - [2024-04-27 10:00:13,524] {dagbag.py:507} INFO - Filling up the DagBag from /home/enrico/Documentos/backup/AULA/Alura/Engenharia de dados/projeto_airflow/airflowalura/venv/lib/python3.9/site-packages/airflow/example_dags/example_time_delta_sensor_async.py
[2024-04-27 10:00:13,534] {processor.py:651} INFO - DAG(s) dict_keys(['example_time_delta_sensor_async']) retrieved from /home/enrico/Documentos/backup/AULA/Alura/Engenharia de dados/projeto_airflow/airflowalura/venv/lib/python3.9/site-packages/airflow/example_dags/example_time_delta_sensor_async.py
[2024-04-27 10:00:13,559] {logging_mixin.py:115} INFO - [2024-04-27 10:00:13,559] {dag.py:2379} INFO - Sync 1 DAGs
[2024-04-27 10:00:13,570] {logging_mixin.py:115} INFO - [2024-04-27 10:00:13,570] {dag.py:2927} INFO - Setting next_dagrun for example_time_delta_sensor_async to None, run_after=None
[2024-04-27 10:00:13,580] {processor.py:161} INFO - Processing /home/enrico/Documentos/backup/AULA/Alura/Engenharia de dados/projeto_airflow/airflowalura/venv/lib/python3.9/site-packages/airflow/example_dags/example_time_delta_sensor_async.py took 0.066 seconds
[2024-04-27 10:00:54,554] {processor.py:153} INFO - Started process (PID=97443) to work on /home/enrico/Documentos/backup/AULA/Alura/Engenharia de dados/projeto_airflow/airflowalura/venv/lib/python3.9/site-packages/airflow/example_dags/example_time_delta_sensor_async.py
[2024-04-27 10:00:54,558] {processor.py:641} INFO - Processing file /home/enrico/Documentos/backup/AULA/Alura/Engenharia de dados/projeto_airflow/airflowalura/venv/lib/python3.9/site-packages/airflow/example_dags/example_time_delta_sensor_async.py for tasks to queue
[2024-04-27 10:00:54,559] {logging_mixin.py:115} INFO - [2024-04-27 10:00:54,559] {dagbag.py:507} INFO - Filling up the DagBag from /home/enrico/Documentos/backup/AULA/Alura/Engenharia de dados/projeto_airflow/airflowalura/venv/lib/python3.9/site-packages/airflow/example_dags/example_time_delta_sensor_async.py
[2024-04-27 10:00:54,569] {processor.py:651} INFO - DAG(s) dict_keys(['example_time_delta_sensor_async']) retrieved from /home/enrico/Documentos/backup/AULA/Alura/Engenharia de dados/projeto_airflow/airflowalura/venv/lib/python3.9/site-packages/airflow/example_dags/example_time_delta_sensor_async.py
[2024-04-27 10:00:54,596] {logging_mixin.py:115} INFO - [2024-04-27 10:00:54,596] {dag.py:2379} INFO - Sync 1 DAGs
[2024-04-27 10:00:54,608] {logging_mixin.py:115} INFO - [2024-04-27 10:00:54,608] {dag.py:2927} INFO - Setting next_dagrun for example_time_delta_sensor_async to None, run_after=None
[2024-04-27 10:00:54,622] {processor.py:161} INFO - Processing /home/enrico/Documentos/backup/AULA/Alura/Engenharia de dados/projeto_airflow/airflowalura/venv/lib/python3.9/site-packages/airflow/example_dags/example_time_delta_sensor_async.py took 0.073 seconds
[2024-04-27 10:01:33,321] {processor.py:153} INFO - Started process (PID=97523) to work on /home/enrico/Documentos/backup/AULA/Alura/Engenharia de dados/projeto_airflow/airflowalura/venv/lib/python3.9/site-packages/airflow/example_dags/example_time_delta_sensor_async.py
[2024-04-27 10:01:33,324] {processor.py:641} INFO - Processing file /home/enrico/Documentos/backup/AULA/Alura/Engenharia de dados/projeto_airflow/airflowalura/venv/lib/python3.9/site-packages/airflow/example_dags/example_time_delta_sensor_async.py for tasks to queue
[2024-04-27 10:01:33,324] {logging_mixin.py:115} INFO - [2024-04-27 10:01:33,324] {dagbag.py:507} INFO - Filling up the DagBag from /home/enrico/Documentos/backup/AULA/Alura/Engenharia de dados/projeto_airflow/airflowalura/venv/lib/python3.9/site-packages/airflow/example_dags/example_time_delta_sensor_async.py
[2024-04-27 10:01:33,326] {processor.py:651} INFO - DAG(s) dict_keys(['example_time_delta_sensor_async']) retrieved from /home/enrico/Documentos/backup/AULA/Alura/Engenharia de dados/projeto_airflow/airflowalura/venv/lib/python3.9/site-packages/airflow/example_dags/example_time_delta_sensor_async.py
[2024-04-27 10:01:33,340] {logging_mixin.py:115} INFO - [2024-04-27 10:01:33,339] {dag.py:2379} INFO - Sync 1 DAGs
[2024-04-27 10:01:33,350] {logging_mixin.py:115} INFO - [2024-04-27 10:01:33,350] {dag.py:2927} INFO - Setting next_dagrun for example_time_delta_sensor_async to None, run_after=None
[2024-04-27 10:01:33,360] {processor.py:161} INFO - Processing /home/enrico/Documentos/backup/AULA/Alura/Engenharia de dados/projeto_airflow/airflowalura/venv/lib/python3.9/site-packages/airflow/example_dags/example_time_delta_sensor_async.py took 0.040 seconds
[2024-04-27 10:02:14,455] {processor.py:153} INFO - Started process (PID=97584) to work on /home/enrico/Documentos/backup/AULA/Alura/Engenharia de dados/projeto_airflow/airflowalura/venv/lib/python3.9/site-packages/airflow/example_dags/example_time_delta_sensor_async.py
[2024-04-27 10:02:14,458] {processor.py:641} INFO - Processing file /home/enrico/Documentos/backup/AULA/Alura/Engenharia de dados/projeto_airflow/airflowalura/venv/lib/python3.9/site-packages/airflow/example_dags/example_time_delta_sensor_async.py for tasks to queue
[2024-04-27 10:02:14,459] {logging_mixin.py:115} INFO - [2024-04-27 10:02:14,458] {dagbag.py:507} INFO - Filling up the DagBag from /home/enrico/Documentos/backup/AULA/Alura/Engenharia de dados/projeto_airflow/airflowalura/venv/lib/python3.9/site-packages/airflow/example_dags/example_time_delta_sensor_async.py
[2024-04-27 10:02:14,462] {processor.py:651} INFO - DAG(s) dict_keys(['example_time_delta_sensor_async']) retrieved from /home/enrico/Documentos/backup/AULA/Alura/Engenharia de dados/projeto_airflow/airflowalura/venv/lib/python3.9/site-packages/airflow/example_dags/example_time_delta_sensor_async.py
[2024-04-27 10:02:14,477] {logging_mixin.py:115} INFO - [2024-04-27 10:02:14,477] {dag.py:2379} INFO - Sync 1 DAGs
[2024-04-27 10:02:14,486] {logging_mixin.py:115} INFO - [2024-04-27 10:02:14,485] {dag.py:2927} INFO - Setting next_dagrun for example_time_delta_sensor_async to None, run_after=None
[2024-04-27 10:02:14,496] {processor.py:161} INFO - Processing /home/enrico/Documentos/backup/AULA/Alura/Engenharia de dados/projeto_airflow/airflowalura/venv/lib/python3.9/site-packages/airflow/example_dags/example_time_delta_sensor_async.py took 0.042 seconds
[2024-04-27 10:02:52,778] {processor.py:153} INFO - Started process (PID=97840) to work on /home/enrico/Documentos/backup/AULA/Alura/Engenharia de dados/projeto_airflow/airflowalura/venv/lib/python3.9/site-packages/airflow/example_dags/example_time_delta_sensor_async.py
[2024-04-27 10:02:52,779] {processor.py:641} INFO - Processing file /home/enrico/Documentos/backup/AULA/Alura/Engenharia de dados/projeto_airflow/airflowalura/venv/lib/python3.9/site-packages/airflow/example_dags/example_time_delta_sensor_async.py for tasks to queue
[2024-04-27 10:02:52,780] {logging_mixin.py:115} INFO - [2024-04-27 10:02:52,780] {dagbag.py:507} INFO - Filling up the DagBag from /home/enrico/Documentos/backup/AULA/Alura/Engenharia de dados/projeto_airflow/airflowalura/venv/lib/python3.9/site-packages/airflow/example_dags/example_time_delta_sensor_async.py
[2024-04-27 10:02:52,790] {processor.py:651} INFO - DAG(s) dict_keys(['example_time_delta_sensor_async']) retrieved from /home/enrico/Documentos/backup/AULA/Alura/Engenharia de dados/projeto_airflow/airflowalura/venv/lib/python3.9/site-packages/airflow/example_dags/example_time_delta_sensor_async.py
[2024-04-27 10:02:52,820] {logging_mixin.py:115} INFO - [2024-04-27 10:02:52,820] {dag.py:2379} INFO - Sync 1 DAGs
[2024-04-27 10:02:52,831] {logging_mixin.py:115} INFO - [2024-04-27 10:02:52,831] {dag.py:2927} INFO - Setting next_dagrun for example_time_delta_sensor_async to None, run_after=None
[2024-04-27 10:02:52,846] {processor.py:161} INFO - Processing /home/enrico/Documentos/backup/AULA/Alura/Engenharia de dados/projeto_airflow/airflowalura/venv/lib/python3.9/site-packages/airflow/example_dags/example_time_delta_sensor_async.py took 0.074 seconds
[2024-04-27 10:03:32,336] {processor.py:153} INFO - Started process (PID=98055) to work on /home/enrico/Documentos/backup/AULA/Alura/Engenharia de dados/projeto_airflow/airflowalura/venv/lib/python3.9/site-packages/airflow/example_dags/example_time_delta_sensor_async.py
[2024-04-27 10:03:32,336] {processor.py:641} INFO - Processing file /home/enrico/Documentos/backup/AULA/Alura/Engenharia de dados/projeto_airflow/airflowalura/venv/lib/python3.9/site-packages/airflow/example_dags/example_time_delta_sensor_async.py for tasks to queue
[2024-04-27 10:03:32,337] {logging_mixin.py:115} INFO - [2024-04-27 10:03:32,337] {dagbag.py:507} INFO - Filling up the DagBag from /home/enrico/Documentos/backup/AULA/Alura/Engenharia de dados/projeto_airflow/airflowalura/venv/lib/python3.9/site-packages/airflow/example_dags/example_time_delta_sensor_async.py
[2024-04-27 10:03:32,339] {processor.py:651} INFO - DAG(s) dict_keys(['example_time_delta_sensor_async']) retrieved from /home/enrico/Documentos/backup/AULA/Alura/Engenharia de dados/projeto_airflow/airflowalura/venv/lib/python3.9/site-packages/airflow/example_dags/example_time_delta_sensor_async.py
[2024-04-27 10:03:32,352] {logging_mixin.py:115} INFO - [2024-04-27 10:03:32,352] {dag.py:2379} INFO - Sync 1 DAGs
[2024-04-27 10:03:32,361] {logging_mixin.py:115} INFO - [2024-04-27 10:03:32,361] {dag.py:2927} INFO - Setting next_dagrun for example_time_delta_sensor_async to None, run_after=None
[2024-04-27 10:03:32,369] {processor.py:161} INFO - Processing /home/enrico/Documentos/backup/AULA/Alura/Engenharia de dados/projeto_airflow/airflowalura/venv/lib/python3.9/site-packages/airflow/example_dags/example_time_delta_sensor_async.py took 0.035 seconds
[2024-04-27 10:04:07,185] {processor.py:153} INFO - Started process (PID=98270) to work on /home/enrico/Documentos/backup/AULA/Alura/Engenharia de dados/projeto_airflow/airflowalura/venv/lib/python3.9/site-packages/airflow/example_dags/example_time_delta_sensor_async.py
[2024-04-27 10:04:07,188] {processor.py:641} INFO - Processing file /home/enrico/Documentos/backup/AULA/Alura/Engenharia de dados/projeto_airflow/airflowalura/venv/lib/python3.9/site-packages/airflow/example_dags/example_time_delta_sensor_async.py for tasks to queue
[2024-04-27 10:04:07,188] {logging_mixin.py:115} INFO - [2024-04-27 10:04:07,188] {dagbag.py:507} INFO - Filling up the DagBag from /home/enrico/Documentos/backup/AULA/Alura/Engenharia de dados/projeto_airflow/airflowalura/venv/lib/python3.9/site-packages/airflow/example_dags/example_time_delta_sensor_async.py
[2024-04-27 10:04:07,191] {processor.py:651} INFO - DAG(s) dict_keys(['example_time_delta_sensor_async']) retrieved from /home/enrico/Documentos/backup/AULA/Alura/Engenharia de dados/projeto_airflow/airflowalura/venv/lib/python3.9/site-packages/airflow/example_dags/example_time_delta_sensor_async.py
[2024-04-27 10:04:07,203] {logging_mixin.py:115} INFO - [2024-04-27 10:04:07,203] {dag.py:2379} INFO - Sync 1 DAGs
[2024-04-27 10:04:07,212] {logging_mixin.py:115} INFO - [2024-04-27 10:04:07,212] {dag.py:2927} INFO - Setting next_dagrun for example_time_delta_sensor_async to None, run_after=None
[2024-04-27 10:04:07,222] {processor.py:161} INFO - Processing /home/enrico/Documentos/backup/AULA/Alura/Engenharia de dados/projeto_airflow/airflowalura/venv/lib/python3.9/site-packages/airflow/example_dags/example_time_delta_sensor_async.py took 0.039 seconds
[2024-04-27 10:04:42,504] {processor.py:153} INFO - Started process (PID=98497) to work on /home/enrico/Documentos/backup/AULA/Alura/Engenharia de dados/projeto_airflow/airflowalura/venv/lib/python3.9/site-packages/airflow/example_dags/example_time_delta_sensor_async.py
[2024-04-27 10:04:42,507] {processor.py:641} INFO - Processing file /home/enrico/Documentos/backup/AULA/Alura/Engenharia de dados/projeto_airflow/airflowalura/venv/lib/python3.9/site-packages/airflow/example_dags/example_time_delta_sensor_async.py for tasks to queue
[2024-04-27 10:04:42,508] {logging_mixin.py:115} INFO - [2024-04-27 10:04:42,508] {dagbag.py:507} INFO - Filling up the DagBag from /home/enrico/Documentos/backup/AULA/Alura/Engenharia de dados/projeto_airflow/airflowalura/venv/lib/python3.9/site-packages/airflow/example_dags/example_time_delta_sensor_async.py
[2024-04-27 10:04:42,519] {processor.py:651} INFO - DAG(s) dict_keys(['example_time_delta_sensor_async']) retrieved from /home/enrico/Documentos/backup/AULA/Alura/Engenharia de dados/projeto_airflow/airflowalura/venv/lib/python3.9/site-packages/airflow/example_dags/example_time_delta_sensor_async.py
[2024-04-27 10:04:42,546] {logging_mixin.py:115} INFO - [2024-04-27 10:04:42,546] {dag.py:2379} INFO - Sync 1 DAGs
[2024-04-27 10:04:42,557] {logging_mixin.py:115} INFO - [2024-04-27 10:04:42,557] {dag.py:2927} INFO - Setting next_dagrun for example_time_delta_sensor_async to None, run_after=None
[2024-04-27 10:04:42,566] {processor.py:161} INFO - Processing /home/enrico/Documentos/backup/AULA/Alura/Engenharia de dados/projeto_airflow/airflowalura/venv/lib/python3.9/site-packages/airflow/example_dags/example_time_delta_sensor_async.py took 0.067 seconds
