[2024-04-27 09:50:04,052] {processor.py:153} INFO - Started process (PID=95829) to work on /home/enrico/Documentos/backup/AULA/Alura/Engenharia de dados/projeto_airflow/airflowalura/venv/lib/python3.9/site-packages/airflow/example_dags/example_external_task_marker_dag.py
[2024-04-27 09:50:04,052] {processor.py:641} INFO - Processing file /home/enrico/Documentos/backup/AULA/Alura/Engenharia de dados/projeto_airflow/airflowalura/venv/lib/python3.9/site-packages/airflow/example_dags/example_external_task_marker_dag.py for tasks to queue
[2024-04-27 09:50:04,052] {logging_mixin.py:115} INFO - [2024-04-27 09:50:04,052] {dagbag.py:507} INFO - Filling up the DagBag from /home/enrico/Documentos/backup/AULA/Alura/Engenharia de dados/projeto_airflow/airflowalura/venv/lib/python3.9/site-packages/airflow/example_dags/example_external_task_marker_dag.py
[2024-04-27 09:50:04,055] {processor.py:651} INFO - DAG(s) dict_keys(['example_external_task_marker_parent', 'example_external_task_marker_child']) retrieved from /home/enrico/Documentos/backup/AULA/Alura/Engenharia de dados/projeto_airflow/airflowalura/venv/lib/python3.9/site-packages/airflow/example_dags/example_external_task_marker_dag.py
[2024-04-27 09:50:04,071] {logging_mixin.py:115} INFO - [2024-04-27 09:50:04,071] {dag.py:2379} INFO - Sync 2 DAGs
[2024-04-27 09:50:04,081] {logging_mixin.py:115} INFO - [2024-04-27 09:50:04,081] {dag.py:2927} INFO - Setting next_dagrun for example_external_task_marker_child to None, run_after=None
[2024-04-27 09:50:04,081] {logging_mixin.py:115} INFO - [2024-04-27 09:50:04,081] {dag.py:2927} INFO - Setting next_dagrun for example_external_task_marker_parent to None, run_after=None
[2024-04-27 09:50:04,094] {processor.py:161} INFO - Processing /home/enrico/Documentos/backup/AULA/Alura/Engenharia de dados/projeto_airflow/airflowalura/venv/lib/python3.9/site-packages/airflow/example_dags/example_external_task_marker_dag.py took 0.043 seconds
[2024-04-27 09:50:36,545] {processor.py:153} INFO - Started process (PID=95957) to work on /home/enrico/Documentos/backup/AULA/Alura/Engenharia de dados/projeto_airflow/airflowalura/venv/lib/python3.9/site-packages/airflow/example_dags/example_external_task_marker_dag.py
[2024-04-27 09:50:36,546] {processor.py:641} INFO - Processing file /home/enrico/Documentos/backup/AULA/Alura/Engenharia de dados/projeto_airflow/airflowalura/venv/lib/python3.9/site-packages/airflow/example_dags/example_external_task_marker_dag.py for tasks to queue
[2024-04-27 09:50:36,546] {logging_mixin.py:115} INFO - [2024-04-27 09:50:36,546] {dagbag.py:507} INFO - Filling up the DagBag from /home/enrico/Documentos/backup/AULA/Alura/Engenharia de dados/projeto_airflow/airflowalura/venv/lib/python3.9/site-packages/airflow/example_dags/example_external_task_marker_dag.py
[2024-04-27 09:50:36,548] {processor.py:651} INFO - DAG(s) dict_keys(['example_external_task_marker_parent', 'example_external_task_marker_child']) retrieved from /home/enrico/Documentos/backup/AULA/Alura/Engenharia de dados/projeto_airflow/airflowalura/venv/lib/python3.9/site-packages/airflow/example_dags/example_external_task_marker_dag.py
[2024-04-27 09:50:36,563] {logging_mixin.py:115} INFO - [2024-04-27 09:50:36,563] {dag.py:2379} INFO - Sync 2 DAGs
[2024-04-27 09:50:36,573] {logging_mixin.py:115} INFO - [2024-04-27 09:50:36,573] {dag.py:2927} INFO - Setting next_dagrun for example_external_task_marker_child to None, run_after=None
[2024-04-27 09:50:36,573] {logging_mixin.py:115} INFO - [2024-04-27 09:50:36,573] {dag.py:2927} INFO - Setting next_dagrun for example_external_task_marker_parent to None, run_after=None
[2024-04-27 09:50:36,582] {processor.py:161} INFO - Processing /home/enrico/Documentos/backup/AULA/Alura/Engenharia de dados/projeto_airflow/airflowalura/venv/lib/python3.9/site-packages/airflow/example_dags/example_external_task_marker_dag.py took 0.038 seconds
[2024-04-27 09:51:12,790] {processor.py:153} INFO - Started process (PID=96228) to work on /home/enrico/Documentos/backup/AULA/Alura/Engenharia de dados/projeto_airflow/airflowalura/venv/lib/python3.9/site-packages/airflow/example_dags/example_external_task_marker_dag.py
[2024-04-27 09:51:12,792] {processor.py:641} INFO - Processing file /home/enrico/Documentos/backup/AULA/Alura/Engenharia de dados/projeto_airflow/airflowalura/venv/lib/python3.9/site-packages/airflow/example_dags/example_external_task_marker_dag.py for tasks to queue
[2024-04-27 09:51:12,793] {logging_mixin.py:115} INFO - [2024-04-27 09:51:12,792] {dagbag.py:507} INFO - Filling up the DagBag from /home/enrico/Documentos/backup/AULA/Alura/Engenharia de dados/projeto_airflow/airflowalura/venv/lib/python3.9/site-packages/airflow/example_dags/example_external_task_marker_dag.py
[2024-04-27 09:51:12,803] {processor.py:651} INFO - DAG(s) dict_keys(['example_external_task_marker_parent', 'example_external_task_marker_child']) retrieved from /home/enrico/Documentos/backup/AULA/Alura/Engenharia de dados/projeto_airflow/airflowalura/venv/lib/python3.9/site-packages/airflow/example_dags/example_external_task_marker_dag.py
[2024-04-27 09:51:12,826] {logging_mixin.py:115} INFO - [2024-04-27 09:51:12,826] {dag.py:2379} INFO - Sync 2 DAGs
[2024-04-27 09:51:12,836] {logging_mixin.py:115} INFO - [2024-04-27 09:51:12,836] {dag.py:2927} INFO - Setting next_dagrun for example_external_task_marker_child to None, run_after=None
[2024-04-27 09:51:12,836] {logging_mixin.py:115} INFO - [2024-04-27 09:51:12,836] {dag.py:2927} INFO - Setting next_dagrun for example_external_task_marker_parent to None, run_after=None
[2024-04-27 09:51:12,845] {processor.py:161} INFO - Processing /home/enrico/Documentos/backup/AULA/Alura/Engenharia de dados/projeto_airflow/airflowalura/venv/lib/python3.9/site-packages/airflow/example_dags/example_external_task_marker_dag.py took 0.060 seconds
[2024-04-27 09:51:48,790] {processor.py:153} INFO - Started process (PID=96403) to work on /home/enrico/Documentos/backup/AULA/Alura/Engenharia de dados/projeto_airflow/airflowalura/venv/lib/python3.9/site-packages/airflow/example_dags/example_external_task_marker_dag.py
[2024-04-27 09:51:48,793] {processor.py:641} INFO - Processing file /home/enrico/Documentos/backup/AULA/Alura/Engenharia de dados/projeto_airflow/airflowalura/venv/lib/python3.9/site-packages/airflow/example_dags/example_external_task_marker_dag.py for tasks to queue
[2024-04-27 09:51:48,793] {logging_mixin.py:115} INFO - [2024-04-27 09:51:48,793] {dagbag.py:507} INFO - Filling up the DagBag from /home/enrico/Documentos/backup/AULA/Alura/Engenharia de dados/projeto_airflow/airflowalura/venv/lib/python3.9/site-packages/airflow/example_dags/example_external_task_marker_dag.py
[2024-04-27 09:51:48,795] {processor.py:651} INFO - DAG(s) dict_keys(['example_external_task_marker_parent', 'example_external_task_marker_child']) retrieved from /home/enrico/Documentos/backup/AULA/Alura/Engenharia de dados/projeto_airflow/airflowalura/venv/lib/python3.9/site-packages/airflow/example_dags/example_external_task_marker_dag.py
[2024-04-27 09:51:48,809] {logging_mixin.py:115} INFO - [2024-04-27 09:51:48,808] {dag.py:2379} INFO - Sync 2 DAGs
[2024-04-27 09:51:48,817] {logging_mixin.py:115} INFO - [2024-04-27 09:51:48,817] {dag.py:2927} INFO - Setting next_dagrun for example_external_task_marker_child to None, run_after=None
[2024-04-27 09:51:48,817] {logging_mixin.py:115} INFO - [2024-04-27 09:51:48,817] {dag.py:2927} INFO - Setting next_dagrun for example_external_task_marker_parent to None, run_after=None
[2024-04-27 09:51:48,827] {processor.py:161} INFO - Processing /home/enrico/Documentos/backup/AULA/Alura/Engenharia de dados/projeto_airflow/airflowalura/venv/lib/python3.9/site-packages/airflow/example_dags/example_external_task_marker_dag.py took 0.038 seconds
[2024-04-27 09:52:26,072] {processor.py:153} INFO - Started process (PID=96539) to work on /home/enrico/Documentos/backup/AULA/Alura/Engenharia de dados/projeto_airflow/airflowalura/venv/lib/python3.9/site-packages/airflow/example_dags/example_external_task_marker_dag.py
[2024-04-27 09:52:26,073] {processor.py:641} INFO - Processing file /home/enrico/Documentos/backup/AULA/Alura/Engenharia de dados/projeto_airflow/airflowalura/venv/lib/python3.9/site-packages/airflow/example_dags/example_external_task_marker_dag.py for tasks to queue
[2024-04-27 09:52:26,073] {logging_mixin.py:115} INFO - [2024-04-27 09:52:26,073] {dagbag.py:507} INFO - Filling up the DagBag from /home/enrico/Documentos/backup/AULA/Alura/Engenharia de dados/projeto_airflow/airflowalura/venv/lib/python3.9/site-packages/airflow/example_dags/example_external_task_marker_dag.py
[2024-04-27 09:52:26,075] {processor.py:651} INFO - DAG(s) dict_keys(['example_external_task_marker_parent', 'example_external_task_marker_child']) retrieved from /home/enrico/Documentos/backup/AULA/Alura/Engenharia de dados/projeto_airflow/airflowalura/venv/lib/python3.9/site-packages/airflow/example_dags/example_external_task_marker_dag.py
[2024-04-27 09:52:26,089] {logging_mixin.py:115} INFO - [2024-04-27 09:52:26,089] {dag.py:2379} INFO - Sync 2 DAGs
[2024-04-27 09:52:26,099] {logging_mixin.py:115} INFO - [2024-04-27 09:52:26,099] {dag.py:2927} INFO - Setting next_dagrun for example_external_task_marker_child to None, run_after=None
[2024-04-27 09:52:26,099] {logging_mixin.py:115} INFO - [2024-04-27 09:52:26,099] {dag.py:2927} INFO - Setting next_dagrun for example_external_task_marker_parent to None, run_after=None
[2024-04-27 09:52:26,107] {processor.py:161} INFO - Processing /home/enrico/Documentos/backup/AULA/Alura/Engenharia de dados/projeto_airflow/airflowalura/venv/lib/python3.9/site-packages/airflow/example_dags/example_external_task_marker_dag.py took 0.037 seconds
[2024-04-27 09:53:02,084] {processor.py:153} INFO - Started process (PID=96623) to work on /home/enrico/Documentos/backup/AULA/Alura/Engenharia de dados/projeto_airflow/airflowalura/venv/lib/python3.9/site-packages/airflow/example_dags/example_external_task_marker_dag.py
[2024-04-27 09:53:02,087] {processor.py:641} INFO - Processing file /home/enrico/Documentos/backup/AULA/Alura/Engenharia de dados/projeto_airflow/airflowalura/venv/lib/python3.9/site-packages/airflow/example_dags/example_external_task_marker_dag.py for tasks to queue
[2024-04-27 09:53:02,087] {logging_mixin.py:115} INFO - [2024-04-27 09:53:02,087] {dagbag.py:507} INFO - Filling up the DagBag from /home/enrico/Documentos/backup/AULA/Alura/Engenharia de dados/projeto_airflow/airflowalura/venv/lib/python3.9/site-packages/airflow/example_dags/example_external_task_marker_dag.py
[2024-04-27 09:53:02,089] {processor.py:651} INFO - DAG(s) dict_keys(['example_external_task_marker_parent', 'example_external_task_marker_child']) retrieved from /home/enrico/Documentos/backup/AULA/Alura/Engenharia de dados/projeto_airflow/airflowalura/venv/lib/python3.9/site-packages/airflow/example_dags/example_external_task_marker_dag.py
[2024-04-27 09:53:02,103] {logging_mixin.py:115} INFO - [2024-04-27 09:53:02,103] {dag.py:2379} INFO - Sync 2 DAGs
[2024-04-27 09:53:02,113] {logging_mixin.py:115} INFO - [2024-04-27 09:53:02,112] {dag.py:2927} INFO - Setting next_dagrun for example_external_task_marker_child to None, run_after=None
[2024-04-27 09:53:02,113] {logging_mixin.py:115} INFO - [2024-04-27 09:53:02,113] {dag.py:2927} INFO - Setting next_dagrun for example_external_task_marker_parent to None, run_after=None
[2024-04-27 09:53:02,122] {processor.py:161} INFO - Processing /home/enrico/Documentos/backup/AULA/Alura/Engenharia de dados/projeto_airflow/airflowalura/venv/lib/python3.9/site-packages/airflow/example_dags/example_external_task_marker_dag.py took 0.039 seconds
[2024-04-27 09:53:35,465] {processor.py:153} INFO - Started process (PID=96672) to work on /home/enrico/Documentos/backup/AULA/Alura/Engenharia de dados/projeto_airflow/airflowalura/venv/lib/python3.9/site-packages/airflow/example_dags/example_external_task_marker_dag.py
[2024-04-27 09:53:35,466] {processor.py:641} INFO - Processing file /home/enrico/Documentos/backup/AULA/Alura/Engenharia de dados/projeto_airflow/airflowalura/venv/lib/python3.9/site-packages/airflow/example_dags/example_external_task_marker_dag.py for tasks to queue
[2024-04-27 09:53:35,466] {logging_mixin.py:115} INFO - [2024-04-27 09:53:35,466] {dagbag.py:507} INFO - Filling up the DagBag from /home/enrico/Documentos/backup/AULA/Alura/Engenharia de dados/projeto_airflow/airflowalura/venv/lib/python3.9/site-packages/airflow/example_dags/example_external_task_marker_dag.py
[2024-04-27 09:53:35,468] {processor.py:651} INFO - DAG(s) dict_keys(['example_external_task_marker_parent', 'example_external_task_marker_child']) retrieved from /home/enrico/Documentos/backup/AULA/Alura/Engenharia de dados/projeto_airflow/airflowalura/venv/lib/python3.9/site-packages/airflow/example_dags/example_external_task_marker_dag.py
[2024-04-27 09:53:35,481] {logging_mixin.py:115} INFO - [2024-04-27 09:53:35,481] {dag.py:2379} INFO - Sync 2 DAGs
[2024-04-27 09:53:35,491] {logging_mixin.py:115} INFO - [2024-04-27 09:53:35,490] {dag.py:2927} INFO - Setting next_dagrun for example_external_task_marker_child to None, run_after=None
[2024-04-27 09:53:35,491] {logging_mixin.py:115} INFO - [2024-04-27 09:53:35,491] {dag.py:2927} INFO - Setting next_dagrun for example_external_task_marker_parent to None, run_after=None
[2024-04-27 09:53:35,499] {processor.py:161} INFO - Processing /home/enrico/Documentos/backup/AULA/Alura/Engenharia de dados/projeto_airflow/airflowalura/venv/lib/python3.9/site-packages/airflow/example_dags/example_external_task_marker_dag.py took 0.040 seconds
[2024-04-27 09:54:11,320] {processor.py:153} INFO - Started process (PID=96720) to work on /home/enrico/Documentos/backup/AULA/Alura/Engenharia de dados/projeto_airflow/airflowalura/venv/lib/python3.9/site-packages/airflow/example_dags/example_external_task_marker_dag.py
[2024-04-27 09:54:11,323] {processor.py:641} INFO - Processing file /home/enrico/Documentos/backup/AULA/Alura/Engenharia de dados/projeto_airflow/airflowalura/venv/lib/python3.9/site-packages/airflow/example_dags/example_external_task_marker_dag.py for tasks to queue
[2024-04-27 09:54:11,323] {logging_mixin.py:115} INFO - [2024-04-27 09:54:11,323] {dagbag.py:507} INFO - Filling up the DagBag from /home/enrico/Documentos/backup/AULA/Alura/Engenharia de dados/projeto_airflow/airflowalura/venv/lib/python3.9/site-packages/airflow/example_dags/example_external_task_marker_dag.py
[2024-04-27 09:54:11,326] {processor.py:651} INFO - DAG(s) dict_keys(['example_external_task_marker_parent', 'example_external_task_marker_child']) retrieved from /home/enrico/Documentos/backup/AULA/Alura/Engenharia de dados/projeto_airflow/airflowalura/venv/lib/python3.9/site-packages/airflow/example_dags/example_external_task_marker_dag.py
[2024-04-27 09:54:11,343] {logging_mixin.py:115} INFO - [2024-04-27 09:54:11,343] {dag.py:2379} INFO - Sync 2 DAGs
[2024-04-27 09:54:11,352] {logging_mixin.py:115} INFO - [2024-04-27 09:54:11,352] {dag.py:2927} INFO - Setting next_dagrun for example_external_task_marker_child to None, run_after=None
[2024-04-27 09:54:11,352] {logging_mixin.py:115} INFO - [2024-04-27 09:54:11,352] {dag.py:2927} INFO - Setting next_dagrun for example_external_task_marker_parent to None, run_after=None
[2024-04-27 09:54:11,362] {processor.py:161} INFO - Processing /home/enrico/Documentos/backup/AULA/Alura/Engenharia de dados/projeto_airflow/airflowalura/venv/lib/python3.9/site-packages/airflow/example_dags/example_external_task_marker_dag.py took 0.043 seconds
[2024-04-27 09:54:43,926] {processor.py:153} INFO - Started process (PID=96774) to work on /home/enrico/Documentos/backup/AULA/Alura/Engenharia de dados/projeto_airflow/airflowalura/venv/lib/python3.9/site-packages/airflow/example_dags/example_external_task_marker_dag.py
[2024-04-27 09:54:43,929] {processor.py:641} INFO - Processing file /home/enrico/Documentos/backup/AULA/Alura/Engenharia de dados/projeto_airflow/airflowalura/venv/lib/python3.9/site-packages/airflow/example_dags/example_external_task_marker_dag.py for tasks to queue
[2024-04-27 09:54:43,930] {logging_mixin.py:115} INFO - [2024-04-27 09:54:43,930] {dagbag.py:507} INFO - Filling up the DagBag from /home/enrico/Documentos/backup/AULA/Alura/Engenharia de dados/projeto_airflow/airflowalura/venv/lib/python3.9/site-packages/airflow/example_dags/example_external_task_marker_dag.py
[2024-04-27 09:54:43,938] {processor.py:651} INFO - DAG(s) dict_keys(['example_external_task_marker_parent', 'example_external_task_marker_child']) retrieved from /home/enrico/Documentos/backup/AULA/Alura/Engenharia de dados/projeto_airflow/airflowalura/venv/lib/python3.9/site-packages/airflow/example_dags/example_external_task_marker_dag.py
[2024-04-27 09:54:43,967] {logging_mixin.py:115} INFO - [2024-04-27 09:54:43,967] {dag.py:2379} INFO - Sync 2 DAGs
[2024-04-27 09:54:43,976] {logging_mixin.py:115} INFO - [2024-04-27 09:54:43,976] {dag.py:2927} INFO - Setting next_dagrun for example_external_task_marker_child to None, run_after=None
[2024-04-27 09:54:43,976] {logging_mixin.py:115} INFO - [2024-04-27 09:54:43,976] {dag.py:2927} INFO - Setting next_dagrun for example_external_task_marker_parent to None, run_after=None
[2024-04-27 09:54:43,987] {processor.py:161} INFO - Processing /home/enrico/Documentos/backup/AULA/Alura/Engenharia de dados/projeto_airflow/airflowalura/venv/lib/python3.9/site-packages/airflow/example_dags/example_external_task_marker_dag.py took 0.067 seconds
[2024-04-27 09:55:18,118] {processor.py:153} INFO - Started process (PID=96827) to work on /home/enrico/Documentos/backup/AULA/Alura/Engenharia de dados/projeto_airflow/airflowalura/venv/lib/python3.9/site-packages/airflow/example_dags/example_external_task_marker_dag.py
[2024-04-27 09:55:18,122] {processor.py:641} INFO - Processing file /home/enrico/Documentos/backup/AULA/Alura/Engenharia de dados/projeto_airflow/airflowalura/venv/lib/python3.9/site-packages/airflow/example_dags/example_external_task_marker_dag.py for tasks to queue
[2024-04-27 09:55:18,123] {logging_mixin.py:115} INFO - [2024-04-27 09:55:18,122] {dagbag.py:507} INFO - Filling up the DagBag from /home/enrico/Documentos/backup/AULA/Alura/Engenharia de dados/projeto_airflow/airflowalura/venv/lib/python3.9/site-packages/airflow/example_dags/example_external_task_marker_dag.py
[2024-04-27 09:55:18,131] {processor.py:651} INFO - DAG(s) dict_keys(['example_external_task_marker_parent', 'example_external_task_marker_child']) retrieved from /home/enrico/Documentos/backup/AULA/Alura/Engenharia de dados/projeto_airflow/airflowalura/venv/lib/python3.9/site-packages/airflow/example_dags/example_external_task_marker_dag.py
[2024-04-27 09:55:18,170] {logging_mixin.py:115} INFO - [2024-04-27 09:55:18,170] {dag.py:2379} INFO - Sync 2 DAGs
[2024-04-27 09:55:18,182] {logging_mixin.py:115} INFO - [2024-04-27 09:55:18,182] {dag.py:2927} INFO - Setting next_dagrun for example_external_task_marker_child to None, run_after=None
[2024-04-27 09:55:18,183] {logging_mixin.py:115} INFO - [2024-04-27 09:55:18,183] {dag.py:2927} INFO - Setting next_dagrun for example_external_task_marker_parent to None, run_after=None
[2024-04-27 09:55:18,193] {processor.py:161} INFO - Processing /home/enrico/Documentos/backup/AULA/Alura/Engenharia de dados/projeto_airflow/airflowalura/venv/lib/python3.9/site-packages/airflow/example_dags/example_external_task_marker_dag.py took 0.079 seconds
[2024-04-27 09:55:54,393] {processor.py:153} INFO - Started process (PID=96879) to work on /home/enrico/Documentos/backup/AULA/Alura/Engenharia de dados/projeto_airflow/airflowalura/venv/lib/python3.9/site-packages/airflow/example_dags/example_external_task_marker_dag.py
[2024-04-27 09:55:54,396] {processor.py:641} INFO - Processing file /home/enrico/Documentos/backup/AULA/Alura/Engenharia de dados/projeto_airflow/airflowalura/venv/lib/python3.9/site-packages/airflow/example_dags/example_external_task_marker_dag.py for tasks to queue
[2024-04-27 09:55:54,396] {logging_mixin.py:115} INFO - [2024-04-27 09:55:54,396] {dagbag.py:507} INFO - Filling up the DagBag from /home/enrico/Documentos/backup/AULA/Alura/Engenharia de dados/projeto_airflow/airflowalura/venv/lib/python3.9/site-packages/airflow/example_dags/example_external_task_marker_dag.py
[2024-04-27 09:55:54,401] {processor.py:651} INFO - DAG(s) dict_keys(['example_external_task_marker_parent', 'example_external_task_marker_child']) retrieved from /home/enrico/Documentos/backup/AULA/Alura/Engenharia de dados/projeto_airflow/airflowalura/venv/lib/python3.9/site-packages/airflow/example_dags/example_external_task_marker_dag.py
[2024-04-27 09:55:54,420] {logging_mixin.py:115} INFO - [2024-04-27 09:55:54,420] {dag.py:2379} INFO - Sync 2 DAGs
[2024-04-27 09:55:54,430] {logging_mixin.py:115} INFO - [2024-04-27 09:55:54,430] {dag.py:2927} INFO - Setting next_dagrun for example_external_task_marker_child to None, run_after=None
[2024-04-27 09:55:54,430] {logging_mixin.py:115} INFO - [2024-04-27 09:55:54,430] {dag.py:2927} INFO - Setting next_dagrun for example_external_task_marker_parent to None, run_after=None
[2024-04-27 09:55:54,440] {processor.py:161} INFO - Processing /home/enrico/Documentos/backup/AULA/Alura/Engenharia de dados/projeto_airflow/airflowalura/venv/lib/python3.9/site-packages/airflow/example_dags/example_external_task_marker_dag.py took 0.052 seconds
[2024-04-27 09:56:26,485] {processor.py:153} INFO - Started process (PID=96955) to work on /home/enrico/Documentos/backup/AULA/Alura/Engenharia de dados/projeto_airflow/airflowalura/venv/lib/python3.9/site-packages/airflow/example_dags/example_external_task_marker_dag.py
[2024-04-27 09:56:26,485] {processor.py:641} INFO - Processing file /home/enrico/Documentos/backup/AULA/Alura/Engenharia de dados/projeto_airflow/airflowalura/venv/lib/python3.9/site-packages/airflow/example_dags/example_external_task_marker_dag.py for tasks to queue
[2024-04-27 09:56:26,485] {logging_mixin.py:115} INFO - [2024-04-27 09:56:26,485] {dagbag.py:507} INFO - Filling up the DagBag from /home/enrico/Documentos/backup/AULA/Alura/Engenharia de dados/projeto_airflow/airflowalura/venv/lib/python3.9/site-packages/airflow/example_dags/example_external_task_marker_dag.py
[2024-04-27 09:56:26,488] {processor.py:651} INFO - DAG(s) dict_keys(['example_external_task_marker_parent', 'example_external_task_marker_child']) retrieved from /home/enrico/Documentos/backup/AULA/Alura/Engenharia de dados/projeto_airflow/airflowalura/venv/lib/python3.9/site-packages/airflow/example_dags/example_external_task_marker_dag.py
[2024-04-27 09:56:26,502] {logging_mixin.py:115} INFO - [2024-04-27 09:56:26,502] {dag.py:2379} INFO - Sync 2 DAGs
[2024-04-27 09:56:26,512] {logging_mixin.py:115} INFO - [2024-04-27 09:56:26,512] {dag.py:2927} INFO - Setting next_dagrun for example_external_task_marker_child to None, run_after=None
[2024-04-27 09:56:26,512] {logging_mixin.py:115} INFO - [2024-04-27 09:56:26,512] {dag.py:2927} INFO - Setting next_dagrun for example_external_task_marker_parent to None, run_after=None
[2024-04-27 09:56:26,522] {processor.py:161} INFO - Processing /home/enrico/Documentos/backup/AULA/Alura/Engenharia de dados/projeto_airflow/airflowalura/venv/lib/python3.9/site-packages/airflow/example_dags/example_external_task_marker_dag.py took 0.039 seconds
[2024-04-27 09:57:00,231] {processor.py:153} INFO - Started process (PID=97071) to work on /home/enrico/Documentos/backup/AULA/Alura/Engenharia de dados/projeto_airflow/airflowalura/venv/lib/python3.9/site-packages/airflow/example_dags/example_external_task_marker_dag.py
[2024-04-27 09:57:00,232] {processor.py:641} INFO - Processing file /home/enrico/Documentos/backup/AULA/Alura/Engenharia de dados/projeto_airflow/airflowalura/venv/lib/python3.9/site-packages/airflow/example_dags/example_external_task_marker_dag.py for tasks to queue
[2024-04-27 09:57:00,233] {logging_mixin.py:115} INFO - [2024-04-27 09:57:00,233] {dagbag.py:507} INFO - Filling up the DagBag from /home/enrico/Documentos/backup/AULA/Alura/Engenharia de dados/projeto_airflow/airflowalura/venv/lib/python3.9/site-packages/airflow/example_dags/example_external_task_marker_dag.py
[2024-04-27 09:57:00,240] {processor.py:651} INFO - DAG(s) dict_keys(['example_external_task_marker_parent', 'example_external_task_marker_child']) retrieved from /home/enrico/Documentos/backup/AULA/Alura/Engenharia de dados/projeto_airflow/airflowalura/venv/lib/python3.9/site-packages/airflow/example_dags/example_external_task_marker_dag.py
[2024-04-27 09:57:00,256] {logging_mixin.py:115} INFO - [2024-04-27 09:57:00,256] {dag.py:2379} INFO - Sync 2 DAGs
[2024-04-27 09:57:00,265] {logging_mixin.py:115} INFO - [2024-04-27 09:57:00,265] {dag.py:2927} INFO - Setting next_dagrun for example_external_task_marker_child to None, run_after=None
[2024-04-27 09:57:00,265] {logging_mixin.py:115} INFO - [2024-04-27 09:57:00,265] {dag.py:2927} INFO - Setting next_dagrun for example_external_task_marker_parent to None, run_after=None
[2024-04-27 09:57:00,274] {processor.py:161} INFO - Processing /home/enrico/Documentos/backup/AULA/Alura/Engenharia de dados/projeto_airflow/airflowalura/venv/lib/python3.9/site-packages/airflow/example_dags/example_external_task_marker_dag.py took 0.047 seconds
[2024-04-27 09:57:37,262] {processor.py:153} INFO - Started process (PID=97124) to work on /home/enrico/Documentos/backup/AULA/Alura/Engenharia de dados/projeto_airflow/airflowalura/venv/lib/python3.9/site-packages/airflow/example_dags/example_external_task_marker_dag.py
[2024-04-27 09:57:37,265] {processor.py:641} INFO - Processing file /home/enrico/Documentos/backup/AULA/Alura/Engenharia de dados/projeto_airflow/airflowalura/venv/lib/python3.9/site-packages/airflow/example_dags/example_external_task_marker_dag.py for tasks to queue
[2024-04-27 09:57:37,265] {logging_mixin.py:115} INFO - [2024-04-27 09:57:37,265] {dagbag.py:507} INFO - Filling up the DagBag from /home/enrico/Documentos/backup/AULA/Alura/Engenharia de dados/projeto_airflow/airflowalura/venv/lib/python3.9/site-packages/airflow/example_dags/example_external_task_marker_dag.py
[2024-04-27 09:57:37,268] {processor.py:651} INFO - DAG(s) dict_keys(['example_external_task_marker_parent', 'example_external_task_marker_child']) retrieved from /home/enrico/Documentos/backup/AULA/Alura/Engenharia de dados/projeto_airflow/airflowalura/venv/lib/python3.9/site-packages/airflow/example_dags/example_external_task_marker_dag.py
[2024-04-27 09:57:37,284] {logging_mixin.py:115} INFO - [2024-04-27 09:57:37,284] {dag.py:2379} INFO - Sync 2 DAGs
[2024-04-27 09:57:37,294] {logging_mixin.py:115} INFO - [2024-04-27 09:57:37,294] {dag.py:2927} INFO - Setting next_dagrun for example_external_task_marker_child to None, run_after=None
[2024-04-27 09:57:37,294] {logging_mixin.py:115} INFO - [2024-04-27 09:57:37,294] {dag.py:2927} INFO - Setting next_dagrun for example_external_task_marker_parent to None, run_after=None
[2024-04-27 09:57:37,306] {processor.py:161} INFO - Processing /home/enrico/Documentos/backup/AULA/Alura/Engenharia de dados/projeto_airflow/airflowalura/venv/lib/python3.9/site-packages/airflow/example_dags/example_external_task_marker_dag.py took 0.045 seconds
[2024-04-27 09:58:09,255] {processor.py:153} INFO - Started process (PID=97172) to work on /home/enrico/Documentos/backup/AULA/Alura/Engenharia de dados/projeto_airflow/airflowalura/venv/lib/python3.9/site-packages/airflow/example_dags/example_external_task_marker_dag.py
[2024-04-27 09:58:09,255] {processor.py:641} INFO - Processing file /home/enrico/Documentos/backup/AULA/Alura/Engenharia de dados/projeto_airflow/airflowalura/venv/lib/python3.9/site-packages/airflow/example_dags/example_external_task_marker_dag.py for tasks to queue
[2024-04-27 09:58:09,256] {logging_mixin.py:115} INFO - [2024-04-27 09:58:09,256] {dagbag.py:507} INFO - Filling up the DagBag from /home/enrico/Documentos/backup/AULA/Alura/Engenharia de dados/projeto_airflow/airflowalura/venv/lib/python3.9/site-packages/airflow/example_dags/example_external_task_marker_dag.py
[2024-04-27 09:58:09,265] {processor.py:651} INFO - DAG(s) dict_keys(['example_external_task_marker_parent', 'example_external_task_marker_child']) retrieved from /home/enrico/Documentos/backup/AULA/Alura/Engenharia de dados/projeto_airflow/airflowalura/venv/lib/python3.9/site-packages/airflow/example_dags/example_external_task_marker_dag.py
[2024-04-27 09:58:09,294] {logging_mixin.py:115} INFO - [2024-04-27 09:58:09,294] {dag.py:2379} INFO - Sync 2 DAGs
[2024-04-27 09:58:09,305] {logging_mixin.py:115} INFO - [2024-04-27 09:58:09,305] {dag.py:2927} INFO - Setting next_dagrun for example_external_task_marker_child to None, run_after=None
[2024-04-27 09:58:09,306] {logging_mixin.py:115} INFO - [2024-04-27 09:58:09,306] {dag.py:2927} INFO - Setting next_dagrun for example_external_task_marker_parent to None, run_after=None
[2024-04-27 09:58:09,319] {processor.py:161} INFO - Processing /home/enrico/Documentos/backup/AULA/Alura/Engenharia de dados/projeto_airflow/airflowalura/venv/lib/python3.9/site-packages/airflow/example_dags/example_external_task_marker_dag.py took 0.070 seconds
[2024-04-27 09:58:41,534] {processor.py:153} INFO - Started process (PID=97229) to work on /home/enrico/Documentos/backup/AULA/Alura/Engenharia de dados/projeto_airflow/airflowalura/venv/lib/python3.9/site-packages/airflow/example_dags/example_external_task_marker_dag.py
[2024-04-27 09:58:41,536] {processor.py:641} INFO - Processing file /home/enrico/Documentos/backup/AULA/Alura/Engenharia de dados/projeto_airflow/airflowalura/venv/lib/python3.9/site-packages/airflow/example_dags/example_external_task_marker_dag.py for tasks to queue
[2024-04-27 09:58:41,537] {logging_mixin.py:115} INFO - [2024-04-27 09:58:41,537] {dagbag.py:507} INFO - Filling up the DagBag from /home/enrico/Documentos/backup/AULA/Alura/Engenharia de dados/projeto_airflow/airflowalura/venv/lib/python3.9/site-packages/airflow/example_dags/example_external_task_marker_dag.py
[2024-04-27 09:58:41,539] {processor.py:651} INFO - DAG(s) dict_keys(['example_external_task_marker_parent', 'example_external_task_marker_child']) retrieved from /home/enrico/Documentos/backup/AULA/Alura/Engenharia de dados/projeto_airflow/airflowalura/venv/lib/python3.9/site-packages/airflow/example_dags/example_external_task_marker_dag.py
[2024-04-27 09:58:41,552] {logging_mixin.py:115} INFO - [2024-04-27 09:58:41,552] {dag.py:2379} INFO - Sync 2 DAGs
[2024-04-27 09:58:41,562] {logging_mixin.py:115} INFO - [2024-04-27 09:58:41,562] {dag.py:2927} INFO - Setting next_dagrun for example_external_task_marker_child to None, run_after=None
[2024-04-27 09:58:41,562] {logging_mixin.py:115} INFO - [2024-04-27 09:58:41,562] {dag.py:2927} INFO - Setting next_dagrun for example_external_task_marker_parent to None, run_after=None
[2024-04-27 09:58:41,572] {processor.py:161} INFO - Processing /home/enrico/Documentos/backup/AULA/Alura/Engenharia de dados/projeto_airflow/airflowalura/venv/lib/python3.9/site-packages/airflow/example_dags/example_external_task_marker_dag.py took 0.040 seconds
[2024-04-27 09:59:15,223] {processor.py:153} INFO - Started process (PID=97285) to work on /home/enrico/Documentos/backup/AULA/Alura/Engenharia de dados/projeto_airflow/airflowalura/venv/lib/python3.9/site-packages/airflow/example_dags/example_external_task_marker_dag.py
[2024-04-27 09:59:15,224] {processor.py:641} INFO - Processing file /home/enrico/Documentos/backup/AULA/Alura/Engenharia de dados/projeto_airflow/airflowalura/venv/lib/python3.9/site-packages/airflow/example_dags/example_external_task_marker_dag.py for tasks to queue
[2024-04-27 09:59:15,224] {logging_mixin.py:115} INFO - [2024-04-27 09:59:15,224] {dagbag.py:507} INFO - Filling up the DagBag from /home/enrico/Documentos/backup/AULA/Alura/Engenharia de dados/projeto_airflow/airflowalura/venv/lib/python3.9/site-packages/airflow/example_dags/example_external_task_marker_dag.py
[2024-04-27 09:59:15,228] {processor.py:651} INFO - DAG(s) dict_keys(['example_external_task_marker_parent', 'example_external_task_marker_child']) retrieved from /home/enrico/Documentos/backup/AULA/Alura/Engenharia de dados/projeto_airflow/airflowalura/venv/lib/python3.9/site-packages/airflow/example_dags/example_external_task_marker_dag.py
[2024-04-27 09:59:15,248] {logging_mixin.py:115} INFO - [2024-04-27 09:59:15,247] {dag.py:2379} INFO - Sync 2 DAGs
[2024-04-27 09:59:15,257] {logging_mixin.py:115} INFO - [2024-04-27 09:59:15,257] {dag.py:2927} INFO - Setting next_dagrun for example_external_task_marker_child to None, run_after=None
[2024-04-27 09:59:15,257] {logging_mixin.py:115} INFO - [2024-04-27 09:59:15,257] {dag.py:2927} INFO - Setting next_dagrun for example_external_task_marker_parent to None, run_after=None
[2024-04-27 09:59:15,269] {processor.py:161} INFO - Processing /home/enrico/Documentos/backup/AULA/Alura/Engenharia de dados/projeto_airflow/airflowalura/venv/lib/python3.9/site-packages/airflow/example_dags/example_external_task_marker_dag.py took 0.049 seconds
[2024-04-27 09:59:50,106] {processor.py:153} INFO - Started process (PID=97347) to work on /home/enrico/Documentos/backup/AULA/Alura/Engenharia de dados/projeto_airflow/airflowalura/venv/lib/python3.9/site-packages/airflow/example_dags/example_external_task_marker_dag.py
[2024-04-27 09:59:50,110] {processor.py:641} INFO - Processing file /home/enrico/Documentos/backup/AULA/Alura/Engenharia de dados/projeto_airflow/airflowalura/venv/lib/python3.9/site-packages/airflow/example_dags/example_external_task_marker_dag.py for tasks to queue
[2024-04-27 09:59:50,111] {logging_mixin.py:115} INFO - [2024-04-27 09:59:50,110] {dagbag.py:507} INFO - Filling up the DagBag from /home/enrico/Documentos/backup/AULA/Alura/Engenharia de dados/projeto_airflow/airflowalura/venv/lib/python3.9/site-packages/airflow/example_dags/example_external_task_marker_dag.py
[2024-04-27 09:59:50,120] {processor.py:651} INFO - DAG(s) dict_keys(['example_external_task_marker_parent', 'example_external_task_marker_child']) retrieved from /home/enrico/Documentos/backup/AULA/Alura/Engenharia de dados/projeto_airflow/airflowalura/venv/lib/python3.9/site-packages/airflow/example_dags/example_external_task_marker_dag.py
[2024-04-27 09:59:50,151] {logging_mixin.py:115} INFO - [2024-04-27 09:59:50,151] {dag.py:2379} INFO - Sync 2 DAGs
[2024-04-27 09:59:50,163] {logging_mixin.py:115} INFO - [2024-04-27 09:59:50,163] {dag.py:2927} INFO - Setting next_dagrun for example_external_task_marker_child to None, run_after=None
[2024-04-27 09:59:50,163] {logging_mixin.py:115} INFO - [2024-04-27 09:59:50,163] {dag.py:2927} INFO - Setting next_dagrun for example_external_task_marker_parent to None, run_after=None
[2024-04-27 09:59:50,173] {processor.py:161} INFO - Processing /home/enrico/Documentos/backup/AULA/Alura/Engenharia de dados/projeto_airflow/airflowalura/venv/lib/python3.9/site-packages/airflow/example_dags/example_external_task_marker_dag.py took 0.073 seconds
[2024-04-27 10:00:23,744] {processor.py:153} INFO - Started process (PID=97400) to work on /home/enrico/Documentos/backup/AULA/Alura/Engenharia de dados/projeto_airflow/airflowalura/venv/lib/python3.9/site-packages/airflow/example_dags/example_external_task_marker_dag.py
[2024-04-27 10:00:23,746] {processor.py:641} INFO - Processing file /home/enrico/Documentos/backup/AULA/Alura/Engenharia de dados/projeto_airflow/airflowalura/venv/lib/python3.9/site-packages/airflow/example_dags/example_external_task_marker_dag.py for tasks to queue
[2024-04-27 10:00:23,747] {logging_mixin.py:115} INFO - [2024-04-27 10:00:23,747] {dagbag.py:507} INFO - Filling up the DagBag from /home/enrico/Documentos/backup/AULA/Alura/Engenharia de dados/projeto_airflow/airflowalura/venv/lib/python3.9/site-packages/airflow/example_dags/example_external_task_marker_dag.py
[2024-04-27 10:00:23,749] {processor.py:651} INFO - DAG(s) dict_keys(['example_external_task_marker_parent', 'example_external_task_marker_child']) retrieved from /home/enrico/Documentos/backup/AULA/Alura/Engenharia de dados/projeto_airflow/airflowalura/venv/lib/python3.9/site-packages/airflow/example_dags/example_external_task_marker_dag.py
[2024-04-27 10:00:23,762] {logging_mixin.py:115} INFO - [2024-04-27 10:00:23,762] {dag.py:2379} INFO - Sync 2 DAGs
[2024-04-27 10:00:23,771] {logging_mixin.py:115} INFO - [2024-04-27 10:00:23,771] {dag.py:2927} INFO - Setting next_dagrun for example_external_task_marker_child to None, run_after=None
[2024-04-27 10:00:23,771] {logging_mixin.py:115} INFO - [2024-04-27 10:00:23,771] {dag.py:2927} INFO - Setting next_dagrun for example_external_task_marker_parent to None, run_after=None
[2024-04-27 10:00:23,780] {processor.py:161} INFO - Processing /home/enrico/Documentos/backup/AULA/Alura/Engenharia de dados/projeto_airflow/airflowalura/venv/lib/python3.9/site-packages/airflow/example_dags/example_external_task_marker_dag.py took 0.038 seconds
[2024-04-27 10:00:59,162] {processor.py:153} INFO - Started process (PID=97448) to work on /home/enrico/Documentos/backup/AULA/Alura/Engenharia de dados/projeto_airflow/airflowalura/venv/lib/python3.9/site-packages/airflow/example_dags/example_external_task_marker_dag.py
[2024-04-27 10:00:59,163] {processor.py:641} INFO - Processing file /home/enrico/Documentos/backup/AULA/Alura/Engenharia de dados/projeto_airflow/airflowalura/venv/lib/python3.9/site-packages/airflow/example_dags/example_external_task_marker_dag.py for tasks to queue
[2024-04-27 10:00:59,165] {logging_mixin.py:115} INFO - [2024-04-27 10:00:59,164] {dagbag.py:507} INFO - Filling up the DagBag from /home/enrico/Documentos/backup/AULA/Alura/Engenharia de dados/projeto_airflow/airflowalura/venv/lib/python3.9/site-packages/airflow/example_dags/example_external_task_marker_dag.py
[2024-04-27 10:00:59,173] {processor.py:651} INFO - DAG(s) dict_keys(['example_external_task_marker_parent', 'example_external_task_marker_child']) retrieved from /home/enrico/Documentos/backup/AULA/Alura/Engenharia de dados/projeto_airflow/airflowalura/venv/lib/python3.9/site-packages/airflow/example_dags/example_external_task_marker_dag.py
[2024-04-27 10:00:59,198] {logging_mixin.py:115} INFO - [2024-04-27 10:00:59,198] {dag.py:2379} INFO - Sync 2 DAGs
[2024-04-27 10:00:59,208] {logging_mixin.py:115} INFO - [2024-04-27 10:00:59,208] {dag.py:2927} INFO - Setting next_dagrun for example_external_task_marker_child to None, run_after=None
[2024-04-27 10:00:59,209] {logging_mixin.py:115} INFO - [2024-04-27 10:00:59,209] {dag.py:2927} INFO - Setting next_dagrun for example_external_task_marker_parent to None, run_after=None
[2024-04-27 10:00:59,217] {processor.py:161} INFO - Processing /home/enrico/Documentos/backup/AULA/Alura/Engenharia de dados/projeto_airflow/airflowalura/venv/lib/python3.9/site-packages/airflow/example_dags/example_external_task_marker_dag.py took 0.061 seconds
[2024-04-27 10:01:31,637] {processor.py:153} INFO - Started process (PID=97521) to work on /home/enrico/Documentos/backup/AULA/Alura/Engenharia de dados/projeto_airflow/airflowalura/venv/lib/python3.9/site-packages/airflow/example_dags/example_external_task_marker_dag.py
[2024-04-27 10:01:31,638] {processor.py:641} INFO - Processing file /home/enrico/Documentos/backup/AULA/Alura/Engenharia de dados/projeto_airflow/airflowalura/venv/lib/python3.9/site-packages/airflow/example_dags/example_external_task_marker_dag.py for tasks to queue
[2024-04-27 10:01:31,638] {logging_mixin.py:115} INFO - [2024-04-27 10:01:31,638] {dagbag.py:507} INFO - Filling up the DagBag from /home/enrico/Documentos/backup/AULA/Alura/Engenharia de dados/projeto_airflow/airflowalura/venv/lib/python3.9/site-packages/airflow/example_dags/example_external_task_marker_dag.py
[2024-04-27 10:01:31,640] {processor.py:651} INFO - DAG(s) dict_keys(['example_external_task_marker_parent', 'example_external_task_marker_child']) retrieved from /home/enrico/Documentos/backup/AULA/Alura/Engenharia de dados/projeto_airflow/airflowalura/venv/lib/python3.9/site-packages/airflow/example_dags/example_external_task_marker_dag.py
[2024-04-27 10:01:31,655] {logging_mixin.py:115} INFO - [2024-04-27 10:01:31,655] {dag.py:2379} INFO - Sync 2 DAGs
[2024-04-27 10:01:31,667] {logging_mixin.py:115} INFO - [2024-04-27 10:01:31,667] {dag.py:2927} INFO - Setting next_dagrun for example_external_task_marker_child to None, run_after=None
[2024-04-27 10:01:31,667] {logging_mixin.py:115} INFO - [2024-04-27 10:01:31,667] {dag.py:2927} INFO - Setting next_dagrun for example_external_task_marker_parent to None, run_after=None
[2024-04-27 10:01:31,675] {processor.py:161} INFO - Processing /home/enrico/Documentos/backup/AULA/Alura/Engenharia de dados/projeto_airflow/airflowalura/venv/lib/python3.9/site-packages/airflow/example_dags/example_external_task_marker_dag.py took 0.039 seconds
[2024-04-27 10:02:04,301] {processor.py:153} INFO - Started process (PID=97572) to work on /home/enrico/Documentos/backup/AULA/Alura/Engenharia de dados/projeto_airflow/airflowalura/venv/lib/python3.9/site-packages/airflow/example_dags/example_external_task_marker_dag.py
[2024-04-27 10:02:04,304] {processor.py:641} INFO - Processing file /home/enrico/Documentos/backup/AULA/Alura/Engenharia de dados/projeto_airflow/airflowalura/venv/lib/python3.9/site-packages/airflow/example_dags/example_external_task_marker_dag.py for tasks to queue
[2024-04-27 10:02:04,304] {logging_mixin.py:115} INFO - [2024-04-27 10:02:04,304] {dagbag.py:507} INFO - Filling up the DagBag from /home/enrico/Documentos/backup/AULA/Alura/Engenharia de dados/projeto_airflow/airflowalura/venv/lib/python3.9/site-packages/airflow/example_dags/example_external_task_marker_dag.py
[2024-04-27 10:02:04,306] {processor.py:651} INFO - DAG(s) dict_keys(['example_external_task_marker_parent', 'example_external_task_marker_child']) retrieved from /home/enrico/Documentos/backup/AULA/Alura/Engenharia de dados/projeto_airflow/airflowalura/venv/lib/python3.9/site-packages/airflow/example_dags/example_external_task_marker_dag.py
[2024-04-27 10:02:04,325] {logging_mixin.py:115} INFO - [2024-04-27 10:02:04,325] {dag.py:2379} INFO - Sync 2 DAGs
[2024-04-27 10:02:04,336] {logging_mixin.py:115} INFO - [2024-04-27 10:02:04,335] {dag.py:2927} INFO - Setting next_dagrun for example_external_task_marker_child to None, run_after=None
[2024-04-27 10:02:04,336] {logging_mixin.py:115} INFO - [2024-04-27 10:02:04,336] {dag.py:2927} INFO - Setting next_dagrun for example_external_task_marker_parent to None, run_after=None
[2024-04-27 10:02:04,352] {processor.py:161} INFO - Processing /home/enrico/Documentos/backup/AULA/Alura/Engenharia de dados/projeto_airflow/airflowalura/venv/lib/python3.9/site-packages/airflow/example_dags/example_external_task_marker_dag.py took 0.052 seconds
[2024-04-27 10:02:39,623] {processor.py:153} INFO - Started process (PID=97746) to work on /home/enrico/Documentos/backup/AULA/Alura/Engenharia de dados/projeto_airflow/airflowalura/venv/lib/python3.9/site-packages/airflow/example_dags/example_external_task_marker_dag.py
[2024-04-27 10:02:39,623] {processor.py:641} INFO - Processing file /home/enrico/Documentos/backup/AULA/Alura/Engenharia de dados/projeto_airflow/airflowalura/venv/lib/python3.9/site-packages/airflow/example_dags/example_external_task_marker_dag.py for tasks to queue
[2024-04-27 10:02:39,624] {logging_mixin.py:115} INFO - [2024-04-27 10:02:39,624] {dagbag.py:507} INFO - Filling up the DagBag from /home/enrico/Documentos/backup/AULA/Alura/Engenharia de dados/projeto_airflow/airflowalura/venv/lib/python3.9/site-packages/airflow/example_dags/example_external_task_marker_dag.py
[2024-04-27 10:02:39,626] {processor.py:651} INFO - DAG(s) dict_keys(['example_external_task_marker_parent', 'example_external_task_marker_child']) retrieved from /home/enrico/Documentos/backup/AULA/Alura/Engenharia de dados/projeto_airflow/airflowalura/venv/lib/python3.9/site-packages/airflow/example_dags/example_external_task_marker_dag.py
[2024-04-27 10:02:39,640] {logging_mixin.py:115} INFO - [2024-04-27 10:02:39,639] {dag.py:2379} INFO - Sync 2 DAGs
[2024-04-27 10:02:39,649] {logging_mixin.py:115} INFO - [2024-04-27 10:02:39,649] {dag.py:2927} INFO - Setting next_dagrun for example_external_task_marker_child to None, run_after=None
[2024-04-27 10:02:39,649] {logging_mixin.py:115} INFO - [2024-04-27 10:02:39,649] {dag.py:2927} INFO - Setting next_dagrun for example_external_task_marker_parent to None, run_after=None
[2024-04-27 10:02:39,659] {processor.py:161} INFO - Processing /home/enrico/Documentos/backup/AULA/Alura/Engenharia de dados/projeto_airflow/airflowalura/venv/lib/python3.9/site-packages/airflow/example_dags/example_external_task_marker_dag.py took 0.038 seconds
[2024-04-27 10:03:16,562] {processor.py:153} INFO - Started process (PID=97958) to work on /home/enrico/Documentos/backup/AULA/Alura/Engenharia de dados/projeto_airflow/airflowalura/venv/lib/python3.9/site-packages/airflow/example_dags/example_external_task_marker_dag.py
[2024-04-27 10:03:16,565] {processor.py:641} INFO - Processing file /home/enrico/Documentos/backup/AULA/Alura/Engenharia de dados/projeto_airflow/airflowalura/venv/lib/python3.9/site-packages/airflow/example_dags/example_external_task_marker_dag.py for tasks to queue
[2024-04-27 10:03:16,565] {logging_mixin.py:115} INFO - [2024-04-27 10:03:16,565] {dagbag.py:507} INFO - Filling up the DagBag from /home/enrico/Documentos/backup/AULA/Alura/Engenharia de dados/projeto_airflow/airflowalura/venv/lib/python3.9/site-packages/airflow/example_dags/example_external_task_marker_dag.py
[2024-04-27 10:03:16,567] {processor.py:651} INFO - DAG(s) dict_keys(['example_external_task_marker_parent', 'example_external_task_marker_child']) retrieved from /home/enrico/Documentos/backup/AULA/Alura/Engenharia de dados/projeto_airflow/airflowalura/venv/lib/python3.9/site-packages/airflow/example_dags/example_external_task_marker_dag.py
[2024-04-27 10:03:16,581] {logging_mixin.py:115} INFO - [2024-04-27 10:03:16,581] {dag.py:2379} INFO - Sync 2 DAGs
[2024-04-27 10:03:16,589] {logging_mixin.py:115} INFO - [2024-04-27 10:03:16,589] {dag.py:2927} INFO - Setting next_dagrun for example_external_task_marker_child to None, run_after=None
[2024-04-27 10:03:16,590] {logging_mixin.py:115} INFO - [2024-04-27 10:03:16,590] {dag.py:2927} INFO - Setting next_dagrun for example_external_task_marker_parent to None, run_after=None
[2024-04-27 10:03:16,605] {processor.py:161} INFO - Processing /home/enrico/Documentos/backup/AULA/Alura/Engenharia de dados/projeto_airflow/airflowalura/venv/lib/python3.9/site-packages/airflow/example_dags/example_external_task_marker_dag.py took 0.049 seconds
[2024-04-27 10:03:48,398] {processor.py:153} INFO - Started process (PID=98179) to work on /home/enrico/Documentos/backup/AULA/Alura/Engenharia de dados/projeto_airflow/airflowalura/venv/lib/python3.9/site-packages/airflow/example_dags/example_external_task_marker_dag.py
[2024-04-27 10:03:48,398] {processor.py:641} INFO - Processing file /home/enrico/Documentos/backup/AULA/Alura/Engenharia de dados/projeto_airflow/airflowalura/venv/lib/python3.9/site-packages/airflow/example_dags/example_external_task_marker_dag.py for tasks to queue
[2024-04-27 10:03:48,399] {logging_mixin.py:115} INFO - [2024-04-27 10:03:48,398] {dagbag.py:507} INFO - Filling up the DagBag from /home/enrico/Documentos/backup/AULA/Alura/Engenharia de dados/projeto_airflow/airflowalura/venv/lib/python3.9/site-packages/airflow/example_dags/example_external_task_marker_dag.py
[2024-04-27 10:03:48,401] {processor.py:651} INFO - DAG(s) dict_keys(['example_external_task_marker_parent', 'example_external_task_marker_child']) retrieved from /home/enrico/Documentos/backup/AULA/Alura/Engenharia de dados/projeto_airflow/airflowalura/venv/lib/python3.9/site-packages/airflow/example_dags/example_external_task_marker_dag.py
[2024-04-27 10:03:48,415] {logging_mixin.py:115} INFO - [2024-04-27 10:03:48,415] {dag.py:2379} INFO - Sync 2 DAGs
[2024-04-27 10:03:48,425] {logging_mixin.py:115} INFO - [2024-04-27 10:03:48,425] {dag.py:2927} INFO - Setting next_dagrun for example_external_task_marker_child to None, run_after=None
[2024-04-27 10:03:48,425] {logging_mixin.py:115} INFO - [2024-04-27 10:03:48,425] {dag.py:2927} INFO - Setting next_dagrun for example_external_task_marker_parent to None, run_after=None
[2024-04-27 10:03:48,435] {processor.py:161} INFO - Processing /home/enrico/Documentos/backup/AULA/Alura/Engenharia de dados/projeto_airflow/airflowalura/venv/lib/python3.9/site-packages/airflow/example_dags/example_external_task_marker_dag.py took 0.038 seconds
[2024-04-27 10:04:25,097] {processor.py:153} INFO - Started process (PID=98391) to work on /home/enrico/Documentos/backup/AULA/Alura/Engenharia de dados/projeto_airflow/airflowalura/venv/lib/python3.9/site-packages/airflow/example_dags/example_external_task_marker_dag.py
[2024-04-27 10:04:25,098] {processor.py:641} INFO - Processing file /home/enrico/Documentos/backup/AULA/Alura/Engenharia de dados/projeto_airflow/airflowalura/venv/lib/python3.9/site-packages/airflow/example_dags/example_external_task_marker_dag.py for tasks to queue
[2024-04-27 10:04:25,099] {logging_mixin.py:115} INFO - [2024-04-27 10:04:25,099] {dagbag.py:507} INFO - Filling up the DagBag from /home/enrico/Documentos/backup/AULA/Alura/Engenharia de dados/projeto_airflow/airflowalura/venv/lib/python3.9/site-packages/airflow/example_dags/example_external_task_marker_dag.py
[2024-04-27 10:04:25,108] {processor.py:651} INFO - DAG(s) dict_keys(['example_external_task_marker_parent', 'example_external_task_marker_child']) retrieved from /home/enrico/Documentos/backup/AULA/Alura/Engenharia de dados/projeto_airflow/airflowalura/venv/lib/python3.9/site-packages/airflow/example_dags/example_external_task_marker_dag.py
[2024-04-27 10:04:25,137] {logging_mixin.py:115} INFO - [2024-04-27 10:04:25,137] {dag.py:2379} INFO - Sync 2 DAGs
[2024-04-27 10:04:25,148] {logging_mixin.py:115} INFO - [2024-04-27 10:04:25,148] {dag.py:2927} INFO - Setting next_dagrun for example_external_task_marker_child to None, run_after=None
[2024-04-27 10:04:25,148] {logging_mixin.py:115} INFO - [2024-04-27 10:04:25,148] {dag.py:2927} INFO - Setting next_dagrun for example_external_task_marker_parent to None, run_after=None
[2024-04-27 10:04:25,157] {processor.py:161} INFO - Processing /home/enrico/Documentos/backup/AULA/Alura/Engenharia de dados/projeto_airflow/airflowalura/venv/lib/python3.9/site-packages/airflow/example_dags/example_external_task_marker_dag.py took 0.065 seconds
[2024-04-27 10:04:57,967] {processor.py:153} INFO - Started process (PID=98596) to work on /home/enrico/Documentos/backup/AULA/Alura/Engenharia de dados/projeto_airflow/airflowalura/venv/lib/python3.9/site-packages/airflow/example_dags/example_external_task_marker_dag.py
[2024-04-27 10:04:57,970] {processor.py:641} INFO - Processing file /home/enrico/Documentos/backup/AULA/Alura/Engenharia de dados/projeto_airflow/airflowalura/venv/lib/python3.9/site-packages/airflow/example_dags/example_external_task_marker_dag.py for tasks to queue
[2024-04-27 10:04:57,970] {logging_mixin.py:115} INFO - [2024-04-27 10:04:57,970] {dagbag.py:507} INFO - Filling up the DagBag from /home/enrico/Documentos/backup/AULA/Alura/Engenharia de dados/projeto_airflow/airflowalura/venv/lib/python3.9/site-packages/airflow/example_dags/example_external_task_marker_dag.py
[2024-04-27 10:04:57,972] {processor.py:651} INFO - DAG(s) dict_keys(['example_external_task_marker_parent', 'example_external_task_marker_child']) retrieved from /home/enrico/Documentos/backup/AULA/Alura/Engenharia de dados/projeto_airflow/airflowalura/venv/lib/python3.9/site-packages/airflow/example_dags/example_external_task_marker_dag.py
[2024-04-27 10:04:57,985] {logging_mixin.py:115} INFO - [2024-04-27 10:04:57,985] {dag.py:2379} INFO - Sync 2 DAGs
[2024-04-27 10:04:57,995] {logging_mixin.py:115} INFO - [2024-04-27 10:04:57,995] {dag.py:2927} INFO - Setting next_dagrun for example_external_task_marker_child to None, run_after=None
[2024-04-27 10:04:57,995] {logging_mixin.py:115} INFO - [2024-04-27 10:04:57,995] {dag.py:2927} INFO - Setting next_dagrun for example_external_task_marker_parent to None, run_after=None
[2024-04-27 10:04:58,006] {processor.py:161} INFO - Processing /home/enrico/Documentos/backup/AULA/Alura/Engenharia de dados/projeto_airflow/airflowalura/venv/lib/python3.9/site-packages/airflow/example_dags/example_external_task_marker_dag.py took 0.040 seconds
