[2024-04-27 09:50:09,707] {processor.py:153} INFO - Started process (PID=95889) to work on /home/enrico/Documentos/backup/AULA/Alura/Engenharia de dados/projeto_airflow/airflowalura/venv/lib/python3.9/site-packages/airflow/example_dags/example_trigger_target_dag.py
[2024-04-27 09:50:09,707] {processor.py:641} INFO - Processing file /home/enrico/Documentos/backup/AULA/Alura/Engenharia de dados/projeto_airflow/airflowalura/venv/lib/python3.9/site-packages/airflow/example_dags/example_trigger_target_dag.py for tasks to queue
[2024-04-27 09:50:09,709] {logging_mixin.py:115} INFO - [2024-04-27 09:50:09,708] {dagbag.py:507} INFO - Filling up the DagBag from /home/enrico/Documentos/backup/AULA/Alura/Engenharia de dados/projeto_airflow/airflowalura/venv/lib/python3.9/site-packages/airflow/example_dags/example_trigger_target_dag.py
[2024-04-27 09:50:09,738] {processor.py:651} INFO - DAG(s) dict_keys(['example_trigger_target_dag']) retrieved from /home/enrico/Documentos/backup/AULA/Alura/Engenharia de dados/projeto_airflow/airflowalura/venv/lib/python3.9/site-packages/airflow/example_dags/example_trigger_target_dag.py
[2024-04-27 09:50:09,749] {logging_mixin.py:115} INFO - [2024-04-27 09:50:09,748] {dag.py:2379} INFO - Sync 1 DAGs
[2024-04-27 09:50:09,759] {logging_mixin.py:115} INFO - [2024-04-27 09:50:09,759] {dag.py:2927} INFO - Setting next_dagrun for example_trigger_target_dag to None, run_after=None
[2024-04-27 09:50:09,771] {processor.py:161} INFO - Processing /home/enrico/Documentos/backup/AULA/Alura/Engenharia de dados/projeto_airflow/airflowalura/venv/lib/python3.9/site-packages/airflow/example_dags/example_trigger_target_dag.py took 0.070 seconds
[2024-04-27 09:50:43,927] {processor.py:153} INFO - Started process (PID=96022) to work on /home/enrico/Documentos/backup/AULA/Alura/Engenharia de dados/projeto_airflow/airflowalura/venv/lib/python3.9/site-packages/airflow/example_dags/example_trigger_target_dag.py
[2024-04-27 09:50:43,930] {processor.py:641} INFO - Processing file /home/enrico/Documentos/backup/AULA/Alura/Engenharia de dados/projeto_airflow/airflowalura/venv/lib/python3.9/site-packages/airflow/example_dags/example_trigger_target_dag.py for tasks to queue
[2024-04-27 09:50:43,930] {logging_mixin.py:115} INFO - [2024-04-27 09:50:43,930] {dagbag.py:507} INFO - Filling up the DagBag from /home/enrico/Documentos/backup/AULA/Alura/Engenharia de dados/projeto_airflow/airflowalura/venv/lib/python3.9/site-packages/airflow/example_dags/example_trigger_target_dag.py
[2024-04-27 09:50:43,941] {processor.py:651} INFO - DAG(s) dict_keys(['example_trigger_target_dag']) retrieved from /home/enrico/Documentos/backup/AULA/Alura/Engenharia de dados/projeto_airflow/airflowalura/venv/lib/python3.9/site-packages/airflow/example_dags/example_trigger_target_dag.py
[2024-04-27 09:50:43,949] {logging_mixin.py:115} INFO - [2024-04-27 09:50:43,949] {dag.py:2379} INFO - Sync 1 DAGs
[2024-04-27 09:50:43,959] {logging_mixin.py:115} INFO - [2024-04-27 09:50:43,958] {dag.py:2927} INFO - Setting next_dagrun for example_trigger_target_dag to None, run_after=None
[2024-04-27 09:50:43,969] {processor.py:161} INFO - Processing /home/enrico/Documentos/backup/AULA/Alura/Engenharia de dados/projeto_airflow/airflowalura/venv/lib/python3.9/site-packages/airflow/example_dags/example_trigger_target_dag.py took 0.043 seconds
[2024-04-27 09:51:19,054] {processor.py:153} INFO - Started process (PID=96263) to work on /home/enrico/Documentos/backup/AULA/Alura/Engenharia de dados/projeto_airflow/airflowalura/venv/lib/python3.9/site-packages/airflow/example_dags/example_trigger_target_dag.py
[2024-04-27 09:51:19,057] {processor.py:641} INFO - Processing file /home/enrico/Documentos/backup/AULA/Alura/Engenharia de dados/projeto_airflow/airflowalura/venv/lib/python3.9/site-packages/airflow/example_dags/example_trigger_target_dag.py for tasks to queue
[2024-04-27 09:51:19,057] {logging_mixin.py:115} INFO - [2024-04-27 09:51:19,057] {dagbag.py:507} INFO - Filling up the DagBag from /home/enrico/Documentos/backup/AULA/Alura/Engenharia de dados/projeto_airflow/airflowalura/venv/lib/python3.9/site-packages/airflow/example_dags/example_trigger_target_dag.py
[2024-04-27 09:51:19,069] {processor.py:651} INFO - DAG(s) dict_keys(['example_trigger_target_dag']) retrieved from /home/enrico/Documentos/backup/AULA/Alura/Engenharia de dados/projeto_airflow/airflowalura/venv/lib/python3.9/site-packages/airflow/example_dags/example_trigger_target_dag.py
[2024-04-27 09:51:19,078] {logging_mixin.py:115} INFO - [2024-04-27 09:51:19,078] {dag.py:2379} INFO - Sync 1 DAGs
[2024-04-27 09:51:19,087] {logging_mixin.py:115} INFO - [2024-04-27 09:51:19,087] {dag.py:2927} INFO - Setting next_dagrun for example_trigger_target_dag to None, run_after=None
[2024-04-27 09:51:19,097] {processor.py:161} INFO - Processing /home/enrico/Documentos/backup/AULA/Alura/Engenharia de dados/projeto_airflow/airflowalura/venv/lib/python3.9/site-packages/airflow/example_dags/example_trigger_target_dag.py took 0.044 seconds
[2024-04-27 09:51:55,527] {processor.py:153} INFO - Started process (PID=96410) to work on /home/enrico/Documentos/backup/AULA/Alura/Engenharia de dados/projeto_airflow/airflowalura/venv/lib/python3.9/site-packages/airflow/example_dags/example_trigger_target_dag.py
[2024-04-27 09:51:55,529] {processor.py:641} INFO - Processing file /home/enrico/Documentos/backup/AULA/Alura/Engenharia de dados/projeto_airflow/airflowalura/venv/lib/python3.9/site-packages/airflow/example_dags/example_trigger_target_dag.py for tasks to queue
[2024-04-27 09:51:55,530] {logging_mixin.py:115} INFO - [2024-04-27 09:51:55,530] {dagbag.py:507} INFO - Filling up the DagBag from /home/enrico/Documentos/backup/AULA/Alura/Engenharia de dados/projeto_airflow/airflowalura/venv/lib/python3.9/site-packages/airflow/example_dags/example_trigger_target_dag.py
[2024-04-27 09:51:55,540] {processor.py:651} INFO - DAG(s) dict_keys(['example_trigger_target_dag']) retrieved from /home/enrico/Documentos/backup/AULA/Alura/Engenharia de dados/projeto_airflow/airflowalura/venv/lib/python3.9/site-packages/airflow/example_dags/example_trigger_target_dag.py
[2024-04-27 09:51:55,548] {logging_mixin.py:115} INFO - [2024-04-27 09:51:55,547] {dag.py:2379} INFO - Sync 1 DAGs
[2024-04-27 09:51:55,557] {logging_mixin.py:115} INFO - [2024-04-27 09:51:55,557] {dag.py:2927} INFO - Setting next_dagrun for example_trigger_target_dag to None, run_after=None
[2024-04-27 09:51:55,568] {processor.py:161} INFO - Processing /home/enrico/Documentos/backup/AULA/Alura/Engenharia de dados/projeto_airflow/airflowalura/venv/lib/python3.9/site-packages/airflow/example_dags/example_trigger_target_dag.py took 0.042 seconds
[2024-04-27 09:52:33,523] {processor.py:153} INFO - Started process (PID=96554) to work on /home/enrico/Documentos/backup/AULA/Alura/Engenharia de dados/projeto_airflow/airflowalura/venv/lib/python3.9/site-packages/airflow/example_dags/example_trigger_target_dag.py
[2024-04-27 09:52:33,525] {processor.py:641} INFO - Processing file /home/enrico/Documentos/backup/AULA/Alura/Engenharia de dados/projeto_airflow/airflowalura/venv/lib/python3.9/site-packages/airflow/example_dags/example_trigger_target_dag.py for tasks to queue
[2024-04-27 09:52:33,526] {logging_mixin.py:115} INFO - [2024-04-27 09:52:33,526] {dagbag.py:507} INFO - Filling up the DagBag from /home/enrico/Documentos/backup/AULA/Alura/Engenharia de dados/projeto_airflow/airflowalura/venv/lib/python3.9/site-packages/airflow/example_dags/example_trigger_target_dag.py
[2024-04-27 09:52:33,536] {processor.py:651} INFO - DAG(s) dict_keys(['example_trigger_target_dag']) retrieved from /home/enrico/Documentos/backup/AULA/Alura/Engenharia de dados/projeto_airflow/airflowalura/venv/lib/python3.9/site-packages/airflow/example_dags/example_trigger_target_dag.py
[2024-04-27 09:52:33,544] {logging_mixin.py:115} INFO - [2024-04-27 09:52:33,543] {dag.py:2379} INFO - Sync 1 DAGs
[2024-04-27 09:52:33,553] {logging_mixin.py:115} INFO - [2024-04-27 09:52:33,553] {dag.py:2927} INFO - Setting next_dagrun for example_trigger_target_dag to None, run_after=None
[2024-04-27 09:52:33,565] {processor.py:161} INFO - Processing /home/enrico/Documentos/backup/AULA/Alura/Engenharia de dados/projeto_airflow/airflowalura/venv/lib/python3.9/site-packages/airflow/example_dags/example_trigger_target_dag.py took 0.044 seconds
[2024-04-27 09:53:10,386] {processor.py:153} INFO - Started process (PID=96631) to work on /home/enrico/Documentos/backup/AULA/Alura/Engenharia de dados/projeto_airflow/airflowalura/venv/lib/python3.9/site-packages/airflow/example_dags/example_trigger_target_dag.py
[2024-04-27 09:53:10,389] {processor.py:641} INFO - Processing file /home/enrico/Documentos/backup/AULA/Alura/Engenharia de dados/projeto_airflow/airflowalura/venv/lib/python3.9/site-packages/airflow/example_dags/example_trigger_target_dag.py for tasks to queue
[2024-04-27 09:53:10,390] {logging_mixin.py:115} INFO - [2024-04-27 09:53:10,390] {dagbag.py:507} INFO - Filling up the DagBag from /home/enrico/Documentos/backup/AULA/Alura/Engenharia de dados/projeto_airflow/airflowalura/venv/lib/python3.9/site-packages/airflow/example_dags/example_trigger_target_dag.py
[2024-04-27 09:53:10,420] {processor.py:651} INFO - DAG(s) dict_keys(['example_trigger_target_dag']) retrieved from /home/enrico/Documentos/backup/AULA/Alura/Engenharia de dados/projeto_airflow/airflowalura/venv/lib/python3.9/site-packages/airflow/example_dags/example_trigger_target_dag.py
[2024-04-27 09:53:10,431] {logging_mixin.py:115} INFO - [2024-04-27 09:53:10,431] {dag.py:2379} INFO - Sync 1 DAGs
[2024-04-27 09:53:10,442] {logging_mixin.py:115} INFO - [2024-04-27 09:53:10,442] {dag.py:2927} INFO - Setting next_dagrun for example_trigger_target_dag to None, run_after=None
[2024-04-27 09:53:10,451] {processor.py:161} INFO - Processing /home/enrico/Documentos/backup/AULA/Alura/Engenharia de dados/projeto_airflow/airflowalura/venv/lib/python3.9/site-packages/airflow/example_dags/example_trigger_target_dag.py took 0.071 seconds
[2024-04-27 09:53:45,101] {processor.py:153} INFO - Started process (PID=96683) to work on /home/enrico/Documentos/backup/AULA/Alura/Engenharia de dados/projeto_airflow/airflowalura/venv/lib/python3.9/site-packages/airflow/example_dags/example_trigger_target_dag.py
[2024-04-27 09:53:45,104] {processor.py:641} INFO - Processing file /home/enrico/Documentos/backup/AULA/Alura/Engenharia de dados/projeto_airflow/airflowalura/venv/lib/python3.9/site-packages/airflow/example_dags/example_trigger_target_dag.py for tasks to queue
[2024-04-27 09:53:45,105] {logging_mixin.py:115} INFO - [2024-04-27 09:53:45,105] {dagbag.py:507} INFO - Filling up the DagBag from /home/enrico/Documentos/backup/AULA/Alura/Engenharia de dados/projeto_airflow/airflowalura/venv/lib/python3.9/site-packages/airflow/example_dags/example_trigger_target_dag.py
[2024-04-27 09:53:45,117] {processor.py:651} INFO - DAG(s) dict_keys(['example_trigger_target_dag']) retrieved from /home/enrico/Documentos/backup/AULA/Alura/Engenharia de dados/projeto_airflow/airflowalura/venv/lib/python3.9/site-packages/airflow/example_dags/example_trigger_target_dag.py
[2024-04-27 09:53:45,124] {logging_mixin.py:115} INFO - [2024-04-27 09:53:45,124] {dag.py:2379} INFO - Sync 1 DAGs
[2024-04-27 09:53:45,133] {logging_mixin.py:115} INFO - [2024-04-27 09:53:45,133] {dag.py:2927} INFO - Setting next_dagrun for example_trigger_target_dag to None, run_after=None
[2024-04-27 09:53:45,143] {processor.py:161} INFO - Processing /home/enrico/Documentos/backup/AULA/Alura/Engenharia de dados/projeto_airflow/airflowalura/venv/lib/python3.9/site-packages/airflow/example_dags/example_trigger_target_dag.py took 0.044 seconds
[2024-04-27 09:54:20,530] {processor.py:153} INFO - Started process (PID=96732) to work on /home/enrico/Documentos/backup/AULA/Alura/Engenharia de dados/projeto_airflow/airflowalura/venv/lib/python3.9/site-packages/airflow/example_dags/example_trigger_target_dag.py
[2024-04-27 09:54:20,534] {processor.py:641} INFO - Processing file /home/enrico/Documentos/backup/AULA/Alura/Engenharia de dados/projeto_airflow/airflowalura/venv/lib/python3.9/site-packages/airflow/example_dags/example_trigger_target_dag.py for tasks to queue
[2024-04-27 09:54:20,535] {logging_mixin.py:115} INFO - [2024-04-27 09:54:20,534] {dagbag.py:507} INFO - Filling up the DagBag from /home/enrico/Documentos/backup/AULA/Alura/Engenharia de dados/projeto_airflow/airflowalura/venv/lib/python3.9/site-packages/airflow/example_dags/example_trigger_target_dag.py
[2024-04-27 09:54:20,564] {processor.py:651} INFO - DAG(s) dict_keys(['example_trigger_target_dag']) retrieved from /home/enrico/Documentos/backup/AULA/Alura/Engenharia de dados/projeto_airflow/airflowalura/venv/lib/python3.9/site-packages/airflow/example_dags/example_trigger_target_dag.py
[2024-04-27 09:54:20,574] {logging_mixin.py:115} INFO - [2024-04-27 09:54:20,574] {dag.py:2379} INFO - Sync 1 DAGs
[2024-04-27 09:54:20,585] {logging_mixin.py:115} INFO - [2024-04-27 09:54:20,585] {dag.py:2927} INFO - Setting next_dagrun for example_trigger_target_dag to None, run_after=None
[2024-04-27 09:54:20,596] {processor.py:161} INFO - Processing /home/enrico/Documentos/backup/AULA/Alura/Engenharia de dados/projeto_airflow/airflowalura/venv/lib/python3.9/site-packages/airflow/example_dags/example_trigger_target_dag.py took 0.071 seconds
[2024-04-27 09:54:56,888] {processor.py:153} INFO - Started process (PID=96787) to work on /home/enrico/Documentos/backup/AULA/Alura/Engenharia de dados/projeto_airflow/airflowalura/venv/lib/python3.9/site-packages/airflow/example_dags/example_trigger_target_dag.py
[2024-04-27 09:54:56,889] {processor.py:641} INFO - Processing file /home/enrico/Documentos/backup/AULA/Alura/Engenharia de dados/projeto_airflow/airflowalura/venv/lib/python3.9/site-packages/airflow/example_dags/example_trigger_target_dag.py for tasks to queue
[2024-04-27 09:54:56,890] {logging_mixin.py:115} INFO - [2024-04-27 09:54:56,890] {dagbag.py:507} INFO - Filling up the DagBag from /home/enrico/Documentos/backup/AULA/Alura/Engenharia de dados/projeto_airflow/airflowalura/venv/lib/python3.9/site-packages/airflow/example_dags/example_trigger_target_dag.py
[2024-04-27 09:54:56,918] {processor.py:651} INFO - DAG(s) dict_keys(['example_trigger_target_dag']) retrieved from /home/enrico/Documentos/backup/AULA/Alura/Engenharia de dados/projeto_airflow/airflowalura/venv/lib/python3.9/site-packages/airflow/example_dags/example_trigger_target_dag.py
[2024-04-27 09:54:56,928] {logging_mixin.py:115} INFO - [2024-04-27 09:54:56,928] {dag.py:2379} INFO - Sync 1 DAGs
[2024-04-27 09:54:56,939] {logging_mixin.py:115} INFO - [2024-04-27 09:54:56,939] {dag.py:2927} INFO - Setting next_dagrun for example_trigger_target_dag to None, run_after=None
[2024-04-27 09:54:56,951] {processor.py:161} INFO - Processing /home/enrico/Documentos/backup/AULA/Alura/Engenharia de dados/projeto_airflow/airflowalura/venv/lib/python3.9/site-packages/airflow/example_dags/example_trigger_target_dag.py took 0.069 seconds
[2024-04-27 09:55:30,010] {processor.py:153} INFO - Started process (PID=96852) to work on /home/enrico/Documentos/backup/AULA/Alura/Engenharia de dados/projeto_airflow/airflowalura/venv/lib/python3.9/site-packages/airflow/example_dags/example_trigger_target_dag.py
[2024-04-27 09:55:30,013] {processor.py:641} INFO - Processing file /home/enrico/Documentos/backup/AULA/Alura/Engenharia de dados/projeto_airflow/airflowalura/venv/lib/python3.9/site-packages/airflow/example_dags/example_trigger_target_dag.py for tasks to queue
[2024-04-27 09:55:30,013] {logging_mixin.py:115} INFO - [2024-04-27 09:55:30,013] {dagbag.py:507} INFO - Filling up the DagBag from /home/enrico/Documentos/backup/AULA/Alura/Engenharia de dados/projeto_airflow/airflowalura/venv/lib/python3.9/site-packages/airflow/example_dags/example_trigger_target_dag.py
[2024-04-27 09:55:30,028] {processor.py:651} INFO - DAG(s) dict_keys(['example_trigger_target_dag']) retrieved from /home/enrico/Documentos/backup/AULA/Alura/Engenharia de dados/projeto_airflow/airflowalura/venv/lib/python3.9/site-packages/airflow/example_dags/example_trigger_target_dag.py
[2024-04-27 09:55:30,035] {logging_mixin.py:115} INFO - [2024-04-27 09:55:30,035] {dag.py:2379} INFO - Sync 1 DAGs
[2024-04-27 09:55:30,044] {logging_mixin.py:115} INFO - [2024-04-27 09:55:30,044] {dag.py:2927} INFO - Setting next_dagrun for example_trigger_target_dag to None, run_after=None
[2024-04-27 09:55:30,060] {processor.py:161} INFO - Processing /home/enrico/Documentos/backup/AULA/Alura/Engenharia de dados/projeto_airflow/airflowalura/venv/lib/python3.9/site-packages/airflow/example_dags/example_trigger_target_dag.py took 0.052 seconds
[2024-04-27 09:56:07,733] {processor.py:153} INFO - Started process (PID=96906) to work on /home/enrico/Documentos/backup/AULA/Alura/Engenharia de dados/projeto_airflow/airflowalura/venv/lib/python3.9/site-packages/airflow/example_dags/example_trigger_target_dag.py
[2024-04-27 09:56:07,736] {processor.py:641} INFO - Processing file /home/enrico/Documentos/backup/AULA/Alura/Engenharia de dados/projeto_airflow/airflowalura/venv/lib/python3.9/site-packages/airflow/example_dags/example_trigger_target_dag.py for tasks to queue
[2024-04-27 09:56:07,736] {logging_mixin.py:115} INFO - [2024-04-27 09:56:07,736] {dagbag.py:507} INFO - Filling up the DagBag from /home/enrico/Documentos/backup/AULA/Alura/Engenharia de dados/projeto_airflow/airflowalura/venv/lib/python3.9/site-packages/airflow/example_dags/example_trigger_target_dag.py
[2024-04-27 09:56:07,747] {processor.py:651} INFO - DAG(s) dict_keys(['example_trigger_target_dag']) retrieved from /home/enrico/Documentos/backup/AULA/Alura/Engenharia de dados/projeto_airflow/airflowalura/venv/lib/python3.9/site-packages/airflow/example_dags/example_trigger_target_dag.py
[2024-04-27 09:56:07,755] {logging_mixin.py:115} INFO - [2024-04-27 09:56:07,755] {dag.py:2379} INFO - Sync 1 DAGs
[2024-04-27 09:56:07,765] {logging_mixin.py:115} INFO - [2024-04-27 09:56:07,765] {dag.py:2927} INFO - Setting next_dagrun for example_trigger_target_dag to None, run_after=None
[2024-04-27 09:56:07,775] {processor.py:161} INFO - Processing /home/enrico/Documentos/backup/AULA/Alura/Engenharia de dados/projeto_airflow/airflowalura/venv/lib/python3.9/site-packages/airflow/example_dags/example_trigger_target_dag.py took 0.043 seconds
[2024-04-27 09:56:41,096] {processor.py:153} INFO - Started process (PID=96982) to work on /home/enrico/Documentos/backup/AULA/Alura/Engenharia de dados/projeto_airflow/airflowalura/venv/lib/python3.9/site-packages/airflow/example_dags/example_trigger_target_dag.py
[2024-04-27 09:56:41,096] {processor.py:641} INFO - Processing file /home/enrico/Documentos/backup/AULA/Alura/Engenharia de dados/projeto_airflow/airflowalura/venv/lib/python3.9/site-packages/airflow/example_dags/example_trigger_target_dag.py for tasks to queue
[2024-04-27 09:56:41,096] {logging_mixin.py:115} INFO - [2024-04-27 09:56:41,096] {dagbag.py:507} INFO - Filling up the DagBag from /home/enrico/Documentos/backup/AULA/Alura/Engenharia de dados/projeto_airflow/airflowalura/venv/lib/python3.9/site-packages/airflow/example_dags/example_trigger_target_dag.py
[2024-04-27 09:56:41,105] {processor.py:651} INFO - DAG(s) dict_keys(['example_trigger_target_dag']) retrieved from /home/enrico/Documentos/backup/AULA/Alura/Engenharia de dados/projeto_airflow/airflowalura/venv/lib/python3.9/site-packages/airflow/example_dags/example_trigger_target_dag.py
[2024-04-27 09:56:41,113] {logging_mixin.py:115} INFO - [2024-04-27 09:56:41,113] {dag.py:2379} INFO - Sync 1 DAGs
[2024-04-27 09:56:41,122] {logging_mixin.py:115} INFO - [2024-04-27 09:56:41,121] {dag.py:2927} INFO - Setting next_dagrun for example_trigger_target_dag to None, run_after=None
[2024-04-27 09:56:41,130] {processor.py:161} INFO - Processing /home/enrico/Documentos/backup/AULA/Alura/Engenharia de dados/projeto_airflow/airflowalura/venv/lib/python3.9/site-packages/airflow/example_dags/example_trigger_target_dag.py took 0.036 seconds
[2024-04-27 09:57:15,787] {processor.py:153} INFO - Started process (PID=97091) to work on /home/enrico/Documentos/backup/AULA/Alura/Engenharia de dados/projeto_airflow/airflowalura/venv/lib/python3.9/site-packages/airflow/example_dags/example_trigger_target_dag.py
[2024-04-27 09:57:15,790] {processor.py:641} INFO - Processing file /home/enrico/Documentos/backup/AULA/Alura/Engenharia de dados/projeto_airflow/airflowalura/venv/lib/python3.9/site-packages/airflow/example_dags/example_trigger_target_dag.py for tasks to queue
[2024-04-27 09:57:15,791] {logging_mixin.py:115} INFO - [2024-04-27 09:57:15,790] {dagbag.py:507} INFO - Filling up the DagBag from /home/enrico/Documentos/backup/AULA/Alura/Engenharia de dados/projeto_airflow/airflowalura/venv/lib/python3.9/site-packages/airflow/example_dags/example_trigger_target_dag.py
[2024-04-27 09:57:15,800] {processor.py:651} INFO - DAG(s) dict_keys(['example_trigger_target_dag']) retrieved from /home/enrico/Documentos/backup/AULA/Alura/Engenharia de dados/projeto_airflow/airflowalura/venv/lib/python3.9/site-packages/airflow/example_dags/example_trigger_target_dag.py
[2024-04-27 09:57:15,808] {logging_mixin.py:115} INFO - [2024-04-27 09:57:15,808] {dag.py:2379} INFO - Sync 1 DAGs
[2024-04-27 09:57:15,817] {logging_mixin.py:115} INFO - [2024-04-27 09:57:15,817] {dag.py:2927} INFO - Setting next_dagrun for example_trigger_target_dag to None, run_after=None
[2024-04-27 09:57:15,829] {processor.py:161} INFO - Processing /home/enrico/Documentos/backup/AULA/Alura/Engenharia de dados/projeto_airflow/airflowalura/venv/lib/python3.9/site-packages/airflow/example_dags/example_trigger_target_dag.py took 0.043 seconds
[2024-04-27 09:57:55,550] {processor.py:153} INFO - Started process (PID=97144) to work on /home/enrico/Documentos/backup/AULA/Alura/Engenharia de dados/projeto_airflow/airflowalura/venv/lib/python3.9/site-packages/airflow/example_dags/example_trigger_target_dag.py
[2024-04-27 09:57:55,554] {processor.py:641} INFO - Processing file /home/enrico/Documentos/backup/AULA/Alura/Engenharia de dados/projeto_airflow/airflowalura/venv/lib/python3.9/site-packages/airflow/example_dags/example_trigger_target_dag.py for tasks to queue
[2024-04-27 09:57:55,555] {logging_mixin.py:115} INFO - [2024-04-27 09:57:55,554] {dagbag.py:507} INFO - Filling up the DagBag from /home/enrico/Documentos/backup/AULA/Alura/Engenharia de dados/projeto_airflow/airflowalura/venv/lib/python3.9/site-packages/airflow/example_dags/example_trigger_target_dag.py
[2024-04-27 09:57:55,585] {processor.py:651} INFO - DAG(s) dict_keys(['example_trigger_target_dag']) retrieved from /home/enrico/Documentos/backup/AULA/Alura/Engenharia de dados/projeto_airflow/airflowalura/venv/lib/python3.9/site-packages/airflow/example_dags/example_trigger_target_dag.py
[2024-04-27 09:57:55,596] {logging_mixin.py:115} INFO - [2024-04-27 09:57:55,596] {dag.py:2379} INFO - Sync 1 DAGs
[2024-04-27 09:57:55,606] {logging_mixin.py:115} INFO - [2024-04-27 09:57:55,606] {dag.py:2927} INFO - Setting next_dagrun for example_trigger_target_dag to None, run_after=None
[2024-04-27 09:57:55,617] {processor.py:161} INFO - Processing /home/enrico/Documentos/backup/AULA/Alura/Engenharia de dados/projeto_airflow/airflowalura/venv/lib/python3.9/site-packages/airflow/example_dags/example_trigger_target_dag.py took 0.072 seconds
[2024-04-27 09:58:30,650] {processor.py:153} INFO - Started process (PID=97212) to work on /home/enrico/Documentos/backup/AULA/Alura/Engenharia de dados/projeto_airflow/airflowalura/venv/lib/python3.9/site-packages/airflow/example_dags/example_trigger_target_dag.py
[2024-04-27 09:58:30,651] {processor.py:641} INFO - Processing file /home/enrico/Documentos/backup/AULA/Alura/Engenharia de dados/projeto_airflow/airflowalura/venv/lib/python3.9/site-packages/airflow/example_dags/example_trigger_target_dag.py for tasks to queue
[2024-04-27 09:58:30,652] {logging_mixin.py:115} INFO - [2024-04-27 09:58:30,652] {dagbag.py:507} INFO - Filling up the DagBag from /home/enrico/Documentos/backup/AULA/Alura/Engenharia de dados/projeto_airflow/airflowalura/venv/lib/python3.9/site-packages/airflow/example_dags/example_trigger_target_dag.py
[2024-04-27 09:58:30,677] {processor.py:651} INFO - DAG(s) dict_keys(['example_trigger_target_dag']) retrieved from /home/enrico/Documentos/backup/AULA/Alura/Engenharia de dados/projeto_airflow/airflowalura/venv/lib/python3.9/site-packages/airflow/example_dags/example_trigger_target_dag.py
[2024-04-27 09:58:30,684] {logging_mixin.py:115} INFO - [2024-04-27 09:58:30,684] {dag.py:2379} INFO - Sync 1 DAGs
[2024-04-27 09:58:30,693] {logging_mixin.py:115} INFO - [2024-04-27 09:58:30,693] {dag.py:2927} INFO - Setting next_dagrun for example_trigger_target_dag to None, run_after=None
[2024-04-27 09:58:30,708] {processor.py:161} INFO - Processing /home/enrico/Documentos/backup/AULA/Alura/Engenharia de dados/projeto_airflow/airflowalura/venv/lib/python3.9/site-packages/airflow/example_dags/example_trigger_target_dag.py took 0.064 seconds
[2024-04-27 09:59:04,096] {processor.py:153} INFO - Started process (PID=97268) to work on /home/enrico/Documentos/backup/AULA/Alura/Engenharia de dados/projeto_airflow/airflowalura/venv/lib/python3.9/site-packages/airflow/example_dags/example_trigger_target_dag.py
[2024-04-27 09:59:04,099] {processor.py:641} INFO - Processing file /home/enrico/Documentos/backup/AULA/Alura/Engenharia de dados/projeto_airflow/airflowalura/venv/lib/python3.9/site-packages/airflow/example_dags/example_trigger_target_dag.py for tasks to queue
[2024-04-27 09:59:04,100] {logging_mixin.py:115} INFO - [2024-04-27 09:59:04,100] {dagbag.py:507} INFO - Filling up the DagBag from /home/enrico/Documentos/backup/AULA/Alura/Engenharia de dados/projeto_airflow/airflowalura/venv/lib/python3.9/site-packages/airflow/example_dags/example_trigger_target_dag.py
[2024-04-27 09:59:04,128] {processor.py:651} INFO - DAG(s) dict_keys(['example_trigger_target_dag']) retrieved from /home/enrico/Documentos/backup/AULA/Alura/Engenharia de dados/projeto_airflow/airflowalura/venv/lib/python3.9/site-packages/airflow/example_dags/example_trigger_target_dag.py
[2024-04-27 09:59:04,139] {logging_mixin.py:115} INFO - [2024-04-27 09:59:04,139] {dag.py:2379} INFO - Sync 1 DAGs
[2024-04-27 09:59:04,150] {logging_mixin.py:115} INFO - [2024-04-27 09:59:04,150] {dag.py:2927} INFO - Setting next_dagrun for example_trigger_target_dag to None, run_after=None
[2024-04-27 09:59:04,162] {processor.py:161} INFO - Processing /home/enrico/Documentos/backup/AULA/Alura/Engenharia de dados/projeto_airflow/airflowalura/venv/lib/python3.9/site-packages/airflow/example_dags/example_trigger_target_dag.py took 0.071 seconds
[2024-04-27 09:59:42,634] {processor.py:153} INFO - Started process (PID=97329) to work on /home/enrico/Documentos/backup/AULA/Alura/Engenharia de dados/projeto_airflow/airflowalura/venv/lib/python3.9/site-packages/airflow/example_dags/example_trigger_target_dag.py
[2024-04-27 09:59:42,634] {processor.py:641} INFO - Processing file /home/enrico/Documentos/backup/AULA/Alura/Engenharia de dados/projeto_airflow/airflowalura/venv/lib/python3.9/site-packages/airflow/example_dags/example_trigger_target_dag.py for tasks to queue
[2024-04-27 09:59:42,635] {logging_mixin.py:115} INFO - [2024-04-27 09:59:42,635] {dagbag.py:507} INFO - Filling up the DagBag from /home/enrico/Documentos/backup/AULA/Alura/Engenharia de dados/projeto_airflow/airflowalura/venv/lib/python3.9/site-packages/airflow/example_dags/example_trigger_target_dag.py
[2024-04-27 09:59:42,646] {processor.py:651} INFO - DAG(s) dict_keys(['example_trigger_target_dag']) retrieved from /home/enrico/Documentos/backup/AULA/Alura/Engenharia de dados/projeto_airflow/airflowalura/venv/lib/python3.9/site-packages/airflow/example_dags/example_trigger_target_dag.py
[2024-04-27 09:59:42,653] {logging_mixin.py:115} INFO - [2024-04-27 09:59:42,653] {dag.py:2379} INFO - Sync 1 DAGs
[2024-04-27 09:59:42,662] {logging_mixin.py:115} INFO - [2024-04-27 09:59:42,662] {dag.py:2927} INFO - Setting next_dagrun for example_trigger_target_dag to None, run_after=None
[2024-04-27 09:59:42,671] {processor.py:161} INFO - Processing /home/enrico/Documentos/backup/AULA/Alura/Engenharia de dados/projeto_airflow/airflowalura/venv/lib/python3.9/site-packages/airflow/example_dags/example_trigger_target_dag.py took 0.039 seconds
[2024-04-27 10:00:18,613] {processor.py:153} INFO - Started process (PID=97395) to work on /home/enrico/Documentos/backup/AULA/Alura/Engenharia de dados/projeto_airflow/airflowalura/venv/lib/python3.9/site-packages/airflow/example_dags/example_trigger_target_dag.py
[2024-04-27 10:00:18,617] {processor.py:641} INFO - Processing file /home/enrico/Documentos/backup/AULA/Alura/Engenharia de dados/projeto_airflow/airflowalura/venv/lib/python3.9/site-packages/airflow/example_dags/example_trigger_target_dag.py for tasks to queue
[2024-04-27 10:00:18,618] {logging_mixin.py:115} INFO - [2024-04-27 10:00:18,618] {dagbag.py:507} INFO - Filling up the DagBag from /home/enrico/Documentos/backup/AULA/Alura/Engenharia de dados/projeto_airflow/airflowalura/venv/lib/python3.9/site-packages/airflow/example_dags/example_trigger_target_dag.py
[2024-04-27 10:00:18,649] {processor.py:651} INFO - DAG(s) dict_keys(['example_trigger_target_dag']) retrieved from /home/enrico/Documentos/backup/AULA/Alura/Engenharia de dados/projeto_airflow/airflowalura/venv/lib/python3.9/site-packages/airflow/example_dags/example_trigger_target_dag.py
[2024-04-27 10:00:18,660] {logging_mixin.py:115} INFO - [2024-04-27 10:00:18,660] {dag.py:2379} INFO - Sync 1 DAGs
[2024-04-27 10:00:18,670] {logging_mixin.py:115} INFO - [2024-04-27 10:00:18,670] {dag.py:2927} INFO - Setting next_dagrun for example_trigger_target_dag to None, run_after=None
[2024-04-27 10:00:18,684] {processor.py:161} INFO - Processing /home/enrico/Documentos/backup/AULA/Alura/Engenharia de dados/projeto_airflow/airflowalura/venv/lib/python3.9/site-packages/airflow/example_dags/example_trigger_target_dag.py took 0.076 seconds
[2024-04-27 10:00:52,933] {processor.py:153} INFO - Started process (PID=97440) to work on /home/enrico/Documentos/backup/AULA/Alura/Engenharia de dados/projeto_airflow/airflowalura/venv/lib/python3.9/site-packages/airflow/example_dags/example_trigger_target_dag.py
[2024-04-27 10:00:52,936] {processor.py:641} INFO - Processing file /home/enrico/Documentos/backup/AULA/Alura/Engenharia de dados/projeto_airflow/airflowalura/venv/lib/python3.9/site-packages/airflow/example_dags/example_trigger_target_dag.py for tasks to queue
[2024-04-27 10:00:52,937] {logging_mixin.py:115} INFO - [2024-04-27 10:00:52,937] {dagbag.py:507} INFO - Filling up the DagBag from /home/enrico/Documentos/backup/AULA/Alura/Engenharia de dados/projeto_airflow/airflowalura/venv/lib/python3.9/site-packages/airflow/example_dags/example_trigger_target_dag.py
[2024-04-27 10:00:52,964] {processor.py:651} INFO - DAG(s) dict_keys(['example_trigger_target_dag']) retrieved from /home/enrico/Documentos/backup/AULA/Alura/Engenharia de dados/projeto_airflow/airflowalura/venv/lib/python3.9/site-packages/airflow/example_dags/example_trigger_target_dag.py
[2024-04-27 10:00:52,975] {logging_mixin.py:115} INFO - [2024-04-27 10:00:52,975] {dag.py:2379} INFO - Sync 1 DAGs
[2024-04-27 10:00:52,985] {logging_mixin.py:115} INFO - [2024-04-27 10:00:52,985] {dag.py:2927} INFO - Setting next_dagrun for example_trigger_target_dag to None, run_after=None
[2024-04-27 10:00:52,996] {processor.py:161} INFO - Processing /home/enrico/Documentos/backup/AULA/Alura/Engenharia de dados/projeto_airflow/airflowalura/venv/lib/python3.9/site-packages/airflow/example_dags/example_trigger_target_dag.py took 0.069 seconds
[2024-04-27 10:01:25,374] {processor.py:153} INFO - Started process (PID=97507) to work on /home/enrico/Documentos/backup/AULA/Alura/Engenharia de dados/projeto_airflow/airflowalura/venv/lib/python3.9/site-packages/airflow/example_dags/example_trigger_target_dag.py
[2024-04-27 10:01:25,377] {processor.py:641} INFO - Processing file /home/enrico/Documentos/backup/AULA/Alura/Engenharia de dados/projeto_airflow/airflowalura/venv/lib/python3.9/site-packages/airflow/example_dags/example_trigger_target_dag.py for tasks to queue
[2024-04-27 10:01:25,377] {logging_mixin.py:115} INFO - [2024-04-27 10:01:25,377] {dagbag.py:507} INFO - Filling up the DagBag from /home/enrico/Documentos/backup/AULA/Alura/Engenharia de dados/projeto_airflow/airflowalura/venv/lib/python3.9/site-packages/airflow/example_dags/example_trigger_target_dag.py
[2024-04-27 10:01:25,389] {processor.py:651} INFO - DAG(s) dict_keys(['example_trigger_target_dag']) retrieved from /home/enrico/Documentos/backup/AULA/Alura/Engenharia de dados/projeto_airflow/airflowalura/venv/lib/python3.9/site-packages/airflow/example_dags/example_trigger_target_dag.py
[2024-04-27 10:01:25,397] {logging_mixin.py:115} INFO - [2024-04-27 10:01:25,397] {dag.py:2379} INFO - Sync 1 DAGs
[2024-04-27 10:01:25,407] {logging_mixin.py:115} INFO - [2024-04-27 10:01:25,407] {dag.py:2927} INFO - Setting next_dagrun for example_trigger_target_dag to None, run_after=None
[2024-04-27 10:01:25,424] {processor.py:161} INFO - Processing /home/enrico/Documentos/backup/AULA/Alura/Engenharia de dados/projeto_airflow/airflowalura/venv/lib/python3.9/site-packages/airflow/example_dags/example_trigger_target_dag.py took 0.052 seconds
[2024-04-27 10:01:59,804] {processor.py:153} INFO - Started process (PID=97555) to work on /home/enrico/Documentos/backup/AULA/Alura/Engenharia de dados/projeto_airflow/airflowalura/venv/lib/python3.9/site-packages/airflow/example_dags/example_trigger_target_dag.py
[2024-04-27 10:01:59,806] {processor.py:641} INFO - Processing file /home/enrico/Documentos/backup/AULA/Alura/Engenharia de dados/projeto_airflow/airflowalura/venv/lib/python3.9/site-packages/airflow/example_dags/example_trigger_target_dag.py for tasks to queue
[2024-04-27 10:01:59,807] {logging_mixin.py:115} INFO - [2024-04-27 10:01:59,807] {dagbag.py:507} INFO - Filling up the DagBag from /home/enrico/Documentos/backup/AULA/Alura/Engenharia de dados/projeto_airflow/airflowalura/venv/lib/python3.9/site-packages/airflow/example_dags/example_trigger_target_dag.py
[2024-04-27 10:01:59,818] {processor.py:651} INFO - DAG(s) dict_keys(['example_trigger_target_dag']) retrieved from /home/enrico/Documentos/backup/AULA/Alura/Engenharia de dados/projeto_airflow/airflowalura/venv/lib/python3.9/site-packages/airflow/example_dags/example_trigger_target_dag.py
[2024-04-27 10:01:59,826] {logging_mixin.py:115} INFO - [2024-04-27 10:01:59,826] {dag.py:2379} INFO - Sync 1 DAGs
[2024-04-27 10:01:59,836] {logging_mixin.py:115} INFO - [2024-04-27 10:01:59,836] {dag.py:2927} INFO - Setting next_dagrun for example_trigger_target_dag to None, run_after=None
[2024-04-27 10:01:59,846] {processor.py:161} INFO - Processing /home/enrico/Documentos/backup/AULA/Alura/Engenharia de dados/projeto_airflow/airflowalura/venv/lib/python3.9/site-packages/airflow/example_dags/example_trigger_target_dag.py took 0.044 seconds
[2024-04-27 10:02:34,733] {processor.py:153} INFO - Started process (PID=97718) to work on /home/enrico/Documentos/backup/AULA/Alura/Engenharia de dados/projeto_airflow/airflowalura/venv/lib/python3.9/site-packages/airflow/example_dags/example_trigger_target_dag.py
[2024-04-27 10:02:34,736] {processor.py:641} INFO - Processing file /home/enrico/Documentos/backup/AULA/Alura/Engenharia de dados/projeto_airflow/airflowalura/venv/lib/python3.9/site-packages/airflow/example_dags/example_trigger_target_dag.py for tasks to queue
[2024-04-27 10:02:34,736] {logging_mixin.py:115} INFO - [2024-04-27 10:02:34,736] {dagbag.py:507} INFO - Filling up the DagBag from /home/enrico/Documentos/backup/AULA/Alura/Engenharia de dados/projeto_airflow/airflowalura/venv/lib/python3.9/site-packages/airflow/example_dags/example_trigger_target_dag.py
[2024-04-27 10:02:34,745] {processor.py:651} INFO - DAG(s) dict_keys(['example_trigger_target_dag']) retrieved from /home/enrico/Documentos/backup/AULA/Alura/Engenharia de dados/projeto_airflow/airflowalura/venv/lib/python3.9/site-packages/airflow/example_dags/example_trigger_target_dag.py
[2024-04-27 10:02:34,753] {logging_mixin.py:115} INFO - [2024-04-27 10:02:34,753] {dag.py:2379} INFO - Sync 1 DAGs
[2024-04-27 10:02:34,763] {logging_mixin.py:115} INFO - [2024-04-27 10:02:34,762] {dag.py:2927} INFO - Setting next_dagrun for example_trigger_target_dag to None, run_after=None
[2024-04-27 10:02:34,773] {processor.py:161} INFO - Processing /home/enrico/Documentos/backup/AULA/Alura/Engenharia de dados/projeto_airflow/airflowalura/venv/lib/python3.9/site-packages/airflow/example_dags/example_trigger_target_dag.py took 0.042 seconds
[2024-04-27 10:03:12,639] {processor.py:153} INFO - Started process (PID=97953) to work on /home/enrico/Documentos/backup/AULA/Alura/Engenharia de dados/projeto_airflow/airflowalura/venv/lib/python3.9/site-packages/airflow/example_dags/example_trigger_target_dag.py
[2024-04-27 10:03:12,642] {processor.py:641} INFO - Processing file /home/enrico/Documentos/backup/AULA/Alura/Engenharia de dados/projeto_airflow/airflowalura/venv/lib/python3.9/site-packages/airflow/example_dags/example_trigger_target_dag.py for tasks to queue
[2024-04-27 10:03:12,642] {logging_mixin.py:115} INFO - [2024-04-27 10:03:12,642] {dagbag.py:507} INFO - Filling up the DagBag from /home/enrico/Documentos/backup/AULA/Alura/Engenharia de dados/projeto_airflow/airflowalura/venv/lib/python3.9/site-packages/airflow/example_dags/example_trigger_target_dag.py
[2024-04-27 10:03:12,654] {processor.py:651} INFO - DAG(s) dict_keys(['example_trigger_target_dag']) retrieved from /home/enrico/Documentos/backup/AULA/Alura/Engenharia de dados/projeto_airflow/airflowalura/venv/lib/python3.9/site-packages/airflow/example_dags/example_trigger_target_dag.py
[2024-04-27 10:03:12,662] {logging_mixin.py:115} INFO - [2024-04-27 10:03:12,662] {dag.py:2379} INFO - Sync 1 DAGs
[2024-04-27 10:03:12,672] {logging_mixin.py:115} INFO - [2024-04-27 10:03:12,672] {dag.py:2927} INFO - Setting next_dagrun for example_trigger_target_dag to None, run_after=None
[2024-04-27 10:03:12,689] {processor.py:161} INFO - Processing /home/enrico/Documentos/backup/AULA/Alura/Engenharia de dados/projeto_airflow/airflowalura/venv/lib/python3.9/site-packages/airflow/example_dags/example_trigger_target_dag.py took 0.051 seconds
[2024-04-27 10:03:50,654] {processor.py:153} INFO - Started process (PID=98181) to work on /home/enrico/Documentos/backup/AULA/Alura/Engenharia de dados/projeto_airflow/airflowalura/venv/lib/python3.9/site-packages/airflow/example_dags/example_trigger_target_dag.py
[2024-04-27 10:03:50,657] {processor.py:641} INFO - Processing file /home/enrico/Documentos/backup/AULA/Alura/Engenharia de dados/projeto_airflow/airflowalura/venv/lib/python3.9/site-packages/airflow/example_dags/example_trigger_target_dag.py for tasks to queue
[2024-04-27 10:03:50,657] {logging_mixin.py:115} INFO - [2024-04-27 10:03:50,657] {dagbag.py:507} INFO - Filling up the DagBag from /home/enrico/Documentos/backup/AULA/Alura/Engenharia de dados/projeto_airflow/airflowalura/venv/lib/python3.9/site-packages/airflow/example_dags/example_trigger_target_dag.py
[2024-04-27 10:03:50,667] {processor.py:651} INFO - DAG(s) dict_keys(['example_trigger_target_dag']) retrieved from /home/enrico/Documentos/backup/AULA/Alura/Engenharia de dados/projeto_airflow/airflowalura/venv/lib/python3.9/site-packages/airflow/example_dags/example_trigger_target_dag.py
[2024-04-27 10:03:50,675] {logging_mixin.py:115} INFO - [2024-04-27 10:03:50,675] {dag.py:2379} INFO - Sync 1 DAGs
[2024-04-27 10:03:50,684] {logging_mixin.py:115} INFO - [2024-04-27 10:03:50,684] {dag.py:2927} INFO - Setting next_dagrun for example_trigger_target_dag to None, run_after=None
[2024-04-27 10:03:50,694] {processor.py:161} INFO - Processing /home/enrico/Documentos/backup/AULA/Alura/Engenharia de dados/projeto_airflow/airflowalura/venv/lib/python3.9/site-packages/airflow/example_dags/example_trigger_target_dag.py took 0.042 seconds
[2024-04-27 10:04:26,308] {processor.py:153} INFO - Started process (PID=98393) to work on /home/enrico/Documentos/backup/AULA/Alura/Engenharia de dados/projeto_airflow/airflowalura/venv/lib/python3.9/site-packages/airflow/example_dags/example_trigger_target_dag.py
[2024-04-27 10:04:26,309] {processor.py:641} INFO - Processing file /home/enrico/Documentos/backup/AULA/Alura/Engenharia de dados/projeto_airflow/airflowalura/venv/lib/python3.9/site-packages/airflow/example_dags/example_trigger_target_dag.py for tasks to queue
[2024-04-27 10:04:26,309] {logging_mixin.py:115} INFO - [2024-04-27 10:04:26,309] {dagbag.py:507} INFO - Filling up the DagBag from /home/enrico/Documentos/backup/AULA/Alura/Engenharia de dados/projeto_airflow/airflowalura/venv/lib/python3.9/site-packages/airflow/example_dags/example_trigger_target_dag.py
[2024-04-27 10:04:26,319] {processor.py:651} INFO - DAG(s) dict_keys(['example_trigger_target_dag']) retrieved from /home/enrico/Documentos/backup/AULA/Alura/Engenharia de dados/projeto_airflow/airflowalura/venv/lib/python3.9/site-packages/airflow/example_dags/example_trigger_target_dag.py
[2024-04-27 10:04:26,326] {logging_mixin.py:115} INFO - [2024-04-27 10:04:26,326] {dag.py:2379} INFO - Sync 1 DAGs
[2024-04-27 10:04:26,335] {logging_mixin.py:115} INFO - [2024-04-27 10:04:26,335] {dag.py:2927} INFO - Setting next_dagrun for example_trigger_target_dag to None, run_after=None
[2024-04-27 10:04:26,343] {processor.py:161} INFO - Processing /home/enrico/Documentos/backup/AULA/Alura/Engenharia de dados/projeto_airflow/airflowalura/venv/lib/python3.9/site-packages/airflow/example_dags/example_trigger_target_dag.py took 0.036 seconds
