[2024-04-27 09:50:01,806] {processor.py:153} INFO - Started process (PID=95825) to work on /home/enrico/Documentos/backup/AULA/Alura/Engenharia de dados/projeto_airflow/airflowalura/venv/lib/python3.9/site-packages/airflow/example_dags/example_branch_python_dop_operator_3.py
[2024-04-27 09:50:01,806] {processor.py:641} INFO - Processing file /home/enrico/Documentos/backup/AULA/Alura/Engenharia de dados/projeto_airflow/airflowalura/venv/lib/python3.9/site-packages/airflow/example_dags/example_branch_python_dop_operator_3.py for tasks to queue
[2024-04-27 09:50:01,806] {logging_mixin.py:115} INFO - [2024-04-27 09:50:01,806] {dagbag.py:507} INFO - Filling up the DagBag from /home/enrico/Documentos/backup/AULA/Alura/Engenharia de dados/projeto_airflow/airflowalura/venv/lib/python3.9/site-packages/airflow/example_dags/example_branch_python_dop_operator_3.py
[2024-04-27 09:50:01,812] {processor.py:651} INFO - DAG(s) dict_keys(['example_branch_dop_operator_v3']) retrieved from /home/enrico/Documentos/backup/AULA/Alura/Engenharia de dados/projeto_airflow/airflowalura/venv/lib/python3.9/site-packages/airflow/example_dags/example_branch_python_dop_operator_3.py
[2024-04-27 09:50:01,821] {logging_mixin.py:115} INFO - [2024-04-27 09:50:01,821] {dag.py:2379} INFO - Sync 1 DAGs
[2024-04-27 09:50:01,834] {logging_mixin.py:115} INFO - [2024-04-27 09:50:01,834] {dag.py:2927} INFO - Setting next_dagrun for example_branch_dop_operator_v3 to 2024-04-27T12:49:00+00:00, run_after=2024-04-27T12:50:00+00:00
[2024-04-27 09:50:01,852] {processor.py:161} INFO - Processing /home/enrico/Documentos/backup/AULA/Alura/Engenharia de dados/projeto_airflow/airflowalura/venv/lib/python3.9/site-packages/airflow/example_dags/example_branch_python_dop_operator_3.py took 0.048 seconds
[2024-04-27 09:50:34,953] {processor.py:153} INFO - Started process (PID=95952) to work on /home/enrico/Documentos/backup/AULA/Alura/Engenharia de dados/projeto_airflow/airflowalura/venv/lib/python3.9/site-packages/airflow/example_dags/example_branch_python_dop_operator_3.py
[2024-04-27 09:50:34,954] {processor.py:641} INFO - Processing file /home/enrico/Documentos/backup/AULA/Alura/Engenharia de dados/projeto_airflow/airflowalura/venv/lib/python3.9/site-packages/airflow/example_dags/example_branch_python_dop_operator_3.py for tasks to queue
[2024-04-27 09:50:34,955] {logging_mixin.py:115} INFO - [2024-04-27 09:50:34,954] {dagbag.py:507} INFO - Filling up the DagBag from /home/enrico/Documentos/backup/AULA/Alura/Engenharia de dados/projeto_airflow/airflowalura/venv/lib/python3.9/site-packages/airflow/example_dags/example_branch_python_dop_operator_3.py
[2024-04-27 09:50:34,967] {processor.py:651} INFO - DAG(s) dict_keys(['example_branch_dop_operator_v3']) retrieved from /home/enrico/Documentos/backup/AULA/Alura/Engenharia de dados/projeto_airflow/airflowalura/venv/lib/python3.9/site-packages/airflow/example_dags/example_branch_python_dop_operator_3.py
[2024-04-27 09:50:34,985] {logging_mixin.py:115} INFO - [2024-04-27 09:50:34,985] {dag.py:2379} INFO - Sync 1 DAGs
[2024-04-27 09:50:35,000] {logging_mixin.py:115} INFO - [2024-04-27 09:50:35,000] {dag.py:2927} INFO - Setting next_dagrun for example_branch_dop_operator_v3 to 2024-04-27T12:49:00+00:00, run_after=2024-04-27T12:50:00+00:00
[2024-04-27 09:50:35,009] {processor.py:161} INFO - Processing /home/enrico/Documentos/backup/AULA/Alura/Engenharia de dados/projeto_airflow/airflowalura/venv/lib/python3.9/site-packages/airflow/example_dags/example_branch_python_dop_operator_3.py took 0.059 seconds
[2024-04-27 09:51:11,249] {processor.py:153} INFO - Started process (PID=96226) to work on /home/enrico/Documentos/backup/AULA/Alura/Engenharia de dados/projeto_airflow/airflowalura/venv/lib/python3.9/site-packages/airflow/example_dags/example_branch_python_dop_operator_3.py
[2024-04-27 09:51:11,253] {processor.py:641} INFO - Processing file /home/enrico/Documentos/backup/AULA/Alura/Engenharia de dados/projeto_airflow/airflowalura/venv/lib/python3.9/site-packages/airflow/example_dags/example_branch_python_dop_operator_3.py for tasks to queue
[2024-04-27 09:51:11,254] {logging_mixin.py:115} INFO - [2024-04-27 09:51:11,254] {dagbag.py:507} INFO - Filling up the DagBag from /home/enrico/Documentos/backup/AULA/Alura/Engenharia de dados/projeto_airflow/airflowalura/venv/lib/python3.9/site-packages/airflow/example_dags/example_branch_python_dop_operator_3.py
[2024-04-27 09:51:11,273] {processor.py:651} INFO - DAG(s) dict_keys(['example_branch_dop_operator_v3']) retrieved from /home/enrico/Documentos/backup/AULA/Alura/Engenharia de dados/projeto_airflow/airflowalura/venv/lib/python3.9/site-packages/airflow/example_dags/example_branch_python_dop_operator_3.py
[2024-04-27 09:51:11,287] {logging_mixin.py:115} INFO - [2024-04-27 09:51:11,287] {dag.py:2379} INFO - Sync 1 DAGs
[2024-04-27 09:51:11,298] {logging_mixin.py:115} INFO - [2024-04-27 09:51:11,298] {dag.py:2927} INFO - Setting next_dagrun for example_branch_dop_operator_v3 to 2024-04-27T12:50:00+00:00, run_after=2024-04-27T12:51:00+00:00
[2024-04-27 09:51:11,308] {processor.py:161} INFO - Processing /home/enrico/Documentos/backup/AULA/Alura/Engenharia de dados/projeto_airflow/airflowalura/venv/lib/python3.9/site-packages/airflow/example_dags/example_branch_python_dop_operator_3.py took 0.065 seconds
[2024-04-27 09:51:46,959] {processor.py:153} INFO - Started process (PID=96401) to work on /home/enrico/Documentos/backup/AULA/Alura/Engenharia de dados/projeto_airflow/airflowalura/venv/lib/python3.9/site-packages/airflow/example_dags/example_branch_python_dop_operator_3.py
[2024-04-27 09:51:46,961] {processor.py:641} INFO - Processing file /home/enrico/Documentos/backup/AULA/Alura/Engenharia de dados/projeto_airflow/airflowalura/venv/lib/python3.9/site-packages/airflow/example_dags/example_branch_python_dop_operator_3.py for tasks to queue
[2024-04-27 09:51:46,962] {logging_mixin.py:115} INFO - [2024-04-27 09:51:46,962] {dagbag.py:507} INFO - Filling up the DagBag from /home/enrico/Documentos/backup/AULA/Alura/Engenharia de dados/projeto_airflow/airflowalura/venv/lib/python3.9/site-packages/airflow/example_dags/example_branch_python_dop_operator_3.py
[2024-04-27 09:51:46,967] {processor.py:651} INFO - DAG(s) dict_keys(['example_branch_dop_operator_v3']) retrieved from /home/enrico/Documentos/backup/AULA/Alura/Engenharia de dados/projeto_airflow/airflowalura/venv/lib/python3.9/site-packages/airflow/example_dags/example_branch_python_dop_operator_3.py
[2024-04-27 09:51:46,976] {logging_mixin.py:115} INFO - [2024-04-27 09:51:46,976] {dag.py:2379} INFO - Sync 1 DAGs
[2024-04-27 09:51:46,989] {logging_mixin.py:115} INFO - [2024-04-27 09:51:46,989] {dag.py:2927} INFO - Setting next_dagrun for example_branch_dop_operator_v3 to 2024-04-27T12:50:00+00:00, run_after=2024-04-27T12:51:00+00:00
[2024-04-27 09:51:46,998] {processor.py:161} INFO - Processing /home/enrico/Documentos/backup/AULA/Alura/Engenharia de dados/projeto_airflow/airflowalura/venv/lib/python3.9/site-packages/airflow/example_dags/example_branch_python_dop_operator_3.py took 0.041 seconds
[2024-04-27 09:52:24,309] {processor.py:153} INFO - Started process (PID=96537) to work on /home/enrico/Documentos/backup/AULA/Alura/Engenharia de dados/projeto_airflow/airflowalura/venv/lib/python3.9/site-packages/airflow/example_dags/example_branch_python_dop_operator_3.py
[2024-04-27 09:52:24,310] {processor.py:641} INFO - Processing file /home/enrico/Documentos/backup/AULA/Alura/Engenharia de dados/projeto_airflow/airflowalura/venv/lib/python3.9/site-packages/airflow/example_dags/example_branch_python_dop_operator_3.py for tasks to queue
[2024-04-27 09:52:24,311] {logging_mixin.py:115} INFO - [2024-04-27 09:52:24,311] {dagbag.py:507} INFO - Filling up the DagBag from /home/enrico/Documentos/backup/AULA/Alura/Engenharia de dados/projeto_airflow/airflowalura/venv/lib/python3.9/site-packages/airflow/example_dags/example_branch_python_dop_operator_3.py
[2024-04-27 09:52:24,320] {processor.py:651} INFO - DAG(s) dict_keys(['example_branch_dop_operator_v3']) retrieved from /home/enrico/Documentos/backup/AULA/Alura/Engenharia de dados/projeto_airflow/airflowalura/venv/lib/python3.9/site-packages/airflow/example_dags/example_branch_python_dop_operator_3.py
[2024-04-27 09:52:24,336] {logging_mixin.py:115} INFO - [2024-04-27 09:52:24,336] {dag.py:2379} INFO - Sync 1 DAGs
[2024-04-27 09:52:24,350] {logging_mixin.py:115} INFO - [2024-04-27 09:52:24,350] {dag.py:2927} INFO - Setting next_dagrun for example_branch_dop_operator_v3 to 2024-04-27T12:51:00+00:00, run_after=2024-04-27T12:52:00+00:00
[2024-04-27 09:52:24,358] {processor.py:161} INFO - Processing /home/enrico/Documentos/backup/AULA/Alura/Engenharia de dados/projeto_airflow/airflowalura/venv/lib/python3.9/site-packages/airflow/example_dags/example_branch_python_dop_operator_3.py took 0.051 seconds
[2024-04-27 09:53:00,832] {processor.py:153} INFO - Started process (PID=96621) to work on /home/enrico/Documentos/backup/AULA/Alura/Engenharia de dados/projeto_airflow/airflowalura/venv/lib/python3.9/site-packages/airflow/example_dags/example_branch_python_dop_operator_3.py
[2024-04-27 09:53:00,835] {processor.py:641} INFO - Processing file /home/enrico/Documentos/backup/AULA/Alura/Engenharia de dados/projeto_airflow/airflowalura/venv/lib/python3.9/site-packages/airflow/example_dags/example_branch_python_dop_operator_3.py for tasks to queue
[2024-04-27 09:53:00,835] {logging_mixin.py:115} INFO - [2024-04-27 09:53:00,835] {dagbag.py:507} INFO - Filling up the DagBag from /home/enrico/Documentos/backup/AULA/Alura/Engenharia de dados/projeto_airflow/airflowalura/venv/lib/python3.9/site-packages/airflow/example_dags/example_branch_python_dop_operator_3.py
[2024-04-27 09:53:00,841] {processor.py:651} INFO - DAG(s) dict_keys(['example_branch_dop_operator_v3']) retrieved from /home/enrico/Documentos/backup/AULA/Alura/Engenharia de dados/projeto_airflow/airflowalura/venv/lib/python3.9/site-packages/airflow/example_dags/example_branch_python_dop_operator_3.py
[2024-04-27 09:53:00,852] {logging_mixin.py:115} INFO - [2024-04-27 09:53:00,852] {dag.py:2379} INFO - Sync 1 DAGs
[2024-04-27 09:53:00,865] {logging_mixin.py:115} INFO - [2024-04-27 09:53:00,865] {dag.py:2927} INFO - Setting next_dagrun for example_branch_dop_operator_v3 to 2024-04-27T12:52:00+00:00, run_after=2024-04-27T12:53:00+00:00
[2024-04-27 09:53:00,875] {processor.py:161} INFO - Processing /home/enrico/Documentos/backup/AULA/Alura/Engenharia de dados/projeto_airflow/airflowalura/venv/lib/python3.9/site-packages/airflow/example_dags/example_branch_python_dop_operator_3.py took 0.045 seconds
[2024-04-27 09:53:33,208] {processor.py:153} INFO - Started process (PID=96669) to work on /home/enrico/Documentos/backup/AULA/Alura/Engenharia de dados/projeto_airflow/airflowalura/venv/lib/python3.9/site-packages/airflow/example_dags/example_branch_python_dop_operator_3.py
[2024-04-27 09:53:33,209] {processor.py:641} INFO - Processing file /home/enrico/Documentos/backup/AULA/Alura/Engenharia de dados/projeto_airflow/airflowalura/venv/lib/python3.9/site-packages/airflow/example_dags/example_branch_python_dop_operator_3.py for tasks to queue
[2024-04-27 09:53:33,210] {logging_mixin.py:115} INFO - [2024-04-27 09:53:33,209] {dagbag.py:507} INFO - Filling up the DagBag from /home/enrico/Documentos/backup/AULA/Alura/Engenharia de dados/projeto_airflow/airflowalura/venv/lib/python3.9/site-packages/airflow/example_dags/example_branch_python_dop_operator_3.py
[2024-04-27 09:53:33,230] {processor.py:651} INFO - DAG(s) dict_keys(['example_branch_dop_operator_v3']) retrieved from /home/enrico/Documentos/backup/AULA/Alura/Engenharia de dados/projeto_airflow/airflowalura/venv/lib/python3.9/site-packages/airflow/example_dags/example_branch_python_dop_operator_3.py
[2024-04-27 09:53:33,248] {logging_mixin.py:115} INFO - [2024-04-27 09:53:33,248] {dag.py:2379} INFO - Sync 1 DAGs
[2024-04-27 09:53:33,262] {logging_mixin.py:115} INFO - [2024-04-27 09:53:33,262] {dag.py:2927} INFO - Setting next_dagrun for example_branch_dop_operator_v3 to 2024-04-27T12:52:00+00:00, run_after=2024-04-27T12:53:00+00:00
[2024-04-27 09:53:33,276] {processor.py:161} INFO - Processing /home/enrico/Documentos/backup/AULA/Alura/Engenharia de dados/projeto_airflow/airflowalura/venv/lib/python3.9/site-packages/airflow/example_dags/example_branch_python_dop_operator_3.py took 0.074 seconds
[2024-04-27 09:54:06,322] {processor.py:153} INFO - Started process (PID=96715) to work on /home/enrico/Documentos/backup/AULA/Alura/Engenharia de dados/projeto_airflow/airflowalura/venv/lib/python3.9/site-packages/airflow/example_dags/example_branch_python_dop_operator_3.py
[2024-04-27 09:54:06,326] {processor.py:641} INFO - Processing file /home/enrico/Documentos/backup/AULA/Alura/Engenharia de dados/projeto_airflow/airflowalura/venv/lib/python3.9/site-packages/airflow/example_dags/example_branch_python_dop_operator_3.py for tasks to queue
[2024-04-27 09:54:06,327] {logging_mixin.py:115} INFO - [2024-04-27 09:54:06,327] {dagbag.py:507} INFO - Filling up the DagBag from /home/enrico/Documentos/backup/AULA/Alura/Engenharia de dados/projeto_airflow/airflowalura/venv/lib/python3.9/site-packages/airflow/example_dags/example_branch_python_dop_operator_3.py
[2024-04-27 09:54:06,346] {processor.py:651} INFO - DAG(s) dict_keys(['example_branch_dop_operator_v3']) retrieved from /home/enrico/Documentos/backup/AULA/Alura/Engenharia de dados/projeto_airflow/airflowalura/venv/lib/python3.9/site-packages/airflow/example_dags/example_branch_python_dop_operator_3.py
[2024-04-27 09:54:06,363] {logging_mixin.py:115} INFO - [2024-04-27 09:54:06,363] {dag.py:2379} INFO - Sync 1 DAGs
[2024-04-27 09:54:06,378] {logging_mixin.py:115} INFO - [2024-04-27 09:54:06,378] {dag.py:2927} INFO - Setting next_dagrun for example_branch_dop_operator_v3 to 2024-04-27T12:53:00+00:00, run_after=2024-04-27T12:54:00+00:00
[2024-04-27 09:54:06,389] {processor.py:161} INFO - Processing /home/enrico/Documentos/backup/AULA/Alura/Engenharia de dados/projeto_airflow/airflowalura/venv/lib/python3.9/site-packages/airflow/example_dags/example_branch_python_dop_operator_3.py took 0.072 seconds
[2024-04-27 09:54:42,198] {processor.py:153} INFO - Started process (PID=96772) to work on /home/enrico/Documentos/backup/AULA/Alura/Engenharia de dados/projeto_airflow/airflowalura/venv/lib/python3.9/site-packages/airflow/example_dags/example_branch_python_dop_operator_3.py
[2024-04-27 09:54:42,201] {processor.py:641} INFO - Processing file /home/enrico/Documentos/backup/AULA/Alura/Engenharia de dados/projeto_airflow/airflowalura/venv/lib/python3.9/site-packages/airflow/example_dags/example_branch_python_dop_operator_3.py for tasks to queue
[2024-04-27 09:54:42,202] {logging_mixin.py:115} INFO - [2024-04-27 09:54:42,202] {dagbag.py:507} INFO - Filling up the DagBag from /home/enrico/Documentos/backup/AULA/Alura/Engenharia de dados/projeto_airflow/airflowalura/venv/lib/python3.9/site-packages/airflow/example_dags/example_branch_python_dop_operator_3.py
[2024-04-27 09:54:42,221] {processor.py:651} INFO - DAG(s) dict_keys(['example_branch_dop_operator_v3']) retrieved from /home/enrico/Documentos/backup/AULA/Alura/Engenharia de dados/projeto_airflow/airflowalura/venv/lib/python3.9/site-packages/airflow/example_dags/example_branch_python_dop_operator_3.py
[2024-04-27 09:54:42,239] {logging_mixin.py:115} INFO - [2024-04-27 09:54:42,239] {dag.py:2379} INFO - Sync 1 DAGs
[2024-04-27 09:54:42,254] {logging_mixin.py:115} INFO - [2024-04-27 09:54:42,254] {dag.py:2927} INFO - Setting next_dagrun for example_branch_dop_operator_v3 to 2024-04-27T12:53:00+00:00, run_after=2024-04-27T12:54:00+00:00
[2024-04-27 09:54:42,264] {processor.py:161} INFO - Processing /home/enrico/Documentos/backup/AULA/Alura/Engenharia de dados/projeto_airflow/airflowalura/venv/lib/python3.9/site-packages/airflow/example_dags/example_branch_python_dop_operator_3.py took 0.072 seconds
[2024-04-27 09:55:15,859] {processor.py:153} INFO - Started process (PID=96825) to work on /home/enrico/Documentos/backup/AULA/Alura/Engenharia de dados/projeto_airflow/airflowalura/venv/lib/python3.9/site-packages/airflow/example_dags/example_branch_python_dop_operator_3.py
[2024-04-27 09:55:15,863] {processor.py:641} INFO - Processing file /home/enrico/Documentos/backup/AULA/Alura/Engenharia de dados/projeto_airflow/airflowalura/venv/lib/python3.9/site-packages/airflow/example_dags/example_branch_python_dop_operator_3.py for tasks to queue
[2024-04-27 09:55:15,864] {logging_mixin.py:115} INFO - [2024-04-27 09:55:15,863] {dagbag.py:507} INFO - Filling up the DagBag from /home/enrico/Documentos/backup/AULA/Alura/Engenharia de dados/projeto_airflow/airflowalura/venv/lib/python3.9/site-packages/airflow/example_dags/example_branch_python_dop_operator_3.py
[2024-04-27 09:55:15,883] {processor.py:651} INFO - DAG(s) dict_keys(['example_branch_dop_operator_v3']) retrieved from /home/enrico/Documentos/backup/AULA/Alura/Engenharia de dados/projeto_airflow/airflowalura/venv/lib/python3.9/site-packages/airflow/example_dags/example_branch_python_dop_operator_3.py
[2024-04-27 09:55:15,901] {logging_mixin.py:115} INFO - [2024-04-27 09:55:15,901] {dag.py:2379} INFO - Sync 1 DAGs
[2024-04-27 09:55:15,916] {logging_mixin.py:115} INFO - [2024-04-27 09:55:15,916] {dag.py:2927} INFO - Setting next_dagrun for example_branch_dop_operator_v3 to 2024-04-27T12:54:00+00:00, run_after=2024-04-27T12:55:00+00:00
[2024-04-27 09:55:15,931] {processor.py:161} INFO - Processing /home/enrico/Documentos/backup/AULA/Alura/Engenharia de dados/projeto_airflow/airflowalura/venv/lib/python3.9/site-packages/airflow/example_dags/example_branch_python_dop_operator_3.py took 0.077 seconds
[2024-04-27 09:55:49,135] {processor.py:153} INFO - Started process (PID=96874) to work on /home/enrico/Documentos/backup/AULA/Alura/Engenharia de dados/projeto_airflow/airflowalura/venv/lib/python3.9/site-packages/airflow/example_dags/example_branch_python_dop_operator_3.py
[2024-04-27 09:55:49,139] {processor.py:641} INFO - Processing file /home/enrico/Documentos/backup/AULA/Alura/Engenharia de dados/projeto_airflow/airflowalura/venv/lib/python3.9/site-packages/airflow/example_dags/example_branch_python_dop_operator_3.py for tasks to queue
[2024-04-27 09:55:49,140] {logging_mixin.py:115} INFO - [2024-04-27 09:55:49,140] {dagbag.py:507} INFO - Filling up the DagBag from /home/enrico/Documentos/backup/AULA/Alura/Engenharia de dados/projeto_airflow/airflowalura/venv/lib/python3.9/site-packages/airflow/example_dags/example_branch_python_dop_operator_3.py
[2024-04-27 09:55:49,160] {processor.py:651} INFO - DAG(s) dict_keys(['example_branch_dop_operator_v3']) retrieved from /home/enrico/Documentos/backup/AULA/Alura/Engenharia de dados/projeto_airflow/airflowalura/venv/lib/python3.9/site-packages/airflow/example_dags/example_branch_python_dop_operator_3.py
[2024-04-27 09:55:49,179] {logging_mixin.py:115} INFO - [2024-04-27 09:55:49,179] {dag.py:2379} INFO - Sync 1 DAGs
[2024-04-27 09:55:49,195] {logging_mixin.py:115} INFO - [2024-04-27 09:55:49,195] {dag.py:2927} INFO - Setting next_dagrun for example_branch_dop_operator_v3 to 2024-04-27T12:54:00+00:00, run_after=2024-04-27T12:55:00+00:00
[2024-04-27 09:55:49,204] {processor.py:161} INFO - Processing /home/enrico/Documentos/backup/AULA/Alura/Engenharia de dados/projeto_airflow/airflowalura/venv/lib/python3.9/site-packages/airflow/example_dags/example_branch_python_dop_operator_3.py took 0.074 seconds
[2024-04-27 09:56:21,777] {processor.py:153} INFO - Started process (PID=96949) to work on /home/enrico/Documentos/backup/AULA/Alura/Engenharia de dados/projeto_airflow/airflowalura/venv/lib/python3.9/site-packages/airflow/example_dags/example_branch_python_dop_operator_3.py
[2024-04-27 09:56:21,778] {processor.py:641} INFO - Processing file /home/enrico/Documentos/backup/AULA/Alura/Engenharia de dados/projeto_airflow/airflowalura/venv/lib/python3.9/site-packages/airflow/example_dags/example_branch_python_dop_operator_3.py for tasks to queue
[2024-04-27 09:56:21,778] {logging_mixin.py:115} INFO - [2024-04-27 09:56:21,778] {dagbag.py:507} INFO - Filling up the DagBag from /home/enrico/Documentos/backup/AULA/Alura/Engenharia de dados/projeto_airflow/airflowalura/venv/lib/python3.9/site-packages/airflow/example_dags/example_branch_python_dop_operator_3.py
[2024-04-27 09:56:21,783] {processor.py:651} INFO - DAG(s) dict_keys(['example_branch_dop_operator_v3']) retrieved from /home/enrico/Documentos/backup/AULA/Alura/Engenharia de dados/projeto_airflow/airflowalura/venv/lib/python3.9/site-packages/airflow/example_dags/example_branch_python_dop_operator_3.py
[2024-04-27 09:56:21,793] {logging_mixin.py:115} INFO - [2024-04-27 09:56:21,793] {dag.py:2379} INFO - Sync 1 DAGs
[2024-04-27 09:56:21,806] {logging_mixin.py:115} INFO - [2024-04-27 09:56:21,806] {dag.py:2927} INFO - Setting next_dagrun for example_branch_dop_operator_v3 to 2024-04-27T12:55:00+00:00, run_after=2024-04-27T12:56:00+00:00
[2024-04-27 09:56:21,815] {processor.py:161} INFO - Processing /home/enrico/Documentos/backup/AULA/Alura/Engenharia de dados/projeto_airflow/airflowalura/venv/lib/python3.9/site-packages/airflow/example_dags/example_branch_python_dop_operator_3.py took 0.040 seconds
[2024-04-27 09:56:56,165] {processor.py:153} INFO - Started process (PID=96998) to work on /home/enrico/Documentos/backup/AULA/Alura/Engenharia de dados/projeto_airflow/airflowalura/venv/lib/python3.9/site-packages/airflow/example_dags/example_branch_python_dop_operator_3.py
[2024-04-27 09:56:56,168] {processor.py:641} INFO - Processing file /home/enrico/Documentos/backup/AULA/Alura/Engenharia de dados/projeto_airflow/airflowalura/venv/lib/python3.9/site-packages/airflow/example_dags/example_branch_python_dop_operator_3.py for tasks to queue
[2024-04-27 09:56:56,168] {logging_mixin.py:115} INFO - [2024-04-27 09:56:56,168] {dagbag.py:507} INFO - Filling up the DagBag from /home/enrico/Documentos/backup/AULA/Alura/Engenharia de dados/projeto_airflow/airflowalura/venv/lib/python3.9/site-packages/airflow/example_dags/example_branch_python_dop_operator_3.py
[2024-04-27 09:56:56,174] {processor.py:651} INFO - DAG(s) dict_keys(['example_branch_dop_operator_v3']) retrieved from /home/enrico/Documentos/backup/AULA/Alura/Engenharia de dados/projeto_airflow/airflowalura/venv/lib/python3.9/site-packages/airflow/example_dags/example_branch_python_dop_operator_3.py
[2024-04-27 09:56:56,183] {logging_mixin.py:115} INFO - [2024-04-27 09:56:56,183] {dag.py:2379} INFO - Sync 1 DAGs
[2024-04-27 09:56:56,196] {logging_mixin.py:115} INFO - [2024-04-27 09:56:56,196] {dag.py:2927} INFO - Setting next_dagrun for example_branch_dop_operator_v3 to 2024-04-27T12:55:00+00:00, run_after=2024-04-27T12:56:00+00:00
[2024-04-27 09:56:56,208] {processor.py:161} INFO - Processing /home/enrico/Documentos/backup/AULA/Alura/Engenharia de dados/projeto_airflow/airflowalura/venv/lib/python3.9/site-packages/airflow/example_dags/example_branch_python_dop_operator_3.py took 0.044 seconds
[2024-04-27 09:57:28,732] {processor.py:153} INFO - Started process (PID=97106) to work on /home/enrico/Documentos/backup/AULA/Alura/Engenharia de dados/projeto_airflow/airflowalura/venv/lib/python3.9/site-packages/airflow/example_dags/example_branch_python_dop_operator_3.py
[2024-04-27 09:57:28,733] {processor.py:641} INFO - Processing file /home/enrico/Documentos/backup/AULA/Alura/Engenharia de dados/projeto_airflow/airflowalura/venv/lib/python3.9/site-packages/airflow/example_dags/example_branch_python_dop_operator_3.py for tasks to queue
[2024-04-27 09:57:28,734] {logging_mixin.py:115} INFO - [2024-04-27 09:57:28,734] {dagbag.py:507} INFO - Filling up the DagBag from /home/enrico/Documentos/backup/AULA/Alura/Engenharia de dados/projeto_airflow/airflowalura/venv/lib/python3.9/site-packages/airflow/example_dags/example_branch_python_dop_operator_3.py
[2024-04-27 09:57:28,753] {processor.py:651} INFO - DAG(s) dict_keys(['example_branch_dop_operator_v3']) retrieved from /home/enrico/Documentos/backup/AULA/Alura/Engenharia de dados/projeto_airflow/airflowalura/venv/lib/python3.9/site-packages/airflow/example_dags/example_branch_python_dop_operator_3.py
[2024-04-27 09:57:28,772] {logging_mixin.py:115} INFO - [2024-04-27 09:57:28,772] {dag.py:2379} INFO - Sync 1 DAGs
[2024-04-27 09:57:28,787] {logging_mixin.py:115} INFO - [2024-04-27 09:57:28,787] {dag.py:2927} INFO - Setting next_dagrun for example_branch_dop_operator_v3 to 2024-04-27T12:56:00+00:00, run_after=2024-04-27T12:57:00+00:00
[2024-04-27 09:57:28,800] {processor.py:161} INFO - Processing /home/enrico/Documentos/backup/AULA/Alura/Engenharia de dados/projeto_airflow/airflowalura/venv/lib/python3.9/site-packages/airflow/example_dags/example_branch_python_dop_operator_3.py took 0.074 seconds
[2024-04-27 09:58:03,295] {processor.py:153} INFO - Started process (PID=97165) to work on /home/enrico/Documentos/backup/AULA/Alura/Engenharia de dados/projeto_airflow/airflowalura/venv/lib/python3.9/site-packages/airflow/example_dags/example_branch_python_dop_operator_3.py
[2024-04-27 09:58:03,295] {processor.py:641} INFO - Processing file /home/enrico/Documentos/backup/AULA/Alura/Engenharia de dados/projeto_airflow/airflowalura/venv/lib/python3.9/site-packages/airflow/example_dags/example_branch_python_dop_operator_3.py for tasks to queue
[2024-04-27 09:58:03,295] {logging_mixin.py:115} INFO - [2024-04-27 09:58:03,295] {dagbag.py:507} INFO - Filling up the DagBag from /home/enrico/Documentos/backup/AULA/Alura/Engenharia de dados/projeto_airflow/airflowalura/venv/lib/python3.9/site-packages/airflow/example_dags/example_branch_python_dop_operator_3.py
[2024-04-27 09:58:03,300] {processor.py:651} INFO - DAG(s) dict_keys(['example_branch_dop_operator_v3']) retrieved from /home/enrico/Documentos/backup/AULA/Alura/Engenharia de dados/projeto_airflow/airflowalura/venv/lib/python3.9/site-packages/airflow/example_dags/example_branch_python_dop_operator_3.py
[2024-04-27 09:58:03,308] {logging_mixin.py:115} INFO - [2024-04-27 09:58:03,308] {dag.py:2379} INFO - Sync 1 DAGs
[2024-04-27 09:58:03,320] {logging_mixin.py:115} INFO - [2024-04-27 09:58:03,320] {dag.py:2927} INFO - Setting next_dagrun for example_branch_dop_operator_v3 to 2024-04-27T12:57:00+00:00, run_after=2024-04-27T12:58:00+00:00
[2024-04-27 09:58:03,329] {processor.py:161} INFO - Processing /home/enrico/Documentos/backup/AULA/Alura/Engenharia de dados/projeto_airflow/airflowalura/venv/lib/python3.9/site-packages/airflow/example_dags/example_branch_python_dop_operator_3.py took 0.037 seconds
[2024-04-27 09:58:38,068] {processor.py:153} INFO - Started process (PID=97225) to work on /home/enrico/Documentos/backup/AULA/Alura/Engenharia de dados/projeto_airflow/airflowalura/venv/lib/python3.9/site-packages/airflow/example_dags/example_branch_python_dop_operator_3.py
[2024-04-27 09:58:38,072] {processor.py:641} INFO - Processing file /home/enrico/Documentos/backup/AULA/Alura/Engenharia de dados/projeto_airflow/airflowalura/venv/lib/python3.9/site-packages/airflow/example_dags/example_branch_python_dop_operator_3.py for tasks to queue
[2024-04-27 09:58:38,073] {logging_mixin.py:115} INFO - [2024-04-27 09:58:38,072] {dagbag.py:507} INFO - Filling up the DagBag from /home/enrico/Documentos/backup/AULA/Alura/Engenharia de dados/projeto_airflow/airflowalura/venv/lib/python3.9/site-packages/airflow/example_dags/example_branch_python_dop_operator_3.py
[2024-04-27 09:58:38,088] {processor.py:651} INFO - DAG(s) dict_keys(['example_branch_dop_operator_v3']) retrieved from /home/enrico/Documentos/backup/AULA/Alura/Engenharia de dados/projeto_airflow/airflowalura/venv/lib/python3.9/site-packages/airflow/example_dags/example_branch_python_dop_operator_3.py
[2024-04-27 09:58:38,100] {logging_mixin.py:115} INFO - [2024-04-27 09:58:38,100] {dag.py:2379} INFO - Sync 1 DAGs
[2024-04-27 09:58:38,112] {logging_mixin.py:115} INFO - [2024-04-27 09:58:38,112] {dag.py:2927} INFO - Setting next_dagrun for example_branch_dop_operator_v3 to 2024-04-27T12:57:00+00:00, run_after=2024-04-27T12:58:00+00:00
[2024-04-27 09:58:38,128] {processor.py:161} INFO - Processing /home/enrico/Documentos/backup/AULA/Alura/Engenharia de dados/projeto_airflow/airflowalura/venv/lib/python3.9/site-packages/airflow/example_dags/example_branch_python_dop_operator_3.py took 0.064 seconds
[2024-04-27 09:59:12,955] {processor.py:153} INFO - Started process (PID=97283) to work on /home/enrico/Documentos/backup/AULA/Alura/Engenharia de dados/projeto_airflow/airflowalura/venv/lib/python3.9/site-packages/airflow/example_dags/example_branch_python_dop_operator_3.py
[2024-04-27 09:59:12,958] {processor.py:641} INFO - Processing file /home/enrico/Documentos/backup/AULA/Alura/Engenharia de dados/projeto_airflow/airflowalura/venv/lib/python3.9/site-packages/airflow/example_dags/example_branch_python_dop_operator_3.py for tasks to queue
[2024-04-27 09:59:12,959] {logging_mixin.py:115} INFO - [2024-04-27 09:59:12,959] {dagbag.py:507} INFO - Filling up the DagBag from /home/enrico/Documentos/backup/AULA/Alura/Engenharia de dados/projeto_airflow/airflowalura/venv/lib/python3.9/site-packages/airflow/example_dags/example_branch_python_dop_operator_3.py
[2024-04-27 09:59:12,972] {processor.py:651} INFO - DAG(s) dict_keys(['example_branch_dop_operator_v3']) retrieved from /home/enrico/Documentos/backup/AULA/Alura/Engenharia de dados/projeto_airflow/airflowalura/venv/lib/python3.9/site-packages/airflow/example_dags/example_branch_python_dop_operator_3.py
[2024-04-27 09:59:12,986] {logging_mixin.py:115} INFO - [2024-04-27 09:59:12,986] {dag.py:2379} INFO - Sync 1 DAGs
[2024-04-27 09:59:12,999] {logging_mixin.py:115} INFO - [2024-04-27 09:59:12,999] {dag.py:2927} INFO - Setting next_dagrun for example_branch_dop_operator_v3 to 2024-04-27T12:58:00+00:00, run_after=2024-04-27T12:59:00+00:00
[2024-04-27 09:59:13,011] {processor.py:161} INFO - Processing /home/enrico/Documentos/backup/AULA/Alura/Engenharia de dados/projeto_airflow/airflowalura/venv/lib/python3.9/site-packages/airflow/example_dags/example_branch_python_dop_operator_3.py took 0.062 seconds
[2024-04-27 09:59:47,803] {processor.py:153} INFO - Started process (PID=97344) to work on /home/enrico/Documentos/backup/AULA/Alura/Engenharia de dados/projeto_airflow/airflowalura/venv/lib/python3.9/site-packages/airflow/example_dags/example_branch_python_dop_operator_3.py
[2024-04-27 09:59:47,806] {processor.py:641} INFO - Processing file /home/enrico/Documentos/backup/AULA/Alura/Engenharia de dados/projeto_airflow/airflowalura/venv/lib/python3.9/site-packages/airflow/example_dags/example_branch_python_dop_operator_3.py for tasks to queue
[2024-04-27 09:59:47,807] {logging_mixin.py:115} INFO - [2024-04-27 09:59:47,807] {dagbag.py:507} INFO - Filling up the DagBag from /home/enrico/Documentos/backup/AULA/Alura/Engenharia de dados/projeto_airflow/airflowalura/venv/lib/python3.9/site-packages/airflow/example_dags/example_branch_python_dop_operator_3.py
[2024-04-27 09:59:47,826] {processor.py:651} INFO - DAG(s) dict_keys(['example_branch_dop_operator_v3']) retrieved from /home/enrico/Documentos/backup/AULA/Alura/Engenharia de dados/projeto_airflow/airflowalura/venv/lib/python3.9/site-packages/airflow/example_dags/example_branch_python_dop_operator_3.py
[2024-04-27 09:59:47,843] {logging_mixin.py:115} INFO - [2024-04-27 09:59:47,842] {dag.py:2379} INFO - Sync 1 DAGs
[2024-04-27 09:59:47,857] {logging_mixin.py:115} INFO - [2024-04-27 09:59:47,857] {dag.py:2927} INFO - Setting next_dagrun for example_branch_dop_operator_v3 to 2024-04-27T12:58:00+00:00, run_after=2024-04-27T12:59:00+00:00
[2024-04-27 09:59:47,867] {processor.py:161} INFO - Processing /home/enrico/Documentos/backup/AULA/Alura/Engenharia de dados/projeto_airflow/airflowalura/venv/lib/python3.9/site-packages/airflow/example_dags/example_branch_python_dop_operator_3.py took 0.070 seconds
[2024-04-27 10:00:22,009] {processor.py:153} INFO - Started process (PID=97398) to work on /home/enrico/Documentos/backup/AULA/Alura/Engenharia de dados/projeto_airflow/airflowalura/venv/lib/python3.9/site-packages/airflow/example_dags/example_branch_python_dop_operator_3.py
[2024-04-27 10:00:22,012] {processor.py:641} INFO - Processing file /home/enrico/Documentos/backup/AULA/Alura/Engenharia de dados/projeto_airflow/airflowalura/venv/lib/python3.9/site-packages/airflow/example_dags/example_branch_python_dop_operator_3.py for tasks to queue
[2024-04-27 10:00:22,013] {logging_mixin.py:115} INFO - [2024-04-27 10:00:22,013] {dagbag.py:507} INFO - Filling up the DagBag from /home/enrico/Documentos/backup/AULA/Alura/Engenharia de dados/projeto_airflow/airflowalura/venv/lib/python3.9/site-packages/airflow/example_dags/example_branch_python_dop_operator_3.py
[2024-04-27 10:00:22,038] {processor.py:651} INFO - DAG(s) dict_keys(['example_branch_dop_operator_v3']) retrieved from /home/enrico/Documentos/backup/AULA/Alura/Engenharia de dados/projeto_airflow/airflowalura/venv/lib/python3.9/site-packages/airflow/example_dags/example_branch_python_dop_operator_3.py
[2024-04-27 10:00:22,053] {logging_mixin.py:115} INFO - [2024-04-27 10:00:22,053] {dag.py:2379} INFO - Sync 1 DAGs
[2024-04-27 10:00:22,068] {logging_mixin.py:115} INFO - [2024-04-27 10:00:22,068] {dag.py:2927} INFO - Setting next_dagrun for example_branch_dop_operator_v3 to 2024-04-27T12:59:00+00:00, run_after=2024-04-27T13:00:00+00:00
[2024-04-27 10:00:22,083] {processor.py:161} INFO - Processing /home/enrico/Documentos/backup/AULA/Alura/Engenharia de dados/projeto_airflow/airflowalura/venv/lib/python3.9/site-packages/airflow/example_dags/example_branch_python_dop_operator_3.py took 0.079 seconds
[2024-04-27 10:00:56,884] {processor.py:153} INFO - Started process (PID=97445) to work on /home/enrico/Documentos/backup/AULA/Alura/Engenharia de dados/projeto_airflow/airflowalura/venv/lib/python3.9/site-packages/airflow/example_dags/example_branch_python_dop_operator_3.py
[2024-04-27 10:00:56,887] {processor.py:641} INFO - Processing file /home/enrico/Documentos/backup/AULA/Alura/Engenharia de dados/projeto_airflow/airflowalura/venv/lib/python3.9/site-packages/airflow/example_dags/example_branch_python_dop_operator_3.py for tasks to queue
[2024-04-27 10:00:56,888] {logging_mixin.py:115} INFO - [2024-04-27 10:00:56,888] {dagbag.py:507} INFO - Filling up the DagBag from /home/enrico/Documentos/backup/AULA/Alura/Engenharia de dados/projeto_airflow/airflowalura/venv/lib/python3.9/site-packages/airflow/example_dags/example_branch_python_dop_operator_3.py
[2024-04-27 10:00:56,912] {processor.py:651} INFO - DAG(s) dict_keys(['example_branch_dop_operator_v3']) retrieved from /home/enrico/Documentos/backup/AULA/Alura/Engenharia de dados/projeto_airflow/airflowalura/venv/lib/python3.9/site-packages/airflow/example_dags/example_branch_python_dop_operator_3.py
[2024-04-27 10:00:56,927] {logging_mixin.py:115} INFO - [2024-04-27 10:00:56,927] {dag.py:2379} INFO - Sync 1 DAGs
[2024-04-27 10:00:56,947] {logging_mixin.py:115} INFO - [2024-04-27 10:00:56,947] {dag.py:2927} INFO - Setting next_dagrun for example_branch_dop_operator_v3 to 2024-04-27T12:59:00+00:00, run_after=2024-04-27T13:00:00+00:00
[2024-04-27 10:00:56,955] {processor.py:161} INFO - Processing /home/enrico/Documentos/backup/AULA/Alura/Engenharia de dados/projeto_airflow/airflowalura/venv/lib/python3.9/site-packages/airflow/example_dags/example_branch_python_dop_operator_3.py took 0.077 seconds
[2024-04-27 10:01:29,897] {processor.py:153} INFO - Started process (PID=97514) to work on /home/enrico/Documentos/backup/AULA/Alura/Engenharia de dados/projeto_airflow/airflowalura/venv/lib/python3.9/site-packages/airflow/example_dags/example_branch_python_dop_operator_3.py
[2024-04-27 10:01:29,898] {processor.py:641} INFO - Processing file /home/enrico/Documentos/backup/AULA/Alura/Engenharia de dados/projeto_airflow/airflowalura/venv/lib/python3.9/site-packages/airflow/example_dags/example_branch_python_dop_operator_3.py for tasks to queue
[2024-04-27 10:01:29,898] {logging_mixin.py:115} INFO - [2024-04-27 10:01:29,898] {dagbag.py:507} INFO - Filling up the DagBag from /home/enrico/Documentos/backup/AULA/Alura/Engenharia de dados/projeto_airflow/airflowalura/venv/lib/python3.9/site-packages/airflow/example_dags/example_branch_python_dop_operator_3.py
[2024-04-27 10:01:29,906] {processor.py:651} INFO - DAG(s) dict_keys(['example_branch_dop_operator_v3']) retrieved from /home/enrico/Documentos/backup/AULA/Alura/Engenharia de dados/projeto_airflow/airflowalura/venv/lib/python3.9/site-packages/airflow/example_dags/example_branch_python_dop_operator_3.py
[2024-04-27 10:01:29,914] {logging_mixin.py:115} INFO - [2024-04-27 10:01:29,914] {dag.py:2379} INFO - Sync 1 DAGs
[2024-04-27 10:01:29,926] {logging_mixin.py:115} INFO - [2024-04-27 10:01:29,926] {dag.py:2927} INFO - Setting next_dagrun for example_branch_dop_operator_v3 to 2024-04-27T13:00:00+00:00, run_after=2024-04-27T13:01:00+00:00
[2024-04-27 10:01:29,935] {processor.py:161} INFO - Processing /home/enrico/Documentos/backup/AULA/Alura/Engenharia de dados/projeto_airflow/airflowalura/venv/lib/python3.9/site-packages/airflow/example_dags/example_branch_python_dop_operator_3.py took 0.039 seconds
[2024-04-27 10:02:02,493] {processor.py:153} INFO - Started process (PID=97570) to work on /home/enrico/Documentos/backup/AULA/Alura/Engenharia de dados/projeto_airflow/airflowalura/venv/lib/python3.9/site-packages/airflow/example_dags/example_branch_python_dop_operator_3.py
[2024-04-27 10:02:02,497] {processor.py:641} INFO - Processing file /home/enrico/Documentos/backup/AULA/Alura/Engenharia de dados/projeto_airflow/airflowalura/venv/lib/python3.9/site-packages/airflow/example_dags/example_branch_python_dop_operator_3.py for tasks to queue
[2024-04-27 10:02:02,498] {logging_mixin.py:115} INFO - [2024-04-27 10:02:02,498] {dagbag.py:507} INFO - Filling up the DagBag from /home/enrico/Documentos/backup/AULA/Alura/Engenharia de dados/projeto_airflow/airflowalura/venv/lib/python3.9/site-packages/airflow/example_dags/example_branch_python_dop_operator_3.py
[2024-04-27 10:02:02,520] {processor.py:651} INFO - DAG(s) dict_keys(['example_branch_dop_operator_v3']) retrieved from /home/enrico/Documentos/backup/AULA/Alura/Engenharia de dados/projeto_airflow/airflowalura/venv/lib/python3.9/site-packages/airflow/example_dags/example_branch_python_dop_operator_3.py
[2024-04-27 10:02:02,534] {logging_mixin.py:115} INFO - [2024-04-27 10:02:02,534] {dag.py:2379} INFO - Sync 1 DAGs
[2024-04-27 10:02:02,549] {logging_mixin.py:115} INFO - [2024-04-27 10:02:02,549] {dag.py:2927} INFO - Setting next_dagrun for example_branch_dop_operator_v3 to 2024-04-27T13:01:00+00:00, run_after=2024-04-27T13:02:00+00:00
[2024-04-27 10:02:02,559] {processor.py:161} INFO - Processing /home/enrico/Documentos/backup/AULA/Alura/Engenharia de dados/projeto_airflow/airflowalura/venv/lib/python3.9/site-packages/airflow/example_dags/example_branch_python_dop_operator_3.py took 0.072 seconds
[2024-04-27 10:02:37,336] {processor.py:153} INFO - Started process (PID=97744) to work on /home/enrico/Documentos/backup/AULA/Alura/Engenharia de dados/projeto_airflow/airflowalura/venv/lib/python3.9/site-packages/airflow/example_dags/example_branch_python_dop_operator_3.py
[2024-04-27 10:02:37,337] {processor.py:641} INFO - Processing file /home/enrico/Documentos/backup/AULA/Alura/Engenharia de dados/projeto_airflow/airflowalura/venv/lib/python3.9/site-packages/airflow/example_dags/example_branch_python_dop_operator_3.py for tasks to queue
[2024-04-27 10:02:37,338] {logging_mixin.py:115} INFO - [2024-04-27 10:02:37,338] {dagbag.py:507} INFO - Filling up the DagBag from /home/enrico/Documentos/backup/AULA/Alura/Engenharia de dados/projeto_airflow/airflowalura/venv/lib/python3.9/site-packages/airflow/example_dags/example_branch_python_dop_operator_3.py
[2024-04-27 10:02:37,361] {processor.py:651} INFO - DAG(s) dict_keys(['example_branch_dop_operator_v3']) retrieved from /home/enrico/Documentos/backup/AULA/Alura/Engenharia de dados/projeto_airflow/airflowalura/venv/lib/python3.9/site-packages/airflow/example_dags/example_branch_python_dop_operator_3.py
[2024-04-27 10:02:37,374] {logging_mixin.py:115} INFO - [2024-04-27 10:02:37,374] {dag.py:2379} INFO - Sync 1 DAGs
[2024-04-27 10:02:37,391] {logging_mixin.py:115} INFO - [2024-04-27 10:02:37,390] {dag.py:2927} INFO - Setting next_dagrun for example_branch_dop_operator_v3 to 2024-04-27T13:01:00+00:00, run_after=2024-04-27T13:02:00+00:00
[2024-04-27 10:02:37,404] {processor.py:161} INFO - Processing /home/enrico/Documentos/backup/AULA/Alura/Engenharia de dados/projeto_airflow/airflowalura/venv/lib/python3.9/site-packages/airflow/example_dags/example_branch_python_dop_operator_3.py took 0.074 seconds
[2024-04-27 10:03:10,395] {processor.py:153} INFO - Started process (PID=97928) to work on /home/enrico/Documentos/backup/AULA/Alura/Engenharia de dados/projeto_airflow/airflowalura/venv/lib/python3.9/site-packages/airflow/example_dags/example_branch_python_dop_operator_3.py
[2024-04-27 10:03:10,398] {processor.py:641} INFO - Processing file /home/enrico/Documentos/backup/AULA/Alura/Engenharia de dados/projeto_airflow/airflowalura/venv/lib/python3.9/site-packages/airflow/example_dags/example_branch_python_dop_operator_3.py for tasks to queue
[2024-04-27 10:03:10,398] {logging_mixin.py:115} INFO - [2024-04-27 10:03:10,398] {dagbag.py:507} INFO - Filling up the DagBag from /home/enrico/Documentos/backup/AULA/Alura/Engenharia de dados/projeto_airflow/airflowalura/venv/lib/python3.9/site-packages/airflow/example_dags/example_branch_python_dop_operator_3.py
[2024-04-27 10:03:10,405] {processor.py:651} INFO - DAG(s) dict_keys(['example_branch_dop_operator_v3']) retrieved from /home/enrico/Documentos/backup/AULA/Alura/Engenharia de dados/projeto_airflow/airflowalura/venv/lib/python3.9/site-packages/airflow/example_dags/example_branch_python_dop_operator_3.py
[2024-04-27 10:03:10,413] {logging_mixin.py:115} INFO - [2024-04-27 10:03:10,413] {dag.py:2379} INFO - Sync 1 DAGs
[2024-04-27 10:03:10,426] {logging_mixin.py:115} INFO - [2024-04-27 10:03:10,426] {dag.py:2927} INFO - Setting next_dagrun for example_branch_dop_operator_v3 to 2024-04-27T13:02:00+00:00, run_after=2024-04-27T13:03:00+00:00
[2024-04-27 10:03:10,437] {processor.py:161} INFO - Processing /home/enrico/Documentos/backup/AULA/Alura/Engenharia de dados/projeto_airflow/airflowalura/venv/lib/python3.9/site-packages/airflow/example_dags/example_branch_python_dop_operator_3.py took 0.044 seconds
[2024-04-27 10:03:45,524] {processor.py:153} INFO - Started process (PID=98142) to work on /home/enrico/Documentos/backup/AULA/Alura/Engenharia de dados/projeto_airflow/airflowalura/venv/lib/python3.9/site-packages/airflow/example_dags/example_branch_python_dop_operator_3.py
[2024-04-27 10:03:45,527] {processor.py:641} INFO - Processing file /home/enrico/Documentos/backup/AULA/Alura/Engenharia de dados/projeto_airflow/airflowalura/venv/lib/python3.9/site-packages/airflow/example_dags/example_branch_python_dop_operator_3.py for tasks to queue
[2024-04-27 10:03:45,527] {logging_mixin.py:115} INFO - [2024-04-27 10:03:45,527] {dagbag.py:507} INFO - Filling up the DagBag from /home/enrico/Documentos/backup/AULA/Alura/Engenharia de dados/projeto_airflow/airflowalura/venv/lib/python3.9/site-packages/airflow/example_dags/example_branch_python_dop_operator_3.py
[2024-04-27 10:03:45,533] {processor.py:651} INFO - DAG(s) dict_keys(['example_branch_dop_operator_v3']) retrieved from /home/enrico/Documentos/backup/AULA/Alura/Engenharia de dados/projeto_airflow/airflowalura/venv/lib/python3.9/site-packages/airflow/example_dags/example_branch_python_dop_operator_3.py
[2024-04-27 10:03:45,541] {logging_mixin.py:115} INFO - [2024-04-27 10:03:45,541] {dag.py:2379} INFO - Sync 1 DAGs
[2024-04-27 10:03:45,553] {logging_mixin.py:115} INFO - [2024-04-27 10:03:45,552] {dag.py:2927} INFO - Setting next_dagrun for example_branch_dop_operator_v3 to 2024-04-27T13:02:00+00:00, run_after=2024-04-27T13:03:00+00:00
[2024-04-27 10:03:45,564] {processor.py:161} INFO - Processing /home/enrico/Documentos/backup/AULA/Alura/Engenharia de dados/projeto_airflow/airflowalura/venv/lib/python3.9/site-packages/airflow/example_dags/example_branch_python_dop_operator_3.py took 0.042 seconds
[2024-04-27 10:04:19,557] {processor.py:153} INFO - Started process (PID=98353) to work on /home/enrico/Documentos/backup/AULA/Alura/Engenharia de dados/projeto_airflow/airflowalura/venv/lib/python3.9/site-packages/airflow/example_dags/example_branch_python_dop_operator_3.py
[2024-04-27 10:04:19,557] {processor.py:641} INFO - Processing file /home/enrico/Documentos/backup/AULA/Alura/Engenharia de dados/projeto_airflow/airflowalura/venv/lib/python3.9/site-packages/airflow/example_dags/example_branch_python_dop_operator_3.py for tasks to queue
[2024-04-27 10:04:19,557] {logging_mixin.py:115} INFO - [2024-04-27 10:04:19,557] {dagbag.py:507} INFO - Filling up the DagBag from /home/enrico/Documentos/backup/AULA/Alura/Engenharia de dados/projeto_airflow/airflowalura/venv/lib/python3.9/site-packages/airflow/example_dags/example_branch_python_dop_operator_3.py
[2024-04-27 10:04:19,564] {processor.py:651} INFO - DAG(s) dict_keys(['example_branch_dop_operator_v3']) retrieved from /home/enrico/Documentos/backup/AULA/Alura/Engenharia de dados/projeto_airflow/airflowalura/venv/lib/python3.9/site-packages/airflow/example_dags/example_branch_python_dop_operator_3.py
[2024-04-27 10:04:19,571] {logging_mixin.py:115} INFO - [2024-04-27 10:04:19,571] {dag.py:2379} INFO - Sync 1 DAGs
[2024-04-27 10:04:19,582] {logging_mixin.py:115} INFO - [2024-04-27 10:04:19,582] {dag.py:2927} INFO - Setting next_dagrun for example_branch_dop_operator_v3 to 2024-04-27T13:03:00+00:00, run_after=2024-04-27T13:04:00+00:00
[2024-04-27 10:04:19,591] {processor.py:161} INFO - Processing /home/enrico/Documentos/backup/AULA/Alura/Engenharia de dados/projeto_airflow/airflowalura/venv/lib/python3.9/site-packages/airflow/example_dags/example_branch_python_dop_operator_3.py took 0.035 seconds
[2024-04-27 10:04:53,924] {processor.py:153} INFO - Started process (PID=98556) to work on /home/enrico/Documentos/backup/AULA/Alura/Engenharia de dados/projeto_airflow/airflowalura/venv/lib/python3.9/site-packages/airflow/example_dags/example_branch_python_dop_operator_3.py
[2024-04-27 10:04:53,927] {processor.py:641} INFO - Processing file /home/enrico/Documentos/backup/AULA/Alura/Engenharia de dados/projeto_airflow/airflowalura/venv/lib/python3.9/site-packages/airflow/example_dags/example_branch_python_dop_operator_3.py for tasks to queue
[2024-04-27 10:04:53,927] {logging_mixin.py:115} INFO - [2024-04-27 10:04:53,927] {dagbag.py:507} INFO - Filling up the DagBag from /home/enrico/Documentos/backup/AULA/Alura/Engenharia de dados/projeto_airflow/airflowalura/venv/lib/python3.9/site-packages/airflow/example_dags/example_branch_python_dop_operator_3.py
[2024-04-27 10:04:53,934] {processor.py:651} INFO - DAG(s) dict_keys(['example_branch_dop_operator_v3']) retrieved from /home/enrico/Documentos/backup/AULA/Alura/Engenharia de dados/projeto_airflow/airflowalura/venv/lib/python3.9/site-packages/airflow/example_dags/example_branch_python_dop_operator_3.py
[2024-04-27 10:04:53,943] {logging_mixin.py:115} INFO - [2024-04-27 10:04:53,943] {dag.py:2379} INFO - Sync 1 DAGs
[2024-04-27 10:04:53,956] {logging_mixin.py:115} INFO - [2024-04-27 10:04:53,956] {dag.py:2927} INFO - Setting next_dagrun for example_branch_dop_operator_v3 to 2024-04-27T13:03:00+00:00, run_after=2024-04-27T13:04:00+00:00
[2024-04-27 10:04:53,967] {processor.py:161} INFO - Processing /home/enrico/Documentos/backup/AULA/Alura/Engenharia de dados/projeto_airflow/airflowalura/venv/lib/python3.9/site-packages/airflow/example_dags/example_branch_python_dop_operator_3.py took 0.045 seconds
