[2024-04-27 09:50:27,393] {processor.py:153} INFO - Started process (PID=95943) to work on /home/enrico/Documentos/backup/AULA/Alura/Engenharia de dados/projeto_airflow/airflowalura/venv/lib/python3.9/site-packages/airflow/example_dags/example_branch_labels.py
[2024-04-27 09:50:27,394] {processor.py:641} INFO - Processing file /home/enrico/Documentos/backup/AULA/Alura/Engenharia de dados/projeto_airflow/airflowalura/venv/lib/python3.9/site-packages/airflow/example_dags/example_branch_labels.py for tasks to queue
[2024-04-27 09:50:27,395] {logging_mixin.py:115} INFO - [2024-04-27 09:50:27,395] {dagbag.py:507} INFO - Filling up the DagBag from /home/enrico/Documentos/backup/AULA/Alura/Engenharia de dados/projeto_airflow/airflowalura/venv/lib/python3.9/site-packages/airflow/example_dags/example_branch_labels.py
[2024-04-27 09:50:27,404] {processor.py:651} INFO - DAG(s) dict_keys(['example_branch_labels']) retrieved from /home/enrico/Documentos/backup/AULA/Alura/Engenharia de dados/projeto_airflow/airflowalura/venv/lib/python3.9/site-packages/airflow/example_dags/example_branch_labels.py
[2024-04-27 09:50:27,420] {logging_mixin.py:115} INFO - [2024-04-27 09:50:27,420] {dag.py:2379} INFO - Sync 1 DAGs
[2024-04-27 09:50:27,432] {logging_mixin.py:115} INFO - [2024-04-27 09:50:27,432] {dag.py:2927} INFO - Setting next_dagrun for example_branch_labels to 2024-04-26T00:00:00+00:00, run_after=2024-04-27T00:00:00+00:00
[2024-04-27 09:50:27,444] {processor.py:161} INFO - Processing /home/enrico/Documentos/backup/AULA/Alura/Engenharia de dados/projeto_airflow/airflowalura/venv/lib/python3.9/site-packages/airflow/example_dags/example_branch_labels.py took 0.057 seconds
[2024-04-27 09:51:05,320] {processor.py:153} INFO - Started process (PID=96164) to work on /home/enrico/Documentos/backup/AULA/Alura/Engenharia de dados/projeto_airflow/airflowalura/venv/lib/python3.9/site-packages/airflow/example_dags/example_branch_labels.py
[2024-04-27 09:51:05,323] {processor.py:641} INFO - Processing file /home/enrico/Documentos/backup/AULA/Alura/Engenharia de dados/projeto_airflow/airflowalura/venv/lib/python3.9/site-packages/airflow/example_dags/example_branch_labels.py for tasks to queue
[2024-04-27 09:51:05,324] {logging_mixin.py:115} INFO - [2024-04-27 09:51:05,324] {dagbag.py:507} INFO - Filling up the DagBag from /home/enrico/Documentos/backup/AULA/Alura/Engenharia de dados/projeto_airflow/airflowalura/venv/lib/python3.9/site-packages/airflow/example_dags/example_branch_labels.py
[2024-04-27 09:51:05,337] {processor.py:651} INFO - DAG(s) dict_keys(['example_branch_labels']) retrieved from /home/enrico/Documentos/backup/AULA/Alura/Engenharia de dados/projeto_airflow/airflowalura/venv/lib/python3.9/site-packages/airflow/example_dags/example_branch_labels.py
[2024-04-27 09:51:05,365] {logging_mixin.py:115} INFO - [2024-04-27 09:51:05,365] {dag.py:2379} INFO - Sync 1 DAGs
[2024-04-27 09:51:05,379] {logging_mixin.py:115} INFO - [2024-04-27 09:51:05,379] {dag.py:2927} INFO - Setting next_dagrun for example_branch_labels to 2024-04-26T00:00:00+00:00, run_after=2024-04-27T00:00:00+00:00
[2024-04-27 09:51:05,392] {processor.py:161} INFO - Processing /home/enrico/Documentos/backup/AULA/Alura/Engenharia de dados/projeto_airflow/airflowalura/venv/lib/python3.9/site-packages/airflow/example_dags/example_branch_labels.py took 0.074 seconds
[2024-04-27 09:51:41,526] {processor.py:153} INFO - Started process (PID=96394) to work on /home/enrico/Documentos/backup/AULA/Alura/Engenharia de dados/projeto_airflow/airflowalura/venv/lib/python3.9/site-packages/airflow/example_dags/example_branch_labels.py
[2024-04-27 09:51:41,527] {processor.py:641} INFO - Processing file /home/enrico/Documentos/backup/AULA/Alura/Engenharia de dados/projeto_airflow/airflowalura/venv/lib/python3.9/site-packages/airflow/example_dags/example_branch_labels.py for tasks to queue
[2024-04-27 09:51:41,527] {logging_mixin.py:115} INFO - [2024-04-27 09:51:41,527] {dagbag.py:507} INFO - Filling up the DagBag from /home/enrico/Documentos/backup/AULA/Alura/Engenharia de dados/projeto_airflow/airflowalura/venv/lib/python3.9/site-packages/airflow/example_dags/example_branch_labels.py
[2024-04-27 09:51:41,531] {processor.py:651} INFO - DAG(s) dict_keys(['example_branch_labels']) retrieved from /home/enrico/Documentos/backup/AULA/Alura/Engenharia de dados/projeto_airflow/airflowalura/venv/lib/python3.9/site-packages/airflow/example_dags/example_branch_labels.py
[2024-04-27 09:51:41,541] {logging_mixin.py:115} INFO - [2024-04-27 09:51:41,541] {dag.py:2379} INFO - Sync 1 DAGs
[2024-04-27 09:51:41,553] {logging_mixin.py:115} INFO - [2024-04-27 09:51:41,553] {dag.py:2927} INFO - Setting next_dagrun for example_branch_labels to 2024-04-26T00:00:00+00:00, run_after=2024-04-27T00:00:00+00:00
[2024-04-27 09:51:41,566] {processor.py:161} INFO - Processing /home/enrico/Documentos/backup/AULA/Alura/Engenharia de dados/projeto_airflow/airflowalura/venv/lib/python3.9/site-packages/airflow/example_dags/example_branch_labels.py took 0.041 seconds
[2024-04-27 09:52:19,804] {processor.py:153} INFO - Started process (PID=96507) to work on /home/enrico/Documentos/backup/AULA/Alura/Engenharia de dados/projeto_airflow/airflowalura/venv/lib/python3.9/site-packages/airflow/example_dags/example_branch_labels.py
[2024-04-27 09:52:19,805] {processor.py:641} INFO - Processing file /home/enrico/Documentos/backup/AULA/Alura/Engenharia de dados/projeto_airflow/airflowalura/venv/lib/python3.9/site-packages/airflow/example_dags/example_branch_labels.py for tasks to queue
[2024-04-27 09:52:19,805] {logging_mixin.py:115} INFO - [2024-04-27 09:52:19,805] {dagbag.py:507} INFO - Filling up the DagBag from /home/enrico/Documentos/backup/AULA/Alura/Engenharia de dados/projeto_airflow/airflowalura/venv/lib/python3.9/site-packages/airflow/example_dags/example_branch_labels.py
[2024-04-27 09:52:19,808] {processor.py:651} INFO - DAG(s) dict_keys(['example_branch_labels']) retrieved from /home/enrico/Documentos/backup/AULA/Alura/Engenharia de dados/projeto_airflow/airflowalura/venv/lib/python3.9/site-packages/airflow/example_dags/example_branch_labels.py
[2024-04-27 09:52:19,817] {logging_mixin.py:115} INFO - [2024-04-27 09:52:19,817] {dag.py:2379} INFO - Sync 1 DAGs
[2024-04-27 09:52:19,827] {logging_mixin.py:115} INFO - [2024-04-27 09:52:19,826] {dag.py:2927} INFO - Setting next_dagrun for example_branch_labels to 2024-04-26T00:00:00+00:00, run_after=2024-04-27T00:00:00+00:00
[2024-04-27 09:52:19,836] {processor.py:161} INFO - Processing /home/enrico/Documentos/backup/AULA/Alura/Engenharia de dados/projeto_airflow/airflowalura/venv/lib/python3.9/site-packages/airflow/example_dags/example_branch_labels.py took 0.034 seconds
[2024-04-27 09:52:59,709] {processor.py:153} INFO - Started process (PID=96620) to work on /home/enrico/Documentos/backup/AULA/Alura/Engenharia de dados/projeto_airflow/airflowalura/venv/lib/python3.9/site-packages/airflow/example_dags/example_branch_labels.py
[2024-04-27 09:52:59,712] {processor.py:641} INFO - Processing file /home/enrico/Documentos/backup/AULA/Alura/Engenharia de dados/projeto_airflow/airflowalura/venv/lib/python3.9/site-packages/airflow/example_dags/example_branch_labels.py for tasks to queue
[2024-04-27 09:52:59,712] {logging_mixin.py:115} INFO - [2024-04-27 09:52:59,712] {dagbag.py:507} INFO - Filling up the DagBag from /home/enrico/Documentos/backup/AULA/Alura/Engenharia de dados/projeto_airflow/airflowalura/venv/lib/python3.9/site-packages/airflow/example_dags/example_branch_labels.py
[2024-04-27 09:52:59,716] {processor.py:651} INFO - DAG(s) dict_keys(['example_branch_labels']) retrieved from /home/enrico/Documentos/backup/AULA/Alura/Engenharia de dados/projeto_airflow/airflowalura/venv/lib/python3.9/site-packages/airflow/example_dags/example_branch_labels.py
[2024-04-27 09:52:59,726] {logging_mixin.py:115} INFO - [2024-04-27 09:52:59,726] {dag.py:2379} INFO - Sync 1 DAGs
[2024-04-27 09:52:59,736] {logging_mixin.py:115} INFO - [2024-04-27 09:52:59,736] {dag.py:2927} INFO - Setting next_dagrun for example_branch_labels to 2024-04-26T00:00:00+00:00, run_after=2024-04-27T00:00:00+00:00
[2024-04-27 09:52:59,746] {processor.py:161} INFO - Processing /home/enrico/Documentos/backup/AULA/Alura/Engenharia de dados/projeto_airflow/airflowalura/venv/lib/python3.9/site-packages/airflow/example_dags/example_branch_labels.py took 0.038 seconds
[2024-04-27 09:53:37,415] {processor.py:153} INFO - Started process (PID=96675) to work on /home/enrico/Documentos/backup/AULA/Alura/Engenharia de dados/projeto_airflow/airflowalura/venv/lib/python3.9/site-packages/airflow/example_dags/example_branch_labels.py
[2024-04-27 09:53:37,416] {processor.py:641} INFO - Processing file /home/enrico/Documentos/backup/AULA/Alura/Engenharia de dados/projeto_airflow/airflowalura/venv/lib/python3.9/site-packages/airflow/example_dags/example_branch_labels.py for tasks to queue
[2024-04-27 09:53:37,417] {logging_mixin.py:115} INFO - [2024-04-27 09:53:37,417] {dagbag.py:507} INFO - Filling up the DagBag from /home/enrico/Documentos/backup/AULA/Alura/Engenharia de dados/projeto_airflow/airflowalura/venv/lib/python3.9/site-packages/airflow/example_dags/example_branch_labels.py
[2024-04-27 09:53:37,431] {processor.py:651} INFO - DAG(s) dict_keys(['example_branch_labels']) retrieved from /home/enrico/Documentos/backup/AULA/Alura/Engenharia de dados/projeto_airflow/airflowalura/venv/lib/python3.9/site-packages/airflow/example_dags/example_branch_labels.py
[2024-04-27 09:53:37,461] {logging_mixin.py:115} INFO - [2024-04-27 09:53:37,461] {dag.py:2379} INFO - Sync 1 DAGs
[2024-04-27 09:53:37,475] {logging_mixin.py:115} INFO - [2024-04-27 09:53:37,475] {dag.py:2927} INFO - Setting next_dagrun for example_branch_labels to 2024-04-26T00:00:00+00:00, run_after=2024-04-27T00:00:00+00:00
[2024-04-27 09:53:37,484] {processor.py:161} INFO - Processing /home/enrico/Documentos/backup/AULA/Alura/Engenharia de dados/projeto_airflow/airflowalura/venv/lib/python3.9/site-packages/airflow/example_dags/example_branch_labels.py took 0.074 seconds
[2024-04-27 09:54:16,520] {processor.py:153} INFO - Started process (PID=96726) to work on /home/enrico/Documentos/backup/AULA/Alura/Engenharia de dados/projeto_airflow/airflowalura/venv/lib/python3.9/site-packages/airflow/example_dags/example_branch_labels.py
[2024-04-27 09:54:16,524] {processor.py:641} INFO - Processing file /home/enrico/Documentos/backup/AULA/Alura/Engenharia de dados/projeto_airflow/airflowalura/venv/lib/python3.9/site-packages/airflow/example_dags/example_branch_labels.py for tasks to queue
[2024-04-27 09:54:16,525] {logging_mixin.py:115} INFO - [2024-04-27 09:54:16,524] {dagbag.py:507} INFO - Filling up the DagBag from /home/enrico/Documentos/backup/AULA/Alura/Engenharia de dados/projeto_airflow/airflowalura/venv/lib/python3.9/site-packages/airflow/example_dags/example_branch_labels.py
[2024-04-27 09:54:16,537] {processor.py:651} INFO - DAG(s) dict_keys(['example_branch_labels']) retrieved from /home/enrico/Documentos/backup/AULA/Alura/Engenharia de dados/projeto_airflow/airflowalura/venv/lib/python3.9/site-packages/airflow/example_dags/example_branch_labels.py
[2024-04-27 09:54:16,558] {logging_mixin.py:115} INFO - [2024-04-27 09:54:16,558] {dag.py:2379} INFO - Sync 1 DAGs
[2024-04-27 09:54:16,571] {logging_mixin.py:115} INFO - [2024-04-27 09:54:16,571] {dag.py:2927} INFO - Setting next_dagrun for example_branch_labels to 2024-04-26T00:00:00+00:00, run_after=2024-04-27T00:00:00+00:00
[2024-04-27 09:54:16,582] {processor.py:161} INFO - Processing /home/enrico/Documentos/backup/AULA/Alura/Engenharia de dados/projeto_airflow/airflowalura/venv/lib/python3.9/site-packages/airflow/example_dags/example_branch_labels.py took 0.067 seconds
[2024-04-27 09:54:54,604] {processor.py:153} INFO - Started process (PID=96785) to work on /home/enrico/Documentos/backup/AULA/Alura/Engenharia de dados/projeto_airflow/airflowalura/venv/lib/python3.9/site-packages/airflow/example_dags/example_branch_labels.py
[2024-04-27 09:54:54,607] {processor.py:641} INFO - Processing file /home/enrico/Documentos/backup/AULA/Alura/Engenharia de dados/projeto_airflow/airflowalura/venv/lib/python3.9/site-packages/airflow/example_dags/example_branch_labels.py for tasks to queue
[2024-04-27 09:54:54,607] {logging_mixin.py:115} INFO - [2024-04-27 09:54:54,607] {dagbag.py:507} INFO - Filling up the DagBag from /home/enrico/Documentos/backup/AULA/Alura/Engenharia de dados/projeto_airflow/airflowalura/venv/lib/python3.9/site-packages/airflow/example_dags/example_branch_labels.py
[2024-04-27 09:54:54,611] {processor.py:651} INFO - DAG(s) dict_keys(['example_branch_labels']) retrieved from /home/enrico/Documentos/backup/AULA/Alura/Engenharia de dados/projeto_airflow/airflowalura/venv/lib/python3.9/site-packages/airflow/example_dags/example_branch_labels.py
[2024-04-27 09:54:54,622] {logging_mixin.py:115} INFO - [2024-04-27 09:54:54,622] {dag.py:2379} INFO - Sync 1 DAGs
[2024-04-27 09:54:54,636] {logging_mixin.py:115} INFO - [2024-04-27 09:54:54,636] {dag.py:2927} INFO - Setting next_dagrun for example_branch_labels to 2024-04-26T00:00:00+00:00, run_after=2024-04-27T00:00:00+00:00
[2024-04-27 09:54:54,646] {processor.py:161} INFO - Processing /home/enrico/Documentos/backup/AULA/Alura/Engenharia de dados/projeto_airflow/airflowalura/venv/lib/python3.9/site-packages/airflow/example_dags/example_branch_labels.py took 0.044 seconds
[2024-04-27 09:55:34,732] {processor.py:153} INFO - Started process (PID=96858) to work on /home/enrico/Documentos/backup/AULA/Alura/Engenharia de dados/projeto_airflow/airflowalura/venv/lib/python3.9/site-packages/airflow/example_dags/example_branch_labels.py
[2024-04-27 09:55:34,736] {processor.py:641} INFO - Processing file /home/enrico/Documentos/backup/AULA/Alura/Engenharia de dados/projeto_airflow/airflowalura/venv/lib/python3.9/site-packages/airflow/example_dags/example_branch_labels.py for tasks to queue
[2024-04-27 09:55:34,738] {logging_mixin.py:115} INFO - [2024-04-27 09:55:34,737] {dagbag.py:507} INFO - Filling up the DagBag from /home/enrico/Documentos/backup/AULA/Alura/Engenharia de dados/projeto_airflow/airflowalura/venv/lib/python3.9/site-packages/airflow/example_dags/example_branch_labels.py
[2024-04-27 09:55:34,751] {processor.py:651} INFO - DAG(s) dict_keys(['example_branch_labels']) retrieved from /home/enrico/Documentos/backup/AULA/Alura/Engenharia de dados/projeto_airflow/airflowalura/venv/lib/python3.9/site-packages/airflow/example_dags/example_branch_labels.py
[2024-04-27 09:55:34,770] {logging_mixin.py:115} INFO - [2024-04-27 09:55:34,770] {dag.py:2379} INFO - Sync 1 DAGs
[2024-04-27 09:55:34,783] {logging_mixin.py:115} INFO - [2024-04-27 09:55:34,783] {dag.py:2927} INFO - Setting next_dagrun for example_branch_labels to 2024-04-26T00:00:00+00:00, run_after=2024-04-27T00:00:00+00:00
[2024-04-27 09:55:34,793] {processor.py:161} INFO - Processing /home/enrico/Documentos/backup/AULA/Alura/Engenharia de dados/projeto_airflow/airflowalura/venv/lib/python3.9/site-packages/airflow/example_dags/example_branch_labels.py took 0.066 seconds
[2024-04-27 09:56:12,818] {processor.py:153} INFO - Started process (PID=96936) to work on /home/enrico/Documentos/backup/AULA/Alura/Engenharia de dados/projeto_airflow/airflowalura/venv/lib/python3.9/site-packages/airflow/example_dags/example_branch_labels.py
[2024-04-27 09:56:12,822] {processor.py:641} INFO - Processing file /home/enrico/Documentos/backup/AULA/Alura/Engenharia de dados/projeto_airflow/airflowalura/venv/lib/python3.9/site-packages/airflow/example_dags/example_branch_labels.py for tasks to queue
[2024-04-27 09:56:12,823] {logging_mixin.py:115} INFO - [2024-04-27 09:56:12,822] {dagbag.py:507} INFO - Filling up the DagBag from /home/enrico/Documentos/backup/AULA/Alura/Engenharia de dados/projeto_airflow/airflowalura/venv/lib/python3.9/site-packages/airflow/example_dags/example_branch_labels.py
[2024-04-27 09:56:12,835] {processor.py:651} INFO - DAG(s) dict_keys(['example_branch_labels']) retrieved from /home/enrico/Documentos/backup/AULA/Alura/Engenharia de dados/projeto_airflow/airflowalura/venv/lib/python3.9/site-packages/airflow/example_dags/example_branch_labels.py
[2024-04-27 09:56:12,855] {logging_mixin.py:115} INFO - [2024-04-27 09:56:12,855] {dag.py:2379} INFO - Sync 1 DAGs
[2024-04-27 09:56:12,868] {logging_mixin.py:115} INFO - [2024-04-27 09:56:12,868] {dag.py:2927} INFO - Setting next_dagrun for example_branch_labels to 2024-04-26T00:00:00+00:00, run_after=2024-04-27T00:00:00+00:00
[2024-04-27 09:56:12,878] {processor.py:161} INFO - Processing /home/enrico/Documentos/backup/AULA/Alura/Engenharia de dados/projeto_airflow/airflowalura/venv/lib/python3.9/site-packages/airflow/example_dags/example_branch_labels.py took 0.065 seconds
[2024-04-27 09:56:48,784] {processor.py:153} INFO - Started process (PID=96990) to work on /home/enrico/Documentos/backup/AULA/Alura/Engenharia de dados/projeto_airflow/airflowalura/venv/lib/python3.9/site-packages/airflow/example_dags/example_branch_labels.py
[2024-04-27 09:56:48,787] {processor.py:641} INFO - Processing file /home/enrico/Documentos/backup/AULA/Alura/Engenharia de dados/projeto_airflow/airflowalura/venv/lib/python3.9/site-packages/airflow/example_dags/example_branch_labels.py for tasks to queue
[2024-04-27 09:56:48,787] {logging_mixin.py:115} INFO - [2024-04-27 09:56:48,787] {dagbag.py:507} INFO - Filling up the DagBag from /home/enrico/Documentos/backup/AULA/Alura/Engenharia de dados/projeto_airflow/airflowalura/venv/lib/python3.9/site-packages/airflow/example_dags/example_branch_labels.py
[2024-04-27 09:56:48,790] {processor.py:651} INFO - DAG(s) dict_keys(['example_branch_labels']) retrieved from /home/enrico/Documentos/backup/AULA/Alura/Engenharia de dados/projeto_airflow/airflowalura/venv/lib/python3.9/site-packages/airflow/example_dags/example_branch_labels.py
[2024-04-27 09:56:48,799] {logging_mixin.py:115} INFO - [2024-04-27 09:56:48,799] {dag.py:2379} INFO - Sync 1 DAGs
[2024-04-27 09:56:48,810] {logging_mixin.py:115} INFO - [2024-04-27 09:56:48,810] {dag.py:2927} INFO - Setting next_dagrun for example_branch_labels to 2024-04-26T00:00:00+00:00, run_after=2024-04-27T00:00:00+00:00
[2024-04-27 09:56:48,819] {processor.py:161} INFO - Processing /home/enrico/Documentos/backup/AULA/Alura/Engenharia de dados/projeto_airflow/airflowalura/venv/lib/python3.9/site-packages/airflow/example_dags/example_branch_labels.py took 0.037 seconds
[2024-04-27 09:57:26,963] {processor.py:153} INFO - Started process (PID=97103) to work on /home/enrico/Documentos/backup/AULA/Alura/Engenharia de dados/projeto_airflow/airflowalura/venv/lib/python3.9/site-packages/airflow/example_dags/example_branch_labels.py
[2024-04-27 09:57:26,966] {processor.py:641} INFO - Processing file /home/enrico/Documentos/backup/AULA/Alura/Engenharia de dados/projeto_airflow/airflowalura/venv/lib/python3.9/site-packages/airflow/example_dags/example_branch_labels.py for tasks to queue
[2024-04-27 09:57:26,966] {logging_mixin.py:115} INFO - [2024-04-27 09:57:26,966] {dagbag.py:507} INFO - Filling up the DagBag from /home/enrico/Documentos/backup/AULA/Alura/Engenharia de dados/projeto_airflow/airflowalura/venv/lib/python3.9/site-packages/airflow/example_dags/example_branch_labels.py
[2024-04-27 09:57:26,970] {processor.py:651} INFO - DAG(s) dict_keys(['example_branch_labels']) retrieved from /home/enrico/Documentos/backup/AULA/Alura/Engenharia de dados/projeto_airflow/airflowalura/venv/lib/python3.9/site-packages/airflow/example_dags/example_branch_labels.py
[2024-04-27 09:57:26,979] {logging_mixin.py:115} INFO - [2024-04-27 09:57:26,979] {dag.py:2379} INFO - Sync 1 DAGs
[2024-04-27 09:57:26,990] {logging_mixin.py:115} INFO - [2024-04-27 09:57:26,990] {dag.py:2927} INFO - Setting next_dagrun for example_branch_labels to 2024-04-26T00:00:00+00:00, run_after=2024-04-27T00:00:00+00:00
[2024-04-27 09:57:27,001] {processor.py:161} INFO - Processing /home/enrico/Documentos/backup/AULA/Alura/Engenharia de dados/projeto_airflow/airflowalura/venv/lib/python3.9/site-packages/airflow/example_dags/example_branch_labels.py took 0.039 seconds
[2024-04-27 09:58:06,973] {processor.py:153} INFO - Started process (PID=97170) to work on /home/enrico/Documentos/backup/AULA/Alura/Engenharia de dados/projeto_airflow/airflowalura/venv/lib/python3.9/site-packages/airflow/example_dags/example_branch_labels.py
[2024-04-27 09:58:06,977] {processor.py:641} INFO - Processing file /home/enrico/Documentos/backup/AULA/Alura/Engenharia de dados/projeto_airflow/airflowalura/venv/lib/python3.9/site-packages/airflow/example_dags/example_branch_labels.py for tasks to queue
[2024-04-27 09:58:06,978] {logging_mixin.py:115} INFO - [2024-04-27 09:58:06,978] {dagbag.py:507} INFO - Filling up the DagBag from /home/enrico/Documentos/backup/AULA/Alura/Engenharia de dados/projeto_airflow/airflowalura/venv/lib/python3.9/site-packages/airflow/example_dags/example_branch_labels.py
[2024-04-27 09:58:06,990] {processor.py:651} INFO - DAG(s) dict_keys(['example_branch_labels']) retrieved from /home/enrico/Documentos/backup/AULA/Alura/Engenharia de dados/projeto_airflow/airflowalura/venv/lib/python3.9/site-packages/airflow/example_dags/example_branch_labels.py
[2024-04-27 09:58:07,012] {logging_mixin.py:115} INFO - [2024-04-27 09:58:07,012] {dag.py:2379} INFO - Sync 1 DAGs
[2024-04-27 09:58:07,025] {logging_mixin.py:115} INFO - [2024-04-27 09:58:07,025] {dag.py:2927} INFO - Setting next_dagrun for example_branch_labels to 2024-04-26T00:00:00+00:00, run_after=2024-04-27T00:00:00+00:00
[2024-04-27 09:58:07,035] {processor.py:161} INFO - Processing /home/enrico/Documentos/backup/AULA/Alura/Engenharia de dados/projeto_airflow/airflowalura/venv/lib/python3.9/site-packages/airflow/example_dags/example_branch_labels.py took 0.068 seconds
[2024-04-27 09:58:44,935] {processor.py:153} INFO - Started process (PID=97233) to work on /home/enrico/Documentos/backup/AULA/Alura/Engenharia de dados/projeto_airflow/airflowalura/venv/lib/python3.9/site-packages/airflow/example_dags/example_branch_labels.py
[2024-04-27 09:58:44,938] {processor.py:641} INFO - Processing file /home/enrico/Documentos/backup/AULA/Alura/Engenharia de dados/projeto_airflow/airflowalura/venv/lib/python3.9/site-packages/airflow/example_dags/example_branch_labels.py for tasks to queue
[2024-04-27 09:58:44,939] {logging_mixin.py:115} INFO - [2024-04-27 09:58:44,939] {dagbag.py:507} INFO - Filling up the DagBag from /home/enrico/Documentos/backup/AULA/Alura/Engenharia de dados/projeto_airflow/airflowalura/venv/lib/python3.9/site-packages/airflow/example_dags/example_branch_labels.py
[2024-04-27 09:58:44,943] {processor.py:651} INFO - DAG(s) dict_keys(['example_branch_labels']) retrieved from /home/enrico/Documentos/backup/AULA/Alura/Engenharia de dados/projeto_airflow/airflowalura/venv/lib/python3.9/site-packages/airflow/example_dags/example_branch_labels.py
[2024-04-27 09:58:44,955] {logging_mixin.py:115} INFO - [2024-04-27 09:58:44,955] {dag.py:2379} INFO - Sync 1 DAGs
[2024-04-27 09:58:44,968] {logging_mixin.py:115} INFO - [2024-04-27 09:58:44,968] {dag.py:2927} INFO - Setting next_dagrun for example_branch_labels to 2024-04-26T00:00:00+00:00, run_after=2024-04-27T00:00:00+00:00
[2024-04-27 09:58:44,984] {processor.py:161} INFO - Processing /home/enrico/Documentos/backup/AULA/Alura/Engenharia de dados/projeto_airflow/airflowalura/venv/lib/python3.9/site-packages/airflow/example_dags/example_branch_labels.py took 0.050 seconds
[2024-04-27 09:59:24,259] {processor.py:153} INFO - Started process (PID=97309) to work on /home/enrico/Documentos/backup/AULA/Alura/Engenharia de dados/projeto_airflow/airflowalura/venv/lib/python3.9/site-packages/airflow/example_dags/example_branch_labels.py
[2024-04-27 09:59:24,262] {processor.py:641} INFO - Processing file /home/enrico/Documentos/backup/AULA/Alura/Engenharia de dados/projeto_airflow/airflowalura/venv/lib/python3.9/site-packages/airflow/example_dags/example_branch_labels.py for tasks to queue
[2024-04-27 09:59:24,263] {logging_mixin.py:115} INFO - [2024-04-27 09:59:24,263] {dagbag.py:507} INFO - Filling up the DagBag from /home/enrico/Documentos/backup/AULA/Alura/Engenharia de dados/projeto_airflow/airflowalura/venv/lib/python3.9/site-packages/airflow/example_dags/example_branch_labels.py
[2024-04-27 09:59:24,269] {processor.py:651} INFO - DAG(s) dict_keys(['example_branch_labels']) retrieved from /home/enrico/Documentos/backup/AULA/Alura/Engenharia de dados/projeto_airflow/airflowalura/venv/lib/python3.9/site-packages/airflow/example_dags/example_branch_labels.py
[2024-04-27 09:59:24,284] {logging_mixin.py:115} INFO - [2024-04-27 09:59:24,284] {dag.py:2379} INFO - Sync 1 DAGs
[2024-04-27 09:59:24,296] {logging_mixin.py:115} INFO - [2024-04-27 09:59:24,296] {dag.py:2927} INFO - Setting next_dagrun for example_branch_labels to 2024-04-26T00:00:00+00:00, run_after=2024-04-27T00:00:00+00:00
[2024-04-27 09:59:24,307] {processor.py:161} INFO - Processing /home/enrico/Documentos/backup/AULA/Alura/Engenharia de dados/projeto_airflow/airflowalura/venv/lib/python3.9/site-packages/airflow/example_dags/example_branch_labels.py took 0.054 seconds
[2024-04-27 10:00:04,363] {processor.py:153} INFO - Started process (PID=97364) to work on /home/enrico/Documentos/backup/AULA/Alura/Engenharia de dados/projeto_airflow/airflowalura/venv/lib/python3.9/site-packages/airflow/example_dags/example_branch_labels.py
[2024-04-27 10:00:04,363] {processor.py:641} INFO - Processing file /home/enrico/Documentos/backup/AULA/Alura/Engenharia de dados/projeto_airflow/airflowalura/venv/lib/python3.9/site-packages/airflow/example_dags/example_branch_labels.py for tasks to queue
[2024-04-27 10:00:04,363] {logging_mixin.py:115} INFO - [2024-04-27 10:00:04,363] {dagbag.py:507} INFO - Filling up the DagBag from /home/enrico/Documentos/backup/AULA/Alura/Engenharia de dados/projeto_airflow/airflowalura/venv/lib/python3.9/site-packages/airflow/example_dags/example_branch_labels.py
[2024-04-27 10:00:04,366] {processor.py:651} INFO - DAG(s) dict_keys(['example_branch_labels']) retrieved from /home/enrico/Documentos/backup/AULA/Alura/Engenharia de dados/projeto_airflow/airflowalura/venv/lib/python3.9/site-packages/airflow/example_dags/example_branch_labels.py
[2024-04-27 10:00:04,376] {logging_mixin.py:115} INFO - [2024-04-27 10:00:04,376] {dag.py:2379} INFO - Sync 1 DAGs
[2024-04-27 10:00:04,387] {logging_mixin.py:115} INFO - [2024-04-27 10:00:04,387] {dag.py:2927} INFO - Setting next_dagrun for example_branch_labels to 2024-04-26T00:00:00+00:00, run_after=2024-04-27T00:00:00+00:00
[2024-04-27 10:00:04,396] {processor.py:161} INFO - Processing /home/enrico/Documentos/backup/AULA/Alura/Engenharia de dados/projeto_airflow/airflowalura/venv/lib/python3.9/site-packages/airflow/example_dags/example_branch_labels.py took 0.034 seconds
[2024-04-27 10:00:41,444] {processor.py:153} INFO - Started process (PID=97419) to work on /home/enrico/Documentos/backup/AULA/Alura/Engenharia de dados/projeto_airflow/airflowalura/venv/lib/python3.9/site-packages/airflow/example_dags/example_branch_labels.py
[2024-04-27 10:00:41,448] {processor.py:641} INFO - Processing file /home/enrico/Documentos/backup/AULA/Alura/Engenharia de dados/projeto_airflow/airflowalura/venv/lib/python3.9/site-packages/airflow/example_dags/example_branch_labels.py for tasks to queue
[2024-04-27 10:00:41,449] {logging_mixin.py:115} INFO - [2024-04-27 10:00:41,448] {dagbag.py:507} INFO - Filling up the DagBag from /home/enrico/Documentos/backup/AULA/Alura/Engenharia de dados/projeto_airflow/airflowalura/venv/lib/python3.9/site-packages/airflow/example_dags/example_branch_labels.py
[2024-04-27 10:00:41,461] {processor.py:651} INFO - DAG(s) dict_keys(['example_branch_labels']) retrieved from /home/enrico/Documentos/backup/AULA/Alura/Engenharia de dados/projeto_airflow/airflowalura/venv/lib/python3.9/site-packages/airflow/example_dags/example_branch_labels.py
[2024-04-27 10:00:41,483] {logging_mixin.py:115} INFO - [2024-04-27 10:00:41,483] {dag.py:2379} INFO - Sync 1 DAGs
[2024-04-27 10:00:41,497] {logging_mixin.py:115} INFO - [2024-04-27 10:00:41,497] {dag.py:2927} INFO - Setting next_dagrun for example_branch_labels to 2024-04-26T00:00:00+00:00, run_after=2024-04-27T00:00:00+00:00
[2024-04-27 10:00:41,508] {processor.py:161} INFO - Processing /home/enrico/Documentos/backup/AULA/Alura/Engenharia de dados/projeto_airflow/airflowalura/venv/lib/python3.9/site-packages/airflow/example_dags/example_branch_labels.py took 0.069 seconds
[2024-04-27 10:01:22,510] {processor.py:153} INFO - Started process (PID=97502) to work on /home/enrico/Documentos/backup/AULA/Alura/Engenharia de dados/projeto_airflow/airflowalura/venv/lib/python3.9/site-packages/airflow/example_dags/example_branch_labels.py
[2024-04-27 10:01:22,511] {processor.py:641} INFO - Processing file /home/enrico/Documentos/backup/AULA/Alura/Engenharia de dados/projeto_airflow/airflowalura/venv/lib/python3.9/site-packages/airflow/example_dags/example_branch_labels.py for tasks to queue
[2024-04-27 10:01:22,512] {logging_mixin.py:115} INFO - [2024-04-27 10:01:22,512] {dagbag.py:507} INFO - Filling up the DagBag from /home/enrico/Documentos/backup/AULA/Alura/Engenharia de dados/projeto_airflow/airflowalura/venv/lib/python3.9/site-packages/airflow/example_dags/example_branch_labels.py
[2024-04-27 10:01:22,524] {processor.py:651} INFO - DAG(s) dict_keys(['example_branch_labels']) retrieved from /home/enrico/Documentos/backup/AULA/Alura/Engenharia de dados/projeto_airflow/airflowalura/venv/lib/python3.9/site-packages/airflow/example_dags/example_branch_labels.py
[2024-04-27 10:01:22,541] {logging_mixin.py:115} INFO - [2024-04-27 10:01:22,541] {dag.py:2379} INFO - Sync 1 DAGs
[2024-04-27 10:01:22,554] {logging_mixin.py:115} INFO - [2024-04-27 10:01:22,554] {dag.py:2927} INFO - Setting next_dagrun for example_branch_labels to 2024-04-26T00:00:00+00:00, run_after=2024-04-27T00:00:00+00:00
[2024-04-27 10:01:22,562] {processor.py:161} INFO - Processing /home/enrico/Documentos/backup/AULA/Alura/Engenharia de dados/projeto_airflow/airflowalura/venv/lib/python3.9/site-packages/airflow/example_dags/example_branch_labels.py took 0.057 seconds
[2024-04-27 10:02:01,556] {processor.py:153} INFO - Started process (PID=97569) to work on /home/enrico/Documentos/backup/AULA/Alura/Engenharia de dados/projeto_airflow/airflowalura/venv/lib/python3.9/site-packages/airflow/example_dags/example_branch_labels.py
[2024-04-27 10:02:01,557] {processor.py:641} INFO - Processing file /home/enrico/Documentos/backup/AULA/Alura/Engenharia de dados/projeto_airflow/airflowalura/venv/lib/python3.9/site-packages/airflow/example_dags/example_branch_labels.py for tasks to queue
[2024-04-27 10:02:01,557] {logging_mixin.py:115} INFO - [2024-04-27 10:02:01,557] {dagbag.py:507} INFO - Filling up the DagBag from /home/enrico/Documentos/backup/AULA/Alura/Engenharia de dados/projeto_airflow/airflowalura/venv/lib/python3.9/site-packages/airflow/example_dags/example_branch_labels.py
[2024-04-27 10:02:01,560] {processor.py:651} INFO - DAG(s) dict_keys(['example_branch_labels']) retrieved from /home/enrico/Documentos/backup/AULA/Alura/Engenharia de dados/projeto_airflow/airflowalura/venv/lib/python3.9/site-packages/airflow/example_dags/example_branch_labels.py
[2024-04-27 10:02:01,570] {logging_mixin.py:115} INFO - [2024-04-27 10:02:01,570] {dag.py:2379} INFO - Sync 1 DAGs
[2024-04-27 10:02:01,581] {logging_mixin.py:115} INFO - [2024-04-27 10:02:01,581] {dag.py:2927} INFO - Setting next_dagrun for example_branch_labels to 2024-04-26T00:00:00+00:00, run_after=2024-04-27T00:00:00+00:00
[2024-04-27 10:02:01,595] {processor.py:161} INFO - Processing /home/enrico/Documentos/backup/AULA/Alura/Engenharia de dados/projeto_airflow/airflowalura/venv/lib/python3.9/site-packages/airflow/example_dags/example_branch_labels.py took 0.041 seconds
[2024-04-27 10:02:42,474] {processor.py:153} INFO - Started process (PID=97772) to work on /home/enrico/Documentos/backup/AULA/Alura/Engenharia de dados/projeto_airflow/airflowalura/venv/lib/python3.9/site-packages/airflow/example_dags/example_branch_labels.py
[2024-04-27 10:02:42,477] {processor.py:641} INFO - Processing file /home/enrico/Documentos/backup/AULA/Alura/Engenharia de dados/projeto_airflow/airflowalura/venv/lib/python3.9/site-packages/airflow/example_dags/example_branch_labels.py for tasks to queue
[2024-04-27 10:02:42,477] {logging_mixin.py:115} INFO - [2024-04-27 10:02:42,477] {dagbag.py:507} INFO - Filling up the DagBag from /home/enrico/Documentos/backup/AULA/Alura/Engenharia de dados/projeto_airflow/airflowalura/venv/lib/python3.9/site-packages/airflow/example_dags/example_branch_labels.py
[2024-04-27 10:02:42,480] {processor.py:651} INFO - DAG(s) dict_keys(['example_branch_labels']) retrieved from /home/enrico/Documentos/backup/AULA/Alura/Engenharia de dados/projeto_airflow/airflowalura/venv/lib/python3.9/site-packages/airflow/example_dags/example_branch_labels.py
[2024-04-27 10:02:42,489] {logging_mixin.py:115} INFO - [2024-04-27 10:02:42,489] {dag.py:2379} INFO - Sync 1 DAGs
[2024-04-27 10:02:42,499] {logging_mixin.py:115} INFO - [2024-04-27 10:02:42,499] {dag.py:2927} INFO - Setting next_dagrun for example_branch_labels to 2024-04-26T00:00:00+00:00, run_after=2024-04-27T00:00:00+00:00
[2024-04-27 10:02:42,508] {processor.py:161} INFO - Processing /home/enrico/Documentos/backup/AULA/Alura/Engenharia de dados/projeto_airflow/airflowalura/venv/lib/python3.9/site-packages/airflow/example_dags/example_branch_labels.py took 0.035 seconds
[2024-04-27 10:03:20,725] {processor.py:153} INFO - Started process (PID=97998) to work on /home/enrico/Documentos/backup/AULA/Alura/Engenharia de dados/projeto_airflow/airflowalura/venv/lib/python3.9/site-packages/airflow/example_dags/example_branch_labels.py
[2024-04-27 10:03:20,726] {processor.py:641} INFO - Processing file /home/enrico/Documentos/backup/AULA/Alura/Engenharia de dados/projeto_airflow/airflowalura/venv/lib/python3.9/site-packages/airflow/example_dags/example_branch_labels.py for tasks to queue
[2024-04-27 10:03:20,727] {logging_mixin.py:115} INFO - [2024-04-27 10:03:20,727] {dagbag.py:507} INFO - Filling up the DagBag from /home/enrico/Documentos/backup/AULA/Alura/Engenharia de dados/projeto_airflow/airflowalura/venv/lib/python3.9/site-packages/airflow/example_dags/example_branch_labels.py
[2024-04-27 10:03:20,740] {processor.py:651} INFO - DAG(s) dict_keys(['example_branch_labels']) retrieved from /home/enrico/Documentos/backup/AULA/Alura/Engenharia de dados/projeto_airflow/airflowalura/venv/lib/python3.9/site-packages/airflow/example_dags/example_branch_labels.py
[2024-04-27 10:03:20,767] {logging_mixin.py:115} INFO - [2024-04-27 10:03:20,766] {dag.py:2379} INFO - Sync 1 DAGs
[2024-04-27 10:03:20,781] {logging_mixin.py:115} INFO - [2024-04-27 10:03:20,781] {dag.py:2927} INFO - Setting next_dagrun for example_branch_labels to 2024-04-26T00:00:00+00:00, run_after=2024-04-27T00:00:00+00:00
[2024-04-27 10:03:20,789] {processor.py:161} INFO - Processing /home/enrico/Documentos/backup/AULA/Alura/Engenharia de dados/projeto_airflow/airflowalura/venv/lib/python3.9/site-packages/airflow/example_dags/example_branch_labels.py took 0.070 seconds
[2024-04-27 10:03:59,348] {processor.py:153} INFO - Started process (PID=98238) to work on /home/enrico/Documentos/backup/AULA/Alura/Engenharia de dados/projeto_airflow/airflowalura/venv/lib/python3.9/site-packages/airflow/example_dags/example_branch_labels.py
[2024-04-27 10:03:59,349] {processor.py:641} INFO - Processing file /home/enrico/Documentos/backup/AULA/Alura/Engenharia de dados/projeto_airflow/airflowalura/venv/lib/python3.9/site-packages/airflow/example_dags/example_branch_labels.py for tasks to queue
[2024-04-27 10:03:59,350] {logging_mixin.py:115} INFO - [2024-04-27 10:03:59,350] {dagbag.py:507} INFO - Filling up the DagBag from /home/enrico/Documentos/backup/AULA/Alura/Engenharia de dados/projeto_airflow/airflowalura/venv/lib/python3.9/site-packages/airflow/example_dags/example_branch_labels.py
[2024-04-27 10:03:59,361] {processor.py:651} INFO - DAG(s) dict_keys(['example_branch_labels']) retrieved from /home/enrico/Documentos/backup/AULA/Alura/Engenharia de dados/projeto_airflow/airflowalura/venv/lib/python3.9/site-packages/airflow/example_dags/example_branch_labels.py
[2024-04-27 10:03:59,378] {logging_mixin.py:115} INFO - [2024-04-27 10:03:59,378] {dag.py:2379} INFO - Sync 1 DAGs
[2024-04-27 10:03:59,391] {logging_mixin.py:115} INFO - [2024-04-27 10:03:59,391] {dag.py:2927} INFO - Setting next_dagrun for example_branch_labels to 2024-04-26T00:00:00+00:00, run_after=2024-04-27T00:00:00+00:00
[2024-04-27 10:03:59,401] {processor.py:161} INFO - Processing /home/enrico/Documentos/backup/AULA/Alura/Engenharia de dados/projeto_airflow/airflowalura/venv/lib/python3.9/site-packages/airflow/example_dags/example_branch_labels.py took 0.058 seconds
[2024-04-27 10:04:36,436] {processor.py:153} INFO - Started process (PID=98464) to work on /home/enrico/Documentos/backup/AULA/Alura/Engenharia de dados/projeto_airflow/airflowalura/venv/lib/python3.9/site-packages/airflow/example_dags/example_branch_labels.py
[2024-04-27 10:04:36,437] {processor.py:641} INFO - Processing file /home/enrico/Documentos/backup/AULA/Alura/Engenharia de dados/projeto_airflow/airflowalura/venv/lib/python3.9/site-packages/airflow/example_dags/example_branch_labels.py for tasks to queue
[2024-04-27 10:04:36,437] {logging_mixin.py:115} INFO - [2024-04-27 10:04:36,437] {dagbag.py:507} INFO - Filling up the DagBag from /home/enrico/Documentos/backup/AULA/Alura/Engenharia de dados/projeto_airflow/airflowalura/venv/lib/python3.9/site-packages/airflow/example_dags/example_branch_labels.py
[2024-04-27 10:04:36,440] {processor.py:651} INFO - DAG(s) dict_keys(['example_branch_labels']) retrieved from /home/enrico/Documentos/backup/AULA/Alura/Engenharia de dados/projeto_airflow/airflowalura/venv/lib/python3.9/site-packages/airflow/example_dags/example_branch_labels.py
[2024-04-27 10:04:36,451] {logging_mixin.py:115} INFO - [2024-04-27 10:04:36,451] {dag.py:2379} INFO - Sync 1 DAGs
[2024-04-27 10:04:36,464] {logging_mixin.py:115} INFO - [2024-04-27 10:04:36,464] {dag.py:2927} INFO - Setting next_dagrun for example_branch_labels to 2024-04-26T00:00:00+00:00, run_after=2024-04-27T00:00:00+00:00
[2024-04-27 10:04:36,476] {processor.py:161} INFO - Processing /home/enrico/Documentos/backup/AULA/Alura/Engenharia de dados/projeto_airflow/airflowalura/venv/lib/python3.9/site-packages/airflow/example_dags/example_branch_labels.py took 0.041 seconds
