[2024-04-27 09:50:10,860] {processor.py:153} INFO - Started process (PID=95890) to work on /home/enrico/Documentos/backup/AULA/Alura/Engenharia de dados/projeto_airflow/airflowalura/venv/lib/python3.9/site-packages/airflow/example_dags/example_short_circuit_operator.py
[2024-04-27 09:50:10,861] {processor.py:641} INFO - Processing file /home/enrico/Documentos/backup/AULA/Alura/Engenharia de dados/projeto_airflow/airflowalura/venv/lib/python3.9/site-packages/airflow/example_dags/example_short_circuit_operator.py for tasks to queue
[2024-04-27 09:50:10,862] {logging_mixin.py:115} INFO - [2024-04-27 09:50:10,862] {dagbag.py:507} INFO - Filling up the DagBag from /home/enrico/Documentos/backup/AULA/Alura/Engenharia de dados/projeto_airflow/airflowalura/venv/lib/python3.9/site-packages/airflow/example_dags/example_short_circuit_operator.py
[2024-04-27 09:50:10,880] {processor.py:651} INFO - DAG(s) dict_keys(['example_short_circuit_operator']) retrieved from /home/enrico/Documentos/backup/AULA/Alura/Engenharia de dados/projeto_airflow/airflowalura/venv/lib/python3.9/site-packages/airflow/example_dags/example_short_circuit_operator.py
[2024-04-27 09:50:10,898] {logging_mixin.py:115} INFO - [2024-04-27 09:50:10,898] {dag.py:2379} INFO - Sync 1 DAGs
[2024-04-27 09:50:10,910] {logging_mixin.py:115} INFO - [2024-04-27 09:50:10,910] {dag.py:2927} INFO - Setting next_dagrun for example_short_circuit_operator to 2024-04-26T12:50:10.910099+00:00, run_after=2024-04-27T12:50:10.910099+00:00
[2024-04-27 09:50:10,920] {processor.py:161} INFO - Processing /home/enrico/Documentos/backup/AULA/Alura/Engenharia de dados/projeto_airflow/airflowalura/venv/lib/python3.9/site-packages/airflow/example_dags/example_short_circuit_operator.py took 0.065 seconds
[2024-04-27 09:50:45,051] {processor.py:153} INFO - Started process (PID=96048) to work on /home/enrico/Documentos/backup/AULA/Alura/Engenharia de dados/projeto_airflow/airflowalura/venv/lib/python3.9/site-packages/airflow/example_dags/example_short_circuit_operator.py
[2024-04-27 09:50:45,054] {processor.py:641} INFO - Processing file /home/enrico/Documentos/backup/AULA/Alura/Engenharia de dados/projeto_airflow/airflowalura/venv/lib/python3.9/site-packages/airflow/example_dags/example_short_circuit_operator.py for tasks to queue
[2024-04-27 09:50:45,054] {logging_mixin.py:115} INFO - [2024-04-27 09:50:45,054] {dagbag.py:507} INFO - Filling up the DagBag from /home/enrico/Documentos/backup/AULA/Alura/Engenharia de dados/projeto_airflow/airflowalura/venv/lib/python3.9/site-packages/airflow/example_dags/example_short_circuit_operator.py
[2024-04-27 09:50:45,059] {processor.py:651} INFO - DAG(s) dict_keys(['example_short_circuit_operator']) retrieved from /home/enrico/Documentos/backup/AULA/Alura/Engenharia de dados/projeto_airflow/airflowalura/venv/lib/python3.9/site-packages/airflow/example_dags/example_short_circuit_operator.py
[2024-04-27 09:50:45,068] {logging_mixin.py:115} INFO - [2024-04-27 09:50:45,068] {dag.py:2379} INFO - Sync 1 DAGs
[2024-04-27 09:50:45,077] {logging_mixin.py:115} INFO - [2024-04-27 09:50:45,077] {dag.py:2927} INFO - Setting next_dagrun for example_short_circuit_operator to 2024-04-26T12:50:45.077714+00:00, run_after=2024-04-27T12:50:45.077714+00:00
[2024-04-27 09:50:45,087] {processor.py:161} INFO - Processing /home/enrico/Documentos/backup/AULA/Alura/Engenharia de dados/projeto_airflow/airflowalura/venv/lib/python3.9/site-packages/airflow/example_dags/example_short_circuit_operator.py took 0.038 seconds
[2024-04-27 09:51:20,179] {processor.py:153} INFO - Started process (PID=96287) to work on /home/enrico/Documentos/backup/AULA/Alura/Engenharia de dados/projeto_airflow/airflowalura/venv/lib/python3.9/site-packages/airflow/example_dags/example_short_circuit_operator.py
[2024-04-27 09:51:20,183] {processor.py:641} INFO - Processing file /home/enrico/Documentos/backup/AULA/Alura/Engenharia de dados/projeto_airflow/airflowalura/venv/lib/python3.9/site-packages/airflow/example_dags/example_short_circuit_operator.py for tasks to queue
[2024-04-27 09:51:20,184] {logging_mixin.py:115} INFO - [2024-04-27 09:51:20,184] {dagbag.py:507} INFO - Filling up the DagBag from /home/enrico/Documentos/backup/AULA/Alura/Engenharia de dados/projeto_airflow/airflowalura/venv/lib/python3.9/site-packages/airflow/example_dags/example_short_circuit_operator.py
[2024-04-27 09:51:20,203] {processor.py:651} INFO - DAG(s) dict_keys(['example_short_circuit_operator']) retrieved from /home/enrico/Documentos/backup/AULA/Alura/Engenharia de dados/projeto_airflow/airflowalura/venv/lib/python3.9/site-packages/airflow/example_dags/example_short_circuit_operator.py
[2024-04-27 09:51:20,223] {logging_mixin.py:115} INFO - [2024-04-27 09:51:20,223] {dag.py:2379} INFO - Sync 1 DAGs
[2024-04-27 09:51:20,233] {logging_mixin.py:115} INFO - [2024-04-27 09:51:20,233] {dag.py:2927} INFO - Setting next_dagrun for example_short_circuit_operator to 2024-04-26T12:51:20.232898+00:00, run_after=2024-04-27T12:51:20.232898+00:00
[2024-04-27 09:51:20,243] {processor.py:161} INFO - Processing /home/enrico/Documentos/backup/AULA/Alura/Engenharia de dados/projeto_airflow/airflowalura/venv/lib/python3.9/site-packages/airflow/example_dags/example_short_circuit_operator.py took 0.065 seconds
[2024-04-27 09:51:55,958] {processor.py:153} INFO - Started process (PID=96411) to work on /home/enrico/Documentos/backup/AULA/Alura/Engenharia de dados/projeto_airflow/airflowalura/venv/lib/python3.9/site-packages/airflow/example_dags/example_short_circuit_operator.py
[2024-04-27 09:51:55,961] {processor.py:641} INFO - Processing file /home/enrico/Documentos/backup/AULA/Alura/Engenharia de dados/projeto_airflow/airflowalura/venv/lib/python3.9/site-packages/airflow/example_dags/example_short_circuit_operator.py for tasks to queue
[2024-04-27 09:51:55,961] {logging_mixin.py:115} INFO - [2024-04-27 09:51:55,961] {dagbag.py:507} INFO - Filling up the DagBag from /home/enrico/Documentos/backup/AULA/Alura/Engenharia de dados/projeto_airflow/airflowalura/venv/lib/python3.9/site-packages/airflow/example_dags/example_short_circuit_operator.py
[2024-04-27 09:51:55,966] {processor.py:651} INFO - DAG(s) dict_keys(['example_short_circuit_operator']) retrieved from /home/enrico/Documentos/backup/AULA/Alura/Engenharia de dados/projeto_airflow/airflowalura/venv/lib/python3.9/site-packages/airflow/example_dags/example_short_circuit_operator.py
[2024-04-27 09:51:55,977] {logging_mixin.py:115} INFO - [2024-04-27 09:51:55,977] {dag.py:2379} INFO - Sync 1 DAGs
[2024-04-27 09:51:55,987] {logging_mixin.py:115} INFO - [2024-04-27 09:51:55,987] {dag.py:2927} INFO - Setting next_dagrun for example_short_circuit_operator to 2024-04-26T12:51:55.987024+00:00, run_after=2024-04-27T12:51:55.987024+00:00
[2024-04-27 09:51:55,998] {processor.py:161} INFO - Processing /home/enrico/Documentos/backup/AULA/Alura/Engenharia de dados/projeto_airflow/airflowalura/venv/lib/python3.9/site-packages/airflow/example_dags/example_short_circuit_operator.py took 0.041 seconds
[2024-04-27 09:52:34,670] {processor.py:153} INFO - Started process (PID=96555) to work on /home/enrico/Documentos/backup/AULA/Alura/Engenharia de dados/projeto_airflow/airflowalura/venv/lib/python3.9/site-packages/airflow/example_dags/example_short_circuit_operator.py
[2024-04-27 09:52:34,672] {processor.py:641} INFO - Processing file /home/enrico/Documentos/backup/AULA/Alura/Engenharia de dados/projeto_airflow/airflowalura/venv/lib/python3.9/site-packages/airflow/example_dags/example_short_circuit_operator.py for tasks to queue
[2024-04-27 09:52:34,673] {logging_mixin.py:115} INFO - [2024-04-27 09:52:34,673] {dagbag.py:507} INFO - Filling up the DagBag from /home/enrico/Documentos/backup/AULA/Alura/Engenharia de dados/projeto_airflow/airflowalura/venv/lib/python3.9/site-packages/airflow/example_dags/example_short_circuit_operator.py
[2024-04-27 09:52:34,677] {processor.py:651} INFO - DAG(s) dict_keys(['example_short_circuit_operator']) retrieved from /home/enrico/Documentos/backup/AULA/Alura/Engenharia de dados/projeto_airflow/airflowalura/venv/lib/python3.9/site-packages/airflow/example_dags/example_short_circuit_operator.py
[2024-04-27 09:52:34,688] {logging_mixin.py:115} INFO - [2024-04-27 09:52:34,688] {dag.py:2379} INFO - Sync 1 DAGs
[2024-04-27 09:52:34,699] {logging_mixin.py:115} INFO - [2024-04-27 09:52:34,699] {dag.py:2927} INFO - Setting next_dagrun for example_short_circuit_operator to 2024-04-26T12:52:34.698754+00:00, run_after=2024-04-27T12:52:34.698754+00:00
[2024-04-27 09:52:34,709] {processor.py:161} INFO - Processing /home/enrico/Documentos/backup/AULA/Alura/Engenharia de dados/projeto_airflow/airflowalura/venv/lib/python3.9/site-packages/airflow/example_dags/example_short_circuit_operator.py took 0.041 seconds
[2024-04-27 09:53:11,219] {processor.py:153} INFO - Started process (PID=96632) to work on /home/enrico/Documentos/backup/AULA/Alura/Engenharia de dados/projeto_airflow/airflowalura/venv/lib/python3.9/site-packages/airflow/example_dags/example_short_circuit_operator.py
[2024-04-27 09:53:11,220] {processor.py:641} INFO - Processing file /home/enrico/Documentos/backup/AULA/Alura/Engenharia de dados/projeto_airflow/airflowalura/venv/lib/python3.9/site-packages/airflow/example_dags/example_short_circuit_operator.py for tasks to queue
[2024-04-27 09:53:11,220] {logging_mixin.py:115} INFO - [2024-04-27 09:53:11,220] {dagbag.py:507} INFO - Filling up the DagBag from /home/enrico/Documentos/backup/AULA/Alura/Engenharia de dados/projeto_airflow/airflowalura/venv/lib/python3.9/site-packages/airflow/example_dags/example_short_circuit_operator.py
[2024-04-27 09:53:11,227] {processor.py:651} INFO - DAG(s) dict_keys(['example_short_circuit_operator']) retrieved from /home/enrico/Documentos/backup/AULA/Alura/Engenharia de dados/projeto_airflow/airflowalura/venv/lib/python3.9/site-packages/airflow/example_dags/example_short_circuit_operator.py
[2024-04-27 09:53:11,243] {logging_mixin.py:115} INFO - [2024-04-27 09:53:11,243] {dag.py:2379} INFO - Sync 1 DAGs
[2024-04-27 09:53:11,255] {logging_mixin.py:115} INFO - [2024-04-27 09:53:11,255] {dag.py:2927} INFO - Setting next_dagrun for example_short_circuit_operator to 2024-04-26T12:53:11.255151+00:00, run_after=2024-04-27T12:53:11.255151+00:00
[2024-04-27 09:53:11,268] {processor.py:161} INFO - Processing /home/enrico/Documentos/backup/AULA/Alura/Engenharia de dados/projeto_airflow/airflowalura/venv/lib/python3.9/site-packages/airflow/example_dags/example_short_circuit_operator.py took 0.052 seconds
[2024-04-27 09:53:46,263] {processor.py:153} INFO - Started process (PID=96684) to work on /home/enrico/Documentos/backup/AULA/Alura/Engenharia de dados/projeto_airflow/airflowalura/venv/lib/python3.9/site-packages/airflow/example_dags/example_short_circuit_operator.py
[2024-04-27 09:53:46,267] {processor.py:641} INFO - Processing file /home/enrico/Documentos/backup/AULA/Alura/Engenharia de dados/projeto_airflow/airflowalura/venv/lib/python3.9/site-packages/airflow/example_dags/example_short_circuit_operator.py for tasks to queue
[2024-04-27 09:53:46,268] {logging_mixin.py:115} INFO - [2024-04-27 09:53:46,268] {dagbag.py:507} INFO - Filling up the DagBag from /home/enrico/Documentos/backup/AULA/Alura/Engenharia de dados/projeto_airflow/airflowalura/venv/lib/python3.9/site-packages/airflow/example_dags/example_short_circuit_operator.py
[2024-04-27 09:53:46,287] {processor.py:651} INFO - DAG(s) dict_keys(['example_short_circuit_operator']) retrieved from /home/enrico/Documentos/backup/AULA/Alura/Engenharia de dados/projeto_airflow/airflowalura/venv/lib/python3.9/site-packages/airflow/example_dags/example_short_circuit_operator.py
[2024-04-27 09:53:46,305] {logging_mixin.py:115} INFO - [2024-04-27 09:53:46,305] {dag.py:2379} INFO - Sync 1 DAGs
[2024-04-27 09:53:46,316] {logging_mixin.py:115} INFO - [2024-04-27 09:53:46,316] {dag.py:2927} INFO - Setting next_dagrun for example_short_circuit_operator to 2024-04-26T12:53:46.316467+00:00, run_after=2024-04-27T12:53:46.316467+00:00
[2024-04-27 09:53:46,327] {processor.py:161} INFO - Processing /home/enrico/Documentos/backup/AULA/Alura/Engenharia de dados/projeto_airflow/airflowalura/venv/lib/python3.9/site-packages/airflow/example_dags/example_short_circuit_operator.py took 0.069 seconds
[2024-04-27 09:54:21,685] {processor.py:153} INFO - Started process (PID=96733) to work on /home/enrico/Documentos/backup/AULA/Alura/Engenharia de dados/projeto_airflow/airflowalura/venv/lib/python3.9/site-packages/airflow/example_dags/example_short_circuit_operator.py
[2024-04-27 09:54:21,688] {processor.py:641} INFO - Processing file /home/enrico/Documentos/backup/AULA/Alura/Engenharia de dados/projeto_airflow/airflowalura/venv/lib/python3.9/site-packages/airflow/example_dags/example_short_circuit_operator.py for tasks to queue
[2024-04-27 09:54:21,689] {logging_mixin.py:115} INFO - [2024-04-27 09:54:21,689] {dagbag.py:507} INFO - Filling up the DagBag from /home/enrico/Documentos/backup/AULA/Alura/Engenharia de dados/projeto_airflow/airflowalura/venv/lib/python3.9/site-packages/airflow/example_dags/example_short_circuit_operator.py
[2024-04-27 09:54:21,707] {processor.py:651} INFO - DAG(s) dict_keys(['example_short_circuit_operator']) retrieved from /home/enrico/Documentos/backup/AULA/Alura/Engenharia de dados/projeto_airflow/airflowalura/venv/lib/python3.9/site-packages/airflow/example_dags/example_short_circuit_operator.py
[2024-04-27 09:54:21,725] {logging_mixin.py:115} INFO - [2024-04-27 09:54:21,725] {dag.py:2379} INFO - Sync 1 DAGs
[2024-04-27 09:54:21,737] {logging_mixin.py:115} INFO - [2024-04-27 09:54:21,737] {dag.py:2927} INFO - Setting next_dagrun for example_short_circuit_operator to 2024-04-26T12:54:21.737234+00:00, run_after=2024-04-27T12:54:21.737234+00:00
[2024-04-27 09:54:21,748] {processor.py:161} INFO - Processing /home/enrico/Documentos/backup/AULA/Alura/Engenharia de dados/projeto_airflow/airflowalura/venv/lib/python3.9/site-packages/airflow/example_dags/example_short_circuit_operator.py took 0.069 seconds
[2024-04-27 09:54:58,013] {processor.py:153} INFO - Started process (PID=96788) to work on /home/enrico/Documentos/backup/AULA/Alura/Engenharia de dados/projeto_airflow/airflowalura/venv/lib/python3.9/site-packages/airflow/example_dags/example_short_circuit_operator.py
[2024-04-27 09:54:58,016] {processor.py:641} INFO - Processing file /home/enrico/Documentos/backup/AULA/Alura/Engenharia de dados/projeto_airflow/airflowalura/venv/lib/python3.9/site-packages/airflow/example_dags/example_short_circuit_operator.py for tasks to queue
[2024-04-27 09:54:58,016] {logging_mixin.py:115} INFO - [2024-04-27 09:54:58,016] {dagbag.py:507} INFO - Filling up the DagBag from /home/enrico/Documentos/backup/AULA/Alura/Engenharia de dados/projeto_airflow/airflowalura/venv/lib/python3.9/site-packages/airflow/example_dags/example_short_circuit_operator.py
[2024-04-27 09:54:58,022] {processor.py:651} INFO - DAG(s) dict_keys(['example_short_circuit_operator']) retrieved from /home/enrico/Documentos/backup/AULA/Alura/Engenharia de dados/projeto_airflow/airflowalura/venv/lib/python3.9/site-packages/airflow/example_dags/example_short_circuit_operator.py
[2024-04-27 09:54:58,030] {logging_mixin.py:115} INFO - [2024-04-27 09:54:58,030] {dag.py:2379} INFO - Sync 1 DAGs
[2024-04-27 09:54:58,039] {logging_mixin.py:115} INFO - [2024-04-27 09:54:58,039] {dag.py:2927} INFO - Setting next_dagrun for example_short_circuit_operator to 2024-04-26T12:54:58.039456+00:00, run_after=2024-04-27T12:54:58.039456+00:00
[2024-04-27 09:54:58,049] {processor.py:161} INFO - Processing /home/enrico/Documentos/backup/AULA/Alura/Engenharia de dados/projeto_airflow/airflowalura/venv/lib/python3.9/site-packages/airflow/example_dags/example_short_circuit_operator.py took 0.037 seconds
[2024-04-27 09:55:30,174] {processor.py:153} INFO - Started process (PID=96853) to work on /home/enrico/Documentos/backup/AULA/Alura/Engenharia de dados/projeto_airflow/airflowalura/venv/lib/python3.9/site-packages/airflow/example_dags/example_short_circuit_operator.py
[2024-04-27 09:55:30,175] {processor.py:641} INFO - Processing file /home/enrico/Documentos/backup/AULA/Alura/Engenharia de dados/projeto_airflow/airflowalura/venv/lib/python3.9/site-packages/airflow/example_dags/example_short_circuit_operator.py for tasks to queue
[2024-04-27 09:55:30,175] {logging_mixin.py:115} INFO - [2024-04-27 09:55:30,175] {dagbag.py:507} INFO - Filling up the DagBag from /home/enrico/Documentos/backup/AULA/Alura/Engenharia de dados/projeto_airflow/airflowalura/venv/lib/python3.9/site-packages/airflow/example_dags/example_short_circuit_operator.py
[2024-04-27 09:55:30,183] {processor.py:651} INFO - DAG(s) dict_keys(['example_short_circuit_operator']) retrieved from /home/enrico/Documentos/backup/AULA/Alura/Engenharia de dados/projeto_airflow/airflowalura/venv/lib/python3.9/site-packages/airflow/example_dags/example_short_circuit_operator.py
[2024-04-27 09:55:30,191] {logging_mixin.py:115} INFO - [2024-04-27 09:55:30,191] {dag.py:2379} INFO - Sync 1 DAGs
[2024-04-27 09:55:30,200] {logging_mixin.py:115} INFO - [2024-04-27 09:55:30,200] {dag.py:2927} INFO - Setting next_dagrun for example_short_circuit_operator to 2024-04-26T12:55:30.200347+00:00, run_after=2024-04-27T12:55:30.200347+00:00
[2024-04-27 09:55:30,210] {processor.py:161} INFO - Processing /home/enrico/Documentos/backup/AULA/Alura/Engenharia de dados/projeto_airflow/airflowalura/venv/lib/python3.9/site-packages/airflow/example_dags/example_short_circuit_operator.py took 0.037 seconds
[2024-04-27 09:56:08,855] {processor.py:153} INFO - Started process (PID=96917) to work on /home/enrico/Documentos/backup/AULA/Alura/Engenharia de dados/projeto_airflow/airflowalura/venv/lib/python3.9/site-packages/airflow/example_dags/example_short_circuit_operator.py
[2024-04-27 09:56:08,858] {processor.py:641} INFO - Processing file /home/enrico/Documentos/backup/AULA/Alura/Engenharia de dados/projeto_airflow/airflowalura/venv/lib/python3.9/site-packages/airflow/example_dags/example_short_circuit_operator.py for tasks to queue
[2024-04-27 09:56:08,858] {logging_mixin.py:115} INFO - [2024-04-27 09:56:08,858] {dagbag.py:507} INFO - Filling up the DagBag from /home/enrico/Documentos/backup/AULA/Alura/Engenharia de dados/projeto_airflow/airflowalura/venv/lib/python3.9/site-packages/airflow/example_dags/example_short_circuit_operator.py
[2024-04-27 09:56:08,864] {processor.py:651} INFO - DAG(s) dict_keys(['example_short_circuit_operator']) retrieved from /home/enrico/Documentos/backup/AULA/Alura/Engenharia de dados/projeto_airflow/airflowalura/venv/lib/python3.9/site-packages/airflow/example_dags/example_short_circuit_operator.py
[2024-04-27 09:56:08,873] {logging_mixin.py:115} INFO - [2024-04-27 09:56:08,873] {dag.py:2379} INFO - Sync 1 DAGs
[2024-04-27 09:56:08,882] {logging_mixin.py:115} INFO - [2024-04-27 09:56:08,882] {dag.py:2927} INFO - Setting next_dagrun for example_short_circuit_operator to 2024-04-26T12:56:08.882416+00:00, run_after=2024-04-27T12:56:08.882416+00:00
[2024-04-27 09:56:08,892] {processor.py:161} INFO - Processing /home/enrico/Documentos/backup/AULA/Alura/Engenharia de dados/projeto_airflow/airflowalura/venv/lib/python3.9/site-packages/airflow/example_dags/example_short_circuit_operator.py took 0.038 seconds
[2024-04-27 09:56:42,219] {processor.py:153} INFO - Started process (PID=96983) to work on /home/enrico/Documentos/backup/AULA/Alura/Engenharia de dados/projeto_airflow/airflowalura/venv/lib/python3.9/site-packages/airflow/example_dags/example_short_circuit_operator.py
[2024-04-27 09:56:42,220] {processor.py:641} INFO - Processing file /home/enrico/Documentos/backup/AULA/Alura/Engenharia de dados/projeto_airflow/airflowalura/venv/lib/python3.9/site-packages/airflow/example_dags/example_short_circuit_operator.py for tasks to queue
[2024-04-27 09:56:42,220] {logging_mixin.py:115} INFO - [2024-04-27 09:56:42,220] {dagbag.py:507} INFO - Filling up the DagBag from /home/enrico/Documentos/backup/AULA/Alura/Engenharia de dados/projeto_airflow/airflowalura/venv/lib/python3.9/site-packages/airflow/example_dags/example_short_circuit_operator.py
[2024-04-27 09:56:42,226] {processor.py:651} INFO - DAG(s) dict_keys(['example_short_circuit_operator']) retrieved from /home/enrico/Documentos/backup/AULA/Alura/Engenharia de dados/projeto_airflow/airflowalura/venv/lib/python3.9/site-packages/airflow/example_dags/example_short_circuit_operator.py
[2024-04-27 09:56:42,235] {logging_mixin.py:115} INFO - [2024-04-27 09:56:42,235] {dag.py:2379} INFO - Sync 1 DAGs
[2024-04-27 09:56:42,246] {logging_mixin.py:115} INFO - [2024-04-27 09:56:42,246] {dag.py:2927} INFO - Setting next_dagrun for example_short_circuit_operator to 2024-04-26T12:56:42.246119+00:00, run_after=2024-04-27T12:56:42.246119+00:00
[2024-04-27 09:56:42,254] {processor.py:161} INFO - Processing /home/enrico/Documentos/backup/AULA/Alura/Engenharia de dados/projeto_airflow/airflowalura/venv/lib/python3.9/site-packages/airflow/example_dags/example_short_circuit_operator.py took 0.036 seconds
[2024-04-27 09:57:16,909] {processor.py:153} INFO - Started process (PID=97092) to work on /home/enrico/Documentos/backup/AULA/Alura/Engenharia de dados/projeto_airflow/airflowalura/venv/lib/python3.9/site-packages/airflow/example_dags/example_short_circuit_operator.py
[2024-04-27 09:57:16,912] {processor.py:641} INFO - Processing file /home/enrico/Documentos/backup/AULA/Alura/Engenharia de dados/projeto_airflow/airflowalura/venv/lib/python3.9/site-packages/airflow/example_dags/example_short_circuit_operator.py for tasks to queue
[2024-04-27 09:57:16,912] {logging_mixin.py:115} INFO - [2024-04-27 09:57:16,912] {dagbag.py:507} INFO - Filling up the DagBag from /home/enrico/Documentos/backup/AULA/Alura/Engenharia de dados/projeto_airflow/airflowalura/venv/lib/python3.9/site-packages/airflow/example_dags/example_short_circuit_operator.py
[2024-04-27 09:57:16,918] {processor.py:651} INFO - DAG(s) dict_keys(['example_short_circuit_operator']) retrieved from /home/enrico/Documentos/backup/AULA/Alura/Engenharia de dados/projeto_airflow/airflowalura/venv/lib/python3.9/site-packages/airflow/example_dags/example_short_circuit_operator.py
[2024-04-27 09:57:16,928] {logging_mixin.py:115} INFO - [2024-04-27 09:57:16,928] {dag.py:2379} INFO - Sync 1 DAGs
[2024-04-27 09:57:16,938] {logging_mixin.py:115} INFO - [2024-04-27 09:57:16,938] {dag.py:2927} INFO - Setting next_dagrun for example_short_circuit_operator to 2024-04-26T12:57:16.938183+00:00, run_after=2024-04-27T12:57:16.938183+00:00
[2024-04-27 09:57:16,950] {processor.py:161} INFO - Processing /home/enrico/Documentos/backup/AULA/Alura/Engenharia de dados/projeto_airflow/airflowalura/venv/lib/python3.9/site-packages/airflow/example_dags/example_short_circuit_operator.py took 0.042 seconds
[2024-04-27 09:57:56,678] {processor.py:153} INFO - Started process (PID=97145) to work on /home/enrico/Documentos/backup/AULA/Alura/Engenharia de dados/projeto_airflow/airflowalura/venv/lib/python3.9/site-packages/airflow/example_dags/example_short_circuit_operator.py
[2024-04-27 09:57:56,680] {processor.py:641} INFO - Processing file /home/enrico/Documentos/backup/AULA/Alura/Engenharia de dados/projeto_airflow/airflowalura/venv/lib/python3.9/site-packages/airflow/example_dags/example_short_circuit_operator.py for tasks to queue
[2024-04-27 09:57:56,681] {logging_mixin.py:115} INFO - [2024-04-27 09:57:56,681] {dagbag.py:507} INFO - Filling up the DagBag from /home/enrico/Documentos/backup/AULA/Alura/Engenharia de dados/projeto_airflow/airflowalura/venv/lib/python3.9/site-packages/airflow/example_dags/example_short_circuit_operator.py
[2024-04-27 09:57:56,710] {processor.py:651} INFO - DAG(s) dict_keys(['example_short_circuit_operator']) retrieved from /home/enrico/Documentos/backup/AULA/Alura/Engenharia de dados/projeto_airflow/airflowalura/venv/lib/python3.9/site-packages/airflow/example_dags/example_short_circuit_operator.py
[2024-04-27 09:57:56,727] {logging_mixin.py:115} INFO - [2024-04-27 09:57:56,727] {dag.py:2379} INFO - Sync 1 DAGs
[2024-04-27 09:57:56,739] {logging_mixin.py:115} INFO - [2024-04-27 09:57:56,739] {dag.py:2927} INFO - Setting next_dagrun for example_short_circuit_operator to 2024-04-26T12:57:56.739404+00:00, run_after=2024-04-27T12:57:56.739404+00:00
[2024-04-27 09:57:56,748] {processor.py:161} INFO - Processing /home/enrico/Documentos/backup/AULA/Alura/Engenharia de dados/projeto_airflow/airflowalura/venv/lib/python3.9/site-packages/airflow/example_dags/example_short_circuit_operator.py took 0.075 seconds
[2024-04-27 09:58:31,406] {processor.py:153} INFO - Started process (PID=97213) to work on /home/enrico/Documentos/backup/AULA/Alura/Engenharia de dados/projeto_airflow/airflowalura/venv/lib/python3.9/site-packages/airflow/example_dags/example_short_circuit_operator.py
[2024-04-27 09:58:31,407] {processor.py:641} INFO - Processing file /home/enrico/Documentos/backup/AULA/Alura/Engenharia de dados/projeto_airflow/airflowalura/venv/lib/python3.9/site-packages/airflow/example_dags/example_short_circuit_operator.py for tasks to queue
[2024-04-27 09:58:31,407] {logging_mixin.py:115} INFO - [2024-04-27 09:58:31,407] {dagbag.py:507} INFO - Filling up the DagBag from /home/enrico/Documentos/backup/AULA/Alura/Engenharia de dados/projeto_airflow/airflowalura/venv/lib/python3.9/site-packages/airflow/example_dags/example_short_circuit_operator.py
[2024-04-27 09:58:31,414] {processor.py:651} INFO - DAG(s) dict_keys(['example_short_circuit_operator']) retrieved from /home/enrico/Documentos/backup/AULA/Alura/Engenharia de dados/projeto_airflow/airflowalura/venv/lib/python3.9/site-packages/airflow/example_dags/example_short_circuit_operator.py
[2024-04-27 09:58:31,425] {logging_mixin.py:115} INFO - [2024-04-27 09:58:31,425] {dag.py:2379} INFO - Sync 1 DAGs
[2024-04-27 09:58:31,435] {logging_mixin.py:115} INFO - [2024-04-27 09:58:31,435] {dag.py:2927} INFO - Setting next_dagrun for example_short_circuit_operator to 2024-04-26T12:58:31.435499+00:00, run_after=2024-04-27T12:58:31.435499+00:00
[2024-04-27 09:58:31,444] {processor.py:161} INFO - Processing /home/enrico/Documentos/backup/AULA/Alura/Engenharia de dados/projeto_airflow/airflowalura/venv/lib/python3.9/site-packages/airflow/example_dags/example_short_circuit_operator.py took 0.040 seconds
[2024-04-27 09:59:05,251] {processor.py:153} INFO - Started process (PID=97269) to work on /home/enrico/Documentos/backup/AULA/Alura/Engenharia de dados/projeto_airflow/airflowalura/venv/lib/python3.9/site-packages/airflow/example_dags/example_short_circuit_operator.py
[2024-04-27 09:59:05,252] {processor.py:641} INFO - Processing file /home/enrico/Documentos/backup/AULA/Alura/Engenharia de dados/projeto_airflow/airflowalura/venv/lib/python3.9/site-packages/airflow/example_dags/example_short_circuit_operator.py for tasks to queue
[2024-04-27 09:59:05,253] {logging_mixin.py:115} INFO - [2024-04-27 09:59:05,253] {dagbag.py:507} INFO - Filling up the DagBag from /home/enrico/Documentos/backup/AULA/Alura/Engenharia de dados/projeto_airflow/airflowalura/venv/lib/python3.9/site-packages/airflow/example_dags/example_short_circuit_operator.py
[2024-04-27 09:59:05,275] {processor.py:651} INFO - DAG(s) dict_keys(['example_short_circuit_operator']) retrieved from /home/enrico/Documentos/backup/AULA/Alura/Engenharia de dados/projeto_airflow/airflowalura/venv/lib/python3.9/site-packages/airflow/example_dags/example_short_circuit_operator.py
[2024-04-27 09:59:05,286] {logging_mixin.py:115} INFO - [2024-04-27 09:59:05,286] {dag.py:2379} INFO - Sync 1 DAGs
[2024-04-27 09:59:05,295] {logging_mixin.py:115} INFO - [2024-04-27 09:59:05,295] {dag.py:2927} INFO - Setting next_dagrun for example_short_circuit_operator to 2024-04-26T12:59:05.294939+00:00, run_after=2024-04-27T12:59:05.294939+00:00
[2024-04-27 09:59:05,304] {processor.py:161} INFO - Processing /home/enrico/Documentos/backup/AULA/Alura/Engenharia de dados/projeto_airflow/airflowalura/venv/lib/python3.9/site-packages/airflow/example_dags/example_short_circuit_operator.py took 0.058 seconds
[2024-04-27 09:59:43,797] {processor.py:153} INFO - Started process (PID=97330) to work on /home/enrico/Documentos/backup/AULA/Alura/Engenharia de dados/projeto_airflow/airflowalura/venv/lib/python3.9/site-packages/airflow/example_dags/example_short_circuit_operator.py
[2024-04-27 09:59:43,800] {processor.py:641} INFO - Processing file /home/enrico/Documentos/backup/AULA/Alura/Engenharia de dados/projeto_airflow/airflowalura/venv/lib/python3.9/site-packages/airflow/example_dags/example_short_circuit_operator.py for tasks to queue
[2024-04-27 09:59:43,801] {logging_mixin.py:115} INFO - [2024-04-27 09:59:43,801] {dagbag.py:507} INFO - Filling up the DagBag from /home/enrico/Documentos/backup/AULA/Alura/Engenharia de dados/projeto_airflow/airflowalura/venv/lib/python3.9/site-packages/airflow/example_dags/example_short_circuit_operator.py
[2024-04-27 09:59:43,820] {processor.py:651} INFO - DAG(s) dict_keys(['example_short_circuit_operator']) retrieved from /home/enrico/Documentos/backup/AULA/Alura/Engenharia de dados/projeto_airflow/airflowalura/venv/lib/python3.9/site-packages/airflow/example_dags/example_short_circuit_operator.py
[2024-04-27 09:59:43,836] {logging_mixin.py:115} INFO - [2024-04-27 09:59:43,836] {dag.py:2379} INFO - Sync 1 DAGs
[2024-04-27 09:59:43,848] {logging_mixin.py:115} INFO - [2024-04-27 09:59:43,848] {dag.py:2927} INFO - Setting next_dagrun for example_short_circuit_operator to 2024-04-26T12:59:43.848613+00:00, run_after=2024-04-27T12:59:43.848613+00:00
[2024-04-27 09:59:43,858] {processor.py:161} INFO - Processing /home/enrico/Documentos/backup/AULA/Alura/Engenharia de dados/projeto_airflow/airflowalura/venv/lib/python3.9/site-packages/airflow/example_dags/example_short_circuit_operator.py took 0.066 seconds
[2024-04-27 10:00:19,743] {processor.py:153} INFO - Started process (PID=97396) to work on /home/enrico/Documentos/backup/AULA/Alura/Engenharia de dados/projeto_airflow/airflowalura/venv/lib/python3.9/site-packages/airflow/example_dags/example_short_circuit_operator.py
[2024-04-27 10:00:19,743] {processor.py:641} INFO - Processing file /home/enrico/Documentos/backup/AULA/Alura/Engenharia de dados/projeto_airflow/airflowalura/venv/lib/python3.9/site-packages/airflow/example_dags/example_short_circuit_operator.py for tasks to queue
[2024-04-27 10:00:19,744] {logging_mixin.py:115} INFO - [2024-04-27 10:00:19,743] {dagbag.py:507} INFO - Filling up the DagBag from /home/enrico/Documentos/backup/AULA/Alura/Engenharia de dados/projeto_airflow/airflowalura/venv/lib/python3.9/site-packages/airflow/example_dags/example_short_circuit_operator.py
[2024-04-27 10:00:19,750] {processor.py:651} INFO - DAG(s) dict_keys(['example_short_circuit_operator']) retrieved from /home/enrico/Documentos/backup/AULA/Alura/Engenharia de dados/projeto_airflow/airflowalura/venv/lib/python3.9/site-packages/airflow/example_dags/example_short_circuit_operator.py
[2024-04-27 10:00:19,759] {logging_mixin.py:115} INFO - [2024-04-27 10:00:19,758] {dag.py:2379} INFO - Sync 1 DAGs
[2024-04-27 10:00:19,767] {logging_mixin.py:115} INFO - [2024-04-27 10:00:19,767] {dag.py:2927} INFO - Setting next_dagrun for example_short_circuit_operator to 2024-04-26T13:00:19.767530+00:00, run_after=2024-04-27T13:00:19.767530+00:00
[2024-04-27 10:00:19,777] {processor.py:161} INFO - Processing /home/enrico/Documentos/backup/AULA/Alura/Engenharia de dados/projeto_airflow/airflowalura/venv/lib/python3.9/site-packages/airflow/example_dags/example_short_circuit_operator.py took 0.036 seconds
[2024-04-27 10:00:59,731] {processor.py:153} INFO - Started process (PID=97449) to work on /home/enrico/Documentos/backup/AULA/Alura/Engenharia de dados/projeto_airflow/airflowalura/venv/lib/python3.9/site-packages/airflow/example_dags/example_short_circuit_operator.py
[2024-04-27 10:00:59,734] {processor.py:641} INFO - Processing file /home/enrico/Documentos/backup/AULA/Alura/Engenharia de dados/projeto_airflow/airflowalura/venv/lib/python3.9/site-packages/airflow/example_dags/example_short_circuit_operator.py for tasks to queue
[2024-04-27 10:00:59,735] {logging_mixin.py:115} INFO - [2024-04-27 10:00:59,735] {dagbag.py:507} INFO - Filling up the DagBag from /home/enrico/Documentos/backup/AULA/Alura/Engenharia de dados/projeto_airflow/airflowalura/venv/lib/python3.9/site-packages/airflow/example_dags/example_short_circuit_operator.py
[2024-04-27 10:00:59,757] {processor.py:651} INFO - DAG(s) dict_keys(['example_short_circuit_operator']) retrieved from /home/enrico/Documentos/backup/AULA/Alura/Engenharia de dados/projeto_airflow/airflowalura/venv/lib/python3.9/site-packages/airflow/example_dags/example_short_circuit_operator.py
[2024-04-27 10:00:59,771] {logging_mixin.py:115} INFO - [2024-04-27 10:00:59,771] {dag.py:2379} INFO - Sync 1 DAGs
[2024-04-27 10:00:59,783] {logging_mixin.py:115} INFO - [2024-04-27 10:00:59,783] {dag.py:2927} INFO - Setting next_dagrun for example_short_circuit_operator to 2024-04-26T13:00:59.782919+00:00, run_after=2024-04-27T13:00:59.782919+00:00
[2024-04-27 10:00:59,793] {processor.py:161} INFO - Processing /home/enrico/Documentos/backup/AULA/Alura/Engenharia de dados/projeto_airflow/airflowalura/venv/lib/python3.9/site-packages/airflow/example_dags/example_short_circuit_operator.py took 0.067 seconds
[2024-04-27 10:01:32,193] {processor.py:153} INFO - Started process (PID=97522) to work on /home/enrico/Documentos/backup/AULA/Alura/Engenharia de dados/projeto_airflow/airflowalura/venv/lib/python3.9/site-packages/airflow/example_dags/example_short_circuit_operator.py
[2024-04-27 10:01:32,196] {processor.py:641} INFO - Processing file /home/enrico/Documentos/backup/AULA/Alura/Engenharia de dados/projeto_airflow/airflowalura/venv/lib/python3.9/site-packages/airflow/example_dags/example_short_circuit_operator.py for tasks to queue
[2024-04-27 10:01:32,196] {logging_mixin.py:115} INFO - [2024-04-27 10:01:32,196] {dagbag.py:507} INFO - Filling up the DagBag from /home/enrico/Documentos/backup/AULA/Alura/Engenharia de dados/projeto_airflow/airflowalura/venv/lib/python3.9/site-packages/airflow/example_dags/example_short_circuit_operator.py
[2024-04-27 10:01:32,202] {processor.py:651} INFO - DAG(s) dict_keys(['example_short_circuit_operator']) retrieved from /home/enrico/Documentos/backup/AULA/Alura/Engenharia de dados/projeto_airflow/airflowalura/venv/lib/python3.9/site-packages/airflow/example_dags/example_short_circuit_operator.py
[2024-04-27 10:01:32,212] {logging_mixin.py:115} INFO - [2024-04-27 10:01:32,212] {dag.py:2379} INFO - Sync 1 DAGs
[2024-04-27 10:01:32,223] {logging_mixin.py:115} INFO - [2024-04-27 10:01:32,223] {dag.py:2927} INFO - Setting next_dagrun for example_short_circuit_operator to 2024-04-26T13:01:32.223675+00:00, run_after=2024-04-27T13:01:32.223675+00:00
[2024-04-27 10:01:32,238] {processor.py:161} INFO - Processing /home/enrico/Documentos/backup/AULA/Alura/Engenharia de dados/projeto_airflow/airflowalura/venv/lib/python3.9/site-packages/airflow/example_dags/example_short_circuit_operator.py took 0.047 seconds
[2024-04-27 10:02:05,469] {processor.py:153} INFO - Started process (PID=97573) to work on /home/enrico/Documentos/backup/AULA/Alura/Engenharia de dados/projeto_airflow/airflowalura/venv/lib/python3.9/site-packages/airflow/example_dags/example_short_circuit_operator.py
[2024-04-27 10:02:05,473] {processor.py:641} INFO - Processing file /home/enrico/Documentos/backup/AULA/Alura/Engenharia de dados/projeto_airflow/airflowalura/venv/lib/python3.9/site-packages/airflow/example_dags/example_short_circuit_operator.py for tasks to queue
[2024-04-27 10:02:05,474] {logging_mixin.py:115} INFO - [2024-04-27 10:02:05,474] {dagbag.py:507} INFO - Filling up the DagBag from /home/enrico/Documentos/backup/AULA/Alura/Engenharia de dados/projeto_airflow/airflowalura/venv/lib/python3.9/site-packages/airflow/example_dags/example_short_circuit_operator.py
[2024-04-27 10:02:05,491] {processor.py:651} INFO - DAG(s) dict_keys(['example_short_circuit_operator']) retrieved from /home/enrico/Documentos/backup/AULA/Alura/Engenharia de dados/projeto_airflow/airflowalura/venv/lib/python3.9/site-packages/airflow/example_dags/example_short_circuit_operator.py
[2024-04-27 10:02:05,504] {logging_mixin.py:115} INFO - [2024-04-27 10:02:05,504] {dag.py:2379} INFO - Sync 1 DAGs
[2024-04-27 10:02:05,516] {logging_mixin.py:115} INFO - [2024-04-27 10:02:05,515] {dag.py:2927} INFO - Setting next_dagrun for example_short_circuit_operator to 2024-04-26T13:02:05.515819+00:00, run_after=2024-04-27T13:02:05.515819+00:00
[2024-04-27 10:02:05,531] {processor.py:161} INFO - Processing /home/enrico/Documentos/backup/AULA/Alura/Engenharia de dados/projeto_airflow/airflowalura/venv/lib/python3.9/site-packages/airflow/example_dags/example_short_circuit_operator.py took 0.066 seconds
[2024-04-27 10:02:40,746] {processor.py:153} INFO - Started process (PID=97747) to work on /home/enrico/Documentos/backup/AULA/Alura/Engenharia de dados/projeto_airflow/airflowalura/venv/lib/python3.9/site-packages/airflow/example_dags/example_short_circuit_operator.py
[2024-04-27 10:02:40,748] {processor.py:641} INFO - Processing file /home/enrico/Documentos/backup/AULA/Alura/Engenharia de dados/projeto_airflow/airflowalura/venv/lib/python3.9/site-packages/airflow/example_dags/example_short_circuit_operator.py for tasks to queue
[2024-04-27 10:02:40,749] {logging_mixin.py:115} INFO - [2024-04-27 10:02:40,749] {dagbag.py:507} INFO - Filling up the DagBag from /home/enrico/Documentos/backup/AULA/Alura/Engenharia de dados/projeto_airflow/airflowalura/venv/lib/python3.9/site-packages/airflow/example_dags/example_short_circuit_operator.py
[2024-04-27 10:02:40,755] {processor.py:651} INFO - DAG(s) dict_keys(['example_short_circuit_operator']) retrieved from /home/enrico/Documentos/backup/AULA/Alura/Engenharia de dados/projeto_airflow/airflowalura/venv/lib/python3.9/site-packages/airflow/example_dags/example_short_circuit_operator.py
[2024-04-27 10:02:40,763] {logging_mixin.py:115} INFO - [2024-04-27 10:02:40,763] {dag.py:2379} INFO - Sync 1 DAGs
[2024-04-27 10:02:40,773] {logging_mixin.py:115} INFO - [2024-04-27 10:02:40,773] {dag.py:2927} INFO - Setting next_dagrun for example_short_circuit_operator to 2024-04-26T13:02:40.772864+00:00, run_after=2024-04-27T13:02:40.772864+00:00
[2024-04-27 10:02:40,782] {processor.py:161} INFO - Processing /home/enrico/Documentos/backup/AULA/Alura/Engenharia de dados/projeto_airflow/airflowalura/venv/lib/python3.9/site-packages/airflow/example_dags/example_short_circuit_operator.py took 0.038 seconds
[2024-04-27 10:03:18,424] {processor.py:153} INFO - Started process (PID=97995) to work on /home/enrico/Documentos/backup/AULA/Alura/Engenharia de dados/projeto_airflow/airflowalura/venv/lib/python3.9/site-packages/airflow/example_dags/example_short_circuit_operator.py
[2024-04-27 10:03:18,425] {processor.py:641} INFO - Processing file /home/enrico/Documentos/backup/AULA/Alura/Engenharia de dados/projeto_airflow/airflowalura/venv/lib/python3.9/site-packages/airflow/example_dags/example_short_circuit_operator.py for tasks to queue
[2024-04-27 10:03:18,426] {logging_mixin.py:115} INFO - [2024-04-27 10:03:18,425] {dagbag.py:507} INFO - Filling up the DagBag from /home/enrico/Documentos/backup/AULA/Alura/Engenharia de dados/projeto_airflow/airflowalura/venv/lib/python3.9/site-packages/airflow/example_dags/example_short_circuit_operator.py
[2024-04-27 10:03:18,447] {processor.py:651} INFO - DAG(s) dict_keys(['example_short_circuit_operator']) retrieved from /home/enrico/Documentos/backup/AULA/Alura/Engenharia de dados/projeto_airflow/airflowalura/venv/lib/python3.9/site-packages/airflow/example_dags/example_short_circuit_operator.py
[2024-04-27 10:03:18,461] {logging_mixin.py:115} INFO - [2024-04-27 10:03:18,461] {dag.py:2379} INFO - Sync 1 DAGs
[2024-04-27 10:03:18,473] {logging_mixin.py:115} INFO - [2024-04-27 10:03:18,473] {dag.py:2927} INFO - Setting next_dagrun for example_short_circuit_operator to 2024-04-26T13:03:18.473218+00:00, run_after=2024-04-27T13:03:18.473218+00:00
[2024-04-27 10:03:18,482] {processor.py:161} INFO - Processing /home/enrico/Documentos/backup/AULA/Alura/Engenharia de dados/projeto_airflow/airflowalura/venv/lib/python3.9/site-packages/airflow/example_dags/example_short_circuit_operator.py took 0.063 seconds
[2024-04-27 10:03:55,938] {processor.py:153} INFO - Started process (PID=98212) to work on /home/enrico/Documentos/backup/AULA/Alura/Engenharia de dados/projeto_airflow/airflowalura/venv/lib/python3.9/site-packages/airflow/example_dags/example_short_circuit_operator.py
[2024-04-27 10:03:55,939] {processor.py:641} INFO - Processing file /home/enrico/Documentos/backup/AULA/Alura/Engenharia de dados/projeto_airflow/airflowalura/venv/lib/python3.9/site-packages/airflow/example_dags/example_short_circuit_operator.py for tasks to queue
[2024-04-27 10:03:55,939] {logging_mixin.py:115} INFO - [2024-04-27 10:03:55,939] {dagbag.py:507} INFO - Filling up the DagBag from /home/enrico/Documentos/backup/AULA/Alura/Engenharia de dados/projeto_airflow/airflowalura/venv/lib/python3.9/site-packages/airflow/example_dags/example_short_circuit_operator.py
[2024-04-27 10:03:55,945] {processor.py:651} INFO - DAG(s) dict_keys(['example_short_circuit_operator']) retrieved from /home/enrico/Documentos/backup/AULA/Alura/Engenharia de dados/projeto_airflow/airflowalura/venv/lib/python3.9/site-packages/airflow/example_dags/example_short_circuit_operator.py
[2024-04-27 10:03:55,954] {logging_mixin.py:115} INFO - [2024-04-27 10:03:55,954] {dag.py:2379} INFO - Sync 1 DAGs
[2024-04-27 10:03:55,964] {logging_mixin.py:115} INFO - [2024-04-27 10:03:55,964] {dag.py:2927} INFO - Setting next_dagrun for example_short_circuit_operator to 2024-04-26T13:03:55.963854+00:00, run_after=2024-04-27T13:03:55.963854+00:00
[2024-04-27 10:03:55,975] {processor.py:161} INFO - Processing /home/enrico/Documentos/backup/AULA/Alura/Engenharia de dados/projeto_airflow/airflowalura/venv/lib/python3.9/site-packages/airflow/example_dags/example_short_circuit_operator.py took 0.038 seconds
[2024-04-27 10:04:34,700] {processor.py:153} INFO - Started process (PID=98453) to work on /home/enrico/Documentos/backup/AULA/Alura/Engenharia de dados/projeto_airflow/airflowalura/venv/lib/python3.9/site-packages/airflow/example_dags/example_short_circuit_operator.py
[2024-04-27 10:04:34,701] {processor.py:641} INFO - Processing file /home/enrico/Documentos/backup/AULA/Alura/Engenharia de dados/projeto_airflow/airflowalura/venv/lib/python3.9/site-packages/airflow/example_dags/example_short_circuit_operator.py for tasks to queue
[2024-04-27 10:04:34,702] {logging_mixin.py:115} INFO - [2024-04-27 10:04:34,702] {dagbag.py:507} INFO - Filling up the DagBag from /home/enrico/Documentos/backup/AULA/Alura/Engenharia de dados/projeto_airflow/airflowalura/venv/lib/python3.9/site-packages/airflow/example_dags/example_short_circuit_operator.py
[2024-04-27 10:04:34,723] {processor.py:651} INFO - DAG(s) dict_keys(['example_short_circuit_operator']) retrieved from /home/enrico/Documentos/backup/AULA/Alura/Engenharia de dados/projeto_airflow/airflowalura/venv/lib/python3.9/site-packages/airflow/example_dags/example_short_circuit_operator.py
[2024-04-27 10:04:34,733] {logging_mixin.py:115} INFO - [2024-04-27 10:04:34,733] {dag.py:2379} INFO - Sync 1 DAGs
[2024-04-27 10:04:34,742] {logging_mixin.py:115} INFO - [2024-04-27 10:04:34,742] {dag.py:2927} INFO - Setting next_dagrun for example_short_circuit_operator to 2024-04-26T13:04:34.742004+00:00, run_after=2024-04-27T13:04:34.742004+00:00
[2024-04-27 10:04:34,750] {processor.py:161} INFO - Processing /home/enrico/Documentos/backup/AULA/Alura/Engenharia de dados/projeto_airflow/airflowalura/venv/lib/python3.9/site-packages/airflow/example_dags/example_short_circuit_operator.py took 0.056 seconds
