[2024-04-27 09:50:00,684] {processor.py:153} INFO - Started process (PID=95824) to work on /home/enrico/Documentos/backup/AULA/Alura/Engenharia de dados/projeto_airflow/airflowalura/venv/lib/python3.9/site-packages/airflow/example_dags/example_xcom.py
[2024-04-27 09:50:00,685] {processor.py:641} INFO - Processing file /home/enrico/Documentos/backup/AULA/Alura/Engenharia de dados/projeto_airflow/airflowalura/venv/lib/python3.9/site-packages/airflow/example_dags/example_xcom.py for tasks to queue
[2024-04-27 09:50:00,686] {logging_mixin.py:115} INFO - [2024-04-27 09:50:00,685] {dagbag.py:507} INFO - Filling up the DagBag from /home/enrico/Documentos/backup/AULA/Alura/Engenharia de dados/projeto_airflow/airflowalura/venv/lib/python3.9/site-packages/airflow/example_dags/example_xcom.py
[2024-04-27 09:50:00,713] {processor.py:651} INFO - DAG(s) dict_keys(['example_xcom']) retrieved from /home/enrico/Documentos/backup/AULA/Alura/Engenharia de dados/projeto_airflow/airflowalura/venv/lib/python3.9/site-packages/airflow/example_dags/example_xcom.py
[2024-04-27 09:50:00,742] {logging_mixin.py:115} INFO - [2024-04-27 09:50:00,742] {dag.py:2379} INFO - Sync 1 DAGs
[2024-04-27 09:50:00,751] {logging_mixin.py:115} INFO - [2024-04-27 09:50:00,751] {dag.py:2927} INFO - Setting next_dagrun for example_xcom to 2021-01-01T00:00:00+00:00, run_after=2021-01-01T00:00:00+00:00
[2024-04-27 09:50:00,761] {processor.py:161} INFO - Processing /home/enrico/Documentos/backup/AULA/Alura/Engenharia de dados/projeto_airflow/airflowalura/venv/lib/python3.9/site-packages/airflow/example_dags/example_xcom.py took 0.083 seconds
[2024-04-27 09:50:34,779] {processor.py:153} INFO - Started process (PID=95951) to work on /home/enrico/Documentos/backup/AULA/Alura/Engenharia de dados/projeto_airflow/airflowalura/venv/lib/python3.9/site-packages/airflow/example_dags/example_xcom.py
[2024-04-27 09:50:34,780] {processor.py:641} INFO - Processing file /home/enrico/Documentos/backup/AULA/Alura/Engenharia de dados/projeto_airflow/airflowalura/venv/lib/python3.9/site-packages/airflow/example_dags/example_xcom.py for tasks to queue
[2024-04-27 09:50:34,781] {logging_mixin.py:115} INFO - [2024-04-27 09:50:34,781] {dagbag.py:507} INFO - Filling up the DagBag from /home/enrico/Documentos/backup/AULA/Alura/Engenharia de dados/projeto_airflow/airflowalura/venv/lib/python3.9/site-packages/airflow/example_dags/example_xcom.py
[2024-04-27 09:50:34,802] {processor.py:651} INFO - DAG(s) dict_keys(['example_xcom']) retrieved from /home/enrico/Documentos/backup/AULA/Alura/Engenharia de dados/projeto_airflow/airflowalura/venv/lib/python3.9/site-packages/airflow/example_dags/example_xcom.py
[2024-04-27 09:50:34,827] {logging_mixin.py:115} INFO - [2024-04-27 09:50:34,827] {dag.py:2379} INFO - Sync 1 DAGs
[2024-04-27 09:50:34,838] {logging_mixin.py:115} INFO - [2024-04-27 09:50:34,838] {dag.py:2927} INFO - Setting next_dagrun for example_xcom to 2021-01-01T00:00:00+00:00, run_after=2021-01-01T00:00:00+00:00
[2024-04-27 09:50:34,847] {processor.py:161} INFO - Processing /home/enrico/Documentos/backup/AULA/Alura/Engenharia de dados/projeto_airflow/airflowalura/venv/lib/python3.9/site-packages/airflow/example_dags/example_xcom.py took 0.074 seconds
[2024-04-27 09:51:10,094] {processor.py:153} INFO - Started process (PID=96212) to work on /home/enrico/Documentos/backup/AULA/Alura/Engenharia de dados/projeto_airflow/airflowalura/venv/lib/python3.9/site-packages/airflow/example_dags/example_xcom.py
[2024-04-27 09:51:10,096] {processor.py:641} INFO - Processing file /home/enrico/Documentos/backup/AULA/Alura/Engenharia de dados/projeto_airflow/airflowalura/venv/lib/python3.9/site-packages/airflow/example_dags/example_xcom.py for tasks to queue
[2024-04-27 09:51:10,097] {logging_mixin.py:115} INFO - [2024-04-27 09:51:10,097] {dagbag.py:507} INFO - Filling up the DagBag from /home/enrico/Documentos/backup/AULA/Alura/Engenharia de dados/projeto_airflow/airflowalura/venv/lib/python3.9/site-packages/airflow/example_dags/example_xcom.py
[2024-04-27 09:51:10,126] {processor.py:651} INFO - DAG(s) dict_keys(['example_xcom']) retrieved from /home/enrico/Documentos/backup/AULA/Alura/Engenharia de dados/projeto_airflow/airflowalura/venv/lib/python3.9/site-packages/airflow/example_dags/example_xcom.py
[2024-04-27 09:51:10,136] {logging_mixin.py:115} INFO - [2024-04-27 09:51:10,136] {dag.py:2379} INFO - Sync 1 DAGs
[2024-04-27 09:51:10,145] {logging_mixin.py:115} INFO - [2024-04-27 09:51:10,145] {dag.py:2927} INFO - Setting next_dagrun for example_xcom to 2021-01-01T00:00:00+00:00, run_after=2021-01-01T00:00:00+00:00
[2024-04-27 09:51:10,161] {processor.py:161} INFO - Processing /home/enrico/Documentos/backup/AULA/Alura/Engenharia de dados/projeto_airflow/airflowalura/venv/lib/python3.9/site-packages/airflow/example_dags/example_xcom.py took 0.071 seconds
[2024-04-27 09:51:45,833] {processor.py:153} INFO - Started process (PID=96400) to work on /home/enrico/Documentos/backup/AULA/Alura/Engenharia de dados/projeto_airflow/airflowalura/venv/lib/python3.9/site-packages/airflow/example_dags/example_xcom.py
[2024-04-27 09:51:45,836] {processor.py:641} INFO - Processing file /home/enrico/Documentos/backup/AULA/Alura/Engenharia de dados/projeto_airflow/airflowalura/venv/lib/python3.9/site-packages/airflow/example_dags/example_xcom.py for tasks to queue
[2024-04-27 09:51:45,836] {logging_mixin.py:115} INFO - [2024-04-27 09:51:45,836] {dagbag.py:507} INFO - Filling up the DagBag from /home/enrico/Documentos/backup/AULA/Alura/Engenharia de dados/projeto_airflow/airflowalura/venv/lib/python3.9/site-packages/airflow/example_dags/example_xcom.py
[2024-04-27 09:51:45,849] {processor.py:651} INFO - DAG(s) dict_keys(['example_xcom']) retrieved from /home/enrico/Documentos/backup/AULA/Alura/Engenharia de dados/projeto_airflow/airflowalura/venv/lib/python3.9/site-packages/airflow/example_dags/example_xcom.py
[2024-04-27 09:51:45,858] {logging_mixin.py:115} INFO - [2024-04-27 09:51:45,858] {dag.py:2379} INFO - Sync 1 DAGs
[2024-04-27 09:51:45,869] {logging_mixin.py:115} INFO - [2024-04-27 09:51:45,869] {dag.py:2927} INFO - Setting next_dagrun for example_xcom to 2021-01-01T00:00:00+00:00, run_after=2021-01-01T00:00:00+00:00
[2024-04-27 09:51:45,880] {processor.py:161} INFO - Processing /home/enrico/Documentos/backup/AULA/Alura/Engenharia de dados/projeto_airflow/airflowalura/venv/lib/python3.9/site-packages/airflow/example_dags/example_xcom.py took 0.048 seconds
[2024-04-27 09:52:23,183] {processor.py:153} INFO - Started process (PID=96512) to work on /home/enrico/Documentos/backup/AULA/Alura/Engenharia de dados/projeto_airflow/airflowalura/venv/lib/python3.9/site-packages/airflow/example_dags/example_xcom.py
[2024-04-27 09:52:23,186] {processor.py:641} INFO - Processing file /home/enrico/Documentos/backup/AULA/Alura/Engenharia de dados/projeto_airflow/airflowalura/venv/lib/python3.9/site-packages/airflow/example_dags/example_xcom.py for tasks to queue
[2024-04-27 09:52:23,187] {logging_mixin.py:115} INFO - [2024-04-27 09:52:23,187] {dagbag.py:507} INFO - Filling up the DagBag from /home/enrico/Documentos/backup/AULA/Alura/Engenharia de dados/projeto_airflow/airflowalura/venv/lib/python3.9/site-packages/airflow/example_dags/example_xcom.py
[2024-04-27 09:52:23,197] {processor.py:651} INFO - DAG(s) dict_keys(['example_xcom']) retrieved from /home/enrico/Documentos/backup/AULA/Alura/Engenharia de dados/projeto_airflow/airflowalura/venv/lib/python3.9/site-packages/airflow/example_dags/example_xcom.py
[2024-04-27 09:52:23,206] {logging_mixin.py:115} INFO - [2024-04-27 09:52:23,206] {dag.py:2379} INFO - Sync 1 DAGs
[2024-04-27 09:52:23,215] {logging_mixin.py:115} INFO - [2024-04-27 09:52:23,215] {dag.py:2927} INFO - Setting next_dagrun for example_xcom to 2021-01-01T00:00:00+00:00, run_after=2021-01-01T00:00:00+00:00
[2024-04-27 09:52:23,227] {processor.py:161} INFO - Processing /home/enrico/Documentos/backup/AULA/Alura/Engenharia de dados/projeto_airflow/airflowalura/venv/lib/python3.9/site-packages/airflow/example_dags/example_xcom.py took 0.045 seconds
[2024-04-27 09:52:55,823] {processor.py:153} INFO - Started process (PID=96612) to work on /home/enrico/Documentos/backup/AULA/Alura/Engenharia de dados/projeto_airflow/airflowalura/venv/lib/python3.9/site-packages/airflow/example_dags/example_xcom.py
[2024-04-27 09:52:55,823] {processor.py:641} INFO - Processing file /home/enrico/Documentos/backup/AULA/Alura/Engenharia de dados/projeto_airflow/airflowalura/venv/lib/python3.9/site-packages/airflow/example_dags/example_xcom.py for tasks to queue
[2024-04-27 09:52:55,823] {logging_mixin.py:115} INFO - [2024-04-27 09:52:55,823] {dagbag.py:507} INFO - Filling up the DagBag from /home/enrico/Documentos/backup/AULA/Alura/Engenharia de dados/projeto_airflow/airflowalura/venv/lib/python3.9/site-packages/airflow/example_dags/example_xcom.py
[2024-04-27 09:52:55,836] {processor.py:651} INFO - DAG(s) dict_keys(['example_xcom']) retrieved from /home/enrico/Documentos/backup/AULA/Alura/Engenharia de dados/projeto_airflow/airflowalura/venv/lib/python3.9/site-packages/airflow/example_dags/example_xcom.py
[2024-04-27 09:52:55,845] {logging_mixin.py:115} INFO - [2024-04-27 09:52:55,845] {dag.py:2379} INFO - Sync 1 DAGs
[2024-04-27 09:52:55,855] {logging_mixin.py:115} INFO - [2024-04-27 09:52:55,855] {dag.py:2927} INFO - Setting next_dagrun for example_xcom to 2021-01-01T00:00:00+00:00, run_after=2021-01-01T00:00:00+00:00
[2024-04-27 09:52:55,865] {processor.py:161} INFO - Processing /home/enrico/Documentos/backup/AULA/Alura/Engenharia de dados/projeto_airflow/airflowalura/venv/lib/python3.9/site-packages/airflow/example_dags/example_xcom.py took 0.044 seconds
[2024-04-27 09:53:28,839] {processor.py:153} INFO - Started process (PID=96655) to work on /home/enrico/Documentos/backup/AULA/Alura/Engenharia de dados/projeto_airflow/airflowalura/venv/lib/python3.9/site-packages/airflow/example_dags/example_xcom.py
[2024-04-27 09:53:28,842] {processor.py:641} INFO - Processing file /home/enrico/Documentos/backup/AULA/Alura/Engenharia de dados/projeto_airflow/airflowalura/venv/lib/python3.9/site-packages/airflow/example_dags/example_xcom.py for tasks to queue
[2024-04-27 09:53:28,843] {logging_mixin.py:115} INFO - [2024-04-27 09:53:28,842] {dagbag.py:507} INFO - Filling up the DagBag from /home/enrico/Documentos/backup/AULA/Alura/Engenharia de dados/projeto_airflow/airflowalura/venv/lib/python3.9/site-packages/airflow/example_dags/example_xcom.py
[2024-04-27 09:53:28,872] {processor.py:651} INFO - DAG(s) dict_keys(['example_xcom']) retrieved from /home/enrico/Documentos/backup/AULA/Alura/Engenharia de dados/projeto_airflow/airflowalura/venv/lib/python3.9/site-packages/airflow/example_dags/example_xcom.py
[2024-04-27 09:53:28,879] {logging_mixin.py:115} INFO - [2024-04-27 09:53:28,879] {dag.py:2379} INFO - Sync 1 DAGs
[2024-04-27 09:53:28,888] {logging_mixin.py:115} INFO - [2024-04-27 09:53:28,888] {dag.py:2927} INFO - Setting next_dagrun for example_xcom to 2021-01-01T00:00:00+00:00, run_after=2021-01-01T00:00:00+00:00
[2024-04-27 09:53:28,898] {processor.py:161} INFO - Processing /home/enrico/Documentos/backup/AULA/Alura/Engenharia de dados/projeto_airflow/airflowalura/venv/lib/python3.9/site-packages/airflow/example_dags/example_xcom.py took 0.061 seconds
[2024-04-27 09:54:05,193] {processor.py:153} INFO - Started process (PID=96714) to work on /home/enrico/Documentos/backup/AULA/Alura/Engenharia de dados/projeto_airflow/airflowalura/venv/lib/python3.9/site-packages/airflow/example_dags/example_xcom.py
[2024-04-27 09:54:05,196] {processor.py:641} INFO - Processing file /home/enrico/Documentos/backup/AULA/Alura/Engenharia de dados/projeto_airflow/airflowalura/venv/lib/python3.9/site-packages/airflow/example_dags/example_xcom.py for tasks to queue
[2024-04-27 09:54:05,197] {logging_mixin.py:115} INFO - [2024-04-27 09:54:05,197] {dagbag.py:507} INFO - Filling up the DagBag from /home/enrico/Documentos/backup/AULA/Alura/Engenharia de dados/projeto_airflow/airflowalura/venv/lib/python3.9/site-packages/airflow/example_dags/example_xcom.py
[2024-04-27 09:54:05,230] {processor.py:651} INFO - DAG(s) dict_keys(['example_xcom']) retrieved from /home/enrico/Documentos/backup/AULA/Alura/Engenharia de dados/projeto_airflow/airflowalura/venv/lib/python3.9/site-packages/airflow/example_dags/example_xcom.py
[2024-04-27 09:54:05,240] {logging_mixin.py:115} INFO - [2024-04-27 09:54:05,240] {dag.py:2379} INFO - Sync 1 DAGs
[2024-04-27 09:54:05,249] {logging_mixin.py:115} INFO - [2024-04-27 09:54:05,249] {dag.py:2927} INFO - Setting next_dagrun for example_xcom to 2021-01-01T00:00:00+00:00, run_after=2021-01-01T00:00:00+00:00
[2024-04-27 09:54:05,259] {processor.py:161} INFO - Processing /home/enrico/Documentos/backup/AULA/Alura/Engenharia de dados/projeto_airflow/airflowalura/venv/lib/python3.9/site-packages/airflow/example_dags/example_xcom.py took 0.071 seconds
[2024-04-27 09:54:38,211] {processor.py:153} INFO - Started process (PID=96762) to work on /home/enrico/Documentos/backup/AULA/Alura/Engenharia de dados/projeto_airflow/airflowalura/venv/lib/python3.9/site-packages/airflow/example_dags/example_xcom.py
[2024-04-27 09:54:38,214] {processor.py:641} INFO - Processing file /home/enrico/Documentos/backup/AULA/Alura/Engenharia de dados/projeto_airflow/airflowalura/venv/lib/python3.9/site-packages/airflow/example_dags/example_xcom.py for tasks to queue
[2024-04-27 09:54:38,215] {logging_mixin.py:115} INFO - [2024-04-27 09:54:38,215] {dagbag.py:507} INFO - Filling up the DagBag from /home/enrico/Documentos/backup/AULA/Alura/Engenharia de dados/projeto_airflow/airflowalura/venv/lib/python3.9/site-packages/airflow/example_dags/example_xcom.py
[2024-04-27 09:54:38,247] {processor.py:651} INFO - DAG(s) dict_keys(['example_xcom']) retrieved from /home/enrico/Documentos/backup/AULA/Alura/Engenharia de dados/projeto_airflow/airflowalura/venv/lib/python3.9/site-packages/airflow/example_dags/example_xcom.py
[2024-04-27 09:54:38,257] {logging_mixin.py:115} INFO - [2024-04-27 09:54:38,257] {dag.py:2379} INFO - Sync 1 DAGs
[2024-04-27 09:54:38,267] {logging_mixin.py:115} INFO - [2024-04-27 09:54:38,267] {dag.py:2927} INFO - Setting next_dagrun for example_xcom to 2021-01-01T00:00:00+00:00, run_after=2021-01-01T00:00:00+00:00
[2024-04-27 09:54:38,277] {processor.py:161} INFO - Processing /home/enrico/Documentos/backup/AULA/Alura/Engenharia de dados/projeto_airflow/airflowalura/venv/lib/python3.9/site-packages/airflow/example_dags/example_xcom.py took 0.072 seconds
[2024-04-27 09:55:11,900] {processor.py:153} INFO - Started process (PID=96818) to work on /home/enrico/Documentos/backup/AULA/Alura/Engenharia de dados/projeto_airflow/airflowalura/venv/lib/python3.9/site-packages/airflow/example_dags/example_xcom.py
[2024-04-27 09:55:11,903] {processor.py:641} INFO - Processing file /home/enrico/Documentos/backup/AULA/Alura/Engenharia de dados/projeto_airflow/airflowalura/venv/lib/python3.9/site-packages/airflow/example_dags/example_xcom.py for tasks to queue
[2024-04-27 09:55:11,904] {logging_mixin.py:115} INFO - [2024-04-27 09:55:11,904] {dagbag.py:507} INFO - Filling up the DagBag from /home/enrico/Documentos/backup/AULA/Alura/Engenharia de dados/projeto_airflow/airflowalura/venv/lib/python3.9/site-packages/airflow/example_dags/example_xcom.py
[2024-04-27 09:55:11,937] {processor.py:651} INFO - DAG(s) dict_keys(['example_xcom']) retrieved from /home/enrico/Documentos/backup/AULA/Alura/Engenharia de dados/projeto_airflow/airflowalura/venv/lib/python3.9/site-packages/airflow/example_dags/example_xcom.py
[2024-04-27 09:55:11,964] {logging_mixin.py:115} INFO - [2024-04-27 09:55:11,964] {dag.py:2379} INFO - Sync 1 DAGs
[2024-04-27 09:55:11,972] {logging_mixin.py:115} INFO - [2024-04-27 09:55:11,972] {dag.py:2927} INFO - Setting next_dagrun for example_xcom to 2021-01-01T00:00:00+00:00, run_after=2021-01-01T00:00:00+00:00
[2024-04-27 09:55:11,983] {processor.py:161} INFO - Processing /home/enrico/Documentos/backup/AULA/Alura/Engenharia de dados/projeto_airflow/airflowalura/venv/lib/python3.9/site-packages/airflow/example_dags/example_xcom.py took 0.089 seconds
[2024-04-27 09:55:48,149] {processor.py:153} INFO - Started process (PID=96873) to work on /home/enrico/Documentos/backup/AULA/Alura/Engenharia de dados/projeto_airflow/airflowalura/venv/lib/python3.9/site-packages/airflow/example_dags/example_xcom.py
[2024-04-27 09:55:48,151] {processor.py:641} INFO - Processing file /home/enrico/Documentos/backup/AULA/Alura/Engenharia de dados/projeto_airflow/airflowalura/venv/lib/python3.9/site-packages/airflow/example_dags/example_xcom.py for tasks to queue
[2024-04-27 09:55:48,152] {logging_mixin.py:115} INFO - [2024-04-27 09:55:48,152] {dagbag.py:507} INFO - Filling up the DagBag from /home/enrico/Documentos/backup/AULA/Alura/Engenharia de dados/projeto_airflow/airflowalura/venv/lib/python3.9/site-packages/airflow/example_dags/example_xcom.py
[2024-04-27 09:55:48,185] {processor.py:651} INFO - DAG(s) dict_keys(['example_xcom']) retrieved from /home/enrico/Documentos/backup/AULA/Alura/Engenharia de dados/projeto_airflow/airflowalura/venv/lib/python3.9/site-packages/airflow/example_dags/example_xcom.py
[2024-04-27 09:55:48,195] {logging_mixin.py:115} INFO - [2024-04-27 09:55:48,195] {dag.py:2379} INFO - Sync 1 DAGs
[2024-04-27 09:55:48,206] {logging_mixin.py:115} INFO - [2024-04-27 09:55:48,206] {dag.py:2927} INFO - Setting next_dagrun for example_xcom to 2021-01-01T00:00:00+00:00, run_after=2021-01-01T00:00:00+00:00
[2024-04-27 09:55:48,216] {processor.py:161} INFO - Processing /home/enrico/Documentos/backup/AULA/Alura/Engenharia de dados/projeto_airflow/airflowalura/venv/lib/python3.9/site-packages/airflow/example_dags/example_xcom.py took 0.072 seconds
[2024-04-27 09:56:20,657] {processor.py:153} INFO - Started process (PID=96948) to work on /home/enrico/Documentos/backup/AULA/Alura/Engenharia de dados/projeto_airflow/airflowalura/venv/lib/python3.9/site-packages/airflow/example_dags/example_xcom.py
[2024-04-27 09:56:20,658] {processor.py:641} INFO - Processing file /home/enrico/Documentos/backup/AULA/Alura/Engenharia de dados/projeto_airflow/airflowalura/venv/lib/python3.9/site-packages/airflow/example_dags/example_xcom.py for tasks to queue
[2024-04-27 09:56:20,659] {logging_mixin.py:115} INFO - [2024-04-27 09:56:20,659] {dagbag.py:507} INFO - Filling up the DagBag from /home/enrico/Documentos/backup/AULA/Alura/Engenharia de dados/projeto_airflow/airflowalura/venv/lib/python3.9/site-packages/airflow/example_dags/example_xcom.py
[2024-04-27 09:56:20,677] {processor.py:651} INFO - DAG(s) dict_keys(['example_xcom']) retrieved from /home/enrico/Documentos/backup/AULA/Alura/Engenharia de dados/projeto_airflow/airflowalura/venv/lib/python3.9/site-packages/airflow/example_dags/example_xcom.py
[2024-04-27 09:56:20,684] {logging_mixin.py:115} INFO - [2024-04-27 09:56:20,684] {dag.py:2379} INFO - Sync 1 DAGs
[2024-04-27 09:56:20,693] {logging_mixin.py:115} INFO - [2024-04-27 09:56:20,693] {dag.py:2927} INFO - Setting next_dagrun for example_xcom to 2021-01-01T00:00:00+00:00, run_after=2021-01-01T00:00:00+00:00
[2024-04-27 09:56:20,702] {processor.py:161} INFO - Processing /home/enrico/Documentos/backup/AULA/Alura/Engenharia de dados/projeto_airflow/airflowalura/venv/lib/python3.9/site-packages/airflow/example_dags/example_xcom.py took 0.049 seconds
[2024-04-27 09:56:55,042] {processor.py:153} INFO - Started process (PID=96997) to work on /home/enrico/Documentos/backup/AULA/Alura/Engenharia de dados/projeto_airflow/airflowalura/venv/lib/python3.9/site-packages/airflow/example_dags/example_xcom.py
[2024-04-27 09:56:55,044] {processor.py:641} INFO - Processing file /home/enrico/Documentos/backup/AULA/Alura/Engenharia de dados/projeto_airflow/airflowalura/venv/lib/python3.9/site-packages/airflow/example_dags/example_xcom.py for tasks to queue
[2024-04-27 09:56:55,045] {logging_mixin.py:115} INFO - [2024-04-27 09:56:55,045] {dagbag.py:507} INFO - Filling up the DagBag from /home/enrico/Documentos/backup/AULA/Alura/Engenharia de dados/projeto_airflow/airflowalura/venv/lib/python3.9/site-packages/airflow/example_dags/example_xcom.py
[2024-04-27 09:56:55,055] {processor.py:651} INFO - DAG(s) dict_keys(['example_xcom']) retrieved from /home/enrico/Documentos/backup/AULA/Alura/Engenharia de dados/projeto_airflow/airflowalura/venv/lib/python3.9/site-packages/airflow/example_dags/example_xcom.py
[2024-04-27 09:56:55,077] {logging_mixin.py:115} INFO - [2024-04-27 09:56:55,077] {dag.py:2379} INFO - Sync 1 DAGs
[2024-04-27 09:56:55,085] {logging_mixin.py:115} INFO - [2024-04-27 09:56:55,085] {dag.py:2927} INFO - Setting next_dagrun for example_xcom to 2021-01-01T00:00:00+00:00, run_after=2021-01-01T00:00:00+00:00
[2024-04-27 09:56:55,096] {processor.py:161} INFO - Processing /home/enrico/Documentos/backup/AULA/Alura/Engenharia de dados/projeto_airflow/airflowalura/venv/lib/python3.9/site-packages/airflow/example_dags/example_xcom.py took 0.056 seconds
[2024-04-27 09:57:28,088] {processor.py:153} INFO - Started process (PID=97105) to work on /home/enrico/Documentos/backup/AULA/Alura/Engenharia de dados/projeto_airflow/airflowalura/venv/lib/python3.9/site-packages/airflow/example_dags/example_xcom.py
[2024-04-27 09:57:28,088] {processor.py:641} INFO - Processing file /home/enrico/Documentos/backup/AULA/Alura/Engenharia de dados/projeto_airflow/airflowalura/venv/lib/python3.9/site-packages/airflow/example_dags/example_xcom.py for tasks to queue
[2024-04-27 09:57:28,089] {logging_mixin.py:115} INFO - [2024-04-27 09:57:28,089] {dagbag.py:507} INFO - Filling up the DagBag from /home/enrico/Documentos/backup/AULA/Alura/Engenharia de dados/projeto_airflow/airflowalura/venv/lib/python3.9/site-packages/airflow/example_dags/example_xcom.py
[2024-04-27 09:57:28,100] {processor.py:651} INFO - DAG(s) dict_keys(['example_xcom']) retrieved from /home/enrico/Documentos/backup/AULA/Alura/Engenharia de dados/projeto_airflow/airflowalura/venv/lib/python3.9/site-packages/airflow/example_dags/example_xcom.py
[2024-04-27 09:57:28,107] {logging_mixin.py:115} INFO - [2024-04-27 09:57:28,107] {dag.py:2379} INFO - Sync 1 DAGs
[2024-04-27 09:57:28,116] {logging_mixin.py:115} INFO - [2024-04-27 09:57:28,116] {dag.py:2927} INFO - Setting next_dagrun for example_xcom to 2021-01-01T00:00:00+00:00, run_after=2021-01-01T00:00:00+00:00
[2024-04-27 09:57:28,126] {processor.py:161} INFO - Processing /home/enrico/Documentos/backup/AULA/Alura/Engenharia de dados/projeto_airflow/airflowalura/venv/lib/python3.9/site-packages/airflow/example_dags/example_xcom.py took 0.039 seconds
[2024-04-27 09:58:02,175] {processor.py:153} INFO - Started process (PID=97162) to work on /home/enrico/Documentos/backup/AULA/Alura/Engenharia de dados/projeto_airflow/airflowalura/venv/lib/python3.9/site-packages/airflow/example_dags/example_xcom.py
[2024-04-27 09:58:02,177] {processor.py:641} INFO - Processing file /home/enrico/Documentos/backup/AULA/Alura/Engenharia de dados/projeto_airflow/airflowalura/venv/lib/python3.9/site-packages/airflow/example_dags/example_xcom.py for tasks to queue
[2024-04-27 09:58:02,178] {logging_mixin.py:115} INFO - [2024-04-27 09:58:02,178] {dagbag.py:507} INFO - Filling up the DagBag from /home/enrico/Documentos/backup/AULA/Alura/Engenharia de dados/projeto_airflow/airflowalura/venv/lib/python3.9/site-packages/airflow/example_dags/example_xcom.py
[2024-04-27 09:58:02,209] {processor.py:651} INFO - DAG(s) dict_keys(['example_xcom']) retrieved from /home/enrico/Documentos/backup/AULA/Alura/Engenharia de dados/projeto_airflow/airflowalura/venv/lib/python3.9/site-packages/airflow/example_dags/example_xcom.py
[2024-04-27 09:58:02,236] {logging_mixin.py:115} INFO - [2024-04-27 09:58:02,236] {dag.py:2379} INFO - Sync 1 DAGs
[2024-04-27 09:58:02,245] {logging_mixin.py:115} INFO - [2024-04-27 09:58:02,244] {dag.py:2927} INFO - Setting next_dagrun for example_xcom to 2021-01-01T00:00:00+00:00, run_after=2021-01-01T00:00:00+00:00
[2024-04-27 09:58:02,255] {processor.py:161} INFO - Processing /home/enrico/Documentos/backup/AULA/Alura/Engenharia de dados/projeto_airflow/airflowalura/venv/lib/python3.9/site-packages/airflow/example_dags/example_xcom.py took 0.084 seconds
[2024-04-27 09:58:36,936] {processor.py:153} INFO - Started process (PID=97224) to work on /home/enrico/Documentos/backup/AULA/Alura/Engenharia de dados/projeto_airflow/airflowalura/venv/lib/python3.9/site-packages/airflow/example_dags/example_xcom.py
[2024-04-27 09:58:36,937] {processor.py:641} INFO - Processing file /home/enrico/Documentos/backup/AULA/Alura/Engenharia de dados/projeto_airflow/airflowalura/venv/lib/python3.9/site-packages/airflow/example_dags/example_xcom.py for tasks to queue
[2024-04-27 09:58:36,937] {logging_mixin.py:115} INFO - [2024-04-27 09:58:36,937] {dagbag.py:507} INFO - Filling up the DagBag from /home/enrico/Documentos/backup/AULA/Alura/Engenharia de dados/projeto_airflow/airflowalura/venv/lib/python3.9/site-packages/airflow/example_dags/example_xcom.py
[2024-04-27 09:58:36,948] {processor.py:651} INFO - DAG(s) dict_keys(['example_xcom']) retrieved from /home/enrico/Documentos/backup/AULA/Alura/Engenharia de dados/projeto_airflow/airflowalura/venv/lib/python3.9/site-packages/airflow/example_dags/example_xcom.py
[2024-04-27 09:58:36,971] {logging_mixin.py:115} INFO - [2024-04-27 09:58:36,971] {dag.py:2379} INFO - Sync 1 DAGs
[2024-04-27 09:58:36,979] {logging_mixin.py:115} INFO - [2024-04-27 09:58:36,979] {dag.py:2927} INFO - Setting next_dagrun for example_xcom to 2021-01-01T00:00:00+00:00, run_after=2021-01-01T00:00:00+00:00
[2024-04-27 09:58:36,990] {processor.py:161} INFO - Processing /home/enrico/Documentos/backup/AULA/Alura/Engenharia de dados/projeto_airflow/airflowalura/venv/lib/python3.9/site-packages/airflow/example_dags/example_xcom.py took 0.055 seconds
[2024-04-27 09:59:08,958] {processor.py:153} INFO - Started process (PID=97274) to work on /home/enrico/Documentos/backup/AULA/Alura/Engenharia de dados/projeto_airflow/airflowalura/venv/lib/python3.9/site-packages/airflow/example_dags/example_xcom.py
[2024-04-27 09:59:08,959] {processor.py:641} INFO - Processing file /home/enrico/Documentos/backup/AULA/Alura/Engenharia de dados/projeto_airflow/airflowalura/venv/lib/python3.9/site-packages/airflow/example_dags/example_xcom.py for tasks to queue
[2024-04-27 09:59:08,960] {logging_mixin.py:115} INFO - [2024-04-27 09:59:08,959] {dagbag.py:507} INFO - Filling up the DagBag from /home/enrico/Documentos/backup/AULA/Alura/Engenharia de dados/projeto_airflow/airflowalura/venv/lib/python3.9/site-packages/airflow/example_dags/example_xcom.py
[2024-04-27 09:59:08,990] {processor.py:651} INFO - DAG(s) dict_keys(['example_xcom']) retrieved from /home/enrico/Documentos/backup/AULA/Alura/Engenharia de dados/projeto_airflow/airflowalura/venv/lib/python3.9/site-packages/airflow/example_dags/example_xcom.py
[2024-04-27 09:59:08,997] {logging_mixin.py:115} INFO - [2024-04-27 09:59:08,997] {dag.py:2379} INFO - Sync 1 DAGs
[2024-04-27 09:59:09,006] {logging_mixin.py:115} INFO - [2024-04-27 09:59:09,006] {dag.py:2927} INFO - Setting next_dagrun for example_xcom to 2021-01-01T00:00:00+00:00, run_after=2021-01-01T00:00:00+00:00
[2024-04-27 09:59:09,019] {processor.py:161} INFO - Processing /home/enrico/Documentos/backup/AULA/Alura/Engenharia de dados/projeto_airflow/airflowalura/venv/lib/python3.9/site-packages/airflow/example_dags/example_xcom.py took 0.067 seconds
[2024-04-27 09:59:42,471] {processor.py:153} INFO - Started process (PID=97328) to work on /home/enrico/Documentos/backup/AULA/Alura/Engenharia de dados/projeto_airflow/airflowalura/venv/lib/python3.9/site-packages/airflow/example_dags/example_xcom.py
[2024-04-27 09:59:42,474] {processor.py:641} INFO - Processing file /home/enrico/Documentos/backup/AULA/Alura/Engenharia de dados/projeto_airflow/airflowalura/venv/lib/python3.9/site-packages/airflow/example_dags/example_xcom.py for tasks to queue
[2024-04-27 09:59:42,475] {logging_mixin.py:115} INFO - [2024-04-27 09:59:42,475] {dagbag.py:507} INFO - Filling up the DagBag from /home/enrico/Documentos/backup/AULA/Alura/Engenharia de dados/projeto_airflow/airflowalura/venv/lib/python3.9/site-packages/airflow/example_dags/example_xcom.py
[2024-04-27 09:59:42,508] {processor.py:651} INFO - DAG(s) dict_keys(['example_xcom']) retrieved from /home/enrico/Documentos/backup/AULA/Alura/Engenharia de dados/projeto_airflow/airflowalura/venv/lib/python3.9/site-packages/airflow/example_dags/example_xcom.py
[2024-04-27 09:59:42,518] {logging_mixin.py:115} INFO - [2024-04-27 09:59:42,518] {dag.py:2379} INFO - Sync 1 DAGs
[2024-04-27 09:59:42,528] {logging_mixin.py:115} INFO - [2024-04-27 09:59:42,528] {dag.py:2927} INFO - Setting next_dagrun for example_xcom to 2021-01-01T00:00:00+00:00, run_after=2021-01-01T00:00:00+00:00
[2024-04-27 09:59:42,538] {processor.py:161} INFO - Processing /home/enrico/Documentos/backup/AULA/Alura/Engenharia de dados/projeto_airflow/airflowalura/venv/lib/python3.9/site-packages/airflow/example_dags/example_xcom.py took 0.073 seconds
[2024-04-27 10:00:17,471] {processor.py:153} INFO - Started process (PID=97392) to work on /home/enrico/Documentos/backup/AULA/Alura/Engenharia de dados/projeto_airflow/airflowalura/venv/lib/python3.9/site-packages/airflow/example_dags/example_xcom.py
[2024-04-27 10:00:17,475] {processor.py:641} INFO - Processing file /home/enrico/Documentos/backup/AULA/Alura/Engenharia de dados/projeto_airflow/airflowalura/venv/lib/python3.9/site-packages/airflow/example_dags/example_xcom.py for tasks to queue
[2024-04-27 10:00:17,476] {logging_mixin.py:115} INFO - [2024-04-27 10:00:17,476] {dagbag.py:507} INFO - Filling up the DagBag from /home/enrico/Documentos/backup/AULA/Alura/Engenharia de dados/projeto_airflow/airflowalura/venv/lib/python3.9/site-packages/airflow/example_dags/example_xcom.py
[2024-04-27 10:00:17,503] {processor.py:651} INFO - DAG(s) dict_keys(['example_xcom']) retrieved from /home/enrico/Documentos/backup/AULA/Alura/Engenharia de dados/projeto_airflow/airflowalura/venv/lib/python3.9/site-packages/airflow/example_dags/example_xcom.py
[2024-04-27 10:00:17,529] {logging_mixin.py:115} INFO - [2024-04-27 10:00:17,529] {dag.py:2379} INFO - Sync 1 DAGs
[2024-04-27 10:00:17,537] {logging_mixin.py:115} INFO - [2024-04-27 10:00:17,537] {dag.py:2927} INFO - Setting next_dagrun for example_xcom to 2021-01-01T00:00:00+00:00, run_after=2021-01-01T00:00:00+00:00
[2024-04-27 10:00:17,553] {processor.py:161} INFO - Processing /home/enrico/Documentos/backup/AULA/Alura/Engenharia de dados/projeto_airflow/airflowalura/venv/lib/python3.9/site-packages/airflow/example_dags/example_xcom.py took 0.087 seconds
[2024-04-27 10:00:51,801] {processor.py:153} INFO - Started process (PID=97439) to work on /home/enrico/Documentos/backup/AULA/Alura/Engenharia de dados/projeto_airflow/airflowalura/venv/lib/python3.9/site-packages/airflow/example_dags/example_xcom.py
[2024-04-27 10:00:51,802] {processor.py:641} INFO - Processing file /home/enrico/Documentos/backup/AULA/Alura/Engenharia de dados/projeto_airflow/airflowalura/venv/lib/python3.9/site-packages/airflow/example_dags/example_xcom.py for tasks to queue
[2024-04-27 10:00:51,804] {logging_mixin.py:115} INFO - [2024-04-27 10:00:51,803] {dagbag.py:507} INFO - Filling up the DagBag from /home/enrico/Documentos/backup/AULA/Alura/Engenharia de dados/projeto_airflow/airflowalura/venv/lib/python3.9/site-packages/airflow/example_dags/example_xcom.py
[2024-04-27 10:00:51,837] {processor.py:651} INFO - DAG(s) dict_keys(['example_xcom']) retrieved from /home/enrico/Documentos/backup/AULA/Alura/Engenharia de dados/projeto_airflow/airflowalura/venv/lib/python3.9/site-packages/airflow/example_dags/example_xcom.py
[2024-04-27 10:00:51,847] {logging_mixin.py:115} INFO - [2024-04-27 10:00:51,847] {dag.py:2379} INFO - Sync 1 DAGs
[2024-04-27 10:00:51,857] {logging_mixin.py:115} INFO - [2024-04-27 10:00:51,857] {dag.py:2927} INFO - Setting next_dagrun for example_xcom to 2021-01-01T00:00:00+00:00, run_after=2021-01-01T00:00:00+00:00
[2024-04-27 10:00:51,871] {processor.py:161} INFO - Processing /home/enrico/Documentos/backup/AULA/Alura/Engenharia de dados/projeto_airflow/airflowalura/venv/lib/python3.9/site-packages/airflow/example_dags/example_xcom.py took 0.076 seconds
[2024-04-27 10:01:24,921] {processor.py:153} INFO - Started process (PID=97506) to work on /home/enrico/Documentos/backup/AULA/Alura/Engenharia de dados/projeto_airflow/airflowalura/venv/lib/python3.9/site-packages/airflow/example_dags/example_xcom.py
[2024-04-27 10:01:24,921] {processor.py:641} INFO - Processing file /home/enrico/Documentos/backup/AULA/Alura/Engenharia de dados/projeto_airflow/airflowalura/venv/lib/python3.9/site-packages/airflow/example_dags/example_xcom.py for tasks to queue
[2024-04-27 10:01:24,921] {logging_mixin.py:115} INFO - [2024-04-27 10:01:24,921] {dagbag.py:507} INFO - Filling up the DagBag from /home/enrico/Documentos/backup/AULA/Alura/Engenharia de dados/projeto_airflow/airflowalura/venv/lib/python3.9/site-packages/airflow/example_dags/example_xcom.py
[2024-04-27 10:01:24,932] {processor.py:651} INFO - DAG(s) dict_keys(['example_xcom']) retrieved from /home/enrico/Documentos/backup/AULA/Alura/Engenharia de dados/projeto_airflow/airflowalura/venv/lib/python3.9/site-packages/airflow/example_dags/example_xcom.py
[2024-04-27 10:01:24,940] {logging_mixin.py:115} INFO - [2024-04-27 10:01:24,940] {dag.py:2379} INFO - Sync 1 DAGs
[2024-04-27 10:01:24,949] {logging_mixin.py:115} INFO - [2024-04-27 10:01:24,949] {dag.py:2927} INFO - Setting next_dagrun for example_xcom to 2021-01-01T00:00:00+00:00, run_after=2021-01-01T00:00:00+00:00
[2024-04-27 10:01:24,958] {processor.py:161} INFO - Processing /home/enrico/Documentos/backup/AULA/Alura/Engenharia de dados/projeto_airflow/airflowalura/venv/lib/python3.9/site-packages/airflow/example_dags/example_xcom.py took 0.039 seconds
[2024-04-27 10:01:58,680] {processor.py:153} INFO - Started process (PID=97553) to work on /home/enrico/Documentos/backup/AULA/Alura/Engenharia de dados/projeto_airflow/airflowalura/venv/lib/python3.9/site-packages/airflow/example_dags/example_xcom.py
[2024-04-27 10:01:58,682] {processor.py:641} INFO - Processing file /home/enrico/Documentos/backup/AULA/Alura/Engenharia de dados/projeto_airflow/airflowalura/venv/lib/python3.9/site-packages/airflow/example_dags/example_xcom.py for tasks to queue
[2024-04-27 10:01:58,683] {logging_mixin.py:115} INFO - [2024-04-27 10:01:58,683] {dagbag.py:507} INFO - Filling up the DagBag from /home/enrico/Documentos/backup/AULA/Alura/Engenharia de dados/projeto_airflow/airflowalura/venv/lib/python3.9/site-packages/airflow/example_dags/example_xcom.py
[2024-04-27 10:01:58,694] {processor.py:651} INFO - DAG(s) dict_keys(['example_xcom']) retrieved from /home/enrico/Documentos/backup/AULA/Alura/Engenharia de dados/projeto_airflow/airflowalura/venv/lib/python3.9/site-packages/airflow/example_dags/example_xcom.py
[2024-04-27 10:01:58,702] {logging_mixin.py:115} INFO - [2024-04-27 10:01:58,702] {dag.py:2379} INFO - Sync 1 DAGs
[2024-04-27 10:01:58,712] {logging_mixin.py:115} INFO - [2024-04-27 10:01:58,712] {dag.py:2927} INFO - Setting next_dagrun for example_xcom to 2021-01-01T00:00:00+00:00, run_after=2021-01-01T00:00:00+00:00
[2024-04-27 10:01:58,722] {processor.py:161} INFO - Processing /home/enrico/Documentos/backup/AULA/Alura/Engenharia de dados/projeto_airflow/airflowalura/venv/lib/python3.9/site-packages/airflow/example_dags/example_xcom.py took 0.044 seconds
[2024-04-27 10:02:32,739] {processor.py:153} INFO - Started process (PID=97716) to work on /home/enrico/Documentos/backup/AULA/Alura/Engenharia de dados/projeto_airflow/airflowalura/venv/lib/python3.9/site-packages/airflow/example_dags/example_xcom.py
[2024-04-27 10:02:32,739] {processor.py:641} INFO - Processing file /home/enrico/Documentos/backup/AULA/Alura/Engenharia de dados/projeto_airflow/airflowalura/venv/lib/python3.9/site-packages/airflow/example_dags/example_xcom.py for tasks to queue
[2024-04-27 10:02:32,740] {logging_mixin.py:115} INFO - [2024-04-27 10:02:32,740] {dagbag.py:507} INFO - Filling up the DagBag from /home/enrico/Documentos/backup/AULA/Alura/Engenharia de dados/projeto_airflow/airflowalura/venv/lib/python3.9/site-packages/airflow/example_dags/example_xcom.py
[2024-04-27 10:02:32,751] {processor.py:651} INFO - DAG(s) dict_keys(['example_xcom']) retrieved from /home/enrico/Documentos/backup/AULA/Alura/Engenharia de dados/projeto_airflow/airflowalura/venv/lib/python3.9/site-packages/airflow/example_dags/example_xcom.py
[2024-04-27 10:02:32,758] {logging_mixin.py:115} INFO - [2024-04-27 10:02:32,758] {dag.py:2379} INFO - Sync 1 DAGs
[2024-04-27 10:02:32,768] {logging_mixin.py:115} INFO - [2024-04-27 10:02:32,768] {dag.py:2927} INFO - Setting next_dagrun for example_xcom to 2021-01-01T00:00:00+00:00, run_after=2021-01-01T00:00:00+00:00
[2024-04-27 10:02:32,778] {processor.py:161} INFO - Processing /home/enrico/Documentos/backup/AULA/Alura/Engenharia de dados/projeto_airflow/airflowalura/venv/lib/python3.9/site-packages/airflow/example_dags/example_xcom.py took 0.040 seconds
[2024-04-27 10:03:09,272] {processor.py:153} INFO - Started process (PID=97927) to work on /home/enrico/Documentos/backup/AULA/Alura/Engenharia de dados/projeto_airflow/airflowalura/venv/lib/python3.9/site-packages/airflow/example_dags/example_xcom.py
[2024-04-27 10:03:09,273] {processor.py:641} INFO - Processing file /home/enrico/Documentos/backup/AULA/Alura/Engenharia de dados/projeto_airflow/airflowalura/venv/lib/python3.9/site-packages/airflow/example_dags/example_xcom.py for tasks to queue
[2024-04-27 10:03:09,273] {logging_mixin.py:115} INFO - [2024-04-27 10:03:09,273] {dagbag.py:507} INFO - Filling up the DagBag from /home/enrico/Documentos/backup/AULA/Alura/Engenharia de dados/projeto_airflow/airflowalura/venv/lib/python3.9/site-packages/airflow/example_dags/example_xcom.py
[2024-04-27 10:03:09,285] {processor.py:651} INFO - DAG(s) dict_keys(['example_xcom']) retrieved from /home/enrico/Documentos/backup/AULA/Alura/Engenharia de dados/projeto_airflow/airflowalura/venv/lib/python3.9/site-packages/airflow/example_dags/example_xcom.py
[2024-04-27 10:03:09,312] {logging_mixin.py:115} INFO - [2024-04-27 10:03:09,312] {dag.py:2379} INFO - Sync 1 DAGs
[2024-04-27 10:03:09,322] {logging_mixin.py:115} INFO - [2024-04-27 10:03:09,322] {dag.py:2927} INFO - Setting next_dagrun for example_xcom to 2021-01-01T00:00:00+00:00, run_after=2021-01-01T00:00:00+00:00
[2024-04-27 10:03:09,332] {processor.py:161} INFO - Processing /home/enrico/Documentos/backup/AULA/Alura/Engenharia de dados/projeto_airflow/airflowalura/venv/lib/python3.9/site-packages/airflow/example_dags/example_xcom.py took 0.061 seconds
[2024-04-27 10:03:44,393] {processor.py:153} INFO - Started process (PID=98141) to work on /home/enrico/Documentos/backup/AULA/Alura/Engenharia de dados/projeto_airflow/airflowalura/venv/lib/python3.9/site-packages/airflow/example_dags/example_xcom.py
[2024-04-27 10:03:44,394] {processor.py:641} INFO - Processing file /home/enrico/Documentos/backup/AULA/Alura/Engenharia de dados/projeto_airflow/airflowalura/venv/lib/python3.9/site-packages/airflow/example_dags/example_xcom.py for tasks to queue
[2024-04-27 10:03:44,394] {logging_mixin.py:115} INFO - [2024-04-27 10:03:44,394] {dagbag.py:507} INFO - Filling up the DagBag from /home/enrico/Documentos/backup/AULA/Alura/Engenharia de dados/projeto_airflow/airflowalura/venv/lib/python3.9/site-packages/airflow/example_dags/example_xcom.py
[2024-04-27 10:03:44,406] {processor.py:651} INFO - DAG(s) dict_keys(['example_xcom']) retrieved from /home/enrico/Documentos/backup/AULA/Alura/Engenharia de dados/projeto_airflow/airflowalura/venv/lib/python3.9/site-packages/airflow/example_dags/example_xcom.py
[2024-04-27 10:03:44,414] {logging_mixin.py:115} INFO - [2024-04-27 10:03:44,414] {dag.py:2379} INFO - Sync 1 DAGs
[2024-04-27 10:03:44,423] {logging_mixin.py:115} INFO - [2024-04-27 10:03:44,422] {dag.py:2927} INFO - Setting next_dagrun for example_xcom to 2021-01-01T00:00:00+00:00, run_after=2021-01-01T00:00:00+00:00
[2024-04-27 10:03:44,431] {processor.py:161} INFO - Processing /home/enrico/Documentos/backup/AULA/Alura/Engenharia de dados/projeto_airflow/airflowalura/venv/lib/python3.9/site-packages/airflow/example_dags/example_xcom.py took 0.039 seconds
[2024-04-27 10:04:18,431] {processor.py:153} INFO - Started process (PID=98352) to work on /home/enrico/Documentos/backup/AULA/Alura/Engenharia de dados/projeto_airflow/airflowalura/venv/lib/python3.9/site-packages/airflow/example_dags/example_xcom.py
[2024-04-27 10:04:18,434] {processor.py:641} INFO - Processing file /home/enrico/Documentos/backup/AULA/Alura/Engenharia de dados/projeto_airflow/airflowalura/venv/lib/python3.9/site-packages/airflow/example_dags/example_xcom.py for tasks to queue
[2024-04-27 10:04:18,435] {logging_mixin.py:115} INFO - [2024-04-27 10:04:18,435] {dagbag.py:507} INFO - Filling up the DagBag from /home/enrico/Documentos/backup/AULA/Alura/Engenharia de dados/projeto_airflow/airflowalura/venv/lib/python3.9/site-packages/airflow/example_dags/example_xcom.py
[2024-04-27 10:04:18,446] {processor.py:651} INFO - DAG(s) dict_keys(['example_xcom']) retrieved from /home/enrico/Documentos/backup/AULA/Alura/Engenharia de dados/projeto_airflow/airflowalura/venv/lib/python3.9/site-packages/airflow/example_dags/example_xcom.py
[2024-04-27 10:04:18,471] {logging_mixin.py:115} INFO - [2024-04-27 10:04:18,471] {dag.py:2379} INFO - Sync 1 DAGs
[2024-04-27 10:04:18,480] {logging_mixin.py:115} INFO - [2024-04-27 10:04:18,480] {dag.py:2927} INFO - Setting next_dagrun for example_xcom to 2021-01-01T00:00:00+00:00, run_after=2021-01-01T00:00:00+00:00
[2024-04-27 10:04:18,491] {processor.py:161} INFO - Processing /home/enrico/Documentos/backup/AULA/Alura/Engenharia de dados/projeto_airflow/airflowalura/venv/lib/python3.9/site-packages/airflow/example_dags/example_xcom.py took 0.061 seconds
[2024-04-27 10:04:52,801] {processor.py:153} INFO - Started process (PID=98555) to work on /home/enrico/Documentos/backup/AULA/Alura/Engenharia de dados/projeto_airflow/airflowalura/venv/lib/python3.9/site-packages/airflow/example_dags/example_xcom.py
[2024-04-27 10:04:52,802] {processor.py:641} INFO - Processing file /home/enrico/Documentos/backup/AULA/Alura/Engenharia de dados/projeto_airflow/airflowalura/venv/lib/python3.9/site-packages/airflow/example_dags/example_xcom.py for tasks to queue
[2024-04-27 10:04:52,803] {logging_mixin.py:115} INFO - [2024-04-27 10:04:52,803] {dagbag.py:507} INFO - Filling up the DagBag from /home/enrico/Documentos/backup/AULA/Alura/Engenharia de dados/projeto_airflow/airflowalura/venv/lib/python3.9/site-packages/airflow/example_dags/example_xcom.py
[2024-04-27 10:04:52,840] {processor.py:651} INFO - DAG(s) dict_keys(['example_xcom']) retrieved from /home/enrico/Documentos/backup/AULA/Alura/Engenharia de dados/projeto_airflow/airflowalura/venv/lib/python3.9/site-packages/airflow/example_dags/example_xcom.py
[2024-04-27 10:04:52,852] {logging_mixin.py:115} INFO - [2024-04-27 10:04:52,852] {dag.py:2379} INFO - Sync 1 DAGs
[2024-04-27 10:04:52,863] {logging_mixin.py:115} INFO - [2024-04-27 10:04:52,863] {dag.py:2927} INFO - Setting next_dagrun for example_xcom to 2021-01-01T00:00:00+00:00, run_after=2021-01-01T00:00:00+00:00
[2024-04-27 10:04:52,872] {processor.py:161} INFO - Processing /home/enrico/Documentos/backup/AULA/Alura/Engenharia de dados/projeto_airflow/airflowalura/venv/lib/python3.9/site-packages/airflow/example_dags/example_xcom.py took 0.073 seconds
