[2024-04-27 09:50:07,943] {processor.py:153} INFO - Started process (PID=95857) to work on /home/enrico/Documentos/backup/AULA/Alura/Engenharia de dados/projeto_airflow/airflowalura/venv/lib/python3.9/site-packages/airflow/example_dags/example_python_operator.py
[2024-04-27 09:50:07,943] {processor.py:641} INFO - Processing file /home/enrico/Documentos/backup/AULA/Alura/Engenharia de dados/projeto_airflow/airflowalura/venv/lib/python3.9/site-packages/airflow/example_dags/example_python_operator.py for tasks to queue
[2024-04-27 09:50:07,943] {logging_mixin.py:115} INFO - [2024-04-27 09:50:07,943] {dagbag.py:507} INFO - Filling up the DagBag from /home/enrico/Documentos/backup/AULA/Alura/Engenharia de dados/projeto_airflow/airflowalura/venv/lib/python3.9/site-packages/airflow/example_dags/example_python_operator.py
[2024-04-27 09:50:07,959] {logging_mixin.py:115} INFO - [2024-04-27 09:50:07,959] {example_python_operator.py:68} WARNING - The virtalenv_python example task requires virtualenv, please install it.
[2024-04-27 09:50:07,960] {processor.py:651} INFO - DAG(s) dict_keys(['example_python_operator']) retrieved from /home/enrico/Documentos/backup/AULA/Alura/Engenharia de dados/projeto_airflow/airflowalura/venv/lib/python3.9/site-packages/airflow/example_dags/example_python_operator.py
[2024-04-27 09:50:07,973] {logging_mixin.py:115} INFO - [2024-04-27 09:50:07,972] {dag.py:2379} INFO - Sync 1 DAGs
[2024-04-27 09:50:07,989] {logging_mixin.py:115} INFO - [2024-04-27 09:50:07,989] {dag.py:2927} INFO - Setting next_dagrun for example_python_operator to None, run_after=None
[2024-04-27 09:50:08,002] {processor.py:161} INFO - Processing /home/enrico/Documentos/backup/AULA/Alura/Engenharia de dados/projeto_airflow/airflowalura/venv/lib/python3.9/site-packages/airflow/example_dags/example_python_operator.py took 0.061 seconds
[2024-04-27 09:50:40,545] {processor.py:153} INFO - Started process (PID=96016) to work on /home/enrico/Documentos/backup/AULA/Alura/Engenharia de dados/projeto_airflow/airflowalura/venv/lib/python3.9/site-packages/airflow/example_dags/example_python_operator.py
[2024-04-27 09:50:40,546] {processor.py:641} INFO - Processing file /home/enrico/Documentos/backup/AULA/Alura/Engenharia de dados/projeto_airflow/airflowalura/venv/lib/python3.9/site-packages/airflow/example_dags/example_python_operator.py for tasks to queue
[2024-04-27 09:50:40,546] {logging_mixin.py:115} INFO - [2024-04-27 09:50:40,546] {dagbag.py:507} INFO - Filling up the DagBag from /home/enrico/Documentos/backup/AULA/Alura/Engenharia de dados/projeto_airflow/airflowalura/venv/lib/python3.9/site-packages/airflow/example_dags/example_python_operator.py
[2024-04-27 09:50:40,559] {logging_mixin.py:115} INFO - [2024-04-27 09:50:40,559] {example_python_operator.py:68} WARNING - The virtalenv_python example task requires virtualenv, please install it.
[2024-04-27 09:50:40,559] {processor.py:651} INFO - DAG(s) dict_keys(['example_python_operator']) retrieved from /home/enrico/Documentos/backup/AULA/Alura/Engenharia de dados/projeto_airflow/airflowalura/venv/lib/python3.9/site-packages/airflow/example_dags/example_python_operator.py
[2024-04-27 09:50:40,568] {logging_mixin.py:115} INFO - [2024-04-27 09:50:40,568] {dag.py:2379} INFO - Sync 1 DAGs
[2024-04-27 09:50:40,578] {logging_mixin.py:115} INFO - [2024-04-27 09:50:40,578] {dag.py:2927} INFO - Setting next_dagrun for example_python_operator to None, run_after=None
[2024-04-27 09:50:40,590] {processor.py:161} INFO - Processing /home/enrico/Documentos/backup/AULA/Alura/Engenharia de dados/projeto_airflow/airflowalura/venv/lib/python3.9/site-packages/airflow/example_dags/example_python_operator.py took 0.046 seconds
[2024-04-27 09:51:16,593] {processor.py:153} INFO - Started process (PID=96257) to work on /home/enrico/Documentos/backup/AULA/Alura/Engenharia de dados/projeto_airflow/airflowalura/venv/lib/python3.9/site-packages/airflow/example_dags/example_python_operator.py
[2024-04-27 09:51:16,594] {processor.py:641} INFO - Processing file /home/enrico/Documentos/backup/AULA/Alura/Engenharia de dados/projeto_airflow/airflowalura/venv/lib/python3.9/site-packages/airflow/example_dags/example_python_operator.py for tasks to queue
[2024-04-27 09:51:16,595] {logging_mixin.py:115} INFO - [2024-04-27 09:51:16,595] {dagbag.py:507} INFO - Filling up the DagBag from /home/enrico/Documentos/backup/AULA/Alura/Engenharia de dados/projeto_airflow/airflowalura/venv/lib/python3.9/site-packages/airflow/example_dags/example_python_operator.py
[2024-04-27 09:51:16,626] {logging_mixin.py:115} INFO - [2024-04-27 09:51:16,626] {example_python_operator.py:68} WARNING - The virtalenv_python example task requires virtualenv, please install it.
[2024-04-27 09:51:16,626] {processor.py:651} INFO - DAG(s) dict_keys(['example_python_operator']) retrieved from /home/enrico/Documentos/backup/AULA/Alura/Engenharia de dados/projeto_airflow/airflowalura/venv/lib/python3.9/site-packages/airflow/example_dags/example_python_operator.py
[2024-04-27 09:51:16,636] {logging_mixin.py:115} INFO - [2024-04-27 09:51:16,636] {dag.py:2379} INFO - Sync 1 DAGs
[2024-04-27 09:51:16,646] {logging_mixin.py:115} INFO - [2024-04-27 09:51:16,646] {dag.py:2927} INFO - Setting next_dagrun for example_python_operator to None, run_after=None
[2024-04-27 09:51:16,655] {processor.py:161} INFO - Processing /home/enrico/Documentos/backup/AULA/Alura/Engenharia de dados/projeto_airflow/airflowalura/venv/lib/python3.9/site-packages/airflow/example_dags/example_python_operator.py took 0.068 seconds
[2024-04-27 09:51:52,804] {processor.py:153} INFO - Started process (PID=96407) to work on /home/enrico/Documentos/backup/AULA/Alura/Engenharia de dados/projeto_airflow/airflowalura/venv/lib/python3.9/site-packages/airflow/example_dags/example_python_operator.py
[2024-04-27 09:51:52,807] {processor.py:641} INFO - Processing file /home/enrico/Documentos/backup/AULA/Alura/Engenharia de dados/projeto_airflow/airflowalura/venv/lib/python3.9/site-packages/airflow/example_dags/example_python_operator.py for tasks to queue
[2024-04-27 09:51:52,808] {logging_mixin.py:115} INFO - [2024-04-27 09:51:52,808] {dagbag.py:507} INFO - Filling up the DagBag from /home/enrico/Documentos/backup/AULA/Alura/Engenharia de dados/projeto_airflow/airflowalura/venv/lib/python3.9/site-packages/airflow/example_dags/example_python_operator.py
[2024-04-27 09:51:52,841] {logging_mixin.py:115} INFO - [2024-04-27 09:51:52,841] {example_python_operator.py:68} WARNING - The virtalenv_python example task requires virtualenv, please install it.
[2024-04-27 09:51:52,841] {processor.py:651} INFO - DAG(s) dict_keys(['example_python_operator']) retrieved from /home/enrico/Documentos/backup/AULA/Alura/Engenharia de dados/projeto_airflow/airflowalura/venv/lib/python3.9/site-packages/airflow/example_dags/example_python_operator.py
[2024-04-27 09:51:52,852] {logging_mixin.py:115} INFO - [2024-04-27 09:51:52,852] {dag.py:2379} INFO - Sync 1 DAGs
[2024-04-27 09:51:52,862] {logging_mixin.py:115} INFO - [2024-04-27 09:51:52,862] {dag.py:2927} INFO - Setting next_dagrun for example_python_operator to None, run_after=None
[2024-04-27 09:51:52,878] {processor.py:161} INFO - Processing /home/enrico/Documentos/backup/AULA/Alura/Engenharia de dados/projeto_airflow/airflowalura/venv/lib/python3.9/site-packages/airflow/example_dags/example_python_operator.py took 0.079 seconds
[2024-04-27 09:52:30,076] {processor.py:153} INFO - Started process (PID=96548) to work on /home/enrico/Documentos/backup/AULA/Alura/Engenharia de dados/projeto_airflow/airflowalura/venv/lib/python3.9/site-packages/airflow/example_dags/example_python_operator.py
[2024-04-27 09:52:30,077] {processor.py:641} INFO - Processing file /home/enrico/Documentos/backup/AULA/Alura/Engenharia de dados/projeto_airflow/airflowalura/venv/lib/python3.9/site-packages/airflow/example_dags/example_python_operator.py for tasks to queue
[2024-04-27 09:52:30,077] {logging_mixin.py:115} INFO - [2024-04-27 09:52:30,077] {dagbag.py:507} INFO - Filling up the DagBag from /home/enrico/Documentos/backup/AULA/Alura/Engenharia de dados/projeto_airflow/airflowalura/venv/lib/python3.9/site-packages/airflow/example_dags/example_python_operator.py
[2024-04-27 09:52:30,090] {logging_mixin.py:115} INFO - [2024-04-27 09:52:30,090] {example_python_operator.py:68} WARNING - The virtalenv_python example task requires virtualenv, please install it.
[2024-04-27 09:52:30,091] {processor.py:651} INFO - DAG(s) dict_keys(['example_python_operator']) retrieved from /home/enrico/Documentos/backup/AULA/Alura/Engenharia de dados/projeto_airflow/airflowalura/venv/lib/python3.9/site-packages/airflow/example_dags/example_python_operator.py
[2024-04-27 09:52:30,100] {logging_mixin.py:115} INFO - [2024-04-27 09:52:30,100] {dag.py:2379} INFO - Sync 1 DAGs
[2024-04-27 09:52:30,110] {logging_mixin.py:115} INFO - [2024-04-27 09:52:30,110] {dag.py:2927} INFO - Setting next_dagrun for example_python_operator to None, run_after=None
[2024-04-27 09:52:30,119] {processor.py:161} INFO - Processing /home/enrico/Documentos/backup/AULA/Alura/Engenharia de dados/projeto_airflow/airflowalura/venv/lib/python3.9/site-packages/airflow/example_dags/example_python_operator.py took 0.045 seconds
[2024-04-27 09:53:06,085] {processor.py:153} INFO - Started process (PID=96627) to work on /home/enrico/Documentos/backup/AULA/Alura/Engenharia de dados/projeto_airflow/airflowalura/venv/lib/python3.9/site-packages/airflow/example_dags/example_python_operator.py
[2024-04-27 09:53:06,085] {processor.py:641} INFO - Processing file /home/enrico/Documentos/backup/AULA/Alura/Engenharia de dados/projeto_airflow/airflowalura/venv/lib/python3.9/site-packages/airflow/example_dags/example_python_operator.py for tasks to queue
[2024-04-27 09:53:06,085] {logging_mixin.py:115} INFO - [2024-04-27 09:53:06,085] {dagbag.py:507} INFO - Filling up the DagBag from /home/enrico/Documentos/backup/AULA/Alura/Engenharia de dados/projeto_airflow/airflowalura/venv/lib/python3.9/site-packages/airflow/example_dags/example_python_operator.py
[2024-04-27 09:53:06,098] {logging_mixin.py:115} INFO - [2024-04-27 09:53:06,098] {example_python_operator.py:68} WARNING - The virtalenv_python example task requires virtualenv, please install it.
[2024-04-27 09:53:06,098] {processor.py:651} INFO - DAG(s) dict_keys(['example_python_operator']) retrieved from /home/enrico/Documentos/backup/AULA/Alura/Engenharia de dados/projeto_airflow/airflowalura/venv/lib/python3.9/site-packages/airflow/example_dags/example_python_operator.py
[2024-04-27 09:53:06,106] {logging_mixin.py:115} INFO - [2024-04-27 09:53:06,106] {dag.py:2379} INFO - Sync 1 DAGs
[2024-04-27 09:53:06,116] {logging_mixin.py:115} INFO - [2024-04-27 09:53:06,116] {dag.py:2927} INFO - Setting next_dagrun for example_python_operator to None, run_after=None
[2024-04-27 09:53:06,131] {processor.py:161} INFO - Processing /home/enrico/Documentos/backup/AULA/Alura/Engenharia de dados/projeto_airflow/airflowalura/venv/lib/python3.9/site-packages/airflow/example_dags/example_python_operator.py took 0.048 seconds
[2024-04-27 09:53:41,934] {processor.py:153} INFO - Started process (PID=96679) to work on /home/enrico/Documentos/backup/AULA/Alura/Engenharia de dados/projeto_airflow/airflowalura/venv/lib/python3.9/site-packages/airflow/example_dags/example_python_operator.py
[2024-04-27 09:53:41,936] {processor.py:641} INFO - Processing file /home/enrico/Documentos/backup/AULA/Alura/Engenharia de dados/projeto_airflow/airflowalura/venv/lib/python3.9/site-packages/airflow/example_dags/example_python_operator.py for tasks to queue
[2024-04-27 09:53:41,937] {logging_mixin.py:115} INFO - [2024-04-27 09:53:41,937] {dagbag.py:507} INFO - Filling up the DagBag from /home/enrico/Documentos/backup/AULA/Alura/Engenharia de dados/projeto_airflow/airflowalura/venv/lib/python3.9/site-packages/airflow/example_dags/example_python_operator.py
[2024-04-27 09:53:41,967] {logging_mixin.py:115} INFO - [2024-04-27 09:53:41,967] {example_python_operator.py:68} WARNING - The virtalenv_python example task requires virtualenv, please install it.
[2024-04-27 09:53:41,968] {processor.py:651} INFO - DAG(s) dict_keys(['example_python_operator']) retrieved from /home/enrico/Documentos/backup/AULA/Alura/Engenharia de dados/projeto_airflow/airflowalura/venv/lib/python3.9/site-packages/airflow/example_dags/example_python_operator.py
[2024-04-27 09:53:41,977] {logging_mixin.py:115} INFO - [2024-04-27 09:53:41,977] {dag.py:2379} INFO - Sync 1 DAGs
[2024-04-27 09:53:41,986] {logging_mixin.py:115} INFO - [2024-04-27 09:53:41,986] {dag.py:2927} INFO - Setting next_dagrun for example_python_operator to None, run_after=None
[2024-04-27 09:53:42,000] {processor.py:161} INFO - Processing /home/enrico/Documentos/backup/AULA/Alura/Engenharia de dados/projeto_airflow/airflowalura/venv/lib/python3.9/site-packages/airflow/example_dags/example_python_operator.py took 0.072 seconds
[2024-04-27 09:54:18,064] {processor.py:153} INFO - Started process (PID=96728) to work on /home/enrico/Documentos/backup/AULA/Alura/Engenharia de dados/projeto_airflow/airflowalura/venv/lib/python3.9/site-packages/airflow/example_dags/example_python_operator.py
[2024-04-27 09:54:18,067] {processor.py:641} INFO - Processing file /home/enrico/Documentos/backup/AULA/Alura/Engenharia de dados/projeto_airflow/airflowalura/venv/lib/python3.9/site-packages/airflow/example_dags/example_python_operator.py for tasks to queue
[2024-04-27 09:54:18,068] {logging_mixin.py:115} INFO - [2024-04-27 09:54:18,068] {dagbag.py:507} INFO - Filling up the DagBag from /home/enrico/Documentos/backup/AULA/Alura/Engenharia de dados/projeto_airflow/airflowalura/venv/lib/python3.9/site-packages/airflow/example_dags/example_python_operator.py
[2024-04-27 09:54:18,100] {logging_mixin.py:115} INFO - [2024-04-27 09:54:18,100] {example_python_operator.py:68} WARNING - The virtalenv_python example task requires virtualenv, please install it.
[2024-04-27 09:54:18,100] {processor.py:651} INFO - DAG(s) dict_keys(['example_python_operator']) retrieved from /home/enrico/Documentos/backup/AULA/Alura/Engenharia de dados/projeto_airflow/airflowalura/venv/lib/python3.9/site-packages/airflow/example_dags/example_python_operator.py
[2024-04-27 09:54:18,111] {logging_mixin.py:115} INFO - [2024-04-27 09:54:18,111] {dag.py:2379} INFO - Sync 1 DAGs
[2024-04-27 09:54:18,121] {logging_mixin.py:115} INFO - [2024-04-27 09:54:18,121] {dag.py:2927} INFO - Setting next_dagrun for example_python_operator to None, run_after=None
[2024-04-27 09:54:18,131] {processor.py:161} INFO - Processing /home/enrico/Documentos/backup/AULA/Alura/Engenharia de dados/projeto_airflow/airflowalura/venv/lib/python3.9/site-packages/airflow/example_dags/example_python_operator.py took 0.073 seconds
[2024-04-27 09:54:51,345] {processor.py:153} INFO - Started process (PID=96781) to work on /home/enrico/Documentos/backup/AULA/Alura/Engenharia de dados/projeto_airflow/airflowalura/venv/lib/python3.9/site-packages/airflow/example_dags/example_python_operator.py
[2024-04-27 09:54:51,349] {processor.py:641} INFO - Processing file /home/enrico/Documentos/backup/AULA/Alura/Engenharia de dados/projeto_airflow/airflowalura/venv/lib/python3.9/site-packages/airflow/example_dags/example_python_operator.py for tasks to queue
[2024-04-27 09:54:51,350] {logging_mixin.py:115} INFO - [2024-04-27 09:54:51,350] {dagbag.py:507} INFO - Filling up the DagBag from /home/enrico/Documentos/backup/AULA/Alura/Engenharia de dados/projeto_airflow/airflowalura/venv/lib/python3.9/site-packages/airflow/example_dags/example_python_operator.py
[2024-04-27 09:54:51,382] {logging_mixin.py:115} INFO - [2024-04-27 09:54:51,382] {example_python_operator.py:68} WARNING - The virtalenv_python example task requires virtualenv, please install it.
[2024-04-27 09:54:51,382] {processor.py:651} INFO - DAG(s) dict_keys(['example_python_operator']) retrieved from /home/enrico/Documentos/backup/AULA/Alura/Engenharia de dados/projeto_airflow/airflowalura/venv/lib/python3.9/site-packages/airflow/example_dags/example_python_operator.py
[2024-04-27 09:54:51,393] {logging_mixin.py:115} INFO - [2024-04-27 09:54:51,393] {dag.py:2379} INFO - Sync 1 DAGs
[2024-04-27 09:54:51,403] {logging_mixin.py:115} INFO - [2024-04-27 09:54:51,403] {dag.py:2927} INFO - Setting next_dagrun for example_python_operator to None, run_after=None
[2024-04-27 09:54:51,414] {processor.py:161} INFO - Processing /home/enrico/Documentos/backup/AULA/Alura/Engenharia de dados/projeto_airflow/airflowalura/venv/lib/python3.9/site-packages/airflow/example_dags/example_python_operator.py took 0.075 seconds
[2024-04-27 09:55:26,187] {processor.py:153} INFO - Started process (PID=96837) to work on /home/enrico/Documentos/backup/AULA/Alura/Engenharia de dados/projeto_airflow/airflowalura/venv/lib/python3.9/site-packages/airflow/example_dags/example_python_operator.py
[2024-04-27 09:55:26,190] {processor.py:641} INFO - Processing file /home/enrico/Documentos/backup/AULA/Alura/Engenharia de dados/projeto_airflow/airflowalura/venv/lib/python3.9/site-packages/airflow/example_dags/example_python_operator.py for tasks to queue
[2024-04-27 09:55:26,191] {logging_mixin.py:115} INFO - [2024-04-27 09:55:26,191] {dagbag.py:507} INFO - Filling up the DagBag from /home/enrico/Documentos/backup/AULA/Alura/Engenharia de dados/projeto_airflow/airflowalura/venv/lib/python3.9/site-packages/airflow/example_dags/example_python_operator.py
[2024-04-27 09:55:26,223] {logging_mixin.py:115} INFO - [2024-04-27 09:55:26,222] {example_python_operator.py:68} WARNING - The virtalenv_python example task requires virtualenv, please install it.
[2024-04-27 09:55:26,223] {processor.py:651} INFO - DAG(s) dict_keys(['example_python_operator']) retrieved from /home/enrico/Documentos/backup/AULA/Alura/Engenharia de dados/projeto_airflow/airflowalura/venv/lib/python3.9/site-packages/airflow/example_dags/example_python_operator.py
[2024-04-27 09:55:26,233] {logging_mixin.py:115} INFO - [2024-04-27 09:55:26,233] {dag.py:2379} INFO - Sync 1 DAGs
[2024-04-27 09:55:26,243] {logging_mixin.py:115} INFO - [2024-04-27 09:55:26,243] {dag.py:2927} INFO - Setting next_dagrun for example_python_operator to None, run_after=None
[2024-04-27 09:55:26,260] {processor.py:161} INFO - Processing /home/enrico/Documentos/backup/AULA/Alura/Engenharia de dados/projeto_airflow/airflowalura/venv/lib/python3.9/site-packages/airflow/example_dags/example_python_operator.py took 0.079 seconds
[2024-04-27 09:56:01,277] {processor.py:153} INFO - Started process (PID=96897) to work on /home/enrico/Documentos/backup/AULA/Alura/Engenharia de dados/projeto_airflow/airflowalura/venv/lib/python3.9/site-packages/airflow/example_dags/example_python_operator.py
[2024-04-27 09:56:01,280] {processor.py:641} INFO - Processing file /home/enrico/Documentos/backup/AULA/Alura/Engenharia de dados/projeto_airflow/airflowalura/venv/lib/python3.9/site-packages/airflow/example_dags/example_python_operator.py for tasks to queue
[2024-04-27 09:56:01,282] {logging_mixin.py:115} INFO - [2024-04-27 09:56:01,281] {dagbag.py:507} INFO - Filling up the DagBag from /home/enrico/Documentos/backup/AULA/Alura/Engenharia de dados/projeto_airflow/airflowalura/venv/lib/python3.9/site-packages/airflow/example_dags/example_python_operator.py
[2024-04-27 09:56:01,317] {logging_mixin.py:115} INFO - [2024-04-27 09:56:01,317] {example_python_operator.py:68} WARNING - The virtalenv_python example task requires virtualenv, please install it.
[2024-04-27 09:56:01,317] {processor.py:651} INFO - DAG(s) dict_keys(['example_python_operator']) retrieved from /home/enrico/Documentos/backup/AULA/Alura/Engenharia de dados/projeto_airflow/airflowalura/venv/lib/python3.9/site-packages/airflow/example_dags/example_python_operator.py
[2024-04-27 09:56:01,326] {logging_mixin.py:115} INFO - [2024-04-27 09:56:01,326] {dag.py:2379} INFO - Sync 1 DAGs
[2024-04-27 09:56:01,335] {logging_mixin.py:115} INFO - [2024-04-27 09:56:01,335] {dag.py:2927} INFO - Setting next_dagrun for example_python_operator to None, run_after=None
[2024-04-27 09:56:01,344] {processor.py:161} INFO - Processing /home/enrico/Documentos/backup/AULA/Alura/Engenharia de dados/projeto_airflow/airflowalura/venv/lib/python3.9/site-packages/airflow/example_dags/example_python_operator.py took 0.074 seconds
[2024-04-27 09:56:36,727] {processor.py:153} INFO - Started process (PID=96976) to work on /home/enrico/Documentos/backup/AULA/Alura/Engenharia de dados/projeto_airflow/airflowalura/venv/lib/python3.9/site-packages/airflow/example_dags/example_python_operator.py
[2024-04-27 09:56:36,728] {processor.py:641} INFO - Processing file /home/enrico/Documentos/backup/AULA/Alura/Engenharia de dados/projeto_airflow/airflowalura/venv/lib/python3.9/site-packages/airflow/example_dags/example_python_operator.py for tasks to queue
[2024-04-27 09:56:36,728] {logging_mixin.py:115} INFO - [2024-04-27 09:56:36,728] {dagbag.py:507} INFO - Filling up the DagBag from /home/enrico/Documentos/backup/AULA/Alura/Engenharia de dados/projeto_airflow/airflowalura/venv/lib/python3.9/site-packages/airflow/example_dags/example_python_operator.py
[2024-04-27 09:56:36,739] {logging_mixin.py:115} INFO - [2024-04-27 09:56:36,739] {example_python_operator.py:68} WARNING - The virtalenv_python example task requires virtualenv, please install it.
[2024-04-27 09:56:36,739] {processor.py:651} INFO - DAG(s) dict_keys(['example_python_operator']) retrieved from /home/enrico/Documentos/backup/AULA/Alura/Engenharia de dados/projeto_airflow/airflowalura/venv/lib/python3.9/site-packages/airflow/example_dags/example_python_operator.py
[2024-04-27 09:56:36,747] {logging_mixin.py:115} INFO - [2024-04-27 09:56:36,747] {dag.py:2379} INFO - Sync 1 DAGs
[2024-04-27 09:56:36,757] {logging_mixin.py:115} INFO - [2024-04-27 09:56:36,757] {dag.py:2927} INFO - Setting next_dagrun for example_python_operator to None, run_after=None
[2024-04-27 09:56:36,765] {processor.py:161} INFO - Processing /home/enrico/Documentos/backup/AULA/Alura/Engenharia de dados/projeto_airflow/airflowalura/venv/lib/python3.9/site-packages/airflow/example_dags/example_python_operator.py took 0.039 seconds
[2024-04-27 09:57:10,382] {processor.py:153} INFO - Started process (PID=97085) to work on /home/enrico/Documentos/backup/AULA/Alura/Engenharia de dados/projeto_airflow/airflowalura/venv/lib/python3.9/site-packages/airflow/example_dags/example_python_operator.py
[2024-04-27 09:57:10,385] {processor.py:641} INFO - Processing file /home/enrico/Documentos/backup/AULA/Alura/Engenharia de dados/projeto_airflow/airflowalura/venv/lib/python3.9/site-packages/airflow/example_dags/example_python_operator.py for tasks to queue
[2024-04-27 09:57:10,386] {logging_mixin.py:115} INFO - [2024-04-27 09:57:10,386] {dagbag.py:507} INFO - Filling up the DagBag from /home/enrico/Documentos/backup/AULA/Alura/Engenharia de dados/projeto_airflow/airflowalura/venv/lib/python3.9/site-packages/airflow/example_dags/example_python_operator.py
[2024-04-27 09:57:10,417] {logging_mixin.py:115} INFO - [2024-04-27 09:57:10,417] {example_python_operator.py:68} WARNING - The virtalenv_python example task requires virtualenv, please install it.
[2024-04-27 09:57:10,417] {processor.py:651} INFO - DAG(s) dict_keys(['example_python_operator']) retrieved from /home/enrico/Documentos/backup/AULA/Alura/Engenharia de dados/projeto_airflow/airflowalura/venv/lib/python3.9/site-packages/airflow/example_dags/example_python_operator.py
[2024-04-27 09:57:10,427] {logging_mixin.py:115} INFO - [2024-04-27 09:57:10,427] {dag.py:2379} INFO - Sync 1 DAGs
[2024-04-27 09:57:10,438] {logging_mixin.py:115} INFO - [2024-04-27 09:57:10,437] {dag.py:2927} INFO - Setting next_dagrun for example_python_operator to None, run_after=None
[2024-04-27 09:57:10,448] {processor.py:161} INFO - Processing /home/enrico/Documentos/backup/AULA/Alura/Engenharia de dados/projeto_airflow/airflowalura/venv/lib/python3.9/site-packages/airflow/example_dags/example_python_operator.py took 0.072 seconds
[2024-04-27 09:57:44,940] {processor.py:153} INFO - Started process (PID=97133) to work on /home/enrico/Documentos/backup/AULA/Alura/Engenharia de dados/projeto_airflow/airflowalura/venv/lib/python3.9/site-packages/airflow/example_dags/example_python_operator.py
[2024-04-27 09:57:44,942] {processor.py:641} INFO - Processing file /home/enrico/Documentos/backup/AULA/Alura/Engenharia de dados/projeto_airflow/airflowalura/venv/lib/python3.9/site-packages/airflow/example_dags/example_python_operator.py for tasks to queue
[2024-04-27 09:57:44,943] {logging_mixin.py:115} INFO - [2024-04-27 09:57:44,942] {dagbag.py:507} INFO - Filling up the DagBag from /home/enrico/Documentos/backup/AULA/Alura/Engenharia de dados/projeto_airflow/airflowalura/venv/lib/python3.9/site-packages/airflow/example_dags/example_python_operator.py
[2024-04-27 09:57:44,975] {logging_mixin.py:115} INFO - [2024-04-27 09:57:44,975] {example_python_operator.py:68} WARNING - The virtalenv_python example task requires virtualenv, please install it.
[2024-04-27 09:57:44,975] {processor.py:651} INFO - DAG(s) dict_keys(['example_python_operator']) retrieved from /home/enrico/Documentos/backup/AULA/Alura/Engenharia de dados/projeto_airflow/airflowalura/venv/lib/python3.9/site-packages/airflow/example_dags/example_python_operator.py
[2024-04-27 09:57:44,986] {logging_mixin.py:115} INFO - [2024-04-27 09:57:44,986] {dag.py:2379} INFO - Sync 1 DAGs
[2024-04-27 09:57:44,996] {logging_mixin.py:115} INFO - [2024-04-27 09:57:44,996] {dag.py:2927} INFO - Setting next_dagrun for example_python_operator to None, run_after=None
[2024-04-27 09:57:45,005] {processor.py:161} INFO - Processing /home/enrico/Documentos/backup/AULA/Alura/Engenharia de dados/projeto_airflow/airflowalura/venv/lib/python3.9/site-packages/airflow/example_dags/example_python_operator.py took 0.070 seconds
[2024-04-27 09:58:20,138] {processor.py:153} INFO - Started process (PID=97187) to work on /home/enrico/Documentos/backup/AULA/Alura/Engenharia de dados/projeto_airflow/airflowalura/venv/lib/python3.9/site-packages/airflow/example_dags/example_python_operator.py
[2024-04-27 09:58:20,139] {processor.py:641} INFO - Processing file /home/enrico/Documentos/backup/AULA/Alura/Engenharia de dados/projeto_airflow/airflowalura/venv/lib/python3.9/site-packages/airflow/example_dags/example_python_operator.py for tasks to queue
[2024-04-27 09:58:20,140] {logging_mixin.py:115} INFO - [2024-04-27 09:58:20,140] {dagbag.py:507} INFO - Filling up the DagBag from /home/enrico/Documentos/backup/AULA/Alura/Engenharia de dados/projeto_airflow/airflowalura/venv/lib/python3.9/site-packages/airflow/example_dags/example_python_operator.py
[2024-04-27 09:58:20,170] {logging_mixin.py:115} INFO - [2024-04-27 09:58:20,170] {example_python_operator.py:68} WARNING - The virtalenv_python example task requires virtualenv, please install it.
[2024-04-27 09:58:20,171] {processor.py:651} INFO - DAG(s) dict_keys(['example_python_operator']) retrieved from /home/enrico/Documentos/backup/AULA/Alura/Engenharia de dados/projeto_airflow/airflowalura/venv/lib/python3.9/site-packages/airflow/example_dags/example_python_operator.py
[2024-04-27 09:58:20,181] {logging_mixin.py:115} INFO - [2024-04-27 09:58:20,181] {dag.py:2379} INFO - Sync 1 DAGs
[2024-04-27 09:58:20,192] {logging_mixin.py:115} INFO - [2024-04-27 09:58:20,191] {dag.py:2927} INFO - Setting next_dagrun for example_python_operator to None, run_after=None
[2024-04-27 09:58:20,200] {processor.py:161} INFO - Processing /home/enrico/Documentos/backup/AULA/Alura/Engenharia de dados/projeto_airflow/airflowalura/venv/lib/python3.9/site-packages/airflow/example_dags/example_python_operator.py took 0.068 seconds
[2024-04-27 09:58:51,672] {processor.py:153} INFO - Started process (PID=97248) to work on /home/enrico/Documentos/backup/AULA/Alura/Engenharia de dados/projeto_airflow/airflowalura/venv/lib/python3.9/site-packages/airflow/example_dags/example_python_operator.py
[2024-04-27 09:58:51,675] {processor.py:641} INFO - Processing file /home/enrico/Documentos/backup/AULA/Alura/Engenharia de dados/projeto_airflow/airflowalura/venv/lib/python3.9/site-packages/airflow/example_dags/example_python_operator.py for tasks to queue
[2024-04-27 09:58:51,676] {logging_mixin.py:115} INFO - [2024-04-27 09:58:51,676] {dagbag.py:507} INFO - Filling up the DagBag from /home/enrico/Documentos/backup/AULA/Alura/Engenharia de dados/projeto_airflow/airflowalura/venv/lib/python3.9/site-packages/airflow/example_dags/example_python_operator.py
[2024-04-27 09:58:51,708] {logging_mixin.py:115} INFO - [2024-04-27 09:58:51,708] {example_python_operator.py:68} WARNING - The virtalenv_python example task requires virtualenv, please install it.
[2024-04-27 09:58:51,708] {processor.py:651} INFO - DAG(s) dict_keys(['example_python_operator']) retrieved from /home/enrico/Documentos/backup/AULA/Alura/Engenharia de dados/projeto_airflow/airflowalura/venv/lib/python3.9/site-packages/airflow/example_dags/example_python_operator.py
[2024-04-27 09:58:51,719] {logging_mixin.py:115} INFO - [2024-04-27 09:58:51,719] {dag.py:2379} INFO - Sync 1 DAGs
[2024-04-27 09:58:51,729] {logging_mixin.py:115} INFO - [2024-04-27 09:58:51,729] {dag.py:2927} INFO - Setting next_dagrun for example_python_operator to None, run_after=None
[2024-04-27 09:58:51,740] {processor.py:161} INFO - Processing /home/enrico/Documentos/backup/AULA/Alura/Engenharia de dados/projeto_airflow/airflowalura/venv/lib/python3.9/site-packages/airflow/example_dags/example_python_operator.py took 0.074 seconds
[2024-04-27 09:59:25,388] {processor.py:153} INFO - Started process (PID=97310) to work on /home/enrico/Documentos/backup/AULA/Alura/Engenharia de dados/projeto_airflow/airflowalura/venv/lib/python3.9/site-packages/airflow/example_dags/example_python_operator.py
[2024-04-27 09:59:25,389] {processor.py:641} INFO - Processing file /home/enrico/Documentos/backup/AULA/Alura/Engenharia de dados/projeto_airflow/airflowalura/venv/lib/python3.9/site-packages/airflow/example_dags/example_python_operator.py for tasks to queue
[2024-04-27 09:59:25,390] {logging_mixin.py:115} INFO - [2024-04-27 09:59:25,389] {dagbag.py:507} INFO - Filling up the DagBag from /home/enrico/Documentos/backup/AULA/Alura/Engenharia de dados/projeto_airflow/airflowalura/venv/lib/python3.9/site-packages/airflow/example_dags/example_python_operator.py
[2024-04-27 09:59:25,421] {logging_mixin.py:115} INFO - [2024-04-27 09:59:25,421] {example_python_operator.py:68} WARNING - The virtalenv_python example task requires virtualenv, please install it.
[2024-04-27 09:59:25,422] {processor.py:651} INFO - DAG(s) dict_keys(['example_python_operator']) retrieved from /home/enrico/Documentos/backup/AULA/Alura/Engenharia de dados/projeto_airflow/airflowalura/venv/lib/python3.9/site-packages/airflow/example_dags/example_python_operator.py
[2024-04-27 09:59:25,432] {logging_mixin.py:115} INFO - [2024-04-27 09:59:25,432] {dag.py:2379} INFO - Sync 1 DAGs
[2024-04-27 09:59:25,442] {logging_mixin.py:115} INFO - [2024-04-27 09:59:25,441] {dag.py:2927} INFO - Setting next_dagrun for example_python_operator to None, run_after=None
[2024-04-27 09:59:25,451] {processor.py:161} INFO - Processing /home/enrico/Documentos/backup/AULA/Alura/Engenharia de dados/projeto_airflow/airflowalura/venv/lib/python3.9/site-packages/airflow/example_dags/example_python_operator.py took 0.068 seconds
[2024-04-27 10:00:00,382] {processor.py:153} INFO - Started process (PID=97358) to work on /home/enrico/Documentos/backup/AULA/Alura/Engenharia de dados/projeto_airflow/airflowalura/venv/lib/python3.9/site-packages/airflow/example_dags/example_python_operator.py
[2024-04-27 10:00:00,386] {processor.py:641} INFO - Processing file /home/enrico/Documentos/backup/AULA/Alura/Engenharia de dados/projeto_airflow/airflowalura/venv/lib/python3.9/site-packages/airflow/example_dags/example_python_operator.py for tasks to queue
[2024-04-27 10:00:00,387] {logging_mixin.py:115} INFO - [2024-04-27 10:00:00,387] {dagbag.py:507} INFO - Filling up the DagBag from /home/enrico/Documentos/backup/AULA/Alura/Engenharia de dados/projeto_airflow/airflowalura/venv/lib/python3.9/site-packages/airflow/example_dags/example_python_operator.py
[2024-04-27 10:00:00,419] {logging_mixin.py:115} INFO - [2024-04-27 10:00:00,419] {example_python_operator.py:68} WARNING - The virtalenv_python example task requires virtualenv, please install it.
[2024-04-27 10:00:00,419] {processor.py:651} INFO - DAG(s) dict_keys(['example_python_operator']) retrieved from /home/enrico/Documentos/backup/AULA/Alura/Engenharia de dados/projeto_airflow/airflowalura/venv/lib/python3.9/site-packages/airflow/example_dags/example_python_operator.py
[2024-04-27 10:00:00,426] {logging_mixin.py:115} INFO - [2024-04-27 10:00:00,426] {dag.py:2379} INFO - Sync 1 DAGs
[2024-04-27 10:00:00,435] {logging_mixin.py:115} INFO - [2024-04-27 10:00:00,435] {dag.py:2927} INFO - Setting next_dagrun for example_python_operator to None, run_after=None
[2024-04-27 10:00:00,449] {processor.py:161} INFO - Processing /home/enrico/Documentos/backup/AULA/Alura/Engenharia de dados/projeto_airflow/airflowalura/venv/lib/python3.9/site-packages/airflow/example_dags/example_python_operator.py took 0.072 seconds
[2024-04-27 10:00:35,181] {processor.py:153} INFO - Started process (PID=97413) to work on /home/enrico/Documentos/backup/AULA/Alura/Engenharia de dados/projeto_airflow/airflowalura/venv/lib/python3.9/site-packages/airflow/example_dags/example_python_operator.py
[2024-04-27 10:00:35,184] {processor.py:641} INFO - Processing file /home/enrico/Documentos/backup/AULA/Alura/Engenharia de dados/projeto_airflow/airflowalura/venv/lib/python3.9/site-packages/airflow/example_dags/example_python_operator.py for tasks to queue
[2024-04-27 10:00:35,184] {logging_mixin.py:115} INFO - [2024-04-27 10:00:35,184] {dagbag.py:507} INFO - Filling up the DagBag from /home/enrico/Documentos/backup/AULA/Alura/Engenharia de dados/projeto_airflow/airflowalura/venv/lib/python3.9/site-packages/airflow/example_dags/example_python_operator.py
[2024-04-27 10:00:35,204] {logging_mixin.py:115} INFO - [2024-04-27 10:00:35,204] {example_python_operator.py:68} WARNING - The virtalenv_python example task requires virtualenv, please install it.
[2024-04-27 10:00:35,204] {processor.py:651} INFO - DAG(s) dict_keys(['example_python_operator']) retrieved from /home/enrico/Documentos/backup/AULA/Alura/Engenharia de dados/projeto_airflow/airflowalura/venv/lib/python3.9/site-packages/airflow/example_dags/example_python_operator.py
[2024-04-27 10:00:35,215] {logging_mixin.py:115} INFO - [2024-04-27 10:00:35,215] {dag.py:2379} INFO - Sync 1 DAGs
[2024-04-27 10:00:35,226] {logging_mixin.py:115} INFO - [2024-04-27 10:00:35,226] {dag.py:2927} INFO - Setting next_dagrun for example_python_operator to None, run_after=None
[2024-04-27 10:00:35,236] {processor.py:161} INFO - Processing /home/enrico/Documentos/backup/AULA/Alura/Engenharia de dados/projeto_airflow/airflowalura/venv/lib/python3.9/site-packages/airflow/example_dags/example_python_operator.py took 0.058 seconds
[2024-04-27 10:01:11,112] {processor.py:153} INFO - Started process (PID=97486) to work on /home/enrico/Documentos/backup/AULA/Alura/Engenharia de dados/projeto_airflow/airflowalura/venv/lib/python3.9/site-packages/airflow/example_dags/example_python_operator.py
[2024-04-27 10:01:11,115] {processor.py:641} INFO - Processing file /home/enrico/Documentos/backup/AULA/Alura/Engenharia de dados/projeto_airflow/airflowalura/venv/lib/python3.9/site-packages/airflow/example_dags/example_python_operator.py for tasks to queue
[2024-04-27 10:01:11,115] {logging_mixin.py:115} INFO - [2024-04-27 10:01:11,115] {dagbag.py:507} INFO - Filling up the DagBag from /home/enrico/Documentos/backup/AULA/Alura/Engenharia de dados/projeto_airflow/airflowalura/venv/lib/python3.9/site-packages/airflow/example_dags/example_python_operator.py
[2024-04-27 10:01:11,126] {logging_mixin.py:115} INFO - [2024-04-27 10:01:11,126] {example_python_operator.py:68} WARNING - The virtalenv_python example task requires virtualenv, please install it.
[2024-04-27 10:01:11,126] {processor.py:651} INFO - DAG(s) dict_keys(['example_python_operator']) retrieved from /home/enrico/Documentos/backup/AULA/Alura/Engenharia de dados/projeto_airflow/airflowalura/venv/lib/python3.9/site-packages/airflow/example_dags/example_python_operator.py
[2024-04-27 10:01:11,134] {logging_mixin.py:115} INFO - [2024-04-27 10:01:11,134] {dag.py:2379} INFO - Sync 1 DAGs
[2024-04-27 10:01:11,143] {logging_mixin.py:115} INFO - [2024-04-27 10:01:11,143] {dag.py:2927} INFO - Setting next_dagrun for example_python_operator to None, run_after=None
[2024-04-27 10:01:11,153] {processor.py:161} INFO - Processing /home/enrico/Documentos/backup/AULA/Alura/Engenharia de dados/projeto_airflow/airflowalura/venv/lib/python3.9/site-packages/airflow/example_dags/example_python_operator.py took 0.043 seconds
[2024-04-27 10:01:45,902] {processor.py:153} INFO - Started process (PID=97539) to work on /home/enrico/Documentos/backup/AULA/Alura/Engenharia de dados/projeto_airflow/airflowalura/venv/lib/python3.9/site-packages/airflow/example_dags/example_python_operator.py
[2024-04-27 10:01:45,905] {processor.py:641} INFO - Processing file /home/enrico/Documentos/backup/AULA/Alura/Engenharia de dados/projeto_airflow/airflowalura/venv/lib/python3.9/site-packages/airflow/example_dags/example_python_operator.py for tasks to queue
[2024-04-27 10:01:45,905] {logging_mixin.py:115} INFO - [2024-04-27 10:01:45,905] {dagbag.py:507} INFO - Filling up the DagBag from /home/enrico/Documentos/backup/AULA/Alura/Engenharia de dados/projeto_airflow/airflowalura/venv/lib/python3.9/site-packages/airflow/example_dags/example_python_operator.py
[2024-04-27 10:01:45,916] {logging_mixin.py:115} INFO - [2024-04-27 10:01:45,916] {example_python_operator.py:68} WARNING - The virtalenv_python example task requires virtualenv, please install it.
[2024-04-27 10:01:45,916] {processor.py:651} INFO - DAG(s) dict_keys(['example_python_operator']) retrieved from /home/enrico/Documentos/backup/AULA/Alura/Engenharia de dados/projeto_airflow/airflowalura/venv/lib/python3.9/site-packages/airflow/example_dags/example_python_operator.py
[2024-04-27 10:01:45,923] {logging_mixin.py:115} INFO - [2024-04-27 10:01:45,923] {dag.py:2379} INFO - Sync 1 DAGs
[2024-04-27 10:01:45,933] {logging_mixin.py:115} INFO - [2024-04-27 10:01:45,933] {dag.py:2927} INFO - Setting next_dagrun for example_python_operator to None, run_after=None
[2024-04-27 10:01:45,944] {processor.py:161} INFO - Processing /home/enrico/Documentos/backup/AULA/Alura/Engenharia de dados/projeto_airflow/airflowalura/venv/lib/python3.9/site-packages/airflow/example_dags/example_python_operator.py took 0.044 seconds
[2024-04-27 10:02:16,765] {processor.py:153} INFO - Started process (PID=97587) to work on /home/enrico/Documentos/backup/AULA/Alura/Engenharia de dados/projeto_airflow/airflowalura/venv/lib/python3.9/site-packages/airflow/example_dags/example_python_operator.py
[2024-04-27 10:02:16,768] {processor.py:641} INFO - Processing file /home/enrico/Documentos/backup/AULA/Alura/Engenharia de dados/projeto_airflow/airflowalura/venv/lib/python3.9/site-packages/airflow/example_dags/example_python_operator.py for tasks to queue
[2024-04-27 10:02:16,768] {logging_mixin.py:115} INFO - [2024-04-27 10:02:16,768] {dagbag.py:507} INFO - Filling up the DagBag from /home/enrico/Documentos/backup/AULA/Alura/Engenharia de dados/projeto_airflow/airflowalura/venv/lib/python3.9/site-packages/airflow/example_dags/example_python_operator.py
[2024-04-27 10:02:16,780] {logging_mixin.py:115} INFO - [2024-04-27 10:02:16,780] {example_python_operator.py:68} WARNING - The virtalenv_python example task requires virtualenv, please install it.
[2024-04-27 10:02:16,780] {processor.py:651} INFO - DAG(s) dict_keys(['example_python_operator']) retrieved from /home/enrico/Documentos/backup/AULA/Alura/Engenharia de dados/projeto_airflow/airflowalura/venv/lib/python3.9/site-packages/airflow/example_dags/example_python_operator.py
[2024-04-27 10:02:16,789] {logging_mixin.py:115} INFO - [2024-04-27 10:02:16,789] {dag.py:2379} INFO - Sync 1 DAGs
[2024-04-27 10:02:16,799] {logging_mixin.py:115} INFO - [2024-04-27 10:02:16,799] {dag.py:2927} INFO - Setting next_dagrun for example_python_operator to None, run_after=None
[2024-04-27 10:02:16,810] {processor.py:161} INFO - Processing /home/enrico/Documentos/backup/AULA/Alura/Engenharia de dados/projeto_airflow/airflowalura/venv/lib/python3.9/site-packages/airflow/example_dags/example_python_operator.py took 0.046 seconds
[2024-04-27 10:02:49,005] {processor.py:153} INFO - Started process (PID=97812) to work on /home/enrico/Documentos/backup/AULA/Alura/Engenharia de dados/projeto_airflow/airflowalura/venv/lib/python3.9/site-packages/airflow/example_dags/example_python_operator.py
[2024-04-27 10:02:49,006] {processor.py:641} INFO - Processing file /home/enrico/Documentos/backup/AULA/Alura/Engenharia de dados/projeto_airflow/airflowalura/venv/lib/python3.9/site-packages/airflow/example_dags/example_python_operator.py for tasks to queue
[2024-04-27 10:02:49,007] {logging_mixin.py:115} INFO - [2024-04-27 10:02:49,007] {dagbag.py:507} INFO - Filling up the DagBag from /home/enrico/Documentos/backup/AULA/Alura/Engenharia de dados/projeto_airflow/airflowalura/venv/lib/python3.9/site-packages/airflow/example_dags/example_python_operator.py
[2024-04-27 10:02:49,037] {logging_mixin.py:115} INFO - [2024-04-27 10:02:49,037] {example_python_operator.py:68} WARNING - The virtalenv_python example task requires virtualenv, please install it.
[2024-04-27 10:02:49,037] {processor.py:651} INFO - DAG(s) dict_keys(['example_python_operator']) retrieved from /home/enrico/Documentos/backup/AULA/Alura/Engenharia de dados/projeto_airflow/airflowalura/venv/lib/python3.9/site-packages/airflow/example_dags/example_python_operator.py
[2024-04-27 10:02:49,048] {logging_mixin.py:115} INFO - [2024-04-27 10:02:49,048] {dag.py:2379} INFO - Sync 1 DAGs
[2024-04-27 10:02:49,058] {logging_mixin.py:115} INFO - [2024-04-27 10:02:49,058] {dag.py:2927} INFO - Setting next_dagrun for example_python_operator to None, run_after=None
[2024-04-27 10:02:49,070] {processor.py:161} INFO - Processing /home/enrico/Documentos/backup/AULA/Alura/Engenharia de dados/projeto_airflow/airflowalura/venv/lib/python3.9/site-packages/airflow/example_dags/example_python_operator.py took 0.071 seconds
[2024-04-27 10:03:23,007] {processor.py:153} INFO - Started process (PID=98023) to work on /home/enrico/Documentos/backup/AULA/Alura/Engenharia de dados/projeto_airflow/airflowalura/venv/lib/python3.9/site-packages/airflow/example_dags/example_python_operator.py
[2024-04-27 10:03:23,011] {processor.py:641} INFO - Processing file /home/enrico/Documentos/backup/AULA/Alura/Engenharia de dados/projeto_airflow/airflowalura/venv/lib/python3.9/site-packages/airflow/example_dags/example_python_operator.py for tasks to queue
[2024-04-27 10:03:23,012] {logging_mixin.py:115} INFO - [2024-04-27 10:03:23,011] {dagbag.py:507} INFO - Filling up the DagBag from /home/enrico/Documentos/backup/AULA/Alura/Engenharia de dados/projeto_airflow/airflowalura/venv/lib/python3.9/site-packages/airflow/example_dags/example_python_operator.py
[2024-04-27 10:03:23,044] {logging_mixin.py:115} INFO - [2024-04-27 10:03:23,044] {example_python_operator.py:68} WARNING - The virtalenv_python example task requires virtualenv, please install it.
[2024-04-27 10:03:23,044] {processor.py:651} INFO - DAG(s) dict_keys(['example_python_operator']) retrieved from /home/enrico/Documentos/backup/AULA/Alura/Engenharia de dados/projeto_airflow/airflowalura/venv/lib/python3.9/site-packages/airflow/example_dags/example_python_operator.py
[2024-04-27 10:03:23,053] {logging_mixin.py:115} INFO - [2024-04-27 10:03:23,053] {dag.py:2379} INFO - Sync 1 DAGs
[2024-04-27 10:03:23,062] {logging_mixin.py:115} INFO - [2024-04-27 10:03:23,062] {dag.py:2927} INFO - Setting next_dagrun for example_python_operator to None, run_after=None
[2024-04-27 10:03:23,078] {processor.py:161} INFO - Processing /home/enrico/Documentos/backup/AULA/Alura/Engenharia de dados/projeto_airflow/airflowalura/venv/lib/python3.9/site-packages/airflow/example_dags/example_python_operator.py took 0.077 seconds
[2024-04-27 10:03:55,789] {processor.py:153} INFO - Started process (PID=98211) to work on /home/enrico/Documentos/backup/AULA/Alura/Engenharia de dados/projeto_airflow/airflowalura/venv/lib/python3.9/site-packages/airflow/example_dags/example_python_operator.py
[2024-04-27 10:03:55,792] {processor.py:641} INFO - Processing file /home/enrico/Documentos/backup/AULA/Alura/Engenharia de dados/projeto_airflow/airflowalura/venv/lib/python3.9/site-packages/airflow/example_dags/example_python_operator.py for tasks to queue
[2024-04-27 10:03:55,792] {logging_mixin.py:115} INFO - [2024-04-27 10:03:55,792] {dagbag.py:507} INFO - Filling up the DagBag from /home/enrico/Documentos/backup/AULA/Alura/Engenharia de dados/projeto_airflow/airflowalura/venv/lib/python3.9/site-packages/airflow/example_dags/example_python_operator.py
[2024-04-27 10:03:55,803] {logging_mixin.py:115} INFO - [2024-04-27 10:03:55,803] {example_python_operator.py:68} WARNING - The virtalenv_python example task requires virtualenv, please install it.
[2024-04-27 10:03:55,803] {processor.py:651} INFO - DAG(s) dict_keys(['example_python_operator']) retrieved from /home/enrico/Documentos/backup/AULA/Alura/Engenharia de dados/projeto_airflow/airflowalura/venv/lib/python3.9/site-packages/airflow/example_dags/example_python_operator.py
[2024-04-27 10:03:55,811] {logging_mixin.py:115} INFO - [2024-04-27 10:03:55,811] {dag.py:2379} INFO - Sync 1 DAGs
[2024-04-27 10:03:55,820] {logging_mixin.py:115} INFO - [2024-04-27 10:03:55,820] {dag.py:2927} INFO - Setting next_dagrun for example_python_operator to None, run_after=None
[2024-04-27 10:03:55,831] {processor.py:161} INFO - Processing /home/enrico/Documentos/backup/AULA/Alura/Engenharia de dados/projeto_airflow/airflowalura/venv/lib/python3.9/site-packages/airflow/example_dags/example_python_operator.py took 0.043 seconds
[2024-04-27 10:04:33,559] {processor.py:153} INFO - Started process (PID=98450) to work on /home/enrico/Documentos/backup/AULA/Alura/Engenharia de dados/projeto_airflow/airflowalura/venv/lib/python3.9/site-packages/airflow/example_dags/example_python_operator.py
[2024-04-27 10:04:33,559] {processor.py:641} INFO - Processing file /home/enrico/Documentos/backup/AULA/Alura/Engenharia de dados/projeto_airflow/airflowalura/venv/lib/python3.9/site-packages/airflow/example_dags/example_python_operator.py for tasks to queue
[2024-04-27 10:04:33,560] {logging_mixin.py:115} INFO - [2024-04-27 10:04:33,560] {dagbag.py:507} INFO - Filling up the DagBag from /home/enrico/Documentos/backup/AULA/Alura/Engenharia de dados/projeto_airflow/airflowalura/venv/lib/python3.9/site-packages/airflow/example_dags/example_python_operator.py
[2024-04-27 10:04:33,572] {logging_mixin.py:115} INFO - [2024-04-27 10:04:33,572] {example_python_operator.py:68} WARNING - The virtalenv_python example task requires virtualenv, please install it.
[2024-04-27 10:04:33,573] {processor.py:651} INFO - DAG(s) dict_keys(['example_python_operator']) retrieved from /home/enrico/Documentos/backup/AULA/Alura/Engenharia de dados/projeto_airflow/airflowalura/venv/lib/python3.9/site-packages/airflow/example_dags/example_python_operator.py
[2024-04-27 10:04:33,580] {logging_mixin.py:115} INFO - [2024-04-27 10:04:33,580] {dag.py:2379} INFO - Sync 1 DAGs
[2024-04-27 10:04:33,590] {logging_mixin.py:115} INFO - [2024-04-27 10:04:33,590] {dag.py:2927} INFO - Setting next_dagrun for example_python_operator to None, run_after=None
[2024-04-27 10:04:33,599] {processor.py:161} INFO - Processing /home/enrico/Documentos/backup/AULA/Alura/Engenharia de dados/projeto_airflow/airflowalura/venv/lib/python3.9/site-packages/airflow/example_dags/example_python_operator.py took 0.042 seconds
