[2024-04-27 09:50:02,930] {processor.py:153} INFO - Started process (PID=95828) to work on /home/enrico/Documentos/backup/AULA/Alura/Engenharia de dados/projeto_airflow/airflowalura/venv/lib/python3.9/site-packages/airflow/example_dags/example_latest_only.py
[2024-04-27 09:50:02,930] {processor.py:641} INFO - Processing file /home/enrico/Documentos/backup/AULA/Alura/Engenharia de dados/projeto_airflow/airflowalura/venv/lib/python3.9/site-packages/airflow/example_dags/example_latest_only.py for tasks to queue
[2024-04-27 09:50:02,930] {logging_mixin.py:115} INFO - [2024-04-27 09:50:02,930] {dagbag.py:507} INFO - Filling up the DagBag from /home/enrico/Documentos/backup/AULA/Alura/Engenharia de dados/projeto_airflow/airflowalura/venv/lib/python3.9/site-packages/airflow/example_dags/example_latest_only.py
[2024-04-27 09:50:02,936] {processor.py:651} INFO - DAG(s) dict_keys(['latest_only']) retrieved from /home/enrico/Documentos/backup/AULA/Alura/Engenharia de dados/projeto_airflow/airflowalura/venv/lib/python3.9/site-packages/airflow/example_dags/example_latest_only.py
[2024-04-27 09:50:02,946] {logging_mixin.py:115} INFO - [2024-04-27 09:50:02,946] {dag.py:2379} INFO - Sync 1 DAGs
[2024-04-27 09:50:02,957] {logging_mixin.py:115} INFO - [2024-04-27 09:50:02,957] {dag.py:2927} INFO - Setting next_dagrun for latest_only to 2024-04-27T08:50:02.957479+00:00, run_after=2024-04-27T12:50:02.957479+00:00
[2024-04-27 09:50:02,968] {processor.py:161} INFO - Processing /home/enrico/Documentos/backup/AULA/Alura/Engenharia de dados/projeto_airflow/airflowalura/venv/lib/python3.9/site-packages/airflow/example_dags/example_latest_only.py took 0.040 seconds
[2024-04-27 09:50:35,381] {processor.py:153} INFO - Started process (PID=95953) to work on /home/enrico/Documentos/backup/AULA/Alura/Engenharia de dados/projeto_airflow/airflowalura/venv/lib/python3.9/site-packages/airflow/example_dags/example_latest_only.py
[2024-04-27 09:50:35,381] {processor.py:641} INFO - Processing file /home/enrico/Documentos/backup/AULA/Alura/Engenharia de dados/projeto_airflow/airflowalura/venv/lib/python3.9/site-packages/airflow/example_dags/example_latest_only.py for tasks to queue
[2024-04-27 09:50:35,381] {logging_mixin.py:115} INFO - [2024-04-27 09:50:35,381] {dagbag.py:507} INFO - Filling up the DagBag from /home/enrico/Documentos/backup/AULA/Alura/Engenharia de dados/projeto_airflow/airflowalura/venv/lib/python3.9/site-packages/airflow/example_dags/example_latest_only.py
[2024-04-27 09:50:35,385] {processor.py:651} INFO - DAG(s) dict_keys(['latest_only']) retrieved from /home/enrico/Documentos/backup/AULA/Alura/Engenharia de dados/projeto_airflow/airflowalura/venv/lib/python3.9/site-packages/airflow/example_dags/example_latest_only.py
[2024-04-27 09:50:35,394] {logging_mixin.py:115} INFO - [2024-04-27 09:50:35,394] {dag.py:2379} INFO - Sync 1 DAGs
[2024-04-27 09:50:35,404] {logging_mixin.py:115} INFO - [2024-04-27 09:50:35,404] {dag.py:2927} INFO - Setting next_dagrun for latest_only to 2024-04-27T08:50:35.404623+00:00, run_after=2024-04-27T12:50:35.404623+00:00
[2024-04-27 09:50:35,420] {processor.py:161} INFO - Processing /home/enrico/Documentos/backup/AULA/Alura/Engenharia de dados/projeto_airflow/airflowalura/venv/lib/python3.9/site-packages/airflow/example_dags/example_latest_only.py took 0.041 seconds
[2024-04-27 09:51:11,627] {processor.py:153} INFO - Started process (PID=96227) to work on /home/enrico/Documentos/backup/AULA/Alura/Engenharia de dados/projeto_airflow/airflowalura/venv/lib/python3.9/site-packages/airflow/example_dags/example_latest_only.py
[2024-04-27 09:51:11,628] {processor.py:641} INFO - Processing file /home/enrico/Documentos/backup/AULA/Alura/Engenharia de dados/projeto_airflow/airflowalura/venv/lib/python3.9/site-packages/airflow/example_dags/example_latest_only.py for tasks to queue
[2024-04-27 09:51:11,629] {logging_mixin.py:115} INFO - [2024-04-27 09:51:11,629] {dagbag.py:507} INFO - Filling up the DagBag from /home/enrico/Documentos/backup/AULA/Alura/Engenharia de dados/projeto_airflow/airflowalura/venv/lib/python3.9/site-packages/airflow/example_dags/example_latest_only.py
[2024-04-27 09:51:11,640] {processor.py:651} INFO - DAG(s) dict_keys(['latest_only']) retrieved from /home/enrico/Documentos/backup/AULA/Alura/Engenharia de dados/projeto_airflow/airflowalura/venv/lib/python3.9/site-packages/airflow/example_dags/example_latest_only.py
[2024-04-27 09:51:11,661] {logging_mixin.py:115} INFO - [2024-04-27 09:51:11,661] {dag.py:2379} INFO - Sync 1 DAGs
[2024-04-27 09:51:11,674] {logging_mixin.py:115} INFO - [2024-04-27 09:51:11,674] {dag.py:2927} INFO - Setting next_dagrun for latest_only to 2024-04-27T08:51:11.674193+00:00, run_after=2024-04-27T12:51:11.674193+00:00
[2024-04-27 09:51:11,687] {processor.py:161} INFO - Processing /home/enrico/Documentos/backup/AULA/Alura/Engenharia de dados/projeto_airflow/airflowalura/venv/lib/python3.9/site-packages/airflow/example_dags/example_latest_only.py took 0.067 seconds
[2024-04-27 09:51:47,661] {processor.py:153} INFO - Started process (PID=96402) to work on /home/enrico/Documentos/backup/AULA/Alura/Engenharia de dados/projeto_airflow/airflowalura/venv/lib/python3.9/site-packages/airflow/example_dags/example_latest_only.py
[2024-04-27 09:51:47,665] {processor.py:641} INFO - Processing file /home/enrico/Documentos/backup/AULA/Alura/Engenharia de dados/projeto_airflow/airflowalura/venv/lib/python3.9/site-packages/airflow/example_dags/example_latest_only.py for tasks to queue
[2024-04-27 09:51:47,666] {logging_mixin.py:115} INFO - [2024-04-27 09:51:47,666] {dagbag.py:507} INFO - Filling up the DagBag from /home/enrico/Documentos/backup/AULA/Alura/Engenharia de dados/projeto_airflow/airflowalura/venv/lib/python3.9/site-packages/airflow/example_dags/example_latest_only.py
[2024-04-27 09:51:47,677] {processor.py:651} INFO - DAG(s) dict_keys(['latest_only']) retrieved from /home/enrico/Documentos/backup/AULA/Alura/Engenharia de dados/projeto_airflow/airflowalura/venv/lib/python3.9/site-packages/airflow/example_dags/example_latest_only.py
[2024-04-27 09:51:47,700] {logging_mixin.py:115} INFO - [2024-04-27 09:51:47,699] {dag.py:2379} INFO - Sync 1 DAGs
[2024-04-27 09:51:47,713] {logging_mixin.py:115} INFO - [2024-04-27 09:51:47,713] {dag.py:2927} INFO - Setting next_dagrun for latest_only to 2024-04-27T08:51:47.712929+00:00, run_after=2024-04-27T12:51:47.712929+00:00
[2024-04-27 09:51:47,723] {processor.py:161} INFO - Processing /home/enrico/Documentos/backup/AULA/Alura/Engenharia de dados/projeto_airflow/airflowalura/venv/lib/python3.9/site-packages/airflow/example_dags/example_latest_only.py took 0.067 seconds
[2024-04-27 09:52:24,951] {processor.py:153} INFO - Started process (PID=96538) to work on /home/enrico/Documentos/backup/AULA/Alura/Engenharia de dados/projeto_airflow/airflowalura/venv/lib/python3.9/site-packages/airflow/example_dags/example_latest_only.py
[2024-04-27 09:52:24,953] {processor.py:641} INFO - Processing file /home/enrico/Documentos/backup/AULA/Alura/Engenharia de dados/projeto_airflow/airflowalura/venv/lib/python3.9/site-packages/airflow/example_dags/example_latest_only.py for tasks to queue
[2024-04-27 09:52:24,953] {logging_mixin.py:115} INFO - [2024-04-27 09:52:24,953] {dagbag.py:507} INFO - Filling up the DagBag from /home/enrico/Documentos/backup/AULA/Alura/Engenharia de dados/projeto_airflow/airflowalura/venv/lib/python3.9/site-packages/airflow/example_dags/example_latest_only.py
[2024-04-27 09:52:24,960] {processor.py:651} INFO - DAG(s) dict_keys(['latest_only']) retrieved from /home/enrico/Documentos/backup/AULA/Alura/Engenharia de dados/projeto_airflow/airflowalura/venv/lib/python3.9/site-packages/airflow/example_dags/example_latest_only.py
[2024-04-27 09:52:24,976] {logging_mixin.py:115} INFO - [2024-04-27 09:52:24,976] {dag.py:2379} INFO - Sync 1 DAGs
[2024-04-27 09:52:24,988] {logging_mixin.py:115} INFO - [2024-04-27 09:52:24,988] {dag.py:2927} INFO - Setting next_dagrun for latest_only to 2024-04-27T08:52:24.988416+00:00, run_after=2024-04-27T12:52:24.988416+00:00
[2024-04-27 09:52:25,002] {processor.py:161} INFO - Processing /home/enrico/Documentos/backup/AULA/Alura/Engenharia de dados/projeto_airflow/airflowalura/venv/lib/python3.9/site-packages/airflow/example_dags/example_latest_only.py took 0.057 seconds
[2024-04-27 09:53:00,955] {processor.py:153} INFO - Started process (PID=96622) to work on /home/enrico/Documentos/backup/AULA/Alura/Engenharia de dados/projeto_airflow/airflowalura/venv/lib/python3.9/site-packages/airflow/example_dags/example_latest_only.py
[2024-04-27 09:53:00,955] {processor.py:641} INFO - Processing file /home/enrico/Documentos/backup/AULA/Alura/Engenharia de dados/projeto_airflow/airflowalura/venv/lib/python3.9/site-packages/airflow/example_dags/example_latest_only.py for tasks to queue
[2024-04-27 09:53:00,956] {logging_mixin.py:115} INFO - [2024-04-27 09:53:00,956] {dagbag.py:507} INFO - Filling up the DagBag from /home/enrico/Documentos/backup/AULA/Alura/Engenharia de dados/projeto_airflow/airflowalura/venv/lib/python3.9/site-packages/airflow/example_dags/example_latest_only.py
[2024-04-27 09:53:00,958] {processor.py:651} INFO - DAG(s) dict_keys(['latest_only']) retrieved from /home/enrico/Documentos/backup/AULA/Alura/Engenharia de dados/projeto_airflow/airflowalura/venv/lib/python3.9/site-packages/airflow/example_dags/example_latest_only.py
[2024-04-27 09:53:00,968] {logging_mixin.py:115} INFO - [2024-04-27 09:53:00,968] {dag.py:2379} INFO - Sync 1 DAGs
[2024-04-27 09:53:00,977] {logging_mixin.py:115} INFO - [2024-04-27 09:53:00,977] {dag.py:2927} INFO - Setting next_dagrun for latest_only to 2024-04-27T08:53:00.977746+00:00, run_after=2024-04-27T12:53:00.977746+00:00
[2024-04-27 09:53:00,987] {processor.py:161} INFO - Processing /home/enrico/Documentos/backup/AULA/Alura/Engenharia de dados/projeto_airflow/airflowalura/venv/lib/python3.9/site-packages/airflow/example_dags/example_latest_only.py took 0.033 seconds
[2024-04-27 09:53:34,337] {processor.py:153} INFO - Started process (PID=96670) to work on /home/enrico/Documentos/backup/AULA/Alura/Engenharia de dados/projeto_airflow/airflowalura/venv/lib/python3.9/site-packages/airflow/example_dags/example_latest_only.py
[2024-04-27 09:53:34,340] {processor.py:641} INFO - Processing file /home/enrico/Documentos/backup/AULA/Alura/Engenharia de dados/projeto_airflow/airflowalura/venv/lib/python3.9/site-packages/airflow/example_dags/example_latest_only.py for tasks to queue
[2024-04-27 09:53:34,341] {logging_mixin.py:115} INFO - [2024-04-27 09:53:34,341] {dagbag.py:507} INFO - Filling up the DagBag from /home/enrico/Documentos/backup/AULA/Alura/Engenharia de dados/projeto_airflow/airflowalura/venv/lib/python3.9/site-packages/airflow/example_dags/example_latest_only.py
[2024-04-27 09:53:34,351] {processor.py:651} INFO - DAG(s) dict_keys(['latest_only']) retrieved from /home/enrico/Documentos/backup/AULA/Alura/Engenharia de dados/projeto_airflow/airflowalura/venv/lib/python3.9/site-packages/airflow/example_dags/example_latest_only.py
[2024-04-27 09:53:34,376] {logging_mixin.py:115} INFO - [2024-04-27 09:53:34,376] {dag.py:2379} INFO - Sync 1 DAGs
[2024-04-27 09:53:34,385] {logging_mixin.py:115} INFO - [2024-04-27 09:53:34,385] {dag.py:2927} INFO - Setting next_dagrun for latest_only to 2024-04-27T08:53:34.385459+00:00, run_after=2024-04-27T12:53:34.385459+00:00
[2024-04-27 09:53:34,400] {processor.py:161} INFO - Processing /home/enrico/Documentos/backup/AULA/Alura/Engenharia de dados/projeto_airflow/airflowalura/venv/lib/python3.9/site-packages/airflow/example_dags/example_latest_only.py took 0.068 seconds
[2024-04-27 09:54:10,204] {processor.py:153} INFO - Started process (PID=96719) to work on /home/enrico/Documentos/backup/AULA/Alura/Engenharia de dados/projeto_airflow/airflowalura/venv/lib/python3.9/site-packages/airflow/example_dags/example_latest_only.py
[2024-04-27 09:54:10,208] {processor.py:641} INFO - Processing file /home/enrico/Documentos/backup/AULA/Alura/Engenharia de dados/projeto_airflow/airflowalura/venv/lib/python3.9/site-packages/airflow/example_dags/example_latest_only.py for tasks to queue
[2024-04-27 09:54:10,209] {logging_mixin.py:115} INFO - [2024-04-27 09:54:10,209] {dagbag.py:507} INFO - Filling up the DagBag from /home/enrico/Documentos/backup/AULA/Alura/Engenharia de dados/projeto_airflow/airflowalura/venv/lib/python3.9/site-packages/airflow/example_dags/example_latest_only.py
[2024-04-27 09:54:10,219] {processor.py:651} INFO - DAG(s) dict_keys(['latest_only']) retrieved from /home/enrico/Documentos/backup/AULA/Alura/Engenharia de dados/projeto_airflow/airflowalura/venv/lib/python3.9/site-packages/airflow/example_dags/example_latest_only.py
[2024-04-27 09:54:10,242] {logging_mixin.py:115} INFO - [2024-04-27 09:54:10,242] {dag.py:2379} INFO - Sync 1 DAGs
[2024-04-27 09:54:10,255] {logging_mixin.py:115} INFO - [2024-04-27 09:54:10,255] {dag.py:2927} INFO - Setting next_dagrun for latest_only to 2024-04-27T08:54:10.255720+00:00, run_after=2024-04-27T12:54:10.255720+00:00
[2024-04-27 09:54:10,272] {processor.py:161} INFO - Processing /home/enrico/Documentos/backup/AULA/Alura/Engenharia de dados/projeto_airflow/airflowalura/venv/lib/python3.9/site-packages/airflow/example_dags/example_latest_only.py took 0.073 seconds
[2024-04-27 09:54:43,331] {processor.py:153} INFO - Started process (PID=96773) to work on /home/enrico/Documentos/backup/AULA/Alura/Engenharia de dados/projeto_airflow/airflowalura/venv/lib/python3.9/site-packages/airflow/example_dags/example_latest_only.py
[2024-04-27 09:54:43,333] {processor.py:641} INFO - Processing file /home/enrico/Documentos/backup/AULA/Alura/Engenharia de dados/projeto_airflow/airflowalura/venv/lib/python3.9/site-packages/airflow/example_dags/example_latest_only.py for tasks to queue
[2024-04-27 09:54:43,334] {logging_mixin.py:115} INFO - [2024-04-27 09:54:43,333] {dagbag.py:507} INFO - Filling up the DagBag from /home/enrico/Documentos/backup/AULA/Alura/Engenharia de dados/projeto_airflow/airflowalura/venv/lib/python3.9/site-packages/airflow/example_dags/example_latest_only.py
[2024-04-27 09:54:43,344] {processor.py:651} INFO - DAG(s) dict_keys(['latest_only']) retrieved from /home/enrico/Documentos/backup/AULA/Alura/Engenharia de dados/projeto_airflow/airflowalura/venv/lib/python3.9/site-packages/airflow/example_dags/example_latest_only.py
[2024-04-27 09:54:43,365] {logging_mixin.py:115} INFO - [2024-04-27 09:54:43,365] {dag.py:2379} INFO - Sync 1 DAGs
[2024-04-27 09:54:43,377] {logging_mixin.py:115} INFO - [2024-04-27 09:54:43,377] {dag.py:2927} INFO - Setting next_dagrun for latest_only to 2024-04-27T08:54:43.377631+00:00, run_after=2024-04-27T12:54:43.377631+00:00
[2024-04-27 09:54:43,391] {processor.py:161} INFO - Processing /home/enrico/Documentos/backup/AULA/Alura/Engenharia de dados/projeto_airflow/airflowalura/venv/lib/python3.9/site-packages/airflow/example_dags/example_latest_only.py took 0.065 seconds
[2024-04-27 09:55:16,996] {processor.py:153} INFO - Started process (PID=96826) to work on /home/enrico/Documentos/backup/AULA/Alura/Engenharia de dados/projeto_airflow/airflowalura/venv/lib/python3.9/site-packages/airflow/example_dags/example_latest_only.py
[2024-04-27 09:55:17,000] {processor.py:641} INFO - Processing file /home/enrico/Documentos/backup/AULA/Alura/Engenharia de dados/projeto_airflow/airflowalura/venv/lib/python3.9/site-packages/airflow/example_dags/example_latest_only.py for tasks to queue
[2024-04-27 09:55:17,002] {logging_mixin.py:115} INFO - [2024-04-27 09:55:17,001] {dagbag.py:507} INFO - Filling up the DagBag from /home/enrico/Documentos/backup/AULA/Alura/Engenharia de dados/projeto_airflow/airflowalura/venv/lib/python3.9/site-packages/airflow/example_dags/example_latest_only.py
[2024-04-27 09:55:17,014] {processor.py:651} INFO - DAG(s) dict_keys(['latest_only']) retrieved from /home/enrico/Documentos/backup/AULA/Alura/Engenharia de dados/projeto_airflow/airflowalura/venv/lib/python3.9/site-packages/airflow/example_dags/example_latest_only.py
[2024-04-27 09:55:17,043] {logging_mixin.py:115} INFO - [2024-04-27 09:55:17,043] {dag.py:2379} INFO - Sync 1 DAGs
[2024-04-27 09:55:17,057] {logging_mixin.py:115} INFO - [2024-04-27 09:55:17,057] {dag.py:2927} INFO - Setting next_dagrun for latest_only to 2024-04-27T08:55:17.057549+00:00, run_after=2024-04-27T12:55:17.057549+00:00
[2024-04-27 09:55:17,066] {processor.py:161} INFO - Processing /home/enrico/Documentos/backup/AULA/Alura/Engenharia de dados/projeto_airflow/airflowalura/venv/lib/python3.9/site-packages/airflow/example_dags/example_latest_only.py took 0.075 seconds
[2024-04-27 09:55:50,264] {processor.py:153} INFO - Started process (PID=96875) to work on /home/enrico/Documentos/backup/AULA/Alura/Engenharia de dados/projeto_airflow/airflowalura/venv/lib/python3.9/site-packages/airflow/example_dags/example_latest_only.py
[2024-04-27 09:55:50,268] {processor.py:641} INFO - Processing file /home/enrico/Documentos/backup/AULA/Alura/Engenharia de dados/projeto_airflow/airflowalura/venv/lib/python3.9/site-packages/airflow/example_dags/example_latest_only.py for tasks to queue
[2024-04-27 09:55:50,269] {logging_mixin.py:115} INFO - [2024-04-27 09:55:50,269] {dagbag.py:507} INFO - Filling up the DagBag from /home/enrico/Documentos/backup/AULA/Alura/Engenharia de dados/projeto_airflow/airflowalura/venv/lib/python3.9/site-packages/airflow/example_dags/example_latest_only.py
[2024-04-27 09:55:50,279] {processor.py:651} INFO - DAG(s) dict_keys(['latest_only']) retrieved from /home/enrico/Documentos/backup/AULA/Alura/Engenharia de dados/projeto_airflow/airflowalura/venv/lib/python3.9/site-packages/airflow/example_dags/example_latest_only.py
[2024-04-27 09:55:50,301] {logging_mixin.py:115} INFO - [2024-04-27 09:55:50,301] {dag.py:2379} INFO - Sync 1 DAGs
[2024-04-27 09:55:50,313] {logging_mixin.py:115} INFO - [2024-04-27 09:55:50,313] {dag.py:2927} INFO - Setting next_dagrun for latest_only to 2024-04-27T08:55:50.313317+00:00, run_after=2024-04-27T12:55:50.313317+00:00
[2024-04-27 09:55:50,323] {processor.py:161} INFO - Processing /home/enrico/Documentos/backup/AULA/Alura/Engenharia de dados/projeto_airflow/airflowalura/venv/lib/python3.9/site-packages/airflow/example_dags/example_latest_only.py took 0.064 seconds
[2024-04-27 09:56:25,362] {processor.py:153} INFO - Started process (PID=96953) to work on /home/enrico/Documentos/backup/AULA/Alura/Engenharia de dados/projeto_airflow/airflowalura/venv/lib/python3.9/site-packages/airflow/example_dags/example_latest_only.py
[2024-04-27 09:56:25,364] {processor.py:641} INFO - Processing file /home/enrico/Documentos/backup/AULA/Alura/Engenharia de dados/projeto_airflow/airflowalura/venv/lib/python3.9/site-packages/airflow/example_dags/example_latest_only.py for tasks to queue
[2024-04-27 09:56:25,364] {logging_mixin.py:115} INFO - [2024-04-27 09:56:25,364] {dagbag.py:507} INFO - Filling up the DagBag from /home/enrico/Documentos/backup/AULA/Alura/Engenharia de dados/projeto_airflow/airflowalura/venv/lib/python3.9/site-packages/airflow/example_dags/example_latest_only.py
[2024-04-27 09:56:25,367] {processor.py:651} INFO - DAG(s) dict_keys(['latest_only']) retrieved from /home/enrico/Documentos/backup/AULA/Alura/Engenharia de dados/projeto_airflow/airflowalura/venv/lib/python3.9/site-packages/airflow/example_dags/example_latest_only.py
[2024-04-27 09:56:25,375] {logging_mixin.py:115} INFO - [2024-04-27 09:56:25,375] {dag.py:2379} INFO - Sync 1 DAGs
[2024-04-27 09:56:25,385] {logging_mixin.py:115} INFO - [2024-04-27 09:56:25,385] {dag.py:2927} INFO - Setting next_dagrun for latest_only to 2024-04-27T08:56:25.385034+00:00, run_after=2024-04-27T12:56:25.385034+00:00
[2024-04-27 09:56:25,395] {processor.py:161} INFO - Processing /home/enrico/Documentos/backup/AULA/Alura/Engenharia de dados/projeto_airflow/airflowalura/venv/lib/python3.9/site-packages/airflow/example_dags/example_latest_only.py took 0.035 seconds
[2024-04-27 09:56:59,507] {processor.py:153} INFO - Started process (PID=97034) to work on /home/enrico/Documentos/backup/AULA/Alura/Engenharia de dados/projeto_airflow/airflowalura/venv/lib/python3.9/site-packages/airflow/example_dags/example_latest_only.py
[2024-04-27 09:56:59,508] {processor.py:641} INFO - Processing file /home/enrico/Documentos/backup/AULA/Alura/Engenharia de dados/projeto_airflow/airflowalura/venv/lib/python3.9/site-packages/airflow/example_dags/example_latest_only.py for tasks to queue
[2024-04-27 09:56:59,509] {logging_mixin.py:115} INFO - [2024-04-27 09:56:59,509] {dagbag.py:507} INFO - Filling up the DagBag from /home/enrico/Documentos/backup/AULA/Alura/Engenharia de dados/projeto_airflow/airflowalura/venv/lib/python3.9/site-packages/airflow/example_dags/example_latest_only.py
[2024-04-27 09:56:59,519] {processor.py:651} INFO - DAG(s) dict_keys(['latest_only']) retrieved from /home/enrico/Documentos/backup/AULA/Alura/Engenharia de dados/projeto_airflow/airflowalura/venv/lib/python3.9/site-packages/airflow/example_dags/example_latest_only.py
[2024-04-27 09:56:59,536] {logging_mixin.py:115} INFO - [2024-04-27 09:56:59,536] {dag.py:2379} INFO - Sync 1 DAGs
[2024-04-27 09:56:59,547] {logging_mixin.py:115} INFO - [2024-04-27 09:56:59,547] {dag.py:2927} INFO - Setting next_dagrun for latest_only to 2024-04-27T08:56:59.547203+00:00, run_after=2024-04-27T12:56:59.547203+00:00
[2024-04-27 09:56:59,555] {processor.py:161} INFO - Processing /home/enrico/Documentos/backup/AULA/Alura/Engenharia de dados/projeto_airflow/airflowalura/venv/lib/python3.9/site-packages/airflow/example_dags/example_latest_only.py took 0.055 seconds
[2024-04-27 09:57:36,142] {processor.py:153} INFO - Started process (PID=97123) to work on /home/enrico/Documentos/backup/AULA/Alura/Engenharia de dados/projeto_airflow/airflowalura/venv/lib/python3.9/site-packages/airflow/example_dags/example_latest_only.py
[2024-04-27 09:57:36,146] {processor.py:641} INFO - Processing file /home/enrico/Documentos/backup/AULA/Alura/Engenharia de dados/projeto_airflow/airflowalura/venv/lib/python3.9/site-packages/airflow/example_dags/example_latest_only.py for tasks to queue
[2024-04-27 09:57:36,147] {logging_mixin.py:115} INFO - [2024-04-27 09:57:36,147] {dagbag.py:507} INFO - Filling up the DagBag from /home/enrico/Documentos/backup/AULA/Alura/Engenharia de dados/projeto_airflow/airflowalura/venv/lib/python3.9/site-packages/airflow/example_dags/example_latest_only.py
[2024-04-27 09:57:36,158] {processor.py:651} INFO - DAG(s) dict_keys(['latest_only']) retrieved from /home/enrico/Documentos/backup/AULA/Alura/Engenharia de dados/projeto_airflow/airflowalura/venv/lib/python3.9/site-packages/airflow/example_dags/example_latest_only.py
[2024-04-27 09:57:36,181] {logging_mixin.py:115} INFO - [2024-04-27 09:57:36,181] {dag.py:2379} INFO - Sync 1 DAGs
[2024-04-27 09:57:36,194] {logging_mixin.py:115} INFO - [2024-04-27 09:57:36,194] {dag.py:2927} INFO - Setting next_dagrun for latest_only to 2024-04-27T08:57:36.194160+00:00, run_after=2024-04-27T12:57:36.194160+00:00
[2024-04-27 09:57:36,205] {processor.py:161} INFO - Processing /home/enrico/Documentos/backup/AULA/Alura/Engenharia de dados/projeto_airflow/airflowalura/venv/lib/python3.9/site-packages/airflow/example_dags/example_latest_only.py took 0.068 seconds
[2024-04-27 09:58:08,119] {processor.py:153} INFO - Started process (PID=97171) to work on /home/enrico/Documentos/backup/AULA/Alura/Engenharia de dados/projeto_airflow/airflowalura/venv/lib/python3.9/site-packages/airflow/example_dags/example_latest_only.py
[2024-04-27 09:58:08,119] {processor.py:641} INFO - Processing file /home/enrico/Documentos/backup/AULA/Alura/Engenharia de dados/projeto_airflow/airflowalura/venv/lib/python3.9/site-packages/airflow/example_dags/example_latest_only.py for tasks to queue
[2024-04-27 09:58:08,119] {logging_mixin.py:115} INFO - [2024-04-27 09:58:08,119] {dagbag.py:507} INFO - Filling up the DagBag from /home/enrico/Documentos/backup/AULA/Alura/Engenharia de dados/projeto_airflow/airflowalura/venv/lib/python3.9/site-packages/airflow/example_dags/example_latest_only.py
[2024-04-27 09:58:08,122] {processor.py:651} INFO - DAG(s) dict_keys(['latest_only']) retrieved from /home/enrico/Documentos/backup/AULA/Alura/Engenharia de dados/projeto_airflow/airflowalura/venv/lib/python3.9/site-packages/airflow/example_dags/example_latest_only.py
[2024-04-27 09:58:08,133] {logging_mixin.py:115} INFO - [2024-04-27 09:58:08,133] {dag.py:2379} INFO - Sync 1 DAGs
[2024-04-27 09:58:08,144] {logging_mixin.py:115} INFO - [2024-04-27 09:58:08,144] {dag.py:2927} INFO - Setting next_dagrun for latest_only to 2024-04-27T08:58:08.144140+00:00, run_after=2024-04-27T12:58:08.144140+00:00
[2024-04-27 09:58:08,156] {processor.py:161} INFO - Processing /home/enrico/Documentos/backup/AULA/Alura/Engenharia de dados/projeto_airflow/airflowalura/venv/lib/python3.9/site-packages/airflow/example_dags/example_latest_only.py took 0.039 seconds
[2024-04-27 09:58:40,936] {processor.py:153} INFO - Started process (PID=97228) to work on /home/enrico/Documentos/backup/AULA/Alura/Engenharia de dados/projeto_airflow/airflowalura/venv/lib/python3.9/site-packages/airflow/example_dags/example_latest_only.py
[2024-04-27 09:58:40,939] {processor.py:641} INFO - Processing file /home/enrico/Documentos/backup/AULA/Alura/Engenharia de dados/projeto_airflow/airflowalura/venv/lib/python3.9/site-packages/airflow/example_dags/example_latest_only.py for tasks to queue
[2024-04-27 09:58:40,939] {logging_mixin.py:115} INFO - [2024-04-27 09:58:40,939] {dagbag.py:507} INFO - Filling up the DagBag from /home/enrico/Documentos/backup/AULA/Alura/Engenharia de dados/projeto_airflow/airflowalura/venv/lib/python3.9/site-packages/airflow/example_dags/example_latest_only.py
[2024-04-27 09:58:40,942] {processor.py:651} INFO - DAG(s) dict_keys(['latest_only']) retrieved from /home/enrico/Documentos/backup/AULA/Alura/Engenharia de dados/projeto_airflow/airflowalura/venv/lib/python3.9/site-packages/airflow/example_dags/example_latest_only.py
[2024-04-27 09:58:40,951] {logging_mixin.py:115} INFO - [2024-04-27 09:58:40,951] {dag.py:2379} INFO - Sync 1 DAGs
[2024-04-27 09:58:40,962] {logging_mixin.py:115} INFO - [2024-04-27 09:58:40,961] {dag.py:2927} INFO - Setting next_dagrun for latest_only to 2024-04-27T08:58:40.961787+00:00, run_after=2024-04-27T12:58:40.961787+00:00
[2024-04-27 09:58:40,972] {processor.py:161} INFO - Processing /home/enrico/Documentos/backup/AULA/Alura/Engenharia de dados/projeto_airflow/airflowalura/venv/lib/python3.9/site-packages/airflow/example_dags/example_latest_only.py took 0.037 seconds
[2024-04-27 09:59:14,082] {processor.py:153} INFO - Started process (PID=97284) to work on /home/enrico/Documentos/backup/AULA/Alura/Engenharia de dados/projeto_airflow/airflowalura/venv/lib/python3.9/site-packages/airflow/example_dags/example_latest_only.py
[2024-04-27 09:59:14,085] {processor.py:641} INFO - Processing file /home/enrico/Documentos/backup/AULA/Alura/Engenharia de dados/projeto_airflow/airflowalura/venv/lib/python3.9/site-packages/airflow/example_dags/example_latest_only.py for tasks to queue
[2024-04-27 09:59:14,086] {logging_mixin.py:115} INFO - [2024-04-27 09:59:14,086] {dagbag.py:507} INFO - Filling up the DagBag from /home/enrico/Documentos/backup/AULA/Alura/Engenharia de dados/projeto_airflow/airflowalura/venv/lib/python3.9/site-packages/airflow/example_dags/example_latest_only.py
[2024-04-27 09:59:14,096] {processor.py:651} INFO - DAG(s) dict_keys(['latest_only']) retrieved from /home/enrico/Documentos/backup/AULA/Alura/Engenharia de dados/projeto_airflow/airflowalura/venv/lib/python3.9/site-packages/airflow/example_dags/example_latest_only.py
[2024-04-27 09:59:14,124] {logging_mixin.py:115} INFO - [2024-04-27 09:59:14,124] {dag.py:2379} INFO - Sync 1 DAGs
[2024-04-27 09:59:14,138] {logging_mixin.py:115} INFO - [2024-04-27 09:59:14,138] {dag.py:2927} INFO - Setting next_dagrun for latest_only to 2024-04-27T08:59:14.137922+00:00, run_after=2024-04-27T12:59:14.137922+00:00
[2024-04-27 09:59:14,153] {processor.py:161} INFO - Processing /home/enrico/Documentos/backup/AULA/Alura/Engenharia de dados/projeto_airflow/airflowalura/venv/lib/python3.9/site-packages/airflow/example_dags/example_latest_only.py took 0.076 seconds
[2024-04-27 09:59:48,944] {processor.py:153} INFO - Started process (PID=97346) to work on /home/enrico/Documentos/backup/AULA/Alura/Engenharia de dados/projeto_airflow/airflowalura/venv/lib/python3.9/site-packages/airflow/example_dags/example_latest_only.py
[2024-04-27 09:59:48,945] {processor.py:641} INFO - Processing file /home/enrico/Documentos/backup/AULA/Alura/Engenharia de dados/projeto_airflow/airflowalura/venv/lib/python3.9/site-packages/airflow/example_dags/example_latest_only.py for tasks to queue
[2024-04-27 09:59:48,946] {logging_mixin.py:115} INFO - [2024-04-27 09:59:48,946] {dagbag.py:507} INFO - Filling up the DagBag from /home/enrico/Documentos/backup/AULA/Alura/Engenharia de dados/projeto_airflow/airflowalura/venv/lib/python3.9/site-packages/airflow/example_dags/example_latest_only.py
[2024-04-27 09:59:48,952] {processor.py:651} INFO - DAG(s) dict_keys(['latest_only']) retrieved from /home/enrico/Documentos/backup/AULA/Alura/Engenharia de dados/projeto_airflow/airflowalura/venv/lib/python3.9/site-packages/airflow/example_dags/example_latest_only.py
[2024-04-27 09:59:48,974] {logging_mixin.py:115} INFO - [2024-04-27 09:59:48,973] {dag.py:2379} INFO - Sync 1 DAGs
[2024-04-27 09:59:48,988] {logging_mixin.py:115} INFO - [2024-04-27 09:59:48,988] {dag.py:2927} INFO - Setting next_dagrun for latest_only to 2024-04-27T08:59:48.988327+00:00, run_after=2024-04-27T12:59:48.988327+00:00
[2024-04-27 09:59:48,997] {processor.py:161} INFO - Processing /home/enrico/Documentos/backup/AULA/Alura/Engenharia de dados/projeto_airflow/airflowalura/venv/lib/python3.9/site-packages/airflow/example_dags/example_latest_only.py took 0.056 seconds
[2024-04-27 10:00:22,996] {processor.py:153} INFO - Started process (PID=97399) to work on /home/enrico/Documentos/backup/AULA/Alura/Engenharia de dados/projeto_airflow/airflowalura/venv/lib/python3.9/site-packages/airflow/example_dags/example_latest_only.py
[2024-04-27 10:00:22,997] {processor.py:641} INFO - Processing file /home/enrico/Documentos/backup/AULA/Alura/Engenharia de dados/projeto_airflow/airflowalura/venv/lib/python3.9/site-packages/airflow/example_dags/example_latest_only.py for tasks to queue
[2024-04-27 10:00:22,997] {logging_mixin.py:115} INFO - [2024-04-27 10:00:22,997] {dagbag.py:507} INFO - Filling up the DagBag from /home/enrico/Documentos/backup/AULA/Alura/Engenharia de dados/projeto_airflow/airflowalura/venv/lib/python3.9/site-packages/airflow/example_dags/example_latest_only.py
[2024-04-27 10:00:23,003] {processor.py:651} INFO - DAG(s) dict_keys(['latest_only']) retrieved from /home/enrico/Documentos/backup/AULA/Alura/Engenharia de dados/projeto_airflow/airflowalura/venv/lib/python3.9/site-packages/airflow/example_dags/example_latest_only.py
[2024-04-27 10:00:23,015] {logging_mixin.py:115} INFO - [2024-04-27 10:00:23,015] {dag.py:2379} INFO - Sync 1 DAGs
[2024-04-27 10:00:23,025] {logging_mixin.py:115} INFO - [2024-04-27 10:00:23,024] {dag.py:2927} INFO - Setting next_dagrun for latest_only to 2024-04-27T09:00:23.024782+00:00, run_after=2024-04-27T13:00:23.024782+00:00
[2024-04-27 10:00:23,035] {processor.py:161} INFO - Processing /home/enrico/Documentos/backup/AULA/Alura/Engenharia de dados/projeto_airflow/airflowalura/venv/lib/python3.9/site-packages/airflow/example_dags/example_latest_only.py took 0.041 seconds
[2024-04-27 10:00:58,032] {processor.py:153} INFO - Started process (PID=97446) to work on /home/enrico/Documentos/backup/AULA/Alura/Engenharia de dados/projeto_airflow/airflowalura/venv/lib/python3.9/site-packages/airflow/example_dags/example_latest_only.py
[2024-04-27 10:00:58,036] {processor.py:641} INFO - Processing file /home/enrico/Documentos/backup/AULA/Alura/Engenharia de dados/projeto_airflow/airflowalura/venv/lib/python3.9/site-packages/airflow/example_dags/example_latest_only.py for tasks to queue
[2024-04-27 10:00:58,037] {logging_mixin.py:115} INFO - [2024-04-27 10:00:58,037] {dagbag.py:507} INFO - Filling up the DagBag from /home/enrico/Documentos/backup/AULA/Alura/Engenharia de dados/projeto_airflow/airflowalura/venv/lib/python3.9/site-packages/airflow/example_dags/example_latest_only.py
[2024-04-27 10:00:58,053] {processor.py:651} INFO - DAG(s) dict_keys(['latest_only']) retrieved from /home/enrico/Documentos/backup/AULA/Alura/Engenharia de dados/projeto_airflow/airflowalura/venv/lib/python3.9/site-packages/airflow/example_dags/example_latest_only.py
[2024-04-27 10:00:58,069] {logging_mixin.py:115} INFO - [2024-04-27 10:00:58,068] {dag.py:2379} INFO - Sync 1 DAGs
[2024-04-27 10:00:58,081] {logging_mixin.py:115} INFO - [2024-04-27 10:00:58,081] {dag.py:2927} INFO - Setting next_dagrun for latest_only to 2024-04-27T09:00:58.081181+00:00, run_after=2024-04-27T13:00:58.081181+00:00
[2024-04-27 10:00:58,091] {processor.py:161} INFO - Processing /home/enrico/Documentos/backup/AULA/Alura/Engenharia de dados/projeto_airflow/airflowalura/venv/lib/python3.9/site-packages/airflow/example_dags/example_latest_only.py took 0.064 seconds
[2024-04-27 10:01:30,504] {processor.py:153} INFO - Started process (PID=97515) to work on /home/enrico/Documentos/backup/AULA/Alura/Engenharia de dados/projeto_airflow/airflowalura/venv/lib/python3.9/site-packages/airflow/example_dags/example_latest_only.py
[2024-04-27 10:01:30,507] {processor.py:641} INFO - Processing file /home/enrico/Documentos/backup/AULA/Alura/Engenharia de dados/projeto_airflow/airflowalura/venv/lib/python3.9/site-packages/airflow/example_dags/example_latest_only.py for tasks to queue
[2024-04-27 10:01:30,507] {logging_mixin.py:115} INFO - [2024-04-27 10:01:30,507] {dagbag.py:507} INFO - Filling up the DagBag from /home/enrico/Documentos/backup/AULA/Alura/Engenharia de dados/projeto_airflow/airflowalura/venv/lib/python3.9/site-packages/airflow/example_dags/example_latest_only.py
[2024-04-27 10:01:30,512] {processor.py:651} INFO - DAG(s) dict_keys(['latest_only']) retrieved from /home/enrico/Documentos/backup/AULA/Alura/Engenharia de dados/projeto_airflow/airflowalura/venv/lib/python3.9/site-packages/airflow/example_dags/example_latest_only.py
[2024-04-27 10:01:30,520] {logging_mixin.py:115} INFO - [2024-04-27 10:01:30,520] {dag.py:2379} INFO - Sync 1 DAGs
[2024-04-27 10:01:30,530] {logging_mixin.py:115} INFO - [2024-04-27 10:01:30,530] {dag.py:2927} INFO - Setting next_dagrun for latest_only to 2024-04-27T09:01:30.530605+00:00, run_after=2024-04-27T13:01:30.530605+00:00
[2024-04-27 10:01:30,541] {processor.py:161} INFO - Processing /home/enrico/Documentos/backup/AULA/Alura/Engenharia de dados/projeto_airflow/airflowalura/venv/lib/python3.9/site-packages/airflow/example_dags/example_latest_only.py took 0.038 seconds
[2024-04-27 10:02:03,626] {processor.py:153} INFO - Started process (PID=97571) to work on /home/enrico/Documentos/backup/AULA/Alura/Engenharia de dados/projeto_airflow/airflowalura/venv/lib/python3.9/site-packages/airflow/example_dags/example_latest_only.py
[2024-04-27 10:02:03,630] {processor.py:641} INFO - Processing file /home/enrico/Documentos/backup/AULA/Alura/Engenharia de dados/projeto_airflow/airflowalura/venv/lib/python3.9/site-packages/airflow/example_dags/example_latest_only.py for tasks to queue
[2024-04-27 10:02:03,631] {logging_mixin.py:115} INFO - [2024-04-27 10:02:03,630] {dagbag.py:507} INFO - Filling up the DagBag from /home/enrico/Documentos/backup/AULA/Alura/Engenharia de dados/projeto_airflow/airflowalura/venv/lib/python3.9/site-packages/airflow/example_dags/example_latest_only.py
[2024-04-27 10:02:03,649] {processor.py:651} INFO - DAG(s) dict_keys(['latest_only']) retrieved from /home/enrico/Documentos/backup/AULA/Alura/Engenharia de dados/projeto_airflow/airflowalura/venv/lib/python3.9/site-packages/airflow/example_dags/example_latest_only.py
[2024-04-27 10:02:03,666] {logging_mixin.py:115} INFO - [2024-04-27 10:02:03,666] {dag.py:2379} INFO - Sync 1 DAGs
[2024-04-27 10:02:03,680] {logging_mixin.py:115} INFO - [2024-04-27 10:02:03,680] {dag.py:2927} INFO - Setting next_dagrun for latest_only to 2024-04-27T09:02:03.680443+00:00, run_after=2024-04-27T13:02:03.680443+00:00
[2024-04-27 10:02:03,695] {processor.py:161} INFO - Processing /home/enrico/Documentos/backup/AULA/Alura/Engenharia de dados/projeto_airflow/airflowalura/venv/lib/python3.9/site-packages/airflow/example_dags/example_latest_only.py took 0.077 seconds
[2024-04-27 10:02:38,478] {processor.py:153} INFO - Started process (PID=97745) to work on /home/enrico/Documentos/backup/AULA/Alura/Engenharia de dados/projeto_airflow/airflowalura/venv/lib/python3.9/site-packages/airflow/example_dags/example_latest_only.py
[2024-04-27 10:02:38,481] {processor.py:641} INFO - Processing file /home/enrico/Documentos/backup/AULA/Alura/Engenharia de dados/projeto_airflow/airflowalura/venv/lib/python3.9/site-packages/airflow/example_dags/example_latest_only.py for tasks to queue
[2024-04-27 10:02:38,482] {logging_mixin.py:115} INFO - [2024-04-27 10:02:38,481] {dagbag.py:507} INFO - Filling up the DagBag from /home/enrico/Documentos/backup/AULA/Alura/Engenharia de dados/projeto_airflow/airflowalura/venv/lib/python3.9/site-packages/airflow/example_dags/example_latest_only.py
[2024-04-27 10:02:38,486] {processor.py:651} INFO - DAG(s) dict_keys(['latest_only']) retrieved from /home/enrico/Documentos/backup/AULA/Alura/Engenharia de dados/projeto_airflow/airflowalura/venv/lib/python3.9/site-packages/airflow/example_dags/example_latest_only.py
[2024-04-27 10:02:38,493] {logging_mixin.py:115} INFO - [2024-04-27 10:02:38,493] {dag.py:2379} INFO - Sync 1 DAGs
[2024-04-27 10:02:38,502] {logging_mixin.py:115} INFO - [2024-04-27 10:02:38,502] {dag.py:2927} INFO - Setting next_dagrun for latest_only to 2024-04-27T09:02:38.502367+00:00, run_after=2024-04-27T13:02:38.502367+00:00
[2024-04-27 10:02:38,512] {processor.py:161} INFO - Processing /home/enrico/Documentos/backup/AULA/Alura/Engenharia de dados/projeto_airflow/airflowalura/venv/lib/python3.9/site-packages/airflow/example_dags/example_latest_only.py took 0.035 seconds
[2024-04-27 10:03:15,420] {processor.py:153} INFO - Started process (PID=97956) to work on /home/enrico/Documentos/backup/AULA/Alura/Engenharia de dados/projeto_airflow/airflowalura/venv/lib/python3.9/site-packages/airflow/example_dags/example_latest_only.py
[2024-04-27 10:03:15,421] {processor.py:641} INFO - Processing file /home/enrico/Documentos/backup/AULA/Alura/Engenharia de dados/projeto_airflow/airflowalura/venv/lib/python3.9/site-packages/airflow/example_dags/example_latest_only.py for tasks to queue
[2024-04-27 10:03:15,421] {logging_mixin.py:115} INFO - [2024-04-27 10:03:15,421] {dagbag.py:507} INFO - Filling up the DagBag from /home/enrico/Documentos/backup/AULA/Alura/Engenharia de dados/projeto_airflow/airflowalura/venv/lib/python3.9/site-packages/airflow/example_dags/example_latest_only.py
[2024-04-27 10:03:15,426] {processor.py:651} INFO - DAG(s) dict_keys(['latest_only']) retrieved from /home/enrico/Documentos/backup/AULA/Alura/Engenharia de dados/projeto_airflow/airflowalura/venv/lib/python3.9/site-packages/airflow/example_dags/example_latest_only.py
[2024-04-27 10:03:15,435] {logging_mixin.py:115} INFO - [2024-04-27 10:03:15,435] {dag.py:2379} INFO - Sync 1 DAGs
[2024-04-27 10:03:15,448] {logging_mixin.py:115} INFO - [2024-04-27 10:03:15,448] {dag.py:2927} INFO - Setting next_dagrun for latest_only to 2024-04-27T09:03:15.447886+00:00, run_after=2024-04-27T13:03:15.447886+00:00
[2024-04-27 10:03:15,458] {processor.py:161} INFO - Processing /home/enrico/Documentos/backup/AULA/Alura/Engenharia de dados/projeto_airflow/airflowalura/venv/lib/python3.9/site-packages/airflow/example_dags/example_latest_only.py took 0.039 seconds
[2024-04-27 10:03:48,061] {processor.py:153} INFO - Started process (PID=98178) to work on /home/enrico/Documentos/backup/AULA/Alura/Engenharia de dados/projeto_airflow/airflowalura/venv/lib/python3.9/site-packages/airflow/example_dags/example_latest_only.py
[2024-04-27 10:03:48,061] {processor.py:641} INFO - Processing file /home/enrico/Documentos/backup/AULA/Alura/Engenharia de dados/projeto_airflow/airflowalura/venv/lib/python3.9/site-packages/airflow/example_dags/example_latest_only.py for tasks to queue
[2024-04-27 10:03:48,061] {logging_mixin.py:115} INFO - [2024-04-27 10:03:48,061] {dagbag.py:507} INFO - Filling up the DagBag from /home/enrico/Documentos/backup/AULA/Alura/Engenharia de dados/projeto_airflow/airflowalura/venv/lib/python3.9/site-packages/airflow/example_dags/example_latest_only.py
[2024-04-27 10:03:48,065] {processor.py:651} INFO - DAG(s) dict_keys(['latest_only']) retrieved from /home/enrico/Documentos/backup/AULA/Alura/Engenharia de dados/projeto_airflow/airflowalura/venv/lib/python3.9/site-packages/airflow/example_dags/example_latest_only.py
[2024-04-27 10:03:48,074] {logging_mixin.py:115} INFO - [2024-04-27 10:03:48,074] {dag.py:2379} INFO - Sync 1 DAGs
[2024-04-27 10:03:48,084] {logging_mixin.py:115} INFO - [2024-04-27 10:03:48,084] {dag.py:2927} INFO - Setting next_dagrun for latest_only to 2024-04-27T09:03:48.084066+00:00, run_after=2024-04-27T13:03:48.084066+00:00
[2024-04-27 10:03:48,096] {processor.py:161} INFO - Processing /home/enrico/Documentos/backup/AULA/Alura/Engenharia de dados/projeto_airflow/airflowalura/venv/lib/python3.9/site-packages/airflow/example_dags/example_latest_only.py took 0.037 seconds
[2024-04-27 10:04:23,969] {processor.py:153} INFO - Started process (PID=98380) to work on /home/enrico/Documentos/backup/AULA/Alura/Engenharia de dados/projeto_airflow/airflowalura/venv/lib/python3.9/site-packages/airflow/example_dags/example_latest_only.py
[2024-04-27 10:04:23,971] {processor.py:641} INFO - Processing file /home/enrico/Documentos/backup/AULA/Alura/Engenharia de dados/projeto_airflow/airflowalura/venv/lib/python3.9/site-packages/airflow/example_dags/example_latest_only.py for tasks to queue
[2024-04-27 10:04:23,972] {logging_mixin.py:115} INFO - [2024-04-27 10:04:23,972] {dagbag.py:507} INFO - Filling up the DagBag from /home/enrico/Documentos/backup/AULA/Alura/Engenharia de dados/projeto_airflow/airflowalura/venv/lib/python3.9/site-packages/airflow/example_dags/example_latest_only.py
[2024-04-27 10:04:23,988] {processor.py:651} INFO - DAG(s) dict_keys(['latest_only']) retrieved from /home/enrico/Documentos/backup/AULA/Alura/Engenharia de dados/projeto_airflow/airflowalura/venv/lib/python3.9/site-packages/airflow/example_dags/example_latest_only.py
[2024-04-27 10:04:24,006] {logging_mixin.py:115} INFO - [2024-04-27 10:04:24,006] {dag.py:2379} INFO - Sync 1 DAGs
[2024-04-27 10:04:24,019] {logging_mixin.py:115} INFO - [2024-04-27 10:04:24,019] {dag.py:2927} INFO - Setting next_dagrun for latest_only to 2024-04-27T09:04:24.019489+00:00, run_after=2024-04-27T13:04:24.019489+00:00
[2024-04-27 10:04:24,028] {processor.py:161} INFO - Processing /home/enrico/Documentos/backup/AULA/Alura/Engenharia de dados/projeto_airflow/airflowalura/venv/lib/python3.9/site-packages/airflow/example_dags/example_latest_only.py took 0.064 seconds
[2024-04-27 10:04:56,800] {processor.py:153} INFO - Started process (PID=98593) to work on /home/enrico/Documentos/backup/AULA/Alura/Engenharia de dados/projeto_airflow/airflowalura/venv/lib/python3.9/site-packages/airflow/example_dags/example_latest_only.py
[2024-04-27 10:04:56,800] {processor.py:641} INFO - Processing file /home/enrico/Documentos/backup/AULA/Alura/Engenharia de dados/projeto_airflow/airflowalura/venv/lib/python3.9/site-packages/airflow/example_dags/example_latest_only.py for tasks to queue
[2024-04-27 10:04:56,801] {logging_mixin.py:115} INFO - [2024-04-27 10:04:56,800] {dagbag.py:507} INFO - Filling up the DagBag from /home/enrico/Documentos/backup/AULA/Alura/Engenharia de dados/projeto_airflow/airflowalura/venv/lib/python3.9/site-packages/airflow/example_dags/example_latest_only.py
[2024-04-27 10:04:56,803] {processor.py:651} INFO - DAG(s) dict_keys(['latest_only']) retrieved from /home/enrico/Documentos/backup/AULA/Alura/Engenharia de dados/projeto_airflow/airflowalura/venv/lib/python3.9/site-packages/airflow/example_dags/example_latest_only.py
[2024-04-27 10:04:56,813] {logging_mixin.py:115} INFO - [2024-04-27 10:04:56,813] {dag.py:2379} INFO - Sync 1 DAGs
[2024-04-27 10:04:56,824] {logging_mixin.py:115} INFO - [2024-04-27 10:04:56,824] {dag.py:2927} INFO - Setting next_dagrun for latest_only to 2024-04-27T09:04:56.824470+00:00, run_after=2024-04-27T13:04:56.824470+00:00
[2024-04-27 10:04:56,834] {processor.py:161} INFO - Processing /home/enrico/Documentos/backup/AULA/Alura/Engenharia de dados/projeto_airflow/airflowalura/venv/lib/python3.9/site-packages/airflow/example_dags/example_latest_only.py took 0.036 seconds
