[2024-04-27 09:50:28,543] {processor.py:153} INFO - Started process (PID=95944) to work on /home/enrico/Documentos/backup/AULA/Alura/Engenharia de dados/projeto_airflow/airflowalura/venv/lib/python3.9/site-packages/airflow/example_dags/example_bash_operator.py
[2024-04-27 09:50:28,543] {processor.py:641} INFO - Processing file /home/enrico/Documentos/backup/AULA/Alura/Engenharia de dados/projeto_airflow/airflowalura/venv/lib/python3.9/site-packages/airflow/example_dags/example_bash_operator.py for tasks to queue
[2024-04-27 09:50:28,544] {logging_mixin.py:115} INFO - [2024-04-27 09:50:28,544] {dagbag.py:507} INFO - Filling up the DagBag from /home/enrico/Documentos/backup/AULA/Alura/Engenharia de dados/projeto_airflow/airflowalura/venv/lib/python3.9/site-packages/airflow/example_dags/example_bash_operator.py
[2024-04-27 09:50:28,560] {processor.py:651} INFO - DAG(s) dict_keys(['example_bash_operator']) retrieved from /home/enrico/Documentos/backup/AULA/Alura/Engenharia de dados/projeto_airflow/airflowalura/venv/lib/python3.9/site-packages/airflow/example_dags/example_bash_operator.py
[2024-04-27 09:50:28,577] {logging_mixin.py:115} INFO - [2024-04-27 09:50:28,577] {dag.py:2379} INFO - Sync 1 DAGs
[2024-04-27 09:50:28,589] {logging_mixin.py:115} INFO - [2024-04-27 09:50:28,589] {dag.py:2927} INFO - Setting next_dagrun for example_bash_operator to 2024-04-26T00:00:00+00:00, run_after=2024-04-27T00:00:00+00:00
[2024-04-27 09:50:28,607] {processor.py:161} INFO - Processing /home/enrico/Documentos/backup/AULA/Alura/Engenharia de dados/projeto_airflow/airflowalura/venv/lib/python3.9/site-packages/airflow/example_dags/example_bash_operator.py took 0.069 seconds
[2024-04-27 09:51:06,457] {processor.py:153} INFO - Started process (PID=96165) to work on /home/enrico/Documentos/backup/AULA/Alura/Engenharia de dados/projeto_airflow/airflowalura/venv/lib/python3.9/site-packages/airflow/example_dags/example_bash_operator.py
[2024-04-27 09:51:06,459] {processor.py:641} INFO - Processing file /home/enrico/Documentos/backup/AULA/Alura/Engenharia de dados/projeto_airflow/airflowalura/venv/lib/python3.9/site-packages/airflow/example_dags/example_bash_operator.py for tasks to queue
[2024-04-27 09:51:06,460] {logging_mixin.py:115} INFO - [2024-04-27 09:51:06,459] {dagbag.py:507} INFO - Filling up the DagBag from /home/enrico/Documentos/backup/AULA/Alura/Engenharia de dados/projeto_airflow/airflowalura/venv/lib/python3.9/site-packages/airflow/example_dags/example_bash_operator.py
[2024-04-27 09:51:06,481] {processor.py:651} INFO - DAG(s) dict_keys(['example_bash_operator']) retrieved from /home/enrico/Documentos/backup/AULA/Alura/Engenharia de dados/projeto_airflow/airflowalura/venv/lib/python3.9/site-packages/airflow/example_dags/example_bash_operator.py
[2024-04-27 09:51:06,497] {logging_mixin.py:115} INFO - [2024-04-27 09:51:06,497] {dag.py:2379} INFO - Sync 1 DAGs
[2024-04-27 09:51:06,509] {logging_mixin.py:115} INFO - [2024-04-27 09:51:06,509] {dag.py:2927} INFO - Setting next_dagrun for example_bash_operator to 2024-04-26T00:00:00+00:00, run_after=2024-04-27T00:00:00+00:00
[2024-04-27 09:51:06,520] {processor.py:161} INFO - Processing /home/enrico/Documentos/backup/AULA/Alura/Engenharia de dados/projeto_airflow/airflowalura/venv/lib/python3.9/site-packages/airflow/example_dags/example_bash_operator.py took 0.068 seconds
[2024-04-27 09:51:42,516] {processor.py:153} INFO - Started process (PID=96395) to work on /home/enrico/Documentos/backup/AULA/Alura/Engenharia de dados/projeto_airflow/airflowalura/venv/lib/python3.9/site-packages/airflow/example_dags/example_bash_operator.py
[2024-04-27 09:51:42,517] {processor.py:641} INFO - Processing file /home/enrico/Documentos/backup/AULA/Alura/Engenharia de dados/projeto_airflow/airflowalura/venv/lib/python3.9/site-packages/airflow/example_dags/example_bash_operator.py for tasks to queue
[2024-04-27 09:51:42,517] {logging_mixin.py:115} INFO - [2024-04-27 09:51:42,517] {dagbag.py:507} INFO - Filling up the DagBag from /home/enrico/Documentos/backup/AULA/Alura/Engenharia de dados/projeto_airflow/airflowalura/venv/lib/python3.9/site-packages/airflow/example_dags/example_bash_operator.py
[2024-04-27 09:51:42,523] {processor.py:651} INFO - DAG(s) dict_keys(['example_bash_operator']) retrieved from /home/enrico/Documentos/backup/AULA/Alura/Engenharia de dados/projeto_airflow/airflowalura/venv/lib/python3.9/site-packages/airflow/example_dags/example_bash_operator.py
[2024-04-27 09:51:42,533] {logging_mixin.py:115} INFO - [2024-04-27 09:51:42,533] {dag.py:2379} INFO - Sync 1 DAGs
[2024-04-27 09:51:42,543] {logging_mixin.py:115} INFO - [2024-04-27 09:51:42,543] {dag.py:2927} INFO - Setting next_dagrun for example_bash_operator to 2024-04-26T00:00:00+00:00, run_after=2024-04-27T00:00:00+00:00
[2024-04-27 09:51:42,553] {processor.py:161} INFO - Processing /home/enrico/Documentos/backup/AULA/Alura/Engenharia de dados/projeto_airflow/airflowalura/venv/lib/python3.9/site-packages/airflow/example_dags/example_bash_operator.py took 0.039 seconds
[2024-04-27 09:52:27,168] {processor.py:153} INFO - Started process (PID=96541) to work on /home/enrico/Documentos/backup/AULA/Alura/Engenharia de dados/projeto_airflow/airflowalura/venv/lib/python3.9/site-packages/airflow/example_dags/example_bash_operator.py
[2024-04-27 09:52:27,168] {processor.py:641} INFO - Processing file /home/enrico/Documentos/backup/AULA/Alura/Engenharia de dados/projeto_airflow/airflowalura/venv/lib/python3.9/site-packages/airflow/example_dags/example_bash_operator.py for tasks to queue
[2024-04-27 09:52:27,168] {logging_mixin.py:115} INFO - [2024-04-27 09:52:27,168] {dagbag.py:507} INFO - Filling up the DagBag from /home/enrico/Documentos/backup/AULA/Alura/Engenharia de dados/projeto_airflow/airflowalura/venv/lib/python3.9/site-packages/airflow/example_dags/example_bash_operator.py
[2024-04-27 09:52:27,174] {processor.py:651} INFO - DAG(s) dict_keys(['example_bash_operator']) retrieved from /home/enrico/Documentos/backup/AULA/Alura/Engenharia de dados/projeto_airflow/airflowalura/venv/lib/python3.9/site-packages/airflow/example_dags/example_bash_operator.py
[2024-04-27 09:52:27,183] {logging_mixin.py:115} INFO - [2024-04-27 09:52:27,183] {dag.py:2379} INFO - Sync 1 DAGs
[2024-04-27 09:52:27,193] {logging_mixin.py:115} INFO - [2024-04-27 09:52:27,193] {dag.py:2927} INFO - Setting next_dagrun for example_bash_operator to 2024-04-26T00:00:00+00:00, run_after=2024-04-27T00:00:00+00:00
[2024-04-27 09:52:27,202] {processor.py:161} INFO - Processing /home/enrico/Documentos/backup/AULA/Alura/Engenharia de dados/projeto_airflow/airflowalura/venv/lib/python3.9/site-packages/airflow/example_dags/example_bash_operator.py took 0.035 seconds
[2024-04-27 09:53:06,998] {processor.py:153} INFO - Started process (PID=96628) to work on /home/enrico/Documentos/backup/AULA/Alura/Engenharia de dados/projeto_airflow/airflowalura/venv/lib/python3.9/site-packages/airflow/example_dags/example_bash_operator.py
[2024-04-27 09:53:07,001] {processor.py:641} INFO - Processing file /home/enrico/Documentos/backup/AULA/Alura/Engenharia de dados/projeto_airflow/airflowalura/venv/lib/python3.9/site-packages/airflow/example_dags/example_bash_operator.py for tasks to queue
[2024-04-27 09:53:07,001] {logging_mixin.py:115} INFO - [2024-04-27 09:53:07,001] {dagbag.py:507} INFO - Filling up the DagBag from /home/enrico/Documentos/backup/AULA/Alura/Engenharia de dados/projeto_airflow/airflowalura/venv/lib/python3.9/site-packages/airflow/example_dags/example_bash_operator.py
[2024-04-27 09:53:07,007] {processor.py:651} INFO - DAG(s) dict_keys(['example_bash_operator']) retrieved from /home/enrico/Documentos/backup/AULA/Alura/Engenharia de dados/projeto_airflow/airflowalura/venv/lib/python3.9/site-packages/airflow/example_dags/example_bash_operator.py
[2024-04-27 09:53:07,017] {logging_mixin.py:115} INFO - [2024-04-27 09:53:07,017] {dag.py:2379} INFO - Sync 1 DAGs
[2024-04-27 09:53:07,028] {logging_mixin.py:115} INFO - [2024-04-27 09:53:07,028] {dag.py:2927} INFO - Setting next_dagrun for example_bash_operator to 2024-04-26T00:00:00+00:00, run_after=2024-04-27T00:00:00+00:00
[2024-04-27 09:53:07,040] {processor.py:161} INFO - Processing /home/enrico/Documentos/backup/AULA/Alura/Engenharia de dados/projeto_airflow/airflowalura/venv/lib/python3.9/site-packages/airflow/example_dags/example_bash_operator.py took 0.044 seconds
[2024-04-27 09:53:42,851] {processor.py:153} INFO - Started process (PID=96681) to work on /home/enrico/Documentos/backup/AULA/Alura/Engenharia de dados/projeto_airflow/airflowalura/venv/lib/python3.9/site-packages/airflow/example_dags/example_bash_operator.py
[2024-04-27 09:53:42,854] {processor.py:641} INFO - Processing file /home/enrico/Documentos/backup/AULA/Alura/Engenharia de dados/projeto_airflow/airflowalura/venv/lib/python3.9/site-packages/airflow/example_dags/example_bash_operator.py for tasks to queue
[2024-04-27 09:53:42,855] {logging_mixin.py:115} INFO - [2024-04-27 09:53:42,855] {dagbag.py:507} INFO - Filling up the DagBag from /home/enrico/Documentos/backup/AULA/Alura/Engenharia de dados/projeto_airflow/airflowalura/venv/lib/python3.9/site-packages/airflow/example_dags/example_bash_operator.py
[2024-04-27 09:53:42,879] {processor.py:651} INFO - DAG(s) dict_keys(['example_bash_operator']) retrieved from /home/enrico/Documentos/backup/AULA/Alura/Engenharia de dados/projeto_airflow/airflowalura/venv/lib/python3.9/site-packages/airflow/example_dags/example_bash_operator.py
[2024-04-27 09:53:42,899] {logging_mixin.py:115} INFO - [2024-04-27 09:53:42,899] {dag.py:2379} INFO - Sync 1 DAGs
[2024-04-27 09:53:42,909] {logging_mixin.py:115} INFO - [2024-04-27 09:53:42,909] {dag.py:2927} INFO - Setting next_dagrun for example_bash_operator to 2024-04-26T00:00:00+00:00, run_after=2024-04-27T00:00:00+00:00
[2024-04-27 09:53:42,924] {processor.py:161} INFO - Processing /home/enrico/Documentos/backup/AULA/Alura/Engenharia de dados/projeto_airflow/airflowalura/venv/lib/python3.9/site-packages/airflow/example_dags/example_bash_operator.py took 0.079 seconds
[2024-04-27 09:54:23,381] {processor.py:153} INFO - Started process (PID=96735) to work on /home/enrico/Documentos/backup/AULA/Alura/Engenharia de dados/projeto_airflow/airflowalura/venv/lib/python3.9/site-packages/airflow/example_dags/example_bash_operator.py
[2024-04-27 09:54:23,382] {processor.py:641} INFO - Processing file /home/enrico/Documentos/backup/AULA/Alura/Engenharia de dados/projeto_airflow/airflowalura/venv/lib/python3.9/site-packages/airflow/example_dags/example_bash_operator.py for tasks to queue
[2024-04-27 09:54:23,384] {logging_mixin.py:115} INFO - [2024-04-27 09:54:23,383] {dagbag.py:507} INFO - Filling up the DagBag from /home/enrico/Documentos/backup/AULA/Alura/Engenharia de dados/projeto_airflow/airflowalura/venv/lib/python3.9/site-packages/airflow/example_dags/example_bash_operator.py
[2024-04-27 09:54:23,405] {processor.py:651} INFO - DAG(s) dict_keys(['example_bash_operator']) retrieved from /home/enrico/Documentos/backup/AULA/Alura/Engenharia de dados/projeto_airflow/airflowalura/venv/lib/python3.9/site-packages/airflow/example_dags/example_bash_operator.py
[2024-04-27 09:54:23,423] {logging_mixin.py:115} INFO - [2024-04-27 09:54:23,423] {dag.py:2379} INFO - Sync 1 DAGs
[2024-04-27 09:54:23,436] {logging_mixin.py:115} INFO - [2024-04-27 09:54:23,436] {dag.py:2927} INFO - Setting next_dagrun for example_bash_operator to 2024-04-26T00:00:00+00:00, run_after=2024-04-27T00:00:00+00:00
[2024-04-27 09:54:23,447] {processor.py:161} INFO - Processing /home/enrico/Documentos/backup/AULA/Alura/Engenharia de dados/projeto_airflow/airflowalura/venv/lib/python3.9/site-packages/airflow/example_dags/example_bash_operator.py took 0.071 seconds
[2024-04-27 09:55:00,498] {processor.py:153} INFO - Started process (PID=96802) to work on /home/enrico/Documentos/backup/AULA/Alura/Engenharia de dados/projeto_airflow/airflowalura/venv/lib/python3.9/site-packages/airflow/example_dags/example_bash_operator.py
[2024-04-27 09:55:00,502] {processor.py:641} INFO - Processing file /home/enrico/Documentos/backup/AULA/Alura/Engenharia de dados/projeto_airflow/airflowalura/venv/lib/python3.9/site-packages/airflow/example_dags/example_bash_operator.py for tasks to queue
[2024-04-27 09:55:00,503] {logging_mixin.py:115} INFO - [2024-04-27 09:55:00,503] {dagbag.py:507} INFO - Filling up the DagBag from /home/enrico/Documentos/backup/AULA/Alura/Engenharia de dados/projeto_airflow/airflowalura/venv/lib/python3.9/site-packages/airflow/example_dags/example_bash_operator.py
[2024-04-27 09:55:00,527] {processor.py:651} INFO - DAG(s) dict_keys(['example_bash_operator']) retrieved from /home/enrico/Documentos/backup/AULA/Alura/Engenharia de dados/projeto_airflow/airflowalura/venv/lib/python3.9/site-packages/airflow/example_dags/example_bash_operator.py
[2024-04-27 09:55:00,540] {logging_mixin.py:115} INFO - [2024-04-27 09:55:00,540] {dag.py:2379} INFO - Sync 1 DAGs
[2024-04-27 09:55:00,552] {logging_mixin.py:115} INFO - [2024-04-27 09:55:00,552] {dag.py:2927} INFO - Setting next_dagrun for example_bash_operator to 2024-04-26T00:00:00+00:00, run_after=2024-04-27T00:00:00+00:00
[2024-04-27 09:55:00,563] {processor.py:161} INFO - Processing /home/enrico/Documentos/backup/AULA/Alura/Engenharia de dados/projeto_airflow/airflowalura/venv/lib/python3.9/site-packages/airflow/example_dags/example_bash_operator.py took 0.070 seconds
[2024-04-27 09:55:40,722] {processor.py:153} INFO - Started process (PID=96865) to work on /home/enrico/Documentos/backup/AULA/Alura/Engenharia de dados/projeto_airflow/airflowalura/venv/lib/python3.9/site-packages/airflow/example_dags/example_bash_operator.py
[2024-04-27 09:55:40,726] {processor.py:641} INFO - Processing file /home/enrico/Documentos/backup/AULA/Alura/Engenharia de dados/projeto_airflow/airflowalura/venv/lib/python3.9/site-packages/airflow/example_dags/example_bash_operator.py for tasks to queue
[2024-04-27 09:55:40,727] {logging_mixin.py:115} INFO - [2024-04-27 09:55:40,726] {dagbag.py:507} INFO - Filling up the DagBag from /home/enrico/Documentos/backup/AULA/Alura/Engenharia de dados/projeto_airflow/airflowalura/venv/lib/python3.9/site-packages/airflow/example_dags/example_bash_operator.py
[2024-04-27 09:55:40,752] {processor.py:651} INFO - DAG(s) dict_keys(['example_bash_operator']) retrieved from /home/enrico/Documentos/backup/AULA/Alura/Engenharia de dados/projeto_airflow/airflowalura/venv/lib/python3.9/site-packages/airflow/example_dags/example_bash_operator.py
[2024-04-27 09:55:40,766] {logging_mixin.py:115} INFO - [2024-04-27 09:55:40,766] {dag.py:2379} INFO - Sync 1 DAGs
[2024-04-27 09:55:40,779] {logging_mixin.py:115} INFO - [2024-04-27 09:55:40,779] {dag.py:2927} INFO - Setting next_dagrun for example_bash_operator to 2024-04-26T00:00:00+00:00, run_after=2024-04-27T00:00:00+00:00
[2024-04-27 09:55:40,795] {processor.py:161} INFO - Processing /home/enrico/Documentos/backup/AULA/Alura/Engenharia de dados/projeto_airflow/airflowalura/venv/lib/python3.9/site-packages/airflow/example_dags/example_bash_operator.py took 0.078 seconds
[2024-04-27 09:56:19,125] {processor.py:153} INFO - Started process (PID=96945) to work on /home/enrico/Documentos/backup/AULA/Alura/Engenharia de dados/projeto_airflow/airflowalura/venv/lib/python3.9/site-packages/airflow/example_dags/example_bash_operator.py
[2024-04-27 09:56:19,128] {processor.py:641} INFO - Processing file /home/enrico/Documentos/backup/AULA/Alura/Engenharia de dados/projeto_airflow/airflowalura/venv/lib/python3.9/site-packages/airflow/example_dags/example_bash_operator.py for tasks to queue
[2024-04-27 09:56:19,128] {logging_mixin.py:115} INFO - [2024-04-27 09:56:19,128] {dagbag.py:507} INFO - Filling up the DagBag from /home/enrico/Documentos/backup/AULA/Alura/Engenharia de dados/projeto_airflow/airflowalura/venv/lib/python3.9/site-packages/airflow/example_dags/example_bash_operator.py
[2024-04-27 09:56:19,135] {processor.py:651} INFO - DAG(s) dict_keys(['example_bash_operator']) retrieved from /home/enrico/Documentos/backup/AULA/Alura/Engenharia de dados/projeto_airflow/airflowalura/venv/lib/python3.9/site-packages/airflow/example_dags/example_bash_operator.py
[2024-04-27 09:56:19,143] {logging_mixin.py:115} INFO - [2024-04-27 09:56:19,143] {dag.py:2379} INFO - Sync 1 DAGs
[2024-04-27 09:56:19,154] {logging_mixin.py:115} INFO - [2024-04-27 09:56:19,154] {dag.py:2927} INFO - Setting next_dagrun for example_bash_operator to 2024-04-26T00:00:00+00:00, run_after=2024-04-27T00:00:00+00:00
[2024-04-27 09:56:19,170] {processor.py:161} INFO - Processing /home/enrico/Documentos/backup/AULA/Alura/Engenharia de dados/projeto_airflow/airflowalura/venv/lib/python3.9/site-packages/airflow/example_dags/example_bash_operator.py took 0.047 seconds
[2024-04-27 09:56:53,919] {processor.py:153} INFO - Started process (PID=96996) to work on /home/enrico/Documentos/backup/AULA/Alura/Engenharia de dados/projeto_airflow/airflowalura/venv/lib/python3.9/site-packages/airflow/example_dags/example_bash_operator.py
[2024-04-27 09:56:53,920] {processor.py:641} INFO - Processing file /home/enrico/Documentos/backup/AULA/Alura/Engenharia de dados/projeto_airflow/airflowalura/venv/lib/python3.9/site-packages/airflow/example_dags/example_bash_operator.py for tasks to queue
[2024-04-27 09:56:53,920] {logging_mixin.py:115} INFO - [2024-04-27 09:56:53,920] {dagbag.py:507} INFO - Filling up the DagBag from /home/enrico/Documentos/backup/AULA/Alura/Engenharia de dados/projeto_airflow/airflowalura/venv/lib/python3.9/site-packages/airflow/example_dags/example_bash_operator.py
[2024-04-27 09:56:53,928] {processor.py:651} INFO - DAG(s) dict_keys(['example_bash_operator']) retrieved from /home/enrico/Documentos/backup/AULA/Alura/Engenharia de dados/projeto_airflow/airflowalura/venv/lib/python3.9/site-packages/airflow/example_dags/example_bash_operator.py
[2024-04-27 09:56:53,936] {logging_mixin.py:115} INFO - [2024-04-27 09:56:53,935] {dag.py:2379} INFO - Sync 1 DAGs
[2024-04-27 09:56:53,946] {logging_mixin.py:115} INFO - [2024-04-27 09:56:53,946] {dag.py:2927} INFO - Setting next_dagrun for example_bash_operator to 2024-04-26T00:00:00+00:00, run_after=2024-04-27T00:00:00+00:00
[2024-04-27 09:56:53,955] {processor.py:161} INFO - Processing /home/enrico/Documentos/backup/AULA/Alura/Engenharia de dados/projeto_airflow/airflowalura/venv/lib/python3.9/site-packages/airflow/example_dags/example_bash_operator.py took 0.038 seconds
[2024-04-27 09:57:34,998] {processor.py:153} INFO - Started process (PID=97122) to work on /home/enrico/Documentos/backup/AULA/Alura/Engenharia de dados/projeto_airflow/airflowalura/venv/lib/python3.9/site-packages/airflow/example_dags/example_bash_operator.py
[2024-04-27 09:57:35,001] {processor.py:641} INFO - Processing file /home/enrico/Documentos/backup/AULA/Alura/Engenharia de dados/projeto_airflow/airflowalura/venv/lib/python3.9/site-packages/airflow/example_dags/example_bash_operator.py for tasks to queue
[2024-04-27 09:57:35,002] {logging_mixin.py:115} INFO - [2024-04-27 09:57:35,002] {dagbag.py:507} INFO - Filling up the DagBag from /home/enrico/Documentos/backup/AULA/Alura/Engenharia de dados/projeto_airflow/airflowalura/venv/lib/python3.9/site-packages/airflow/example_dags/example_bash_operator.py
[2024-04-27 09:57:35,025] {processor.py:651} INFO - DAG(s) dict_keys(['example_bash_operator']) retrieved from /home/enrico/Documentos/backup/AULA/Alura/Engenharia de dados/projeto_airflow/airflowalura/venv/lib/python3.9/site-packages/airflow/example_dags/example_bash_operator.py
[2024-04-27 09:57:35,038] {logging_mixin.py:115} INFO - [2024-04-27 09:57:35,038] {dag.py:2379} INFO - Sync 1 DAGs
[2024-04-27 09:57:35,051] {logging_mixin.py:115} INFO - [2024-04-27 09:57:35,050] {dag.py:2927} INFO - Setting next_dagrun for example_bash_operator to 2024-04-26T00:00:00+00:00, run_after=2024-04-27T00:00:00+00:00
[2024-04-27 09:57:35,065] {processor.py:161} INFO - Processing /home/enrico/Documentos/backup/AULA/Alura/Engenharia de dados/projeto_airflow/airflowalura/venv/lib/python3.9/site-packages/airflow/example_dags/example_bash_operator.py took 0.073 seconds
[2024-04-27 09:58:13,449] {processor.py:153} INFO - Started process (PID=97177) to work on /home/enrico/Documentos/backup/AULA/Alura/Engenharia de dados/projeto_airflow/airflowalura/venv/lib/python3.9/site-packages/airflow/example_dags/example_bash_operator.py
[2024-04-27 09:58:13,450] {processor.py:641} INFO - Processing file /home/enrico/Documentos/backup/AULA/Alura/Engenharia de dados/projeto_airflow/airflowalura/venv/lib/python3.9/site-packages/airflow/example_dags/example_bash_operator.py for tasks to queue
[2024-04-27 09:58:13,450] {logging_mixin.py:115} INFO - [2024-04-27 09:58:13,450] {dagbag.py:507} INFO - Filling up the DagBag from /home/enrico/Documentos/backup/AULA/Alura/Engenharia de dados/projeto_airflow/airflowalura/venv/lib/python3.9/site-packages/airflow/example_dags/example_bash_operator.py
[2024-04-27 09:58:13,464] {processor.py:651} INFO - DAG(s) dict_keys(['example_bash_operator']) retrieved from /home/enrico/Documentos/backup/AULA/Alura/Engenharia de dados/projeto_airflow/airflowalura/venv/lib/python3.9/site-packages/airflow/example_dags/example_bash_operator.py
[2024-04-27 09:58:13,475] {logging_mixin.py:115} INFO - [2024-04-27 09:58:13,475] {dag.py:2379} INFO - Sync 1 DAGs
[2024-04-27 09:58:13,485] {logging_mixin.py:115} INFO - [2024-04-27 09:58:13,485] {dag.py:2927} INFO - Setting next_dagrun for example_bash_operator to 2024-04-26T00:00:00+00:00, run_after=2024-04-27T00:00:00+00:00
[2024-04-27 09:58:13,499] {processor.py:161} INFO - Processing /home/enrico/Documentos/backup/AULA/Alura/Engenharia de dados/projeto_airflow/airflowalura/venv/lib/python3.9/site-packages/airflow/example_dags/example_bash_operator.py took 0.053 seconds
[2024-04-27 09:58:51,217] {processor.py:153} INFO - Started process (PID=97247) to work on /home/enrico/Documentos/backup/AULA/Alura/Engenharia de dados/projeto_airflow/airflowalura/venv/lib/python3.9/site-packages/airflow/example_dags/example_bash_operator.py
[2024-04-27 09:58:51,220] {processor.py:641} INFO - Processing file /home/enrico/Documentos/backup/AULA/Alura/Engenharia de dados/projeto_airflow/airflowalura/venv/lib/python3.9/site-packages/airflow/example_dags/example_bash_operator.py for tasks to queue
[2024-04-27 09:58:51,221] {logging_mixin.py:115} INFO - [2024-04-27 09:58:51,221] {dagbag.py:507} INFO - Filling up the DagBag from /home/enrico/Documentos/backup/AULA/Alura/Engenharia de dados/projeto_airflow/airflowalura/venv/lib/python3.9/site-packages/airflow/example_dags/example_bash_operator.py
[2024-04-27 09:58:51,245] {processor.py:651} INFO - DAG(s) dict_keys(['example_bash_operator']) retrieved from /home/enrico/Documentos/backup/AULA/Alura/Engenharia de dados/projeto_airflow/airflowalura/venv/lib/python3.9/site-packages/airflow/example_dags/example_bash_operator.py
[2024-04-27 09:58:51,258] {logging_mixin.py:115} INFO - [2024-04-27 09:58:51,258] {dag.py:2379} INFO - Sync 1 DAGs
[2024-04-27 09:58:51,270] {logging_mixin.py:115} INFO - [2024-04-27 09:58:51,270] {dag.py:2927} INFO - Setting next_dagrun for example_bash_operator to 2024-04-26T00:00:00+00:00, run_after=2024-04-27T00:00:00+00:00
[2024-04-27 09:58:51,280] {processor.py:161} INFO - Processing /home/enrico/Documentos/backup/AULA/Alura/Engenharia de dados/projeto_airflow/airflowalura/venv/lib/python3.9/site-packages/airflow/example_dags/example_bash_operator.py took 0.069 seconds
[2024-04-27 09:59:30,932] {processor.py:153} INFO - Started process (PID=97317) to work on /home/enrico/Documentos/backup/AULA/Alura/Engenharia de dados/projeto_airflow/airflowalura/venv/lib/python3.9/site-packages/airflow/example_dags/example_bash_operator.py
[2024-04-27 09:59:30,935] {processor.py:641} INFO - Processing file /home/enrico/Documentos/backup/AULA/Alura/Engenharia de dados/projeto_airflow/airflowalura/venv/lib/python3.9/site-packages/airflow/example_dags/example_bash_operator.py for tasks to queue
[2024-04-27 09:59:30,936] {logging_mixin.py:115} INFO - [2024-04-27 09:59:30,936] {dagbag.py:507} INFO - Filling up the DagBag from /home/enrico/Documentos/backup/AULA/Alura/Engenharia de dados/projeto_airflow/airflowalura/venv/lib/python3.9/site-packages/airflow/example_dags/example_bash_operator.py
[2024-04-27 09:59:30,959] {processor.py:651} INFO - DAG(s) dict_keys(['example_bash_operator']) retrieved from /home/enrico/Documentos/backup/AULA/Alura/Engenharia de dados/projeto_airflow/airflowalura/venv/lib/python3.9/site-packages/airflow/example_dags/example_bash_operator.py
[2024-04-27 09:59:30,972] {logging_mixin.py:115} INFO - [2024-04-27 09:59:30,972] {dag.py:2379} INFO - Sync 1 DAGs
[2024-04-27 09:59:30,986] {logging_mixin.py:115} INFO - [2024-04-27 09:59:30,986] {dag.py:2927} INFO - Setting next_dagrun for example_bash_operator to 2024-04-26T00:00:00+00:00, run_after=2024-04-27T00:00:00+00:00
[2024-04-27 09:59:30,996] {processor.py:161} INFO - Processing /home/enrico/Documentos/backup/AULA/Alura/Engenharia de dados/projeto_airflow/airflowalura/venv/lib/python3.9/site-packages/airflow/example_dags/example_bash_operator.py took 0.069 seconds
[2024-04-27 10:00:09,505] {processor.py:153} INFO - Started process (PID=97370) to work on /home/enrico/Documentos/backup/AULA/Alura/Engenharia de dados/projeto_airflow/airflowalura/venv/lib/python3.9/site-packages/airflow/example_dags/example_bash_operator.py
[2024-04-27 10:00:09,508] {processor.py:641} INFO - Processing file /home/enrico/Documentos/backup/AULA/Alura/Engenharia de dados/projeto_airflow/airflowalura/venv/lib/python3.9/site-packages/airflow/example_dags/example_bash_operator.py for tasks to queue
[2024-04-27 10:00:09,508] {logging_mixin.py:115} INFO - [2024-04-27 10:00:09,508] {dagbag.py:507} INFO - Filling up the DagBag from /home/enrico/Documentos/backup/AULA/Alura/Engenharia de dados/projeto_airflow/airflowalura/venv/lib/python3.9/site-packages/airflow/example_dags/example_bash_operator.py
[2024-04-27 10:00:09,515] {processor.py:651} INFO - DAG(s) dict_keys(['example_bash_operator']) retrieved from /home/enrico/Documentos/backup/AULA/Alura/Engenharia de dados/projeto_airflow/airflowalura/venv/lib/python3.9/site-packages/airflow/example_dags/example_bash_operator.py
[2024-04-27 10:00:09,522] {logging_mixin.py:115} INFO - [2024-04-27 10:00:09,522] {dag.py:2379} INFO - Sync 1 DAGs
[2024-04-27 10:00:09,532] {logging_mixin.py:115} INFO - [2024-04-27 10:00:09,532] {dag.py:2927} INFO - Setting next_dagrun for example_bash_operator to 2024-04-26T00:00:00+00:00, run_after=2024-04-27T00:00:00+00:00
[2024-04-27 10:00:09,543] {processor.py:161} INFO - Processing /home/enrico/Documentos/backup/AULA/Alura/Engenharia de dados/projeto_airflow/airflowalura/venv/lib/python3.9/site-packages/airflow/example_dags/example_bash_operator.py took 0.039 seconds
[2024-04-27 10:00:48,862] {processor.py:153} INFO - Started process (PID=97436) to work on /home/enrico/Documentos/backup/AULA/Alura/Engenharia de dados/projeto_airflow/airflowalura/venv/lib/python3.9/site-packages/airflow/example_dags/example_bash_operator.py
[2024-04-27 10:00:48,866] {processor.py:641} INFO - Processing file /home/enrico/Documentos/backup/AULA/Alura/Engenharia de dados/projeto_airflow/airflowalura/venv/lib/python3.9/site-packages/airflow/example_dags/example_bash_operator.py for tasks to queue
[2024-04-27 10:00:48,867] {logging_mixin.py:115} INFO - [2024-04-27 10:00:48,867] {dagbag.py:507} INFO - Filling up the DagBag from /home/enrico/Documentos/backup/AULA/Alura/Engenharia de dados/projeto_airflow/airflowalura/venv/lib/python3.9/site-packages/airflow/example_dags/example_bash_operator.py
[2024-04-27 10:00:48,891] {processor.py:651} INFO - DAG(s) dict_keys(['example_bash_operator']) retrieved from /home/enrico/Documentos/backup/AULA/Alura/Engenharia de dados/projeto_airflow/airflowalura/venv/lib/python3.9/site-packages/airflow/example_dags/example_bash_operator.py
[2024-04-27 10:00:48,905] {logging_mixin.py:115} INFO - [2024-04-27 10:00:48,905] {dag.py:2379} INFO - Sync 1 DAGs
[2024-04-27 10:00:48,917] {logging_mixin.py:115} INFO - [2024-04-27 10:00:48,917] {dag.py:2927} INFO - Setting next_dagrun for example_bash_operator to 2024-04-26T00:00:00+00:00, run_after=2024-04-27T00:00:00+00:00
[2024-04-27 10:00:48,931] {processor.py:161} INFO - Processing /home/enrico/Documentos/backup/AULA/Alura/Engenharia de dados/projeto_airflow/airflowalura/venv/lib/python3.9/site-packages/airflow/example_dags/example_bash_operator.py took 0.075 seconds
[2024-04-27 10:01:28,774] {processor.py:153} INFO - Started process (PID=97513) to work on /home/enrico/Documentos/backup/AULA/Alura/Engenharia de dados/projeto_airflow/airflowalura/venv/lib/python3.9/site-packages/airflow/example_dags/example_bash_operator.py
[2024-04-27 10:01:28,776] {processor.py:641} INFO - Processing file /home/enrico/Documentos/backup/AULA/Alura/Engenharia de dados/projeto_airflow/airflowalura/venv/lib/python3.9/site-packages/airflow/example_dags/example_bash_operator.py for tasks to queue
[2024-04-27 10:01:28,776] {logging_mixin.py:115} INFO - [2024-04-27 10:01:28,776] {dagbag.py:507} INFO - Filling up the DagBag from /home/enrico/Documentos/backup/AULA/Alura/Engenharia de dados/projeto_airflow/airflowalura/venv/lib/python3.9/site-packages/airflow/example_dags/example_bash_operator.py
[2024-04-27 10:01:28,784] {processor.py:651} INFO - DAG(s) dict_keys(['example_bash_operator']) retrieved from /home/enrico/Documentos/backup/AULA/Alura/Engenharia de dados/projeto_airflow/airflowalura/venv/lib/python3.9/site-packages/airflow/example_dags/example_bash_operator.py
[2024-04-27 10:01:28,792] {logging_mixin.py:115} INFO - [2024-04-27 10:01:28,792] {dag.py:2379} INFO - Sync 1 DAGs
[2024-04-27 10:01:28,803] {logging_mixin.py:115} INFO - [2024-04-27 10:01:28,803] {dag.py:2927} INFO - Setting next_dagrun for example_bash_operator to 2024-04-26T00:00:00+00:00, run_after=2024-04-27T00:00:00+00:00
[2024-04-27 10:01:28,813] {processor.py:161} INFO - Processing /home/enrico/Documentos/backup/AULA/Alura/Engenharia de dados/projeto_airflow/airflowalura/venv/lib/python3.9/site-packages/airflow/example_dags/example_bash_operator.py took 0.040 seconds
[2024-04-27 10:02:08,880] {processor.py:153} INFO - Started process (PID=97578) to work on /home/enrico/Documentos/backup/AULA/Alura/Engenharia de dados/projeto_airflow/airflowalura/venv/lib/python3.9/site-packages/airflow/example_dags/example_bash_operator.py
[2024-04-27 10:02:08,880] {processor.py:641} INFO - Processing file /home/enrico/Documentos/backup/AULA/Alura/Engenharia de dados/projeto_airflow/airflowalura/venv/lib/python3.9/site-packages/airflow/example_dags/example_bash_operator.py for tasks to queue
[2024-04-27 10:02:08,880] {logging_mixin.py:115} INFO - [2024-04-27 10:02:08,880] {dagbag.py:507} INFO - Filling up the DagBag from /home/enrico/Documentos/backup/AULA/Alura/Engenharia de dados/projeto_airflow/airflowalura/venv/lib/python3.9/site-packages/airflow/example_dags/example_bash_operator.py
[2024-04-27 10:02:08,887] {processor.py:651} INFO - DAG(s) dict_keys(['example_bash_operator']) retrieved from /home/enrico/Documentos/backup/AULA/Alura/Engenharia de dados/projeto_airflow/airflowalura/venv/lib/python3.9/site-packages/airflow/example_dags/example_bash_operator.py
[2024-04-27 10:02:08,896] {logging_mixin.py:115} INFO - [2024-04-27 10:02:08,896] {dag.py:2379} INFO - Sync 1 DAGs
[2024-04-27 10:02:08,906] {logging_mixin.py:115} INFO - [2024-04-27 10:02:08,906] {dag.py:2927} INFO - Setting next_dagrun for example_bash_operator to 2024-04-26T00:00:00+00:00, run_after=2024-04-27T00:00:00+00:00
[2024-04-27 10:02:08,925] {processor.py:161} INFO - Processing /home/enrico/Documentos/backup/AULA/Alura/Engenharia de dados/projeto_airflow/airflowalura/venv/lib/python3.9/site-packages/airflow/example_dags/example_bash_operator.py took 0.047 seconds
[2024-04-27 10:02:47,864] {processor.py:153} INFO - Started process (PID=97811) to work on /home/enrico/Documentos/backup/AULA/Alura/Engenharia de dados/projeto_airflow/airflowalura/venv/lib/python3.9/site-packages/airflow/example_dags/example_bash_operator.py
[2024-04-27 10:02:47,865] {processor.py:641} INFO - Processing file /home/enrico/Documentos/backup/AULA/Alura/Engenharia de dados/projeto_airflow/airflowalura/venv/lib/python3.9/site-packages/airflow/example_dags/example_bash_operator.py for tasks to queue
[2024-04-27 10:02:47,865] {logging_mixin.py:115} INFO - [2024-04-27 10:02:47,865] {dagbag.py:507} INFO - Filling up the DagBag from /home/enrico/Documentos/backup/AULA/Alura/Engenharia de dados/projeto_airflow/airflowalura/venv/lib/python3.9/site-packages/airflow/example_dags/example_bash_operator.py
[2024-04-27 10:02:47,873] {processor.py:651} INFO - DAG(s) dict_keys(['example_bash_operator']) retrieved from /home/enrico/Documentos/backup/AULA/Alura/Engenharia de dados/projeto_airflow/airflowalura/venv/lib/python3.9/site-packages/airflow/example_dags/example_bash_operator.py
[2024-04-27 10:02:47,882] {logging_mixin.py:115} INFO - [2024-04-27 10:02:47,882] {dag.py:2379} INFO - Sync 1 DAGs
[2024-04-27 10:02:47,892] {logging_mixin.py:115} INFO - [2024-04-27 10:02:47,892] {dag.py:2927} INFO - Setting next_dagrun for example_bash_operator to 2024-04-26T00:00:00+00:00, run_after=2024-04-27T00:00:00+00:00
[2024-04-27 10:02:47,901] {processor.py:161} INFO - Processing /home/enrico/Documentos/backup/AULA/Alura/Engenharia de dados/projeto_airflow/airflowalura/venv/lib/python3.9/site-packages/airflow/example_dags/example_bash_operator.py took 0.038 seconds
[2024-04-27 10:03:27,805] {processor.py:153} INFO - Started process (PID=98051) to work on /home/enrico/Documentos/backup/AULA/Alura/Engenharia de dados/projeto_airflow/airflowalura/venv/lib/python3.9/site-packages/airflow/example_dags/example_bash_operator.py
[2024-04-27 10:03:27,806] {processor.py:641} INFO - Processing file /home/enrico/Documentos/backup/AULA/Alura/Engenharia de dados/projeto_airflow/airflowalura/venv/lib/python3.9/site-packages/airflow/example_dags/example_bash_operator.py for tasks to queue
[2024-04-27 10:03:27,806] {logging_mixin.py:115} INFO - [2024-04-27 10:03:27,806] {dagbag.py:507} INFO - Filling up the DagBag from /home/enrico/Documentos/backup/AULA/Alura/Engenharia de dados/projeto_airflow/airflowalura/venv/lib/python3.9/site-packages/airflow/example_dags/example_bash_operator.py
[2024-04-27 10:03:27,814] {processor.py:651} INFO - DAG(s) dict_keys(['example_bash_operator']) retrieved from /home/enrico/Documentos/backup/AULA/Alura/Engenharia de dados/projeto_airflow/airflowalura/venv/lib/python3.9/site-packages/airflow/example_dags/example_bash_operator.py
[2024-04-27 10:03:27,822] {logging_mixin.py:115} INFO - [2024-04-27 10:03:27,822] {dag.py:2379} INFO - Sync 1 DAGs
[2024-04-27 10:03:27,833] {logging_mixin.py:115} INFO - [2024-04-27 10:03:27,833] {dag.py:2927} INFO - Setting next_dagrun for example_bash_operator to 2024-04-26T00:00:00+00:00, run_after=2024-04-27T00:00:00+00:00
[2024-04-27 10:03:27,843] {processor.py:161} INFO - Processing /home/enrico/Documentos/backup/AULA/Alura/Engenharia de dados/projeto_airflow/airflowalura/venv/lib/python3.9/site-packages/airflow/example_dags/example_bash_operator.py took 0.039 seconds
[2024-04-27 10:04:04,554] {processor.py:153} INFO - Started process (PID=98267) to work on /home/enrico/Documentos/backup/AULA/Alura/Engenharia de dados/projeto_airflow/airflowalura/venv/lib/python3.9/site-packages/airflow/example_dags/example_bash_operator.py
[2024-04-27 10:04:04,554] {processor.py:641} INFO - Processing file /home/enrico/Documentos/backup/AULA/Alura/Engenharia de dados/projeto_airflow/airflowalura/venv/lib/python3.9/site-packages/airflow/example_dags/example_bash_operator.py for tasks to queue
[2024-04-27 10:04:04,555] {logging_mixin.py:115} INFO - [2024-04-27 10:04:04,555] {dagbag.py:507} INFO - Filling up the DagBag from /home/enrico/Documentos/backup/AULA/Alura/Engenharia de dados/projeto_airflow/airflowalura/venv/lib/python3.9/site-packages/airflow/example_dags/example_bash_operator.py
[2024-04-27 10:04:04,562] {processor.py:651} INFO - DAG(s) dict_keys(['example_bash_operator']) retrieved from /home/enrico/Documentos/backup/AULA/Alura/Engenharia de dados/projeto_airflow/airflowalura/venv/lib/python3.9/site-packages/airflow/example_dags/example_bash_operator.py
[2024-04-27 10:04:04,570] {logging_mixin.py:115} INFO - [2024-04-27 10:04:04,570] {dag.py:2379} INFO - Sync 1 DAGs
[2024-04-27 10:04:04,580] {logging_mixin.py:115} INFO - [2024-04-27 10:04:04,580] {dag.py:2927} INFO - Setting next_dagrun for example_bash_operator to 2024-04-26T00:00:00+00:00, run_after=2024-04-27T00:00:00+00:00
[2024-04-27 10:04:04,589] {processor.py:161} INFO - Processing /home/enrico/Documentos/backup/AULA/Alura/Engenharia de dados/projeto_airflow/airflowalura/venv/lib/python3.9/site-packages/airflow/example_dags/example_bash_operator.py took 0.037 seconds
[2024-04-27 10:04:43,648] {processor.py:153} INFO - Started process (PID=98521) to work on /home/enrico/Documentos/backup/AULA/Alura/Engenharia de dados/projeto_airflow/airflowalura/venv/lib/python3.9/site-packages/airflow/example_dags/example_bash_operator.py
[2024-04-27 10:04:43,648] {processor.py:641} INFO - Processing file /home/enrico/Documentos/backup/AULA/Alura/Engenharia de dados/projeto_airflow/airflowalura/venv/lib/python3.9/site-packages/airflow/example_dags/example_bash_operator.py for tasks to queue
[2024-04-27 10:04:43,649] {logging_mixin.py:115} INFO - [2024-04-27 10:04:43,649] {dagbag.py:507} INFO - Filling up the DagBag from /home/enrico/Documentos/backup/AULA/Alura/Engenharia de dados/projeto_airflow/airflowalura/venv/lib/python3.9/site-packages/airflow/example_dags/example_bash_operator.py
[2024-04-27 10:04:43,665] {processor.py:651} INFO - DAG(s) dict_keys(['example_bash_operator']) retrieved from /home/enrico/Documentos/backup/AULA/Alura/Engenharia de dados/projeto_airflow/airflowalura/venv/lib/python3.9/site-packages/airflow/example_dags/example_bash_operator.py
[2024-04-27 10:04:43,677] {logging_mixin.py:115} INFO - [2024-04-27 10:04:43,677] {dag.py:2379} INFO - Sync 1 DAGs
[2024-04-27 10:04:43,689] {logging_mixin.py:115} INFO - [2024-04-27 10:04:43,689] {dag.py:2927} INFO - Setting next_dagrun for example_bash_operator to 2024-04-26T00:00:00+00:00, run_after=2024-04-27T00:00:00+00:00
[2024-04-27 10:04:43,698] {processor.py:161} INFO - Processing /home/enrico/Documentos/backup/AULA/Alura/Engenharia de dados/projeto_airflow/airflowalura/venv/lib/python3.9/site-packages/airflow/example_dags/example_bash_operator.py took 0.053 seconds
