[2024-04-27 09:50:15,984] {processor.py:153} INFO - Started process (PID=95927) to work on /home/enrico/Documentos/backup/AULA/Alura/Engenharia de dados/projeto_airflow/airflowalura/venv/lib/python3.9/site-packages/airflow/example_dags/example_nested_branch_dag.py
[2024-04-27 09:50:15,984] {processor.py:641} INFO - Processing file /home/enrico/Documentos/backup/AULA/Alura/Engenharia de dados/projeto_airflow/airflowalura/venv/lib/python3.9/site-packages/airflow/example_dags/example_nested_branch_dag.py for tasks to queue
[2024-04-27 09:50:15,984] {logging_mixin.py:115} INFO - [2024-04-27 09:50:15,984] {dagbag.py:507} INFO - Filling up the DagBag from /home/enrico/Documentos/backup/AULA/Alura/Engenharia de dados/projeto_airflow/airflowalura/venv/lib/python3.9/site-packages/airflow/example_dags/example_nested_branch_dag.py
[2024-04-27 09:50:15,989] {processor.py:651} INFO - DAG(s) dict_keys(['example_nested_branch_dag']) retrieved from /home/enrico/Documentos/backup/AULA/Alura/Engenharia de dados/projeto_airflow/airflowalura/venv/lib/python3.9/site-packages/airflow/example_dags/example_nested_branch_dag.py
[2024-04-27 09:50:15,999] {logging_mixin.py:115} INFO - [2024-04-27 09:50:15,999] {dag.py:2379} INFO - Sync 1 DAGs
[2024-04-27 09:50:16,010] {logging_mixin.py:115} INFO - [2024-04-27 09:50:16,010] {dag.py:2927} INFO - Setting next_dagrun for example_nested_branch_dag to 2024-04-26T00:00:00+00:00, run_after=2024-04-27T00:00:00+00:00
[2024-04-27 09:50:16,030] {processor.py:161} INFO - Processing /home/enrico/Documentos/backup/AULA/Alura/Engenharia de dados/projeto_airflow/airflowalura/venv/lib/python3.9/site-packages/airflow/example_dags/example_nested_branch_dag.py took 0.048 seconds
[2024-04-27 09:50:50,815] {processor.py:153} INFO - Started process (PID=96079) to work on /home/enrico/Documentos/backup/AULA/Alura/Engenharia de dados/projeto_airflow/airflowalura/venv/lib/python3.9/site-packages/airflow/example_dags/example_nested_branch_dag.py
[2024-04-27 09:50:50,819] {processor.py:641} INFO - Processing file /home/enrico/Documentos/backup/AULA/Alura/Engenharia de dados/projeto_airflow/airflowalura/venv/lib/python3.9/site-packages/airflow/example_dags/example_nested_branch_dag.py for tasks to queue
[2024-04-27 09:50:50,819] {logging_mixin.py:115} INFO - [2024-04-27 09:50:50,819] {dagbag.py:507} INFO - Filling up the DagBag from /home/enrico/Documentos/backup/AULA/Alura/Engenharia de dados/projeto_airflow/airflowalura/venv/lib/python3.9/site-packages/airflow/example_dags/example_nested_branch_dag.py
[2024-04-27 09:50:50,830] {processor.py:651} INFO - DAG(s) dict_keys(['example_nested_branch_dag']) retrieved from /home/enrico/Documentos/backup/AULA/Alura/Engenharia de dados/projeto_airflow/airflowalura/venv/lib/python3.9/site-packages/airflow/example_dags/example_nested_branch_dag.py
[2024-04-27 09:50:50,839] {logging_mixin.py:115} INFO - [2024-04-27 09:50:50,839] {dag.py:2379} INFO - Sync 1 DAGs
[2024-04-27 09:50:50,849] {logging_mixin.py:115} INFO - [2024-04-27 09:50:50,849] {dag.py:2927} INFO - Setting next_dagrun for example_nested_branch_dag to 2024-04-26T00:00:00+00:00, run_after=2024-04-27T00:00:00+00:00
[2024-04-27 09:50:50,859] {processor.py:161} INFO - Processing /home/enrico/Documentos/backup/AULA/Alura/Engenharia de dados/projeto_airflow/airflowalura/venv/lib/python3.9/site-packages/airflow/example_dags/example_nested_branch_dag.py took 0.046 seconds
[2024-04-27 09:51:25,592] {processor.py:153} INFO - Started process (PID=96317) to work on /home/enrico/Documentos/backup/AULA/Alura/Engenharia de dados/projeto_airflow/airflowalura/venv/lib/python3.9/site-packages/airflow/example_dags/example_nested_branch_dag.py
[2024-04-27 09:51:25,593] {processor.py:641} INFO - Processing file /home/enrico/Documentos/backup/AULA/Alura/Engenharia de dados/projeto_airflow/airflowalura/venv/lib/python3.9/site-packages/airflow/example_dags/example_nested_branch_dag.py for tasks to queue
[2024-04-27 09:51:25,594] {logging_mixin.py:115} INFO - [2024-04-27 09:51:25,594] {dagbag.py:507} INFO - Filling up the DagBag from /home/enrico/Documentos/backup/AULA/Alura/Engenharia de dados/projeto_airflow/airflowalura/venv/lib/python3.9/site-packages/airflow/example_dags/example_nested_branch_dag.py
[2024-04-27 09:51:25,613] {processor.py:651} INFO - DAG(s) dict_keys(['example_nested_branch_dag']) retrieved from /home/enrico/Documentos/backup/AULA/Alura/Engenharia de dados/projeto_airflow/airflowalura/venv/lib/python3.9/site-packages/airflow/example_dags/example_nested_branch_dag.py
[2024-04-27 09:51:25,630] {logging_mixin.py:115} INFO - [2024-04-27 09:51:25,630] {dag.py:2379} INFO - Sync 1 DAGs
[2024-04-27 09:51:25,643] {logging_mixin.py:115} INFO - [2024-04-27 09:51:25,643] {dag.py:2927} INFO - Setting next_dagrun for example_nested_branch_dag to 2024-04-26T00:00:00+00:00, run_after=2024-04-27T00:00:00+00:00
[2024-04-27 09:51:25,652] {processor.py:161} INFO - Processing /home/enrico/Documentos/backup/AULA/Alura/Engenharia de dados/projeto_airflow/airflowalura/venv/lib/python3.9/site-packages/airflow/example_dags/example_nested_branch_dag.py took 0.065 seconds
[2024-04-27 09:52:02,543] {processor.py:153} INFO - Started process (PID=96419) to work on /home/enrico/Documentos/backup/AULA/Alura/Engenharia de dados/projeto_airflow/airflowalura/venv/lib/python3.9/site-packages/airflow/example_dags/example_nested_branch_dag.py
[2024-04-27 09:52:02,544] {processor.py:641} INFO - Processing file /home/enrico/Documentos/backup/AULA/Alura/Engenharia de dados/projeto_airflow/airflowalura/venv/lib/python3.9/site-packages/airflow/example_dags/example_nested_branch_dag.py for tasks to queue
[2024-04-27 09:52:02,545] {logging_mixin.py:115} INFO - [2024-04-27 09:52:02,545] {dagbag.py:507} INFO - Filling up the DagBag from /home/enrico/Documentos/backup/AULA/Alura/Engenharia de dados/projeto_airflow/airflowalura/venv/lib/python3.9/site-packages/airflow/example_dags/example_nested_branch_dag.py
[2024-04-27 09:52:02,565] {processor.py:651} INFO - DAG(s) dict_keys(['example_nested_branch_dag']) retrieved from /home/enrico/Documentos/backup/AULA/Alura/Engenharia de dados/projeto_airflow/airflowalura/venv/lib/python3.9/site-packages/airflow/example_dags/example_nested_branch_dag.py
[2024-04-27 09:52:02,583] {logging_mixin.py:115} INFO - [2024-04-27 09:52:02,582] {dag.py:2379} INFO - Sync 1 DAGs
[2024-04-27 09:52:02,595] {logging_mixin.py:115} INFO - [2024-04-27 09:52:02,595] {dag.py:2927} INFO - Setting next_dagrun for example_nested_branch_dag to 2024-04-26T00:00:00+00:00, run_after=2024-04-27T00:00:00+00:00
[2024-04-27 09:52:02,603] {processor.py:161} INFO - Processing /home/enrico/Documentos/backup/AULA/Alura/Engenharia de dados/projeto_airflow/airflowalura/venv/lib/python3.9/site-packages/airflow/example_dags/example_nested_branch_dag.py took 0.066 seconds
[2024-04-27 09:52:40,385] {processor.py:153} INFO - Started process (PID=96589) to work on /home/enrico/Documentos/backup/AULA/Alura/Engenharia de dados/projeto_airflow/airflowalura/venv/lib/python3.9/site-packages/airflow/example_dags/example_nested_branch_dag.py
[2024-04-27 09:52:40,386] {processor.py:641} INFO - Processing file /home/enrico/Documentos/backup/AULA/Alura/Engenharia de dados/projeto_airflow/airflowalura/venv/lib/python3.9/site-packages/airflow/example_dags/example_nested_branch_dag.py for tasks to queue
[2024-04-27 09:52:40,386] {logging_mixin.py:115} INFO - [2024-04-27 09:52:40,386] {dagbag.py:507} INFO - Filling up the DagBag from /home/enrico/Documentos/backup/AULA/Alura/Engenharia de dados/projeto_airflow/airflowalura/venv/lib/python3.9/site-packages/airflow/example_dags/example_nested_branch_dag.py
[2024-04-27 09:52:40,391] {processor.py:651} INFO - DAG(s) dict_keys(['example_nested_branch_dag']) retrieved from /home/enrico/Documentos/backup/AULA/Alura/Engenharia de dados/projeto_airflow/airflowalura/venv/lib/python3.9/site-packages/airflow/example_dags/example_nested_branch_dag.py
[2024-04-27 09:52:40,402] {logging_mixin.py:115} INFO - [2024-04-27 09:52:40,402] {dag.py:2379} INFO - Sync 1 DAGs
[2024-04-27 09:52:40,413] {logging_mixin.py:115} INFO - [2024-04-27 09:52:40,413] {dag.py:2927} INFO - Setting next_dagrun for example_nested_branch_dag to 2024-04-26T00:00:00+00:00, run_after=2024-04-27T00:00:00+00:00
[2024-04-27 09:52:40,423] {processor.py:161} INFO - Processing /home/enrico/Documentos/backup/AULA/Alura/Engenharia de dados/projeto_airflow/airflowalura/venv/lib/python3.9/site-packages/airflow/example_dags/example_nested_branch_dag.py took 0.039 seconds
[2024-04-27 09:53:16,380] {processor.py:153} INFO - Started process (PID=96639) to work on /home/enrico/Documentos/backup/AULA/Alura/Engenharia de dados/projeto_airflow/airflowalura/venv/lib/python3.9/site-packages/airflow/example_dags/example_nested_branch_dag.py
[2024-04-27 09:53:16,383] {processor.py:641} INFO - Processing file /home/enrico/Documentos/backup/AULA/Alura/Engenharia de dados/projeto_airflow/airflowalura/venv/lib/python3.9/site-packages/airflow/example_dags/example_nested_branch_dag.py for tasks to queue
[2024-04-27 09:53:16,384] {logging_mixin.py:115} INFO - [2024-04-27 09:53:16,384] {dagbag.py:507} INFO - Filling up the DagBag from /home/enrico/Documentos/backup/AULA/Alura/Engenharia de dados/projeto_airflow/airflowalura/venv/lib/python3.9/site-packages/airflow/example_dags/example_nested_branch_dag.py
[2024-04-27 09:53:16,394] {processor.py:651} INFO - DAG(s) dict_keys(['example_nested_branch_dag']) retrieved from /home/enrico/Documentos/backup/AULA/Alura/Engenharia de dados/projeto_airflow/airflowalura/venv/lib/python3.9/site-packages/airflow/example_dags/example_nested_branch_dag.py
[2024-04-27 09:53:16,409] {logging_mixin.py:115} INFO - [2024-04-27 09:53:16,409] {dag.py:2379} INFO - Sync 1 DAGs
[2024-04-27 09:53:16,421] {logging_mixin.py:115} INFO - [2024-04-27 09:53:16,421] {dag.py:2927} INFO - Setting next_dagrun for example_nested_branch_dag to 2024-04-26T00:00:00+00:00, run_after=2024-04-27T00:00:00+00:00
[2024-04-27 09:53:16,432] {processor.py:161} INFO - Processing /home/enrico/Documentos/backup/AULA/Alura/Engenharia de dados/projeto_airflow/airflowalura/venv/lib/python3.9/site-packages/airflow/example_dags/example_nested_branch_dag.py took 0.058 seconds
[2024-04-27 09:53:52,573] {processor.py:153} INFO - Started process (PID=96690) to work on /home/enrico/Documentos/backup/AULA/Alura/Engenharia de dados/projeto_airflow/airflowalura/venv/lib/python3.9/site-packages/airflow/example_dags/example_nested_branch_dag.py
[2024-04-27 09:53:52,574] {processor.py:641} INFO - Processing file /home/enrico/Documentos/backup/AULA/Alura/Engenharia de dados/projeto_airflow/airflowalura/venv/lib/python3.9/site-packages/airflow/example_dags/example_nested_branch_dag.py for tasks to queue
[2024-04-27 09:53:52,575] {logging_mixin.py:115} INFO - [2024-04-27 09:53:52,575] {dagbag.py:507} INFO - Filling up the DagBag from /home/enrico/Documentos/backup/AULA/Alura/Engenharia de dados/projeto_airflow/airflowalura/venv/lib/python3.9/site-packages/airflow/example_dags/example_nested_branch_dag.py
[2024-04-27 09:53:52,593] {processor.py:651} INFO - DAG(s) dict_keys(['example_nested_branch_dag']) retrieved from /home/enrico/Documentos/backup/AULA/Alura/Engenharia de dados/projeto_airflow/airflowalura/venv/lib/python3.9/site-packages/airflow/example_dags/example_nested_branch_dag.py
[2024-04-27 09:53:52,610] {logging_mixin.py:115} INFO - [2024-04-27 09:53:52,610] {dag.py:2379} INFO - Sync 1 DAGs
[2024-04-27 09:53:52,623] {logging_mixin.py:115} INFO - [2024-04-27 09:53:52,623] {dag.py:2927} INFO - Setting next_dagrun for example_nested_branch_dag to 2024-04-26T00:00:00+00:00, run_after=2024-04-27T00:00:00+00:00
[2024-04-27 09:53:52,631] {processor.py:161} INFO - Processing /home/enrico/Documentos/backup/AULA/Alura/Engenharia de dados/projeto_airflow/airflowalura/venv/lib/python3.9/site-packages/airflow/example_dags/example_nested_branch_dag.py took 0.064 seconds
[2024-04-27 09:54:28,193] {processor.py:153} INFO - Started process (PID=96740) to work on /home/enrico/Documentos/backup/AULA/Alura/Engenharia de dados/projeto_airflow/airflowalura/venv/lib/python3.9/site-packages/airflow/example_dags/example_nested_branch_dag.py
[2024-04-27 09:54:28,194] {processor.py:641} INFO - Processing file /home/enrico/Documentos/backup/AULA/Alura/Engenharia de dados/projeto_airflow/airflowalura/venv/lib/python3.9/site-packages/airflow/example_dags/example_nested_branch_dag.py for tasks to queue
[2024-04-27 09:54:28,196] {logging_mixin.py:115} INFO - [2024-04-27 09:54:28,195] {dagbag.py:507} INFO - Filling up the DagBag from /home/enrico/Documentos/backup/AULA/Alura/Engenharia de dados/projeto_airflow/airflowalura/venv/lib/python3.9/site-packages/airflow/example_dags/example_nested_branch_dag.py
[2024-04-27 09:54:28,214] {processor.py:651} INFO - DAG(s) dict_keys(['example_nested_branch_dag']) retrieved from /home/enrico/Documentos/backup/AULA/Alura/Engenharia de dados/projeto_airflow/airflowalura/venv/lib/python3.9/site-packages/airflow/example_dags/example_nested_branch_dag.py
[2024-04-27 09:54:28,231] {logging_mixin.py:115} INFO - [2024-04-27 09:54:28,231] {dag.py:2379} INFO - Sync 1 DAGs
[2024-04-27 09:54:28,243] {logging_mixin.py:115} INFO - [2024-04-27 09:54:28,243] {dag.py:2927} INFO - Setting next_dagrun for example_nested_branch_dag to 2024-04-26T00:00:00+00:00, run_after=2024-04-27T00:00:00+00:00
[2024-04-27 09:54:28,259] {processor.py:161} INFO - Processing /home/enrico/Documentos/backup/AULA/Alura/Engenharia de dados/projeto_airflow/airflowalura/venv/lib/python3.9/site-packages/airflow/example_dags/example_nested_branch_dag.py took 0.071 seconds
[2024-04-27 09:55:06,761] {processor.py:153} INFO - Started process (PID=96811) to work on /home/enrico/Documentos/backup/AULA/Alura/Engenharia de dados/projeto_airflow/airflowalura/venv/lib/python3.9/site-packages/airflow/example_dags/example_nested_branch_dag.py
[2024-04-27 09:55:06,764] {processor.py:641} INFO - Processing file /home/enrico/Documentos/backup/AULA/Alura/Engenharia de dados/projeto_airflow/airflowalura/venv/lib/python3.9/site-packages/airflow/example_dags/example_nested_branch_dag.py for tasks to queue
[2024-04-27 09:55:06,764] {logging_mixin.py:115} INFO - [2024-04-27 09:55:06,764] {dagbag.py:507} INFO - Filling up the DagBag from /home/enrico/Documentos/backup/AULA/Alura/Engenharia de dados/projeto_airflow/airflowalura/venv/lib/python3.9/site-packages/airflow/example_dags/example_nested_branch_dag.py
[2024-04-27 09:55:06,770] {processor.py:651} INFO - DAG(s) dict_keys(['example_nested_branch_dag']) retrieved from /home/enrico/Documentos/backup/AULA/Alura/Engenharia de dados/projeto_airflow/airflowalura/venv/lib/python3.9/site-packages/airflow/example_dags/example_nested_branch_dag.py
[2024-04-27 09:55:06,778] {logging_mixin.py:115} INFO - [2024-04-27 09:55:06,778] {dag.py:2379} INFO - Sync 1 DAGs
[2024-04-27 09:55:06,788] {logging_mixin.py:115} INFO - [2024-04-27 09:55:06,787] {dag.py:2927} INFO - Setting next_dagrun for example_nested_branch_dag to 2024-04-26T00:00:00+00:00, run_after=2024-04-27T00:00:00+00:00
[2024-04-27 09:55:06,797] {processor.py:161} INFO - Processing /home/enrico/Documentos/backup/AULA/Alura/Engenharia de dados/projeto_airflow/airflowalura/venv/lib/python3.9/site-packages/airflow/example_dags/example_nested_branch_dag.py took 0.038 seconds
[2024-04-27 09:55:45,851] {processor.py:153} INFO - Started process (PID=96871) to work on /home/enrico/Documentos/backup/AULA/Alura/Engenharia de dados/projeto_airflow/airflowalura/venv/lib/python3.9/site-packages/airflow/example_dags/example_nested_branch_dag.py
[2024-04-27 09:55:45,854] {processor.py:641} INFO - Processing file /home/enrico/Documentos/backup/AULA/Alura/Engenharia de dados/projeto_airflow/airflowalura/venv/lib/python3.9/site-packages/airflow/example_dags/example_nested_branch_dag.py for tasks to queue
[2024-04-27 09:55:45,855] {logging_mixin.py:115} INFO - [2024-04-27 09:55:45,855] {dagbag.py:507} INFO - Filling up the DagBag from /home/enrico/Documentos/backup/AULA/Alura/Engenharia de dados/projeto_airflow/airflowalura/venv/lib/python3.9/site-packages/airflow/example_dags/example_nested_branch_dag.py
[2024-04-27 09:55:45,881] {processor.py:651} INFO - DAG(s) dict_keys(['example_nested_branch_dag']) retrieved from /home/enrico/Documentos/backup/AULA/Alura/Engenharia de dados/projeto_airflow/airflowalura/venv/lib/python3.9/site-packages/airflow/example_dags/example_nested_branch_dag.py
[2024-04-27 09:55:45,899] {logging_mixin.py:115} INFO - [2024-04-27 09:55:45,898] {dag.py:2379} INFO - Sync 1 DAGs
[2024-04-27 09:55:45,912] {logging_mixin.py:115} INFO - [2024-04-27 09:55:45,912] {dag.py:2927} INFO - Setting next_dagrun for example_nested_branch_dag to 2024-04-26T00:00:00+00:00, run_after=2024-04-27T00:00:00+00:00
[2024-04-27 09:55:45,924] {processor.py:161} INFO - Processing /home/enrico/Documentos/backup/AULA/Alura/Engenharia de dados/projeto_airflow/airflowalura/venv/lib/python3.9/site-packages/airflow/example_dags/example_nested_branch_dag.py took 0.075 seconds
[2024-04-27 09:56:23,098] {processor.py:153} INFO - Started process (PID=96951) to work on /home/enrico/Documentos/backup/AULA/Alura/Engenharia de dados/projeto_airflow/airflowalura/venv/lib/python3.9/site-packages/airflow/example_dags/example_nested_branch_dag.py
[2024-04-27 09:56:23,101] {processor.py:641} INFO - Processing file /home/enrico/Documentos/backup/AULA/Alura/Engenharia de dados/projeto_airflow/airflowalura/venv/lib/python3.9/site-packages/airflow/example_dags/example_nested_branch_dag.py for tasks to queue
[2024-04-27 09:56:23,101] {logging_mixin.py:115} INFO - [2024-04-27 09:56:23,101] {dagbag.py:507} INFO - Filling up the DagBag from /home/enrico/Documentos/backup/AULA/Alura/Engenharia de dados/projeto_airflow/airflowalura/venv/lib/python3.9/site-packages/airflow/example_dags/example_nested_branch_dag.py
[2024-04-27 09:56:23,108] {processor.py:651} INFO - DAG(s) dict_keys(['example_nested_branch_dag']) retrieved from /home/enrico/Documentos/backup/AULA/Alura/Engenharia de dados/projeto_airflow/airflowalura/venv/lib/python3.9/site-packages/airflow/example_dags/example_nested_branch_dag.py
[2024-04-27 09:56:23,116] {logging_mixin.py:115} INFO - [2024-04-27 09:56:23,116] {dag.py:2379} INFO - Sync 1 DAGs
[2024-04-27 09:56:23,127] {logging_mixin.py:115} INFO - [2024-04-27 09:56:23,127] {dag.py:2927} INFO - Setting next_dagrun for example_nested_branch_dag to 2024-04-26T00:00:00+00:00, run_after=2024-04-27T00:00:00+00:00
[2024-04-27 09:56:23,137] {processor.py:161} INFO - Processing /home/enrico/Documentos/backup/AULA/Alura/Engenharia de dados/projeto_airflow/airflowalura/venv/lib/python3.9/site-packages/airflow/example_dags/example_nested_branch_dag.py took 0.040 seconds
[2024-04-27 09:56:57,918] {processor.py:153} INFO - Started process (PID=97000) to work on /home/enrico/Documentos/backup/AULA/Alura/Engenharia de dados/projeto_airflow/airflowalura/venv/lib/python3.9/site-packages/airflow/example_dags/example_nested_branch_dag.py
[2024-04-27 09:56:57,919] {processor.py:641} INFO - Processing file /home/enrico/Documentos/backup/AULA/Alura/Engenharia de dados/projeto_airflow/airflowalura/venv/lib/python3.9/site-packages/airflow/example_dags/example_nested_branch_dag.py for tasks to queue
[2024-04-27 09:56:57,919] {logging_mixin.py:115} INFO - [2024-04-27 09:56:57,919] {dagbag.py:507} INFO - Filling up the DagBag from /home/enrico/Documentos/backup/AULA/Alura/Engenharia de dados/projeto_airflow/airflowalura/venv/lib/python3.9/site-packages/airflow/example_dags/example_nested_branch_dag.py
[2024-04-27 09:56:57,926] {processor.py:651} INFO - DAG(s) dict_keys(['example_nested_branch_dag']) retrieved from /home/enrico/Documentos/backup/AULA/Alura/Engenharia de dados/projeto_airflow/airflowalura/venv/lib/python3.9/site-packages/airflow/example_dags/example_nested_branch_dag.py
[2024-04-27 09:56:57,935] {logging_mixin.py:115} INFO - [2024-04-27 09:56:57,935] {dag.py:2379} INFO - Sync 1 DAGs
[2024-04-27 09:56:57,946] {logging_mixin.py:115} INFO - [2024-04-27 09:56:57,946] {dag.py:2927} INFO - Setting next_dagrun for example_nested_branch_dag to 2024-04-26T00:00:00+00:00, run_after=2024-04-27T00:00:00+00:00
[2024-04-27 09:56:57,956] {processor.py:161} INFO - Processing /home/enrico/Documentos/backup/AULA/Alura/Engenharia de dados/projeto_airflow/airflowalura/venv/lib/python3.9/site-packages/airflow/example_dags/example_nested_branch_dag.py took 0.039 seconds
[2024-04-27 09:57:33,854] {processor.py:153} INFO - Started process (PID=97121) to work on /home/enrico/Documentos/backup/AULA/Alura/Engenharia de dados/projeto_airflow/airflowalura/venv/lib/python3.9/site-packages/airflow/example_dags/example_nested_branch_dag.py
[2024-04-27 09:57:33,855] {processor.py:641} INFO - Processing file /home/enrico/Documentos/backup/AULA/Alura/Engenharia de dados/projeto_airflow/airflowalura/venv/lib/python3.9/site-packages/airflow/example_dags/example_nested_branch_dag.py for tasks to queue
[2024-04-27 09:57:33,855] {logging_mixin.py:115} INFO - [2024-04-27 09:57:33,855] {dagbag.py:507} INFO - Filling up the DagBag from /home/enrico/Documentos/backup/AULA/Alura/Engenharia de dados/projeto_airflow/airflowalura/venv/lib/python3.9/site-packages/airflow/example_dags/example_nested_branch_dag.py
[2024-04-27 09:57:33,861] {processor.py:651} INFO - DAG(s) dict_keys(['example_nested_branch_dag']) retrieved from /home/enrico/Documentos/backup/AULA/Alura/Engenharia de dados/projeto_airflow/airflowalura/venv/lib/python3.9/site-packages/airflow/example_dags/example_nested_branch_dag.py
[2024-04-27 09:57:33,870] {logging_mixin.py:115} INFO - [2024-04-27 09:57:33,870] {dag.py:2379} INFO - Sync 1 DAGs
[2024-04-27 09:57:33,880] {logging_mixin.py:115} INFO - [2024-04-27 09:57:33,880] {dag.py:2927} INFO - Setting next_dagrun for example_nested_branch_dag to 2024-04-26T00:00:00+00:00, run_after=2024-04-27T00:00:00+00:00
[2024-04-27 09:57:33,889] {processor.py:161} INFO - Processing /home/enrico/Documentos/backup/AULA/Alura/Engenharia de dados/projeto_airflow/airflowalura/venv/lib/python3.9/site-packages/airflow/example_dags/example_nested_branch_dag.py took 0.036 seconds
[2024-04-27 09:58:12,329] {processor.py:153} INFO - Started process (PID=97176) to work on /home/enrico/Documentos/backup/AULA/Alura/Engenharia de dados/projeto_airflow/airflowalura/venv/lib/python3.9/site-packages/airflow/example_dags/example_nested_branch_dag.py
[2024-04-27 09:58:12,332] {processor.py:641} INFO - Processing file /home/enrico/Documentos/backup/AULA/Alura/Engenharia de dados/projeto_airflow/airflowalura/venv/lib/python3.9/site-packages/airflow/example_dags/example_nested_branch_dag.py for tasks to queue
[2024-04-27 09:58:12,333] {logging_mixin.py:115} INFO - [2024-04-27 09:58:12,333] {dagbag.py:507} INFO - Filling up the DagBag from /home/enrico/Documentos/backup/AULA/Alura/Engenharia de dados/projeto_airflow/airflowalura/venv/lib/python3.9/site-packages/airflow/example_dags/example_nested_branch_dag.py
[2024-04-27 09:58:12,355] {processor.py:651} INFO - DAG(s) dict_keys(['example_nested_branch_dag']) retrieved from /home/enrico/Documentos/backup/AULA/Alura/Engenharia de dados/projeto_airflow/airflowalura/venv/lib/python3.9/site-packages/airflow/example_dags/example_nested_branch_dag.py
[2024-04-27 09:58:12,366] {logging_mixin.py:115} INFO - [2024-04-27 09:58:12,366] {dag.py:2379} INFO - Sync 1 DAGs
[2024-04-27 09:58:12,375] {logging_mixin.py:115} INFO - [2024-04-27 09:58:12,375] {dag.py:2927} INFO - Setting next_dagrun for example_nested_branch_dag to 2024-04-26T00:00:00+00:00, run_after=2024-04-27T00:00:00+00:00
[2024-04-27 09:58:12,385] {processor.py:161} INFO - Processing /home/enrico/Documentos/backup/AULA/Alura/Engenharia de dados/projeto_airflow/airflowalura/venv/lib/python3.9/site-packages/airflow/example_dags/example_nested_branch_dag.py took 0.062 seconds
[2024-04-27 09:58:50,619] {processor.py:153} INFO - Started process (PID=97246) to work on /home/enrico/Documentos/backup/AULA/Alura/Engenharia de dados/projeto_airflow/airflowalura/venv/lib/python3.9/site-packages/airflow/example_dags/example_nested_branch_dag.py
[2024-04-27 09:58:50,620] {processor.py:641} INFO - Processing file /home/enrico/Documentos/backup/AULA/Alura/Engenharia de dados/projeto_airflow/airflowalura/venv/lib/python3.9/site-packages/airflow/example_dags/example_nested_branch_dag.py for tasks to queue
[2024-04-27 09:58:50,621] {logging_mixin.py:115} INFO - [2024-04-27 09:58:50,621] {dagbag.py:507} INFO - Filling up the DagBag from /home/enrico/Documentos/backup/AULA/Alura/Engenharia de dados/projeto_airflow/airflowalura/venv/lib/python3.9/site-packages/airflow/example_dags/example_nested_branch_dag.py
[2024-04-27 09:58:50,643] {processor.py:651} INFO - DAG(s) dict_keys(['example_nested_branch_dag']) retrieved from /home/enrico/Documentos/backup/AULA/Alura/Engenharia de dados/projeto_airflow/airflowalura/venv/lib/python3.9/site-packages/airflow/example_dags/example_nested_branch_dag.py
[2024-04-27 09:58:50,657] {logging_mixin.py:115} INFO - [2024-04-27 09:58:50,657] {dag.py:2379} INFO - Sync 1 DAGs
[2024-04-27 09:58:50,671] {logging_mixin.py:115} INFO - [2024-04-27 09:58:50,671] {dag.py:2927} INFO - Setting next_dagrun for example_nested_branch_dag to 2024-04-26T00:00:00+00:00, run_after=2024-04-27T00:00:00+00:00
[2024-04-27 09:58:50,679] {processor.py:161} INFO - Processing /home/enrico/Documentos/backup/AULA/Alura/Engenharia de dados/projeto_airflow/airflowalura/venv/lib/python3.9/site-packages/airflow/example_dags/example_nested_branch_dag.py took 0.065 seconds
[2024-04-27 09:59:28,270] {processor.py:153} INFO - Started process (PID=97313) to work on /home/enrico/Documentos/backup/AULA/Alura/Engenharia de dados/projeto_airflow/airflowalura/venv/lib/python3.9/site-packages/airflow/example_dags/example_nested_branch_dag.py
[2024-04-27 09:59:28,271] {processor.py:641} INFO - Processing file /home/enrico/Documentos/backup/AULA/Alura/Engenharia de dados/projeto_airflow/airflowalura/venv/lib/python3.9/site-packages/airflow/example_dags/example_nested_branch_dag.py for tasks to queue
[2024-04-27 09:59:28,272] {logging_mixin.py:115} INFO - [2024-04-27 09:59:28,272] {dagbag.py:507} INFO - Filling up the DagBag from /home/enrico/Documentos/backup/AULA/Alura/Engenharia de dados/projeto_airflow/airflowalura/venv/lib/python3.9/site-packages/airflow/example_dags/example_nested_branch_dag.py
[2024-04-27 09:59:28,293] {processor.py:651} INFO - DAG(s) dict_keys(['example_nested_branch_dag']) retrieved from /home/enrico/Documentos/backup/AULA/Alura/Engenharia de dados/projeto_airflow/airflowalura/venv/lib/python3.9/site-packages/airflow/example_dags/example_nested_branch_dag.py
[2024-04-27 09:59:28,307] {logging_mixin.py:115} INFO - [2024-04-27 09:59:28,307] {dag.py:2379} INFO - Sync 1 DAGs
[2024-04-27 09:59:28,320] {logging_mixin.py:115} INFO - [2024-04-27 09:59:28,320] {dag.py:2927} INFO - Setting next_dagrun for example_nested_branch_dag to 2024-04-26T00:00:00+00:00, run_after=2024-04-27T00:00:00+00:00
[2024-04-27 09:59:28,330] {processor.py:161} INFO - Processing /home/enrico/Documentos/backup/AULA/Alura/Engenharia de dados/projeto_airflow/airflowalura/venv/lib/python3.9/site-packages/airflow/example_dags/example_nested_branch_dag.py took 0.065 seconds
[2024-04-27 10:00:02,715] {processor.py:153} INFO - Started process (PID=97362) to work on /home/enrico/Documentos/backup/AULA/Alura/Engenharia de dados/projeto_airflow/airflowalura/venv/lib/python3.9/site-packages/airflow/example_dags/example_nested_branch_dag.py
[2024-04-27 10:00:02,716] {processor.py:641} INFO - Processing file /home/enrico/Documentos/backup/AULA/Alura/Engenharia de dados/projeto_airflow/airflowalura/venv/lib/python3.9/site-packages/airflow/example_dags/example_nested_branch_dag.py for tasks to queue
[2024-04-27 10:00:02,716] {logging_mixin.py:115} INFO - [2024-04-27 10:00:02,716] {dagbag.py:507} INFO - Filling up the DagBag from /home/enrico/Documentos/backup/AULA/Alura/Engenharia de dados/projeto_airflow/airflowalura/venv/lib/python3.9/site-packages/airflow/example_dags/example_nested_branch_dag.py
[2024-04-27 10:00:02,723] {processor.py:651} INFO - DAG(s) dict_keys(['example_nested_branch_dag']) retrieved from /home/enrico/Documentos/backup/AULA/Alura/Engenharia de dados/projeto_airflow/airflowalura/venv/lib/python3.9/site-packages/airflow/example_dags/example_nested_branch_dag.py
[2024-04-27 10:00:02,731] {logging_mixin.py:115} INFO - [2024-04-27 10:00:02,731] {dag.py:2379} INFO - Sync 1 DAGs
[2024-04-27 10:00:02,741] {logging_mixin.py:115} INFO - [2024-04-27 10:00:02,741] {dag.py:2927} INFO - Setting next_dagrun for example_nested_branch_dag to 2024-04-26T00:00:00+00:00, run_after=2024-04-27T00:00:00+00:00
[2024-04-27 10:00:02,749] {processor.py:161} INFO - Processing /home/enrico/Documentos/backup/AULA/Alura/Engenharia de dados/projeto_airflow/airflowalura/venv/lib/python3.9/site-packages/airflow/example_dags/example_nested_branch_dag.py took 0.035 seconds
[2024-04-27 10:00:38,666] {processor.py:153} INFO - Started process (PID=97416) to work on /home/enrico/Documentos/backup/AULA/Alura/Engenharia de dados/projeto_airflow/airflowalura/venv/lib/python3.9/site-packages/airflow/example_dags/example_nested_branch_dag.py
[2024-04-27 10:00:38,667] {processor.py:641} INFO - Processing file /home/enrico/Documentos/backup/AULA/Alura/Engenharia de dados/projeto_airflow/airflowalura/venv/lib/python3.9/site-packages/airflow/example_dags/example_nested_branch_dag.py for tasks to queue
[2024-04-27 10:00:38,668] {logging_mixin.py:115} INFO - [2024-04-27 10:00:38,668] {dagbag.py:507} INFO - Filling up the DagBag from /home/enrico/Documentos/backup/AULA/Alura/Engenharia de dados/projeto_airflow/airflowalura/venv/lib/python3.9/site-packages/airflow/example_dags/example_nested_branch_dag.py
[2024-04-27 10:00:38,692] {processor.py:651} INFO - DAG(s) dict_keys(['example_nested_branch_dag']) retrieved from /home/enrico/Documentos/backup/AULA/Alura/Engenharia de dados/projeto_airflow/airflowalura/venv/lib/python3.9/site-packages/airflow/example_dags/example_nested_branch_dag.py
[2024-04-27 10:00:38,706] {logging_mixin.py:115} INFO - [2024-04-27 10:00:38,706] {dag.py:2379} INFO - Sync 1 DAGs
[2024-04-27 10:00:38,719] {logging_mixin.py:115} INFO - [2024-04-27 10:00:38,719] {dag.py:2927} INFO - Setting next_dagrun for example_nested_branch_dag to 2024-04-26T00:00:00+00:00, run_after=2024-04-27T00:00:00+00:00
[2024-04-27 10:00:38,730] {processor.py:161} INFO - Processing /home/enrico/Documentos/backup/AULA/Alura/Engenharia de dados/projeto_airflow/airflowalura/venv/lib/python3.9/site-packages/airflow/example_dags/example_nested_branch_dag.py took 0.069 seconds
[2024-04-27 10:01:13,671] {processor.py:153} INFO - Started process (PID=97490) to work on /home/enrico/Documentos/backup/AULA/Alura/Engenharia de dados/projeto_airflow/airflowalura/venv/lib/python3.9/site-packages/airflow/example_dags/example_nested_branch_dag.py
[2024-04-27 10:01:13,672] {processor.py:641} INFO - Processing file /home/enrico/Documentos/backup/AULA/Alura/Engenharia de dados/projeto_airflow/airflowalura/venv/lib/python3.9/site-packages/airflow/example_dags/example_nested_branch_dag.py for tasks to queue
[2024-04-27 10:01:13,673] {logging_mixin.py:115} INFO - [2024-04-27 10:01:13,672] {dagbag.py:507} INFO - Filling up the DagBag from /home/enrico/Documentos/backup/AULA/Alura/Engenharia de dados/projeto_airflow/airflowalura/venv/lib/python3.9/site-packages/airflow/example_dags/example_nested_branch_dag.py
[2024-04-27 10:01:13,680] {processor.py:651} INFO - DAG(s) dict_keys(['example_nested_branch_dag']) retrieved from /home/enrico/Documentos/backup/AULA/Alura/Engenharia de dados/projeto_airflow/airflowalura/venv/lib/python3.9/site-packages/airflow/example_dags/example_nested_branch_dag.py
[2024-04-27 10:01:13,688] {logging_mixin.py:115} INFO - [2024-04-27 10:01:13,688] {dag.py:2379} INFO - Sync 1 DAGs
[2024-04-27 10:01:13,698] {logging_mixin.py:115} INFO - [2024-04-27 10:01:13,698] {dag.py:2927} INFO - Setting next_dagrun for example_nested_branch_dag to 2024-04-26T00:00:00+00:00, run_after=2024-04-27T00:00:00+00:00
[2024-04-27 10:01:13,707] {processor.py:161} INFO - Processing /home/enrico/Documentos/backup/AULA/Alura/Engenharia de dados/projeto_airflow/airflowalura/venv/lib/python3.9/site-packages/airflow/example_dags/example_nested_branch_dag.py took 0.037 seconds
[2024-04-27 10:01:48,490] {processor.py:153} INFO - Started process (PID=97542) to work on /home/enrico/Documentos/backup/AULA/Alura/Engenharia de dados/projeto_airflow/airflowalura/venv/lib/python3.9/site-packages/airflow/example_dags/example_nested_branch_dag.py
[2024-04-27 10:01:48,492] {processor.py:641} INFO - Processing file /home/enrico/Documentos/backup/AULA/Alura/Engenharia de dados/projeto_airflow/airflowalura/venv/lib/python3.9/site-packages/airflow/example_dags/example_nested_branch_dag.py for tasks to queue
[2024-04-27 10:01:48,493] {logging_mixin.py:115} INFO - [2024-04-27 10:01:48,493] {dagbag.py:507} INFO - Filling up the DagBag from /home/enrico/Documentos/backup/AULA/Alura/Engenharia de dados/projeto_airflow/airflowalura/venv/lib/python3.9/site-packages/airflow/example_dags/example_nested_branch_dag.py
[2024-04-27 10:01:48,513] {processor.py:651} INFO - DAG(s) dict_keys(['example_nested_branch_dag']) retrieved from /home/enrico/Documentos/backup/AULA/Alura/Engenharia de dados/projeto_airflow/airflowalura/venv/lib/python3.9/site-packages/airflow/example_dags/example_nested_branch_dag.py
[2024-04-27 10:01:48,527] {logging_mixin.py:115} INFO - [2024-04-27 10:01:48,526] {dag.py:2379} INFO - Sync 1 DAGs
[2024-04-27 10:01:48,538] {logging_mixin.py:115} INFO - [2024-04-27 10:01:48,538] {dag.py:2927} INFO - Setting next_dagrun for example_nested_branch_dag to 2024-04-26T00:00:00+00:00, run_after=2024-04-27T00:00:00+00:00
[2024-04-27 10:01:48,548] {processor.py:161} INFO - Processing /home/enrico/Documentos/backup/AULA/Alura/Engenharia de dados/projeto_airflow/airflowalura/venv/lib/python3.9/site-packages/airflow/example_dags/example_nested_branch_dag.py took 0.063 seconds
[2024-04-27 10:02:28,188] {processor.py:153} INFO - Started process (PID=97687) to work on /home/enrico/Documentos/backup/AULA/Alura/Engenharia de dados/projeto_airflow/airflowalura/venv/lib/python3.9/site-packages/airflow/example_dags/example_nested_branch_dag.py
[2024-04-27 10:02:28,191] {processor.py:641} INFO - Processing file /home/enrico/Documentos/backup/AULA/Alura/Engenharia de dados/projeto_airflow/airflowalura/venv/lib/python3.9/site-packages/airflow/example_dags/example_nested_branch_dag.py for tasks to queue
[2024-04-27 10:02:28,191] {logging_mixin.py:115} INFO - [2024-04-27 10:02:28,191] {dagbag.py:507} INFO - Filling up the DagBag from /home/enrico/Documentos/backup/AULA/Alura/Engenharia de dados/projeto_airflow/airflowalura/venv/lib/python3.9/site-packages/airflow/example_dags/example_nested_branch_dag.py
[2024-04-27 10:02:28,197] {processor.py:651} INFO - DAG(s) dict_keys(['example_nested_branch_dag']) retrieved from /home/enrico/Documentos/backup/AULA/Alura/Engenharia de dados/projeto_airflow/airflowalura/venv/lib/python3.9/site-packages/airflow/example_dags/example_nested_branch_dag.py
[2024-04-27 10:02:28,205] {logging_mixin.py:115} INFO - [2024-04-27 10:02:28,205] {dag.py:2379} INFO - Sync 1 DAGs
[2024-04-27 10:02:28,216] {logging_mixin.py:115} INFO - [2024-04-27 10:02:28,216] {dag.py:2927} INFO - Setting next_dagrun for example_nested_branch_dag to 2024-04-26T00:00:00+00:00, run_after=2024-04-27T00:00:00+00:00
[2024-04-27 10:02:28,226] {processor.py:161} INFO - Processing /home/enrico/Documentos/backup/AULA/Alura/Engenharia de dados/projeto_airflow/airflowalura/venv/lib/python3.9/site-packages/airflow/example_dags/example_nested_branch_dag.py took 0.039 seconds
[2024-04-27 10:03:04,141] {processor.py:153} INFO - Started process (PID=97898) to work on /home/enrico/Documentos/backup/AULA/Alura/Engenharia de dados/projeto_airflow/airflowalura/venv/lib/python3.9/site-packages/airflow/example_dags/example_nested_branch_dag.py
[2024-04-27 10:03:04,142] {processor.py:641} INFO - Processing file /home/enrico/Documentos/backup/AULA/Alura/Engenharia de dados/projeto_airflow/airflowalura/venv/lib/python3.9/site-packages/airflow/example_dags/example_nested_branch_dag.py for tasks to queue
[2024-04-27 10:03:04,142] {logging_mixin.py:115} INFO - [2024-04-27 10:03:04,142] {dagbag.py:507} INFO - Filling up the DagBag from /home/enrico/Documentos/backup/AULA/Alura/Engenharia de dados/projeto_airflow/airflowalura/venv/lib/python3.9/site-packages/airflow/example_dags/example_nested_branch_dag.py
[2024-04-27 10:03:04,149] {processor.py:651} INFO - DAG(s) dict_keys(['example_nested_branch_dag']) retrieved from /home/enrico/Documentos/backup/AULA/Alura/Engenharia de dados/projeto_airflow/airflowalura/venv/lib/python3.9/site-packages/airflow/example_dags/example_nested_branch_dag.py
[2024-04-27 10:03:04,158] {logging_mixin.py:115} INFO - [2024-04-27 10:03:04,158] {dag.py:2379} INFO - Sync 1 DAGs
[2024-04-27 10:03:04,171] {logging_mixin.py:115} INFO - [2024-04-27 10:03:04,170] {dag.py:2927} INFO - Setting next_dagrun for example_nested_branch_dag to 2024-04-26T00:00:00+00:00, run_after=2024-04-27T00:00:00+00:00
[2024-04-27 10:03:04,180] {processor.py:161} INFO - Processing /home/enrico/Documentos/backup/AULA/Alura/Engenharia de dados/projeto_airflow/airflowalura/venv/lib/python3.9/site-packages/airflow/example_dags/example_nested_branch_dag.py took 0.040 seconds
[2024-04-27 10:03:39,073] {processor.py:153} INFO - Started process (PID=98109) to work on /home/enrico/Documentos/backup/AULA/Alura/Engenharia de dados/projeto_airflow/airflowalura/venv/lib/python3.9/site-packages/airflow/example_dags/example_nested_branch_dag.py
[2024-04-27 10:03:39,074] {processor.py:641} INFO - Processing file /home/enrico/Documentos/backup/AULA/Alura/Engenharia de dados/projeto_airflow/airflowalura/venv/lib/python3.9/site-packages/airflow/example_dags/example_nested_branch_dag.py for tasks to queue
[2024-04-27 10:03:39,075] {logging_mixin.py:115} INFO - [2024-04-27 10:03:39,075] {dagbag.py:507} INFO - Filling up the DagBag from /home/enrico/Documentos/backup/AULA/Alura/Engenharia de dados/projeto_airflow/airflowalura/venv/lib/python3.9/site-packages/airflow/example_dags/example_nested_branch_dag.py
[2024-04-27 10:03:39,097] {processor.py:651} INFO - DAG(s) dict_keys(['example_nested_branch_dag']) retrieved from /home/enrico/Documentos/backup/AULA/Alura/Engenharia de dados/projeto_airflow/airflowalura/venv/lib/python3.9/site-packages/airflow/example_dags/example_nested_branch_dag.py
[2024-04-27 10:03:39,111] {logging_mixin.py:115} INFO - [2024-04-27 10:03:39,111] {dag.py:2379} INFO - Sync 1 DAGs
[2024-04-27 10:03:39,123] {logging_mixin.py:115} INFO - [2024-04-27 10:03:39,123] {dag.py:2927} INFO - Setting next_dagrun for example_nested_branch_dag to 2024-04-26T00:00:00+00:00, run_after=2024-04-27T00:00:00+00:00
[2024-04-27 10:03:39,132] {processor.py:161} INFO - Processing /home/enrico/Documentos/backup/AULA/Alura/Engenharia de dados/projeto_airflow/airflowalura/venv/lib/python3.9/site-packages/airflow/example_dags/example_nested_branch_dag.py took 0.065 seconds
[2024-04-27 10:04:13,709] {processor.py:153} INFO - Started process (PID=98322) to work on /home/enrico/Documentos/backup/AULA/Alura/Engenharia de dados/projeto_airflow/airflowalura/venv/lib/python3.9/site-packages/airflow/example_dags/example_nested_branch_dag.py
[2024-04-27 10:04:13,712] {processor.py:641} INFO - Processing file /home/enrico/Documentos/backup/AULA/Alura/Engenharia de dados/projeto_airflow/airflowalura/venv/lib/python3.9/site-packages/airflow/example_dags/example_nested_branch_dag.py for tasks to queue
[2024-04-27 10:04:13,712] {logging_mixin.py:115} INFO - [2024-04-27 10:04:13,712] {dagbag.py:507} INFO - Filling up the DagBag from /home/enrico/Documentos/backup/AULA/Alura/Engenharia de dados/projeto_airflow/airflowalura/venv/lib/python3.9/site-packages/airflow/example_dags/example_nested_branch_dag.py
[2024-04-27 10:04:13,719] {processor.py:651} INFO - DAG(s) dict_keys(['example_nested_branch_dag']) retrieved from /home/enrico/Documentos/backup/AULA/Alura/Engenharia de dados/projeto_airflow/airflowalura/venv/lib/python3.9/site-packages/airflow/example_dags/example_nested_branch_dag.py
[2024-04-27 10:04:13,727] {logging_mixin.py:115} INFO - [2024-04-27 10:04:13,727] {dag.py:2379} INFO - Sync 1 DAGs
[2024-04-27 10:04:13,738] {logging_mixin.py:115} INFO - [2024-04-27 10:04:13,738] {dag.py:2927} INFO - Setting next_dagrun for example_nested_branch_dag to 2024-04-26T00:00:00+00:00, run_after=2024-04-27T00:00:00+00:00
[2024-04-27 10:04:13,748] {processor.py:161} INFO - Processing /home/enrico/Documentos/backup/AULA/Alura/Engenharia de dados/projeto_airflow/airflowalura/venv/lib/python3.9/site-packages/airflow/example_dags/example_nested_branch_dag.py took 0.041 seconds
[2024-04-27 10:04:47,673] {processor.py:153} INFO - Started process (PID=98525) to work on /home/enrico/Documentos/backup/AULA/Alura/Engenharia de dados/projeto_airflow/airflowalura/venv/lib/python3.9/site-packages/airflow/example_dags/example_nested_branch_dag.py
[2024-04-27 10:04:47,674] {processor.py:641} INFO - Processing file /home/enrico/Documentos/backup/AULA/Alura/Engenharia de dados/projeto_airflow/airflowalura/venv/lib/python3.9/site-packages/airflow/example_dags/example_nested_branch_dag.py for tasks to queue
[2024-04-27 10:04:47,675] {logging_mixin.py:115} INFO - [2024-04-27 10:04:47,675] {dagbag.py:507} INFO - Filling up the DagBag from /home/enrico/Documentos/backup/AULA/Alura/Engenharia de dados/projeto_airflow/airflowalura/venv/lib/python3.9/site-packages/airflow/example_dags/example_nested_branch_dag.py
[2024-04-27 10:04:47,698] {processor.py:651} INFO - DAG(s) dict_keys(['example_nested_branch_dag']) retrieved from /home/enrico/Documentos/backup/AULA/Alura/Engenharia de dados/projeto_airflow/airflowalura/venv/lib/python3.9/site-packages/airflow/example_dags/example_nested_branch_dag.py
[2024-04-27 10:04:47,712] {logging_mixin.py:115} INFO - [2024-04-27 10:04:47,712] {dag.py:2379} INFO - Sync 1 DAGs
[2024-04-27 10:04:47,724] {logging_mixin.py:115} INFO - [2024-04-27 10:04:47,724] {dag.py:2927} INFO - Setting next_dagrun for example_nested_branch_dag to 2024-04-26T00:00:00+00:00, run_after=2024-04-27T00:00:00+00:00
[2024-04-27 10:04:47,732] {processor.py:161} INFO - Processing /home/enrico/Documentos/backup/AULA/Alura/Engenharia de dados/projeto_airflow/airflowalura/venv/lib/python3.9/site-packages/airflow/example_dags/example_nested_branch_dag.py took 0.065 seconds
