[2024-04-27 09:50:26,258] {processor.py:153} INFO - Started process (PID=95942) to work on /home/enrico/Documentos/backup/AULA/Alura/Engenharia de dados/projeto_airflow/airflowalura/venv/lib/python3.9/site-packages/airflow/example_dags/example_branch_operator.py
[2024-04-27 09:50:26,259] {processor.py:641} INFO - Processing file /home/enrico/Documentos/backup/AULA/Alura/Engenharia de dados/projeto_airflow/airflowalura/venv/lib/python3.9/site-packages/airflow/example_dags/example_branch_operator.py for tasks to queue
[2024-04-27 09:50:26,259] {logging_mixin.py:115} INFO - [2024-04-27 09:50:26,259] {dagbag.py:507} INFO - Filling up the DagBag from /home/enrico/Documentos/backup/AULA/Alura/Engenharia de dados/projeto_airflow/airflowalura/venv/lib/python3.9/site-packages/airflow/example_dags/example_branch_operator.py
[2024-04-27 09:50:26,275] {processor.py:651} INFO - DAG(s) dict_keys(['example_branch_operator']) retrieved from /home/enrico/Documentos/backup/AULA/Alura/Engenharia de dados/projeto_airflow/airflowalura/venv/lib/python3.9/site-packages/airflow/example_dags/example_branch_operator.py
[2024-04-27 09:50:26,290] {logging_mixin.py:115} INFO - [2024-04-27 09:50:26,290] {dag.py:2379} INFO - Sync 1 DAGs
[2024-04-27 09:50:26,303] {logging_mixin.py:115} INFO - [2024-04-27 09:50:26,303] {dag.py:2927} INFO - Setting next_dagrun for example_branch_operator to 2024-04-26T00:00:00+00:00, run_after=2024-04-27T00:00:00+00:00
[2024-04-27 09:50:26,316] {processor.py:161} INFO - Processing /home/enrico/Documentos/backup/AULA/Alura/Engenharia de dados/projeto_airflow/airflowalura/venv/lib/python3.9/site-packages/airflow/example_dags/example_branch_operator.py took 0.062 seconds
[2024-04-27 09:51:04,716] {processor.py:153} INFO - Started process (PID=96163) to work on /home/enrico/Documentos/backup/AULA/Alura/Engenharia de dados/projeto_airflow/airflowalura/venv/lib/python3.9/site-packages/airflow/example_dags/example_branch_operator.py
[2024-04-27 09:51:04,718] {processor.py:641} INFO - Processing file /home/enrico/Documentos/backup/AULA/Alura/Engenharia de dados/projeto_airflow/airflowalura/venv/lib/python3.9/site-packages/airflow/example_dags/example_branch_operator.py for tasks to queue
[2024-04-27 09:51:04,719] {logging_mixin.py:115} INFO - [2024-04-27 09:51:04,718] {dagbag.py:507} INFO - Filling up the DagBag from /home/enrico/Documentos/backup/AULA/Alura/Engenharia de dados/projeto_airflow/airflowalura/venv/lib/python3.9/site-packages/airflow/example_dags/example_branch_operator.py
[2024-04-27 09:51:04,737] {processor.py:651} INFO - DAG(s) dict_keys(['example_branch_operator']) retrieved from /home/enrico/Documentos/backup/AULA/Alura/Engenharia de dados/projeto_airflow/airflowalura/venv/lib/python3.9/site-packages/airflow/example_dags/example_branch_operator.py
[2024-04-27 09:51:04,754] {logging_mixin.py:115} INFO - [2024-04-27 09:51:04,754] {dag.py:2379} INFO - Sync 1 DAGs
[2024-04-27 09:51:04,766] {logging_mixin.py:115} INFO - [2024-04-27 09:51:04,766] {dag.py:2927} INFO - Setting next_dagrun for example_branch_operator to 2024-04-26T00:00:00+00:00, run_after=2024-04-27T00:00:00+00:00
[2024-04-27 09:51:04,778] {processor.py:161} INFO - Processing /home/enrico/Documentos/backup/AULA/Alura/Engenharia de dados/projeto_airflow/airflowalura/venv/lib/python3.9/site-packages/airflow/example_dags/example_branch_operator.py took 0.068 seconds
[2024-04-27 09:51:40,374] {processor.py:153} INFO - Started process (PID=96390) to work on /home/enrico/Documentos/backup/AULA/Alura/Engenharia de dados/projeto_airflow/airflowalura/venv/lib/python3.9/site-packages/airflow/example_dags/example_branch_operator.py
[2024-04-27 09:51:40,375] {processor.py:641} INFO - Processing file /home/enrico/Documentos/backup/AULA/Alura/Engenharia de dados/projeto_airflow/airflowalura/venv/lib/python3.9/site-packages/airflow/example_dags/example_branch_operator.py for tasks to queue
[2024-04-27 09:51:40,375] {logging_mixin.py:115} INFO - [2024-04-27 09:51:40,375] {dagbag.py:507} INFO - Filling up the DagBag from /home/enrico/Documentos/backup/AULA/Alura/Engenharia de dados/projeto_airflow/airflowalura/venv/lib/python3.9/site-packages/airflow/example_dags/example_branch_operator.py
[2024-04-27 09:51:40,381] {processor.py:651} INFO - DAG(s) dict_keys(['example_branch_operator']) retrieved from /home/enrico/Documentos/backup/AULA/Alura/Engenharia de dados/projeto_airflow/airflowalura/venv/lib/python3.9/site-packages/airflow/example_dags/example_branch_operator.py
[2024-04-27 09:51:40,393] {logging_mixin.py:115} INFO - [2024-04-27 09:51:40,393] {dag.py:2379} INFO - Sync 1 DAGs
[2024-04-27 09:51:40,406] {logging_mixin.py:115} INFO - [2024-04-27 09:51:40,406] {dag.py:2927} INFO - Setting next_dagrun for example_branch_operator to 2024-04-26T00:00:00+00:00, run_after=2024-04-27T00:00:00+00:00
[2024-04-27 09:51:40,417] {processor.py:161} INFO - Processing /home/enrico/Documentos/backup/AULA/Alura/Engenharia de dados/projeto_airflow/airflowalura/venv/lib/python3.9/site-packages/airflow/example_dags/example_branch_operator.py took 0.044 seconds
[2024-04-27 09:52:19,625] {processor.py:153} INFO - Started process (PID=96506) to work on /home/enrico/Documentos/backup/AULA/Alura/Engenharia de dados/projeto_airflow/airflowalura/venv/lib/python3.9/site-packages/airflow/example_dags/example_branch_operator.py
[2024-04-27 09:52:19,625] {processor.py:641} INFO - Processing file /home/enrico/Documentos/backup/AULA/Alura/Engenharia de dados/projeto_airflow/airflowalura/venv/lib/python3.9/site-packages/airflow/example_dags/example_branch_operator.py for tasks to queue
[2024-04-27 09:52:19,626] {logging_mixin.py:115} INFO - [2024-04-27 09:52:19,625] {dagbag.py:507} INFO - Filling up the DagBag from /home/enrico/Documentos/backup/AULA/Alura/Engenharia de dados/projeto_airflow/airflowalura/venv/lib/python3.9/site-packages/airflow/example_dags/example_branch_operator.py
[2024-04-27 09:52:19,631] {processor.py:651} INFO - DAG(s) dict_keys(['example_branch_operator']) retrieved from /home/enrico/Documentos/backup/AULA/Alura/Engenharia de dados/projeto_airflow/airflowalura/venv/lib/python3.9/site-packages/airflow/example_dags/example_branch_operator.py
[2024-04-27 09:52:19,640] {logging_mixin.py:115} INFO - [2024-04-27 09:52:19,640] {dag.py:2379} INFO - Sync 1 DAGs
[2024-04-27 09:52:19,650] {logging_mixin.py:115} INFO - [2024-04-27 09:52:19,650] {dag.py:2927} INFO - Setting next_dagrun for example_branch_operator to 2024-04-26T00:00:00+00:00, run_after=2024-04-27T00:00:00+00:00
[2024-04-27 09:52:19,659] {processor.py:161} INFO - Processing /home/enrico/Documentos/backup/AULA/Alura/Engenharia de dados/projeto_airflow/airflowalura/venv/lib/python3.9/site-packages/airflow/example_dags/example_branch_operator.py took 0.036 seconds
[2024-04-27 09:52:58,587] {processor.py:153} INFO - Started process (PID=96618) to work on /home/enrico/Documentos/backup/AULA/Alura/Engenharia de dados/projeto_airflow/airflowalura/venv/lib/python3.9/site-packages/airflow/example_dags/example_branch_operator.py
[2024-04-27 09:52:58,590] {processor.py:641} INFO - Processing file /home/enrico/Documentos/backup/AULA/Alura/Engenharia de dados/projeto_airflow/airflowalura/venv/lib/python3.9/site-packages/airflow/example_dags/example_branch_operator.py for tasks to queue
[2024-04-27 09:52:58,590] {logging_mixin.py:115} INFO - [2024-04-27 09:52:58,590] {dagbag.py:507} INFO - Filling up the DagBag from /home/enrico/Documentos/backup/AULA/Alura/Engenharia de dados/projeto_airflow/airflowalura/venv/lib/python3.9/site-packages/airflow/example_dags/example_branch_operator.py
[2024-04-27 09:52:58,596] {processor.py:651} INFO - DAG(s) dict_keys(['example_branch_operator']) retrieved from /home/enrico/Documentos/backup/AULA/Alura/Engenharia de dados/projeto_airflow/airflowalura/venv/lib/python3.9/site-packages/airflow/example_dags/example_branch_operator.py
[2024-04-27 09:52:58,608] {logging_mixin.py:115} INFO - [2024-04-27 09:52:58,608] {dag.py:2379} INFO - Sync 1 DAGs
[2024-04-27 09:52:58,622] {logging_mixin.py:115} INFO - [2024-04-27 09:52:58,622] {dag.py:2927} INFO - Setting next_dagrun for example_branch_operator to 2024-04-26T00:00:00+00:00, run_after=2024-04-27T00:00:00+00:00
[2024-04-27 09:52:58,632] {processor.py:161} INFO - Processing /home/enrico/Documentos/backup/AULA/Alura/Engenharia de dados/projeto_airflow/airflowalura/venv/lib/python3.9/site-packages/airflow/example_dags/example_branch_operator.py took 0.047 seconds
[2024-04-27 09:53:37,193] {processor.py:153} INFO - Started process (PID=96674) to work on /home/enrico/Documentos/backup/AULA/Alura/Engenharia de dados/projeto_airflow/airflowalura/venv/lib/python3.9/site-packages/airflow/example_dags/example_branch_operator.py
[2024-04-27 09:53:37,196] {processor.py:641} INFO - Processing file /home/enrico/Documentos/backup/AULA/Alura/Engenharia de dados/projeto_airflow/airflowalura/venv/lib/python3.9/site-packages/airflow/example_dags/example_branch_operator.py for tasks to queue
[2024-04-27 09:53:37,196] {logging_mixin.py:115} INFO - [2024-04-27 09:53:37,196] {dagbag.py:507} INFO - Filling up the DagBag from /home/enrico/Documentos/backup/AULA/Alura/Engenharia de dados/projeto_airflow/airflowalura/venv/lib/python3.9/site-packages/airflow/example_dags/example_branch_operator.py
[2024-04-27 09:53:37,201] {processor.py:651} INFO - DAG(s) dict_keys(['example_branch_operator']) retrieved from /home/enrico/Documentos/backup/AULA/Alura/Engenharia de dados/projeto_airflow/airflowalura/venv/lib/python3.9/site-packages/airflow/example_dags/example_branch_operator.py
[2024-04-27 09:53:37,211] {logging_mixin.py:115} INFO - [2024-04-27 09:53:37,211] {dag.py:2379} INFO - Sync 1 DAGs
[2024-04-27 09:53:37,221] {logging_mixin.py:115} INFO - [2024-04-27 09:53:37,221] {dag.py:2927} INFO - Setting next_dagrun for example_branch_operator to 2024-04-26T00:00:00+00:00, run_after=2024-04-27T00:00:00+00:00
[2024-04-27 09:53:37,232] {processor.py:161} INFO - Processing /home/enrico/Documentos/backup/AULA/Alura/Engenharia de dados/projeto_airflow/airflowalura/venv/lib/python3.9/site-packages/airflow/example_dags/example_branch_operator.py took 0.041 seconds
[2024-04-27 09:54:15,385] {processor.py:153} INFO - Started process (PID=96725) to work on /home/enrico/Documentos/backup/AULA/Alura/Engenharia de dados/projeto_airflow/airflowalura/venv/lib/python3.9/site-packages/airflow/example_dags/example_branch_operator.py
[2024-04-27 09:54:15,388] {processor.py:641} INFO - Processing file /home/enrico/Documentos/backup/AULA/Alura/Engenharia de dados/projeto_airflow/airflowalura/venv/lib/python3.9/site-packages/airflow/example_dags/example_branch_operator.py for tasks to queue
[2024-04-27 09:54:15,389] {logging_mixin.py:115} INFO - [2024-04-27 09:54:15,389] {dagbag.py:507} INFO - Filling up the DagBag from /home/enrico/Documentos/backup/AULA/Alura/Engenharia de dados/projeto_airflow/airflowalura/venv/lib/python3.9/site-packages/airflow/example_dags/example_branch_operator.py
[2024-04-27 09:54:15,411] {processor.py:651} INFO - DAG(s) dict_keys(['example_branch_operator']) retrieved from /home/enrico/Documentos/backup/AULA/Alura/Engenharia de dados/projeto_airflow/airflowalura/venv/lib/python3.9/site-packages/airflow/example_dags/example_branch_operator.py
[2024-04-27 09:54:15,432] {logging_mixin.py:115} INFO - [2024-04-27 09:54:15,431] {dag.py:2379} INFO - Sync 1 DAGs
[2024-04-27 09:54:15,441] {logging_mixin.py:115} INFO - [2024-04-27 09:54:15,441] {dag.py:2927} INFO - Setting next_dagrun for example_branch_operator to 2024-04-26T00:00:00+00:00, run_after=2024-04-27T00:00:00+00:00
[2024-04-27 09:54:15,451] {processor.py:161} INFO - Processing /home/enrico/Documentos/backup/AULA/Alura/Engenharia de dados/projeto_airflow/airflowalura/venv/lib/python3.9/site-packages/airflow/example_dags/example_branch_operator.py took 0.068 seconds
[2024-04-27 09:54:54,216] {processor.py:153} INFO - Started process (PID=96784) to work on /home/enrico/Documentos/backup/AULA/Alura/Engenharia de dados/projeto_airflow/airflowalura/venv/lib/python3.9/site-packages/airflow/example_dags/example_branch_operator.py
[2024-04-27 09:54:54,220] {processor.py:641} INFO - Processing file /home/enrico/Documentos/backup/AULA/Alura/Engenharia de dados/projeto_airflow/airflowalura/venv/lib/python3.9/site-packages/airflow/example_dags/example_branch_operator.py for tasks to queue
[2024-04-27 09:54:54,221] {logging_mixin.py:115} INFO - [2024-04-27 09:54:54,220] {dagbag.py:507} INFO - Filling up the DagBag from /home/enrico/Documentos/backup/AULA/Alura/Engenharia de dados/projeto_airflow/airflowalura/venv/lib/python3.9/site-packages/airflow/example_dags/example_branch_operator.py
[2024-04-27 09:54:54,241] {processor.py:651} INFO - DAG(s) dict_keys(['example_branch_operator']) retrieved from /home/enrico/Documentos/backup/AULA/Alura/Engenharia de dados/projeto_airflow/airflowalura/venv/lib/python3.9/site-packages/airflow/example_dags/example_branch_operator.py
[2024-04-27 09:54:54,259] {logging_mixin.py:115} INFO - [2024-04-27 09:54:54,259] {dag.py:2379} INFO - Sync 1 DAGs
[2024-04-27 09:54:54,272] {logging_mixin.py:115} INFO - [2024-04-27 09:54:54,271] {dag.py:2927} INFO - Setting next_dagrun for example_branch_operator to 2024-04-26T00:00:00+00:00, run_after=2024-04-27T00:00:00+00:00
[2024-04-27 09:54:54,282] {processor.py:161} INFO - Processing /home/enrico/Documentos/backup/AULA/Alura/Engenharia de dados/projeto_airflow/airflowalura/venv/lib/python3.9/site-packages/airflow/example_dags/example_branch_operator.py took 0.071 seconds
[2024-04-27 09:55:33,596] {processor.py:153} INFO - Started process (PID=96857) to work on /home/enrico/Documentos/backup/AULA/Alura/Engenharia de dados/projeto_airflow/airflowalura/venv/lib/python3.9/site-packages/airflow/example_dags/example_branch_operator.py
[2024-04-27 09:55:33,599] {processor.py:641} INFO - Processing file /home/enrico/Documentos/backup/AULA/Alura/Engenharia de dados/projeto_airflow/airflowalura/venv/lib/python3.9/site-packages/airflow/example_dags/example_branch_operator.py for tasks to queue
[2024-04-27 09:55:33,600] {logging_mixin.py:115} INFO - [2024-04-27 09:55:33,600] {dagbag.py:507} INFO - Filling up the DagBag from /home/enrico/Documentos/backup/AULA/Alura/Engenharia de dados/projeto_airflow/airflowalura/venv/lib/python3.9/site-packages/airflow/example_dags/example_branch_operator.py
[2024-04-27 09:55:33,628] {processor.py:651} INFO - DAG(s) dict_keys(['example_branch_operator']) retrieved from /home/enrico/Documentos/backup/AULA/Alura/Engenharia de dados/projeto_airflow/airflowalura/venv/lib/python3.9/site-packages/airflow/example_dags/example_branch_operator.py
[2024-04-27 09:55:33,644] {logging_mixin.py:115} INFO - [2024-04-27 09:55:33,644] {dag.py:2379} INFO - Sync 1 DAGs
[2024-04-27 09:55:33,658] {logging_mixin.py:115} INFO - [2024-04-27 09:55:33,658] {dag.py:2927} INFO - Setting next_dagrun for example_branch_operator to 2024-04-26T00:00:00+00:00, run_after=2024-04-27T00:00:00+00:00
[2024-04-27 09:55:33,668] {processor.py:161} INFO - Processing /home/enrico/Documentos/backup/AULA/Alura/Engenharia de dados/projeto_airflow/airflowalura/venv/lib/python3.9/site-packages/airflow/example_dags/example_branch_operator.py took 0.073 seconds
[2024-04-27 09:56:11,656] {processor.py:153} INFO - Started process (PID=96935) to work on /home/enrico/Documentos/backup/AULA/Alura/Engenharia de dados/projeto_airflow/airflowalura/venv/lib/python3.9/site-packages/airflow/example_dags/example_branch_operator.py
[2024-04-27 09:56:11,657] {processor.py:641} INFO - Processing file /home/enrico/Documentos/backup/AULA/Alura/Engenharia de dados/projeto_airflow/airflowalura/venv/lib/python3.9/site-packages/airflow/example_dags/example_branch_operator.py for tasks to queue
[2024-04-27 09:56:11,658] {logging_mixin.py:115} INFO - [2024-04-27 09:56:11,657] {dagbag.py:507} INFO - Filling up the DagBag from /home/enrico/Documentos/backup/AULA/Alura/Engenharia de dados/projeto_airflow/airflowalura/venv/lib/python3.9/site-packages/airflow/example_dags/example_branch_operator.py
[2024-04-27 09:56:11,676] {processor.py:651} INFO - DAG(s) dict_keys(['example_branch_operator']) retrieved from /home/enrico/Documentos/backup/AULA/Alura/Engenharia de dados/projeto_airflow/airflowalura/venv/lib/python3.9/site-packages/airflow/example_dags/example_branch_operator.py
[2024-04-27 09:56:11,687] {logging_mixin.py:115} INFO - [2024-04-27 09:56:11,687] {dag.py:2379} INFO - Sync 1 DAGs
[2024-04-27 09:56:11,697] {logging_mixin.py:115} INFO - [2024-04-27 09:56:11,697] {dag.py:2927} INFO - Setting next_dagrun for example_branch_operator to 2024-04-26T00:00:00+00:00, run_after=2024-04-27T00:00:00+00:00
[2024-04-27 09:56:11,705] {processor.py:161} INFO - Processing /home/enrico/Documentos/backup/AULA/Alura/Engenharia de dados/projeto_airflow/airflowalura/venv/lib/python3.9/site-packages/airflow/example_dags/example_branch_operator.py took 0.053 seconds
[2024-04-27 09:56:47,654] {processor.py:153} INFO - Started process (PID=96989) to work on /home/enrico/Documentos/backup/AULA/Alura/Engenharia de dados/projeto_airflow/airflowalura/venv/lib/python3.9/site-packages/airflow/example_dags/example_branch_operator.py
[2024-04-27 09:56:47,655] {processor.py:641} INFO - Processing file /home/enrico/Documentos/backup/AULA/Alura/Engenharia de dados/projeto_airflow/airflowalura/venv/lib/python3.9/site-packages/airflow/example_dags/example_branch_operator.py for tasks to queue
[2024-04-27 09:56:47,656] {logging_mixin.py:115} INFO - [2024-04-27 09:56:47,656] {dagbag.py:507} INFO - Filling up the DagBag from /home/enrico/Documentos/backup/AULA/Alura/Engenharia de dados/projeto_airflow/airflowalura/venv/lib/python3.9/site-packages/airflow/example_dags/example_branch_operator.py
[2024-04-27 09:56:47,664] {processor.py:651} INFO - DAG(s) dict_keys(['example_branch_operator']) retrieved from /home/enrico/Documentos/backup/AULA/Alura/Engenharia de dados/projeto_airflow/airflowalura/venv/lib/python3.9/site-packages/airflow/example_dags/example_branch_operator.py
[2024-04-27 09:56:47,673] {logging_mixin.py:115} INFO - [2024-04-27 09:56:47,672] {dag.py:2379} INFO - Sync 1 DAGs
[2024-04-27 09:56:47,684] {logging_mixin.py:115} INFO - [2024-04-27 09:56:47,684] {dag.py:2927} INFO - Setting next_dagrun for example_branch_operator to 2024-04-26T00:00:00+00:00, run_after=2024-04-27T00:00:00+00:00
[2024-04-27 09:56:47,697] {processor.py:161} INFO - Processing /home/enrico/Documentos/backup/AULA/Alura/Engenharia de dados/projeto_airflow/airflowalura/venv/lib/python3.9/site-packages/airflow/example_dags/example_branch_operator.py took 0.044 seconds
[2024-04-27 09:57:25,841] {processor.py:153} INFO - Started process (PID=97102) to work on /home/enrico/Documentos/backup/AULA/Alura/Engenharia de dados/projeto_airflow/airflowalura/venv/lib/python3.9/site-packages/airflow/example_dags/example_branch_operator.py
[2024-04-27 09:57:25,844] {processor.py:641} INFO - Processing file /home/enrico/Documentos/backup/AULA/Alura/Engenharia de dados/projeto_airflow/airflowalura/venv/lib/python3.9/site-packages/airflow/example_dags/example_branch_operator.py for tasks to queue
[2024-04-27 09:57:25,844] {logging_mixin.py:115} INFO - [2024-04-27 09:57:25,844] {dagbag.py:507} INFO - Filling up the DagBag from /home/enrico/Documentos/backup/AULA/Alura/Engenharia de dados/projeto_airflow/airflowalura/venv/lib/python3.9/site-packages/airflow/example_dags/example_branch_operator.py
[2024-04-27 09:57:25,851] {processor.py:651} INFO - DAG(s) dict_keys(['example_branch_operator']) retrieved from /home/enrico/Documentos/backup/AULA/Alura/Engenharia de dados/projeto_airflow/airflowalura/venv/lib/python3.9/site-packages/airflow/example_dags/example_branch_operator.py
[2024-04-27 09:57:25,859] {logging_mixin.py:115} INFO - [2024-04-27 09:57:25,859] {dag.py:2379} INFO - Sync 1 DAGs
[2024-04-27 09:57:25,869] {logging_mixin.py:115} INFO - [2024-04-27 09:57:25,869] {dag.py:2927} INFO - Setting next_dagrun for example_branch_operator to 2024-04-26T00:00:00+00:00, run_after=2024-04-27T00:00:00+00:00
[2024-04-27 09:57:25,882] {processor.py:161} INFO - Processing /home/enrico/Documentos/backup/AULA/Alura/Engenharia de dados/projeto_airflow/airflowalura/venv/lib/python3.9/site-packages/airflow/example_dags/example_branch_operator.py took 0.042 seconds
[2024-04-27 09:58:05,845] {processor.py:153} INFO - Started process (PID=97168) to work on /home/enrico/Documentos/backup/AULA/Alura/Engenharia de dados/projeto_airflow/airflowalura/venv/lib/python3.9/site-packages/airflow/example_dags/example_branch_operator.py
[2024-04-27 09:58:05,846] {processor.py:641} INFO - Processing file /home/enrico/Documentos/backup/AULA/Alura/Engenharia de dados/projeto_airflow/airflowalura/venv/lib/python3.9/site-packages/airflow/example_dags/example_branch_operator.py for tasks to queue
[2024-04-27 09:58:05,847] {logging_mixin.py:115} INFO - [2024-04-27 09:58:05,847] {dagbag.py:507} INFO - Filling up the DagBag from /home/enrico/Documentos/backup/AULA/Alura/Engenharia de dados/projeto_airflow/airflowalura/venv/lib/python3.9/site-packages/airflow/example_dags/example_branch_operator.py
[2024-04-27 09:58:05,869] {processor.py:651} INFO - DAG(s) dict_keys(['example_branch_operator']) retrieved from /home/enrico/Documentos/backup/AULA/Alura/Engenharia de dados/projeto_airflow/airflowalura/venv/lib/python3.9/site-packages/airflow/example_dags/example_branch_operator.py
[2024-04-27 09:58:05,882] {logging_mixin.py:115} INFO - [2024-04-27 09:58:05,882] {dag.py:2379} INFO - Sync 1 DAGs
[2024-04-27 09:58:05,894] {logging_mixin.py:115} INFO - [2024-04-27 09:58:05,894] {dag.py:2927} INFO - Setting next_dagrun for example_branch_operator to 2024-04-26T00:00:00+00:00, run_after=2024-04-27T00:00:00+00:00
[2024-04-27 09:58:05,903] {processor.py:161} INFO - Processing /home/enrico/Documentos/backup/AULA/Alura/Engenharia de dados/projeto_airflow/airflowalura/venv/lib/python3.9/site-packages/airflow/example_dags/example_branch_operator.py took 0.064 seconds
[2024-04-27 09:58:43,781] {processor.py:153} INFO - Started process (PID=97232) to work on /home/enrico/Documentos/backup/AULA/Alura/Engenharia de dados/projeto_airflow/airflowalura/venv/lib/python3.9/site-packages/airflow/example_dags/example_branch_operator.py
[2024-04-27 09:58:43,784] {processor.py:641} INFO - Processing file /home/enrico/Documentos/backup/AULA/Alura/Engenharia de dados/projeto_airflow/airflowalura/venv/lib/python3.9/site-packages/airflow/example_dags/example_branch_operator.py for tasks to queue
[2024-04-27 09:58:43,785] {logging_mixin.py:115} INFO - [2024-04-27 09:58:43,785] {dagbag.py:507} INFO - Filling up the DagBag from /home/enrico/Documentos/backup/AULA/Alura/Engenharia de dados/projeto_airflow/airflowalura/venv/lib/python3.9/site-packages/airflow/example_dags/example_branch_operator.py
[2024-04-27 09:58:43,800] {processor.py:651} INFO - DAG(s) dict_keys(['example_branch_operator']) retrieved from /home/enrico/Documentos/backup/AULA/Alura/Engenharia de dados/projeto_airflow/airflowalura/venv/lib/python3.9/site-packages/airflow/example_dags/example_branch_operator.py
[2024-04-27 09:58:43,809] {logging_mixin.py:115} INFO - [2024-04-27 09:58:43,809] {dag.py:2379} INFO - Sync 1 DAGs
[2024-04-27 09:58:43,819] {logging_mixin.py:115} INFO - [2024-04-27 09:58:43,819] {dag.py:2927} INFO - Setting next_dagrun for example_branch_operator to 2024-04-26T00:00:00+00:00, run_after=2024-04-27T00:00:00+00:00
[2024-04-27 09:58:43,833] {processor.py:161} INFO - Processing /home/enrico/Documentos/backup/AULA/Alura/Engenharia de dados/projeto_airflow/airflowalura/venv/lib/python3.9/site-packages/airflow/example_dags/example_branch_operator.py took 0.053 seconds
[2024-04-27 09:59:23,095] {processor.py:153} INFO - Started process (PID=97308) to work on /home/enrico/Documentos/backup/AULA/Alura/Engenharia de dados/projeto_airflow/airflowalura/venv/lib/python3.9/site-packages/airflow/example_dags/example_branch_operator.py
[2024-04-27 09:59:23,098] {processor.py:641} INFO - Processing file /home/enrico/Documentos/backup/AULA/Alura/Engenharia de dados/projeto_airflow/airflowalura/venv/lib/python3.9/site-packages/airflow/example_dags/example_branch_operator.py for tasks to queue
[2024-04-27 09:59:23,098] {logging_mixin.py:115} INFO - [2024-04-27 09:59:23,098] {dagbag.py:507} INFO - Filling up the DagBag from /home/enrico/Documentos/backup/AULA/Alura/Engenharia de dados/projeto_airflow/airflowalura/venv/lib/python3.9/site-packages/airflow/example_dags/example_branch_operator.py
[2024-04-27 09:59:23,105] {processor.py:651} INFO - DAG(s) dict_keys(['example_branch_operator']) retrieved from /home/enrico/Documentos/backup/AULA/Alura/Engenharia de dados/projeto_airflow/airflowalura/venv/lib/python3.9/site-packages/airflow/example_dags/example_branch_operator.py
[2024-04-27 09:59:23,114] {logging_mixin.py:115} INFO - [2024-04-27 09:59:23,114] {dag.py:2379} INFO - Sync 1 DAGs
[2024-04-27 09:59:23,125] {logging_mixin.py:115} INFO - [2024-04-27 09:59:23,125] {dag.py:2927} INFO - Setting next_dagrun for example_branch_operator to 2024-04-26T00:00:00+00:00, run_after=2024-04-27T00:00:00+00:00
[2024-04-27 09:59:23,137] {processor.py:161} INFO - Processing /home/enrico/Documentos/backup/AULA/Alura/Engenharia de dados/projeto_airflow/airflowalura/venv/lib/python3.9/site-packages/airflow/example_dags/example_branch_operator.py took 0.043 seconds
[2024-04-27 09:59:59,228] {processor.py:153} INFO - Started process (PID=97357) to work on /home/enrico/Documentos/backup/AULA/Alura/Engenharia de dados/projeto_airflow/airflowalura/venv/lib/python3.9/site-packages/airflow/example_dags/example_branch_operator.py
[2024-04-27 09:59:59,231] {processor.py:641} INFO - Processing file /home/enrico/Documentos/backup/AULA/Alura/Engenharia de dados/projeto_airflow/airflowalura/venv/lib/python3.9/site-packages/airflow/example_dags/example_branch_operator.py for tasks to queue
[2024-04-27 09:59:59,231] {logging_mixin.py:115} INFO - [2024-04-27 09:59:59,231] {dagbag.py:507} INFO - Filling up the DagBag from /home/enrico/Documentos/backup/AULA/Alura/Engenharia de dados/projeto_airflow/airflowalura/venv/lib/python3.9/site-packages/airflow/example_dags/example_branch_operator.py
[2024-04-27 09:59:59,238] {processor.py:651} INFO - DAG(s) dict_keys(['example_branch_operator']) retrieved from /home/enrico/Documentos/backup/AULA/Alura/Engenharia de dados/projeto_airflow/airflowalura/venv/lib/python3.9/site-packages/airflow/example_dags/example_branch_operator.py
[2024-04-27 09:59:59,245] {logging_mixin.py:115} INFO - [2024-04-27 09:59:59,245] {dag.py:2379} INFO - Sync 1 DAGs
[2024-04-27 09:59:59,255] {logging_mixin.py:115} INFO - [2024-04-27 09:59:59,255] {dag.py:2927} INFO - Setting next_dagrun for example_branch_operator to 2024-04-26T00:00:00+00:00, run_after=2024-04-27T00:00:00+00:00
[2024-04-27 09:59:59,271] {processor.py:161} INFO - Processing /home/enrico/Documentos/backup/AULA/Alura/Engenharia de dados/projeto_airflow/airflowalura/venv/lib/python3.9/site-packages/airflow/example_dags/example_branch_operator.py took 0.044 seconds
[2024-04-27 10:00:40,311] {processor.py:153} INFO - Started process (PID=97418) to work on /home/enrico/Documentos/backup/AULA/Alura/Engenharia de dados/projeto_airflow/airflowalura/venv/lib/python3.9/site-packages/airflow/example_dags/example_branch_operator.py
[2024-04-27 10:00:40,314] {processor.py:641} INFO - Processing file /home/enrico/Documentos/backup/AULA/Alura/Engenharia de dados/projeto_airflow/airflowalura/venv/lib/python3.9/site-packages/airflow/example_dags/example_branch_operator.py for tasks to queue
[2024-04-27 10:00:40,314] {logging_mixin.py:115} INFO - [2024-04-27 10:00:40,314] {dagbag.py:507} INFO - Filling up the DagBag from /home/enrico/Documentos/backup/AULA/Alura/Engenharia de dados/projeto_airflow/airflowalura/venv/lib/python3.9/site-packages/airflow/example_dags/example_branch_operator.py
[2024-04-27 10:00:40,330] {processor.py:651} INFO - DAG(s) dict_keys(['example_branch_operator']) retrieved from /home/enrico/Documentos/backup/AULA/Alura/Engenharia de dados/projeto_airflow/airflowalura/venv/lib/python3.9/site-packages/airflow/example_dags/example_branch_operator.py
[2024-04-27 10:00:40,347] {logging_mixin.py:115} INFO - [2024-04-27 10:00:40,347] {dag.py:2379} INFO - Sync 1 DAGs
[2024-04-27 10:00:40,359] {logging_mixin.py:115} INFO - [2024-04-27 10:00:40,359] {dag.py:2927} INFO - Setting next_dagrun for example_branch_operator to 2024-04-26T00:00:00+00:00, run_after=2024-04-27T00:00:00+00:00
[2024-04-27 10:00:40,369] {processor.py:161} INFO - Processing /home/enrico/Documentos/backup/AULA/Alura/Engenharia de dados/projeto_airflow/airflowalura/venv/lib/python3.9/site-packages/airflow/example_dags/example_branch_operator.py took 0.061 seconds
[2024-04-27 10:01:16,241] {processor.py:153} INFO - Started process (PID=97494) to work on /home/enrico/Documentos/backup/AULA/Alura/Engenharia de dados/projeto_airflow/airflowalura/venv/lib/python3.9/site-packages/airflow/example_dags/example_branch_operator.py
[2024-04-27 10:01:16,242] {processor.py:641} INFO - Processing file /home/enrico/Documentos/backup/AULA/Alura/Engenharia de dados/projeto_airflow/airflowalura/venv/lib/python3.9/site-packages/airflow/example_dags/example_branch_operator.py for tasks to queue
[2024-04-27 10:01:16,242] {logging_mixin.py:115} INFO - [2024-04-27 10:01:16,242] {dagbag.py:507} INFO - Filling up the DagBag from /home/enrico/Documentos/backup/AULA/Alura/Engenharia de dados/projeto_airflow/airflowalura/venv/lib/python3.9/site-packages/airflow/example_dags/example_branch_operator.py
[2024-04-27 10:01:16,249] {processor.py:651} INFO - DAG(s) dict_keys(['example_branch_operator']) retrieved from /home/enrico/Documentos/backup/AULA/Alura/Engenharia de dados/projeto_airflow/airflowalura/venv/lib/python3.9/site-packages/airflow/example_dags/example_branch_operator.py
[2024-04-27 10:01:16,257] {logging_mixin.py:115} INFO - [2024-04-27 10:01:16,257] {dag.py:2379} INFO - Sync 1 DAGs
[2024-04-27 10:01:16,269] {logging_mixin.py:115} INFO - [2024-04-27 10:01:16,269] {dag.py:2927} INFO - Setting next_dagrun for example_branch_operator to 2024-04-26T00:00:00+00:00, run_after=2024-04-27T00:00:00+00:00
[2024-04-27 10:01:16,279] {processor.py:161} INFO - Processing /home/enrico/Documentos/backup/AULA/Alura/Engenharia de dados/projeto_airflow/airflowalura/venv/lib/python3.9/site-packages/airflow/example_dags/example_branch_operator.py took 0.039 seconds
[2024-04-27 10:01:55,300] {processor.py:153} INFO - Started process (PID=97549) to work on /home/enrico/Documentos/backup/AULA/Alura/Engenharia de dados/projeto_airflow/airflowalura/venv/lib/python3.9/site-packages/airflow/example_dags/example_branch_operator.py
[2024-04-27 10:01:55,303] {processor.py:641} INFO - Processing file /home/enrico/Documentos/backup/AULA/Alura/Engenharia de dados/projeto_airflow/airflowalura/venv/lib/python3.9/site-packages/airflow/example_dags/example_branch_operator.py for tasks to queue
[2024-04-27 10:01:55,303] {logging_mixin.py:115} INFO - [2024-04-27 10:01:55,303] {dagbag.py:507} INFO - Filling up the DagBag from /home/enrico/Documentos/backup/AULA/Alura/Engenharia de dados/projeto_airflow/airflowalura/venv/lib/python3.9/site-packages/airflow/example_dags/example_branch_operator.py
[2024-04-27 10:01:55,311] {processor.py:651} INFO - DAG(s) dict_keys(['example_branch_operator']) retrieved from /home/enrico/Documentos/backup/AULA/Alura/Engenharia de dados/projeto_airflow/airflowalura/venv/lib/python3.9/site-packages/airflow/example_dags/example_branch_operator.py
[2024-04-27 10:01:55,319] {logging_mixin.py:115} INFO - [2024-04-27 10:01:55,319] {dag.py:2379} INFO - Sync 1 DAGs
[2024-04-27 10:01:55,331] {logging_mixin.py:115} INFO - [2024-04-27 10:01:55,331] {dag.py:2927} INFO - Setting next_dagrun for example_branch_operator to 2024-04-26T00:00:00+00:00, run_after=2024-04-27T00:00:00+00:00
[2024-04-27 10:01:55,341] {processor.py:161} INFO - Processing /home/enrico/Documentos/backup/AULA/Alura/Engenharia de dados/projeto_airflow/airflowalura/venv/lib/python3.9/site-packages/airflow/example_dags/example_branch_operator.py took 0.042 seconds
[2024-04-27 10:02:37,008] {processor.py:153} INFO - Started process (PID=97743) to work on /home/enrico/Documentos/backup/AULA/Alura/Engenharia de dados/projeto_airflow/airflowalura/venv/lib/python3.9/site-packages/airflow/example_dags/example_branch_operator.py
[2024-04-27 10:02:37,008] {processor.py:641} INFO - Processing file /home/enrico/Documentos/backup/AULA/Alura/Engenharia de dados/projeto_airflow/airflowalura/venv/lib/python3.9/site-packages/airflow/example_dags/example_branch_operator.py for tasks to queue
[2024-04-27 10:02:37,008] {logging_mixin.py:115} INFO - [2024-04-27 10:02:37,008] {dagbag.py:507} INFO - Filling up the DagBag from /home/enrico/Documentos/backup/AULA/Alura/Engenharia de dados/projeto_airflow/airflowalura/venv/lib/python3.9/site-packages/airflow/example_dags/example_branch_operator.py
[2024-04-27 10:02:37,015] {processor.py:651} INFO - DAG(s) dict_keys(['example_branch_operator']) retrieved from /home/enrico/Documentos/backup/AULA/Alura/Engenharia de dados/projeto_airflow/airflowalura/venv/lib/python3.9/site-packages/airflow/example_dags/example_branch_operator.py
[2024-04-27 10:02:37,024] {logging_mixin.py:115} INFO - [2024-04-27 10:02:37,024] {dag.py:2379} INFO - Sync 1 DAGs
[2024-04-27 10:02:37,034] {logging_mixin.py:115} INFO - [2024-04-27 10:02:37,034] {dag.py:2927} INFO - Setting next_dagrun for example_branch_operator to 2024-04-26T00:00:00+00:00, run_after=2024-04-27T00:00:00+00:00
[2024-04-27 10:02:37,043] {processor.py:161} INFO - Processing /home/enrico/Documentos/backup/AULA/Alura/Engenharia de dados/projeto_airflow/airflowalura/venv/lib/python3.9/site-packages/airflow/example_dags/example_branch_operator.py took 0.037 seconds
[2024-04-27 10:03:14,425] {processor.py:153} INFO - Started process (PID=97955) to work on /home/enrico/Documentos/backup/AULA/Alura/Engenharia de dados/projeto_airflow/airflowalura/venv/lib/python3.9/site-packages/airflow/example_dags/example_branch_operator.py
[2024-04-27 10:03:14,426] {processor.py:641} INFO - Processing file /home/enrico/Documentos/backup/AULA/Alura/Engenharia de dados/projeto_airflow/airflowalura/venv/lib/python3.9/site-packages/airflow/example_dags/example_branch_operator.py for tasks to queue
[2024-04-27 10:03:14,427] {logging_mixin.py:115} INFO - [2024-04-27 10:03:14,427] {dagbag.py:507} INFO - Filling up the DagBag from /home/enrico/Documentos/backup/AULA/Alura/Engenharia de dados/projeto_airflow/airflowalura/venv/lib/python3.9/site-packages/airflow/example_dags/example_branch_operator.py
[2024-04-27 10:03:14,450] {processor.py:651} INFO - DAG(s) dict_keys(['example_branch_operator']) retrieved from /home/enrico/Documentos/backup/AULA/Alura/Engenharia de dados/projeto_airflow/airflowalura/venv/lib/python3.9/site-packages/airflow/example_dags/example_branch_operator.py
[2024-04-27 10:03:14,463] {logging_mixin.py:115} INFO - [2024-04-27 10:03:14,463] {dag.py:2379} INFO - Sync 1 DAGs
[2024-04-27 10:03:14,476] {logging_mixin.py:115} INFO - [2024-04-27 10:03:14,476] {dag.py:2927} INFO - Setting next_dagrun for example_branch_operator to 2024-04-26T00:00:00+00:00, run_after=2024-04-27T00:00:00+00:00
[2024-04-27 10:03:14,484] {processor.py:161} INFO - Processing /home/enrico/Documentos/backup/AULA/Alura/Engenharia de dados/projeto_airflow/airflowalura/venv/lib/python3.9/site-packages/airflow/example_dags/example_branch_operator.py took 0.065 seconds
[2024-04-27 10:03:52,901] {processor.py:153} INFO - Started process (PID=98207) to work on /home/enrico/Documentos/backup/AULA/Alura/Engenharia de dados/projeto_airflow/airflowalura/venv/lib/python3.9/site-packages/airflow/example_dags/example_branch_operator.py
[2024-04-27 10:03:52,904] {processor.py:641} INFO - Processing file /home/enrico/Documentos/backup/AULA/Alura/Engenharia de dados/projeto_airflow/airflowalura/venv/lib/python3.9/site-packages/airflow/example_dags/example_branch_operator.py for tasks to queue
[2024-04-27 10:03:52,904] {logging_mixin.py:115} INFO - [2024-04-27 10:03:52,904] {dagbag.py:507} INFO - Filling up the DagBag from /home/enrico/Documentos/backup/AULA/Alura/Engenharia de dados/projeto_airflow/airflowalura/venv/lib/python3.9/site-packages/airflow/example_dags/example_branch_operator.py
[2024-04-27 10:03:52,911] {processor.py:651} INFO - DAG(s) dict_keys(['example_branch_operator']) retrieved from /home/enrico/Documentos/backup/AULA/Alura/Engenharia de dados/projeto_airflow/airflowalura/venv/lib/python3.9/site-packages/airflow/example_dags/example_branch_operator.py
[2024-04-27 10:03:52,919] {logging_mixin.py:115} INFO - [2024-04-27 10:03:52,919] {dag.py:2379} INFO - Sync 1 DAGs
[2024-04-27 10:03:52,930] {logging_mixin.py:115} INFO - [2024-04-27 10:03:52,930] {dag.py:2927} INFO - Setting next_dagrun for example_branch_operator to 2024-04-26T00:00:00+00:00, run_after=2024-04-27T00:00:00+00:00
[2024-04-27 10:03:52,941] {processor.py:161} INFO - Processing /home/enrico/Documentos/backup/AULA/Alura/Engenharia de dados/projeto_airflow/airflowalura/venv/lib/python3.9/site-packages/airflow/example_dags/example_branch_operator.py took 0.041 seconds
[2024-04-27 10:04:29,745] {processor.py:153} INFO - Started process (PID=98422) to work on /home/enrico/Documentos/backup/AULA/Alura/Engenharia de dados/projeto_airflow/airflowalura/venv/lib/python3.9/site-packages/airflow/example_dags/example_branch_operator.py
[2024-04-27 10:04:29,746] {processor.py:641} INFO - Processing file /home/enrico/Documentos/backup/AULA/Alura/Engenharia de dados/projeto_airflow/airflowalura/venv/lib/python3.9/site-packages/airflow/example_dags/example_branch_operator.py for tasks to queue
[2024-04-27 10:04:29,746] {logging_mixin.py:115} INFO - [2024-04-27 10:04:29,746] {dagbag.py:507} INFO - Filling up the DagBag from /home/enrico/Documentos/backup/AULA/Alura/Engenharia de dados/projeto_airflow/airflowalura/venv/lib/python3.9/site-packages/airflow/example_dags/example_branch_operator.py
[2024-04-27 10:04:29,752] {processor.py:651} INFO - DAG(s) dict_keys(['example_branch_operator']) retrieved from /home/enrico/Documentos/backup/AULA/Alura/Engenharia de dados/projeto_airflow/airflowalura/venv/lib/python3.9/site-packages/airflow/example_dags/example_branch_operator.py
[2024-04-27 10:04:29,760] {logging_mixin.py:115} INFO - [2024-04-27 10:04:29,760] {dag.py:2379} INFO - Sync 1 DAGs
[2024-04-27 10:04:29,770] {logging_mixin.py:115} INFO - [2024-04-27 10:04:29,770] {dag.py:2927} INFO - Setting next_dagrun for example_branch_operator to 2024-04-26T00:00:00+00:00, run_after=2024-04-27T00:00:00+00:00
[2024-04-27 10:04:29,779] {processor.py:161} INFO - Processing /home/enrico/Documentos/backup/AULA/Alura/Engenharia de dados/projeto_airflow/airflowalura/venv/lib/python3.9/site-packages/airflow/example_dags/example_branch_operator.py took 0.036 seconds
[2024-04-27 10:05:06,786] {processor.py:153} INFO - Started process (PID=98799) to work on /home/enrico/Documentos/backup/AULA/Alura/Engenharia de dados/projeto_airflow/airflowalura/venv/lib/python3.9/site-packages/airflow/example_dags/example_branch_operator.py
[2024-04-27 10:05:06,789] {processor.py:641} INFO - Processing file /home/enrico/Documentos/backup/AULA/Alura/Engenharia de dados/projeto_airflow/airflowalura/venv/lib/python3.9/site-packages/airflow/example_dags/example_branch_operator.py for tasks to queue
[2024-04-27 10:05:06,789] {logging_mixin.py:115} INFO - [2024-04-27 10:05:06,789] {dagbag.py:507} INFO - Filling up the DagBag from /home/enrico/Documentos/backup/AULA/Alura/Engenharia de dados/projeto_airflow/airflowalura/venv/lib/python3.9/site-packages/airflow/example_dags/example_branch_operator.py
[2024-04-27 10:05:06,796] {processor.py:651} INFO - DAG(s) dict_keys(['example_branch_operator']) retrieved from /home/enrico/Documentos/backup/AULA/Alura/Engenharia de dados/projeto_airflow/airflowalura/venv/lib/python3.9/site-packages/airflow/example_dags/example_branch_operator.py
[2024-04-27 10:05:06,806] {logging_mixin.py:115} INFO - [2024-04-27 10:05:06,806] {dag.py:2379} INFO - Sync 1 DAGs
[2024-04-27 10:05:06,818] {logging_mixin.py:115} INFO - [2024-04-27 10:05:06,818] {dag.py:2927} INFO - Setting next_dagrun for example_branch_operator to 2024-04-26T00:00:00+00:00, run_after=2024-04-27T00:00:00+00:00
[2024-04-27 10:05:06,830] {processor.py:161} INFO - Processing /home/enrico/Documentos/backup/AULA/Alura/Engenharia de dados/projeto_airflow/airflowalura/venv/lib/python3.9/site-packages/airflow/example_dags/example_branch_operator.py took 0.046 seconds
