[2024-04-27 09:49:59,539] {processor.py:153} INFO - Started process (PID=95823) to work on /home/enrico/Documentos/backup/AULA/Alura/Engenharia de dados/projeto_airflow/airflowalura/venv/lib/python3.9/site-packages/airflow/example_dags/example_subdag_operator.py
[2024-04-27 09:49:59,540] {processor.py:641} INFO - Processing file /home/enrico/Documentos/backup/AULA/Alura/Engenharia de dados/projeto_airflow/airflowalura/venv/lib/python3.9/site-packages/airflow/example_dags/example_subdag_operator.py for tasks to queue
[2024-04-27 09:49:59,540] {logging_mixin.py:115} INFO - [2024-04-27 09:49:59,540] {dagbag.py:507} INFO - Filling up the DagBag from /home/enrico/Documentos/backup/AULA/Alura/Engenharia de dados/projeto_airflow/airflowalura/venv/lib/python3.9/site-packages/airflow/example_dags/example_subdag_operator.py
[2024-04-27 09:49:59,550] {processor.py:651} INFO - DAG(s) dict_keys(['example_subdag_operator.section-1', 'example_subdag_operator.section-2', 'example_subdag_operator']) retrieved from /home/enrico/Documentos/backup/AULA/Alura/Engenharia de dados/projeto_airflow/airflowalura/venv/lib/python3.9/site-packages/airflow/example_dags/example_subdag_operator.py
[2024-04-27 09:49:59,562] {logging_mixin.py:115} INFO - [2024-04-27 09:49:59,562] {dag.py:2379} INFO - Sync 3 DAGs
[2024-04-27 09:49:59,575] {logging_mixin.py:115} INFO - [2024-04-27 09:49:59,575] {dag.py:2927} INFO - Setting next_dagrun for example_subdag_operator to 2022-01-01T00:00:00+00:00, run_after=2022-01-01T00:00:00+00:00
[2024-04-27 09:49:59,575] {logging_mixin.py:115} INFO - [2024-04-27 09:49:59,575] {dag.py:2927} INFO - Setting next_dagrun for example_subdag_operator.section-1 to None, run_after=None
[2024-04-27 09:49:59,575] {logging_mixin.py:115} INFO - [2024-04-27 09:49:59,575] {dag.py:2927} INFO - Setting next_dagrun for example_subdag_operator.section-2 to None, run_after=None
[2024-04-27 09:49:59,578] {logging_mixin.py:115} INFO - [2024-04-27 09:49:59,578] {dag.py:2379} INFO - Sync 2 DAGs
[2024-04-27 09:49:59,580] {logging_mixin.py:115} INFO - [2024-04-27 09:49:59,580] {dag.py:2927} INFO - Setting next_dagrun for example_subdag_operator.section-1 to None, run_after=None
[2024-04-27 09:49:59,580] {logging_mixin.py:115} INFO - [2024-04-27 09:49:59,580] {dag.py:2927} INFO - Setting next_dagrun for example_subdag_operator.section-2 to None, run_after=None
[2024-04-27 09:49:59,611] {processor.py:161} INFO - Processing /home/enrico/Documentos/backup/AULA/Alura/Engenharia de dados/projeto_airflow/airflowalura/venv/lib/python3.9/site-packages/airflow/example_dags/example_subdag_operator.py took 0.073 seconds
[2024-04-27 09:50:33,643] {processor.py:153} INFO - Started process (PID=95950) to work on /home/enrico/Documentos/backup/AULA/Alura/Engenharia de dados/projeto_airflow/airflowalura/venv/lib/python3.9/site-packages/airflow/example_dags/example_subdag_operator.py
[2024-04-27 09:50:33,644] {processor.py:641} INFO - Processing file /home/enrico/Documentos/backup/AULA/Alura/Engenharia de dados/projeto_airflow/airflowalura/venv/lib/python3.9/site-packages/airflow/example_dags/example_subdag_operator.py for tasks to queue
[2024-04-27 09:50:33,644] {logging_mixin.py:115} INFO - [2024-04-27 09:50:33,644] {dagbag.py:507} INFO - Filling up the DagBag from /home/enrico/Documentos/backup/AULA/Alura/Engenharia de dados/projeto_airflow/airflowalura/venv/lib/python3.9/site-packages/airflow/example_dags/example_subdag_operator.py
[2024-04-27 09:50:33,660] {processor.py:651} INFO - DAG(s) dict_keys(['example_subdag_operator.section-1', 'example_subdag_operator.section-2', 'example_subdag_operator']) retrieved from /home/enrico/Documentos/backup/AULA/Alura/Engenharia de dados/projeto_airflow/airflowalura/venv/lib/python3.9/site-packages/airflow/example_dags/example_subdag_operator.py
[2024-04-27 09:50:33,672] {logging_mixin.py:115} INFO - [2024-04-27 09:50:33,672] {dag.py:2379} INFO - Sync 3 DAGs
[2024-04-27 09:50:33,683] {logging_mixin.py:115} INFO - [2024-04-27 09:50:33,683] {dag.py:2927} INFO - Setting next_dagrun for example_subdag_operator to 2022-01-01T00:00:00+00:00, run_after=2022-01-01T00:00:00+00:00
[2024-04-27 09:50:33,683] {logging_mixin.py:115} INFO - [2024-04-27 09:50:33,683] {dag.py:2927} INFO - Setting next_dagrun for example_subdag_operator.section-1 to None, run_after=None
[2024-04-27 09:50:33,683] {logging_mixin.py:115} INFO - [2024-04-27 09:50:33,683] {dag.py:2927} INFO - Setting next_dagrun for example_subdag_operator.section-2 to None, run_after=None
[2024-04-27 09:50:33,687] {logging_mixin.py:115} INFO - [2024-04-27 09:50:33,687] {dag.py:2379} INFO - Sync 2 DAGs
[2024-04-27 09:50:33,690] {logging_mixin.py:115} INFO - [2024-04-27 09:50:33,690] {dag.py:2927} INFO - Setting next_dagrun for example_subdag_operator.section-1 to None, run_after=None
[2024-04-27 09:50:33,690] {logging_mixin.py:115} INFO - [2024-04-27 09:50:33,690] {dag.py:2927} INFO - Setting next_dagrun for example_subdag_operator.section-2 to None, run_after=None
[2024-04-27 09:50:33,699] {processor.py:161} INFO - Processing /home/enrico/Documentos/backup/AULA/Alura/Engenharia de dados/projeto_airflow/airflowalura/venv/lib/python3.9/site-packages/airflow/example_dags/example_subdag_operator.py took 0.060 seconds
[2024-04-27 09:51:09,893] {processor.py:153} INFO - Started process (PID=96211) to work on /home/enrico/Documentos/backup/AULA/Alura/Engenharia de dados/projeto_airflow/airflowalura/venv/lib/python3.9/site-packages/airflow/example_dags/example_subdag_operator.py
[2024-04-27 09:51:09,896] {processor.py:641} INFO - Processing file /home/enrico/Documentos/backup/AULA/Alura/Engenharia de dados/projeto_airflow/airflowalura/venv/lib/python3.9/site-packages/airflow/example_dags/example_subdag_operator.py for tasks to queue
[2024-04-27 09:51:09,896] {logging_mixin.py:115} INFO - [2024-04-27 09:51:09,896] {dagbag.py:507} INFO - Filling up the DagBag from /home/enrico/Documentos/backup/AULA/Alura/Engenharia de dados/projeto_airflow/airflowalura/venv/lib/python3.9/site-packages/airflow/example_dags/example_subdag_operator.py
[2024-04-27 09:51:09,906] {processor.py:651} INFO - DAG(s) dict_keys(['example_subdag_operator.section-1', 'example_subdag_operator.section-2', 'example_subdag_operator']) retrieved from /home/enrico/Documentos/backup/AULA/Alura/Engenharia de dados/projeto_airflow/airflowalura/venv/lib/python3.9/site-packages/airflow/example_dags/example_subdag_operator.py
[2024-04-27 09:51:09,917] {logging_mixin.py:115} INFO - [2024-04-27 09:51:09,917] {dag.py:2379} INFO - Sync 3 DAGs
[2024-04-27 09:51:09,925] {logging_mixin.py:115} INFO - [2024-04-27 09:51:09,925] {dag.py:2927} INFO - Setting next_dagrun for example_subdag_operator to 2022-01-01T00:00:00+00:00, run_after=2022-01-01T00:00:00+00:00
[2024-04-27 09:51:09,926] {logging_mixin.py:115} INFO - [2024-04-27 09:51:09,926] {dag.py:2927} INFO - Setting next_dagrun for example_subdag_operator.section-1 to None, run_after=None
[2024-04-27 09:51:09,926] {logging_mixin.py:115} INFO - [2024-04-27 09:51:09,926] {dag.py:2927} INFO - Setting next_dagrun for example_subdag_operator.section-2 to None, run_after=None
[2024-04-27 09:51:09,929] {logging_mixin.py:115} INFO - [2024-04-27 09:51:09,929] {dag.py:2379} INFO - Sync 2 DAGs
[2024-04-27 09:51:09,931] {logging_mixin.py:115} INFO - [2024-04-27 09:51:09,931] {dag.py:2927} INFO - Setting next_dagrun for example_subdag_operator.section-1 to None, run_after=None
[2024-04-27 09:51:09,931] {logging_mixin.py:115} INFO - [2024-04-27 09:51:09,931] {dag.py:2927} INFO - Setting next_dagrun for example_subdag_operator.section-2 to None, run_after=None
[2024-04-27 09:51:09,939] {processor.py:161} INFO - Processing /home/enrico/Documentos/backup/AULA/Alura/Engenharia de dados/projeto_airflow/airflowalura/venv/lib/python3.9/site-packages/airflow/example_dags/example_subdag_operator.py took 0.048 seconds
[2024-04-27 09:51:44,772] {processor.py:153} INFO - Started process (PID=96399) to work on /home/enrico/Documentos/backup/AULA/Alura/Engenharia de dados/projeto_airflow/airflowalura/venv/lib/python3.9/site-packages/airflow/example_dags/example_subdag_operator.py
[2024-04-27 09:51:44,775] {processor.py:641} INFO - Processing file /home/enrico/Documentos/backup/AULA/Alura/Engenharia de dados/projeto_airflow/airflowalura/venv/lib/python3.9/site-packages/airflow/example_dags/example_subdag_operator.py for tasks to queue
[2024-04-27 09:51:44,775] {logging_mixin.py:115} INFO - [2024-04-27 09:51:44,775] {dagbag.py:507} INFO - Filling up the DagBag from /home/enrico/Documentos/backup/AULA/Alura/Engenharia de dados/projeto_airflow/airflowalura/venv/lib/python3.9/site-packages/airflow/example_dags/example_subdag_operator.py
[2024-04-27 09:51:44,787] {processor.py:651} INFO - DAG(s) dict_keys(['example_subdag_operator.section-1', 'example_subdag_operator.section-2', 'example_subdag_operator']) retrieved from /home/enrico/Documentos/backup/AULA/Alura/Engenharia de dados/projeto_airflow/airflowalura/venv/lib/python3.9/site-packages/airflow/example_dags/example_subdag_operator.py
[2024-04-27 09:51:44,800] {logging_mixin.py:115} INFO - [2024-04-27 09:51:44,800] {dag.py:2379} INFO - Sync 3 DAGs
[2024-04-27 09:51:44,812] {logging_mixin.py:115} INFO - [2024-04-27 09:51:44,812] {dag.py:2927} INFO - Setting next_dagrun for example_subdag_operator to 2022-01-01T00:00:00+00:00, run_after=2022-01-01T00:00:00+00:00
[2024-04-27 09:51:44,813] {logging_mixin.py:115} INFO - [2024-04-27 09:51:44,813] {dag.py:2927} INFO - Setting next_dagrun for example_subdag_operator.section-1 to None, run_after=None
[2024-04-27 09:51:44,813] {logging_mixin.py:115} INFO - [2024-04-27 09:51:44,813] {dag.py:2927} INFO - Setting next_dagrun for example_subdag_operator.section-2 to None, run_after=None
[2024-04-27 09:51:44,816] {logging_mixin.py:115} INFO - [2024-04-27 09:51:44,816] {dag.py:2379} INFO - Sync 2 DAGs
[2024-04-27 09:51:44,818] {logging_mixin.py:115} INFO - [2024-04-27 09:51:44,818] {dag.py:2927} INFO - Setting next_dagrun for example_subdag_operator.section-1 to None, run_after=None
[2024-04-27 09:51:44,819] {logging_mixin.py:115} INFO - [2024-04-27 09:51:44,819] {dag.py:2927} INFO - Setting next_dagrun for example_subdag_operator.section-2 to None, run_after=None
[2024-04-27 09:51:44,827] {processor.py:161} INFO - Processing /home/enrico/Documentos/backup/AULA/Alura/Engenharia de dados/projeto_airflow/airflowalura/venv/lib/python3.9/site-packages/airflow/example_dags/example_subdag_operator.py took 0.057 seconds
[2024-04-27 09:52:22,060] {processor.py:153} INFO - Started process (PID=96510) to work on /home/enrico/Documentos/backup/AULA/Alura/Engenharia de dados/projeto_airflow/airflowalura/venv/lib/python3.9/site-packages/airflow/example_dags/example_subdag_operator.py
[2024-04-27 09:52:22,060] {processor.py:641} INFO - Processing file /home/enrico/Documentos/backup/AULA/Alura/Engenharia de dados/projeto_airflow/airflowalura/venv/lib/python3.9/site-packages/airflow/example_dags/example_subdag_operator.py for tasks to queue
[2024-04-27 09:52:22,061] {logging_mixin.py:115} INFO - [2024-04-27 09:52:22,061] {dagbag.py:507} INFO - Filling up the DagBag from /home/enrico/Documentos/backup/AULA/Alura/Engenharia de dados/projeto_airflow/airflowalura/venv/lib/python3.9/site-packages/airflow/example_dags/example_subdag_operator.py
[2024-04-27 09:52:22,070] {processor.py:651} INFO - DAG(s) dict_keys(['example_subdag_operator.section-1', 'example_subdag_operator.section-2', 'example_subdag_operator']) retrieved from /home/enrico/Documentos/backup/AULA/Alura/Engenharia de dados/projeto_airflow/airflowalura/venv/lib/python3.9/site-packages/airflow/example_dags/example_subdag_operator.py
[2024-04-27 09:52:22,081] {logging_mixin.py:115} INFO - [2024-04-27 09:52:22,081] {dag.py:2379} INFO - Sync 3 DAGs
[2024-04-27 09:52:22,090] {logging_mixin.py:115} INFO - [2024-04-27 09:52:22,090] {dag.py:2927} INFO - Setting next_dagrun for example_subdag_operator to 2022-01-01T00:00:00+00:00, run_after=2022-01-01T00:00:00+00:00
[2024-04-27 09:52:22,090] {logging_mixin.py:115} INFO - [2024-04-27 09:52:22,090] {dag.py:2927} INFO - Setting next_dagrun for example_subdag_operator.section-1 to None, run_after=None
[2024-04-27 09:52:22,090] {logging_mixin.py:115} INFO - [2024-04-27 09:52:22,090] {dag.py:2927} INFO - Setting next_dagrun for example_subdag_operator.section-2 to None, run_after=None
[2024-04-27 09:52:22,093] {logging_mixin.py:115} INFO - [2024-04-27 09:52:22,093] {dag.py:2379} INFO - Sync 2 DAGs
[2024-04-27 09:52:22,095] {logging_mixin.py:115} INFO - [2024-04-27 09:52:22,095] {dag.py:2927} INFO - Setting next_dagrun for example_subdag_operator.section-1 to None, run_after=None
[2024-04-27 09:52:22,095] {logging_mixin.py:115} INFO - [2024-04-27 09:52:22,095] {dag.py:2927} INFO - Setting next_dagrun for example_subdag_operator.section-2 to None, run_after=None
[2024-04-27 09:52:22,102] {processor.py:161} INFO - Processing /home/enrico/Documentos/backup/AULA/Alura/Engenharia de dados/projeto_airflow/airflowalura/venv/lib/python3.9/site-packages/airflow/example_dags/example_subdag_operator.py took 0.044 seconds
[2024-04-27 09:52:55,269] {processor.py:153} INFO - Started process (PID=96611) to work on /home/enrico/Documentos/backup/AULA/Alura/Engenharia de dados/projeto_airflow/airflowalura/venv/lib/python3.9/site-packages/airflow/example_dags/example_subdag_operator.py
[2024-04-27 09:52:55,272] {processor.py:641} INFO - Processing file /home/enrico/Documentos/backup/AULA/Alura/Engenharia de dados/projeto_airflow/airflowalura/venv/lib/python3.9/site-packages/airflow/example_dags/example_subdag_operator.py for tasks to queue
[2024-04-27 09:52:55,273] {logging_mixin.py:115} INFO - [2024-04-27 09:52:55,273] {dagbag.py:507} INFO - Filling up the DagBag from /home/enrico/Documentos/backup/AULA/Alura/Engenharia de dados/projeto_airflow/airflowalura/venv/lib/python3.9/site-packages/airflow/example_dags/example_subdag_operator.py
[2024-04-27 09:52:55,307] {processor.py:651} INFO - DAG(s) dict_keys(['example_subdag_operator.section-1', 'example_subdag_operator.section-2', 'example_subdag_operator']) retrieved from /home/enrico/Documentos/backup/AULA/Alura/Engenharia de dados/projeto_airflow/airflowalura/venv/lib/python3.9/site-packages/airflow/example_dags/example_subdag_operator.py
[2024-04-27 09:52:55,322] {logging_mixin.py:115} INFO - [2024-04-27 09:52:55,322] {dag.py:2379} INFO - Sync 3 DAGs
[2024-04-27 09:52:55,333] {logging_mixin.py:115} INFO - [2024-04-27 09:52:55,333] {dag.py:2927} INFO - Setting next_dagrun for example_subdag_operator to 2022-01-01T00:00:00+00:00, run_after=2022-01-01T00:00:00+00:00
[2024-04-27 09:52:55,333] {logging_mixin.py:115} INFO - [2024-04-27 09:52:55,333] {dag.py:2927} INFO - Setting next_dagrun for example_subdag_operator.section-1 to None, run_after=None
[2024-04-27 09:52:55,333] {logging_mixin.py:115} INFO - [2024-04-27 09:52:55,333] {dag.py:2927} INFO - Setting next_dagrun for example_subdag_operator.section-2 to None, run_after=None
[2024-04-27 09:52:55,336] {logging_mixin.py:115} INFO - [2024-04-27 09:52:55,336] {dag.py:2379} INFO - Sync 2 DAGs
[2024-04-27 09:52:55,338] {logging_mixin.py:115} INFO - [2024-04-27 09:52:55,338] {dag.py:2927} INFO - Setting next_dagrun for example_subdag_operator.section-1 to None, run_after=None
[2024-04-27 09:52:55,338] {logging_mixin.py:115} INFO - [2024-04-27 09:52:55,338] {dag.py:2927} INFO - Setting next_dagrun for example_subdag_operator.section-2 to None, run_after=None
[2024-04-27 09:52:55,347] {processor.py:161} INFO - Processing /home/enrico/Documentos/backup/AULA/Alura/Engenharia de dados/projeto_airflow/airflowalura/venv/lib/python3.9/site-packages/airflow/example_dags/example_subdag_operator.py took 0.080 seconds
[2024-04-27 09:53:27,725] {processor.py:153} INFO - Started process (PID=96654) to work on /home/enrico/Documentos/backup/AULA/Alura/Engenharia de dados/projeto_airflow/airflowalura/venv/lib/python3.9/site-packages/airflow/example_dags/example_subdag_operator.py
[2024-04-27 09:53:27,729] {processor.py:641} INFO - Processing file /home/enrico/Documentos/backup/AULA/Alura/Engenharia de dados/projeto_airflow/airflowalura/venv/lib/python3.9/site-packages/airflow/example_dags/example_subdag_operator.py for tasks to queue
[2024-04-27 09:53:27,729] {logging_mixin.py:115} INFO - [2024-04-27 09:53:27,729] {dagbag.py:507} INFO - Filling up the DagBag from /home/enrico/Documentos/backup/AULA/Alura/Engenharia de dados/projeto_airflow/airflowalura/venv/lib/python3.9/site-packages/airflow/example_dags/example_subdag_operator.py
[2024-04-27 09:53:27,745] {processor.py:651} INFO - DAG(s) dict_keys(['example_subdag_operator.section-1', 'example_subdag_operator.section-2', 'example_subdag_operator']) retrieved from /home/enrico/Documentos/backup/AULA/Alura/Engenharia de dados/projeto_airflow/airflowalura/venv/lib/python3.9/site-packages/airflow/example_dags/example_subdag_operator.py
[2024-04-27 09:53:27,762] {logging_mixin.py:115} INFO - [2024-04-27 09:53:27,761] {dag.py:2379} INFO - Sync 3 DAGs
[2024-04-27 09:53:27,775] {logging_mixin.py:115} INFO - [2024-04-27 09:53:27,775] {dag.py:2927} INFO - Setting next_dagrun for example_subdag_operator to 2022-01-01T00:00:00+00:00, run_after=2022-01-01T00:00:00+00:00
[2024-04-27 09:53:27,776] {logging_mixin.py:115} INFO - [2024-04-27 09:53:27,776] {dag.py:2927} INFO - Setting next_dagrun for example_subdag_operator.section-1 to None, run_after=None
[2024-04-27 09:53:27,776] {logging_mixin.py:115} INFO - [2024-04-27 09:53:27,776] {dag.py:2927} INFO - Setting next_dagrun for example_subdag_operator.section-2 to None, run_after=None
[2024-04-27 09:53:27,780] {logging_mixin.py:115} INFO - [2024-04-27 09:53:27,780] {dag.py:2379} INFO - Sync 2 DAGs
[2024-04-27 09:53:27,783] {logging_mixin.py:115} INFO - [2024-04-27 09:53:27,783] {dag.py:2927} INFO - Setting next_dagrun for example_subdag_operator.section-1 to None, run_after=None
[2024-04-27 09:53:27,783] {logging_mixin.py:115} INFO - [2024-04-27 09:53:27,783] {dag.py:2927} INFO - Setting next_dagrun for example_subdag_operator.section-2 to None, run_after=None
[2024-04-27 09:53:27,798] {processor.py:161} INFO - Processing /home/enrico/Documentos/backup/AULA/Alura/Engenharia de dados/projeto_airflow/airflowalura/venv/lib/python3.9/site-packages/airflow/example_dags/example_subdag_operator.py took 0.074 seconds
[2024-04-27 09:54:04,066] {processor.py:153} INFO - Started process (PID=96713) to work on /home/enrico/Documentos/backup/AULA/Alura/Engenharia de dados/projeto_airflow/airflowalura/venv/lib/python3.9/site-packages/airflow/example_dags/example_subdag_operator.py
[2024-04-27 09:54:04,067] {processor.py:641} INFO - Processing file /home/enrico/Documentos/backup/AULA/Alura/Engenharia de dados/projeto_airflow/airflowalura/venv/lib/python3.9/site-packages/airflow/example_dags/example_subdag_operator.py for tasks to queue
[2024-04-27 09:54:04,068] {logging_mixin.py:115} INFO - [2024-04-27 09:54:04,068] {dagbag.py:507} INFO - Filling up the DagBag from /home/enrico/Documentos/backup/AULA/Alura/Engenharia de dados/projeto_airflow/airflowalura/venv/lib/python3.9/site-packages/airflow/example_dags/example_subdag_operator.py
[2024-04-27 09:54:04,096] {processor.py:651} INFO - DAG(s) dict_keys(['example_subdag_operator.section-1', 'example_subdag_operator.section-2', 'example_subdag_operator']) retrieved from /home/enrico/Documentos/backup/AULA/Alura/Engenharia de dados/projeto_airflow/airflowalura/venv/lib/python3.9/site-packages/airflow/example_dags/example_subdag_operator.py
[2024-04-27 09:54:04,111] {logging_mixin.py:115} INFO - [2024-04-27 09:54:04,111] {dag.py:2379} INFO - Sync 3 DAGs
[2024-04-27 09:54:04,120] {logging_mixin.py:115} INFO - [2024-04-27 09:54:04,120] {dag.py:2927} INFO - Setting next_dagrun for example_subdag_operator to 2022-01-01T00:00:00+00:00, run_after=2022-01-01T00:00:00+00:00
[2024-04-27 09:54:04,120] {logging_mixin.py:115} INFO - [2024-04-27 09:54:04,120] {dag.py:2927} INFO - Setting next_dagrun for example_subdag_operator.section-1 to None, run_after=None
[2024-04-27 09:54:04,120] {logging_mixin.py:115} INFO - [2024-04-27 09:54:04,120] {dag.py:2927} INFO - Setting next_dagrun for example_subdag_operator.section-2 to None, run_after=None
[2024-04-27 09:54:04,123] {logging_mixin.py:115} INFO - [2024-04-27 09:54:04,123] {dag.py:2379} INFO - Sync 2 DAGs
[2024-04-27 09:54:04,125] {logging_mixin.py:115} INFO - [2024-04-27 09:54:04,125] {dag.py:2927} INFO - Setting next_dagrun for example_subdag_operator.section-1 to None, run_after=None
[2024-04-27 09:54:04,125] {logging_mixin.py:115} INFO - [2024-04-27 09:54:04,125] {dag.py:2927} INFO - Setting next_dagrun for example_subdag_operator.section-2 to None, run_after=None
[2024-04-27 09:54:04,133] {processor.py:161} INFO - Processing /home/enrico/Documentos/backup/AULA/Alura/Engenharia de dados/projeto_airflow/airflowalura/venv/lib/python3.9/site-packages/airflow/example_dags/example_subdag_operator.py took 0.073 seconds
[2024-04-27 09:54:37,082] {processor.py:153} INFO - Started process (PID=96761) to work on /home/enrico/Documentos/backup/AULA/Alura/Engenharia de dados/projeto_airflow/airflowalura/venv/lib/python3.9/site-packages/airflow/example_dags/example_subdag_operator.py
[2024-04-27 09:54:37,086] {processor.py:641} INFO - Processing file /home/enrico/Documentos/backup/AULA/Alura/Engenharia de dados/projeto_airflow/airflowalura/venv/lib/python3.9/site-packages/airflow/example_dags/example_subdag_operator.py for tasks to queue
[2024-04-27 09:54:37,086] {logging_mixin.py:115} INFO - [2024-04-27 09:54:37,086] {dagbag.py:507} INFO - Filling up the DagBag from /home/enrico/Documentos/backup/AULA/Alura/Engenharia de dados/projeto_airflow/airflowalura/venv/lib/python3.9/site-packages/airflow/example_dags/example_subdag_operator.py
[2024-04-27 09:54:37,096] {processor.py:651} INFO - DAG(s) dict_keys(['example_subdag_operator.section-1', 'example_subdag_operator.section-2', 'example_subdag_operator']) retrieved from /home/enrico/Documentos/backup/AULA/Alura/Engenharia de dados/projeto_airflow/airflowalura/venv/lib/python3.9/site-packages/airflow/example_dags/example_subdag_operator.py
[2024-04-27 09:54:37,107] {logging_mixin.py:115} INFO - [2024-04-27 09:54:37,107] {dag.py:2379} INFO - Sync 3 DAGs
[2024-04-27 09:54:37,116] {logging_mixin.py:115} INFO - [2024-04-27 09:54:37,116] {dag.py:2927} INFO - Setting next_dagrun for example_subdag_operator to 2022-01-01T00:00:00+00:00, run_after=2022-01-01T00:00:00+00:00
[2024-04-27 09:54:37,116] {logging_mixin.py:115} INFO - [2024-04-27 09:54:37,116] {dag.py:2927} INFO - Setting next_dagrun for example_subdag_operator.section-1 to None, run_after=None
[2024-04-27 09:54:37,116] {logging_mixin.py:115} INFO - [2024-04-27 09:54:37,116] {dag.py:2927} INFO - Setting next_dagrun for example_subdag_operator.section-2 to None, run_after=None
[2024-04-27 09:54:37,119] {logging_mixin.py:115} INFO - [2024-04-27 09:54:37,119] {dag.py:2379} INFO - Sync 2 DAGs
[2024-04-27 09:54:37,121] {logging_mixin.py:115} INFO - [2024-04-27 09:54:37,121] {dag.py:2927} INFO - Setting next_dagrun for example_subdag_operator.section-1 to None, run_after=None
[2024-04-27 09:54:37,121] {logging_mixin.py:115} INFO - [2024-04-27 09:54:37,121] {dag.py:2927} INFO - Setting next_dagrun for example_subdag_operator.section-2 to None, run_after=None
[2024-04-27 09:54:37,133] {processor.py:161} INFO - Processing /home/enrico/Documentos/backup/AULA/Alura/Engenharia de dados/projeto_airflow/airflowalura/venv/lib/python3.9/site-packages/airflow/example_dags/example_subdag_operator.py took 0.056 seconds
[2024-04-27 09:55:10,736] {processor.py:153} INFO - Started process (PID=96817) to work on /home/enrico/Documentos/backup/AULA/Alura/Engenharia de dados/projeto_airflow/airflowalura/venv/lib/python3.9/site-packages/airflow/example_dags/example_subdag_operator.py
[2024-04-27 09:55:10,737] {processor.py:641} INFO - Processing file /home/enrico/Documentos/backup/AULA/Alura/Engenharia de dados/projeto_airflow/airflowalura/venv/lib/python3.9/site-packages/airflow/example_dags/example_subdag_operator.py for tasks to queue
[2024-04-27 09:55:10,737] {logging_mixin.py:115} INFO - [2024-04-27 09:55:10,737] {dagbag.py:507} INFO - Filling up the DagBag from /home/enrico/Documentos/backup/AULA/Alura/Engenharia de dados/projeto_airflow/airflowalura/venv/lib/python3.9/site-packages/airflow/example_dags/example_subdag_operator.py
[2024-04-27 09:55:10,749] {processor.py:651} INFO - DAG(s) dict_keys(['example_subdag_operator.section-1', 'example_subdag_operator.section-2', 'example_subdag_operator']) retrieved from /home/enrico/Documentos/backup/AULA/Alura/Engenharia de dados/projeto_airflow/airflowalura/venv/lib/python3.9/site-packages/airflow/example_dags/example_subdag_operator.py
[2024-04-27 09:55:10,759] {logging_mixin.py:115} INFO - [2024-04-27 09:55:10,758] {dag.py:2379} INFO - Sync 3 DAGs
[2024-04-27 09:55:10,767] {logging_mixin.py:115} INFO - [2024-04-27 09:55:10,767] {dag.py:2927} INFO - Setting next_dagrun for example_subdag_operator to 2022-01-01T00:00:00+00:00, run_after=2022-01-01T00:00:00+00:00
[2024-04-27 09:55:10,768] {logging_mixin.py:115} INFO - [2024-04-27 09:55:10,768] {dag.py:2927} INFO - Setting next_dagrun for example_subdag_operator.section-1 to None, run_after=None
[2024-04-27 09:55:10,768] {logging_mixin.py:115} INFO - [2024-04-27 09:55:10,768] {dag.py:2927} INFO - Setting next_dagrun for example_subdag_operator.section-2 to None, run_after=None
[2024-04-27 09:55:10,770] {logging_mixin.py:115} INFO - [2024-04-27 09:55:10,770] {dag.py:2379} INFO - Sync 2 DAGs
[2024-04-27 09:55:10,773] {logging_mixin.py:115} INFO - [2024-04-27 09:55:10,773] {dag.py:2927} INFO - Setting next_dagrun for example_subdag_operator.section-1 to None, run_after=None
[2024-04-27 09:55:10,773] {logging_mixin.py:115} INFO - [2024-04-27 09:55:10,773] {dag.py:2927} INFO - Setting next_dagrun for example_subdag_operator.section-2 to None, run_after=None
[2024-04-27 09:55:10,781] {processor.py:161} INFO - Processing /home/enrico/Documentos/backup/AULA/Alura/Engenharia de dados/projeto_airflow/airflowalura/venv/lib/python3.9/site-packages/airflow/example_dags/example_subdag_operator.py took 0.046 seconds
[2024-04-27 09:55:43,847] {processor.py:153} INFO - Started process (PID=96869) to work on /home/enrico/Documentos/backup/AULA/Alura/Engenharia de dados/projeto_airflow/airflowalura/venv/lib/python3.9/site-packages/airflow/example_dags/example_subdag_operator.py
[2024-04-27 09:55:43,851] {processor.py:641} INFO - Processing file /home/enrico/Documentos/backup/AULA/Alura/Engenharia de dados/projeto_airflow/airflowalura/venv/lib/python3.9/site-packages/airflow/example_dags/example_subdag_operator.py for tasks to queue
[2024-04-27 09:55:43,852] {logging_mixin.py:115} INFO - [2024-04-27 09:55:43,852] {dagbag.py:507} INFO - Filling up the DagBag from /home/enrico/Documentos/backup/AULA/Alura/Engenharia de dados/projeto_airflow/airflowalura/venv/lib/python3.9/site-packages/airflow/example_dags/example_subdag_operator.py
[2024-04-27 09:55:43,884] {processor.py:651} INFO - DAG(s) dict_keys(['example_subdag_operator.section-1', 'example_subdag_operator.section-2', 'example_subdag_operator']) retrieved from /home/enrico/Documentos/backup/AULA/Alura/Engenharia de dados/projeto_airflow/airflowalura/venv/lib/python3.9/site-packages/airflow/example_dags/example_subdag_operator.py
[2024-04-27 09:55:43,897] {logging_mixin.py:115} INFO - [2024-04-27 09:55:43,897] {dag.py:2379} INFO - Sync 3 DAGs
[2024-04-27 09:55:43,906] {logging_mixin.py:115} INFO - [2024-04-27 09:55:43,906] {dag.py:2927} INFO - Setting next_dagrun for example_subdag_operator to 2022-01-01T00:00:00+00:00, run_after=2022-01-01T00:00:00+00:00
[2024-04-27 09:55:43,906] {logging_mixin.py:115} INFO - [2024-04-27 09:55:43,906] {dag.py:2927} INFO - Setting next_dagrun for example_subdag_operator.section-1 to None, run_after=None
[2024-04-27 09:55:43,907] {logging_mixin.py:115} INFO - [2024-04-27 09:55:43,907] {dag.py:2927} INFO - Setting next_dagrun for example_subdag_operator.section-2 to None, run_after=None
[2024-04-27 09:55:43,909] {logging_mixin.py:115} INFO - [2024-04-27 09:55:43,909] {dag.py:2379} INFO - Sync 2 DAGs
[2024-04-27 09:55:43,912] {logging_mixin.py:115} INFO - [2024-04-27 09:55:43,911] {dag.py:2927} INFO - Setting next_dagrun for example_subdag_operator.section-1 to None, run_after=None
[2024-04-27 09:55:43,912] {logging_mixin.py:115} INFO - [2024-04-27 09:55:43,912] {dag.py:2927} INFO - Setting next_dagrun for example_subdag_operator.section-2 to None, run_after=None
[2024-04-27 09:55:43,920] {processor.py:161} INFO - Processing /home/enrico/Documentos/backup/AULA/Alura/Engenharia de dados/projeto_airflow/airflowalura/venv/lib/python3.9/site-packages/airflow/example_dags/example_subdag_operator.py took 0.077 seconds
[2024-04-27 09:56:19,524] {processor.py:153} INFO - Started process (PID=96946) to work on /home/enrico/Documentos/backup/AULA/Alura/Engenharia de dados/projeto_airflow/airflowalura/venv/lib/python3.9/site-packages/airflow/example_dags/example_subdag_operator.py
[2024-04-27 09:56:19,527] {processor.py:641} INFO - Processing file /home/enrico/Documentos/backup/AULA/Alura/Engenharia de dados/projeto_airflow/airflowalura/venv/lib/python3.9/site-packages/airflow/example_dags/example_subdag_operator.py for tasks to queue
[2024-04-27 09:56:19,527] {logging_mixin.py:115} INFO - [2024-04-27 09:56:19,527] {dagbag.py:507} INFO - Filling up the DagBag from /home/enrico/Documentos/backup/AULA/Alura/Engenharia de dados/projeto_airflow/airflowalura/venv/lib/python3.9/site-packages/airflow/example_dags/example_subdag_operator.py
[2024-04-27 09:56:19,538] {processor.py:651} INFO - DAG(s) dict_keys(['example_subdag_operator.section-1', 'example_subdag_operator.section-2', 'example_subdag_operator']) retrieved from /home/enrico/Documentos/backup/AULA/Alura/Engenharia de dados/projeto_airflow/airflowalura/venv/lib/python3.9/site-packages/airflow/example_dags/example_subdag_operator.py
[2024-04-27 09:56:19,548] {logging_mixin.py:115} INFO - [2024-04-27 09:56:19,548] {dag.py:2379} INFO - Sync 3 DAGs
[2024-04-27 09:56:19,558] {logging_mixin.py:115} INFO - [2024-04-27 09:56:19,558] {dag.py:2927} INFO - Setting next_dagrun for example_subdag_operator to 2022-01-01T00:00:00+00:00, run_after=2022-01-01T00:00:00+00:00
[2024-04-27 09:56:19,558] {logging_mixin.py:115} INFO - [2024-04-27 09:56:19,558] {dag.py:2927} INFO - Setting next_dagrun for example_subdag_operator.section-1 to None, run_after=None
[2024-04-27 09:56:19,558] {logging_mixin.py:115} INFO - [2024-04-27 09:56:19,558] {dag.py:2927} INFO - Setting next_dagrun for example_subdag_operator.section-2 to None, run_after=None
[2024-04-27 09:56:19,561] {logging_mixin.py:115} INFO - [2024-04-27 09:56:19,561] {dag.py:2379} INFO - Sync 2 DAGs
[2024-04-27 09:56:19,563] {logging_mixin.py:115} INFO - [2024-04-27 09:56:19,563] {dag.py:2927} INFO - Setting next_dagrun for example_subdag_operator.section-1 to None, run_after=None
[2024-04-27 09:56:19,564] {logging_mixin.py:115} INFO - [2024-04-27 09:56:19,564] {dag.py:2927} INFO - Setting next_dagrun for example_subdag_operator.section-2 to None, run_after=None
[2024-04-27 09:56:19,571] {processor.py:161} INFO - Processing /home/enrico/Documentos/backup/AULA/Alura/Engenharia de dados/projeto_airflow/airflowalura/venv/lib/python3.9/site-packages/airflow/example_dags/example_subdag_operator.py took 0.049 seconds
[2024-04-27 09:56:50,095] {processor.py:153} INFO - Started process (PID=96992) to work on /home/enrico/Documentos/backup/AULA/Alura/Engenharia de dados/projeto_airflow/airflowalura/venv/lib/python3.9/site-packages/airflow/example_dags/example_subdag_operator.py
[2024-04-27 09:56:50,095] {processor.py:641} INFO - Processing file /home/enrico/Documentos/backup/AULA/Alura/Engenharia de dados/projeto_airflow/airflowalura/venv/lib/python3.9/site-packages/airflow/example_dags/example_subdag_operator.py for tasks to queue
[2024-04-27 09:56:50,095] {logging_mixin.py:115} INFO - [2024-04-27 09:56:50,095] {dagbag.py:507} INFO - Filling up the DagBag from /home/enrico/Documentos/backup/AULA/Alura/Engenharia de dados/projeto_airflow/airflowalura/venv/lib/python3.9/site-packages/airflow/example_dags/example_subdag_operator.py
[2024-04-27 09:56:50,107] {processor.py:651} INFO - DAG(s) dict_keys(['example_subdag_operator.section-1', 'example_subdag_operator.section-2', 'example_subdag_operator']) retrieved from /home/enrico/Documentos/backup/AULA/Alura/Engenharia de dados/projeto_airflow/airflowalura/venv/lib/python3.9/site-packages/airflow/example_dags/example_subdag_operator.py
[2024-04-27 09:56:50,116] {logging_mixin.py:115} INFO - [2024-04-27 09:56:50,116] {dag.py:2379} INFO - Sync 3 DAGs
[2024-04-27 09:56:50,125] {logging_mixin.py:115} INFO - [2024-04-27 09:56:50,125] {dag.py:2927} INFO - Setting next_dagrun for example_subdag_operator to 2022-01-01T00:00:00+00:00, run_after=2022-01-01T00:00:00+00:00
[2024-04-27 09:56:50,125] {logging_mixin.py:115} INFO - [2024-04-27 09:56:50,125] {dag.py:2927} INFO - Setting next_dagrun for example_subdag_operator.section-1 to None, run_after=None
[2024-04-27 09:56:50,125] {logging_mixin.py:115} INFO - [2024-04-27 09:56:50,125] {dag.py:2927} INFO - Setting next_dagrun for example_subdag_operator.section-2 to None, run_after=None
[2024-04-27 09:56:50,128] {logging_mixin.py:115} INFO - [2024-04-27 09:56:50,128] {dag.py:2379} INFO - Sync 2 DAGs
[2024-04-27 09:56:50,130] {logging_mixin.py:115} INFO - [2024-04-27 09:56:50,130] {dag.py:2927} INFO - Setting next_dagrun for example_subdag_operator.section-1 to None, run_after=None
[2024-04-27 09:56:50,130] {logging_mixin.py:115} INFO - [2024-04-27 09:56:50,130] {dag.py:2927} INFO - Setting next_dagrun for example_subdag_operator.section-2 to None, run_after=None
[2024-04-27 09:56:50,139] {processor.py:161} INFO - Processing /home/enrico/Documentos/backup/AULA/Alura/Engenharia de dados/projeto_airflow/airflowalura/venv/lib/python3.9/site-packages/airflow/example_dags/example_subdag_operator.py took 0.046 seconds
[2024-04-27 09:57:23,589] {processor.py:153} INFO - Started process (PID=97100) to work on /home/enrico/Documentos/backup/AULA/Alura/Engenharia de dados/projeto_airflow/airflowalura/venv/lib/python3.9/site-packages/airflow/example_dags/example_subdag_operator.py
[2024-04-27 09:57:23,589] {processor.py:641} INFO - Processing file /home/enrico/Documentos/backup/AULA/Alura/Engenharia de dados/projeto_airflow/airflowalura/venv/lib/python3.9/site-packages/airflow/example_dags/example_subdag_operator.py for tasks to queue
[2024-04-27 09:57:23,590] {logging_mixin.py:115} INFO - [2024-04-27 09:57:23,590] {dagbag.py:507} INFO - Filling up the DagBag from /home/enrico/Documentos/backup/AULA/Alura/Engenharia de dados/projeto_airflow/airflowalura/venv/lib/python3.9/site-packages/airflow/example_dags/example_subdag_operator.py
[2024-04-27 09:57:23,602] {processor.py:651} INFO - DAG(s) dict_keys(['example_subdag_operator.section-1', 'example_subdag_operator.section-2', 'example_subdag_operator']) retrieved from /home/enrico/Documentos/backup/AULA/Alura/Engenharia de dados/projeto_airflow/airflowalura/venv/lib/python3.9/site-packages/airflow/example_dags/example_subdag_operator.py
[2024-04-27 09:57:23,611] {logging_mixin.py:115} INFO - [2024-04-27 09:57:23,611] {dag.py:2379} INFO - Sync 3 DAGs
[2024-04-27 09:57:23,621] {logging_mixin.py:115} INFO - [2024-04-27 09:57:23,620] {dag.py:2927} INFO - Setting next_dagrun for example_subdag_operator to 2022-01-01T00:00:00+00:00, run_after=2022-01-01T00:00:00+00:00
[2024-04-27 09:57:23,621] {logging_mixin.py:115} INFO - [2024-04-27 09:57:23,621] {dag.py:2927} INFO - Setting next_dagrun for example_subdag_operator.section-1 to None, run_after=None
[2024-04-27 09:57:23,621] {logging_mixin.py:115} INFO - [2024-04-27 09:57:23,621] {dag.py:2927} INFO - Setting next_dagrun for example_subdag_operator.section-2 to None, run_after=None
[2024-04-27 09:57:23,623] {logging_mixin.py:115} INFO - [2024-04-27 09:57:23,623] {dag.py:2379} INFO - Sync 2 DAGs
[2024-04-27 09:57:23,625] {logging_mixin.py:115} INFO - [2024-04-27 09:57:23,625] {dag.py:2927} INFO - Setting next_dagrun for example_subdag_operator.section-1 to None, run_after=None
[2024-04-27 09:57:23,626] {logging_mixin.py:115} INFO - [2024-04-27 09:57:23,626] {dag.py:2927} INFO - Setting next_dagrun for example_subdag_operator.section-2 to None, run_after=None
[2024-04-27 09:57:23,633] {processor.py:161} INFO - Processing /home/enrico/Documentos/backup/AULA/Alura/Engenharia de dados/projeto_airflow/airflowalura/venv/lib/python3.9/site-packages/airflow/example_dags/example_subdag_operator.py took 0.045 seconds
[2024-04-27 09:58:01,047] {processor.py:153} INFO - Started process (PID=97161) to work on /home/enrico/Documentos/backup/AULA/Alura/Engenharia de dados/projeto_airflow/airflowalura/venv/lib/python3.9/site-packages/airflow/example_dags/example_subdag_operator.py
[2024-04-27 09:58:01,050] {processor.py:641} INFO - Processing file /home/enrico/Documentos/backup/AULA/Alura/Engenharia de dados/projeto_airflow/airflowalura/venv/lib/python3.9/site-packages/airflow/example_dags/example_subdag_operator.py for tasks to queue
[2024-04-27 09:58:01,052] {logging_mixin.py:115} INFO - [2024-04-27 09:58:01,051] {dagbag.py:507} INFO - Filling up the DagBag from /home/enrico/Documentos/backup/AULA/Alura/Engenharia de dados/projeto_airflow/airflowalura/venv/lib/python3.9/site-packages/airflow/example_dags/example_subdag_operator.py
[2024-04-27 09:58:01,084] {processor.py:651} INFO - DAG(s) dict_keys(['example_subdag_operator.section-1', 'example_subdag_operator.section-2', 'example_subdag_operator']) retrieved from /home/enrico/Documentos/backup/AULA/Alura/Engenharia de dados/projeto_airflow/airflowalura/venv/lib/python3.9/site-packages/airflow/example_dags/example_subdag_operator.py
[2024-04-27 09:58:01,097] {logging_mixin.py:115} INFO - [2024-04-27 09:58:01,097] {dag.py:2379} INFO - Sync 3 DAGs
[2024-04-27 09:58:01,107] {logging_mixin.py:115} INFO - [2024-04-27 09:58:01,107] {dag.py:2927} INFO - Setting next_dagrun for example_subdag_operator to 2022-01-01T00:00:00+00:00, run_after=2022-01-01T00:00:00+00:00
[2024-04-27 09:58:01,107] {logging_mixin.py:115} INFO - [2024-04-27 09:58:01,107] {dag.py:2927} INFO - Setting next_dagrun for example_subdag_operator.section-1 to None, run_after=None
[2024-04-27 09:58:01,107] {logging_mixin.py:115} INFO - [2024-04-27 09:58:01,107] {dag.py:2927} INFO - Setting next_dagrun for example_subdag_operator.section-2 to None, run_after=None
[2024-04-27 09:58:01,110] {logging_mixin.py:115} INFO - [2024-04-27 09:58:01,110] {dag.py:2379} INFO - Sync 2 DAGs
[2024-04-27 09:58:01,112] {logging_mixin.py:115} INFO - [2024-04-27 09:58:01,112] {dag.py:2927} INFO - Setting next_dagrun for example_subdag_operator.section-1 to None, run_after=None
[2024-04-27 09:58:01,112] {logging_mixin.py:115} INFO - [2024-04-27 09:58:01,112] {dag.py:2927} INFO - Setting next_dagrun for example_subdag_operator.section-2 to None, run_after=None
[2024-04-27 09:58:01,122] {processor.py:161} INFO - Processing /home/enrico/Documentos/backup/AULA/Alura/Engenharia de dados/projeto_airflow/airflowalura/venv/lib/python3.9/site-packages/airflow/example_dags/example_subdag_operator.py took 0.080 seconds
[2024-04-27 09:58:35,812] {processor.py:153} INFO - Started process (PID=97223) to work on /home/enrico/Documentos/backup/AULA/Alura/Engenharia de dados/projeto_airflow/airflowalura/venv/lib/python3.9/site-packages/airflow/example_dags/example_subdag_operator.py
[2024-04-27 09:58:35,813] {processor.py:641} INFO - Processing file /home/enrico/Documentos/backup/AULA/Alura/Engenharia de dados/projeto_airflow/airflowalura/venv/lib/python3.9/site-packages/airflow/example_dags/example_subdag_operator.py for tasks to queue
[2024-04-27 09:58:35,814] {logging_mixin.py:115} INFO - [2024-04-27 09:58:35,814] {dagbag.py:507} INFO - Filling up the DagBag from /home/enrico/Documentos/backup/AULA/Alura/Engenharia de dados/projeto_airflow/airflowalura/venv/lib/python3.9/site-packages/airflow/example_dags/example_subdag_operator.py
[2024-04-27 09:58:35,840] {processor.py:651} INFO - DAG(s) dict_keys(['example_subdag_operator.section-1', 'example_subdag_operator.section-2', 'example_subdag_operator']) retrieved from /home/enrico/Documentos/backup/AULA/Alura/Engenharia de dados/projeto_airflow/airflowalura/venv/lib/python3.9/site-packages/airflow/example_dags/example_subdag_operator.py
[2024-04-27 09:58:35,851] {logging_mixin.py:115} INFO - [2024-04-27 09:58:35,851] {dag.py:2379} INFO - Sync 3 DAGs
[2024-04-27 09:58:35,860] {logging_mixin.py:115} INFO - [2024-04-27 09:58:35,860] {dag.py:2927} INFO - Setting next_dagrun for example_subdag_operator to 2022-01-01T00:00:00+00:00, run_after=2022-01-01T00:00:00+00:00
[2024-04-27 09:58:35,860] {logging_mixin.py:115} INFO - [2024-04-27 09:58:35,860] {dag.py:2927} INFO - Setting next_dagrun for example_subdag_operator.section-1 to None, run_after=None
[2024-04-27 09:58:35,861] {logging_mixin.py:115} INFO - [2024-04-27 09:58:35,861] {dag.py:2927} INFO - Setting next_dagrun for example_subdag_operator.section-2 to None, run_after=None
[2024-04-27 09:58:35,863] {logging_mixin.py:115} INFO - [2024-04-27 09:58:35,863] {dag.py:2379} INFO - Sync 2 DAGs
[2024-04-27 09:58:35,865] {logging_mixin.py:115} INFO - [2024-04-27 09:58:35,865] {dag.py:2927} INFO - Setting next_dagrun for example_subdag_operator.section-1 to None, run_after=None
[2024-04-27 09:58:35,865] {logging_mixin.py:115} INFO - [2024-04-27 09:58:35,865] {dag.py:2927} INFO - Setting next_dagrun for example_subdag_operator.section-2 to None, run_after=None
[2024-04-27 09:58:35,872] {processor.py:161} INFO - Processing /home/enrico/Documentos/backup/AULA/Alura/Engenharia de dados/projeto_airflow/airflowalura/venv/lib/python3.9/site-packages/airflow/example_dags/example_subdag_operator.py took 0.065 seconds
[2024-04-27 09:59:07,797] {processor.py:153} INFO - Started process (PID=97272) to work on /home/enrico/Documentos/backup/AULA/Alura/Engenharia de dados/projeto_airflow/airflowalura/venv/lib/python3.9/site-packages/airflow/example_dags/example_subdag_operator.py
[2024-04-27 09:59:07,798] {processor.py:641} INFO - Processing file /home/enrico/Documentos/backup/AULA/Alura/Engenharia de dados/projeto_airflow/airflowalura/venv/lib/python3.9/site-packages/airflow/example_dags/example_subdag_operator.py for tasks to queue
[2024-04-27 09:59:07,799] {logging_mixin.py:115} INFO - [2024-04-27 09:59:07,799] {dagbag.py:507} INFO - Filling up the DagBag from /home/enrico/Documentos/backup/AULA/Alura/Engenharia de dados/projeto_airflow/airflowalura/venv/lib/python3.9/site-packages/airflow/example_dags/example_subdag_operator.py
[2024-04-27 09:59:07,820] {processor.py:651} INFO - DAG(s) dict_keys(['example_subdag_operator.section-1', 'example_subdag_operator.section-2', 'example_subdag_operator']) retrieved from /home/enrico/Documentos/backup/AULA/Alura/Engenharia de dados/projeto_airflow/airflowalura/venv/lib/python3.9/site-packages/airflow/example_dags/example_subdag_operator.py
[2024-04-27 09:59:07,833] {logging_mixin.py:115} INFO - [2024-04-27 09:59:07,833] {dag.py:2379} INFO - Sync 3 DAGs
[2024-04-27 09:59:07,843] {logging_mixin.py:115} INFO - [2024-04-27 09:59:07,843] {dag.py:2927} INFO - Setting next_dagrun for example_subdag_operator to 2022-01-01T00:00:00+00:00, run_after=2022-01-01T00:00:00+00:00
[2024-04-27 09:59:07,843] {logging_mixin.py:115} INFO - [2024-04-27 09:59:07,843] {dag.py:2927} INFO - Setting next_dagrun for example_subdag_operator.section-1 to None, run_after=None
[2024-04-27 09:59:07,844] {logging_mixin.py:115} INFO - [2024-04-27 09:59:07,844] {dag.py:2927} INFO - Setting next_dagrun for example_subdag_operator.section-2 to None, run_after=None
[2024-04-27 09:59:07,846] {logging_mixin.py:115} INFO - [2024-04-27 09:59:07,846] {dag.py:2379} INFO - Sync 2 DAGs
[2024-04-27 09:59:07,848] {logging_mixin.py:115} INFO - [2024-04-27 09:59:07,848] {dag.py:2927} INFO - Setting next_dagrun for example_subdag_operator.section-1 to None, run_after=None
[2024-04-27 09:59:07,849] {logging_mixin.py:115} INFO - [2024-04-27 09:59:07,849] {dag.py:2927} INFO - Setting next_dagrun for example_subdag_operator.section-2 to None, run_after=None
[2024-04-27 09:59:07,855] {processor.py:161} INFO - Processing /home/enrico/Documentos/backup/AULA/Alura/Engenharia de dados/projeto_airflow/airflowalura/venv/lib/python3.9/site-packages/airflow/example_dags/example_subdag_operator.py took 0.061 seconds
[2024-04-27 09:59:42,098] {processor.py:153} INFO - Started process (PID=97327) to work on /home/enrico/Documentos/backup/AULA/Alura/Engenharia de dados/projeto_airflow/airflowalura/venv/lib/python3.9/site-packages/airflow/example_dags/example_subdag_operator.py
[2024-04-27 09:59:42,099] {processor.py:641} INFO - Processing file /home/enrico/Documentos/backup/AULA/Alura/Engenharia de dados/projeto_airflow/airflowalura/venv/lib/python3.9/site-packages/airflow/example_dags/example_subdag_operator.py for tasks to queue
[2024-04-27 09:59:42,099] {logging_mixin.py:115} INFO - [2024-04-27 09:59:42,099] {dagbag.py:507} INFO - Filling up the DagBag from /home/enrico/Documentos/backup/AULA/Alura/Engenharia de dados/projeto_airflow/airflowalura/venv/lib/python3.9/site-packages/airflow/example_dags/example_subdag_operator.py
[2024-04-27 09:59:42,113] {processor.py:651} INFO - DAG(s) dict_keys(['example_subdag_operator.section-1', 'example_subdag_operator.section-2', 'example_subdag_operator']) retrieved from /home/enrico/Documentos/backup/AULA/Alura/Engenharia de dados/projeto_airflow/airflowalura/venv/lib/python3.9/site-packages/airflow/example_dags/example_subdag_operator.py
[2024-04-27 09:59:42,121] {logging_mixin.py:115} INFO - [2024-04-27 09:59:42,121] {dag.py:2379} INFO - Sync 3 DAGs
[2024-04-27 09:59:42,130] {logging_mixin.py:115} INFO - [2024-04-27 09:59:42,130] {dag.py:2927} INFO - Setting next_dagrun for example_subdag_operator to 2022-01-01T00:00:00+00:00, run_after=2022-01-01T00:00:00+00:00
[2024-04-27 09:59:42,130] {logging_mixin.py:115} INFO - [2024-04-27 09:59:42,130] {dag.py:2927} INFO - Setting next_dagrun for example_subdag_operator.section-1 to None, run_after=None
[2024-04-27 09:59:42,130] {logging_mixin.py:115} INFO - [2024-04-27 09:59:42,130] {dag.py:2927} INFO - Setting next_dagrun for example_subdag_operator.section-2 to None, run_after=None
[2024-04-27 09:59:42,133] {logging_mixin.py:115} INFO - [2024-04-27 09:59:42,133] {dag.py:2379} INFO - Sync 2 DAGs
[2024-04-27 09:59:42,135] {logging_mixin.py:115} INFO - [2024-04-27 09:59:42,135] {dag.py:2927} INFO - Setting next_dagrun for example_subdag_operator.section-1 to None, run_after=None
[2024-04-27 09:59:42,135] {logging_mixin.py:115} INFO - [2024-04-27 09:59:42,135] {dag.py:2927} INFO - Setting next_dagrun for example_subdag_operator.section-2 to None, run_after=None
[2024-04-27 09:59:42,152] {processor.py:161} INFO - Processing /home/enrico/Documentos/backup/AULA/Alura/Engenharia de dados/projeto_airflow/airflowalura/venv/lib/python3.9/site-packages/airflow/example_dags/example_subdag_operator.py took 0.056 seconds
[2024-04-27 10:00:16,342] {processor.py:153} INFO - Started process (PID=97391) to work on /home/enrico/Documentos/backup/AULA/Alura/Engenharia de dados/projeto_airflow/airflowalura/venv/lib/python3.9/site-packages/airflow/example_dags/example_subdag_operator.py
[2024-04-27 10:00:16,345] {processor.py:641} INFO - Processing file /home/enrico/Documentos/backup/AULA/Alura/Engenharia de dados/projeto_airflow/airflowalura/venv/lib/python3.9/site-packages/airflow/example_dags/example_subdag_operator.py for tasks to queue
[2024-04-27 10:00:16,346] {logging_mixin.py:115} INFO - [2024-04-27 10:00:16,346] {dagbag.py:507} INFO - Filling up the DagBag from /home/enrico/Documentos/backup/AULA/Alura/Engenharia de dados/projeto_airflow/airflowalura/venv/lib/python3.9/site-packages/airflow/example_dags/example_subdag_operator.py
[2024-04-27 10:00:16,380] {processor.py:651} INFO - DAG(s) dict_keys(['example_subdag_operator.section-1', 'example_subdag_operator.section-2', 'example_subdag_operator']) retrieved from /home/enrico/Documentos/backup/AULA/Alura/Engenharia de dados/projeto_airflow/airflowalura/venv/lib/python3.9/site-packages/airflow/example_dags/example_subdag_operator.py
[2024-04-27 10:00:16,393] {logging_mixin.py:115} INFO - [2024-04-27 10:00:16,393] {dag.py:2379} INFO - Sync 3 DAGs
[2024-04-27 10:00:16,403] {logging_mixin.py:115} INFO - [2024-04-27 10:00:16,402] {dag.py:2927} INFO - Setting next_dagrun for example_subdag_operator to 2022-01-01T00:00:00+00:00, run_after=2022-01-01T00:00:00+00:00
[2024-04-27 10:00:16,403] {logging_mixin.py:115} INFO - [2024-04-27 10:00:16,403] {dag.py:2927} INFO - Setting next_dagrun for example_subdag_operator.section-1 to None, run_after=None
[2024-04-27 10:00:16,403] {logging_mixin.py:115} INFO - [2024-04-27 10:00:16,403] {dag.py:2927} INFO - Setting next_dagrun for example_subdag_operator.section-2 to None, run_after=None
[2024-04-27 10:00:16,405] {logging_mixin.py:115} INFO - [2024-04-27 10:00:16,405] {dag.py:2379} INFO - Sync 2 DAGs
[2024-04-27 10:00:16,408] {logging_mixin.py:115} INFO - [2024-04-27 10:00:16,408] {dag.py:2927} INFO - Setting next_dagrun for example_subdag_operator.section-1 to None, run_after=None
[2024-04-27 10:00:16,408] {logging_mixin.py:115} INFO - [2024-04-27 10:00:16,408] {dag.py:2927} INFO - Setting next_dagrun for example_subdag_operator.section-2 to None, run_after=None
[2024-04-27 10:00:16,416] {processor.py:161} INFO - Processing /home/enrico/Documentos/backup/AULA/Alura/Engenharia de dados/projeto_airflow/airflowalura/venv/lib/python3.9/site-packages/airflow/example_dags/example_subdag_operator.py took 0.080 seconds
[2024-04-27 10:00:50,641] {processor.py:153} INFO - Started process (PID=97438) to work on /home/enrico/Documentos/backup/AULA/Alura/Engenharia de dados/projeto_airflow/airflowalura/venv/lib/python3.9/site-packages/airflow/example_dags/example_subdag_operator.py
[2024-04-27 10:00:50,642] {processor.py:641} INFO - Processing file /home/enrico/Documentos/backup/AULA/Alura/Engenharia de dados/projeto_airflow/airflowalura/venv/lib/python3.9/site-packages/airflow/example_dags/example_subdag_operator.py for tasks to queue
[2024-04-27 10:00:50,643] {logging_mixin.py:115} INFO - [2024-04-27 10:00:50,643] {dagbag.py:507} INFO - Filling up the DagBag from /home/enrico/Documentos/backup/AULA/Alura/Engenharia de dados/projeto_airflow/airflowalura/venv/lib/python3.9/site-packages/airflow/example_dags/example_subdag_operator.py
[2024-04-27 10:00:50,675] {processor.py:651} INFO - DAG(s) dict_keys(['example_subdag_operator.section-1', 'example_subdag_operator.section-2', 'example_subdag_operator']) retrieved from /home/enrico/Documentos/backup/AULA/Alura/Engenharia de dados/projeto_airflow/airflowalura/venv/lib/python3.9/site-packages/airflow/example_dags/example_subdag_operator.py
[2024-04-27 10:00:50,688] {logging_mixin.py:115} INFO - [2024-04-27 10:00:50,688] {dag.py:2379} INFO - Sync 3 DAGs
[2024-04-27 10:00:50,698] {logging_mixin.py:115} INFO - [2024-04-27 10:00:50,698] {dag.py:2927} INFO - Setting next_dagrun for example_subdag_operator to 2022-01-01T00:00:00+00:00, run_after=2022-01-01T00:00:00+00:00
[2024-04-27 10:00:50,698] {logging_mixin.py:115} INFO - [2024-04-27 10:00:50,698] {dag.py:2927} INFO - Setting next_dagrun for example_subdag_operator.section-1 to None, run_after=None
[2024-04-27 10:00:50,698] {logging_mixin.py:115} INFO - [2024-04-27 10:00:50,698] {dag.py:2927} INFO - Setting next_dagrun for example_subdag_operator.section-2 to None, run_after=None
[2024-04-27 10:00:50,701] {logging_mixin.py:115} INFO - [2024-04-27 10:00:50,701] {dag.py:2379} INFO - Sync 2 DAGs
[2024-04-27 10:00:50,703] {logging_mixin.py:115} INFO - [2024-04-27 10:00:50,703] {dag.py:2927} INFO - Setting next_dagrun for example_subdag_operator.section-1 to None, run_after=None
[2024-04-27 10:00:50,703] {logging_mixin.py:115} INFO - [2024-04-27 10:00:50,703] {dag.py:2927} INFO - Setting next_dagrun for example_subdag_operator.section-2 to None, run_after=None
[2024-04-27 10:00:50,710] {processor.py:161} INFO - Processing /home/enrico/Documentos/backup/AULA/Alura/Engenharia de dados/projeto_airflow/airflowalura/venv/lib/python3.9/site-packages/airflow/example_dags/example_subdag_operator.py took 0.075 seconds
[2024-04-27 10:01:23,797] {processor.py:153} INFO - Started process (PID=97505) to work on /home/enrico/Documentos/backup/AULA/Alura/Engenharia de dados/projeto_airflow/airflowalura/venv/lib/python3.9/site-packages/airflow/example_dags/example_subdag_operator.py
[2024-04-27 10:01:23,798] {processor.py:641} INFO - Processing file /home/enrico/Documentos/backup/AULA/Alura/Engenharia de dados/projeto_airflow/airflowalura/venv/lib/python3.9/site-packages/airflow/example_dags/example_subdag_operator.py for tasks to queue
[2024-04-27 10:01:23,798] {logging_mixin.py:115} INFO - [2024-04-27 10:01:23,798] {dagbag.py:507} INFO - Filling up the DagBag from /home/enrico/Documentos/backup/AULA/Alura/Engenharia de dados/projeto_airflow/airflowalura/venv/lib/python3.9/site-packages/airflow/example_dags/example_subdag_operator.py
[2024-04-27 10:01:23,809] {processor.py:651} INFO - DAG(s) dict_keys(['example_subdag_operator.section-1', 'example_subdag_operator.section-2', 'example_subdag_operator']) retrieved from /home/enrico/Documentos/backup/AULA/Alura/Engenharia de dados/projeto_airflow/airflowalura/venv/lib/python3.9/site-packages/airflow/example_dags/example_subdag_operator.py
[2024-04-27 10:01:23,819] {logging_mixin.py:115} INFO - [2024-04-27 10:01:23,819] {dag.py:2379} INFO - Sync 3 DAGs
[2024-04-27 10:01:23,828] {logging_mixin.py:115} INFO - [2024-04-27 10:01:23,827] {dag.py:2927} INFO - Setting next_dagrun for example_subdag_operator to 2022-01-01T00:00:00+00:00, run_after=2022-01-01T00:00:00+00:00
[2024-04-27 10:01:23,828] {logging_mixin.py:115} INFO - [2024-04-27 10:01:23,828] {dag.py:2927} INFO - Setting next_dagrun for example_subdag_operator.section-1 to None, run_after=None
[2024-04-27 10:01:23,828] {logging_mixin.py:115} INFO - [2024-04-27 10:01:23,828] {dag.py:2927} INFO - Setting next_dagrun for example_subdag_operator.section-2 to None, run_after=None
[2024-04-27 10:01:23,831] {logging_mixin.py:115} INFO - [2024-04-27 10:01:23,831] {dag.py:2379} INFO - Sync 2 DAGs
[2024-04-27 10:01:23,833] {logging_mixin.py:115} INFO - [2024-04-27 10:01:23,833] {dag.py:2927} INFO - Setting next_dagrun for example_subdag_operator.section-1 to None, run_after=None
[2024-04-27 10:01:23,833] {logging_mixin.py:115} INFO - [2024-04-27 10:01:23,833] {dag.py:2927} INFO - Setting next_dagrun for example_subdag_operator.section-2 to None, run_after=None
[2024-04-27 10:01:23,842] {processor.py:161} INFO - Processing /home/enrico/Documentos/backup/AULA/Alura/Engenharia de dados/projeto_airflow/airflowalura/venv/lib/python3.9/site-packages/airflow/example_dags/example_subdag_operator.py took 0.047 seconds
[2024-04-27 10:01:57,556] {processor.py:153} INFO - Started process (PID=97551) to work on /home/enrico/Documentos/backup/AULA/Alura/Engenharia de dados/projeto_airflow/airflowalura/venv/lib/python3.9/site-packages/airflow/example_dags/example_subdag_operator.py
[2024-04-27 10:01:57,557] {processor.py:641} INFO - Processing file /home/enrico/Documentos/backup/AULA/Alura/Engenharia de dados/projeto_airflow/airflowalura/venv/lib/python3.9/site-packages/airflow/example_dags/example_subdag_operator.py for tasks to queue
[2024-04-27 10:01:57,557] {logging_mixin.py:115} INFO - [2024-04-27 10:01:57,557] {dagbag.py:507} INFO - Filling up the DagBag from /home/enrico/Documentos/backup/AULA/Alura/Engenharia de dados/projeto_airflow/airflowalura/venv/lib/python3.9/site-packages/airflow/example_dags/example_subdag_operator.py
[2024-04-27 10:01:57,569] {processor.py:651} INFO - DAG(s) dict_keys(['example_subdag_operator.section-1', 'example_subdag_operator.section-2', 'example_subdag_operator']) retrieved from /home/enrico/Documentos/backup/AULA/Alura/Engenharia de dados/projeto_airflow/airflowalura/venv/lib/python3.9/site-packages/airflow/example_dags/example_subdag_operator.py
[2024-04-27 10:01:57,579] {logging_mixin.py:115} INFO - [2024-04-27 10:01:57,579] {dag.py:2379} INFO - Sync 3 DAGs
[2024-04-27 10:01:57,588] {logging_mixin.py:115} INFO - [2024-04-27 10:01:57,588] {dag.py:2927} INFO - Setting next_dagrun for example_subdag_operator to 2022-01-01T00:00:00+00:00, run_after=2022-01-01T00:00:00+00:00
[2024-04-27 10:01:57,588] {logging_mixin.py:115} INFO - [2024-04-27 10:01:57,588] {dag.py:2927} INFO - Setting next_dagrun for example_subdag_operator.section-1 to None, run_after=None
[2024-04-27 10:01:57,588] {logging_mixin.py:115} INFO - [2024-04-27 10:01:57,588] {dag.py:2927} INFO - Setting next_dagrun for example_subdag_operator.section-2 to None, run_after=None
[2024-04-27 10:01:57,592] {logging_mixin.py:115} INFO - [2024-04-27 10:01:57,592] {dag.py:2379} INFO - Sync 2 DAGs
[2024-04-27 10:01:57,594] {logging_mixin.py:115} INFO - [2024-04-27 10:01:57,594] {dag.py:2927} INFO - Setting next_dagrun for example_subdag_operator.section-1 to None, run_after=None
[2024-04-27 10:01:57,595] {logging_mixin.py:115} INFO - [2024-04-27 10:01:57,594] {dag.py:2927} INFO - Setting next_dagrun for example_subdag_operator.section-2 to None, run_after=None
[2024-04-27 10:01:57,604] {processor.py:161} INFO - Processing /home/enrico/Documentos/backup/AULA/Alura/Engenharia de dados/projeto_airflow/airflowalura/venv/lib/python3.9/site-packages/airflow/example_dags/example_subdag_operator.py took 0.049 seconds
[2024-04-27 10:02:32,187] {processor.py:153} INFO - Started process (PID=97715) to work on /home/enrico/Documentos/backup/AULA/Alura/Engenharia de dados/projeto_airflow/airflowalura/venv/lib/python3.9/site-packages/airflow/example_dags/example_subdag_operator.py
[2024-04-27 10:02:32,190] {processor.py:641} INFO - Processing file /home/enrico/Documentos/backup/AULA/Alura/Engenharia de dados/projeto_airflow/airflowalura/venv/lib/python3.9/site-packages/airflow/example_dags/example_subdag_operator.py for tasks to queue
[2024-04-27 10:02:32,190] {logging_mixin.py:115} INFO - [2024-04-27 10:02:32,190] {dagbag.py:507} INFO - Filling up the DagBag from /home/enrico/Documentos/backup/AULA/Alura/Engenharia de dados/projeto_airflow/airflowalura/venv/lib/python3.9/site-packages/airflow/example_dags/example_subdag_operator.py
[2024-04-27 10:02:32,203] {processor.py:651} INFO - DAG(s) dict_keys(['example_subdag_operator.section-1', 'example_subdag_operator.section-2', 'example_subdag_operator']) retrieved from /home/enrico/Documentos/backup/AULA/Alura/Engenharia de dados/projeto_airflow/airflowalura/venv/lib/python3.9/site-packages/airflow/example_dags/example_subdag_operator.py
[2024-04-27 10:02:32,215] {logging_mixin.py:115} INFO - [2024-04-27 10:02:32,215] {dag.py:2379} INFO - Sync 3 DAGs
[2024-04-27 10:02:32,224] {logging_mixin.py:115} INFO - [2024-04-27 10:02:32,224] {dag.py:2927} INFO - Setting next_dagrun for example_subdag_operator to 2022-01-01T00:00:00+00:00, run_after=2022-01-01T00:00:00+00:00
[2024-04-27 10:02:32,224] {logging_mixin.py:115} INFO - [2024-04-27 10:02:32,224] {dag.py:2927} INFO - Setting next_dagrun for example_subdag_operator.section-1 to None, run_after=None
[2024-04-27 10:02:32,224] {logging_mixin.py:115} INFO - [2024-04-27 10:02:32,224] {dag.py:2927} INFO - Setting next_dagrun for example_subdag_operator.section-2 to None, run_after=None
[2024-04-27 10:02:32,227] {logging_mixin.py:115} INFO - [2024-04-27 10:02:32,227] {dag.py:2379} INFO - Sync 2 DAGs
[2024-04-27 10:02:32,229] {logging_mixin.py:115} INFO - [2024-04-27 10:02:32,229] {dag.py:2927} INFO - Setting next_dagrun for example_subdag_operator.section-1 to None, run_after=None
[2024-04-27 10:02:32,229] {logging_mixin.py:115} INFO - [2024-04-27 10:02:32,229] {dag.py:2927} INFO - Setting next_dagrun for example_subdag_operator.section-2 to None, run_after=None
[2024-04-27 10:02:32,238] {processor.py:161} INFO - Processing /home/enrico/Documentos/backup/AULA/Alura/Engenharia de dados/projeto_airflow/airflowalura/venv/lib/python3.9/site-packages/airflow/example_dags/example_subdag_operator.py took 0.052 seconds
[2024-04-27 10:03:08,141] {processor.py:153} INFO - Started process (PID=97925) to work on /home/enrico/Documentos/backup/AULA/Alura/Engenharia de dados/projeto_airflow/airflowalura/venv/lib/python3.9/site-packages/airflow/example_dags/example_subdag_operator.py
[2024-04-27 10:03:08,142] {processor.py:641} INFO - Processing file /home/enrico/Documentos/backup/AULA/Alura/Engenharia de dados/projeto_airflow/airflowalura/venv/lib/python3.9/site-packages/airflow/example_dags/example_subdag_operator.py for tasks to queue
[2024-04-27 10:03:08,142] {logging_mixin.py:115} INFO - [2024-04-27 10:03:08,142] {dagbag.py:507} INFO - Filling up the DagBag from /home/enrico/Documentos/backup/AULA/Alura/Engenharia de dados/projeto_airflow/airflowalura/venv/lib/python3.9/site-packages/airflow/example_dags/example_subdag_operator.py
[2024-04-27 10:03:08,155] {processor.py:651} INFO - DAG(s) dict_keys(['example_subdag_operator.section-1', 'example_subdag_operator.section-2', 'example_subdag_operator']) retrieved from /home/enrico/Documentos/backup/AULA/Alura/Engenharia de dados/projeto_airflow/airflowalura/venv/lib/python3.9/site-packages/airflow/example_dags/example_subdag_operator.py
[2024-04-27 10:03:08,166] {logging_mixin.py:115} INFO - [2024-04-27 10:03:08,166] {dag.py:2379} INFO - Sync 3 DAGs
[2024-04-27 10:03:08,174] {logging_mixin.py:115} INFO - [2024-04-27 10:03:08,174] {dag.py:2927} INFO - Setting next_dagrun for example_subdag_operator to 2022-01-01T00:00:00+00:00, run_after=2022-01-01T00:00:00+00:00
[2024-04-27 10:03:08,174] {logging_mixin.py:115} INFO - [2024-04-27 10:03:08,174] {dag.py:2927} INFO - Setting next_dagrun for example_subdag_operator.section-1 to None, run_after=None
[2024-04-27 10:03:08,174] {logging_mixin.py:115} INFO - [2024-04-27 10:03:08,174] {dag.py:2927} INFO - Setting next_dagrun for example_subdag_operator.section-2 to None, run_after=None
[2024-04-27 10:03:08,177] {logging_mixin.py:115} INFO - [2024-04-27 10:03:08,177] {dag.py:2379} INFO - Sync 2 DAGs
[2024-04-27 10:03:08,179] {logging_mixin.py:115} INFO - [2024-04-27 10:03:08,179] {dag.py:2927} INFO - Setting next_dagrun for example_subdag_operator.section-1 to None, run_after=None
[2024-04-27 10:03:08,179] {logging_mixin.py:115} INFO - [2024-04-27 10:03:08,179] {dag.py:2927} INFO - Setting next_dagrun for example_subdag_operator.section-2 to None, run_after=None
[2024-04-27 10:03:08,186] {processor.py:161} INFO - Processing /home/enrico/Documentos/backup/AULA/Alura/Engenharia de dados/projeto_airflow/airflowalura/venv/lib/python3.9/site-packages/airflow/example_dags/example_subdag_operator.py took 0.047 seconds
[2024-04-27 10:03:43,782] {processor.py:153} INFO - Started process (PID=98140) to work on /home/enrico/Documentos/backup/AULA/Alura/Engenharia de dados/projeto_airflow/airflowalura/venv/lib/python3.9/site-packages/airflow/example_dags/example_subdag_operator.py
[2024-04-27 10:03:43,785] {processor.py:641} INFO - Processing file /home/enrico/Documentos/backup/AULA/Alura/Engenharia de dados/projeto_airflow/airflowalura/venv/lib/python3.9/site-packages/airflow/example_dags/example_subdag_operator.py for tasks to queue
[2024-04-27 10:03:43,786] {logging_mixin.py:115} INFO - [2024-04-27 10:03:43,786] {dagbag.py:507} INFO - Filling up the DagBag from /home/enrico/Documentos/backup/AULA/Alura/Engenharia de dados/projeto_airflow/airflowalura/venv/lib/python3.9/site-packages/airflow/example_dags/example_subdag_operator.py
[2024-04-27 10:03:43,815] {processor.py:651} INFO - DAG(s) dict_keys(['example_subdag_operator.section-1', 'example_subdag_operator.section-2', 'example_subdag_operator']) retrieved from /home/enrico/Documentos/backup/AULA/Alura/Engenharia de dados/projeto_airflow/airflowalura/venv/lib/python3.9/site-packages/airflow/example_dags/example_subdag_operator.py
[2024-04-27 10:03:43,828] {logging_mixin.py:115} INFO - [2024-04-27 10:03:43,828] {dag.py:2379} INFO - Sync 3 DAGs
[2024-04-27 10:03:43,837] {logging_mixin.py:115} INFO - [2024-04-27 10:03:43,837] {dag.py:2927} INFO - Setting next_dagrun for example_subdag_operator to 2022-01-01T00:00:00+00:00, run_after=2022-01-01T00:00:00+00:00
[2024-04-27 10:03:43,838] {logging_mixin.py:115} INFO - [2024-04-27 10:03:43,838] {dag.py:2927} INFO - Setting next_dagrun for example_subdag_operator.section-1 to None, run_after=None
[2024-04-27 10:03:43,838] {logging_mixin.py:115} INFO - [2024-04-27 10:03:43,838] {dag.py:2927} INFO - Setting next_dagrun for example_subdag_operator.section-2 to None, run_after=None
[2024-04-27 10:03:43,841] {logging_mixin.py:115} INFO - [2024-04-27 10:03:43,841] {dag.py:2379} INFO - Sync 2 DAGs
[2024-04-27 10:03:43,843] {logging_mixin.py:115} INFO - [2024-04-27 10:03:43,843] {dag.py:2927} INFO - Setting next_dagrun for example_subdag_operator.section-1 to None, run_after=None
[2024-04-27 10:03:43,843] {logging_mixin.py:115} INFO - [2024-04-27 10:03:43,843] {dag.py:2927} INFO - Setting next_dagrun for example_subdag_operator.section-2 to None, run_after=None
[2024-04-27 10:03:43,851] {processor.py:161} INFO - Processing /home/enrico/Documentos/backup/AULA/Alura/Engenharia de dados/projeto_airflow/airflowalura/venv/lib/python3.9/site-packages/airflow/example_dags/example_subdag_operator.py took 0.075 seconds
[2024-04-27 10:04:17,309] {processor.py:153} INFO - Started process (PID=98327) to work on /home/enrico/Documentos/backup/AULA/Alura/Engenharia de dados/projeto_airflow/airflowalura/venv/lib/python3.9/site-packages/airflow/example_dags/example_subdag_operator.py
[2024-04-27 10:04:17,312] {processor.py:641} INFO - Processing file /home/enrico/Documentos/backup/AULA/Alura/Engenharia de dados/projeto_airflow/airflowalura/venv/lib/python3.9/site-packages/airflow/example_dags/example_subdag_operator.py for tasks to queue
[2024-04-27 10:04:17,312] {logging_mixin.py:115} INFO - [2024-04-27 10:04:17,312] {dagbag.py:507} INFO - Filling up the DagBag from /home/enrico/Documentos/backup/AULA/Alura/Engenharia de dados/projeto_airflow/airflowalura/venv/lib/python3.9/site-packages/airflow/example_dags/example_subdag_operator.py
[2024-04-27 10:04:17,323] {processor.py:651} INFO - DAG(s) dict_keys(['example_subdag_operator.section-1', 'example_subdag_operator.section-2', 'example_subdag_operator']) retrieved from /home/enrico/Documentos/backup/AULA/Alura/Engenharia de dados/projeto_airflow/airflowalura/venv/lib/python3.9/site-packages/airflow/example_dags/example_subdag_operator.py
[2024-04-27 10:04:17,332] {logging_mixin.py:115} INFO - [2024-04-27 10:04:17,332] {dag.py:2379} INFO - Sync 3 DAGs
[2024-04-27 10:04:17,341] {logging_mixin.py:115} INFO - [2024-04-27 10:04:17,341] {dag.py:2927} INFO - Setting next_dagrun for example_subdag_operator to 2022-01-01T00:00:00+00:00, run_after=2022-01-01T00:00:00+00:00
[2024-04-27 10:04:17,341] {logging_mixin.py:115} INFO - [2024-04-27 10:04:17,341] {dag.py:2927} INFO - Setting next_dagrun for example_subdag_operator.section-1 to None, run_after=None
[2024-04-27 10:04:17,341] {logging_mixin.py:115} INFO - [2024-04-27 10:04:17,341] {dag.py:2927} INFO - Setting next_dagrun for example_subdag_operator.section-2 to None, run_after=None
[2024-04-27 10:04:17,344] {logging_mixin.py:115} INFO - [2024-04-27 10:04:17,344] {dag.py:2379} INFO - Sync 2 DAGs
[2024-04-27 10:04:17,346] {logging_mixin.py:115} INFO - [2024-04-27 10:04:17,346] {dag.py:2927} INFO - Setting next_dagrun for example_subdag_operator.section-1 to None, run_after=None
[2024-04-27 10:04:17,347] {logging_mixin.py:115} INFO - [2024-04-27 10:04:17,347] {dag.py:2927} INFO - Setting next_dagrun for example_subdag_operator.section-2 to None, run_after=None
[2024-04-27 10:04:17,353] {processor.py:161} INFO - Processing /home/enrico/Documentos/backup/AULA/Alura/Engenharia de dados/projeto_airflow/airflowalura/venv/lib/python3.9/site-packages/airflow/example_dags/example_subdag_operator.py took 0.045 seconds
[2024-04-27 10:04:51,657] {processor.py:153} INFO - Started process (PID=98552) to work on /home/enrico/Documentos/backup/AULA/Alura/Engenharia de dados/projeto_airflow/airflowalura/venv/lib/python3.9/site-packages/airflow/example_dags/example_subdag_operator.py
[2024-04-27 10:04:51,658] {processor.py:641} INFO - Processing file /home/enrico/Documentos/backup/AULA/Alura/Engenharia de dados/projeto_airflow/airflowalura/venv/lib/python3.9/site-packages/airflow/example_dags/example_subdag_operator.py for tasks to queue
[2024-04-27 10:04:51,658] {logging_mixin.py:115} INFO - [2024-04-27 10:04:51,658] {dagbag.py:507} INFO - Filling up the DagBag from /home/enrico/Documentos/backup/AULA/Alura/Engenharia de dados/projeto_airflow/airflowalura/venv/lib/python3.9/site-packages/airflow/example_dags/example_subdag_operator.py
[2024-04-27 10:04:51,670] {processor.py:651} INFO - DAG(s) dict_keys(['example_subdag_operator.section-1', 'example_subdag_operator.section-2', 'example_subdag_operator']) retrieved from /home/enrico/Documentos/backup/AULA/Alura/Engenharia de dados/projeto_airflow/airflowalura/venv/lib/python3.9/site-packages/airflow/example_dags/example_subdag_operator.py
[2024-04-27 10:04:51,680] {logging_mixin.py:115} INFO - [2024-04-27 10:04:51,680] {dag.py:2379} INFO - Sync 3 DAGs
[2024-04-27 10:04:51,691] {logging_mixin.py:115} INFO - [2024-04-27 10:04:51,691] {dag.py:2927} INFO - Setting next_dagrun for example_subdag_operator to 2022-01-01T00:00:00+00:00, run_after=2022-01-01T00:00:00+00:00
[2024-04-27 10:04:51,691] {logging_mixin.py:115} INFO - [2024-04-27 10:04:51,691] {dag.py:2927} INFO - Setting next_dagrun for example_subdag_operator.section-1 to None, run_after=None
[2024-04-27 10:04:51,692] {logging_mixin.py:115} INFO - [2024-04-27 10:04:51,692] {dag.py:2927} INFO - Setting next_dagrun for example_subdag_operator.section-2 to None, run_after=None
[2024-04-27 10:04:51,694] {logging_mixin.py:115} INFO - [2024-04-27 10:04:51,694] {dag.py:2379} INFO - Sync 2 DAGs
[2024-04-27 10:04:51,697] {logging_mixin.py:115} INFO - [2024-04-27 10:04:51,697] {dag.py:2927} INFO - Setting next_dagrun for example_subdag_operator.section-1 to None, run_after=None
[2024-04-27 10:04:51,697] {logging_mixin.py:115} INFO - [2024-04-27 10:04:51,697] {dag.py:2927} INFO - Setting next_dagrun for example_subdag_operator.section-2 to None, run_after=None
[2024-04-27 10:04:51,705] {processor.py:161} INFO - Processing /home/enrico/Documentos/backup/AULA/Alura/Engenharia de dados/projeto_airflow/airflowalura/venv/lib/python3.9/site-packages/airflow/example_dags/example_subdag_operator.py took 0.049 seconds
