[2024-04-27 09:50:09,558] {processor.py:153} INFO - Started process (PID=95888) to work on /home/enrico/Documentos/backup/AULA/Alura/Engenharia de dados/projeto_airflow/airflowalura/venv/lib/python3.9/site-packages/airflow/example_dags/example_task_group_decorator.py
[2024-04-27 09:50:09,559] {processor.py:641} INFO - Processing file /home/enrico/Documentos/backup/AULA/Alura/Engenharia de dados/projeto_airflow/airflowalura/venv/lib/python3.9/site-packages/airflow/example_dags/example_task_group_decorator.py for tasks to queue
[2024-04-27 09:50:09,559] {logging_mixin.py:115} INFO - [2024-04-27 09:50:09,559] {dagbag.py:507} INFO - Filling up the DagBag from /home/enrico/Documentos/backup/AULA/Alura/Engenharia de dados/projeto_airflow/airflowalura/venv/lib/python3.9/site-packages/airflow/example_dags/example_task_group_decorator.py
[2024-04-27 09:50:09,581] {processor.py:651} INFO - DAG(s) dict_keys(['example_task_group_decorator']) retrieved from /home/enrico/Documentos/backup/AULA/Alura/Engenharia de dados/projeto_airflow/airflowalura/venv/lib/python3.9/site-packages/airflow/example_dags/example_task_group_decorator.py
[2024-04-27 09:50:09,605] {logging_mixin.py:115} INFO - [2024-04-27 09:50:09,605] {dag.py:2379} INFO - Sync 1 DAGs
[2024-04-27 09:50:09,615] {logging_mixin.py:115} INFO - [2024-04-27 09:50:09,615] {dag.py:2927} INFO - Setting next_dagrun for example_task_group_decorator to 2024-04-26T12:50:09.615049+00:00, run_after=2024-04-27T12:50:09.615049+00:00
[2024-04-27 09:50:09,629] {processor.py:161} INFO - Processing /home/enrico/Documentos/backup/AULA/Alura/Engenharia de dados/projeto_airflow/airflowalura/venv/lib/python3.9/site-packages/airflow/example_dags/example_task_group_decorator.py took 0.074 seconds
[2024-04-27 09:50:42,805] {processor.py:153} INFO - Started process (PID=96021) to work on /home/enrico/Documentos/backup/AULA/Alura/Engenharia de dados/projeto_airflow/airflowalura/venv/lib/python3.9/site-packages/airflow/example_dags/example_task_group_decorator.py
[2024-04-27 09:50:42,808] {processor.py:641} INFO - Processing file /home/enrico/Documentos/backup/AULA/Alura/Engenharia de dados/projeto_airflow/airflowalura/venv/lib/python3.9/site-packages/airflow/example_dags/example_task_group_decorator.py for tasks to queue
[2024-04-27 09:50:42,808] {logging_mixin.py:115} INFO - [2024-04-27 09:50:42,808] {dagbag.py:507} INFO - Filling up the DagBag from /home/enrico/Documentos/backup/AULA/Alura/Engenharia de dados/projeto_airflow/airflowalura/venv/lib/python3.9/site-packages/airflow/example_dags/example_task_group_decorator.py
[2024-04-27 09:50:42,825] {processor.py:651} INFO - DAG(s) dict_keys(['example_task_group_decorator']) retrieved from /home/enrico/Documentos/backup/AULA/Alura/Engenharia de dados/projeto_airflow/airflowalura/venv/lib/python3.9/site-packages/airflow/example_dags/example_task_group_decorator.py
[2024-04-27 09:50:42,849] {logging_mixin.py:115} INFO - [2024-04-27 09:50:42,849] {dag.py:2379} INFO - Sync 1 DAGs
[2024-04-27 09:50:42,858] {logging_mixin.py:115} INFO - [2024-04-27 09:50:42,858] {dag.py:2927} INFO - Setting next_dagrun for example_task_group_decorator to 2024-04-26T12:50:42.858539+00:00, run_after=2024-04-27T12:50:42.858539+00:00
[2024-04-27 09:50:42,871] {processor.py:161} INFO - Processing /home/enrico/Documentos/backup/AULA/Alura/Engenharia de dados/projeto_airflow/airflowalura/venv/lib/python3.9/site-packages/airflow/example_dags/example_task_group_decorator.py took 0.067 seconds
[2024-04-27 09:51:17,931] {processor.py:153} INFO - Started process (PID=96260) to work on /home/enrico/Documentos/backup/AULA/Alura/Engenharia de dados/projeto_airflow/airflowalura/venv/lib/python3.9/site-packages/airflow/example_dags/example_task_group_decorator.py
[2024-04-27 09:51:17,931] {processor.py:641} INFO - Processing file /home/enrico/Documentos/backup/AULA/Alura/Engenharia de dados/projeto_airflow/airflowalura/venv/lib/python3.9/site-packages/airflow/example_dags/example_task_group_decorator.py for tasks to queue
[2024-04-27 09:51:17,932] {logging_mixin.py:115} INFO - [2024-04-27 09:51:17,932] {dagbag.py:507} INFO - Filling up the DagBag from /home/enrico/Documentos/backup/AULA/Alura/Engenharia de dados/projeto_airflow/airflowalura/venv/lib/python3.9/site-packages/airflow/example_dags/example_task_group_decorator.py
[2024-04-27 09:51:17,947] {processor.py:651} INFO - DAG(s) dict_keys(['example_task_group_decorator']) retrieved from /home/enrico/Documentos/backup/AULA/Alura/Engenharia de dados/projeto_airflow/airflowalura/venv/lib/python3.9/site-packages/airflow/example_dags/example_task_group_decorator.py
[2024-04-27 09:51:17,955] {logging_mixin.py:115} INFO - [2024-04-27 09:51:17,955] {dag.py:2379} INFO - Sync 1 DAGs
[2024-04-27 09:51:17,965] {logging_mixin.py:115} INFO - [2024-04-27 09:51:17,965] {dag.py:2927} INFO - Setting next_dagrun for example_task_group_decorator to 2024-04-26T12:51:17.965002+00:00, run_after=2024-04-27T12:51:17.965002+00:00
[2024-04-27 09:51:17,976] {processor.py:161} INFO - Processing /home/enrico/Documentos/backup/AULA/Alura/Engenharia de dados/projeto_airflow/airflowalura/venv/lib/python3.9/site-packages/airflow/example_dags/example_task_group_decorator.py took 0.046 seconds
[2024-04-27 09:51:55,092] {processor.py:153} INFO - Started process (PID=96409) to work on /home/enrico/Documentos/backup/AULA/Alura/Engenharia de dados/projeto_airflow/airflowalura/venv/lib/python3.9/site-packages/airflow/example_dags/example_task_group_decorator.py
[2024-04-27 09:51:55,095] {processor.py:641} INFO - Processing file /home/enrico/Documentos/backup/AULA/Alura/Engenharia de dados/projeto_airflow/airflowalura/venv/lib/python3.9/site-packages/airflow/example_dags/example_task_group_decorator.py for tasks to queue
[2024-04-27 09:51:55,095] {logging_mixin.py:115} INFO - [2024-04-27 09:51:55,095] {dagbag.py:507} INFO - Filling up the DagBag from /home/enrico/Documentos/backup/AULA/Alura/Engenharia de dados/projeto_airflow/airflowalura/venv/lib/python3.9/site-packages/airflow/example_dags/example_task_group_decorator.py
[2024-04-27 09:51:55,111] {processor.py:651} INFO - DAG(s) dict_keys(['example_task_group_decorator']) retrieved from /home/enrico/Documentos/backup/AULA/Alura/Engenharia de dados/projeto_airflow/airflowalura/venv/lib/python3.9/site-packages/airflow/example_dags/example_task_group_decorator.py
[2024-04-27 09:51:55,136] {logging_mixin.py:115} INFO - [2024-04-27 09:51:55,136] {dag.py:2379} INFO - Sync 1 DAGs
[2024-04-27 09:51:55,145] {logging_mixin.py:115} INFO - [2024-04-27 09:51:55,145] {dag.py:2927} INFO - Setting next_dagrun for example_task_group_decorator to 2024-04-26T12:51:55.145380+00:00, run_after=2024-04-27T12:51:55.145380+00:00
[2024-04-27 09:51:55,158] {processor.py:161} INFO - Processing /home/enrico/Documentos/backup/AULA/Alura/Engenharia de dados/projeto_airflow/airflowalura/venv/lib/python3.9/site-packages/airflow/example_dags/example_task_group_decorator.py took 0.067 seconds
[2024-04-27 09:52:32,387] {processor.py:153} INFO - Started process (PID=96553) to work on /home/enrico/Documentos/backup/AULA/Alura/Engenharia de dados/projeto_airflow/airflowalura/venv/lib/python3.9/site-packages/airflow/example_dags/example_task_group_decorator.py
[2024-04-27 09:52:32,388] {processor.py:641} INFO - Processing file /home/enrico/Documentos/backup/AULA/Alura/Engenharia de dados/projeto_airflow/airflowalura/venv/lib/python3.9/site-packages/airflow/example_dags/example_task_group_decorator.py for tasks to queue
[2024-04-27 09:52:32,388] {logging_mixin.py:115} INFO - [2024-04-27 09:52:32,388] {dagbag.py:507} INFO - Filling up the DagBag from /home/enrico/Documentos/backup/AULA/Alura/Engenharia de dados/projeto_airflow/airflowalura/venv/lib/python3.9/site-packages/airflow/example_dags/example_task_group_decorator.py
[2024-04-27 09:52:32,409] {processor.py:651} INFO - DAG(s) dict_keys(['example_task_group_decorator']) retrieved from /home/enrico/Documentos/backup/AULA/Alura/Engenharia de dados/projeto_airflow/airflowalura/venv/lib/python3.9/site-packages/airflow/example_dags/example_task_group_decorator.py
[2024-04-27 09:52:32,419] {logging_mixin.py:115} INFO - [2024-04-27 09:52:32,419] {dag.py:2379} INFO - Sync 1 DAGs
[2024-04-27 09:52:32,429] {logging_mixin.py:115} INFO - [2024-04-27 09:52:32,429] {dag.py:2927} INFO - Setting next_dagrun for example_task_group_decorator to 2024-04-26T12:52:32.429161+00:00, run_after=2024-04-27T12:52:32.429161+00:00
[2024-04-27 09:52:32,438] {processor.py:161} INFO - Processing /home/enrico/Documentos/backup/AULA/Alura/Engenharia de dados/projeto_airflow/airflowalura/venv/lib/python3.9/site-packages/airflow/example_dags/example_task_group_decorator.py took 0.052 seconds
[2024-04-27 09:53:09,259] {processor.py:153} INFO - Started process (PID=96630) to work on /home/enrico/Documentos/backup/AULA/Alura/Engenharia de dados/projeto_airflow/airflowalura/venv/lib/python3.9/site-packages/airflow/example_dags/example_task_group_decorator.py
[2024-04-27 09:53:09,260] {processor.py:641} INFO - Processing file /home/enrico/Documentos/backup/AULA/Alura/Engenharia de dados/projeto_airflow/airflowalura/venv/lib/python3.9/site-packages/airflow/example_dags/example_task_group_decorator.py for tasks to queue
[2024-04-27 09:53:09,261] {logging_mixin.py:115} INFO - [2024-04-27 09:53:09,261] {dagbag.py:507} INFO - Filling up the DagBag from /home/enrico/Documentos/backup/AULA/Alura/Engenharia de dados/projeto_airflow/airflowalura/venv/lib/python3.9/site-packages/airflow/example_dags/example_task_group_decorator.py
[2024-04-27 09:53:09,298] {processor.py:651} INFO - DAG(s) dict_keys(['example_task_group_decorator']) retrieved from /home/enrico/Documentos/backup/AULA/Alura/Engenharia de dados/projeto_airflow/airflowalura/venv/lib/python3.9/site-packages/airflow/example_dags/example_task_group_decorator.py
[2024-04-27 09:53:09,308] {logging_mixin.py:115} INFO - [2024-04-27 09:53:09,308] {dag.py:2379} INFO - Sync 1 DAGs
[2024-04-27 09:53:09,318] {logging_mixin.py:115} INFO - [2024-04-27 09:53:09,318] {dag.py:2927} INFO - Setting next_dagrun for example_task_group_decorator to 2024-04-26T12:53:09.317873+00:00, run_after=2024-04-27T12:53:09.317873+00:00
[2024-04-27 09:53:09,327] {processor.py:161} INFO - Processing /home/enrico/Documentos/backup/AULA/Alura/Engenharia de dados/projeto_airflow/airflowalura/venv/lib/python3.9/site-packages/airflow/example_dags/example_task_group_decorator.py took 0.073 seconds
[2024-04-27 09:53:43,985] {processor.py:153} INFO - Started process (PID=96682) to work on /home/enrico/Documentos/backup/AULA/Alura/Engenharia de dados/projeto_airflow/airflowalura/venv/lib/python3.9/site-packages/airflow/example_dags/example_task_group_decorator.py
[2024-04-27 09:53:43,989] {processor.py:641} INFO - Processing file /home/enrico/Documentos/backup/AULA/Alura/Engenharia de dados/projeto_airflow/airflowalura/venv/lib/python3.9/site-packages/airflow/example_dags/example_task_group_decorator.py for tasks to queue
[2024-04-27 09:53:43,990] {logging_mixin.py:115} INFO - [2024-04-27 09:53:43,990] {dagbag.py:507} INFO - Filling up the DagBag from /home/enrico/Documentos/backup/AULA/Alura/Engenharia de dados/projeto_airflow/airflowalura/venv/lib/python3.9/site-packages/airflow/example_dags/example_task_group_decorator.py
[2024-04-27 09:53:44,030] {processor.py:651} INFO - DAG(s) dict_keys(['example_task_group_decorator']) retrieved from /home/enrico/Documentos/backup/AULA/Alura/Engenharia de dados/projeto_airflow/airflowalura/venv/lib/python3.9/site-packages/airflow/example_dags/example_task_group_decorator.py
[2024-04-27 09:53:44,040] {logging_mixin.py:115} INFO - [2024-04-27 09:53:44,040] {dag.py:2379} INFO - Sync 1 DAGs
[2024-04-27 09:53:44,051] {logging_mixin.py:115} INFO - [2024-04-27 09:53:44,051] {dag.py:2927} INFO - Setting next_dagrun for example_task_group_decorator to 2024-04-26T12:53:44.051003+00:00, run_after=2024-04-27T12:53:44.051003+00:00
[2024-04-27 09:53:44,061] {processor.py:161} INFO - Processing /home/enrico/Documentos/backup/AULA/Alura/Engenharia de dados/projeto_airflow/airflowalura/venv/lib/python3.9/site-packages/airflow/example_dags/example_task_group_decorator.py took 0.081 seconds
[2024-04-27 09:54:19,382] {processor.py:153} INFO - Started process (PID=96731) to work on /home/enrico/Documentos/backup/AULA/Alura/Engenharia de dados/projeto_airflow/airflowalura/venv/lib/python3.9/site-packages/airflow/example_dags/example_task_group_decorator.py
[2024-04-27 09:54:19,383] {processor.py:641} INFO - Processing file /home/enrico/Documentos/backup/AULA/Alura/Engenharia de dados/projeto_airflow/airflowalura/venv/lib/python3.9/site-packages/airflow/example_dags/example_task_group_decorator.py for tasks to queue
[2024-04-27 09:54:19,384] {logging_mixin.py:115} INFO - [2024-04-27 09:54:19,384] {dagbag.py:507} INFO - Filling up the DagBag from /home/enrico/Documentos/backup/AULA/Alura/Engenharia de dados/projeto_airflow/airflowalura/venv/lib/python3.9/site-packages/airflow/example_dags/example_task_group_decorator.py
[2024-04-27 09:54:19,424] {processor.py:651} INFO - DAG(s) dict_keys(['example_task_group_decorator']) retrieved from /home/enrico/Documentos/backup/AULA/Alura/Engenharia de dados/projeto_airflow/airflowalura/venv/lib/python3.9/site-packages/airflow/example_dags/example_task_group_decorator.py
[2024-04-27 09:54:19,435] {logging_mixin.py:115} INFO - [2024-04-27 09:54:19,435] {dag.py:2379} INFO - Sync 1 DAGs
[2024-04-27 09:54:19,444] {logging_mixin.py:115} INFO - [2024-04-27 09:54:19,444] {dag.py:2927} INFO - Setting next_dagrun for example_task_group_decorator to 2024-04-26T12:54:19.444146+00:00, run_after=2024-04-27T12:54:19.444146+00:00
[2024-04-27 09:54:19,452] {processor.py:161} INFO - Processing /home/enrico/Documentos/backup/AULA/Alura/Engenharia de dados/projeto_airflow/airflowalura/venv/lib/python3.9/site-packages/airflow/example_dags/example_task_group_decorator.py took 0.076 seconds
[2024-04-27 09:54:55,751] {processor.py:153} INFO - Started process (PID=96786) to work on /home/enrico/Documentos/backup/AULA/Alura/Engenharia de dados/projeto_airflow/airflowalura/venv/lib/python3.9/site-packages/airflow/example_dags/example_task_group_decorator.py
[2024-04-27 09:54:55,752] {processor.py:641} INFO - Processing file /home/enrico/Documentos/backup/AULA/Alura/Engenharia de dados/projeto_airflow/airflowalura/venv/lib/python3.9/site-packages/airflow/example_dags/example_task_group_decorator.py for tasks to queue
[2024-04-27 09:54:55,753] {logging_mixin.py:115} INFO - [2024-04-27 09:54:55,753] {dagbag.py:507} INFO - Filling up the DagBag from /home/enrico/Documentos/backup/AULA/Alura/Engenharia de dados/projeto_airflow/airflowalura/venv/lib/python3.9/site-packages/airflow/example_dags/example_task_group_decorator.py
[2024-04-27 09:54:55,791] {processor.py:651} INFO - DAG(s) dict_keys(['example_task_group_decorator']) retrieved from /home/enrico/Documentos/backup/AULA/Alura/Engenharia de dados/projeto_airflow/airflowalura/venv/lib/python3.9/site-packages/airflow/example_dags/example_task_group_decorator.py
[2024-04-27 09:54:55,816] {logging_mixin.py:115} INFO - [2024-04-27 09:54:55,816] {dag.py:2379} INFO - Sync 1 DAGs
[2024-04-27 09:54:55,824] {logging_mixin.py:115} INFO - [2024-04-27 09:54:55,824] {dag.py:2927} INFO - Setting next_dagrun for example_task_group_decorator to 2024-04-26T12:54:55.824728+00:00, run_after=2024-04-27T12:54:55.824728+00:00
[2024-04-27 09:54:55,836] {processor.py:161} INFO - Processing /home/enrico/Documentos/backup/AULA/Alura/Engenharia de dados/projeto_airflow/airflowalura/venv/lib/python3.9/site-packages/airflow/example_dags/example_task_group_decorator.py took 0.090 seconds
[2024-04-27 09:55:28,893] {processor.py:153} INFO - Started process (PID=96841) to work on /home/enrico/Documentos/backup/AULA/Alura/Engenharia de dados/projeto_airflow/airflowalura/venv/lib/python3.9/site-packages/airflow/example_dags/example_task_group_decorator.py
[2024-04-27 09:55:28,895] {processor.py:641} INFO - Processing file /home/enrico/Documentos/backup/AULA/Alura/Engenharia de dados/projeto_airflow/airflowalura/venv/lib/python3.9/site-packages/airflow/example_dags/example_task_group_decorator.py for tasks to queue
[2024-04-27 09:55:28,896] {logging_mixin.py:115} INFO - [2024-04-27 09:55:28,896] {dagbag.py:507} INFO - Filling up the DagBag from /home/enrico/Documentos/backup/AULA/Alura/Engenharia de dados/projeto_airflow/airflowalura/venv/lib/python3.9/site-packages/airflow/example_dags/example_task_group_decorator.py
[2024-04-27 09:55:28,936] {processor.py:651} INFO - DAG(s) dict_keys(['example_task_group_decorator']) retrieved from /home/enrico/Documentos/backup/AULA/Alura/Engenharia de dados/projeto_airflow/airflowalura/venv/lib/python3.9/site-packages/airflow/example_dags/example_task_group_decorator.py
[2024-04-27 09:55:28,946] {logging_mixin.py:115} INFO - [2024-04-27 09:55:28,946] {dag.py:2379} INFO - Sync 1 DAGs
[2024-04-27 09:55:28,955] {logging_mixin.py:115} INFO - [2024-04-27 09:55:28,955] {dag.py:2927} INFO - Setting next_dagrun for example_task_group_decorator to 2024-04-26T12:55:28.955489+00:00, run_after=2024-04-27T12:55:28.955489+00:00
[2024-04-27 09:55:28,965] {processor.py:161} INFO - Processing /home/enrico/Documentos/backup/AULA/Alura/Engenharia de dados/projeto_airflow/airflowalura/venv/lib/python3.9/site-packages/airflow/example_dags/example_task_group_decorator.py took 0.077 seconds
[2024-04-27 09:56:03,532] {processor.py:153} INFO - Started process (PID=96899) to work on /home/enrico/Documentos/backup/AULA/Alura/Engenharia de dados/projeto_airflow/airflowalura/venv/lib/python3.9/site-packages/airflow/example_dags/example_task_group_decorator.py
[2024-04-27 09:56:03,535] {processor.py:641} INFO - Processing file /home/enrico/Documentos/backup/AULA/Alura/Engenharia de dados/projeto_airflow/airflowalura/venv/lib/python3.9/site-packages/airflow/example_dags/example_task_group_decorator.py for tasks to queue
[2024-04-27 09:56:03,535] {logging_mixin.py:115} INFO - [2024-04-27 09:56:03,535] {dagbag.py:507} INFO - Filling up the DagBag from /home/enrico/Documentos/backup/AULA/Alura/Engenharia de dados/projeto_airflow/airflowalura/venv/lib/python3.9/site-packages/airflow/example_dags/example_task_group_decorator.py
[2024-04-27 09:56:03,563] {processor.py:651} INFO - DAG(s) dict_keys(['example_task_group_decorator']) retrieved from /home/enrico/Documentos/backup/AULA/Alura/Engenharia de dados/projeto_airflow/airflowalura/venv/lib/python3.9/site-packages/airflow/example_dags/example_task_group_decorator.py
[2024-04-27 09:56:03,574] {logging_mixin.py:115} INFO - [2024-04-27 09:56:03,574] {dag.py:2379} INFO - Sync 1 DAGs
[2024-04-27 09:56:03,584] {logging_mixin.py:115} INFO - [2024-04-27 09:56:03,584] {dag.py:2927} INFO - Setting next_dagrun for example_task_group_decorator to 2024-04-26T12:56:03.584738+00:00, run_after=2024-04-27T12:56:03.584738+00:00
[2024-04-27 09:56:03,600] {processor.py:161} INFO - Processing /home/enrico/Documentos/backup/AULA/Alura/Engenharia de dados/projeto_airflow/airflowalura/venv/lib/python3.9/site-packages/airflow/example_dags/example_task_group_decorator.py took 0.071 seconds
[2024-04-27 09:56:38,491] {processor.py:153} INFO - Started process (PID=96979) to work on /home/enrico/Documentos/backup/AULA/Alura/Engenharia de dados/projeto_airflow/airflowalura/venv/lib/python3.9/site-packages/airflow/example_dags/example_task_group_decorator.py
[2024-04-27 09:56:38,494] {processor.py:641} INFO - Processing file /home/enrico/Documentos/backup/AULA/Alura/Engenharia de dados/projeto_airflow/airflowalura/venv/lib/python3.9/site-packages/airflow/example_dags/example_task_group_decorator.py for tasks to queue
[2024-04-27 09:56:38,494] {logging_mixin.py:115} INFO - [2024-04-27 09:56:38,494] {dagbag.py:507} INFO - Filling up the DagBag from /home/enrico/Documentos/backup/AULA/Alura/Engenharia de dados/projeto_airflow/airflowalura/venv/lib/python3.9/site-packages/airflow/example_dags/example_task_group_decorator.py
[2024-04-27 09:56:38,513] {processor.py:651} INFO - DAG(s) dict_keys(['example_task_group_decorator']) retrieved from /home/enrico/Documentos/backup/AULA/Alura/Engenharia de dados/projeto_airflow/airflowalura/venv/lib/python3.9/site-packages/airflow/example_dags/example_task_group_decorator.py
[2024-04-27 09:56:38,538] {logging_mixin.py:115} INFO - [2024-04-27 09:56:38,537] {dag.py:2379} INFO - Sync 1 DAGs
[2024-04-27 09:56:38,548] {logging_mixin.py:115} INFO - [2024-04-27 09:56:38,548] {dag.py:2927} INFO - Setting next_dagrun for example_task_group_decorator to 2024-04-26T12:56:38.547886+00:00, run_after=2024-04-27T12:56:38.547886+00:00
[2024-04-27 09:56:38,560] {processor.py:161} INFO - Processing /home/enrico/Documentos/backup/AULA/Alura/Engenharia de dados/projeto_airflow/airflowalura/venv/lib/python3.9/site-packages/airflow/example_dags/example_task_group_decorator.py took 0.071 seconds
[2024-04-27 09:57:12,669] {processor.py:153} INFO - Started process (PID=97087) to work on /home/enrico/Documentos/backup/AULA/Alura/Engenharia de dados/projeto_airflow/airflowalura/venv/lib/python3.9/site-packages/airflow/example_dags/example_task_group_decorator.py
[2024-04-27 09:57:12,670] {processor.py:641} INFO - Processing file /home/enrico/Documentos/backup/AULA/Alura/Engenharia de dados/projeto_airflow/airflowalura/venv/lib/python3.9/site-packages/airflow/example_dags/example_task_group_decorator.py for tasks to queue
[2024-04-27 09:57:12,671] {logging_mixin.py:115} INFO - [2024-04-27 09:57:12,671] {dagbag.py:507} INFO - Filling up the DagBag from /home/enrico/Documentos/backup/AULA/Alura/Engenharia de dados/projeto_airflow/airflowalura/venv/lib/python3.9/site-packages/airflow/example_dags/example_task_group_decorator.py
[2024-04-27 09:57:12,709] {processor.py:651} INFO - DAG(s) dict_keys(['example_task_group_decorator']) retrieved from /home/enrico/Documentos/backup/AULA/Alura/Engenharia de dados/projeto_airflow/airflowalura/venv/lib/python3.9/site-packages/airflow/example_dags/example_task_group_decorator.py
[2024-04-27 09:57:12,719] {logging_mixin.py:115} INFO - [2024-04-27 09:57:12,719] {dag.py:2379} INFO - Sync 1 DAGs
[2024-04-27 09:57:12,727] {logging_mixin.py:115} INFO - [2024-04-27 09:57:12,727] {dag.py:2927} INFO - Setting next_dagrun for example_task_group_decorator to 2024-04-26T12:57:12.727747+00:00, run_after=2024-04-27T12:57:12.727747+00:00
[2024-04-27 09:57:12,741] {processor.py:161} INFO - Processing /home/enrico/Documentos/backup/AULA/Alura/Engenharia de dados/projeto_airflow/airflowalura/venv/lib/python3.9/site-packages/airflow/example_dags/example_task_group_decorator.py took 0.077 seconds
[2024-04-27 09:57:47,187] {processor.py:153} INFO - Started process (PID=97135) to work on /home/enrico/Documentos/backup/AULA/Alura/Engenharia de dados/projeto_airflow/airflowalura/venv/lib/python3.9/site-packages/airflow/example_dags/example_task_group_decorator.py
[2024-04-27 09:57:47,190] {processor.py:641} INFO - Processing file /home/enrico/Documentos/backup/AULA/Alura/Engenharia de dados/projeto_airflow/airflowalura/venv/lib/python3.9/site-packages/airflow/example_dags/example_task_group_decorator.py for tasks to queue
[2024-04-27 09:57:47,191] {logging_mixin.py:115} INFO - [2024-04-27 09:57:47,191] {dagbag.py:507} INFO - Filling up the DagBag from /home/enrico/Documentos/backup/AULA/Alura/Engenharia de dados/projeto_airflow/airflowalura/venv/lib/python3.9/site-packages/airflow/example_dags/example_task_group_decorator.py
[2024-04-27 09:57:47,207] {processor.py:651} INFO - DAG(s) dict_keys(['example_task_group_decorator']) retrieved from /home/enrico/Documentos/backup/AULA/Alura/Engenharia de dados/projeto_airflow/airflowalura/venv/lib/python3.9/site-packages/airflow/example_dags/example_task_group_decorator.py
[2024-04-27 09:57:47,217] {logging_mixin.py:115} INFO - [2024-04-27 09:57:47,217] {dag.py:2379} INFO - Sync 1 DAGs
[2024-04-27 09:57:47,226] {logging_mixin.py:115} INFO - [2024-04-27 09:57:47,226] {dag.py:2927} INFO - Setting next_dagrun for example_task_group_decorator to 2024-04-26T12:57:47.226429+00:00, run_after=2024-04-27T12:57:47.226429+00:00
[2024-04-27 09:57:47,242] {processor.py:161} INFO - Processing /home/enrico/Documentos/backup/AULA/Alura/Engenharia de dados/projeto_airflow/airflowalura/venv/lib/python3.9/site-packages/airflow/example_dags/example_task_group_decorator.py took 0.055 seconds
[2024-04-27 09:58:22,420] {processor.py:153} INFO - Started process (PID=97189) to work on /home/enrico/Documentos/backup/AULA/Alura/Engenharia de dados/projeto_airflow/airflowalura/venv/lib/python3.9/site-packages/airflow/example_dags/example_task_group_decorator.py
[2024-04-27 09:58:22,423] {processor.py:641} INFO - Processing file /home/enrico/Documentos/backup/AULA/Alura/Engenharia de dados/projeto_airflow/airflowalura/venv/lib/python3.9/site-packages/airflow/example_dags/example_task_group_decorator.py for tasks to queue
[2024-04-27 09:58:22,424] {logging_mixin.py:115} INFO - [2024-04-27 09:58:22,424] {dagbag.py:507} INFO - Filling up the DagBag from /home/enrico/Documentos/backup/AULA/Alura/Engenharia de dados/projeto_airflow/airflowalura/venv/lib/python3.9/site-packages/airflow/example_dags/example_task_group_decorator.py
[2024-04-27 09:58:22,464] {processor.py:651} INFO - DAG(s) dict_keys(['example_task_group_decorator']) retrieved from /home/enrico/Documentos/backup/AULA/Alura/Engenharia de dados/projeto_airflow/airflowalura/venv/lib/python3.9/site-packages/airflow/example_dags/example_task_group_decorator.py
[2024-04-27 09:58:22,490] {logging_mixin.py:115} INFO - [2024-04-27 09:58:22,490] {dag.py:2379} INFO - Sync 1 DAGs
[2024-04-27 09:58:22,498] {logging_mixin.py:115} INFO - [2024-04-27 09:58:22,498] {dag.py:2927} INFO - Setting next_dagrun for example_task_group_decorator to 2024-04-26T12:58:22.498539+00:00, run_after=2024-04-27T12:58:22.498539+00:00
[2024-04-27 09:58:22,512] {processor.py:161} INFO - Processing /home/enrico/Documentos/backup/AULA/Alura/Engenharia de dados/projeto_airflow/airflowalura/venv/lib/python3.9/site-packages/airflow/example_dags/example_task_group_decorator.py took 0.098 seconds
[2024-04-27 09:58:59,963] {processor.py:153} INFO - Started process (PID=97257) to work on /home/enrico/Documentos/backup/AULA/Alura/Engenharia de dados/projeto_airflow/airflowalura/venv/lib/python3.9/site-packages/airflow/example_dags/example_task_group_decorator.py
[2024-04-27 09:58:59,967] {processor.py:641} INFO - Processing file /home/enrico/Documentos/backup/AULA/Alura/Engenharia de dados/projeto_airflow/airflowalura/venv/lib/python3.9/site-packages/airflow/example_dags/example_task_group_decorator.py for tasks to queue
[2024-04-27 09:58:59,968] {logging_mixin.py:115} INFO - [2024-04-27 09:58:59,968] {dagbag.py:507} INFO - Filling up the DagBag from /home/enrico/Documentos/backup/AULA/Alura/Engenharia de dados/projeto_airflow/airflowalura/venv/lib/python3.9/site-packages/airflow/example_dags/example_task_group_decorator.py
[2024-04-27 09:59:00,008] {processor.py:651} INFO - DAG(s) dict_keys(['example_task_group_decorator']) retrieved from /home/enrico/Documentos/backup/AULA/Alura/Engenharia de dados/projeto_airflow/airflowalura/venv/lib/python3.9/site-packages/airflow/example_dags/example_task_group_decorator.py
[2024-04-27 09:59:00,018] {logging_mixin.py:115} INFO - [2024-04-27 09:59:00,018] {dag.py:2379} INFO - Sync 1 DAGs
[2024-04-27 09:59:00,028] {logging_mixin.py:115} INFO - [2024-04-27 09:59:00,028] {dag.py:2927} INFO - Setting next_dagrun for example_task_group_decorator to 2024-04-26T12:59:00.028048+00:00, run_after=2024-04-27T12:59:00.028048+00:00
[2024-04-27 09:59:00,038] {processor.py:161} INFO - Processing /home/enrico/Documentos/backup/AULA/Alura/Engenharia de dados/projeto_airflow/airflowalura/venv/lib/python3.9/site-packages/airflow/example_dags/example_task_group_decorator.py took 0.080 seconds
[2024-04-27 09:59:35,758] {processor.py:153} INFO - Started process (PID=97321) to work on /home/enrico/Documentos/backup/AULA/Alura/Engenharia de dados/projeto_airflow/airflowalura/venv/lib/python3.9/site-packages/airflow/example_dags/example_task_group_decorator.py
[2024-04-27 09:59:35,761] {processor.py:641} INFO - Processing file /home/enrico/Documentos/backup/AULA/Alura/Engenharia de dados/projeto_airflow/airflowalura/venv/lib/python3.9/site-packages/airflow/example_dags/example_task_group_decorator.py for tasks to queue
[2024-04-27 09:59:35,763] {logging_mixin.py:115} INFO - [2024-04-27 09:59:35,762] {dagbag.py:507} INFO - Filling up the DagBag from /home/enrico/Documentos/backup/AULA/Alura/Engenharia de dados/projeto_airflow/airflowalura/venv/lib/python3.9/site-packages/airflow/example_dags/example_task_group_decorator.py
[2024-04-27 09:59:35,789] {processor.py:651} INFO - DAG(s) dict_keys(['example_task_group_decorator']) retrieved from /home/enrico/Documentos/backup/AULA/Alura/Engenharia de dados/projeto_airflow/airflowalura/venv/lib/python3.9/site-packages/airflow/example_dags/example_task_group_decorator.py
[2024-04-27 09:59:35,797] {logging_mixin.py:115} INFO - [2024-04-27 09:59:35,797] {dag.py:2379} INFO - Sync 1 DAGs
[2024-04-27 09:59:35,807] {logging_mixin.py:115} INFO - [2024-04-27 09:59:35,807] {dag.py:2927} INFO - Setting next_dagrun for example_task_group_decorator to 2024-04-26T12:59:35.806894+00:00, run_after=2024-04-27T12:59:35.806894+00:00
[2024-04-27 09:59:35,828] {processor.py:161} INFO - Processing /home/enrico/Documentos/backup/AULA/Alura/Engenharia de dados/projeto_airflow/airflowalura/venv/lib/python3.9/site-packages/airflow/example_dags/example_task_group_decorator.py took 0.075 seconds
[2024-04-27 10:00:10,669] {processor.py:153} INFO - Started process (PID=97371) to work on /home/enrico/Documentos/backup/AULA/Alura/Engenharia de dados/projeto_airflow/airflowalura/venv/lib/python3.9/site-packages/airflow/example_dags/example_task_group_decorator.py
[2024-04-27 10:00:10,672] {processor.py:641} INFO - Processing file /home/enrico/Documentos/backup/AULA/Alura/Engenharia de dados/projeto_airflow/airflowalura/venv/lib/python3.9/site-packages/airflow/example_dags/example_task_group_decorator.py for tasks to queue
[2024-04-27 10:00:10,673] {logging_mixin.py:115} INFO - [2024-04-27 10:00:10,673] {dagbag.py:507} INFO - Filling up the DagBag from /home/enrico/Documentos/backup/AULA/Alura/Engenharia de dados/projeto_airflow/airflowalura/venv/lib/python3.9/site-packages/airflow/example_dags/example_task_group_decorator.py
[2024-04-27 10:00:10,713] {processor.py:651} INFO - DAG(s) dict_keys(['example_task_group_decorator']) retrieved from /home/enrico/Documentos/backup/AULA/Alura/Engenharia de dados/projeto_airflow/airflowalura/venv/lib/python3.9/site-packages/airflow/example_dags/example_task_group_decorator.py
[2024-04-27 10:00:10,739] {logging_mixin.py:115} INFO - [2024-04-27 10:00:10,739] {dag.py:2379} INFO - Sync 1 DAGs
[2024-04-27 10:00:10,749] {logging_mixin.py:115} INFO - [2024-04-27 10:00:10,749] {dag.py:2927} INFO - Setting next_dagrun for example_task_group_decorator to 2024-04-26T13:00:10.748953+00:00, run_after=2024-04-27T13:00:10.748953+00:00
[2024-04-27 10:00:10,764] {processor.py:161} INFO - Processing /home/enrico/Documentos/backup/AULA/Alura/Engenharia de dados/projeto_airflow/airflowalura/venv/lib/python3.9/site-packages/airflow/example_dags/example_task_group_decorator.py took 0.101 seconds
[2024-04-27 10:00:45,449] {processor.py:153} INFO - Started process (PID=97423) to work on /home/enrico/Documentos/backup/AULA/Alura/Engenharia de dados/projeto_airflow/airflowalura/venv/lib/python3.9/site-packages/airflow/example_dags/example_task_group_decorator.py
[2024-04-27 10:00:45,452] {processor.py:641} INFO - Processing file /home/enrico/Documentos/backup/AULA/Alura/Engenharia de dados/projeto_airflow/airflowalura/venv/lib/python3.9/site-packages/airflow/example_dags/example_task_group_decorator.py for tasks to queue
[2024-04-27 10:00:45,452] {logging_mixin.py:115} INFO - [2024-04-27 10:00:45,452] {dagbag.py:507} INFO - Filling up the DagBag from /home/enrico/Documentos/backup/AULA/Alura/Engenharia de dados/projeto_airflow/airflowalura/venv/lib/python3.9/site-packages/airflow/example_dags/example_task_group_decorator.py
[2024-04-27 10:00:45,467] {processor.py:651} INFO - DAG(s) dict_keys(['example_task_group_decorator']) retrieved from /home/enrico/Documentos/backup/AULA/Alura/Engenharia de dados/projeto_airflow/airflowalura/venv/lib/python3.9/site-packages/airflow/example_dags/example_task_group_decorator.py
[2024-04-27 10:00:45,476] {logging_mixin.py:115} INFO - [2024-04-27 10:00:45,476] {dag.py:2379} INFO - Sync 1 DAGs
[2024-04-27 10:00:45,485] {logging_mixin.py:115} INFO - [2024-04-27 10:00:45,485] {dag.py:2927} INFO - Setting next_dagrun for example_task_group_decorator to 2024-04-26T13:00:45.485244+00:00, run_after=2024-04-27T13:00:45.485244+00:00
[2024-04-27 10:00:45,501] {processor.py:161} INFO - Processing /home/enrico/Documentos/backup/AULA/Alura/Engenharia de dados/projeto_airflow/airflowalura/venv/lib/python3.9/site-packages/airflow/example_dags/example_task_group_decorator.py took 0.053 seconds
[2024-04-27 10:01:20,241] {processor.py:153} INFO - Started process (PID=97500) to work on /home/enrico/Documentos/backup/AULA/Alura/Engenharia de dados/projeto_airflow/airflowalura/venv/lib/python3.9/site-packages/airflow/example_dags/example_task_group_decorator.py
[2024-04-27 10:01:20,244] {processor.py:641} INFO - Processing file /home/enrico/Documentos/backup/AULA/Alura/Engenharia de dados/projeto_airflow/airflowalura/venv/lib/python3.9/site-packages/airflow/example_dags/example_task_group_decorator.py for tasks to queue
[2024-04-27 10:01:20,244] {logging_mixin.py:115} INFO - [2024-04-27 10:01:20,244] {dagbag.py:507} INFO - Filling up the DagBag from /home/enrico/Documentos/backup/AULA/Alura/Engenharia de dados/projeto_airflow/airflowalura/venv/lib/python3.9/site-packages/airflow/example_dags/example_task_group_decorator.py
[2024-04-27 10:01:20,262] {processor.py:651} INFO - DAG(s) dict_keys(['example_task_group_decorator']) retrieved from /home/enrico/Documentos/backup/AULA/Alura/Engenharia de dados/projeto_airflow/airflowalura/venv/lib/python3.9/site-packages/airflow/example_dags/example_task_group_decorator.py
[2024-04-27 10:01:20,272] {logging_mixin.py:115} INFO - [2024-04-27 10:01:20,272] {dag.py:2379} INFO - Sync 1 DAGs
[2024-04-27 10:01:20,282] {logging_mixin.py:115} INFO - [2024-04-27 10:01:20,282] {dag.py:2927} INFO - Setting next_dagrun for example_task_group_decorator to 2024-04-26T13:01:20.282067+00:00, run_after=2024-04-27T13:01:20.282067+00:00
[2024-04-27 10:01:20,295] {processor.py:161} INFO - Processing /home/enrico/Documentos/backup/AULA/Alura/Engenharia de dados/projeto_airflow/airflowalura/venv/lib/python3.9/site-packages/airflow/example_dags/example_task_group_decorator.py took 0.055 seconds
[2024-04-27 10:01:54,176] {processor.py:153} INFO - Started process (PID=97548) to work on /home/enrico/Documentos/backup/AULA/Alura/Engenharia de dados/projeto_airflow/airflowalura/venv/lib/python3.9/site-packages/airflow/example_dags/example_task_group_decorator.py
[2024-04-27 10:01:54,179] {processor.py:641} INFO - Processing file /home/enrico/Documentos/backup/AULA/Alura/Engenharia de dados/projeto_airflow/airflowalura/venv/lib/python3.9/site-packages/airflow/example_dags/example_task_group_decorator.py for tasks to queue
[2024-04-27 10:01:54,179] {logging_mixin.py:115} INFO - [2024-04-27 10:01:54,179] {dagbag.py:507} INFO - Filling up the DagBag from /home/enrico/Documentos/backup/AULA/Alura/Engenharia de dados/projeto_airflow/airflowalura/venv/lib/python3.9/site-packages/airflow/example_dags/example_task_group_decorator.py
[2024-04-27 10:01:54,194] {processor.py:651} INFO - DAG(s) dict_keys(['example_task_group_decorator']) retrieved from /home/enrico/Documentos/backup/AULA/Alura/Engenharia de dados/projeto_airflow/airflowalura/venv/lib/python3.9/site-packages/airflow/example_dags/example_task_group_decorator.py
[2024-04-27 10:01:54,203] {logging_mixin.py:115} INFO - [2024-04-27 10:01:54,203] {dag.py:2379} INFO - Sync 1 DAGs
[2024-04-27 10:01:54,213] {logging_mixin.py:115} INFO - [2024-04-27 10:01:54,213] {dag.py:2927} INFO - Setting next_dagrun for example_task_group_decorator to 2024-04-26T13:01:54.213045+00:00, run_after=2024-04-27T13:01:54.213045+00:00
[2024-04-27 10:01:54,223] {processor.py:161} INFO - Processing /home/enrico/Documentos/backup/AULA/Alura/Engenharia de dados/projeto_airflow/airflowalura/venv/lib/python3.9/site-packages/airflow/example_dags/example_task_group_decorator.py took 0.048 seconds
[2024-04-27 10:02:33,865] {processor.py:153} INFO - Started process (PID=97717) to work on /home/enrico/Documentos/backup/AULA/Alura/Engenharia de dados/projeto_airflow/airflowalura/venv/lib/python3.9/site-packages/airflow/example_dags/example_task_group_decorator.py
[2024-04-27 10:02:33,865] {processor.py:641} INFO - Processing file /home/enrico/Documentos/backup/AULA/Alura/Engenharia de dados/projeto_airflow/airflowalura/venv/lib/python3.9/site-packages/airflow/example_dags/example_task_group_decorator.py for tasks to queue
[2024-04-27 10:02:33,866] {logging_mixin.py:115} INFO - [2024-04-27 10:02:33,866] {dagbag.py:507} INFO - Filling up the DagBag from /home/enrico/Documentos/backup/AULA/Alura/Engenharia de dados/projeto_airflow/airflowalura/venv/lib/python3.9/site-packages/airflow/example_dags/example_task_group_decorator.py
[2024-04-27 10:02:33,882] {processor.py:651} INFO - DAG(s) dict_keys(['example_task_group_decorator']) retrieved from /home/enrico/Documentos/backup/AULA/Alura/Engenharia de dados/projeto_airflow/airflowalura/venv/lib/python3.9/site-packages/airflow/example_dags/example_task_group_decorator.py
[2024-04-27 10:02:33,893] {logging_mixin.py:115} INFO - [2024-04-27 10:02:33,893] {dag.py:2379} INFO - Sync 1 DAGs
[2024-04-27 10:02:33,903] {logging_mixin.py:115} INFO - [2024-04-27 10:02:33,902] {dag.py:2927} INFO - Setting next_dagrun for example_task_group_decorator to 2024-04-26T13:02:33.902739+00:00, run_after=2024-04-27T13:02:33.902739+00:00
[2024-04-27 10:02:33,912] {processor.py:161} INFO - Processing /home/enrico/Documentos/backup/AULA/Alura/Engenharia de dados/projeto_airflow/airflowalura/venv/lib/python3.9/site-packages/airflow/example_dags/example_task_group_decorator.py took 0.049 seconds
[2024-04-27 10:03:11,518] {processor.py:153} INFO - Started process (PID=97929) to work on /home/enrico/Documentos/backup/AULA/Alura/Engenharia de dados/projeto_airflow/airflowalura/venv/lib/python3.9/site-packages/airflow/example_dags/example_task_group_decorator.py
[2024-04-27 10:03:11,520] {processor.py:641} INFO - Processing file /home/enrico/Documentos/backup/AULA/Alura/Engenharia de dados/projeto_airflow/airflowalura/venv/lib/python3.9/site-packages/airflow/example_dags/example_task_group_decorator.py for tasks to queue
[2024-04-27 10:03:11,521] {logging_mixin.py:115} INFO - [2024-04-27 10:03:11,521] {dagbag.py:507} INFO - Filling up the DagBag from /home/enrico/Documentos/backup/AULA/Alura/Engenharia de dados/projeto_airflow/airflowalura/venv/lib/python3.9/site-packages/airflow/example_dags/example_task_group_decorator.py
[2024-04-27 10:03:11,538] {processor.py:651} INFO - DAG(s) dict_keys(['example_task_group_decorator']) retrieved from /home/enrico/Documentos/backup/AULA/Alura/Engenharia de dados/projeto_airflow/airflowalura/venv/lib/python3.9/site-packages/airflow/example_dags/example_task_group_decorator.py
[2024-04-27 10:03:11,566] {logging_mixin.py:115} INFO - [2024-04-27 10:03:11,566] {dag.py:2379} INFO - Sync 1 DAGs
[2024-04-27 10:03:11,577] {logging_mixin.py:115} INFO - [2024-04-27 10:03:11,577] {dag.py:2927} INFO - Setting next_dagrun for example_task_group_decorator to 2024-04-26T13:03:11.577268+00:00, run_after=2024-04-27T13:03:11.577268+00:00
[2024-04-27 10:03:11,590] {processor.py:161} INFO - Processing /home/enrico/Documentos/backup/AULA/Alura/Engenharia de dados/projeto_airflow/airflowalura/venv/lib/python3.9/site-packages/airflow/example_dags/example_task_group_decorator.py took 0.074 seconds
[2024-04-27 10:03:45,814] {processor.py:153} INFO - Started process (PID=98143) to work on /home/enrico/Documentos/backup/AULA/Alura/Engenharia de dados/projeto_airflow/airflowalura/venv/lib/python3.9/site-packages/airflow/example_dags/example_task_group_decorator.py
[2024-04-27 10:03:45,815] {processor.py:641} INFO - Processing file /home/enrico/Documentos/backup/AULA/Alura/Engenharia de dados/projeto_airflow/airflowalura/venv/lib/python3.9/site-packages/airflow/example_dags/example_task_group_decorator.py for tasks to queue
[2024-04-27 10:03:45,815] {logging_mixin.py:115} INFO - [2024-04-27 10:03:45,815] {dagbag.py:507} INFO - Filling up the DagBag from /home/enrico/Documentos/backup/AULA/Alura/Engenharia de dados/projeto_airflow/airflowalura/venv/lib/python3.9/site-packages/airflow/example_dags/example_task_group_decorator.py
[2024-04-27 10:03:45,832] {processor.py:651} INFO - DAG(s) dict_keys(['example_task_group_decorator']) retrieved from /home/enrico/Documentos/backup/AULA/Alura/Engenharia de dados/projeto_airflow/airflowalura/venv/lib/python3.9/site-packages/airflow/example_dags/example_task_group_decorator.py
[2024-04-27 10:03:45,842] {logging_mixin.py:115} INFO - [2024-04-27 10:03:45,842] {dag.py:2379} INFO - Sync 1 DAGs
[2024-04-27 10:03:45,852] {logging_mixin.py:115} INFO - [2024-04-27 10:03:45,852] {dag.py:2927} INFO - Setting next_dagrun for example_task_group_decorator to 2024-04-26T13:03:45.852064+00:00, run_after=2024-04-27T13:03:45.852064+00:00
[2024-04-27 10:03:45,861] {processor.py:161} INFO - Processing /home/enrico/Documentos/backup/AULA/Alura/Engenharia de dados/projeto_airflow/airflowalura/venv/lib/python3.9/site-packages/airflow/example_dags/example_task_group_decorator.py took 0.048 seconds
[2024-04-27 10:04:20,567] {processor.py:153} INFO - Started process (PID=98354) to work on /home/enrico/Documentos/backup/AULA/Alura/Engenharia de dados/projeto_airflow/airflowalura/venv/lib/python3.9/site-packages/airflow/example_dags/example_task_group_decorator.py
[2024-04-27 10:04:20,569] {processor.py:641} INFO - Processing file /home/enrico/Documentos/backup/AULA/Alura/Engenharia de dados/projeto_airflow/airflowalura/venv/lib/python3.9/site-packages/airflow/example_dags/example_task_group_decorator.py for tasks to queue
[2024-04-27 10:04:20,570] {logging_mixin.py:115} INFO - [2024-04-27 10:04:20,570] {dagbag.py:507} INFO - Filling up the DagBag from /home/enrico/Documentos/backup/AULA/Alura/Engenharia de dados/projeto_airflow/airflowalura/venv/lib/python3.9/site-packages/airflow/example_dags/example_task_group_decorator.py
[2024-04-27 10:04:20,585] {processor.py:651} INFO - DAG(s) dict_keys(['example_task_group_decorator']) retrieved from /home/enrico/Documentos/backup/AULA/Alura/Engenharia de dados/projeto_airflow/airflowalura/venv/lib/python3.9/site-packages/airflow/example_dags/example_task_group_decorator.py
[2024-04-27 10:04:20,593] {logging_mixin.py:115} INFO - [2024-04-27 10:04:20,593] {dag.py:2379} INFO - Sync 1 DAGs
[2024-04-27 10:04:20,603] {logging_mixin.py:115} INFO - [2024-04-27 10:04:20,603] {dag.py:2927} INFO - Setting next_dagrun for example_task_group_decorator to 2024-04-26T13:04:20.602869+00:00, run_after=2024-04-27T13:04:20.602869+00:00
[2024-04-27 10:04:20,614] {processor.py:161} INFO - Processing /home/enrico/Documentos/backup/AULA/Alura/Engenharia de dados/projeto_airflow/airflowalura/venv/lib/python3.9/site-packages/airflow/example_dags/example_task_group_decorator.py took 0.048 seconds
[2024-04-27 10:04:54,919] {processor.py:153} INFO - Started process (PID=98557) to work on /home/enrico/Documentos/backup/AULA/Alura/Engenharia de dados/projeto_airflow/airflowalura/venv/lib/python3.9/site-packages/airflow/example_dags/example_task_group_decorator.py
[2024-04-27 10:04:54,919] {processor.py:641} INFO - Processing file /home/enrico/Documentos/backup/AULA/Alura/Engenharia de dados/projeto_airflow/airflowalura/venv/lib/python3.9/site-packages/airflow/example_dags/example_task_group_decorator.py for tasks to queue
[2024-04-27 10:04:54,920] {logging_mixin.py:115} INFO - [2024-04-27 10:04:54,920] {dagbag.py:507} INFO - Filling up the DagBag from /home/enrico/Documentos/backup/AULA/Alura/Engenharia de dados/projeto_airflow/airflowalura/venv/lib/python3.9/site-packages/airflow/example_dags/example_task_group_decorator.py
[2024-04-27 10:04:54,935] {processor.py:651} INFO - DAG(s) dict_keys(['example_task_group_decorator']) retrieved from /home/enrico/Documentos/backup/AULA/Alura/Engenharia de dados/projeto_airflow/airflowalura/venv/lib/python3.9/site-packages/airflow/example_dags/example_task_group_decorator.py
[2024-04-27 10:04:54,963] {logging_mixin.py:115} INFO - [2024-04-27 10:04:54,962] {dag.py:2379} INFO - Sync 1 DAGs
[2024-04-27 10:04:54,974] {logging_mixin.py:115} INFO - [2024-04-27 10:04:54,974] {dag.py:2927} INFO - Setting next_dagrun for example_task_group_decorator to 2024-04-26T13:04:54.974487+00:00, run_after=2024-04-27T13:04:54.974487+00:00
[2024-04-27 10:04:54,990] {processor.py:161} INFO - Processing /home/enrico/Documentos/backup/AULA/Alura/Engenharia de dados/projeto_airflow/airflowalura/venv/lib/python3.9/site-packages/airflow/example_dags/example_task_group_decorator.py took 0.072 seconds
