[2024-04-27 09:50:09,076] {processor.py:153} INFO - Started process (PID=95887) to work on /home/enrico/Documentos/backup/AULA/Alura/Engenharia de dados/projeto_airflow/airflowalura/venv/lib/python3.9/site-packages/airflow/example_dags/example_dag_decorator.py
[2024-04-27 09:50:09,077] {processor.py:641} INFO - Processing file /home/enrico/Documentos/backup/AULA/Alura/Engenharia de dados/projeto_airflow/airflowalura/venv/lib/python3.9/site-packages/airflow/example_dags/example_dag_decorator.py for tasks to queue
[2024-04-27 09:50:09,077] {logging_mixin.py:115} INFO - [2024-04-27 09:50:09,077] {dagbag.py:507} INFO - Filling up the DagBag from /home/enrico/Documentos/backup/AULA/Alura/Engenharia de dados/projeto_airflow/airflowalura/venv/lib/python3.9/site-packages/airflow/example_dags/example_dag_decorator.py
[2024-04-27 09:50:09,110] {processor.py:651} INFO - DAG(s) dict_keys(['example_dag_decorator']) retrieved from /home/enrico/Documentos/backup/AULA/Alura/Engenharia de dados/projeto_airflow/airflowalura/venv/lib/python3.9/site-packages/airflow/example_dags/example_dag_decorator.py
[2024-04-27 09:50:09,132] {logging_mixin.py:115} INFO - [2024-04-27 09:50:09,132] {dag.py:2379} INFO - Sync 1 DAGs
[2024-04-27 09:50:09,140] {logging_mixin.py:115} INFO - [2024-04-27 09:50:09,140] {dag.py:2927} INFO - Setting next_dagrun for example_dag_decorator to None, run_after=None
[2024-04-27 09:50:09,150] {processor.py:161} INFO - Processing /home/enrico/Documentos/backup/AULA/Alura/Engenharia de dados/projeto_airflow/airflowalura/venv/lib/python3.9/site-packages/airflow/example_dags/example_dag_decorator.py took 0.077 seconds
[2024-04-27 09:50:41,679] {processor.py:153} INFO - Started process (PID=96020) to work on /home/enrico/Documentos/backup/AULA/Alura/Engenharia de dados/projeto_airflow/airflowalura/venv/lib/python3.9/site-packages/airflow/example_dags/example_dag_decorator.py
[2024-04-27 09:50:41,679] {processor.py:641} INFO - Processing file /home/enrico/Documentos/backup/AULA/Alura/Engenharia de dados/projeto_airflow/airflowalura/venv/lib/python3.9/site-packages/airflow/example_dags/example_dag_decorator.py for tasks to queue
[2024-04-27 09:50:41,679] {logging_mixin.py:115} INFO - [2024-04-27 09:50:41,679] {dagbag.py:507} INFO - Filling up the DagBag from /home/enrico/Documentos/backup/AULA/Alura/Engenharia de dados/projeto_airflow/airflowalura/venv/lib/python3.9/site-packages/airflow/example_dags/example_dag_decorator.py
[2024-04-27 09:50:41,694] {processor.py:651} INFO - DAG(s) dict_keys(['example_dag_decorator']) retrieved from /home/enrico/Documentos/backup/AULA/Alura/Engenharia de dados/projeto_airflow/airflowalura/venv/lib/python3.9/site-packages/airflow/example_dags/example_dag_decorator.py
[2024-04-27 09:50:41,719] {logging_mixin.py:115} INFO - [2024-04-27 09:50:41,719] {dag.py:2379} INFO - Sync 1 DAGs
[2024-04-27 09:50:41,727] {logging_mixin.py:115} INFO - [2024-04-27 09:50:41,727] {dag.py:2927} INFO - Setting next_dagrun for example_dag_decorator to None, run_after=None
[2024-04-27 09:50:41,739] {processor.py:161} INFO - Processing /home/enrico/Documentos/backup/AULA/Alura/Engenharia de dados/projeto_airflow/airflowalura/venv/lib/python3.9/site-packages/airflow/example_dags/example_dag_decorator.py took 0.061 seconds
[2024-04-27 09:51:16,790] {processor.py:153} INFO - Started process (PID=96258) to work on /home/enrico/Documentos/backup/AULA/Alura/Engenharia de dados/projeto_airflow/airflowalura/venv/lib/python3.9/site-packages/airflow/example_dags/example_dag_decorator.py
[2024-04-27 09:51:16,791] {processor.py:641} INFO - Processing file /home/enrico/Documentos/backup/AULA/Alura/Engenharia de dados/projeto_airflow/airflowalura/venv/lib/python3.9/site-packages/airflow/example_dags/example_dag_decorator.py for tasks to queue
[2024-04-27 09:51:16,792] {logging_mixin.py:115} INFO - [2024-04-27 09:51:16,792] {dagbag.py:507} INFO - Filling up the DagBag from /home/enrico/Documentos/backup/AULA/Alura/Engenharia de dados/projeto_airflow/airflowalura/venv/lib/python3.9/site-packages/airflow/example_dags/example_dag_decorator.py
[2024-04-27 09:51:16,829] {processor.py:651} INFO - DAG(s) dict_keys(['example_dag_decorator']) retrieved from /home/enrico/Documentos/backup/AULA/Alura/Engenharia de dados/projeto_airflow/airflowalura/venv/lib/python3.9/site-packages/airflow/example_dags/example_dag_decorator.py
[2024-04-27 09:51:16,839] {logging_mixin.py:115} INFO - [2024-04-27 09:51:16,839] {dag.py:2379} INFO - Sync 1 DAGs
[2024-04-27 09:51:16,849] {logging_mixin.py:115} INFO - [2024-04-27 09:51:16,849] {dag.py:2927} INFO - Setting next_dagrun for example_dag_decorator to None, run_after=None
[2024-04-27 09:51:16,857] {processor.py:161} INFO - Processing /home/enrico/Documentos/backup/AULA/Alura/Engenharia de dados/projeto_airflow/airflowalura/venv/lib/python3.9/site-packages/airflow/example_dags/example_dag_decorator.py took 0.072 seconds
[2024-04-27 09:51:53,965] {processor.py:153} INFO - Started process (PID=96408) to work on /home/enrico/Documentos/backup/AULA/Alura/Engenharia de dados/projeto_airflow/airflowalura/venv/lib/python3.9/site-packages/airflow/example_dags/example_dag_decorator.py
[2024-04-27 09:51:53,968] {processor.py:641} INFO - Processing file /home/enrico/Documentos/backup/AULA/Alura/Engenharia de dados/projeto_airflow/airflowalura/venv/lib/python3.9/site-packages/airflow/example_dags/example_dag_decorator.py for tasks to queue
[2024-04-27 09:51:53,969] {logging_mixin.py:115} INFO - [2024-04-27 09:51:53,969] {dagbag.py:507} INFO - Filling up the DagBag from /home/enrico/Documentos/backup/AULA/Alura/Engenharia de dados/projeto_airflow/airflowalura/venv/lib/python3.9/site-packages/airflow/example_dags/example_dag_decorator.py
[2024-04-27 09:51:54,006] {processor.py:651} INFO - DAG(s) dict_keys(['example_dag_decorator']) retrieved from /home/enrico/Documentos/backup/AULA/Alura/Engenharia de dados/projeto_airflow/airflowalura/venv/lib/python3.9/site-packages/airflow/example_dags/example_dag_decorator.py
[2024-04-27 09:51:54,017] {logging_mixin.py:115} INFO - [2024-04-27 09:51:54,017] {dag.py:2379} INFO - Sync 1 DAGs
[2024-04-27 09:51:54,026] {logging_mixin.py:115} INFO - [2024-04-27 09:51:54,026] {dag.py:2927} INFO - Setting next_dagrun for example_dag_decorator to None, run_after=None
[2024-04-27 09:51:54,042] {processor.py:161} INFO - Processing /home/enrico/Documentos/backup/AULA/Alura/Engenharia de dados/projeto_airflow/airflowalura/venv/lib/python3.9/site-packages/airflow/example_dags/example_dag_decorator.py took 0.082 seconds
[2024-04-27 09:52:31,253] {processor.py:153} INFO - Started process (PID=96549) to work on /home/enrico/Documentos/backup/AULA/Alura/Engenharia de dados/projeto_airflow/airflowalura/venv/lib/python3.9/site-packages/airflow/example_dags/example_dag_decorator.py
[2024-04-27 09:52:31,256] {processor.py:641} INFO - Processing file /home/enrico/Documentos/backup/AULA/Alura/Engenharia de dados/projeto_airflow/airflowalura/venv/lib/python3.9/site-packages/airflow/example_dags/example_dag_decorator.py for tasks to queue
[2024-04-27 09:52:31,256] {logging_mixin.py:115} INFO - [2024-04-27 09:52:31,256] {dagbag.py:507} INFO - Filling up the DagBag from /home/enrico/Documentos/backup/AULA/Alura/Engenharia de dados/projeto_airflow/airflowalura/venv/lib/python3.9/site-packages/airflow/example_dags/example_dag_decorator.py
[2024-04-27 09:52:31,273] {processor.py:651} INFO - DAG(s) dict_keys(['example_dag_decorator']) retrieved from /home/enrico/Documentos/backup/AULA/Alura/Engenharia de dados/projeto_airflow/airflowalura/venv/lib/python3.9/site-packages/airflow/example_dags/example_dag_decorator.py
[2024-04-27 09:52:31,282] {logging_mixin.py:115} INFO - [2024-04-27 09:52:31,282] {dag.py:2379} INFO - Sync 1 DAGs
[2024-04-27 09:52:31,292] {logging_mixin.py:115} INFO - [2024-04-27 09:52:31,292] {dag.py:2927} INFO - Setting next_dagrun for example_dag_decorator to None, run_after=None
[2024-04-27 09:52:31,302] {processor.py:161} INFO - Processing /home/enrico/Documentos/backup/AULA/Alura/Engenharia de dados/projeto_airflow/airflowalura/venv/lib/python3.9/site-packages/airflow/example_dags/example_dag_decorator.py took 0.053 seconds
[2024-04-27 09:53:08,122] {processor.py:153} INFO - Started process (PID=96629) to work on /home/enrico/Documentos/backup/AULA/Alura/Engenharia de dados/projeto_airflow/airflowalura/venv/lib/python3.9/site-packages/airflow/example_dags/example_dag_decorator.py
[2024-04-27 09:53:08,123] {processor.py:641} INFO - Processing file /home/enrico/Documentos/backup/AULA/Alura/Engenharia de dados/projeto_airflow/airflowalura/venv/lib/python3.9/site-packages/airflow/example_dags/example_dag_decorator.py for tasks to queue
[2024-04-27 09:53:08,123] {logging_mixin.py:115} INFO - [2024-04-27 09:53:08,123] {dagbag.py:507} INFO - Filling up the DagBag from /home/enrico/Documentos/backup/AULA/Alura/Engenharia de dados/projeto_airflow/airflowalura/venv/lib/python3.9/site-packages/airflow/example_dags/example_dag_decorator.py
[2024-04-27 09:53:08,138] {processor.py:651} INFO - DAG(s) dict_keys(['example_dag_decorator']) retrieved from /home/enrico/Documentos/backup/AULA/Alura/Engenharia de dados/projeto_airflow/airflowalura/venv/lib/python3.9/site-packages/airflow/example_dags/example_dag_decorator.py
[2024-04-27 09:53:08,146] {logging_mixin.py:115} INFO - [2024-04-27 09:53:08,146] {dag.py:2379} INFO - Sync 1 DAGs
[2024-04-27 09:53:08,156] {logging_mixin.py:115} INFO - [2024-04-27 09:53:08,156] {dag.py:2927} INFO - Setting next_dagrun for example_dag_decorator to None, run_after=None
[2024-04-27 09:53:08,164] {processor.py:161} INFO - Processing /home/enrico/Documentos/backup/AULA/Alura/Engenharia de dados/projeto_airflow/airflowalura/venv/lib/python3.9/site-packages/airflow/example_dags/example_dag_decorator.py took 0.043 seconds
[2024-04-27 09:53:42,343] {processor.py:153} INFO - Started process (PID=96680) to work on /home/enrico/Documentos/backup/AULA/Alura/Engenharia de dados/projeto_airflow/airflowalura/venv/lib/python3.9/site-packages/airflow/example_dags/example_dag_decorator.py
[2024-04-27 09:53:42,346] {processor.py:641} INFO - Processing file /home/enrico/Documentos/backup/AULA/Alura/Engenharia de dados/projeto_airflow/airflowalura/venv/lib/python3.9/site-packages/airflow/example_dags/example_dag_decorator.py for tasks to queue
[2024-04-27 09:53:42,347] {logging_mixin.py:115} INFO - [2024-04-27 09:53:42,347] {dagbag.py:507} INFO - Filling up the DagBag from /home/enrico/Documentos/backup/AULA/Alura/Engenharia de dados/projeto_airflow/airflowalura/venv/lib/python3.9/site-packages/airflow/example_dags/example_dag_decorator.py
[2024-04-27 09:53:42,382] {processor.py:651} INFO - DAG(s) dict_keys(['example_dag_decorator']) retrieved from /home/enrico/Documentos/backup/AULA/Alura/Engenharia de dados/projeto_airflow/airflowalura/venv/lib/python3.9/site-packages/airflow/example_dags/example_dag_decorator.py
[2024-04-27 09:53:42,392] {logging_mixin.py:115} INFO - [2024-04-27 09:53:42,392] {dag.py:2379} INFO - Sync 1 DAGs
[2024-04-27 09:53:42,401] {logging_mixin.py:115} INFO - [2024-04-27 09:53:42,401] {dag.py:2927} INFO - Setting next_dagrun for example_dag_decorator to None, run_after=None
[2024-04-27 09:53:42,416] {processor.py:161} INFO - Processing /home/enrico/Documentos/backup/AULA/Alura/Engenharia de dados/projeto_airflow/airflowalura/venv/lib/python3.9/site-packages/airflow/example_dags/example_dag_decorator.py took 0.078 seconds
[2024-04-27 09:54:18,214] {processor.py:153} INFO - Started process (PID=96729) to work on /home/enrico/Documentos/backup/AULA/Alura/Engenharia de dados/projeto_airflow/airflowalura/venv/lib/python3.9/site-packages/airflow/example_dags/example_dag_decorator.py
[2024-04-27 09:54:18,215] {processor.py:641} INFO - Processing file /home/enrico/Documentos/backup/AULA/Alura/Engenharia de dados/projeto_airflow/airflowalura/venv/lib/python3.9/site-packages/airflow/example_dags/example_dag_decorator.py for tasks to queue
[2024-04-27 09:54:18,215] {logging_mixin.py:115} INFO - [2024-04-27 09:54:18,215] {dagbag.py:507} INFO - Filling up the DagBag from /home/enrico/Documentos/backup/AULA/Alura/Engenharia de dados/projeto_airflow/airflowalura/venv/lib/python3.9/site-packages/airflow/example_dags/example_dag_decorator.py
[2024-04-27 09:54:18,228] {processor.py:651} INFO - DAG(s) dict_keys(['example_dag_decorator']) retrieved from /home/enrico/Documentos/backup/AULA/Alura/Engenharia de dados/projeto_airflow/airflowalura/venv/lib/python3.9/site-packages/airflow/example_dags/example_dag_decorator.py
[2024-04-27 09:54:18,236] {logging_mixin.py:115} INFO - [2024-04-27 09:54:18,236] {dag.py:2379} INFO - Sync 1 DAGs
[2024-04-27 09:54:18,244] {logging_mixin.py:115} INFO - [2024-04-27 09:54:18,244] {dag.py:2927} INFO - Setting next_dagrun for example_dag_decorator to None, run_after=None
[2024-04-27 09:54:18,255] {processor.py:161} INFO - Processing /home/enrico/Documentos/backup/AULA/Alura/Engenharia de dados/projeto_airflow/airflowalura/venv/lib/python3.9/site-packages/airflow/example_dags/example_dag_decorator.py took 0.043 seconds
[2024-04-27 09:54:52,480] {processor.py:153} INFO - Started process (PID=96782) to work on /home/enrico/Documentos/backup/AULA/Alura/Engenharia de dados/projeto_airflow/airflowalura/venv/lib/python3.9/site-packages/airflow/example_dags/example_dag_decorator.py
[2024-04-27 09:54:52,483] {processor.py:641} INFO - Processing file /home/enrico/Documentos/backup/AULA/Alura/Engenharia de dados/projeto_airflow/airflowalura/venv/lib/python3.9/site-packages/airflow/example_dags/example_dag_decorator.py for tasks to queue
[2024-04-27 09:54:52,484] {logging_mixin.py:115} INFO - [2024-04-27 09:54:52,484] {dagbag.py:507} INFO - Filling up the DagBag from /home/enrico/Documentos/backup/AULA/Alura/Engenharia de dados/projeto_airflow/airflowalura/venv/lib/python3.9/site-packages/airflow/example_dags/example_dag_decorator.py
[2024-04-27 09:54:52,520] {processor.py:651} INFO - DAG(s) dict_keys(['example_dag_decorator']) retrieved from /home/enrico/Documentos/backup/AULA/Alura/Engenharia de dados/projeto_airflow/airflowalura/venv/lib/python3.9/site-packages/airflow/example_dags/example_dag_decorator.py
[2024-04-27 09:54:52,530] {logging_mixin.py:115} INFO - [2024-04-27 09:54:52,529] {dag.py:2379} INFO - Sync 1 DAGs
[2024-04-27 09:54:52,539] {logging_mixin.py:115} INFO - [2024-04-27 09:54:52,539] {dag.py:2927} INFO - Setting next_dagrun for example_dag_decorator to None, run_after=None
[2024-04-27 09:54:52,549] {processor.py:161} INFO - Processing /home/enrico/Documentos/backup/AULA/Alura/Engenharia de dados/projeto_airflow/airflowalura/venv/lib/python3.9/site-packages/airflow/example_dags/example_dag_decorator.py took 0.075 seconds
[2024-04-27 09:55:27,301] {processor.py:153} INFO - Started process (PID=96838) to work on /home/enrico/Documentos/backup/AULA/Alura/Engenharia de dados/projeto_airflow/airflowalura/venv/lib/python3.9/site-packages/airflow/example_dags/example_dag_decorator.py
[2024-04-27 09:55:27,304] {processor.py:641} INFO - Processing file /home/enrico/Documentos/backup/AULA/Alura/Engenharia de dados/projeto_airflow/airflowalura/venv/lib/python3.9/site-packages/airflow/example_dags/example_dag_decorator.py for tasks to queue
[2024-04-27 09:55:27,304] {logging_mixin.py:115} INFO - [2024-04-27 09:55:27,304] {dagbag.py:507} INFO - Filling up the DagBag from /home/enrico/Documentos/backup/AULA/Alura/Engenharia de dados/projeto_airflow/airflowalura/venv/lib/python3.9/site-packages/airflow/example_dags/example_dag_decorator.py
[2024-04-27 09:55:27,318] {processor.py:651} INFO - DAG(s) dict_keys(['example_dag_decorator']) retrieved from /home/enrico/Documentos/backup/AULA/Alura/Engenharia de dados/projeto_airflow/airflowalura/venv/lib/python3.9/site-packages/airflow/example_dags/example_dag_decorator.py
[2024-04-27 09:55:27,342] {logging_mixin.py:115} INFO - [2024-04-27 09:55:27,342] {dag.py:2379} INFO - Sync 1 DAGs
[2024-04-27 09:55:27,350] {logging_mixin.py:115} INFO - [2024-04-27 09:55:27,350] {dag.py:2927} INFO - Setting next_dagrun for example_dag_decorator to None, run_after=None
[2024-04-27 09:55:27,367] {processor.py:161} INFO - Processing /home/enrico/Documentos/backup/AULA/Alura/Engenharia de dados/projeto_airflow/airflowalura/venv/lib/python3.9/site-packages/airflow/example_dags/example_dag_decorator.py took 0.068 seconds
[2024-04-27 09:56:02,413] {processor.py:153} INFO - Started process (PID=96898) to work on /home/enrico/Documentos/backup/AULA/Alura/Engenharia de dados/projeto_airflow/airflowalura/venv/lib/python3.9/site-packages/airflow/example_dags/example_dag_decorator.py
[2024-04-27 09:56:02,416] {processor.py:641} INFO - Processing file /home/enrico/Documentos/backup/AULA/Alura/Engenharia de dados/projeto_airflow/airflowalura/venv/lib/python3.9/site-packages/airflow/example_dags/example_dag_decorator.py for tasks to queue
[2024-04-27 09:56:02,418] {logging_mixin.py:115} INFO - [2024-04-27 09:56:02,417] {dagbag.py:507} INFO - Filling up the DagBag from /home/enrico/Documentos/backup/AULA/Alura/Engenharia de dados/projeto_airflow/airflowalura/venv/lib/python3.9/site-packages/airflow/example_dags/example_dag_decorator.py
[2024-04-27 09:56:02,450] {processor.py:651} INFO - DAG(s) dict_keys(['example_dag_decorator']) retrieved from /home/enrico/Documentos/backup/AULA/Alura/Engenharia de dados/projeto_airflow/airflowalura/venv/lib/python3.9/site-packages/airflow/example_dags/example_dag_decorator.py
[2024-04-27 09:56:02,457] {logging_mixin.py:115} INFO - [2024-04-27 09:56:02,457] {dag.py:2379} INFO - Sync 1 DAGs
[2024-04-27 09:56:02,466] {logging_mixin.py:115} INFO - [2024-04-27 09:56:02,466] {dag.py:2927} INFO - Setting next_dagrun for example_dag_decorator to None, run_after=None
[2024-04-27 09:56:02,476] {processor.py:161} INFO - Processing /home/enrico/Documentos/backup/AULA/Alura/Engenharia de dados/projeto_airflow/airflowalura/venv/lib/python3.9/site-packages/airflow/example_dags/example_dag_decorator.py took 0.068 seconds
[2024-04-27 09:56:37,358] {processor.py:153} INFO - Started process (PID=96978) to work on /home/enrico/Documentos/backup/AULA/Alura/Engenharia de dados/projeto_airflow/airflowalura/venv/lib/python3.9/site-packages/airflow/example_dags/example_dag_decorator.py
[2024-04-27 09:56:37,359] {processor.py:641} INFO - Processing file /home/enrico/Documentos/backup/AULA/Alura/Engenharia de dados/projeto_airflow/airflowalura/venv/lib/python3.9/site-packages/airflow/example_dags/example_dag_decorator.py for tasks to queue
[2024-04-27 09:56:37,359] {logging_mixin.py:115} INFO - [2024-04-27 09:56:37,359] {dagbag.py:507} INFO - Filling up the DagBag from /home/enrico/Documentos/backup/AULA/Alura/Engenharia de dados/projeto_airflow/airflowalura/venv/lib/python3.9/site-packages/airflow/example_dags/example_dag_decorator.py
[2024-04-27 09:56:37,373] {processor.py:651} INFO - DAG(s) dict_keys(['example_dag_decorator']) retrieved from /home/enrico/Documentos/backup/AULA/Alura/Engenharia de dados/projeto_airflow/airflowalura/venv/lib/python3.9/site-packages/airflow/example_dags/example_dag_decorator.py
[2024-04-27 09:56:37,381] {logging_mixin.py:115} INFO - [2024-04-27 09:56:37,381] {dag.py:2379} INFO - Sync 1 DAGs
[2024-04-27 09:56:37,391] {logging_mixin.py:115} INFO - [2024-04-27 09:56:37,391] {dag.py:2927} INFO - Setting next_dagrun for example_dag_decorator to None, run_after=None
[2024-04-27 09:56:37,399] {processor.py:161} INFO - Processing /home/enrico/Documentos/backup/AULA/Alura/Engenharia de dados/projeto_airflow/airflowalura/venv/lib/python3.9/site-packages/airflow/example_dags/example_dag_decorator.py took 0.043 seconds
[2024-04-27 09:57:11,541] {processor.py:153} INFO - Started process (PID=97086) to work on /home/enrico/Documentos/backup/AULA/Alura/Engenharia de dados/projeto_airflow/airflowalura/venv/lib/python3.9/site-packages/airflow/example_dags/example_dag_decorator.py
[2024-04-27 09:57:11,545] {processor.py:641} INFO - Processing file /home/enrico/Documentos/backup/AULA/Alura/Engenharia de dados/projeto_airflow/airflowalura/venv/lib/python3.9/site-packages/airflow/example_dags/example_dag_decorator.py for tasks to queue
[2024-04-27 09:57:11,546] {logging_mixin.py:115} INFO - [2024-04-27 09:57:11,546] {dagbag.py:507} INFO - Filling up the DagBag from /home/enrico/Documentos/backup/AULA/Alura/Engenharia de dados/projeto_airflow/airflowalura/venv/lib/python3.9/site-packages/airflow/example_dags/example_dag_decorator.py
[2024-04-27 09:57:11,583] {processor.py:651} INFO - DAG(s) dict_keys(['example_dag_decorator']) retrieved from /home/enrico/Documentos/backup/AULA/Alura/Engenharia de dados/projeto_airflow/airflowalura/venv/lib/python3.9/site-packages/airflow/example_dags/example_dag_decorator.py
[2024-04-27 09:57:11,593] {logging_mixin.py:115} INFO - [2024-04-27 09:57:11,593] {dag.py:2379} INFO - Sync 1 DAGs
[2024-04-27 09:57:11,603] {logging_mixin.py:115} INFO - [2024-04-27 09:57:11,603] {dag.py:2927} INFO - Setting next_dagrun for example_dag_decorator to None, run_after=None
[2024-04-27 09:57:11,617] {processor.py:161} INFO - Processing /home/enrico/Documentos/backup/AULA/Alura/Engenharia de dados/projeto_airflow/airflowalura/venv/lib/python3.9/site-packages/airflow/example_dags/example_dag_decorator.py took 0.082 seconds
[2024-04-27 09:57:46,069] {processor.py:153} INFO - Started process (PID=97134) to work on /home/enrico/Documentos/backup/AULA/Alura/Engenharia de dados/projeto_airflow/airflowalura/venv/lib/python3.9/site-packages/airflow/example_dags/example_dag_decorator.py
[2024-04-27 09:57:46,073] {processor.py:641} INFO - Processing file /home/enrico/Documentos/backup/AULA/Alura/Engenharia de dados/projeto_airflow/airflowalura/venv/lib/python3.9/site-packages/airflow/example_dags/example_dag_decorator.py for tasks to queue
[2024-04-27 09:57:46,074] {logging_mixin.py:115} INFO - [2024-04-27 09:57:46,074] {dagbag.py:507} INFO - Filling up the DagBag from /home/enrico/Documentos/backup/AULA/Alura/Engenharia de dados/projeto_airflow/airflowalura/venv/lib/python3.9/site-packages/airflow/example_dags/example_dag_decorator.py
[2024-04-27 09:57:46,112] {processor.py:651} INFO - DAG(s) dict_keys(['example_dag_decorator']) retrieved from /home/enrico/Documentos/backup/AULA/Alura/Engenharia de dados/projeto_airflow/airflowalura/venv/lib/python3.9/site-packages/airflow/example_dags/example_dag_decorator.py
[2024-04-27 09:57:46,122] {logging_mixin.py:115} INFO - [2024-04-27 09:57:46,122] {dag.py:2379} INFO - Sync 1 DAGs
[2024-04-27 09:57:46,132] {logging_mixin.py:115} INFO - [2024-04-27 09:57:46,132] {dag.py:2927} INFO - Setting next_dagrun for example_dag_decorator to None, run_after=None
[2024-04-27 09:57:46,142] {processor.py:161} INFO - Processing /home/enrico/Documentos/backup/AULA/Alura/Engenharia de dados/projeto_airflow/airflowalura/venv/lib/python3.9/site-packages/airflow/example_dags/example_dag_decorator.py took 0.078 seconds
[2024-04-27 09:58:21,286] {processor.py:153} INFO - Started process (PID=97188) to work on /home/enrico/Documentos/backup/AULA/Alura/Engenharia de dados/projeto_airflow/airflowalura/venv/lib/python3.9/site-packages/airflow/example_dags/example_dag_decorator.py
[2024-04-27 09:58:21,289] {processor.py:641} INFO - Processing file /home/enrico/Documentos/backup/AULA/Alura/Engenharia de dados/projeto_airflow/airflowalura/venv/lib/python3.9/site-packages/airflow/example_dags/example_dag_decorator.py for tasks to queue
[2024-04-27 09:58:21,290] {logging_mixin.py:115} INFO - [2024-04-27 09:58:21,290] {dagbag.py:507} INFO - Filling up the DagBag from /home/enrico/Documentos/backup/AULA/Alura/Engenharia de dados/projeto_airflow/airflowalura/venv/lib/python3.9/site-packages/airflow/example_dags/example_dag_decorator.py
[2024-04-27 09:58:21,322] {processor.py:651} INFO - DAG(s) dict_keys(['example_dag_decorator']) retrieved from /home/enrico/Documentos/backup/AULA/Alura/Engenharia de dados/projeto_airflow/airflowalura/venv/lib/python3.9/site-packages/airflow/example_dags/example_dag_decorator.py
[2024-04-27 09:58:21,331] {logging_mixin.py:115} INFO - [2024-04-27 09:58:21,330] {dag.py:2379} INFO - Sync 1 DAGs
[2024-04-27 09:58:21,339] {logging_mixin.py:115} INFO - [2024-04-27 09:58:21,339] {dag.py:2927} INFO - Setting next_dagrun for example_dag_decorator to None, run_after=None
[2024-04-27 09:58:21,354] {processor.py:161} INFO - Processing /home/enrico/Documentos/backup/AULA/Alura/Engenharia de dados/projeto_airflow/airflowalura/venv/lib/python3.9/site-packages/airflow/example_dags/example_dag_decorator.py took 0.073 seconds
[2024-04-27 09:58:52,804] {processor.py:153} INFO - Started process (PID=97249) to work on /home/enrico/Documentos/backup/AULA/Alura/Engenharia de dados/projeto_airflow/airflowalura/venv/lib/python3.9/site-packages/airflow/example_dags/example_dag_decorator.py
[2024-04-27 09:58:52,807] {processor.py:641} INFO - Processing file /home/enrico/Documentos/backup/AULA/Alura/Engenharia de dados/projeto_airflow/airflowalura/venv/lib/python3.9/site-packages/airflow/example_dags/example_dag_decorator.py for tasks to queue
[2024-04-27 09:58:52,808] {logging_mixin.py:115} INFO - [2024-04-27 09:58:52,808] {dagbag.py:507} INFO - Filling up the DagBag from /home/enrico/Documentos/backup/AULA/Alura/Engenharia de dados/projeto_airflow/airflowalura/venv/lib/python3.9/site-packages/airflow/example_dags/example_dag_decorator.py
[2024-04-27 09:58:52,843] {processor.py:651} INFO - DAG(s) dict_keys(['example_dag_decorator']) retrieved from /home/enrico/Documentos/backup/AULA/Alura/Engenharia de dados/projeto_airflow/airflowalura/venv/lib/python3.9/site-packages/airflow/example_dags/example_dag_decorator.py
[2024-04-27 09:58:52,853] {logging_mixin.py:115} INFO - [2024-04-27 09:58:52,853] {dag.py:2379} INFO - Sync 1 DAGs
[2024-04-27 09:58:52,862] {logging_mixin.py:115} INFO - [2024-04-27 09:58:52,862] {dag.py:2927} INFO - Setting next_dagrun for example_dag_decorator to None, run_after=None
[2024-04-27 09:58:52,873] {processor.py:161} INFO - Processing /home/enrico/Documentos/backup/AULA/Alura/Engenharia de dados/projeto_airflow/airflowalura/venv/lib/python3.9/site-packages/airflow/example_dags/example_dag_decorator.py took 0.075 seconds
[2024-04-27 09:59:26,542] {processor.py:153} INFO - Started process (PID=97311) to work on /home/enrico/Documentos/backup/AULA/Alura/Engenharia de dados/projeto_airflow/airflowalura/venv/lib/python3.9/site-packages/airflow/example_dags/example_dag_decorator.py
[2024-04-27 09:59:26,543] {processor.py:641} INFO - Processing file /home/enrico/Documentos/backup/AULA/Alura/Engenharia de dados/projeto_airflow/airflowalura/venv/lib/python3.9/site-packages/airflow/example_dags/example_dag_decorator.py for tasks to queue
[2024-04-27 09:59:26,544] {logging_mixin.py:115} INFO - [2024-04-27 09:59:26,544] {dagbag.py:507} INFO - Filling up the DagBag from /home/enrico/Documentos/backup/AULA/Alura/Engenharia de dados/projeto_airflow/airflowalura/venv/lib/python3.9/site-packages/airflow/example_dags/example_dag_decorator.py
[2024-04-27 09:59:26,580] {processor.py:651} INFO - DAG(s) dict_keys(['example_dag_decorator']) retrieved from /home/enrico/Documentos/backup/AULA/Alura/Engenharia de dados/projeto_airflow/airflowalura/venv/lib/python3.9/site-packages/airflow/example_dags/example_dag_decorator.py
[2024-04-27 09:59:26,590] {logging_mixin.py:115} INFO - [2024-04-27 09:59:26,589] {dag.py:2379} INFO - Sync 1 DAGs
[2024-04-27 09:59:26,599] {logging_mixin.py:115} INFO - [2024-04-27 09:59:26,599] {dag.py:2927} INFO - Setting next_dagrun for example_dag_decorator to None, run_after=None
[2024-04-27 09:59:26,608] {processor.py:161} INFO - Processing /home/enrico/Documentos/backup/AULA/Alura/Engenharia de dados/projeto_airflow/airflowalura/venv/lib/python3.9/site-packages/airflow/example_dags/example_dag_decorator.py took 0.071 seconds
[2024-04-27 10:00:01,199] {processor.py:153} INFO - Started process (PID=97359) to work on /home/enrico/Documentos/backup/AULA/Alura/Engenharia de dados/projeto_airflow/airflowalura/venv/lib/python3.9/site-packages/airflow/example_dags/example_dag_decorator.py
[2024-04-27 10:00:01,202] {processor.py:641} INFO - Processing file /home/enrico/Documentos/backup/AULA/Alura/Engenharia de dados/projeto_airflow/airflowalura/venv/lib/python3.9/site-packages/airflow/example_dags/example_dag_decorator.py for tasks to queue
[2024-04-27 10:00:01,202] {logging_mixin.py:115} INFO - [2024-04-27 10:00:01,202] {dagbag.py:507} INFO - Filling up the DagBag from /home/enrico/Documentos/backup/AULA/Alura/Engenharia de dados/projeto_airflow/airflowalura/venv/lib/python3.9/site-packages/airflow/example_dags/example_dag_decorator.py
[2024-04-27 10:00:01,215] {processor.py:651} INFO - DAG(s) dict_keys(['example_dag_decorator']) retrieved from /home/enrico/Documentos/backup/AULA/Alura/Engenharia de dados/projeto_airflow/airflowalura/venv/lib/python3.9/site-packages/airflow/example_dags/example_dag_decorator.py
[2024-04-27 10:00:01,238] {logging_mixin.py:115} INFO - [2024-04-27 10:00:01,238] {dag.py:2379} INFO - Sync 1 DAGs
[2024-04-27 10:00:01,247] {logging_mixin.py:115} INFO - [2024-04-27 10:00:01,247] {dag.py:2927} INFO - Setting next_dagrun for example_dag_decorator to None, run_after=None
[2024-04-27 10:00:01,257] {processor.py:161} INFO - Processing /home/enrico/Documentos/backup/AULA/Alura/Engenharia de dados/projeto_airflow/airflowalura/venv/lib/python3.9/site-packages/airflow/example_dags/example_dag_decorator.py took 0.059 seconds
[2024-04-27 10:00:36,367] {processor.py:153} INFO - Started process (PID=97414) to work on /home/enrico/Documentos/backup/AULA/Alura/Engenharia de dados/projeto_airflow/airflowalura/venv/lib/python3.9/site-packages/airflow/example_dags/example_dag_decorator.py
[2024-04-27 10:00:36,371] {processor.py:641} INFO - Processing file /home/enrico/Documentos/backup/AULA/Alura/Engenharia de dados/projeto_airflow/airflowalura/venv/lib/python3.9/site-packages/airflow/example_dags/example_dag_decorator.py for tasks to queue
[2024-04-27 10:00:36,372] {logging_mixin.py:115} INFO - [2024-04-27 10:00:36,372] {dagbag.py:507} INFO - Filling up the DagBag from /home/enrico/Documentos/backup/AULA/Alura/Engenharia de dados/projeto_airflow/airflowalura/venv/lib/python3.9/site-packages/airflow/example_dags/example_dag_decorator.py
[2024-04-27 10:00:36,402] {processor.py:651} INFO - DAG(s) dict_keys(['example_dag_decorator']) retrieved from /home/enrico/Documentos/backup/AULA/Alura/Engenharia de dados/projeto_airflow/airflowalura/venv/lib/python3.9/site-packages/airflow/example_dags/example_dag_decorator.py
[2024-04-27 10:00:36,409] {logging_mixin.py:115} INFO - [2024-04-27 10:00:36,409] {dag.py:2379} INFO - Sync 1 DAGs
[2024-04-27 10:00:36,418] {logging_mixin.py:115} INFO - [2024-04-27 10:00:36,418] {dag.py:2927} INFO - Setting next_dagrun for example_dag_decorator to None, run_after=None
[2024-04-27 10:00:36,438] {processor.py:161} INFO - Processing /home/enrico/Documentos/backup/AULA/Alura/Engenharia de dados/projeto_airflow/airflowalura/venv/lib/python3.9/site-packages/airflow/example_dags/example_dag_decorator.py took 0.076 seconds
[2024-04-27 10:01:12,235] {processor.py:153} INFO - Started process (PID=97487) to work on /home/enrico/Documentos/backup/AULA/Alura/Engenharia de dados/projeto_airflow/airflowalura/venv/lib/python3.9/site-packages/airflow/example_dags/example_dag_decorator.py
[2024-04-27 10:01:12,235] {processor.py:641} INFO - Processing file /home/enrico/Documentos/backup/AULA/Alura/Engenharia de dados/projeto_airflow/airflowalura/venv/lib/python3.9/site-packages/airflow/example_dags/example_dag_decorator.py for tasks to queue
[2024-04-27 10:01:12,236] {logging_mixin.py:115} INFO - [2024-04-27 10:01:12,235] {dagbag.py:507} INFO - Filling up the DagBag from /home/enrico/Documentos/backup/AULA/Alura/Engenharia de dados/projeto_airflow/airflowalura/venv/lib/python3.9/site-packages/airflow/example_dags/example_dag_decorator.py
[2024-04-27 10:01:12,250] {processor.py:651} INFO - DAG(s) dict_keys(['example_dag_decorator']) retrieved from /home/enrico/Documentos/backup/AULA/Alura/Engenharia de dados/projeto_airflow/airflowalura/venv/lib/python3.9/site-packages/airflow/example_dags/example_dag_decorator.py
[2024-04-27 10:01:12,257] {logging_mixin.py:115} INFO - [2024-04-27 10:01:12,257] {dag.py:2379} INFO - Sync 1 DAGs
[2024-04-27 10:01:12,266] {logging_mixin.py:115} INFO - [2024-04-27 10:01:12,266] {dag.py:2927} INFO - Setting next_dagrun for example_dag_decorator to None, run_after=None
[2024-04-27 10:01:12,274] {processor.py:161} INFO - Processing /home/enrico/Documentos/backup/AULA/Alura/Engenharia de dados/projeto_airflow/airflowalura/venv/lib/python3.9/site-packages/airflow/example_dags/example_dag_decorator.py took 0.040 seconds
[2024-04-27 10:01:47,076] {processor.py:153} INFO - Started process (PID=97540) to work on /home/enrico/Documentos/backup/AULA/Alura/Engenharia de dados/projeto_airflow/airflowalura/venv/lib/python3.9/site-packages/airflow/example_dags/example_dag_decorator.py
[2024-04-27 10:01:47,079] {processor.py:641} INFO - Processing file /home/enrico/Documentos/backup/AULA/Alura/Engenharia de dados/projeto_airflow/airflowalura/venv/lib/python3.9/site-packages/airflow/example_dags/example_dag_decorator.py for tasks to queue
[2024-04-27 10:01:47,080] {logging_mixin.py:115} INFO - [2024-04-27 10:01:47,080] {dagbag.py:507} INFO - Filling up the DagBag from /home/enrico/Documentos/backup/AULA/Alura/Engenharia de dados/projeto_airflow/airflowalura/venv/lib/python3.9/site-packages/airflow/example_dags/example_dag_decorator.py
[2024-04-27 10:01:47,106] {processor.py:651} INFO - DAG(s) dict_keys(['example_dag_decorator']) retrieved from /home/enrico/Documentos/backup/AULA/Alura/Engenharia de dados/projeto_airflow/airflowalura/venv/lib/python3.9/site-packages/airflow/example_dags/example_dag_decorator.py
[2024-04-27 10:01:47,116] {logging_mixin.py:115} INFO - [2024-04-27 10:01:47,116] {dag.py:2379} INFO - Sync 1 DAGs
[2024-04-27 10:01:47,125] {logging_mixin.py:115} INFO - [2024-04-27 10:01:47,125] {dag.py:2927} INFO - Setting next_dagrun for example_dag_decorator to None, run_after=None
[2024-04-27 10:01:47,139] {processor.py:161} INFO - Processing /home/enrico/Documentos/backup/AULA/Alura/Engenharia de dados/projeto_airflow/airflowalura/venv/lib/python3.9/site-packages/airflow/example_dags/example_dag_decorator.py took 0.067 seconds
[2024-04-27 10:02:26,864] {processor.py:153} INFO - Started process (PID=97685) to work on /home/enrico/Documentos/backup/AULA/Alura/Engenharia de dados/projeto_airflow/airflowalura/venv/lib/python3.9/site-packages/airflow/example_dags/example_dag_decorator.py
[2024-04-27 10:02:26,866] {processor.py:641} INFO - Processing file /home/enrico/Documentos/backup/AULA/Alura/Engenharia de dados/projeto_airflow/airflowalura/venv/lib/python3.9/site-packages/airflow/example_dags/example_dag_decorator.py for tasks to queue
[2024-04-27 10:02:26,867] {logging_mixin.py:115} INFO - [2024-04-27 10:02:26,867] {dagbag.py:507} INFO - Filling up the DagBag from /home/enrico/Documentos/backup/AULA/Alura/Engenharia de dados/projeto_airflow/airflowalura/venv/lib/python3.9/site-packages/airflow/example_dags/example_dag_decorator.py
[2024-04-27 10:02:26,881] {processor.py:651} INFO - DAG(s) dict_keys(['example_dag_decorator']) retrieved from /home/enrico/Documentos/backup/AULA/Alura/Engenharia de dados/projeto_airflow/airflowalura/venv/lib/python3.9/site-packages/airflow/example_dags/example_dag_decorator.py
[2024-04-27 10:02:26,889] {logging_mixin.py:115} INFO - [2024-04-27 10:02:26,889] {dag.py:2379} INFO - Sync 1 DAGs
[2024-04-27 10:02:26,899] {logging_mixin.py:115} INFO - [2024-04-27 10:02:26,899] {dag.py:2927} INFO - Setting next_dagrun for example_dag_decorator to None, run_after=None
[2024-04-27 10:02:26,909] {processor.py:161} INFO - Processing /home/enrico/Documentos/backup/AULA/Alura/Engenharia de dados/projeto_airflow/airflowalura/venv/lib/python3.9/site-packages/airflow/example_dags/example_dag_decorator.py took 0.048 seconds
[2024-04-27 10:03:02,481] {processor.py:153} INFO - Started process (PID=97896) to work on /home/enrico/Documentos/backup/AULA/Alura/Engenharia de dados/projeto_airflow/airflowalura/venv/lib/python3.9/site-packages/airflow/example_dags/example_dag_decorator.py
[2024-04-27 10:03:02,484] {processor.py:641} INFO - Processing file /home/enrico/Documentos/backup/AULA/Alura/Engenharia de dados/projeto_airflow/airflowalura/venv/lib/python3.9/site-packages/airflow/example_dags/example_dag_decorator.py for tasks to queue
[2024-04-27 10:03:02,485] {logging_mixin.py:115} INFO - [2024-04-27 10:03:02,485] {dagbag.py:507} INFO - Filling up the DagBag from /home/enrico/Documentos/backup/AULA/Alura/Engenharia de dados/projeto_airflow/airflowalura/venv/lib/python3.9/site-packages/airflow/example_dags/example_dag_decorator.py
[2024-04-27 10:03:02,515] {processor.py:651} INFO - DAG(s) dict_keys(['example_dag_decorator']) retrieved from /home/enrico/Documentos/backup/AULA/Alura/Engenharia de dados/projeto_airflow/airflowalura/venv/lib/python3.9/site-packages/airflow/example_dags/example_dag_decorator.py
[2024-04-27 10:03:02,525] {logging_mixin.py:115} INFO - [2024-04-27 10:03:02,525] {dag.py:2379} INFO - Sync 1 DAGs
[2024-04-27 10:03:02,534] {logging_mixin.py:115} INFO - [2024-04-27 10:03:02,534] {dag.py:2927} INFO - Setting next_dagrun for example_dag_decorator to None, run_after=None
[2024-04-27 10:03:02,545] {processor.py:161} INFO - Processing /home/enrico/Documentos/backup/AULA/Alura/Engenharia de dados/projeto_airflow/airflowalura/venv/lib/python3.9/site-packages/airflow/example_dags/example_dag_decorator.py took 0.070 seconds
[2024-04-27 10:03:36,814] {processor.py:153} INFO - Started process (PID=98084) to work on /home/enrico/Documentos/backup/AULA/Alura/Engenharia de dados/projeto_airflow/airflowalura/venv/lib/python3.9/site-packages/airflow/example_dags/example_dag_decorator.py
[2024-04-27 10:03:36,817] {processor.py:641} INFO - Processing file /home/enrico/Documentos/backup/AULA/Alura/Engenharia de dados/projeto_airflow/airflowalura/venv/lib/python3.9/site-packages/airflow/example_dags/example_dag_decorator.py for tasks to queue
[2024-04-27 10:03:36,817] {logging_mixin.py:115} INFO - [2024-04-27 10:03:36,817] {dagbag.py:507} INFO - Filling up the DagBag from /home/enrico/Documentos/backup/AULA/Alura/Engenharia de dados/projeto_airflow/airflowalura/venv/lib/python3.9/site-packages/airflow/example_dags/example_dag_decorator.py
[2024-04-27 10:03:36,831] {processor.py:651} INFO - DAG(s) dict_keys(['example_dag_decorator']) retrieved from /home/enrico/Documentos/backup/AULA/Alura/Engenharia de dados/projeto_airflow/airflowalura/venv/lib/python3.9/site-packages/airflow/example_dags/example_dag_decorator.py
[2024-04-27 10:03:36,839] {logging_mixin.py:115} INFO - [2024-04-27 10:03:36,839] {dag.py:2379} INFO - Sync 1 DAGs
[2024-04-27 10:03:36,848] {logging_mixin.py:115} INFO - [2024-04-27 10:03:36,848] {dag.py:2927} INFO - Setting next_dagrun for example_dag_decorator to None, run_after=None
[2024-04-27 10:03:36,859] {processor.py:161} INFO - Processing /home/enrico/Documentos/backup/AULA/Alura/Engenharia de dados/projeto_airflow/airflowalura/venv/lib/python3.9/site-packages/airflow/example_dags/example_dag_decorator.py took 0.046 seconds
[2024-04-27 10:04:11,446] {processor.py:153} INFO - Started process (PID=98297) to work on /home/enrico/Documentos/backup/AULA/Alura/Engenharia de dados/projeto_airflow/airflowalura/venv/lib/python3.9/site-packages/airflow/example_dags/example_dag_decorator.py
[2024-04-27 10:04:11,450] {processor.py:641} INFO - Processing file /home/enrico/Documentos/backup/AULA/Alura/Engenharia de dados/projeto_airflow/airflowalura/venv/lib/python3.9/site-packages/airflow/example_dags/example_dag_decorator.py for tasks to queue
[2024-04-27 10:04:11,451] {logging_mixin.py:115} INFO - [2024-04-27 10:04:11,451] {dagbag.py:507} INFO - Filling up the DagBag from /home/enrico/Documentos/backup/AULA/Alura/Engenharia de dados/projeto_airflow/airflowalura/venv/lib/python3.9/site-packages/airflow/example_dags/example_dag_decorator.py
[2024-04-27 10:04:11,486] {processor.py:651} INFO - DAG(s) dict_keys(['example_dag_decorator']) retrieved from /home/enrico/Documentos/backup/AULA/Alura/Engenharia de dados/projeto_airflow/airflowalura/venv/lib/python3.9/site-packages/airflow/example_dags/example_dag_decorator.py
[2024-04-27 10:04:11,495] {logging_mixin.py:115} INFO - [2024-04-27 10:04:11,495] {dag.py:2379} INFO - Sync 1 DAGs
[2024-04-27 10:04:11,504] {logging_mixin.py:115} INFO - [2024-04-27 10:04:11,504] {dag.py:2927} INFO - Setting next_dagrun for example_dag_decorator to None, run_after=None
[2024-04-27 10:04:11,514] {processor.py:161} INFO - Processing /home/enrico/Documentos/backup/AULA/Alura/Engenharia de dados/projeto_airflow/airflowalura/venv/lib/python3.9/site-packages/airflow/example_dags/example_dag_decorator.py took 0.074 seconds
[2024-04-27 10:04:45,941] {processor.py:153} INFO - Started process (PID=98523) to work on /home/enrico/Documentos/backup/AULA/Alura/Engenharia de dados/projeto_airflow/airflowalura/venv/lib/python3.9/site-packages/airflow/example_dags/example_dag_decorator.py
[2024-04-27 10:04:45,945] {processor.py:641} INFO - Processing file /home/enrico/Documentos/backup/AULA/Alura/Engenharia de dados/projeto_airflow/airflowalura/venv/lib/python3.9/site-packages/airflow/example_dags/example_dag_decorator.py for tasks to queue
[2024-04-27 10:04:45,946] {logging_mixin.py:115} INFO - [2024-04-27 10:04:45,945] {dagbag.py:507} INFO - Filling up the DagBag from /home/enrico/Documentos/backup/AULA/Alura/Engenharia de dados/projeto_airflow/airflowalura/venv/lib/python3.9/site-packages/airflow/example_dags/example_dag_decorator.py
[2024-04-27 10:04:45,982] {processor.py:651} INFO - DAG(s) dict_keys(['example_dag_decorator']) retrieved from /home/enrico/Documentos/backup/AULA/Alura/Engenharia de dados/projeto_airflow/airflowalura/venv/lib/python3.9/site-packages/airflow/example_dags/example_dag_decorator.py
[2024-04-27 10:04:45,992] {logging_mixin.py:115} INFO - [2024-04-27 10:04:45,992] {dag.py:2379} INFO - Sync 1 DAGs
[2024-04-27 10:04:46,006] {logging_mixin.py:115} INFO - [2024-04-27 10:04:46,006] {dag.py:2927} INFO - Setting next_dagrun for example_dag_decorator to None, run_after=None
[2024-04-27 10:04:46,017] {processor.py:161} INFO - Processing /home/enrico/Documentos/backup/AULA/Alura/Engenharia de dados/projeto_airflow/airflowalura/venv/lib/python3.9/site-packages/airflow/example_dags/example_dag_decorator.py took 0.081 seconds
[2024-04-27 10:05:20,068] {processor.py:153} INFO - Started process (PID=98839) to work on /home/enrico/Documentos/backup/AULA/Alura/Engenharia de dados/projeto_airflow/airflowalura/venv/lib/python3.9/site-packages/airflow/example_dags/example_dag_decorator.py
[2024-04-27 10:05:20,071] {processor.py:641} INFO - Processing file /home/enrico/Documentos/backup/AULA/Alura/Engenharia de dados/projeto_airflow/airflowalura/venv/lib/python3.9/site-packages/airflow/example_dags/example_dag_decorator.py for tasks to queue
[2024-04-27 10:05:20,071] {logging_mixin.py:115} INFO - [2024-04-27 10:05:20,071] {dagbag.py:507} INFO - Filling up the DagBag from /home/enrico/Documentos/backup/AULA/Alura/Engenharia de dados/projeto_airflow/airflowalura/venv/lib/python3.9/site-packages/airflow/example_dags/example_dag_decorator.py
[2024-04-27 10:05:20,083] {processor.py:651} INFO - DAG(s) dict_keys(['example_dag_decorator']) retrieved from /home/enrico/Documentos/backup/AULA/Alura/Engenharia de dados/projeto_airflow/airflowalura/venv/lib/python3.9/site-packages/airflow/example_dags/example_dag_decorator.py
[2024-04-27 10:05:20,107] {logging_mixin.py:115} INFO - [2024-04-27 10:05:20,107] {dag.py:2379} INFO - Sync 1 DAGs
[2024-04-27 10:05:20,118] {logging_mixin.py:115} INFO - [2024-04-27 10:05:20,118] {dag.py:2927} INFO - Setting next_dagrun for example_dag_decorator to None, run_after=None
[2024-04-27 10:05:20,129] {processor.py:161} INFO - Processing /home/enrico/Documentos/backup/AULA/Alura/Engenharia de dados/projeto_airflow/airflowalura/venv/lib/python3.9/site-packages/airflow/example_dags/example_dag_decorator.py took 0.062 seconds
