[2024-04-27 09:50:24,823] {processor.py:153} INFO - Started process (PID=95940) to work on /home/enrico/Documentos/backup/AULA/Alura/Engenharia de dados/projeto_airflow/airflowalura/venv/lib/python3.9/site-packages/airflow/example_dags/example_branch_operator_decorator.py
[2024-04-27 09:50:24,824] {processor.py:641} INFO - Processing file /home/enrico/Documentos/backup/AULA/Alura/Engenharia de dados/projeto_airflow/airflowalura/venv/lib/python3.9/site-packages/airflow/example_dags/example_branch_operator_decorator.py for tasks to queue
[2024-04-27 09:50:24,824] {logging_mixin.py:115} INFO - [2024-04-27 09:50:24,824] {dagbag.py:507} INFO - Filling up the DagBag from /home/enrico/Documentos/backup/AULA/Alura/Engenharia de dados/projeto_airflow/airflowalura/venv/lib/python3.9/site-packages/airflow/example_dags/example_branch_operator_decorator.py
[2024-04-27 09:50:24,837] {processor.py:651} INFO - DAG(s) dict_keys(['example_branch_python_operator_decorator']) retrieved from /home/enrico/Documentos/backup/AULA/Alura/Engenharia de dados/projeto_airflow/airflowalura/venv/lib/python3.9/site-packages/airflow/example_dags/example_branch_operator_decorator.py
[2024-04-27 09:50:24,845] {logging_mixin.py:115} INFO - [2024-04-27 09:50:24,845] {dag.py:2379} INFO - Sync 1 DAGs
[2024-04-27 09:50:24,856] {logging_mixin.py:115} INFO - [2024-04-27 09:50:24,856] {dag.py:2927} INFO - Setting next_dagrun for example_branch_python_operator_decorator to 2024-04-26T00:00:00+00:00, run_after=2024-04-27T00:00:00+00:00
[2024-04-27 09:50:24,865] {processor.py:161} INFO - Processing /home/enrico/Documentos/backup/AULA/Alura/Engenharia de dados/projeto_airflow/airflowalura/venv/lib/python3.9/site-packages/airflow/example_dags/example_branch_operator_decorator.py took 0.043 seconds
[2024-04-27 09:51:00,550] {processor.py:153} INFO - Started process (PID=96136) to work on /home/enrico/Documentos/backup/AULA/Alura/Engenharia de dados/projeto_airflow/airflowalura/venv/lib/python3.9/site-packages/airflow/example_dags/example_branch_operator_decorator.py
[2024-04-27 09:51:00,553] {processor.py:641} INFO - Processing file /home/enrico/Documentos/backup/AULA/Alura/Engenharia de dados/projeto_airflow/airflowalura/venv/lib/python3.9/site-packages/airflow/example_dags/example_branch_operator_decorator.py for tasks to queue
[2024-04-27 09:51:00,553] {logging_mixin.py:115} INFO - [2024-04-27 09:51:00,553] {dagbag.py:507} INFO - Filling up the DagBag from /home/enrico/Documentos/backup/AULA/Alura/Engenharia de dados/projeto_airflow/airflowalura/venv/lib/python3.9/site-packages/airflow/example_dags/example_branch_operator_decorator.py
[2024-04-27 09:51:00,565] {processor.py:651} INFO - DAG(s) dict_keys(['example_branch_python_operator_decorator']) retrieved from /home/enrico/Documentos/backup/AULA/Alura/Engenharia de dados/projeto_airflow/airflowalura/venv/lib/python3.9/site-packages/airflow/example_dags/example_branch_operator_decorator.py
[2024-04-27 09:51:00,573] {logging_mixin.py:115} INFO - [2024-04-27 09:51:00,573] {dag.py:2379} INFO - Sync 1 DAGs
[2024-04-27 09:51:00,585] {logging_mixin.py:115} INFO - [2024-04-27 09:51:00,585] {dag.py:2927} INFO - Setting next_dagrun for example_branch_python_operator_decorator to 2024-04-26T00:00:00+00:00, run_after=2024-04-27T00:00:00+00:00
[2024-04-27 09:51:00,596] {processor.py:161} INFO - Processing /home/enrico/Documentos/backup/AULA/Alura/Engenharia de dados/projeto_airflow/airflowalura/venv/lib/python3.9/site-packages/airflow/example_dags/example_branch_operator_decorator.py took 0.047 seconds
[2024-04-27 09:51:37,351] {processor.py:153} INFO - Started process (PID=96377) to work on /home/enrico/Documentos/backup/AULA/Alura/Engenharia de dados/projeto_airflow/airflowalura/venv/lib/python3.9/site-packages/airflow/example_dags/example_branch_operator_decorator.py
[2024-04-27 09:51:37,354] {processor.py:641} INFO - Processing file /home/enrico/Documentos/backup/AULA/Alura/Engenharia de dados/projeto_airflow/airflowalura/venv/lib/python3.9/site-packages/airflow/example_dags/example_branch_operator_decorator.py for tasks to queue
[2024-04-27 09:51:37,354] {logging_mixin.py:115} INFO - [2024-04-27 09:51:37,354] {dagbag.py:507} INFO - Filling up the DagBag from /home/enrico/Documentos/backup/AULA/Alura/Engenharia de dados/projeto_airflow/airflowalura/venv/lib/python3.9/site-packages/airflow/example_dags/example_branch_operator_decorator.py
[2024-04-27 09:51:37,367] {processor.py:651} INFO - DAG(s) dict_keys(['example_branch_python_operator_decorator']) retrieved from /home/enrico/Documentos/backup/AULA/Alura/Engenharia de dados/projeto_airflow/airflowalura/venv/lib/python3.9/site-packages/airflow/example_dags/example_branch_operator_decorator.py
[2024-04-27 09:51:37,375] {logging_mixin.py:115} INFO - [2024-04-27 09:51:37,375] {dag.py:2379} INFO - Sync 1 DAGs
[2024-04-27 09:51:37,385] {logging_mixin.py:115} INFO - [2024-04-27 09:51:37,385] {dag.py:2927} INFO - Setting next_dagrun for example_branch_python_operator_decorator to 2024-04-26T00:00:00+00:00, run_after=2024-04-27T00:00:00+00:00
[2024-04-27 09:51:37,396] {processor.py:161} INFO - Processing /home/enrico/Documentos/backup/AULA/Alura/Engenharia de dados/projeto_airflow/airflowalura/venv/lib/python3.9/site-packages/airflow/example_dags/example_branch_operator_decorator.py took 0.046 seconds
[2024-04-27 09:52:17,374] {processor.py:153} INFO - Started process (PID=96480) to work on /home/enrico/Documentos/backup/AULA/Alura/Engenharia de dados/projeto_airflow/airflowalura/venv/lib/python3.9/site-packages/airflow/example_dags/example_branch_operator_decorator.py
[2024-04-27 09:52:17,377] {processor.py:641} INFO - Processing file /home/enrico/Documentos/backup/AULA/Alura/Engenharia de dados/projeto_airflow/airflowalura/venv/lib/python3.9/site-packages/airflow/example_dags/example_branch_operator_decorator.py for tasks to queue
[2024-04-27 09:52:17,377] {logging_mixin.py:115} INFO - [2024-04-27 09:52:17,377] {dagbag.py:507} INFO - Filling up the DagBag from /home/enrico/Documentos/backup/AULA/Alura/Engenharia de dados/projeto_airflow/airflowalura/venv/lib/python3.9/site-packages/airflow/example_dags/example_branch_operator_decorator.py
[2024-04-27 09:52:17,389] {processor.py:651} INFO - DAG(s) dict_keys(['example_branch_python_operator_decorator']) retrieved from /home/enrico/Documentos/backup/AULA/Alura/Engenharia de dados/projeto_airflow/airflowalura/venv/lib/python3.9/site-packages/airflow/example_dags/example_branch_operator_decorator.py
[2024-04-27 09:52:17,397] {logging_mixin.py:115} INFO - [2024-04-27 09:52:17,397] {dag.py:2379} INFO - Sync 1 DAGs
[2024-04-27 09:52:17,410] {logging_mixin.py:115} INFO - [2024-04-27 09:52:17,410] {dag.py:2927} INFO - Setting next_dagrun for example_branch_python_operator_decorator to 2024-04-26T00:00:00+00:00, run_after=2024-04-27T00:00:00+00:00
[2024-04-27 09:52:17,425] {processor.py:161} INFO - Processing /home/enrico/Documentos/backup/AULA/Alura/Engenharia de dados/projeto_airflow/airflowalura/venv/lib/python3.9/site-packages/airflow/example_dags/example_branch_operator_decorator.py took 0.052 seconds
[2024-04-27 09:52:56,855] {processor.py:153} INFO - Started process (PID=96613) to work on /home/enrico/Documentos/backup/AULA/Alura/Engenharia de dados/projeto_airflow/airflowalura/venv/lib/python3.9/site-packages/airflow/example_dags/example_branch_operator_decorator.py
[2024-04-27 09:52:56,856] {processor.py:641} INFO - Processing file /home/enrico/Documentos/backup/AULA/Alura/Engenharia de dados/projeto_airflow/airflowalura/venv/lib/python3.9/site-packages/airflow/example_dags/example_branch_operator_decorator.py for tasks to queue
[2024-04-27 09:52:56,857] {logging_mixin.py:115} INFO - [2024-04-27 09:52:56,857] {dagbag.py:507} INFO - Filling up the DagBag from /home/enrico/Documentos/backup/AULA/Alura/Engenharia de dados/projeto_airflow/airflowalura/venv/lib/python3.9/site-packages/airflow/example_dags/example_branch_operator_decorator.py
[2024-04-27 09:52:56,888] {processor.py:651} INFO - DAG(s) dict_keys(['example_branch_python_operator_decorator']) retrieved from /home/enrico/Documentos/backup/AULA/Alura/Engenharia de dados/projeto_airflow/airflowalura/venv/lib/python3.9/site-packages/airflow/example_dags/example_branch_operator_decorator.py
[2024-04-27 09:52:56,899] {logging_mixin.py:115} INFO - [2024-04-27 09:52:56,899] {dag.py:2379} INFO - Sync 1 DAGs
[2024-04-27 09:52:56,909] {logging_mixin.py:115} INFO - [2024-04-27 09:52:56,909] {dag.py:2927} INFO - Setting next_dagrun for example_branch_python_operator_decorator to 2024-04-26T00:00:00+00:00, run_after=2024-04-27T00:00:00+00:00
[2024-04-27 09:52:56,923] {processor.py:161} INFO - Processing /home/enrico/Documentos/backup/AULA/Alura/Engenharia de dados/projeto_airflow/airflowalura/venv/lib/python3.9/site-packages/airflow/example_dags/example_branch_operator_decorator.py took 0.073 seconds
[2024-04-27 09:53:32,045] {processor.py:153} INFO - Started process (PID=96668) to work on /home/enrico/Documentos/backup/AULA/Alura/Engenharia de dados/projeto_airflow/airflowalura/venv/lib/python3.9/site-packages/airflow/example_dags/example_branch_operator_decorator.py
[2024-04-27 09:53:32,045] {processor.py:641} INFO - Processing file /home/enrico/Documentos/backup/AULA/Alura/Engenharia de dados/projeto_airflow/airflowalura/venv/lib/python3.9/site-packages/airflow/example_dags/example_branch_operator_decorator.py for tasks to queue
[2024-04-27 09:53:32,046] {logging_mixin.py:115} INFO - [2024-04-27 09:53:32,046] {dagbag.py:507} INFO - Filling up the DagBag from /home/enrico/Documentos/backup/AULA/Alura/Engenharia de dados/projeto_airflow/airflowalura/venv/lib/python3.9/site-packages/airflow/example_dags/example_branch_operator_decorator.py
[2024-04-27 09:53:32,056] {processor.py:651} INFO - DAG(s) dict_keys(['example_branch_python_operator_decorator']) retrieved from /home/enrico/Documentos/backup/AULA/Alura/Engenharia de dados/projeto_airflow/airflowalura/venv/lib/python3.9/site-packages/airflow/example_dags/example_branch_operator_decorator.py
[2024-04-27 09:53:32,064] {logging_mixin.py:115} INFO - [2024-04-27 09:53:32,064] {dag.py:2379} INFO - Sync 1 DAGs
[2024-04-27 09:53:32,074] {logging_mixin.py:115} INFO - [2024-04-27 09:53:32,074] {dag.py:2927} INFO - Setting next_dagrun for example_branch_python_operator_decorator to 2024-04-26T00:00:00+00:00, run_after=2024-04-27T00:00:00+00:00
[2024-04-27 09:53:32,084] {processor.py:161} INFO - Processing /home/enrico/Documentos/backup/AULA/Alura/Engenharia de dados/projeto_airflow/airflowalura/venv/lib/python3.9/site-packages/airflow/example_dags/example_branch_operator_decorator.py took 0.040 seconds
[2024-04-27 09:54:09,068] {processor.py:153} INFO - Started process (PID=96718) to work on /home/enrico/Documentos/backup/AULA/Alura/Engenharia de dados/projeto_airflow/airflowalura/venv/lib/python3.9/site-packages/airflow/example_dags/example_branch_operator_decorator.py
[2024-04-27 09:54:09,069] {processor.py:641} INFO - Processing file /home/enrico/Documentos/backup/AULA/Alura/Engenharia de dados/projeto_airflow/airflowalura/venv/lib/python3.9/site-packages/airflow/example_dags/example_branch_operator_decorator.py for tasks to queue
[2024-04-27 09:54:09,070] {logging_mixin.py:115} INFO - [2024-04-27 09:54:09,070] {dagbag.py:507} INFO - Filling up the DagBag from /home/enrico/Documentos/backup/AULA/Alura/Engenharia de dados/projeto_airflow/airflowalura/venv/lib/python3.9/site-packages/airflow/example_dags/example_branch_operator_decorator.py
[2024-04-27 09:54:09,098] {processor.py:651} INFO - DAG(s) dict_keys(['example_branch_python_operator_decorator']) retrieved from /home/enrico/Documentos/backup/AULA/Alura/Engenharia de dados/projeto_airflow/airflowalura/venv/lib/python3.9/site-packages/airflow/example_dags/example_branch_operator_decorator.py
[2024-04-27 09:54:09,105] {logging_mixin.py:115} INFO - [2024-04-27 09:54:09,105] {dag.py:2379} INFO - Sync 1 DAGs
[2024-04-27 09:54:09,116] {logging_mixin.py:115} INFO - [2024-04-27 09:54:09,115] {dag.py:2927} INFO - Setting next_dagrun for example_branch_python_operator_decorator to 2024-04-26T00:00:00+00:00, run_after=2024-04-27T00:00:00+00:00
[2024-04-27 09:54:09,123] {processor.py:161} INFO - Processing /home/enrico/Documentos/backup/AULA/Alura/Engenharia de dados/projeto_airflow/airflowalura/venv/lib/python3.9/site-packages/airflow/example_dags/example_branch_operator_decorator.py took 0.061 seconds
[2024-04-27 09:54:47,387] {processor.py:153} INFO - Started process (PID=96777) to work on /home/enrico/Documentos/backup/AULA/Alura/Engenharia de dados/projeto_airflow/airflowalura/venv/lib/python3.9/site-packages/airflow/example_dags/example_branch_operator_decorator.py
[2024-04-27 09:54:47,390] {processor.py:641} INFO - Processing file /home/enrico/Documentos/backup/AULA/Alura/Engenharia de dados/projeto_airflow/airflowalura/venv/lib/python3.9/site-packages/airflow/example_dags/example_branch_operator_decorator.py for tasks to queue
[2024-04-27 09:54:47,391] {logging_mixin.py:115} INFO - [2024-04-27 09:54:47,391] {dagbag.py:507} INFO - Filling up the DagBag from /home/enrico/Documentos/backup/AULA/Alura/Engenharia de dados/projeto_airflow/airflowalura/venv/lib/python3.9/site-packages/airflow/example_dags/example_branch_operator_decorator.py
[2024-04-27 09:54:47,402] {processor.py:651} INFO - DAG(s) dict_keys(['example_branch_python_operator_decorator']) retrieved from /home/enrico/Documentos/backup/AULA/Alura/Engenharia de dados/projeto_airflow/airflowalura/venv/lib/python3.9/site-packages/airflow/example_dags/example_branch_operator_decorator.py
[2024-04-27 09:54:47,411] {logging_mixin.py:115} INFO - [2024-04-27 09:54:47,411] {dag.py:2379} INFO - Sync 1 DAGs
[2024-04-27 09:54:47,422] {logging_mixin.py:115} INFO - [2024-04-27 09:54:47,422] {dag.py:2927} INFO - Setting next_dagrun for example_branch_python_operator_decorator to 2024-04-26T00:00:00+00:00, run_after=2024-04-27T00:00:00+00:00
[2024-04-27 09:54:47,433] {processor.py:161} INFO - Processing /home/enrico/Documentos/backup/AULA/Alura/Engenharia de dados/projeto_airflow/airflowalura/venv/lib/python3.9/site-packages/airflow/example_dags/example_branch_operator_decorator.py took 0.047 seconds
[2024-04-27 09:55:28,710] {processor.py:153} INFO - Started process (PID=96840) to work on /home/enrico/Documentos/backup/AULA/Alura/Engenharia de dados/projeto_airflow/airflowalura/venv/lib/python3.9/site-packages/airflow/example_dags/example_branch_operator_decorator.py
[2024-04-27 09:55:28,710] {processor.py:641} INFO - Processing file /home/enrico/Documentos/backup/AULA/Alura/Engenharia de dados/projeto_airflow/airflowalura/venv/lib/python3.9/site-packages/airflow/example_dags/example_branch_operator_decorator.py for tasks to queue
[2024-04-27 09:55:28,711] {logging_mixin.py:115} INFO - [2024-04-27 09:55:28,711] {dagbag.py:507} INFO - Filling up the DagBag from /home/enrico/Documentos/backup/AULA/Alura/Engenharia de dados/projeto_airflow/airflowalura/venv/lib/python3.9/site-packages/airflow/example_dags/example_branch_operator_decorator.py
[2024-04-27 09:55:28,722] {processor.py:651} INFO - DAG(s) dict_keys(['example_branch_python_operator_decorator']) retrieved from /home/enrico/Documentos/backup/AULA/Alura/Engenharia de dados/projeto_airflow/airflowalura/venv/lib/python3.9/site-packages/airflow/example_dags/example_branch_operator_decorator.py
[2024-04-27 09:55:28,729] {logging_mixin.py:115} INFO - [2024-04-27 09:55:28,729] {dag.py:2379} INFO - Sync 1 DAGs
[2024-04-27 09:55:28,739] {logging_mixin.py:115} INFO - [2024-04-27 09:55:28,739] {dag.py:2927} INFO - Setting next_dagrun for example_branch_python_operator_decorator to 2024-04-26T00:00:00+00:00, run_after=2024-04-27T00:00:00+00:00
[2024-04-27 09:55:28,747] {processor.py:161} INFO - Processing /home/enrico/Documentos/backup/AULA/Alura/Engenharia de dados/projeto_airflow/airflowalura/venv/lib/python3.9/site-packages/airflow/example_dags/example_branch_operator_decorator.py took 0.039 seconds
[2024-04-27 09:56:05,809] {processor.py:153} INFO - Started process (PID=96902) to work on /home/enrico/Documentos/backup/AULA/Alura/Engenharia de dados/projeto_airflow/airflowalura/venv/lib/python3.9/site-packages/airflow/example_dags/example_branch_operator_decorator.py
[2024-04-27 09:56:05,812] {processor.py:641} INFO - Processing file /home/enrico/Documentos/backup/AULA/Alura/Engenharia de dados/projeto_airflow/airflowalura/venv/lib/python3.9/site-packages/airflow/example_dags/example_branch_operator_decorator.py for tasks to queue
[2024-04-27 09:56:05,813] {logging_mixin.py:115} INFO - [2024-04-27 09:56:05,812] {dagbag.py:507} INFO - Filling up the DagBag from /home/enrico/Documentos/backup/AULA/Alura/Engenharia de dados/projeto_airflow/airflowalura/venv/lib/python3.9/site-packages/airflow/example_dags/example_branch_operator_decorator.py
[2024-04-27 09:56:05,824] {processor.py:651} INFO - DAG(s) dict_keys(['example_branch_python_operator_decorator']) retrieved from /home/enrico/Documentos/backup/AULA/Alura/Engenharia de dados/projeto_airflow/airflowalura/venv/lib/python3.9/site-packages/airflow/example_dags/example_branch_operator_decorator.py
[2024-04-27 09:56:05,832] {logging_mixin.py:115} INFO - [2024-04-27 09:56:05,832] {dag.py:2379} INFO - Sync 1 DAGs
[2024-04-27 09:56:05,842] {logging_mixin.py:115} INFO - [2024-04-27 09:56:05,842] {dag.py:2927} INFO - Setting next_dagrun for example_branch_python_operator_decorator to 2024-04-26T00:00:00+00:00, run_after=2024-04-27T00:00:00+00:00
[2024-04-27 09:56:05,852] {processor.py:161} INFO - Processing /home/enrico/Documentos/backup/AULA/Alura/Engenharia de dados/projeto_airflow/airflowalura/venv/lib/python3.9/site-packages/airflow/example_dags/example_branch_operator_decorator.py took 0.045 seconds
[2024-04-27 09:56:43,654] {processor.py:153} INFO - Started process (PID=96985) to work on /home/enrico/Documentos/backup/AULA/Alura/Engenharia de dados/projeto_airflow/airflowalura/venv/lib/python3.9/site-packages/airflow/example_dags/example_branch_operator_decorator.py
[2024-04-27 09:56:43,657] {processor.py:641} INFO - Processing file /home/enrico/Documentos/backup/AULA/Alura/Engenharia de dados/projeto_airflow/airflowalura/venv/lib/python3.9/site-packages/airflow/example_dags/example_branch_operator_decorator.py for tasks to queue
[2024-04-27 09:56:43,657] {logging_mixin.py:115} INFO - [2024-04-27 09:56:43,657] {dagbag.py:507} INFO - Filling up the DagBag from /home/enrico/Documentos/backup/AULA/Alura/Engenharia de dados/projeto_airflow/airflowalura/venv/lib/python3.9/site-packages/airflow/example_dags/example_branch_operator_decorator.py
[2024-04-27 09:56:43,668] {processor.py:651} INFO - DAG(s) dict_keys(['example_branch_python_operator_decorator']) retrieved from /home/enrico/Documentos/backup/AULA/Alura/Engenharia de dados/projeto_airflow/airflowalura/venv/lib/python3.9/site-packages/airflow/example_dags/example_branch_operator_decorator.py
[2024-04-27 09:56:43,678] {logging_mixin.py:115} INFO - [2024-04-27 09:56:43,678] {dag.py:2379} INFO - Sync 1 DAGs
[2024-04-27 09:56:43,688] {logging_mixin.py:115} INFO - [2024-04-27 09:56:43,688] {dag.py:2927} INFO - Setting next_dagrun for example_branch_python_operator_decorator to 2024-04-26T00:00:00+00:00, run_after=2024-04-27T00:00:00+00:00
[2024-04-27 09:56:43,705] {processor.py:161} INFO - Processing /home/enrico/Documentos/backup/AULA/Alura/Engenharia de dados/projeto_airflow/airflowalura/venv/lib/python3.9/site-packages/airflow/example_dags/example_branch_operator_decorator.py took 0.052 seconds
[2024-04-27 09:57:19,590] {processor.py:153} INFO - Started process (PID=97096) to work on /home/enrico/Documentos/backup/AULA/Alura/Engenharia de dados/projeto_airflow/airflowalura/venv/lib/python3.9/site-packages/airflow/example_dags/example_branch_operator_decorator.py
[2024-04-27 09:57:19,593] {processor.py:641} INFO - Processing file /home/enrico/Documentos/backup/AULA/Alura/Engenharia de dados/projeto_airflow/airflowalura/venv/lib/python3.9/site-packages/airflow/example_dags/example_branch_operator_decorator.py for tasks to queue
[2024-04-27 09:57:19,593] {logging_mixin.py:115} INFO - [2024-04-27 09:57:19,593] {dagbag.py:507} INFO - Filling up the DagBag from /home/enrico/Documentos/backup/AULA/Alura/Engenharia de dados/projeto_airflow/airflowalura/venv/lib/python3.9/site-packages/airflow/example_dags/example_branch_operator_decorator.py
[2024-04-27 09:57:19,604] {processor.py:651} INFO - DAG(s) dict_keys(['example_branch_python_operator_decorator']) retrieved from /home/enrico/Documentos/backup/AULA/Alura/Engenharia de dados/projeto_airflow/airflowalura/venv/lib/python3.9/site-packages/airflow/example_dags/example_branch_operator_decorator.py
[2024-04-27 09:57:19,612] {logging_mixin.py:115} INFO - [2024-04-27 09:57:19,612] {dag.py:2379} INFO - Sync 1 DAGs
[2024-04-27 09:57:19,622] {logging_mixin.py:115} INFO - [2024-04-27 09:57:19,622] {dag.py:2927} INFO - Setting next_dagrun for example_branch_python_operator_decorator to 2024-04-26T00:00:00+00:00, run_after=2024-04-27T00:00:00+00:00
[2024-04-27 09:57:19,635] {processor.py:161} INFO - Processing /home/enrico/Documentos/backup/AULA/Alura/Engenharia de dados/projeto_airflow/airflowalura/venv/lib/python3.9/site-packages/airflow/example_dags/example_branch_operator_decorator.py took 0.046 seconds
[2024-04-27 09:57:59,549] {processor.py:153} INFO - Started process (PID=97149) to work on /home/enrico/Documentos/backup/AULA/Alura/Engenharia de dados/projeto_airflow/airflowalura/venv/lib/python3.9/site-packages/airflow/example_dags/example_branch_operator_decorator.py
[2024-04-27 09:57:59,551] {processor.py:641} INFO - Processing file /home/enrico/Documentos/backup/AULA/Alura/Engenharia de dados/projeto_airflow/airflowalura/venv/lib/python3.9/site-packages/airflow/example_dags/example_branch_operator_decorator.py for tasks to queue
[2024-04-27 09:57:59,552] {logging_mixin.py:115} INFO - [2024-04-27 09:57:59,551] {dagbag.py:507} INFO - Filling up the DagBag from /home/enrico/Documentos/backup/AULA/Alura/Engenharia de dados/projeto_airflow/airflowalura/venv/lib/python3.9/site-packages/airflow/example_dags/example_branch_operator_decorator.py
[2024-04-27 09:57:59,586] {processor.py:651} INFO - DAG(s) dict_keys(['example_branch_python_operator_decorator']) retrieved from /home/enrico/Documentos/backup/AULA/Alura/Engenharia de dados/projeto_airflow/airflowalura/venv/lib/python3.9/site-packages/airflow/example_dags/example_branch_operator_decorator.py
[2024-04-27 09:57:59,598] {logging_mixin.py:115} INFO - [2024-04-27 09:57:59,598] {dag.py:2379} INFO - Sync 1 DAGs
[2024-04-27 09:57:59,609] {logging_mixin.py:115} INFO - [2024-04-27 09:57:59,609] {dag.py:2927} INFO - Setting next_dagrun for example_branch_python_operator_decorator to 2024-04-26T00:00:00+00:00, run_after=2024-04-27T00:00:00+00:00
[2024-04-27 09:57:59,618] {processor.py:161} INFO - Processing /home/enrico/Documentos/backup/AULA/Alura/Engenharia de dados/projeto_airflow/airflowalura/venv/lib/python3.9/site-packages/airflow/example_dags/example_branch_operator_decorator.py took 0.074 seconds
[2024-04-27 09:58:34,798] {processor.py:153} INFO - Started process (PID=97222) to work on /home/enrico/Documentos/backup/AULA/Alura/Engenharia de dados/projeto_airflow/airflowalura/venv/lib/python3.9/site-packages/airflow/example_dags/example_branch_operator_decorator.py
[2024-04-27 09:58:34,802] {processor.py:641} INFO - Processing file /home/enrico/Documentos/backup/AULA/Alura/Engenharia de dados/projeto_airflow/airflowalura/venv/lib/python3.9/site-packages/airflow/example_dags/example_branch_operator_decorator.py for tasks to queue
[2024-04-27 09:58:34,803] {logging_mixin.py:115} INFO - [2024-04-27 09:58:34,803] {dagbag.py:507} INFO - Filling up the DagBag from /home/enrico/Documentos/backup/AULA/Alura/Engenharia de dados/projeto_airflow/airflowalura/venv/lib/python3.9/site-packages/airflow/example_dags/example_branch_operator_decorator.py
[2024-04-27 09:58:34,834] {processor.py:651} INFO - DAG(s) dict_keys(['example_branch_python_operator_decorator']) retrieved from /home/enrico/Documentos/backup/AULA/Alura/Engenharia de dados/projeto_airflow/airflowalura/venv/lib/python3.9/site-packages/airflow/example_dags/example_branch_operator_decorator.py
[2024-04-27 09:58:34,843] {logging_mixin.py:115} INFO - [2024-04-27 09:58:34,843] {dag.py:2379} INFO - Sync 1 DAGs
[2024-04-27 09:58:34,852] {logging_mixin.py:115} INFO - [2024-04-27 09:58:34,852] {dag.py:2927} INFO - Setting next_dagrun for example_branch_python_operator_decorator to 2024-04-26T00:00:00+00:00, run_after=2024-04-27T00:00:00+00:00
[2024-04-27 09:58:34,867] {processor.py:161} INFO - Processing /home/enrico/Documentos/backup/AULA/Alura/Engenharia de dados/projeto_airflow/airflowalura/venv/lib/python3.9/site-packages/airflow/example_dags/example_branch_operator_decorator.py took 0.074 seconds
[2024-04-27 09:59:11,786] {processor.py:153} INFO - Started process (PID=97282) to work on /home/enrico/Documentos/backup/AULA/Alura/Engenharia de dados/projeto_airflow/airflowalura/venv/lib/python3.9/site-packages/airflow/example_dags/example_branch_operator_decorator.py
[2024-04-27 09:59:11,789] {processor.py:641} INFO - Processing file /home/enrico/Documentos/backup/AULA/Alura/Engenharia de dados/projeto_airflow/airflowalura/venv/lib/python3.9/site-packages/airflow/example_dags/example_branch_operator_decorator.py for tasks to queue
[2024-04-27 09:59:11,790] {logging_mixin.py:115} INFO - [2024-04-27 09:59:11,790] {dagbag.py:507} INFO - Filling up the DagBag from /home/enrico/Documentos/backup/AULA/Alura/Engenharia de dados/projeto_airflow/airflowalura/venv/lib/python3.9/site-packages/airflow/example_dags/example_branch_operator_decorator.py
[2024-04-27 09:59:11,801] {processor.py:651} INFO - DAG(s) dict_keys(['example_branch_python_operator_decorator']) retrieved from /home/enrico/Documentos/backup/AULA/Alura/Engenharia de dados/projeto_airflow/airflowalura/venv/lib/python3.9/site-packages/airflow/example_dags/example_branch_operator_decorator.py
[2024-04-27 09:59:11,809] {logging_mixin.py:115} INFO - [2024-04-27 09:59:11,809] {dag.py:2379} INFO - Sync 1 DAGs
[2024-04-27 09:59:11,819] {logging_mixin.py:115} INFO - [2024-04-27 09:59:11,819] {dag.py:2927} INFO - Setting next_dagrun for example_branch_python_operator_decorator to 2024-04-26T00:00:00+00:00, run_after=2024-04-27T00:00:00+00:00
[2024-04-27 09:59:11,828] {processor.py:161} INFO - Processing /home/enrico/Documentos/backup/AULA/Alura/Engenharia de dados/projeto_airflow/airflowalura/venv/lib/python3.9/site-packages/airflow/example_dags/example_branch_operator_decorator.py took 0.045 seconds
[2024-04-27 09:59:52,956] {processor.py:153} INFO - Started process (PID=97351) to work on /home/enrico/Documentos/backup/AULA/Alura/Engenharia de dados/projeto_airflow/airflowalura/venv/lib/python3.9/site-packages/airflow/example_dags/example_branch_operator_decorator.py
[2024-04-27 09:59:52,957] {processor.py:641} INFO - Processing file /home/enrico/Documentos/backup/AULA/Alura/Engenharia de dados/projeto_airflow/airflowalura/venv/lib/python3.9/site-packages/airflow/example_dags/example_branch_operator_decorator.py for tasks to queue
[2024-04-27 09:59:52,958] {logging_mixin.py:115} INFO - [2024-04-27 09:59:52,958] {dagbag.py:507} INFO - Filling up the DagBag from /home/enrico/Documentos/backup/AULA/Alura/Engenharia de dados/projeto_airflow/airflowalura/venv/lib/python3.9/site-packages/airflow/example_dags/example_branch_operator_decorator.py
[2024-04-27 09:59:52,990] {processor.py:651} INFO - DAG(s) dict_keys(['example_branch_python_operator_decorator']) retrieved from /home/enrico/Documentos/backup/AULA/Alura/Engenharia de dados/projeto_airflow/airflowalura/venv/lib/python3.9/site-packages/airflow/example_dags/example_branch_operator_decorator.py
[2024-04-27 09:59:53,002] {logging_mixin.py:115} INFO - [2024-04-27 09:59:53,002] {dag.py:2379} INFO - Sync 1 DAGs
[2024-04-27 09:59:53,013] {logging_mixin.py:115} INFO - [2024-04-27 09:59:53,013] {dag.py:2927} INFO - Setting next_dagrun for example_branch_python_operator_decorator to 2024-04-26T00:00:00+00:00, run_after=2024-04-27T00:00:00+00:00
[2024-04-27 09:59:53,021] {processor.py:161} INFO - Processing /home/enrico/Documentos/backup/AULA/Alura/Engenharia de dados/projeto_airflow/airflowalura/venv/lib/python3.9/site-packages/airflow/example_dags/example_branch_operator_decorator.py took 0.071 seconds
[2024-04-27 10:00:33,125] {processor.py:153} INFO - Started process (PID=97411) to work on /home/enrico/Documentos/backup/AULA/Alura/Engenharia de dados/projeto_airflow/airflowalura/venv/lib/python3.9/site-packages/airflow/example_dags/example_branch_operator_decorator.py
[2024-04-27 10:00:33,128] {processor.py:641} INFO - Processing file /home/enrico/Documentos/backup/AULA/Alura/Engenharia de dados/projeto_airflow/airflowalura/venv/lib/python3.9/site-packages/airflow/example_dags/example_branch_operator_decorator.py for tasks to queue
[2024-04-27 10:00:33,129] {logging_mixin.py:115} INFO - [2024-04-27 10:00:33,128] {dagbag.py:507} INFO - Filling up the DagBag from /home/enrico/Documentos/backup/AULA/Alura/Engenharia de dados/projeto_airflow/airflowalura/venv/lib/python3.9/site-packages/airflow/example_dags/example_branch_operator_decorator.py
[2024-04-27 10:00:33,140] {processor.py:651} INFO - DAG(s) dict_keys(['example_branch_python_operator_decorator']) retrieved from /home/enrico/Documentos/backup/AULA/Alura/Engenharia de dados/projeto_airflow/airflowalura/venv/lib/python3.9/site-packages/airflow/example_dags/example_branch_operator_decorator.py
[2024-04-27 10:00:33,148] {logging_mixin.py:115} INFO - [2024-04-27 10:00:33,148] {dag.py:2379} INFO - Sync 1 DAGs
[2024-04-27 10:00:33,157] {logging_mixin.py:115} INFO - [2024-04-27 10:00:33,157] {dag.py:2927} INFO - Setting next_dagrun for example_branch_python_operator_decorator to 2024-04-26T00:00:00+00:00, run_after=2024-04-27T00:00:00+00:00
[2024-04-27 10:00:33,174] {processor.py:161} INFO - Processing /home/enrico/Documentos/backup/AULA/Alura/Engenharia de dados/projeto_airflow/airflowalura/venv/lib/python3.9/site-packages/airflow/example_dags/example_branch_operator_decorator.py took 0.051 seconds
[2024-04-27 10:01:09,981] {processor.py:153} INFO - Started process (PID=97471) to work on /home/enrico/Documentos/backup/AULA/Alura/Engenharia de dados/projeto_airflow/airflowalura/venv/lib/python3.9/site-packages/airflow/example_dags/example_branch_operator_decorator.py
[2024-04-27 10:01:09,982] {processor.py:641} INFO - Processing file /home/enrico/Documentos/backup/AULA/Alura/Engenharia de dados/projeto_airflow/airflowalura/venv/lib/python3.9/site-packages/airflow/example_dags/example_branch_operator_decorator.py for tasks to queue
[2024-04-27 10:01:09,982] {logging_mixin.py:115} INFO - [2024-04-27 10:01:09,982] {dagbag.py:507} INFO - Filling up the DagBag from /home/enrico/Documentos/backup/AULA/Alura/Engenharia de dados/projeto_airflow/airflowalura/venv/lib/python3.9/site-packages/airflow/example_dags/example_branch_operator_decorator.py
[2024-04-27 10:01:09,993] {processor.py:651} INFO - DAG(s) dict_keys(['example_branch_python_operator_decorator']) retrieved from /home/enrico/Documentos/backup/AULA/Alura/Engenharia de dados/projeto_airflow/airflowalura/venv/lib/python3.9/site-packages/airflow/example_dags/example_branch_operator_decorator.py
[2024-04-27 10:01:10,001] {logging_mixin.py:115} INFO - [2024-04-27 10:01:10,001] {dag.py:2379} INFO - Sync 1 DAGs
[2024-04-27 10:01:10,011] {logging_mixin.py:115} INFO - [2024-04-27 10:01:10,011] {dag.py:2927} INFO - Setting next_dagrun for example_branch_python_operator_decorator to 2024-04-26T00:00:00+00:00, run_after=2024-04-27T00:00:00+00:00
[2024-04-27 10:01:10,019] {processor.py:161} INFO - Processing /home/enrico/Documentos/backup/AULA/Alura/Engenharia de dados/projeto_airflow/airflowalura/venv/lib/python3.9/site-packages/airflow/example_dags/example_branch_operator_decorator.py took 0.040 seconds
[2024-04-27 10:01:45,191] {processor.py:153} INFO - Started process (PID=97538) to work on /home/enrico/Documentos/backup/AULA/Alura/Engenharia de dados/projeto_airflow/airflowalura/venv/lib/python3.9/site-packages/airflow/example_dags/example_branch_operator_decorator.py
[2024-04-27 10:01:45,195] {processor.py:641} INFO - Processing file /home/enrico/Documentos/backup/AULA/Alura/Engenharia de dados/projeto_airflow/airflowalura/venv/lib/python3.9/site-packages/airflow/example_dags/example_branch_operator_decorator.py for tasks to queue
[2024-04-27 10:01:45,196] {logging_mixin.py:115} INFO - [2024-04-27 10:01:45,196] {dagbag.py:507} INFO - Filling up the DagBag from /home/enrico/Documentos/backup/AULA/Alura/Engenharia de dados/projeto_airflow/airflowalura/venv/lib/python3.9/site-packages/airflow/example_dags/example_branch_operator_decorator.py
[2024-04-27 10:01:45,220] {processor.py:651} INFO - DAG(s) dict_keys(['example_branch_python_operator_decorator']) retrieved from /home/enrico/Documentos/backup/AULA/Alura/Engenharia de dados/projeto_airflow/airflowalura/venv/lib/python3.9/site-packages/airflow/example_dags/example_branch_operator_decorator.py
[2024-04-27 10:01:45,229] {logging_mixin.py:115} INFO - [2024-04-27 10:01:45,229] {dag.py:2379} INFO - Sync 1 DAGs
[2024-04-27 10:01:45,240] {logging_mixin.py:115} INFO - [2024-04-27 10:01:45,240] {dag.py:2927} INFO - Setting next_dagrun for example_branch_python_operator_decorator to 2024-04-26T00:00:00+00:00, run_after=2024-04-27T00:00:00+00:00
[2024-04-27 10:01:45,251] {processor.py:161} INFO - Processing /home/enrico/Documentos/backup/AULA/Alura/Engenharia de dados/projeto_airflow/airflowalura/venv/lib/python3.9/site-packages/airflow/example_dags/example_branch_operator_decorator.py took 0.065 seconds
[2024-04-27 10:02:23,067] {processor.py:153} INFO - Started process (PID=97651) to work on /home/enrico/Documentos/backup/AULA/Alura/Engenharia de dados/projeto_airflow/airflowalura/venv/lib/python3.9/site-packages/airflow/example_dags/example_branch_operator_decorator.py
[2024-04-27 10:02:23,071] {processor.py:641} INFO - Processing file /home/enrico/Documentos/backup/AULA/Alura/Engenharia de dados/projeto_airflow/airflowalura/venv/lib/python3.9/site-packages/airflow/example_dags/example_branch_operator_decorator.py for tasks to queue
[2024-04-27 10:02:23,072] {logging_mixin.py:115} INFO - [2024-04-27 10:02:23,072] {dagbag.py:507} INFO - Filling up the DagBag from /home/enrico/Documentos/backup/AULA/Alura/Engenharia de dados/projeto_airflow/airflowalura/venv/lib/python3.9/site-packages/airflow/example_dags/example_branch_operator_decorator.py
[2024-04-27 10:02:23,102] {processor.py:651} INFO - DAG(s) dict_keys(['example_branch_python_operator_decorator']) retrieved from /home/enrico/Documentos/backup/AULA/Alura/Engenharia de dados/projeto_airflow/airflowalura/venv/lib/python3.9/site-packages/airflow/example_dags/example_branch_operator_decorator.py
[2024-04-27 10:02:23,110] {logging_mixin.py:115} INFO - [2024-04-27 10:02:23,110] {dag.py:2379} INFO - Sync 1 DAGs
[2024-04-27 10:02:23,120] {logging_mixin.py:115} INFO - [2024-04-27 10:02:23,120] {dag.py:2927} INFO - Setting next_dagrun for example_branch_python_operator_decorator to 2024-04-26T00:00:00+00:00, run_after=2024-04-27T00:00:00+00:00
[2024-04-27 10:02:23,130] {processor.py:161} INFO - Processing /home/enrico/Documentos/backup/AULA/Alura/Engenharia de dados/projeto_airflow/airflowalura/venv/lib/python3.9/site-packages/airflow/example_dags/example_branch_operator_decorator.py took 0.068 seconds
[2024-04-27 10:03:00,221] {processor.py:153} INFO - Started process (PID=97870) to work on /home/enrico/Documentos/backup/AULA/Alura/Engenharia de dados/projeto_airflow/airflowalura/venv/lib/python3.9/site-packages/airflow/example_dags/example_branch_operator_decorator.py
[2024-04-27 10:03:00,221] {processor.py:641} INFO - Processing file /home/enrico/Documentos/backup/AULA/Alura/Engenharia de dados/projeto_airflow/airflowalura/venv/lib/python3.9/site-packages/airflow/example_dags/example_branch_operator_decorator.py for tasks to queue
[2024-04-27 10:03:00,222] {logging_mixin.py:115} INFO - [2024-04-27 10:03:00,222] {dagbag.py:507} INFO - Filling up the DagBag from /home/enrico/Documentos/backup/AULA/Alura/Engenharia de dados/projeto_airflow/airflowalura/venv/lib/python3.9/site-packages/airflow/example_dags/example_branch_operator_decorator.py
[2024-04-27 10:03:00,232] {processor.py:651} INFO - DAG(s) dict_keys(['example_branch_python_operator_decorator']) retrieved from /home/enrico/Documentos/backup/AULA/Alura/Engenharia de dados/projeto_airflow/airflowalura/venv/lib/python3.9/site-packages/airflow/example_dags/example_branch_operator_decorator.py
[2024-04-27 10:03:00,240] {logging_mixin.py:115} INFO - [2024-04-27 10:03:00,240] {dag.py:2379} INFO - Sync 1 DAGs
[2024-04-27 10:03:00,250] {logging_mixin.py:115} INFO - [2024-04-27 10:03:00,250] {dag.py:2927} INFO - Setting next_dagrun for example_branch_python_operator_decorator to 2024-04-26T00:00:00+00:00, run_after=2024-04-27T00:00:00+00:00
[2024-04-27 10:03:00,258] {processor.py:161} INFO - Processing /home/enrico/Documentos/backup/AULA/Alura/Engenharia de dados/projeto_airflow/airflowalura/venv/lib/python3.9/site-packages/airflow/example_dags/example_branch_operator_decorator.py took 0.039 seconds
[2024-04-27 10:03:41,517] {processor.py:153} INFO - Started process (PID=98112) to work on /home/enrico/Documentos/backup/AULA/Alura/Engenharia de dados/projeto_airflow/airflowalura/venv/lib/python3.9/site-packages/airflow/example_dags/example_branch_operator_decorator.py
[2024-04-27 10:03:41,519] {processor.py:641} INFO - Processing file /home/enrico/Documentos/backup/AULA/Alura/Engenharia de dados/projeto_airflow/airflowalura/venv/lib/python3.9/site-packages/airflow/example_dags/example_branch_operator_decorator.py for tasks to queue
[2024-04-27 10:03:41,519] {logging_mixin.py:115} INFO - [2024-04-27 10:03:41,519] {dagbag.py:507} INFO - Filling up the DagBag from /home/enrico/Documentos/backup/AULA/Alura/Engenharia de dados/projeto_airflow/airflowalura/venv/lib/python3.9/site-packages/airflow/example_dags/example_branch_operator_decorator.py
[2024-04-27 10:03:41,531] {processor.py:651} INFO - DAG(s) dict_keys(['example_branch_python_operator_decorator']) retrieved from /home/enrico/Documentos/backup/AULA/Alura/Engenharia de dados/projeto_airflow/airflowalura/venv/lib/python3.9/site-packages/airflow/example_dags/example_branch_operator_decorator.py
[2024-04-27 10:03:41,539] {logging_mixin.py:115} INFO - [2024-04-27 10:03:41,539] {dag.py:2379} INFO - Sync 1 DAGs
[2024-04-27 10:03:41,550] {logging_mixin.py:115} INFO - [2024-04-27 10:03:41,550] {dag.py:2927} INFO - Setting next_dagrun for example_branch_python_operator_decorator to 2024-04-26T00:00:00+00:00, run_after=2024-04-27T00:00:00+00:00
[2024-04-27 10:03:41,561] {processor.py:161} INFO - Processing /home/enrico/Documentos/backup/AULA/Alura/Engenharia de dados/projeto_airflow/airflowalura/venv/lib/python3.9/site-packages/airflow/example_dags/example_branch_operator_decorator.py took 0.046 seconds
[2024-04-27 10:04:22,830] {processor.py:153} INFO - Started process (PID=98356) to work on /home/enrico/Documentos/backup/AULA/Alura/Engenharia de dados/projeto_airflow/airflowalura/venv/lib/python3.9/site-packages/airflow/example_dags/example_branch_operator_decorator.py
[2024-04-27 10:04:22,833] {processor.py:641} INFO - Processing file /home/enrico/Documentos/backup/AULA/Alura/Engenharia de dados/projeto_airflow/airflowalura/venv/lib/python3.9/site-packages/airflow/example_dags/example_branch_operator_decorator.py for tasks to queue
[2024-04-27 10:04:22,833] {logging_mixin.py:115} INFO - [2024-04-27 10:04:22,833] {dagbag.py:507} INFO - Filling up the DagBag from /home/enrico/Documentos/backup/AULA/Alura/Engenharia de dados/projeto_airflow/airflowalura/venv/lib/python3.9/site-packages/airflow/example_dags/example_branch_operator_decorator.py
[2024-04-27 10:04:22,844] {processor.py:651} INFO - DAG(s) dict_keys(['example_branch_python_operator_decorator']) retrieved from /home/enrico/Documentos/backup/AULA/Alura/Engenharia de dados/projeto_airflow/airflowalura/venv/lib/python3.9/site-packages/airflow/example_dags/example_branch_operator_decorator.py
[2024-04-27 10:04:22,852] {logging_mixin.py:115} INFO - [2024-04-27 10:04:22,852] {dag.py:2379} INFO - Sync 1 DAGs
[2024-04-27 10:04:22,862] {logging_mixin.py:115} INFO - [2024-04-27 10:04:22,862] {dag.py:2927} INFO - Setting next_dagrun for example_branch_python_operator_decorator to 2024-04-26T00:00:00+00:00, run_after=2024-04-27T00:00:00+00:00
[2024-04-27 10:04:22,871] {processor.py:161} INFO - Processing /home/enrico/Documentos/backup/AULA/Alura/Engenharia de dados/projeto_airflow/airflowalura/venv/lib/python3.9/site-packages/airflow/example_dags/example_branch_operator_decorator.py took 0.043 seconds
