[2024-04-27 09:50:14,693] {processor.py:153} INFO - Started process (PID=95924) to work on /home/enrico/Documentos/backup/AULA/Alura/Engenharia de dados/projeto_airflow/airflowalura/venv/lib/python3.9/site-packages/airflow/example_dags/example_xcomargs.py
[2024-04-27 09:50:14,693] {processor.py:641} INFO - Processing file /home/enrico/Documentos/backup/AULA/Alura/Engenharia de dados/projeto_airflow/airflowalura/venv/lib/python3.9/site-packages/airflow/example_dags/example_xcomargs.py for tasks to queue
[2024-04-27 09:50:14,693] {logging_mixin.py:115} INFO - [2024-04-27 09:50:14,693] {dagbag.py:507} INFO - Filling up the DagBag from /home/enrico/Documentos/backup/AULA/Alura/Engenharia de dados/projeto_airflow/airflowalura/venv/lib/python3.9/site-packages/airflow/example_dags/example_xcomargs.py
[2024-04-27 09:50:14,705] {processor.py:651} INFO - DAG(s) dict_keys(['example_xcom_args', 'example_xcom_args_with_operators']) retrieved from /home/enrico/Documentos/backup/AULA/Alura/Engenharia de dados/projeto_airflow/airflowalura/venv/lib/python3.9/site-packages/airflow/example_dags/example_xcomargs.py
[2024-04-27 09:50:14,738] {logging_mixin.py:115} INFO - [2024-04-27 09:50:14,738] {dag.py:2379} INFO - Sync 2 DAGs
[2024-04-27 09:50:14,749] {logging_mixin.py:115} INFO - [2024-04-27 09:50:14,749] {dag.py:2927} INFO - Setting next_dagrun for example_xcom_args to None, run_after=None
[2024-04-27 09:50:14,749] {logging_mixin.py:115} INFO - [2024-04-27 09:50:14,749] {dag.py:2927} INFO - Setting next_dagrun for example_xcom_args_with_operators to None, run_after=None
[2024-04-27 09:50:14,761] {processor.py:161} INFO - Processing /home/enrico/Documentos/backup/AULA/Alura/Engenharia de dados/projeto_airflow/airflowalura/venv/lib/python3.9/site-packages/airflow/example_dags/example_xcomargs.py took 0.070 seconds
[2024-04-27 09:50:49,076] {processor.py:153} INFO - Started process (PID=96053) to work on /home/enrico/Documentos/backup/AULA/Alura/Engenharia de dados/projeto_airflow/airflowalura/venv/lib/python3.9/site-packages/airflow/example_dags/example_xcomargs.py
[2024-04-27 09:50:49,080] {processor.py:641} INFO - Processing file /home/enrico/Documentos/backup/AULA/Alura/Engenharia de dados/projeto_airflow/airflowalura/venv/lib/python3.9/site-packages/airflow/example_dags/example_xcomargs.py for tasks to queue
[2024-04-27 09:50:49,081] {logging_mixin.py:115} INFO - [2024-04-27 09:50:49,081] {dagbag.py:507} INFO - Filling up the DagBag from /home/enrico/Documentos/backup/AULA/Alura/Engenharia de dados/projeto_airflow/airflowalura/venv/lib/python3.9/site-packages/airflow/example_dags/example_xcomargs.py
[2024-04-27 09:50:49,115] {processor.py:651} INFO - DAG(s) dict_keys(['example_xcom_args', 'example_xcom_args_with_operators']) retrieved from /home/enrico/Documentos/backup/AULA/Alura/Engenharia de dados/projeto_airflow/airflowalura/venv/lib/python3.9/site-packages/airflow/example_dags/example_xcomargs.py
[2024-04-27 09:50:49,125] {logging_mixin.py:115} INFO - [2024-04-27 09:50:49,125] {dag.py:2379} INFO - Sync 2 DAGs
[2024-04-27 09:50:49,134] {logging_mixin.py:115} INFO - [2024-04-27 09:50:49,134] {dag.py:2927} INFO - Setting next_dagrun for example_xcom_args to None, run_after=None
[2024-04-27 09:50:49,134] {logging_mixin.py:115} INFO - [2024-04-27 09:50:49,134] {dag.py:2927} INFO - Setting next_dagrun for example_xcom_args_with_operators to None, run_after=None
[2024-04-27 09:50:49,144] {processor.py:161} INFO - Processing /home/enrico/Documentos/backup/AULA/Alura/Engenharia de dados/projeto_airflow/airflowalura/venv/lib/python3.9/site-packages/airflow/example_dags/example_xcomargs.py took 0.073 seconds
[2024-04-27 09:51:24,202] {processor.py:153} INFO - Started process (PID=96292) to work on /home/enrico/Documentos/backup/AULA/Alura/Engenharia de dados/projeto_airflow/airflowalura/venv/lib/python3.9/site-packages/airflow/example_dags/example_xcomargs.py
[2024-04-27 09:51:24,203] {processor.py:641} INFO - Processing file /home/enrico/Documentos/backup/AULA/Alura/Engenharia de dados/projeto_airflow/airflowalura/venv/lib/python3.9/site-packages/airflow/example_dags/example_xcomargs.py for tasks to queue
[2024-04-27 09:51:24,204] {logging_mixin.py:115} INFO - [2024-04-27 09:51:24,204] {dagbag.py:507} INFO - Filling up the DagBag from /home/enrico/Documentos/backup/AULA/Alura/Engenharia de dados/projeto_airflow/airflowalura/venv/lib/python3.9/site-packages/airflow/example_dags/example_xcomargs.py
[2024-04-27 09:51:24,235] {processor.py:651} INFO - DAG(s) dict_keys(['example_xcom_args', 'example_xcom_args_with_operators']) retrieved from /home/enrico/Documentos/backup/AULA/Alura/Engenharia de dados/projeto_airflow/airflowalura/venv/lib/python3.9/site-packages/airflow/example_dags/example_xcomargs.py
[2024-04-27 09:51:24,246] {logging_mixin.py:115} INFO - [2024-04-27 09:51:24,246] {dag.py:2379} INFO - Sync 2 DAGs
[2024-04-27 09:51:24,256] {logging_mixin.py:115} INFO - [2024-04-27 09:51:24,256] {dag.py:2927} INFO - Setting next_dagrun for example_xcom_args to None, run_after=None
[2024-04-27 09:51:24,256] {logging_mixin.py:115} INFO - [2024-04-27 09:51:24,256] {dag.py:2927} INFO - Setting next_dagrun for example_xcom_args_with_operators to None, run_after=None
[2024-04-27 09:51:24,265] {processor.py:161} INFO - Processing /home/enrico/Documentos/backup/AULA/Alura/Engenharia de dados/projeto_airflow/airflowalura/venv/lib/python3.9/site-packages/airflow/example_dags/example_xcomargs.py took 0.068 seconds
[2024-04-27 09:52:00,284] {processor.py:153} INFO - Started process (PID=96417) to work on /home/enrico/Documentos/backup/AULA/Alura/Engenharia de dados/projeto_airflow/airflowalura/venv/lib/python3.9/site-packages/airflow/example_dags/example_xcomargs.py
[2024-04-27 09:52:00,285] {processor.py:641} INFO - Processing file /home/enrico/Documentos/backup/AULA/Alura/Engenharia de dados/projeto_airflow/airflowalura/venv/lib/python3.9/site-packages/airflow/example_dags/example_xcomargs.py for tasks to queue
[2024-04-27 09:52:00,286] {logging_mixin.py:115} INFO - [2024-04-27 09:52:00,286] {dagbag.py:507} INFO - Filling up the DagBag from /home/enrico/Documentos/backup/AULA/Alura/Engenharia de dados/projeto_airflow/airflowalura/venv/lib/python3.9/site-packages/airflow/example_dags/example_xcomargs.py
[2024-04-27 09:52:00,318] {processor.py:651} INFO - DAG(s) dict_keys(['example_xcom_args', 'example_xcom_args_with_operators']) retrieved from /home/enrico/Documentos/backup/AULA/Alura/Engenharia de dados/projeto_airflow/airflowalura/venv/lib/python3.9/site-packages/airflow/example_dags/example_xcomargs.py
[2024-04-27 09:52:00,329] {logging_mixin.py:115} INFO - [2024-04-27 09:52:00,329] {dag.py:2379} INFO - Sync 2 DAGs
[2024-04-27 09:52:00,339] {logging_mixin.py:115} INFO - [2024-04-27 09:52:00,339] {dag.py:2927} INFO - Setting next_dagrun for example_xcom_args to None, run_after=None
[2024-04-27 09:52:00,339] {logging_mixin.py:115} INFO - [2024-04-27 09:52:00,339] {dag.py:2927} INFO - Setting next_dagrun for example_xcom_args_with_operators to None, run_after=None
[2024-04-27 09:52:00,347] {processor.py:161} INFO - Processing /home/enrico/Documentos/backup/AULA/Alura/Engenharia de dados/projeto_airflow/airflowalura/venv/lib/python3.9/site-packages/airflow/example_dags/example_xcomargs.py took 0.068 seconds
[2024-04-27 09:52:38,641] {processor.py:153} INFO - Started process (PID=96583) to work on /home/enrico/Documentos/backup/AULA/Alura/Engenharia de dados/projeto_airflow/airflowalura/venv/lib/python3.9/site-packages/airflow/example_dags/example_xcomargs.py
[2024-04-27 09:52:38,642] {processor.py:641} INFO - Processing file /home/enrico/Documentos/backup/AULA/Alura/Engenharia de dados/projeto_airflow/airflowalura/venv/lib/python3.9/site-packages/airflow/example_dags/example_xcomargs.py for tasks to queue
[2024-04-27 09:52:38,642] {logging_mixin.py:115} INFO - [2024-04-27 09:52:38,642] {dagbag.py:507} INFO - Filling up the DagBag from /home/enrico/Documentos/backup/AULA/Alura/Engenharia de dados/projeto_airflow/airflowalura/venv/lib/python3.9/site-packages/airflow/example_dags/example_xcomargs.py
[2024-04-27 09:52:38,657] {processor.py:651} INFO - DAG(s) dict_keys(['example_xcom_args', 'example_xcom_args_with_operators']) retrieved from /home/enrico/Documentos/backup/AULA/Alura/Engenharia de dados/projeto_airflow/airflowalura/venv/lib/python3.9/site-packages/airflow/example_dags/example_xcomargs.py
[2024-04-27 09:52:38,668] {logging_mixin.py:115} INFO - [2024-04-27 09:52:38,668] {dag.py:2379} INFO - Sync 2 DAGs
[2024-04-27 09:52:38,678] {logging_mixin.py:115} INFO - [2024-04-27 09:52:38,678] {dag.py:2927} INFO - Setting next_dagrun for example_xcom_args to None, run_after=None
[2024-04-27 09:52:38,678] {logging_mixin.py:115} INFO - [2024-04-27 09:52:38,678] {dag.py:2927} INFO - Setting next_dagrun for example_xcom_args_with_operators to None, run_after=None
[2024-04-27 09:52:38,690] {processor.py:161} INFO - Processing /home/enrico/Documentos/backup/AULA/Alura/Engenharia de dados/projeto_airflow/airflowalura/venv/lib/python3.9/site-packages/airflow/example_dags/example_xcomargs.py took 0.050 seconds
[2024-04-27 09:53:14,870] {processor.py:153} INFO - Started process (PID=96636) to work on /home/enrico/Documentos/backup/AULA/Alura/Engenharia de dados/projeto_airflow/airflowalura/venv/lib/python3.9/site-packages/airflow/example_dags/example_xcomargs.py
[2024-04-27 09:53:14,873] {processor.py:641} INFO - Processing file /home/enrico/Documentos/backup/AULA/Alura/Engenharia de dados/projeto_airflow/airflowalura/venv/lib/python3.9/site-packages/airflow/example_dags/example_xcomargs.py for tasks to queue
[2024-04-27 09:53:14,873] {logging_mixin.py:115} INFO - [2024-04-27 09:53:14,873] {dagbag.py:507} INFO - Filling up the DagBag from /home/enrico/Documentos/backup/AULA/Alura/Engenharia de dados/projeto_airflow/airflowalura/venv/lib/python3.9/site-packages/airflow/example_dags/example_xcomargs.py
[2024-04-27 09:53:14,887] {processor.py:651} INFO - DAG(s) dict_keys(['example_xcom_args', 'example_xcom_args_with_operators']) retrieved from /home/enrico/Documentos/backup/AULA/Alura/Engenharia de dados/projeto_airflow/airflowalura/venv/lib/python3.9/site-packages/airflow/example_dags/example_xcomargs.py
[2024-04-27 09:53:14,895] {logging_mixin.py:115} INFO - [2024-04-27 09:53:14,895] {dag.py:2379} INFO - Sync 2 DAGs
[2024-04-27 09:53:14,904] {logging_mixin.py:115} INFO - [2024-04-27 09:53:14,904] {dag.py:2927} INFO - Setting next_dagrun for example_xcom_args to None, run_after=None
[2024-04-27 09:53:14,904] {logging_mixin.py:115} INFO - [2024-04-27 09:53:14,904] {dag.py:2927} INFO - Setting next_dagrun for example_xcom_args_with_operators to None, run_after=None
[2024-04-27 09:53:14,914] {processor.py:161} INFO - Processing /home/enrico/Documentos/backup/AULA/Alura/Engenharia de dados/projeto_airflow/airflowalura/venv/lib/python3.9/site-packages/airflow/example_dags/example_xcomargs.py took 0.046 seconds
[2024-04-27 09:53:50,851] {processor.py:153} INFO - Started process (PID=96688) to work on /home/enrico/Documentos/backup/AULA/Alura/Engenharia de dados/projeto_airflow/airflowalura/venv/lib/python3.9/site-packages/airflow/example_dags/example_xcomargs.py
[2024-04-27 09:53:50,854] {processor.py:641} INFO - Processing file /home/enrico/Documentos/backup/AULA/Alura/Engenharia de dados/projeto_airflow/airflowalura/venv/lib/python3.9/site-packages/airflow/example_dags/example_xcomargs.py for tasks to queue
[2024-04-27 09:53:50,855] {logging_mixin.py:115} INFO - [2024-04-27 09:53:50,854] {dagbag.py:507} INFO - Filling up the DagBag from /home/enrico/Documentos/backup/AULA/Alura/Engenharia de dados/projeto_airflow/airflowalura/venv/lib/python3.9/site-packages/airflow/example_dags/example_xcomargs.py
[2024-04-27 09:53:50,892] {processor.py:651} INFO - DAG(s) dict_keys(['example_xcom_args', 'example_xcom_args_with_operators']) retrieved from /home/enrico/Documentos/backup/AULA/Alura/Engenharia de dados/projeto_airflow/airflowalura/venv/lib/python3.9/site-packages/airflow/example_dags/example_xcomargs.py
[2024-04-27 09:53:50,922] {logging_mixin.py:115} INFO - [2024-04-27 09:53:50,922] {dag.py:2379} INFO - Sync 2 DAGs
[2024-04-27 09:53:50,929] {logging_mixin.py:115} INFO - [2024-04-27 09:53:50,929] {dag.py:2927} INFO - Setting next_dagrun for example_xcom_args to None, run_after=None
[2024-04-27 09:53:50,930] {logging_mixin.py:115} INFO - [2024-04-27 09:53:50,930] {dag.py:2927} INFO - Setting next_dagrun for example_xcom_args_with_operators to None, run_after=None
[2024-04-27 09:53:50,940] {processor.py:161} INFO - Processing /home/enrico/Documentos/backup/AULA/Alura/Engenharia de dados/projeto_airflow/airflowalura/venv/lib/python3.9/site-packages/airflow/example_dags/example_xcomargs.py took 0.093 seconds
[2024-04-27 09:54:26,828] {processor.py:153} INFO - Started process (PID=96738) to work on /home/enrico/Documentos/backup/AULA/Alura/Engenharia de dados/projeto_airflow/airflowalura/venv/lib/python3.9/site-packages/airflow/example_dags/example_xcomargs.py
[2024-04-27 09:54:26,831] {processor.py:641} INFO - Processing file /home/enrico/Documentos/backup/AULA/Alura/Engenharia de dados/projeto_airflow/airflowalura/venv/lib/python3.9/site-packages/airflow/example_dags/example_xcomargs.py for tasks to queue
[2024-04-27 09:54:26,833] {logging_mixin.py:115} INFO - [2024-04-27 09:54:26,832] {dagbag.py:507} INFO - Filling up the DagBag from /home/enrico/Documentos/backup/AULA/Alura/Engenharia de dados/projeto_airflow/airflowalura/venv/lib/python3.9/site-packages/airflow/example_dags/example_xcomargs.py
[2024-04-27 09:54:26,859] {processor.py:651} INFO - DAG(s) dict_keys(['example_xcom_args', 'example_xcom_args_with_operators']) retrieved from /home/enrico/Documentos/backup/AULA/Alura/Engenharia de dados/projeto_airflow/airflowalura/venv/lib/python3.9/site-packages/airflow/example_dags/example_xcomargs.py
[2024-04-27 09:54:26,882] {logging_mixin.py:115} INFO - [2024-04-27 09:54:26,882] {dag.py:2379} INFO - Sync 2 DAGs
[2024-04-27 09:54:26,890] {logging_mixin.py:115} INFO - [2024-04-27 09:54:26,890] {dag.py:2927} INFO - Setting next_dagrun for example_xcom_args to None, run_after=None
[2024-04-27 09:54:26,890] {logging_mixin.py:115} INFO - [2024-04-27 09:54:26,890] {dag.py:2927} INFO - Setting next_dagrun for example_xcom_args_with_operators to None, run_after=None
[2024-04-27 09:54:26,900] {processor.py:161} INFO - Processing /home/enrico/Documentos/backup/AULA/Alura/Engenharia de dados/projeto_airflow/airflowalura/venv/lib/python3.9/site-packages/airflow/example_dags/example_xcomargs.py took 0.079 seconds
[2024-04-27 09:55:04,485] {processor.py:153} INFO - Started process (PID=96809) to work on /home/enrico/Documentos/backup/AULA/Alura/Engenharia de dados/projeto_airflow/airflowalura/venv/lib/python3.9/site-packages/airflow/example_dags/example_xcomargs.py
[2024-04-27 09:55:04,487] {processor.py:641} INFO - Processing file /home/enrico/Documentos/backup/AULA/Alura/Engenharia de dados/projeto_airflow/airflowalura/venv/lib/python3.9/site-packages/airflow/example_dags/example_xcomargs.py for tasks to queue
[2024-04-27 09:55:04,488] {logging_mixin.py:115} INFO - [2024-04-27 09:55:04,487] {dagbag.py:507} INFO - Filling up the DagBag from /home/enrico/Documentos/backup/AULA/Alura/Engenharia de dados/projeto_airflow/airflowalura/venv/lib/python3.9/site-packages/airflow/example_dags/example_xcomargs.py
[2024-04-27 09:55:04,501] {processor.py:651} INFO - DAG(s) dict_keys(['example_xcom_args', 'example_xcom_args_with_operators']) retrieved from /home/enrico/Documentos/backup/AULA/Alura/Engenharia de dados/projeto_airflow/airflowalura/venv/lib/python3.9/site-packages/airflow/example_dags/example_xcomargs.py
[2024-04-27 09:55:04,524] {logging_mixin.py:115} INFO - [2024-04-27 09:55:04,524] {dag.py:2379} INFO - Sync 2 DAGs
[2024-04-27 09:55:04,532] {logging_mixin.py:115} INFO - [2024-04-27 09:55:04,532] {dag.py:2927} INFO - Setting next_dagrun for example_xcom_args to None, run_after=None
[2024-04-27 09:55:04,532] {logging_mixin.py:115} INFO - [2024-04-27 09:55:04,532] {dag.py:2927} INFO - Setting next_dagrun for example_xcom_args_with_operators to None, run_after=None
[2024-04-27 09:55:04,545] {processor.py:161} INFO - Processing /home/enrico/Documentos/backup/AULA/Alura/Engenharia de dados/projeto_airflow/airflowalura/venv/lib/python3.9/site-packages/airflow/example_dags/example_xcomargs.py took 0.061 seconds
[2024-04-27 09:55:40,136] {processor.py:153} INFO - Started process (PID=96864) to work on /home/enrico/Documentos/backup/AULA/Alura/Engenharia de dados/projeto_airflow/airflowalura/venv/lib/python3.9/site-packages/airflow/example_dags/example_xcomargs.py
[2024-04-27 09:55:40,137] {processor.py:641} INFO - Processing file /home/enrico/Documentos/backup/AULA/Alura/Engenharia de dados/projeto_airflow/airflowalura/venv/lib/python3.9/site-packages/airflow/example_dags/example_xcomargs.py for tasks to queue
[2024-04-27 09:55:40,138] {logging_mixin.py:115} INFO - [2024-04-27 09:55:40,138] {dagbag.py:507} INFO - Filling up the DagBag from /home/enrico/Documentos/backup/AULA/Alura/Engenharia de dados/projeto_airflow/airflowalura/venv/lib/python3.9/site-packages/airflow/example_dags/example_xcomargs.py
[2024-04-27 09:55:40,166] {processor.py:651} INFO - DAG(s) dict_keys(['example_xcom_args', 'example_xcom_args_with_operators']) retrieved from /home/enrico/Documentos/backup/AULA/Alura/Engenharia de dados/projeto_airflow/airflowalura/venv/lib/python3.9/site-packages/airflow/example_dags/example_xcomargs.py
[2024-04-27 09:55:40,177] {logging_mixin.py:115} INFO - [2024-04-27 09:55:40,177] {dag.py:2379} INFO - Sync 2 DAGs
[2024-04-27 09:55:40,186] {logging_mixin.py:115} INFO - [2024-04-27 09:55:40,186] {dag.py:2927} INFO - Setting next_dagrun for example_xcom_args to None, run_after=None
[2024-04-27 09:55:40,186] {logging_mixin.py:115} INFO - [2024-04-27 09:55:40,186] {dag.py:2927} INFO - Setting next_dagrun for example_xcom_args_with_operators to None, run_after=None
[2024-04-27 09:55:40,195] {processor.py:161} INFO - Processing /home/enrico/Documentos/backup/AULA/Alura/Engenharia de dados/projeto_airflow/airflowalura/venv/lib/python3.9/site-packages/airflow/example_dags/example_xcomargs.py took 0.065 seconds
[2024-04-27 09:56:17,983] {processor.py:153} INFO - Started process (PID=96943) to work on /home/enrico/Documentos/backup/AULA/Alura/Engenharia de dados/projeto_airflow/airflowalura/venv/lib/python3.9/site-packages/airflow/example_dags/example_xcomargs.py
[2024-04-27 09:56:17,987] {processor.py:641} INFO - Processing file /home/enrico/Documentos/backup/AULA/Alura/Engenharia de dados/projeto_airflow/airflowalura/venv/lib/python3.9/site-packages/airflow/example_dags/example_xcomargs.py for tasks to queue
[2024-04-27 09:56:17,988] {logging_mixin.py:115} INFO - [2024-04-27 09:56:17,987] {dagbag.py:507} INFO - Filling up the DagBag from /home/enrico/Documentos/backup/AULA/Alura/Engenharia de dados/projeto_airflow/airflowalura/venv/lib/python3.9/site-packages/airflow/example_dags/example_xcomargs.py
[2024-04-27 09:56:18,020] {processor.py:651} INFO - DAG(s) dict_keys(['example_xcom_args', 'example_xcom_args_with_operators']) retrieved from /home/enrico/Documentos/backup/AULA/Alura/Engenharia de dados/projeto_airflow/airflowalura/venv/lib/python3.9/site-packages/airflow/example_dags/example_xcomargs.py
[2024-04-27 09:56:18,032] {logging_mixin.py:115} INFO - [2024-04-27 09:56:18,031] {dag.py:2379} INFO - Sync 2 DAGs
[2024-04-27 09:56:18,041] {logging_mixin.py:115} INFO - [2024-04-27 09:56:18,041] {dag.py:2927} INFO - Setting next_dagrun for example_xcom_args to None, run_after=None
[2024-04-27 09:56:18,041] {logging_mixin.py:115} INFO - [2024-04-27 09:56:18,041] {dag.py:2927} INFO - Setting next_dagrun for example_xcom_args_with_operators to None, run_after=None
[2024-04-27 09:56:18,053] {processor.py:161} INFO - Processing /home/enrico/Documentos/backup/AULA/Alura/Engenharia de dados/projeto_airflow/airflowalura/venv/lib/python3.9/site-packages/airflow/example_dags/example_xcomargs.py took 0.075 seconds
[2024-04-27 09:56:52,789] {processor.py:153} INFO - Started process (PID=96995) to work on /home/enrico/Documentos/backup/AULA/Alura/Engenharia de dados/projeto_airflow/airflowalura/venv/lib/python3.9/site-packages/airflow/example_dags/example_xcomargs.py
[2024-04-27 09:56:52,789] {processor.py:641} INFO - Processing file /home/enrico/Documentos/backup/AULA/Alura/Engenharia de dados/projeto_airflow/airflowalura/venv/lib/python3.9/site-packages/airflow/example_dags/example_xcomargs.py for tasks to queue
[2024-04-27 09:56:52,789] {logging_mixin.py:115} INFO - [2024-04-27 09:56:52,789] {dagbag.py:507} INFO - Filling up the DagBag from /home/enrico/Documentos/backup/AULA/Alura/Engenharia de dados/projeto_airflow/airflowalura/venv/lib/python3.9/site-packages/airflow/example_dags/example_xcomargs.py
[2024-04-27 09:56:52,800] {processor.py:651} INFO - DAG(s) dict_keys(['example_xcom_args', 'example_xcom_args_with_operators']) retrieved from /home/enrico/Documentos/backup/AULA/Alura/Engenharia de dados/projeto_airflow/airflowalura/venv/lib/python3.9/site-packages/airflow/example_dags/example_xcomargs.py
[2024-04-27 09:56:52,823] {logging_mixin.py:115} INFO - [2024-04-27 09:56:52,823] {dag.py:2379} INFO - Sync 2 DAGs
[2024-04-27 09:56:52,831] {logging_mixin.py:115} INFO - [2024-04-27 09:56:52,831] {dag.py:2927} INFO - Setting next_dagrun for example_xcom_args to None, run_after=None
[2024-04-27 09:56:52,832] {logging_mixin.py:115} INFO - [2024-04-27 09:56:52,832] {dag.py:2927} INFO - Setting next_dagrun for example_xcom_args_with_operators to None, run_after=None
[2024-04-27 09:56:52,841] {processor.py:161} INFO - Processing /home/enrico/Documentos/backup/AULA/Alura/Engenharia de dados/projeto_airflow/airflowalura/venv/lib/python3.9/site-packages/airflow/example_dags/example_xcomargs.py took 0.054 seconds
[2024-04-27 09:57:31,781] {processor.py:153} INFO - Started process (PID=97119) to work on /home/enrico/Documentos/backup/AULA/Alura/Engenharia de dados/projeto_airflow/airflowalura/venv/lib/python3.9/site-packages/airflow/example_dags/example_xcomargs.py
[2024-04-27 09:57:31,784] {processor.py:641} INFO - Processing file /home/enrico/Documentos/backup/AULA/Alura/Engenharia de dados/projeto_airflow/airflowalura/venv/lib/python3.9/site-packages/airflow/example_dags/example_xcomargs.py for tasks to queue
[2024-04-27 09:57:31,784] {logging_mixin.py:115} INFO - [2024-04-27 09:57:31,784] {dagbag.py:507} INFO - Filling up the DagBag from /home/enrico/Documentos/backup/AULA/Alura/Engenharia de dados/projeto_airflow/airflowalura/venv/lib/python3.9/site-packages/airflow/example_dags/example_xcomargs.py
[2024-04-27 09:57:31,796] {processor.py:651} INFO - DAG(s) dict_keys(['example_xcom_args', 'example_xcom_args_with_operators']) retrieved from /home/enrico/Documentos/backup/AULA/Alura/Engenharia de dados/projeto_airflow/airflowalura/venv/lib/python3.9/site-packages/airflow/example_dags/example_xcomargs.py
[2024-04-27 09:57:31,805] {logging_mixin.py:115} INFO - [2024-04-27 09:57:31,805] {dag.py:2379} INFO - Sync 2 DAGs
[2024-04-27 09:57:31,815] {logging_mixin.py:115} INFO - [2024-04-27 09:57:31,814] {dag.py:2927} INFO - Setting next_dagrun for example_xcom_args to None, run_after=None
[2024-04-27 09:57:31,815] {logging_mixin.py:115} INFO - [2024-04-27 09:57:31,815] {dag.py:2927} INFO - Setting next_dagrun for example_xcom_args_with_operators to None, run_after=None
[2024-04-27 09:57:31,826] {processor.py:161} INFO - Processing /home/enrico/Documentos/backup/AULA/Alura/Engenharia de dados/projeto_airflow/airflowalura/venv/lib/python3.9/site-packages/airflow/example_dags/example_xcomargs.py took 0.046 seconds
[2024-04-27 09:58:10,997] {processor.py:153} INFO - Started process (PID=97174) to work on /home/enrico/Documentos/backup/AULA/Alura/Engenharia de dados/projeto_airflow/airflowalura/venv/lib/python3.9/site-packages/airflow/example_dags/example_xcomargs.py
[2024-04-27 09:58:11,001] {processor.py:641} INFO - Processing file /home/enrico/Documentos/backup/AULA/Alura/Engenharia de dados/projeto_airflow/airflowalura/venv/lib/python3.9/site-packages/airflow/example_dags/example_xcomargs.py for tasks to queue
[2024-04-27 09:58:11,002] {logging_mixin.py:115} INFO - [2024-04-27 09:58:11,002] {dagbag.py:507} INFO - Filling up the DagBag from /home/enrico/Documentos/backup/AULA/Alura/Engenharia de dados/projeto_airflow/airflowalura/venv/lib/python3.9/site-packages/airflow/example_dags/example_xcomargs.py
[2024-04-27 09:58:11,034] {processor.py:651} INFO - DAG(s) dict_keys(['example_xcom_args', 'example_xcom_args_with_operators']) retrieved from /home/enrico/Documentos/backup/AULA/Alura/Engenharia de dados/projeto_airflow/airflowalura/venv/lib/python3.9/site-packages/airflow/example_dags/example_xcomargs.py
[2024-04-27 09:58:11,060] {logging_mixin.py:115} INFO - [2024-04-27 09:58:11,060] {dag.py:2379} INFO - Sync 2 DAGs
[2024-04-27 09:58:11,068] {logging_mixin.py:115} INFO - [2024-04-27 09:58:11,068] {dag.py:2927} INFO - Setting next_dagrun for example_xcom_args to None, run_after=None
[2024-04-27 09:58:11,068] {logging_mixin.py:115} INFO - [2024-04-27 09:58:11,068] {dag.py:2927} INFO - Setting next_dagrun for example_xcom_args_with_operators to None, run_after=None
[2024-04-27 09:58:11,079] {processor.py:161} INFO - Processing /home/enrico/Documentos/backup/AULA/Alura/Engenharia de dados/projeto_airflow/airflowalura/venv/lib/python3.9/site-packages/airflow/example_dags/example_xcomargs.py took 0.087 seconds
[2024-04-27 09:58:48,341] {processor.py:153} INFO - Started process (PID=97238) to work on /home/enrico/Documentos/backup/AULA/Alura/Engenharia de dados/projeto_airflow/airflowalura/venv/lib/python3.9/site-packages/airflow/example_dags/example_xcomargs.py
[2024-04-27 09:58:48,344] {processor.py:641} INFO - Processing file /home/enrico/Documentos/backup/AULA/Alura/Engenharia de dados/projeto_airflow/airflowalura/venv/lib/python3.9/site-packages/airflow/example_dags/example_xcomargs.py for tasks to queue
[2024-04-27 09:58:48,344] {logging_mixin.py:115} INFO - [2024-04-27 09:58:48,344] {dagbag.py:507} INFO - Filling up the DagBag from /home/enrico/Documentos/backup/AULA/Alura/Engenharia de dados/projeto_airflow/airflowalura/venv/lib/python3.9/site-packages/airflow/example_dags/example_xcomargs.py
[2024-04-27 09:58:48,356] {processor.py:651} INFO - DAG(s) dict_keys(['example_xcom_args', 'example_xcom_args_with_operators']) retrieved from /home/enrico/Documentos/backup/AULA/Alura/Engenharia de dados/projeto_airflow/airflowalura/venv/lib/python3.9/site-packages/airflow/example_dags/example_xcomargs.py
[2024-04-27 09:58:48,379] {logging_mixin.py:115} INFO - [2024-04-27 09:58:48,379] {dag.py:2379} INFO - Sync 2 DAGs
[2024-04-27 09:58:48,388] {logging_mixin.py:115} INFO - [2024-04-27 09:58:48,388] {dag.py:2927} INFO - Setting next_dagrun for example_xcom_args to None, run_after=None
[2024-04-27 09:58:48,388] {logging_mixin.py:115} INFO - [2024-04-27 09:58:48,388] {dag.py:2927} INFO - Setting next_dagrun for example_xcom_args_with_operators to None, run_after=None
[2024-04-27 09:58:48,403] {processor.py:161} INFO - Processing /home/enrico/Documentos/backup/AULA/Alura/Engenharia de dados/projeto_airflow/airflowalura/venv/lib/python3.9/site-packages/airflow/example_dags/example_xcomargs.py took 0.064 seconds
[2024-04-27 09:59:21,948] {processor.py:153} INFO - Started process (PID=97305) to work on /home/enrico/Documentos/backup/AULA/Alura/Engenharia de dados/projeto_airflow/airflowalura/venv/lib/python3.9/site-packages/airflow/example_dags/example_xcomargs.py
[2024-04-27 09:59:21,951] {processor.py:641} INFO - Processing file /home/enrico/Documentos/backup/AULA/Alura/Engenharia de dados/projeto_airflow/airflowalura/venv/lib/python3.9/site-packages/airflow/example_dags/example_xcomargs.py for tasks to queue
[2024-04-27 09:59:21,951] {logging_mixin.py:115} INFO - [2024-04-27 09:59:21,951] {dagbag.py:507} INFO - Filling up the DagBag from /home/enrico/Documentos/backup/AULA/Alura/Engenharia de dados/projeto_airflow/airflowalura/venv/lib/python3.9/site-packages/airflow/example_dags/example_xcomargs.py
[2024-04-27 09:59:21,962] {processor.py:651} INFO - DAG(s) dict_keys(['example_xcom_args', 'example_xcom_args_with_operators']) retrieved from /home/enrico/Documentos/backup/AULA/Alura/Engenharia de dados/projeto_airflow/airflowalura/venv/lib/python3.9/site-packages/airflow/example_dags/example_xcomargs.py
[2024-04-27 09:59:21,970] {logging_mixin.py:115} INFO - [2024-04-27 09:59:21,970] {dag.py:2379} INFO - Sync 2 DAGs
[2024-04-27 09:59:21,979] {logging_mixin.py:115} INFO - [2024-04-27 09:59:21,979] {dag.py:2927} INFO - Setting next_dagrun for example_xcom_args to None, run_after=None
[2024-04-27 09:59:21,979] {logging_mixin.py:115} INFO - [2024-04-27 09:59:21,979] {dag.py:2927} INFO - Setting next_dagrun for example_xcom_args_with_operators to None, run_after=None
[2024-04-27 09:59:21,989] {processor.py:161} INFO - Processing /home/enrico/Documentos/backup/AULA/Alura/Engenharia de dados/projeto_airflow/airflowalura/venv/lib/python3.9/site-packages/airflow/example_dags/example_xcomargs.py took 0.043 seconds
[2024-04-27 09:59:57,068] {processor.py:153} INFO - Started process (PID=97355) to work on /home/enrico/Documentos/backup/AULA/Alura/Engenharia de dados/projeto_airflow/airflowalura/venv/lib/python3.9/site-packages/airflow/example_dags/example_xcomargs.py
[2024-04-27 09:59:57,071] {processor.py:641} INFO - Processing file /home/enrico/Documentos/backup/AULA/Alura/Engenharia de dados/projeto_airflow/airflowalura/venv/lib/python3.9/site-packages/airflow/example_dags/example_xcomargs.py for tasks to queue
[2024-04-27 09:59:57,073] {logging_mixin.py:115} INFO - [2024-04-27 09:59:57,072] {dagbag.py:507} INFO - Filling up the DagBag from /home/enrico/Documentos/backup/AULA/Alura/Engenharia de dados/projeto_airflow/airflowalura/venv/lib/python3.9/site-packages/airflow/example_dags/example_xcomargs.py
[2024-04-27 09:59:57,106] {processor.py:651} INFO - DAG(s) dict_keys(['example_xcom_args', 'example_xcom_args_with_operators']) retrieved from /home/enrico/Documentos/backup/AULA/Alura/Engenharia de dados/projeto_airflow/airflowalura/venv/lib/python3.9/site-packages/airflow/example_dags/example_xcomargs.py
[2024-04-27 09:59:57,131] {logging_mixin.py:115} INFO - [2024-04-27 09:59:57,131] {dag.py:2379} INFO - Sync 2 DAGs
[2024-04-27 09:59:57,139] {logging_mixin.py:115} INFO - [2024-04-27 09:59:57,139] {dag.py:2927} INFO - Setting next_dagrun for example_xcom_args to None, run_after=None
[2024-04-27 09:59:57,139] {logging_mixin.py:115} INFO - [2024-04-27 09:59:57,139] {dag.py:2927} INFO - Setting next_dagrun for example_xcom_args_with_operators to None, run_after=None
[2024-04-27 09:59:57,152] {processor.py:161} INFO - Processing /home/enrico/Documentos/backup/AULA/Alura/Engenharia de dados/projeto_airflow/airflowalura/venv/lib/python3.9/site-packages/airflow/example_dags/example_xcomargs.py took 0.089 seconds
[2024-04-27 10:00:31,457] {processor.py:153} INFO - Started process (PID=97409) to work on /home/enrico/Documentos/backup/AULA/Alura/Engenharia de dados/projeto_airflow/airflowalura/venv/lib/python3.9/site-packages/airflow/example_dags/example_xcomargs.py
[2024-04-27 10:00:31,457] {processor.py:641} INFO - Processing file /home/enrico/Documentos/backup/AULA/Alura/Engenharia de dados/projeto_airflow/airflowalura/venv/lib/python3.9/site-packages/airflow/example_dags/example_xcomargs.py for tasks to queue
[2024-04-27 10:00:31,457] {logging_mixin.py:115} INFO - [2024-04-27 10:00:31,457] {dagbag.py:507} INFO - Filling up the DagBag from /home/enrico/Documentos/backup/AULA/Alura/Engenharia de dados/projeto_airflow/airflowalura/venv/lib/python3.9/site-packages/airflow/example_dags/example_xcomargs.py
[2024-04-27 10:00:31,469] {processor.py:651} INFO - DAG(s) dict_keys(['example_xcom_args', 'example_xcom_args_with_operators']) retrieved from /home/enrico/Documentos/backup/AULA/Alura/Engenharia de dados/projeto_airflow/airflowalura/venv/lib/python3.9/site-packages/airflow/example_dags/example_xcomargs.py
[2024-04-27 10:00:31,477] {logging_mixin.py:115} INFO - [2024-04-27 10:00:31,477] {dag.py:2379} INFO - Sync 2 DAGs
[2024-04-27 10:00:31,486] {logging_mixin.py:115} INFO - [2024-04-27 10:00:31,486] {dag.py:2927} INFO - Setting next_dagrun for example_xcom_args to None, run_after=None
[2024-04-27 10:00:31,486] {logging_mixin.py:115} INFO - [2024-04-27 10:00:31,486] {dag.py:2927} INFO - Setting next_dagrun for example_xcom_args_with_operators to None, run_after=None
[2024-04-27 10:00:31,495] {processor.py:161} INFO - Processing /home/enrico/Documentos/backup/AULA/Alura/Engenharia de dados/projeto_airflow/airflowalura/venv/lib/python3.9/site-packages/airflow/example_dags/example_xcomargs.py took 0.040 seconds
[2024-04-27 10:01:07,106] {processor.py:153} INFO - Started process (PID=97458) to work on /home/enrico/Documentos/backup/AULA/Alura/Engenharia de dados/projeto_airflow/airflowalura/venv/lib/python3.9/site-packages/airflow/example_dags/example_xcomargs.py
[2024-04-27 10:01:07,107] {processor.py:641} INFO - Processing file /home/enrico/Documentos/backup/AULA/Alura/Engenharia de dados/projeto_airflow/airflowalura/venv/lib/python3.9/site-packages/airflow/example_dags/example_xcomargs.py for tasks to queue
[2024-04-27 10:01:07,107] {logging_mixin.py:115} INFO - [2024-04-27 10:01:07,107] {dagbag.py:507} INFO - Filling up the DagBag from /home/enrico/Documentos/backup/AULA/Alura/Engenharia de dados/projeto_airflow/airflowalura/venv/lib/python3.9/site-packages/airflow/example_dags/example_xcomargs.py
[2024-04-27 10:01:07,123] {processor.py:651} INFO - DAG(s) dict_keys(['example_xcom_args', 'example_xcom_args_with_operators']) retrieved from /home/enrico/Documentos/backup/AULA/Alura/Engenharia de dados/projeto_airflow/airflowalura/venv/lib/python3.9/site-packages/airflow/example_dags/example_xcomargs.py
[2024-04-27 10:01:07,138] {logging_mixin.py:115} INFO - [2024-04-27 10:01:07,138] {dag.py:2379} INFO - Sync 2 DAGs
[2024-04-27 10:01:07,151] {logging_mixin.py:115} INFO - [2024-04-27 10:01:07,151] {dag.py:2927} INFO - Setting next_dagrun for example_xcom_args to None, run_after=None
[2024-04-27 10:01:07,151] {logging_mixin.py:115} INFO - [2024-04-27 10:01:07,151] {dag.py:2927} INFO - Setting next_dagrun for example_xcom_args_with_operators to None, run_after=None
[2024-04-27 10:01:07,160] {processor.py:161} INFO - Processing /home/enrico/Documentos/backup/AULA/Alura/Engenharia de dados/projeto_airflow/airflowalura/venv/lib/python3.9/site-packages/airflow/example_dags/example_xcomargs.py took 0.055 seconds
[2024-04-27 10:01:41,901] {processor.py:153} INFO - Started process (PID=97535) to work on /home/enrico/Documentos/backup/AULA/Alura/Engenharia de dados/projeto_airflow/airflowalura/venv/lib/python3.9/site-packages/airflow/example_dags/example_xcomargs.py
[2024-04-27 10:01:41,902] {processor.py:641} INFO - Processing file /home/enrico/Documentos/backup/AULA/Alura/Engenharia de dados/projeto_airflow/airflowalura/venv/lib/python3.9/site-packages/airflow/example_dags/example_xcomargs.py for tasks to queue
[2024-04-27 10:01:41,902] {logging_mixin.py:115} INFO - [2024-04-27 10:01:41,902] {dagbag.py:507} INFO - Filling up the DagBag from /home/enrico/Documentos/backup/AULA/Alura/Engenharia de dados/projeto_airflow/airflowalura/venv/lib/python3.9/site-packages/airflow/example_dags/example_xcomargs.py
[2024-04-27 10:01:41,914] {processor.py:651} INFO - DAG(s) dict_keys(['example_xcom_args', 'example_xcom_args_with_operators']) retrieved from /home/enrico/Documentos/backup/AULA/Alura/Engenharia de dados/projeto_airflow/airflowalura/venv/lib/python3.9/site-packages/airflow/example_dags/example_xcomargs.py
[2024-04-27 10:01:41,924] {logging_mixin.py:115} INFO - [2024-04-27 10:01:41,924] {dag.py:2379} INFO - Sync 2 DAGs
[2024-04-27 10:01:41,935] {logging_mixin.py:115} INFO - [2024-04-27 10:01:41,935] {dag.py:2927} INFO - Setting next_dagrun for example_xcom_args to None, run_after=None
[2024-04-27 10:01:41,935] {logging_mixin.py:115} INFO - [2024-04-27 10:01:41,935] {dag.py:2927} INFO - Setting next_dagrun for example_xcom_args_with_operators to None, run_after=None
[2024-04-27 10:01:41,944] {processor.py:161} INFO - Processing /home/enrico/Documentos/backup/AULA/Alura/Engenharia de dados/projeto_airflow/airflowalura/venv/lib/python3.9/site-packages/airflow/example_dags/example_xcomargs.py took 0.045 seconds
[2024-04-27 10:02:18,750] {processor.py:153} INFO - Started process (PID=97593) to work on /home/enrico/Documentos/backup/AULA/Alura/Engenharia de dados/projeto_airflow/airflowalura/venv/lib/python3.9/site-packages/airflow/example_dags/example_xcomargs.py
[2024-04-27 10:02:18,753] {processor.py:641} INFO - Processing file /home/enrico/Documentos/backup/AULA/Alura/Engenharia de dados/projeto_airflow/airflowalura/venv/lib/python3.9/site-packages/airflow/example_dags/example_xcomargs.py for tasks to queue
[2024-04-27 10:02:18,754] {logging_mixin.py:115} INFO - [2024-04-27 10:02:18,754] {dagbag.py:507} INFO - Filling up the DagBag from /home/enrico/Documentos/backup/AULA/Alura/Engenharia de dados/projeto_airflow/airflowalura/venv/lib/python3.9/site-packages/airflow/example_dags/example_xcomargs.py
[2024-04-27 10:02:18,774] {processor.py:651} INFO - DAG(s) dict_keys(['example_xcom_args', 'example_xcom_args_with_operators']) retrieved from /home/enrico/Documentos/backup/AULA/Alura/Engenharia de dados/projeto_airflow/airflowalura/venv/lib/python3.9/site-packages/airflow/example_dags/example_xcomargs.py
[2024-04-27 10:02:18,786] {logging_mixin.py:115} INFO - [2024-04-27 10:02:18,786] {dag.py:2379} INFO - Sync 2 DAGs
[2024-04-27 10:02:18,796] {logging_mixin.py:115} INFO - [2024-04-27 10:02:18,796] {dag.py:2927} INFO - Setting next_dagrun for example_xcom_args to None, run_after=None
[2024-04-27 10:02:18,796] {logging_mixin.py:115} INFO - [2024-04-27 10:02:18,796] {dag.py:2927} INFO - Setting next_dagrun for example_xcom_args_with_operators to None, run_after=None
[2024-04-27 10:02:18,808] {processor.py:161} INFO - Processing /home/enrico/Documentos/backup/AULA/Alura/Engenharia de dados/projeto_airflow/airflowalura/venv/lib/python3.9/site-packages/airflow/example_dags/example_xcomargs.py took 0.061 seconds
[2024-04-27 10:02:52,381] {processor.py:153} INFO - Started process (PID=97838) to work on /home/enrico/Documentos/backup/AULA/Alura/Engenharia de dados/projeto_airflow/airflowalura/venv/lib/python3.9/site-packages/airflow/example_dags/example_xcomargs.py
[2024-04-27 10:02:52,382] {processor.py:641} INFO - Processing file /home/enrico/Documentos/backup/AULA/Alura/Engenharia de dados/projeto_airflow/airflowalura/venv/lib/python3.9/site-packages/airflow/example_dags/example_xcomargs.py for tasks to queue
[2024-04-27 10:02:52,383] {logging_mixin.py:115} INFO - [2024-04-27 10:02:52,383] {dagbag.py:507} INFO - Filling up the DagBag from /home/enrico/Documentos/backup/AULA/Alura/Engenharia de dados/projeto_airflow/airflowalura/venv/lib/python3.9/site-packages/airflow/example_dags/example_xcomargs.py
[2024-04-27 10:02:52,415] {processor.py:651} INFO - DAG(s) dict_keys(['example_xcom_args', 'example_xcom_args_with_operators']) retrieved from /home/enrico/Documentos/backup/AULA/Alura/Engenharia de dados/projeto_airflow/airflowalura/venv/lib/python3.9/site-packages/airflow/example_dags/example_xcomargs.py
[2024-04-27 10:02:52,427] {logging_mixin.py:115} INFO - [2024-04-27 10:02:52,427] {dag.py:2379} INFO - Sync 2 DAGs
[2024-04-27 10:02:52,437] {logging_mixin.py:115} INFO - [2024-04-27 10:02:52,437] {dag.py:2927} INFO - Setting next_dagrun for example_xcom_args to None, run_after=None
[2024-04-27 10:02:52,437] {logging_mixin.py:115} INFO - [2024-04-27 10:02:52,437] {dag.py:2927} INFO - Setting next_dagrun for example_xcom_args_with_operators to None, run_after=None
[2024-04-27 10:02:52,447] {processor.py:161} INFO - Processing /home/enrico/Documentos/backup/AULA/Alura/Engenharia de dados/projeto_airflow/airflowalura/venv/lib/python3.9/site-packages/airflow/example_dags/example_xcomargs.py took 0.071 seconds
[2024-04-27 10:03:31,214] {processor.py:153} INFO - Started process (PID=98054) to work on /home/enrico/Documentos/backup/AULA/Alura/Engenharia de dados/projeto_airflow/airflowalura/venv/lib/python3.9/site-packages/airflow/example_dags/example_xcomargs.py
[2024-04-27 10:03:31,217] {processor.py:641} INFO - Processing file /home/enrico/Documentos/backup/AULA/Alura/Engenharia de dados/projeto_airflow/airflowalura/venv/lib/python3.9/site-packages/airflow/example_dags/example_xcomargs.py for tasks to queue
[2024-04-27 10:03:31,217] {logging_mixin.py:115} INFO - [2024-04-27 10:03:31,217] {dagbag.py:507} INFO - Filling up the DagBag from /home/enrico/Documentos/backup/AULA/Alura/Engenharia de dados/projeto_airflow/airflowalura/venv/lib/python3.9/site-packages/airflow/example_dags/example_xcomargs.py
[2024-04-27 10:03:31,230] {processor.py:651} INFO - DAG(s) dict_keys(['example_xcom_args', 'example_xcom_args_with_operators']) retrieved from /home/enrico/Documentos/backup/AULA/Alura/Engenharia de dados/projeto_airflow/airflowalura/venv/lib/python3.9/site-packages/airflow/example_dags/example_xcomargs.py
[2024-04-27 10:03:31,240] {logging_mixin.py:115} INFO - [2024-04-27 10:03:31,240] {dag.py:2379} INFO - Sync 2 DAGs
[2024-04-27 10:03:31,252] {logging_mixin.py:115} INFO - [2024-04-27 10:03:31,252] {dag.py:2927} INFO - Setting next_dagrun for example_xcom_args to None, run_after=None
[2024-04-27 10:03:31,252] {logging_mixin.py:115} INFO - [2024-04-27 10:03:31,252] {dag.py:2927} INFO - Setting next_dagrun for example_xcom_args_with_operators to None, run_after=None
[2024-04-27 10:03:31,263] {processor.py:161} INFO - Processing /home/enrico/Documentos/backup/AULA/Alura/Engenharia de dados/projeto_airflow/airflowalura/venv/lib/python3.9/site-packages/airflow/example_dags/example_xcomargs.py took 0.051 seconds
[2024-04-27 10:04:06,061] {processor.py:153} INFO - Started process (PID=98269) to work on /home/enrico/Documentos/backup/AULA/Alura/Engenharia de dados/projeto_airflow/airflowalura/venv/lib/python3.9/site-packages/airflow/example_dags/example_xcomargs.py
[2024-04-27 10:04:06,061] {processor.py:641} INFO - Processing file /home/enrico/Documentos/backup/AULA/Alura/Engenharia de dados/projeto_airflow/airflowalura/venv/lib/python3.9/site-packages/airflow/example_dags/example_xcomargs.py for tasks to queue
[2024-04-27 10:04:06,061] {logging_mixin.py:115} INFO - [2024-04-27 10:04:06,061] {dagbag.py:507} INFO - Filling up the DagBag from /home/enrico/Documentos/backup/AULA/Alura/Engenharia de dados/projeto_airflow/airflowalura/venv/lib/python3.9/site-packages/airflow/example_dags/example_xcomargs.py
[2024-04-27 10:04:06,072] {processor.py:651} INFO - DAG(s) dict_keys(['example_xcom_args', 'example_xcom_args_with_operators']) retrieved from /home/enrico/Documentos/backup/AULA/Alura/Engenharia de dados/projeto_airflow/airflowalura/venv/lib/python3.9/site-packages/airflow/example_dags/example_xcomargs.py
[2024-04-27 10:04:06,081] {logging_mixin.py:115} INFO - [2024-04-27 10:04:06,081] {dag.py:2379} INFO - Sync 2 DAGs
[2024-04-27 10:04:06,090] {logging_mixin.py:115} INFO - [2024-04-27 10:04:06,090] {dag.py:2927} INFO - Setting next_dagrun for example_xcom_args to None, run_after=None
[2024-04-27 10:04:06,090] {logging_mixin.py:115} INFO - [2024-04-27 10:04:06,090] {dag.py:2927} INFO - Setting next_dagrun for example_xcom_args_with_operators to None, run_after=None
[2024-04-27 10:04:06,100] {processor.py:161} INFO - Processing /home/enrico/Documentos/backup/AULA/Alura/Engenharia de dados/projeto_airflow/airflowalura/venv/lib/python3.9/site-packages/airflow/example_dags/example_xcomargs.py took 0.040 seconds
[2024-04-27 10:04:40,937] {processor.py:153} INFO - Started process (PID=98494) to work on /home/enrico/Documentos/backup/AULA/Alura/Engenharia de dados/projeto_airflow/airflowalura/venv/lib/python3.9/site-packages/airflow/example_dags/example_xcomargs.py
[2024-04-27 10:04:40,940] {processor.py:641} INFO - Processing file /home/enrico/Documentos/backup/AULA/Alura/Engenharia de dados/projeto_airflow/airflowalura/venv/lib/python3.9/site-packages/airflow/example_dags/example_xcomargs.py for tasks to queue
[2024-04-27 10:04:40,940] {logging_mixin.py:115} INFO - [2024-04-27 10:04:40,940] {dagbag.py:507} INFO - Filling up the DagBag from /home/enrico/Documentos/backup/AULA/Alura/Engenharia de dados/projeto_airflow/airflowalura/venv/lib/python3.9/site-packages/airflow/example_dags/example_xcomargs.py
[2024-04-27 10:04:40,953] {processor.py:651} INFO - DAG(s) dict_keys(['example_xcom_args', 'example_xcom_args_with_operators']) retrieved from /home/enrico/Documentos/backup/AULA/Alura/Engenharia de dados/projeto_airflow/airflowalura/venv/lib/python3.9/site-packages/airflow/example_dags/example_xcomargs.py
[2024-04-27 10:04:40,961] {logging_mixin.py:115} INFO - [2024-04-27 10:04:40,961] {dag.py:2379} INFO - Sync 2 DAGs
[2024-04-27 10:04:40,971] {logging_mixin.py:115} INFO - [2024-04-27 10:04:40,971] {dag.py:2927} INFO - Setting next_dagrun for example_xcom_args to None, run_after=None
[2024-04-27 10:04:40,971] {logging_mixin.py:115} INFO - [2024-04-27 10:04:40,971] {dag.py:2927} INFO - Setting next_dagrun for example_xcom_args_with_operators to None, run_after=None
[2024-04-27 10:04:40,981] {processor.py:161} INFO - Processing /home/enrico/Documentos/backup/AULA/Alura/Engenharia de dados/projeto_airflow/airflowalura/venv/lib/python3.9/site-packages/airflow/example_dags/example_xcomargs.py took 0.046 seconds
[2024-04-27 10:05:16,796] {processor.py:153} INFO - Started process (PID=98834) to work on /home/enrico/Documentos/backup/AULA/Alura/Engenharia de dados/projeto_airflow/airflowalura/venv/lib/python3.9/site-packages/airflow/example_dags/example_xcomargs.py
[2024-04-27 10:05:16,799] {processor.py:641} INFO - Processing file /home/enrico/Documentos/backup/AULA/Alura/Engenharia de dados/projeto_airflow/airflowalura/venv/lib/python3.9/site-packages/airflow/example_dags/example_xcomargs.py for tasks to queue
[2024-04-27 10:05:16,800] {logging_mixin.py:115} INFO - [2024-04-27 10:05:16,800] {dagbag.py:507} INFO - Filling up the DagBag from /home/enrico/Documentos/backup/AULA/Alura/Engenharia de dados/projeto_airflow/airflowalura/venv/lib/python3.9/site-packages/airflow/example_dags/example_xcomargs.py
[2024-04-27 10:05:16,835] {processor.py:651} INFO - DAG(s) dict_keys(['example_xcom_args', 'example_xcom_args_with_operators']) retrieved from /home/enrico/Documentos/backup/AULA/Alura/Engenharia de dados/projeto_airflow/airflowalura/venv/lib/python3.9/site-packages/airflow/example_dags/example_xcomargs.py
[2024-04-27 10:05:16,866] {logging_mixin.py:115} INFO - [2024-04-27 10:05:16,866] {dag.py:2379} INFO - Sync 2 DAGs
[2024-04-27 10:05:16,875] {logging_mixin.py:115} INFO - [2024-04-27 10:05:16,875] {dag.py:2927} INFO - Setting next_dagrun for example_xcom_args to None, run_after=None
[2024-04-27 10:05:16,875] {logging_mixin.py:115} INFO - [2024-04-27 10:05:16,875] {dag.py:2927} INFO - Setting next_dagrun for example_xcom_args_with_operators to None, run_after=None
[2024-04-27 10:05:16,886] {processor.py:161} INFO - Processing /home/enrico/Documentos/backup/AULA/Alura/Engenharia de dados/projeto_airflow/airflowalura/venv/lib/python3.9/site-packages/airflow/example_dags/example_xcomargs.py took 0.092 seconds
