[2024-04-27 09:50:19,983] {processor.py:153} INFO - Started process (PID=95933) to work on /home/enrico/Documentos/backup/AULA/Alura/Engenharia de dados/projeto_airflow/airflowalura/venv/lib/python3.9/site-packages/airflow/example_dags/example_skip_dag.py
[2024-04-27 09:50:19,984] {processor.py:641} INFO - Processing file /home/enrico/Documentos/backup/AULA/Alura/Engenharia de dados/projeto_airflow/airflowalura/venv/lib/python3.9/site-packages/airflow/example_dags/example_skip_dag.py for tasks to queue
[2024-04-27 09:50:19,984] {logging_mixin.py:115} INFO - [2024-04-27 09:50:19,984] {dagbag.py:507} INFO - Filling up the DagBag from /home/enrico/Documentos/backup/AULA/Alura/Engenharia de dados/projeto_airflow/airflowalura/venv/lib/python3.9/site-packages/airflow/example_dags/example_skip_dag.py
[2024-04-27 09:50:19,987] {processor.py:651} INFO - DAG(s) dict_keys(['example_skip_dag']) retrieved from /home/enrico/Documentos/backup/AULA/Alura/Engenharia de dados/projeto_airflow/airflowalura/venv/lib/python3.9/site-packages/airflow/example_dags/example_skip_dag.py
[2024-04-27 09:50:19,997] {logging_mixin.py:115} INFO - [2024-04-27 09:50:19,997] {dag.py:2379} INFO - Sync 1 DAGs
[2024-04-27 09:50:20,007] {logging_mixin.py:115} INFO - [2024-04-27 09:50:20,007] {dag.py:2927} INFO - Setting next_dagrun for example_skip_dag to 2024-04-26T12:50:20.007663+00:00, run_after=2024-04-27T12:50:20.007663+00:00
[2024-04-27 09:50:20,016] {processor.py:161} INFO - Processing /home/enrico/Documentos/backup/AULA/Alura/Engenharia de dados/projeto_airflow/airflowalura/venv/lib/python3.9/site-packages/airflow/example_dags/example_skip_dag.py took 0.034 seconds
[2024-04-27 09:50:54,968] {processor.py:153} INFO - Started process (PID=96107) to work on /home/enrico/Documentos/backup/AULA/Alura/Engenharia de dados/projeto_airflow/airflowalura/venv/lib/python3.9/site-packages/airflow/example_dags/example_skip_dag.py
[2024-04-27 09:50:54,971] {processor.py:641} INFO - Processing file /home/enrico/Documentos/backup/AULA/Alura/Engenharia de dados/projeto_airflow/airflowalura/venv/lib/python3.9/site-packages/airflow/example_dags/example_skip_dag.py for tasks to queue
[2024-04-27 09:50:54,973] {logging_mixin.py:115} INFO - [2024-04-27 09:50:54,973] {dagbag.py:507} INFO - Filling up the DagBag from /home/enrico/Documentos/backup/AULA/Alura/Engenharia de dados/projeto_airflow/airflowalura/venv/lib/python3.9/site-packages/airflow/example_dags/example_skip_dag.py
[2024-04-27 09:50:54,984] {processor.py:651} INFO - DAG(s) dict_keys(['example_skip_dag']) retrieved from /home/enrico/Documentos/backup/AULA/Alura/Engenharia de dados/projeto_airflow/airflowalura/venv/lib/python3.9/site-packages/airflow/example_dags/example_skip_dag.py
[2024-04-27 09:50:55,004] {logging_mixin.py:115} INFO - [2024-04-27 09:50:55,004] {dag.py:2379} INFO - Sync 1 DAGs
[2024-04-27 09:50:55,016] {logging_mixin.py:115} INFO - [2024-04-27 09:50:55,016] {dag.py:2927} INFO - Setting next_dagrun for example_skip_dag to 2024-04-26T12:50:55.016113+00:00, run_after=2024-04-27T12:50:55.016113+00:00
[2024-04-27 09:50:55,026] {processor.py:161} INFO - Processing /home/enrico/Documentos/backup/AULA/Alura/Engenharia de dados/projeto_airflow/airflowalura/venv/lib/python3.9/site-packages/airflow/example_dags/example_skip_dag.py took 0.064 seconds
[2024-04-27 09:51:29,334] {processor.py:153} INFO - Started process (PID=96321) to work on /home/enrico/Documentos/backup/AULA/Alura/Engenharia de dados/projeto_airflow/airflowalura/venv/lib/python3.9/site-packages/airflow/example_dags/example_skip_dag.py
[2024-04-27 09:51:29,337] {processor.py:641} INFO - Processing file /home/enrico/Documentos/backup/AULA/Alura/Engenharia de dados/projeto_airflow/airflowalura/venv/lib/python3.9/site-packages/airflow/example_dags/example_skip_dag.py for tasks to queue
[2024-04-27 09:51:29,338] {logging_mixin.py:115} INFO - [2024-04-27 09:51:29,338] {dagbag.py:507} INFO - Filling up the DagBag from /home/enrico/Documentos/backup/AULA/Alura/Engenharia de dados/projeto_airflow/airflowalura/venv/lib/python3.9/site-packages/airflow/example_dags/example_skip_dag.py
[2024-04-27 09:51:29,349] {processor.py:651} INFO - DAG(s) dict_keys(['example_skip_dag']) retrieved from /home/enrico/Documentos/backup/AULA/Alura/Engenharia de dados/projeto_airflow/airflowalura/venv/lib/python3.9/site-packages/airflow/example_dags/example_skip_dag.py
[2024-04-27 09:51:29,374] {logging_mixin.py:115} INFO - [2024-04-27 09:51:29,374] {dag.py:2379} INFO - Sync 1 DAGs
[2024-04-27 09:51:29,387] {logging_mixin.py:115} INFO - [2024-04-27 09:51:29,387] {dag.py:2927} INFO - Setting next_dagrun for example_skip_dag to 2024-04-26T12:51:29.387327+00:00, run_after=2024-04-27T12:51:29.387327+00:00
[2024-04-27 09:51:29,397] {processor.py:161} INFO - Processing /home/enrico/Documentos/backup/AULA/Alura/Engenharia de dados/projeto_airflow/airflowalura/venv/lib/python3.9/site-packages/airflow/example_dags/example_skip_dag.py took 0.069 seconds
[2024-04-27 09:52:06,092] {processor.py:153} INFO - Started process (PID=96424) to work on /home/enrico/Documentos/backup/AULA/Alura/Engenharia de dados/projeto_airflow/airflowalura/venv/lib/python3.9/site-packages/airflow/example_dags/example_skip_dag.py
[2024-04-27 09:52:06,094] {processor.py:641} INFO - Processing file /home/enrico/Documentos/backup/AULA/Alura/Engenharia de dados/projeto_airflow/airflowalura/venv/lib/python3.9/site-packages/airflow/example_dags/example_skip_dag.py for tasks to queue
[2024-04-27 09:52:06,095] {logging_mixin.py:115} INFO - [2024-04-27 09:52:06,095] {dagbag.py:507} INFO - Filling up the DagBag from /home/enrico/Documentos/backup/AULA/Alura/Engenharia de dados/projeto_airflow/airflowalura/venv/lib/python3.9/site-packages/airflow/example_dags/example_skip_dag.py
[2024-04-27 09:52:06,097] {processor.py:651} INFO - DAG(s) dict_keys(['example_skip_dag']) retrieved from /home/enrico/Documentos/backup/AULA/Alura/Engenharia de dados/projeto_airflow/airflowalura/venv/lib/python3.9/site-packages/airflow/example_dags/example_skip_dag.py
[2024-04-27 09:52:06,108] {logging_mixin.py:115} INFO - [2024-04-27 09:52:06,107] {dag.py:2379} INFO - Sync 1 DAGs
[2024-04-27 09:52:06,118] {logging_mixin.py:115} INFO - [2024-04-27 09:52:06,117] {dag.py:2927} INFO - Setting next_dagrun for example_skip_dag to 2024-04-26T12:52:06.117785+00:00, run_after=2024-04-27T12:52:06.117785+00:00
[2024-04-27 09:52:06,127] {processor.py:161} INFO - Processing /home/enrico/Documentos/backup/AULA/Alura/Engenharia de dados/projeto_airflow/airflowalura/venv/lib/python3.9/site-packages/airflow/example_dags/example_skip_dag.py took 0.037 seconds
[2024-04-27 09:52:44,577] {processor.py:153} INFO - Started process (PID=96597) to work on /home/enrico/Documentos/backup/AULA/Alura/Engenharia de dados/projeto_airflow/airflowalura/venv/lib/python3.9/site-packages/airflow/example_dags/example_skip_dag.py
[2024-04-27 09:52:44,578] {processor.py:641} INFO - Processing file /home/enrico/Documentos/backup/AULA/Alura/Engenharia de dados/projeto_airflow/airflowalura/venv/lib/python3.9/site-packages/airflow/example_dags/example_skip_dag.py for tasks to queue
[2024-04-27 09:52:44,579] {logging_mixin.py:115} INFO - [2024-04-27 09:52:44,578] {dagbag.py:507} INFO - Filling up the DagBag from /home/enrico/Documentos/backup/AULA/Alura/Engenharia de dados/projeto_airflow/airflowalura/venv/lib/python3.9/site-packages/airflow/example_dags/example_skip_dag.py
[2024-04-27 09:52:44,582] {processor.py:651} INFO - DAG(s) dict_keys(['example_skip_dag']) retrieved from /home/enrico/Documentos/backup/AULA/Alura/Engenharia de dados/projeto_airflow/airflowalura/venv/lib/python3.9/site-packages/airflow/example_dags/example_skip_dag.py
[2024-04-27 09:52:44,595] {logging_mixin.py:115} INFO - [2024-04-27 09:52:44,595] {dag.py:2379} INFO - Sync 1 DAGs
[2024-04-27 09:52:44,606] {logging_mixin.py:115} INFO - [2024-04-27 09:52:44,606] {dag.py:2927} INFO - Setting next_dagrun for example_skip_dag to 2024-04-26T12:52:44.606360+00:00, run_after=2024-04-27T12:52:44.606360+00:00
[2024-04-27 09:52:44,615] {processor.py:161} INFO - Processing /home/enrico/Documentos/backup/AULA/Alura/Engenharia de dados/projeto_airflow/airflowalura/venv/lib/python3.9/site-packages/airflow/example_dags/example_skip_dag.py took 0.039 seconds
[2024-04-27 09:53:20,545] {processor.py:153} INFO - Started process (PID=96645) to work on /home/enrico/Documentos/backup/AULA/Alura/Engenharia de dados/projeto_airflow/airflowalura/venv/lib/python3.9/site-packages/airflow/example_dags/example_skip_dag.py
[2024-04-27 09:53:20,546] {processor.py:641} INFO - Processing file /home/enrico/Documentos/backup/AULA/Alura/Engenharia de dados/projeto_airflow/airflowalura/venv/lib/python3.9/site-packages/airflow/example_dags/example_skip_dag.py for tasks to queue
[2024-04-27 09:53:20,547] {logging_mixin.py:115} INFO - [2024-04-27 09:53:20,547] {dagbag.py:507} INFO - Filling up the DagBag from /home/enrico/Documentos/backup/AULA/Alura/Engenharia de dados/projeto_airflow/airflowalura/venv/lib/python3.9/site-packages/airflow/example_dags/example_skip_dag.py
[2024-04-27 09:53:20,557] {processor.py:651} INFO - DAG(s) dict_keys(['example_skip_dag']) retrieved from /home/enrico/Documentos/backup/AULA/Alura/Engenharia de dados/projeto_airflow/airflowalura/venv/lib/python3.9/site-packages/airflow/example_dags/example_skip_dag.py
[2024-04-27 09:53:20,583] {logging_mixin.py:115} INFO - [2024-04-27 09:53:20,583] {dag.py:2379} INFO - Sync 1 DAGs
[2024-04-27 09:53:20,596] {logging_mixin.py:115} INFO - [2024-04-27 09:53:20,596] {dag.py:2927} INFO - Setting next_dagrun for example_skip_dag to 2024-04-26T12:53:20.595948+00:00, run_after=2024-04-27T12:53:20.595948+00:00
[2024-04-27 09:53:20,607] {processor.py:161} INFO - Processing /home/enrico/Documentos/backup/AULA/Alura/Engenharia de dados/projeto_airflow/airflowalura/venv/lib/python3.9/site-packages/airflow/example_dags/example_skip_dag.py took 0.068 seconds
[2024-04-27 09:53:57,142] {processor.py:153} INFO - Started process (PID=96694) to work on /home/enrico/Documentos/backup/AULA/Alura/Engenharia de dados/projeto_airflow/airflowalura/venv/lib/python3.9/site-packages/airflow/example_dags/example_skip_dag.py
[2024-04-27 09:53:57,146] {processor.py:641} INFO - Processing file /home/enrico/Documentos/backup/AULA/Alura/Engenharia de dados/projeto_airflow/airflowalura/venv/lib/python3.9/site-packages/airflow/example_dags/example_skip_dag.py for tasks to queue
[2024-04-27 09:53:57,147] {logging_mixin.py:115} INFO - [2024-04-27 09:53:57,147] {dagbag.py:507} INFO - Filling up the DagBag from /home/enrico/Documentos/backup/AULA/Alura/Engenharia de dados/projeto_airflow/airflowalura/venv/lib/python3.9/site-packages/airflow/example_dags/example_skip_dag.py
[2024-04-27 09:53:57,157] {processor.py:651} INFO - DAG(s) dict_keys(['example_skip_dag']) retrieved from /home/enrico/Documentos/backup/AULA/Alura/Engenharia de dados/projeto_airflow/airflowalura/venv/lib/python3.9/site-packages/airflow/example_dags/example_skip_dag.py
[2024-04-27 09:53:57,182] {logging_mixin.py:115} INFO - [2024-04-27 09:53:57,181] {dag.py:2379} INFO - Sync 1 DAGs
[2024-04-27 09:53:57,194] {logging_mixin.py:115} INFO - [2024-04-27 09:53:57,194] {dag.py:2927} INFO - Setting next_dagrun for example_skip_dag to 2024-04-26T12:53:57.194596+00:00, run_after=2024-04-27T12:53:57.194596+00:00
[2024-04-27 09:53:57,206] {processor.py:161} INFO - Processing /home/enrico/Documentos/backup/AULA/Alura/Engenharia de dados/projeto_airflow/airflowalura/venv/lib/python3.9/site-packages/airflow/example_dags/example_skip_dag.py took 0.069 seconds
[2024-04-27 09:54:34,792] {processor.py:153} INFO - Started process (PID=96759) to work on /home/enrico/Documentos/backup/AULA/Alura/Engenharia de dados/projeto_airflow/airflowalura/venv/lib/python3.9/site-packages/airflow/example_dags/example_skip_dag.py
[2024-04-27 09:54:34,793] {processor.py:641} INFO - Processing file /home/enrico/Documentos/backup/AULA/Alura/Engenharia de dados/projeto_airflow/airflowalura/venv/lib/python3.9/site-packages/airflow/example_dags/example_skip_dag.py for tasks to queue
[2024-04-27 09:54:34,793] {logging_mixin.py:115} INFO - [2024-04-27 09:54:34,793] {dagbag.py:507} INFO - Filling up the DagBag from /home/enrico/Documentos/backup/AULA/Alura/Engenharia de dados/projeto_airflow/airflowalura/venv/lib/python3.9/site-packages/airflow/example_dags/example_skip_dag.py
[2024-04-27 09:54:34,795] {processor.py:651} INFO - DAG(s) dict_keys(['example_skip_dag']) retrieved from /home/enrico/Documentos/backup/AULA/Alura/Engenharia de dados/projeto_airflow/airflowalura/venv/lib/python3.9/site-packages/airflow/example_dags/example_skip_dag.py
[2024-04-27 09:54:34,805] {logging_mixin.py:115} INFO - [2024-04-27 09:54:34,805] {dag.py:2379} INFO - Sync 1 DAGs
[2024-04-27 09:54:34,814] {logging_mixin.py:115} INFO - [2024-04-27 09:54:34,814] {dag.py:2927} INFO - Setting next_dagrun for example_skip_dag to 2024-04-26T12:54:34.814370+00:00, run_after=2024-04-27T12:54:34.814370+00:00
[2024-04-27 09:54:34,822] {processor.py:161} INFO - Processing /home/enrico/Documentos/backup/AULA/Alura/Engenharia de dados/projeto_airflow/airflowalura/venv/lib/python3.9/site-packages/airflow/example_dags/example_skip_dag.py took 0.033 seconds
[2024-04-27 09:55:14,705] {processor.py:153} INFO - Started process (PID=96821) to work on /home/enrico/Documentos/backup/AULA/Alura/Engenharia de dados/projeto_airflow/airflowalura/venv/lib/python3.9/site-packages/airflow/example_dags/example_skip_dag.py
[2024-04-27 09:55:14,707] {processor.py:641} INFO - Processing file /home/enrico/Documentos/backup/AULA/Alura/Engenharia de dados/projeto_airflow/airflowalura/venv/lib/python3.9/site-packages/airflow/example_dags/example_skip_dag.py for tasks to queue
[2024-04-27 09:55:14,708] {logging_mixin.py:115} INFO - [2024-04-27 09:55:14,708] {dagbag.py:507} INFO - Filling up the DagBag from /home/enrico/Documentos/backup/AULA/Alura/Engenharia de dados/projeto_airflow/airflowalura/venv/lib/python3.9/site-packages/airflow/example_dags/example_skip_dag.py
[2024-04-27 09:55:14,710] {processor.py:651} INFO - DAG(s) dict_keys(['example_skip_dag']) retrieved from /home/enrico/Documentos/backup/AULA/Alura/Engenharia de dados/projeto_airflow/airflowalura/venv/lib/python3.9/site-packages/airflow/example_dags/example_skip_dag.py
[2024-04-27 09:55:14,719] {logging_mixin.py:115} INFO - [2024-04-27 09:55:14,719] {dag.py:2379} INFO - Sync 1 DAGs
[2024-04-27 09:55:14,729] {logging_mixin.py:115} INFO - [2024-04-27 09:55:14,729] {dag.py:2927} INFO - Setting next_dagrun for example_skip_dag to 2024-04-26T12:55:14.728914+00:00, run_after=2024-04-27T12:55:14.728914+00:00
[2024-04-27 09:55:14,741] {processor.py:161} INFO - Processing /home/enrico/Documentos/backup/AULA/Alura/Engenharia de dados/projeto_airflow/airflowalura/venv/lib/python3.9/site-packages/airflow/example_dags/example_skip_dag.py took 0.038 seconds
[2024-04-27 09:55:53,266] {processor.py:153} INFO - Started process (PID=96878) to work on /home/enrico/Documentos/backup/AULA/Alura/Engenharia de dados/projeto_airflow/airflowalura/venv/lib/python3.9/site-packages/airflow/example_dags/example_skip_dag.py
[2024-04-27 09:55:53,267] {processor.py:641} INFO - Processing file /home/enrico/Documentos/backup/AULA/Alura/Engenharia de dados/projeto_airflow/airflowalura/venv/lib/python3.9/site-packages/airflow/example_dags/example_skip_dag.py for tasks to queue
[2024-04-27 09:55:53,268] {logging_mixin.py:115} INFO - [2024-04-27 09:55:53,268] {dagbag.py:507} INFO - Filling up the DagBag from /home/enrico/Documentos/backup/AULA/Alura/Engenharia de dados/projeto_airflow/airflowalura/venv/lib/python3.9/site-packages/airflow/example_dags/example_skip_dag.py
[2024-04-27 09:55:53,278] {processor.py:651} INFO - DAG(s) dict_keys(['example_skip_dag']) retrieved from /home/enrico/Documentos/backup/AULA/Alura/Engenharia de dados/projeto_airflow/airflowalura/venv/lib/python3.9/site-packages/airflow/example_dags/example_skip_dag.py
[2024-04-27 09:55:53,302] {logging_mixin.py:115} INFO - [2024-04-27 09:55:53,302] {dag.py:2379} INFO - Sync 1 DAGs
[2024-04-27 09:55:53,315] {logging_mixin.py:115} INFO - [2024-04-27 09:55:53,315] {dag.py:2927} INFO - Setting next_dagrun for example_skip_dag to 2024-04-26T12:55:53.315132+00:00, run_after=2024-04-27T12:55:53.315132+00:00
[2024-04-27 09:55:53,324] {processor.py:161} INFO - Processing /home/enrico/Documentos/backup/AULA/Alura/Engenharia de dados/projeto_airflow/airflowalura/venv/lib/python3.9/site-packages/airflow/example_dags/example_skip_dag.py took 0.064 seconds
[2024-04-27 09:56:29,241] {processor.py:153} INFO - Started process (PID=96958) to work on /home/enrico/Documentos/backup/AULA/Alura/Engenharia de dados/projeto_airflow/airflowalura/venv/lib/python3.9/site-packages/airflow/example_dags/example_skip_dag.py
[2024-04-27 09:56:29,241] {processor.py:641} INFO - Processing file /home/enrico/Documentos/backup/AULA/Alura/Engenharia de dados/projeto_airflow/airflowalura/venv/lib/python3.9/site-packages/airflow/example_dags/example_skip_dag.py for tasks to queue
[2024-04-27 09:56:29,241] {logging_mixin.py:115} INFO - [2024-04-27 09:56:29,241] {dagbag.py:507} INFO - Filling up the DagBag from /home/enrico/Documentos/backup/AULA/Alura/Engenharia de dados/projeto_airflow/airflowalura/venv/lib/python3.9/site-packages/airflow/example_dags/example_skip_dag.py
[2024-04-27 09:56:29,244] {processor.py:651} INFO - DAG(s) dict_keys(['example_skip_dag']) retrieved from /home/enrico/Documentos/backup/AULA/Alura/Engenharia de dados/projeto_airflow/airflowalura/venv/lib/python3.9/site-packages/airflow/example_dags/example_skip_dag.py
[2024-04-27 09:56:29,254] {logging_mixin.py:115} INFO - [2024-04-27 09:56:29,254] {dag.py:2379} INFO - Sync 1 DAGs
[2024-04-27 09:56:29,264] {logging_mixin.py:115} INFO - [2024-04-27 09:56:29,264] {dag.py:2927} INFO - Setting next_dagrun for example_skip_dag to 2024-04-26T12:56:29.264772+00:00, run_after=2024-04-27T12:56:29.264772+00:00
[2024-04-27 09:56:29,273] {processor.py:161} INFO - Processing /home/enrico/Documentos/backup/AULA/Alura/Engenharia de dados/projeto_airflow/airflowalura/venv/lib/python3.9/site-packages/airflow/example_dags/example_skip_dag.py took 0.034 seconds
[2024-04-27 09:57:03,049] {processor.py:153} INFO - Started process (PID=97077) to work on /home/enrico/Documentos/backup/AULA/Alura/Engenharia de dados/projeto_airflow/airflowalura/venv/lib/python3.9/site-packages/airflow/example_dags/example_skip_dag.py
[2024-04-27 09:57:03,050] {processor.py:641} INFO - Processing file /home/enrico/Documentos/backup/AULA/Alura/Engenharia de dados/projeto_airflow/airflowalura/venv/lib/python3.9/site-packages/airflow/example_dags/example_skip_dag.py for tasks to queue
[2024-04-27 09:57:03,050] {logging_mixin.py:115} INFO - [2024-04-27 09:57:03,050] {dagbag.py:507} INFO - Filling up the DagBag from /home/enrico/Documentos/backup/AULA/Alura/Engenharia de dados/projeto_airflow/airflowalura/venv/lib/python3.9/site-packages/airflow/example_dags/example_skip_dag.py
[2024-04-27 09:57:03,052] {processor.py:651} INFO - DAG(s) dict_keys(['example_skip_dag']) retrieved from /home/enrico/Documentos/backup/AULA/Alura/Engenharia de dados/projeto_airflow/airflowalura/venv/lib/python3.9/site-packages/airflow/example_dags/example_skip_dag.py
[2024-04-27 09:57:03,062] {logging_mixin.py:115} INFO - [2024-04-27 09:57:03,062] {dag.py:2379} INFO - Sync 1 DAGs
[2024-04-27 09:57:03,071] {logging_mixin.py:115} INFO - [2024-04-27 09:57:03,071] {dag.py:2927} INFO - Setting next_dagrun for example_skip_dag to 2024-04-26T12:57:03.071206+00:00, run_after=2024-04-27T12:57:03.071206+00:00
[2024-04-27 09:57:03,080] {processor.py:161} INFO - Processing /home/enrico/Documentos/backup/AULA/Alura/Engenharia de dados/projeto_airflow/airflowalura/venv/lib/python3.9/site-packages/airflow/example_dags/example_skip_dag.py took 0.032 seconds
[2024-04-27 09:57:43,031] {processor.py:153} INFO - Started process (PID=97131) to work on /home/enrico/Documentos/backup/AULA/Alura/Engenharia de dados/projeto_airflow/airflowalura/venv/lib/python3.9/site-packages/airflow/example_dags/example_skip_dag.py
[2024-04-27 09:57:43,031] {processor.py:641} INFO - Processing file /home/enrico/Documentos/backup/AULA/Alura/Engenharia de dados/projeto_airflow/airflowalura/venv/lib/python3.9/site-packages/airflow/example_dags/example_skip_dag.py for tasks to queue
[2024-04-27 09:57:43,032] {logging_mixin.py:115} INFO - [2024-04-27 09:57:43,032] {dagbag.py:507} INFO - Filling up the DagBag from /home/enrico/Documentos/backup/AULA/Alura/Engenharia de dados/projeto_airflow/airflowalura/venv/lib/python3.9/site-packages/airflow/example_dags/example_skip_dag.py
[2024-04-27 09:57:43,035] {processor.py:651} INFO - DAG(s) dict_keys(['example_skip_dag']) retrieved from /home/enrico/Documentos/backup/AULA/Alura/Engenharia de dados/projeto_airflow/airflowalura/venv/lib/python3.9/site-packages/airflow/example_dags/example_skip_dag.py
[2024-04-27 09:57:43,044] {logging_mixin.py:115} INFO - [2024-04-27 09:57:43,044] {dag.py:2379} INFO - Sync 1 DAGs
[2024-04-27 09:57:43,055] {logging_mixin.py:115} INFO - [2024-04-27 09:57:43,055] {dag.py:2927} INFO - Setting next_dagrun for example_skip_dag to 2024-04-26T12:57:43.055272+00:00, run_after=2024-04-27T12:57:43.055272+00:00
[2024-04-27 09:57:43,063] {processor.py:161} INFO - Processing /home/enrico/Documentos/backup/AULA/Alura/Engenharia de dados/projeto_airflow/airflowalura/venv/lib/python3.9/site-packages/airflow/example_dags/example_skip_dag.py took 0.034 seconds
[2024-04-27 09:58:19,755] {processor.py:153} INFO - Started process (PID=97186) to work on /home/enrico/Documentos/backup/AULA/Alura/Engenharia de dados/projeto_airflow/airflowalura/venv/lib/python3.9/site-packages/airflow/example_dags/example_skip_dag.py
[2024-04-27 09:58:19,759] {processor.py:641} INFO - Processing file /home/enrico/Documentos/backup/AULA/Alura/Engenharia de dados/projeto_airflow/airflowalura/venv/lib/python3.9/site-packages/airflow/example_dags/example_skip_dag.py for tasks to queue
[2024-04-27 09:58:19,760] {logging_mixin.py:115} INFO - [2024-04-27 09:58:19,760] {dagbag.py:507} INFO - Filling up the DagBag from /home/enrico/Documentos/backup/AULA/Alura/Engenharia de dados/projeto_airflow/airflowalura/venv/lib/python3.9/site-packages/airflow/example_dags/example_skip_dag.py
[2024-04-27 09:58:19,770] {processor.py:651} INFO - DAG(s) dict_keys(['example_skip_dag']) retrieved from /home/enrico/Documentos/backup/AULA/Alura/Engenharia de dados/projeto_airflow/airflowalura/venv/lib/python3.9/site-packages/airflow/example_dags/example_skip_dag.py
[2024-04-27 09:58:19,794] {logging_mixin.py:115} INFO - [2024-04-27 09:58:19,794] {dag.py:2379} INFO - Sync 1 DAGs
[2024-04-27 09:58:19,806] {logging_mixin.py:115} INFO - [2024-04-27 09:58:19,806] {dag.py:2927} INFO - Setting next_dagrun for example_skip_dag to 2024-04-26T12:58:19.806648+00:00, run_after=2024-04-27T12:58:19.806648+00:00
[2024-04-27 09:58:19,817] {processor.py:161} INFO - Processing /home/enrico/Documentos/backup/AULA/Alura/Engenharia de dados/projeto_airflow/airflowalura/venv/lib/python3.9/site-packages/airflow/example_dags/example_skip_dag.py took 0.068 seconds
[2024-04-27 09:58:56,342] {processor.py:153} INFO - Started process (PID=97253) to work on /home/enrico/Documentos/backup/AULA/Alura/Engenharia de dados/projeto_airflow/airflowalura/venv/lib/python3.9/site-packages/airflow/example_dags/example_skip_dag.py
[2024-04-27 09:58:56,343] {processor.py:641} INFO - Processing file /home/enrico/Documentos/backup/AULA/Alura/Engenharia de dados/projeto_airflow/airflowalura/venv/lib/python3.9/site-packages/airflow/example_dags/example_skip_dag.py for tasks to queue
[2024-04-27 09:58:56,344] {logging_mixin.py:115} INFO - [2024-04-27 09:58:56,344] {dagbag.py:507} INFO - Filling up the DagBag from /home/enrico/Documentos/backup/AULA/Alura/Engenharia de dados/projeto_airflow/airflowalura/venv/lib/python3.9/site-packages/airflow/example_dags/example_skip_dag.py
[2024-04-27 09:58:56,349] {processor.py:651} INFO - DAG(s) dict_keys(['example_skip_dag']) retrieved from /home/enrico/Documentos/backup/AULA/Alura/Engenharia de dados/projeto_airflow/airflowalura/venv/lib/python3.9/site-packages/airflow/example_dags/example_skip_dag.py
[2024-04-27 09:58:56,369] {logging_mixin.py:115} INFO - [2024-04-27 09:58:56,369] {dag.py:2379} INFO - Sync 1 DAGs
[2024-04-27 09:58:56,383] {logging_mixin.py:115} INFO - [2024-04-27 09:58:56,383] {dag.py:2927} INFO - Setting next_dagrun for example_skip_dag to 2024-04-26T12:58:56.382952+00:00, run_after=2024-04-27T12:58:56.382952+00:00
[2024-04-27 09:58:56,392] {processor.py:161} INFO - Processing /home/enrico/Documentos/backup/AULA/Alura/Engenharia de dados/projeto_airflow/airflowalura/venv/lib/python3.9/site-packages/airflow/example_dags/example_skip_dag.py took 0.052 seconds
[2024-04-27 09:59:37,463] {processor.py:153} INFO - Started process (PID=97323) to work on /home/enrico/Documentos/backup/AULA/Alura/Engenharia de dados/projeto_airflow/airflowalura/venv/lib/python3.9/site-packages/airflow/example_dags/example_skip_dag.py
[2024-04-27 09:59:37,466] {processor.py:641} INFO - Processing file /home/enrico/Documentos/backup/AULA/Alura/Engenharia de dados/projeto_airflow/airflowalura/venv/lib/python3.9/site-packages/airflow/example_dags/example_skip_dag.py for tasks to queue
[2024-04-27 09:59:37,466] {logging_mixin.py:115} INFO - [2024-04-27 09:59:37,466] {dagbag.py:507} INFO - Filling up the DagBag from /home/enrico/Documentos/backup/AULA/Alura/Engenharia de dados/projeto_airflow/airflowalura/venv/lib/python3.9/site-packages/airflow/example_dags/example_skip_dag.py
[2024-04-27 09:59:37,469] {processor.py:651} INFO - DAG(s) dict_keys(['example_skip_dag']) retrieved from /home/enrico/Documentos/backup/AULA/Alura/Engenharia de dados/projeto_airflow/airflowalura/venv/lib/python3.9/site-packages/airflow/example_dags/example_skip_dag.py
[2024-04-27 09:59:37,478] {logging_mixin.py:115} INFO - [2024-04-27 09:59:37,478] {dag.py:2379} INFO - Sync 1 DAGs
[2024-04-27 09:59:37,487] {logging_mixin.py:115} INFO - [2024-04-27 09:59:37,487] {dag.py:2927} INFO - Setting next_dagrun for example_skip_dag to 2024-04-26T12:59:37.487628+00:00, run_after=2024-04-27T12:59:37.487628+00:00
[2024-04-27 09:59:37,505] {processor.py:161} INFO - Processing /home/enrico/Documentos/backup/AULA/Alura/Engenharia de dados/projeto_airflow/airflowalura/venv/lib/python3.9/site-packages/airflow/example_dags/example_skip_dag.py took 0.044 seconds
[2024-04-27 10:00:12,874] {processor.py:153} INFO - Started process (PID=97373) to work on /home/enrico/Documentos/backup/AULA/Alura/Engenharia de dados/projeto_airflow/airflowalura/venv/lib/python3.9/site-packages/airflow/example_dags/example_skip_dag.py
[2024-04-27 10:00:12,878] {processor.py:641} INFO - Processing file /home/enrico/Documentos/backup/AULA/Alura/Engenharia de dados/projeto_airflow/airflowalura/venv/lib/python3.9/site-packages/airflow/example_dags/example_skip_dag.py for tasks to queue
[2024-04-27 10:00:12,879] {logging_mixin.py:115} INFO - [2024-04-27 10:00:12,879] {dagbag.py:507} INFO - Filling up the DagBag from /home/enrico/Documentos/backup/AULA/Alura/Engenharia de dados/projeto_airflow/airflowalura/venv/lib/python3.9/site-packages/airflow/example_dags/example_skip_dag.py
[2024-04-27 10:00:12,889] {processor.py:651} INFO - DAG(s) dict_keys(['example_skip_dag']) retrieved from /home/enrico/Documentos/backup/AULA/Alura/Engenharia de dados/projeto_airflow/airflowalura/venv/lib/python3.9/site-packages/airflow/example_dags/example_skip_dag.py
[2024-04-27 10:00:12,915] {logging_mixin.py:115} INFO - [2024-04-27 10:00:12,915] {dag.py:2379} INFO - Sync 1 DAGs
[2024-04-27 10:00:12,929] {logging_mixin.py:115} INFO - [2024-04-27 10:00:12,929] {dag.py:2927} INFO - Setting next_dagrun for example_skip_dag to 2024-04-26T13:00:12.929258+00:00, run_after=2024-04-27T13:00:12.929258+00:00
[2024-04-27 10:00:12,948] {processor.py:161} INFO - Processing /home/enrico/Documentos/backup/AULA/Alura/Engenharia de dados/projeto_airflow/airflowalura/venv/lib/python3.9/site-packages/airflow/example_dags/example_skip_dag.py took 0.079 seconds
[2024-04-27 10:00:53,424] {processor.py:153} INFO - Started process (PID=97441) to work on /home/enrico/Documentos/backup/AULA/Alura/Engenharia de dados/projeto_airflow/airflowalura/venv/lib/python3.9/site-packages/airflow/example_dags/example_skip_dag.py
[2024-04-27 10:00:53,427] {processor.py:641} INFO - Processing file /home/enrico/Documentos/backup/AULA/Alura/Engenharia de dados/projeto_airflow/airflowalura/venv/lib/python3.9/site-packages/airflow/example_dags/example_skip_dag.py for tasks to queue
[2024-04-27 10:00:53,428] {logging_mixin.py:115} INFO - [2024-04-27 10:00:53,428] {dagbag.py:507} INFO - Filling up the DagBag from /home/enrico/Documentos/backup/AULA/Alura/Engenharia de dados/projeto_airflow/airflowalura/venv/lib/python3.9/site-packages/airflow/example_dags/example_skip_dag.py
[2024-04-27 10:00:53,439] {processor.py:651} INFO - DAG(s) dict_keys(['example_skip_dag']) retrieved from /home/enrico/Documentos/backup/AULA/Alura/Engenharia de dados/projeto_airflow/airflowalura/venv/lib/python3.9/site-packages/airflow/example_dags/example_skip_dag.py
[2024-04-27 10:00:53,464] {logging_mixin.py:115} INFO - [2024-04-27 10:00:53,464] {dag.py:2379} INFO - Sync 1 DAGs
[2024-04-27 10:00:53,476] {logging_mixin.py:115} INFO - [2024-04-27 10:00:53,475] {dag.py:2927} INFO - Setting next_dagrun for example_skip_dag to 2024-04-26T13:00:53.475777+00:00, run_after=2024-04-27T13:00:53.475777+00:00
[2024-04-27 10:00:53,486] {processor.py:161} INFO - Processing /home/enrico/Documentos/backup/AULA/Alura/Engenharia de dados/projeto_airflow/airflowalura/venv/lib/python3.9/site-packages/airflow/example_dags/example_skip_dag.py took 0.068 seconds
[2024-04-27 10:01:27,628] {processor.py:153} INFO - Started process (PID=97509) to work on /home/enrico/Documentos/backup/AULA/Alura/Engenharia de dados/projeto_airflow/airflowalura/venv/lib/python3.9/site-packages/airflow/example_dags/example_skip_dag.py
[2024-04-27 10:01:27,629] {processor.py:641} INFO - Processing file /home/enrico/Documentos/backup/AULA/Alura/Engenharia de dados/projeto_airflow/airflowalura/venv/lib/python3.9/site-packages/airflow/example_dags/example_skip_dag.py for tasks to queue
[2024-04-27 10:01:27,629] {logging_mixin.py:115} INFO - [2024-04-27 10:01:27,629] {dagbag.py:507} INFO - Filling up the DagBag from /home/enrico/Documentos/backup/AULA/Alura/Engenharia de dados/projeto_airflow/airflowalura/venv/lib/python3.9/site-packages/airflow/example_dags/example_skip_dag.py
[2024-04-27 10:01:27,631] {processor.py:651} INFO - DAG(s) dict_keys(['example_skip_dag']) retrieved from /home/enrico/Documentos/backup/AULA/Alura/Engenharia de dados/projeto_airflow/airflowalura/venv/lib/python3.9/site-packages/airflow/example_dags/example_skip_dag.py
[2024-04-27 10:01:27,642] {logging_mixin.py:115} INFO - [2024-04-27 10:01:27,642] {dag.py:2379} INFO - Sync 1 DAGs
[2024-04-27 10:01:27,654] {logging_mixin.py:115} INFO - [2024-04-27 10:01:27,654] {dag.py:2927} INFO - Setting next_dagrun for example_skip_dag to 2024-04-26T13:01:27.653884+00:00, run_after=2024-04-27T13:01:27.653884+00:00
[2024-04-27 10:01:27,666] {processor.py:161} INFO - Processing /home/enrico/Documentos/backup/AULA/Alura/Engenharia de dados/projeto_airflow/airflowalura/venv/lib/python3.9/site-packages/airflow/example_dags/example_skip_dag.py took 0.039 seconds
[2024-04-27 10:02:07,766] {processor.py:153} INFO - Started process (PID=97577) to work on /home/enrico/Documentos/backup/AULA/Alura/Engenharia de dados/projeto_airflow/airflowalura/venv/lib/python3.9/site-packages/airflow/example_dags/example_skip_dag.py
[2024-04-27 10:02:07,769] {processor.py:641} INFO - Processing file /home/enrico/Documentos/backup/AULA/Alura/Engenharia de dados/projeto_airflow/airflowalura/venv/lib/python3.9/site-packages/airflow/example_dags/example_skip_dag.py for tasks to queue
[2024-04-27 10:02:07,771] {logging_mixin.py:115} INFO - [2024-04-27 10:02:07,770] {dagbag.py:507} INFO - Filling up the DagBag from /home/enrico/Documentos/backup/AULA/Alura/Engenharia de dados/projeto_airflow/airflowalura/venv/lib/python3.9/site-packages/airflow/example_dags/example_skip_dag.py
[2024-04-27 10:02:07,780] {processor.py:651} INFO - DAG(s) dict_keys(['example_skip_dag']) retrieved from /home/enrico/Documentos/backup/AULA/Alura/Engenharia de dados/projeto_airflow/airflowalura/venv/lib/python3.9/site-packages/airflow/example_dags/example_skip_dag.py
[2024-04-27 10:02:07,799] {logging_mixin.py:115} INFO - [2024-04-27 10:02:07,799] {dag.py:2379} INFO - Sync 1 DAGs
[2024-04-27 10:02:07,810] {logging_mixin.py:115} INFO - [2024-04-27 10:02:07,810] {dag.py:2927} INFO - Setting next_dagrun for example_skip_dag to 2024-04-26T13:02:07.810371+00:00, run_after=2024-04-27T13:02:07.810371+00:00
[2024-04-27 10:02:07,821] {processor.py:161} INFO - Processing /home/enrico/Documentos/backup/AULA/Alura/Engenharia de dados/projeto_airflow/airflowalura/venv/lib/python3.9/site-packages/airflow/example_dags/example_skip_dag.py took 0.062 seconds
[2024-04-27 10:02:47,632] {processor.py:153} INFO - Started process (PID=97810) to work on /home/enrico/Documentos/backup/AULA/Alura/Engenharia de dados/projeto_airflow/airflowalura/venv/lib/python3.9/site-packages/airflow/example_dags/example_skip_dag.py
[2024-04-27 10:02:47,635] {processor.py:641} INFO - Processing file /home/enrico/Documentos/backup/AULA/Alura/Engenharia de dados/projeto_airflow/airflowalura/venv/lib/python3.9/site-packages/airflow/example_dags/example_skip_dag.py for tasks to queue
[2024-04-27 10:02:47,635] {logging_mixin.py:115} INFO - [2024-04-27 10:02:47,635] {dagbag.py:507} INFO - Filling up the DagBag from /home/enrico/Documentos/backup/AULA/Alura/Engenharia de dados/projeto_airflow/airflowalura/venv/lib/python3.9/site-packages/airflow/example_dags/example_skip_dag.py
[2024-04-27 10:02:47,638] {processor.py:651} INFO - DAG(s) dict_keys(['example_skip_dag']) retrieved from /home/enrico/Documentos/backup/AULA/Alura/Engenharia de dados/projeto_airflow/airflowalura/venv/lib/python3.9/site-packages/airflow/example_dags/example_skip_dag.py
[2024-04-27 10:02:47,648] {logging_mixin.py:115} INFO - [2024-04-27 10:02:47,648] {dag.py:2379} INFO - Sync 1 DAGs
[2024-04-27 10:02:47,658] {logging_mixin.py:115} INFO - [2024-04-27 10:02:47,658] {dag.py:2927} INFO - Setting next_dagrun for example_skip_dag to 2024-04-26T13:02:47.658010+00:00, run_after=2024-04-27T13:02:47.658010+00:00
[2024-04-27 10:02:47,673] {processor.py:161} INFO - Processing /home/enrico/Documentos/backup/AULA/Alura/Engenharia de dados/projeto_airflow/airflowalura/venv/lib/python3.9/site-packages/airflow/example_dags/example_skip_dag.py took 0.042 seconds
[2024-04-27 10:03:26,682] {processor.py:153} INFO - Started process (PID=98027) to work on /home/enrico/Documentos/backup/AULA/Alura/Engenharia de dados/projeto_airflow/airflowalura/venv/lib/python3.9/site-packages/airflow/example_dags/example_skip_dag.py
[2024-04-27 10:03:26,685] {processor.py:641} INFO - Processing file /home/enrico/Documentos/backup/AULA/Alura/Engenharia de dados/projeto_airflow/airflowalura/venv/lib/python3.9/site-packages/airflow/example_dags/example_skip_dag.py for tasks to queue
[2024-04-27 10:03:26,685] {logging_mixin.py:115} INFO - [2024-04-27 10:03:26,685] {dagbag.py:507} INFO - Filling up the DagBag from /home/enrico/Documentos/backup/AULA/Alura/Engenharia de dados/projeto_airflow/airflowalura/venv/lib/python3.9/site-packages/airflow/example_dags/example_skip_dag.py
[2024-04-27 10:03:26,688] {processor.py:651} INFO - DAG(s) dict_keys(['example_skip_dag']) retrieved from /home/enrico/Documentos/backup/AULA/Alura/Engenharia de dados/projeto_airflow/airflowalura/venv/lib/python3.9/site-packages/airflow/example_dags/example_skip_dag.py
[2024-04-27 10:03:26,698] {logging_mixin.py:115} INFO - [2024-04-27 10:03:26,698] {dag.py:2379} INFO - Sync 1 DAGs
[2024-04-27 10:03:26,707] {logging_mixin.py:115} INFO - [2024-04-27 10:03:26,707] {dag.py:2927} INFO - Setting next_dagrun for example_skip_dag to 2024-04-26T13:03:26.707081+00:00, run_after=2024-04-27T13:03:26.707081+00:00
[2024-04-27 10:03:26,716] {processor.py:161} INFO - Processing /home/enrico/Documentos/backup/AULA/Alura/Engenharia de dados/projeto_airflow/airflowalura/venv/lib/python3.9/site-packages/airflow/example_dags/example_skip_dag.py took 0.035 seconds
[2024-04-27 10:04:03,428] {processor.py:153} INFO - Started process (PID=98265) to work on /home/enrico/Documentos/backup/AULA/Alura/Engenharia de dados/projeto_airflow/airflowalura/venv/lib/python3.9/site-packages/airflow/example_dags/example_skip_dag.py
[2024-04-27 10:04:03,431] {processor.py:641} INFO - Processing file /home/enrico/Documentos/backup/AULA/Alura/Engenharia de dados/projeto_airflow/airflowalura/venv/lib/python3.9/site-packages/airflow/example_dags/example_skip_dag.py for tasks to queue
[2024-04-27 10:04:03,431] {logging_mixin.py:115} INFO - [2024-04-27 10:04:03,431] {dagbag.py:507} INFO - Filling up the DagBag from /home/enrico/Documentos/backup/AULA/Alura/Engenharia de dados/projeto_airflow/airflowalura/venv/lib/python3.9/site-packages/airflow/example_dags/example_skip_dag.py
[2024-04-27 10:04:03,433] {processor.py:651} INFO - DAG(s) dict_keys(['example_skip_dag']) retrieved from /home/enrico/Documentos/backup/AULA/Alura/Engenharia de dados/projeto_airflow/airflowalura/venv/lib/python3.9/site-packages/airflow/example_dags/example_skip_dag.py
[2024-04-27 10:04:03,443] {logging_mixin.py:115} INFO - [2024-04-27 10:04:03,443] {dag.py:2379} INFO - Sync 1 DAGs
[2024-04-27 10:04:03,452] {logging_mixin.py:115} INFO - [2024-04-27 10:04:03,452] {dag.py:2927} INFO - Setting next_dagrun for example_skip_dag to 2024-04-26T13:04:03.452079+00:00, run_after=2024-04-27T13:04:03.452079+00:00
[2024-04-27 10:04:03,462] {processor.py:161} INFO - Processing /home/enrico/Documentos/backup/AULA/Alura/Engenharia de dados/projeto_airflow/airflowalura/venv/lib/python3.9/site-packages/airflow/example_dags/example_skip_dag.py took 0.036 seconds
[2024-04-27 10:04:41,335] {processor.py:153} INFO - Started process (PID=98496) to work on /home/enrico/Documentos/backup/AULA/Alura/Engenharia de dados/projeto_airflow/airflowalura/venv/lib/python3.9/site-packages/airflow/example_dags/example_skip_dag.py
[2024-04-27 10:04:41,337] {processor.py:641} INFO - Processing file /home/enrico/Documentos/backup/AULA/Alura/Engenharia de dados/projeto_airflow/airflowalura/venv/lib/python3.9/site-packages/airflow/example_dags/example_skip_dag.py for tasks to queue
[2024-04-27 10:04:41,337] {logging_mixin.py:115} INFO - [2024-04-27 10:04:41,337] {dagbag.py:507} INFO - Filling up the DagBag from /home/enrico/Documentos/backup/AULA/Alura/Engenharia de dados/projeto_airflow/airflowalura/venv/lib/python3.9/site-packages/airflow/example_dags/example_skip_dag.py
[2024-04-27 10:04:41,348] {processor.py:651} INFO - DAG(s) dict_keys(['example_skip_dag']) retrieved from /home/enrico/Documentos/backup/AULA/Alura/Engenharia de dados/projeto_airflow/airflowalura/venv/lib/python3.9/site-packages/airflow/example_dags/example_skip_dag.py
[2024-04-27 10:04:41,371] {logging_mixin.py:115} INFO - [2024-04-27 10:04:41,371] {dag.py:2379} INFO - Sync 1 DAGs
[2024-04-27 10:04:41,385] {logging_mixin.py:115} INFO - [2024-04-27 10:04:41,385] {dag.py:2927} INFO - Setting next_dagrun for example_skip_dag to 2024-04-26T13:04:41.384897+00:00, run_after=2024-04-27T13:04:41.384897+00:00
[2024-04-27 10:04:41,394] {processor.py:161} INFO - Processing /home/enrico/Documentos/backup/AULA/Alura/Engenharia de dados/projeto_airflow/airflowalura/venv/lib/python3.9/site-packages/airflow/example_dags/example_skip_dag.py took 0.064 seconds
[2024-04-27 10:05:17,387] {processor.py:153} INFO - Started process (PID=98835) to work on /home/enrico/Documentos/backup/AULA/Alura/Engenharia de dados/projeto_airflow/airflowalura/venv/lib/python3.9/site-packages/airflow/example_dags/example_skip_dag.py
[2024-04-27 10:05:17,388] {processor.py:641} INFO - Processing file /home/enrico/Documentos/backup/AULA/Alura/Engenharia de dados/projeto_airflow/airflowalura/venv/lib/python3.9/site-packages/airflow/example_dags/example_skip_dag.py for tasks to queue
[2024-04-27 10:05:17,388] {logging_mixin.py:115} INFO - [2024-04-27 10:05:17,388] {dagbag.py:507} INFO - Filling up the DagBag from /home/enrico/Documentos/backup/AULA/Alura/Engenharia de dados/projeto_airflow/airflowalura/venv/lib/python3.9/site-packages/airflow/example_dags/example_skip_dag.py
[2024-04-27 10:05:17,391] {processor.py:651} INFO - DAG(s) dict_keys(['example_skip_dag']) retrieved from /home/enrico/Documentos/backup/AULA/Alura/Engenharia de dados/projeto_airflow/airflowalura/venv/lib/python3.9/site-packages/airflow/example_dags/example_skip_dag.py
[2024-04-27 10:05:17,399] {logging_mixin.py:115} INFO - [2024-04-27 10:05:17,399] {dag.py:2379} INFO - Sync 1 DAGs
[2024-04-27 10:05:17,409] {logging_mixin.py:115} INFO - [2024-04-27 10:05:17,409] {dag.py:2927} INFO - Setting next_dagrun for example_skip_dag to 2024-04-26T13:05:17.409402+00:00, run_after=2024-04-27T13:05:17.409402+00:00
[2024-04-27 10:05:17,422] {processor.py:161} INFO - Processing /home/enrico/Documentos/backup/AULA/Alura/Engenharia de dados/projeto_airflow/airflowalura/venv/lib/python3.9/site-packages/airflow/example_dags/example_skip_dag.py took 0.036 seconds
