[2024-04-27 09:50:11,986] {processor.py:153} INFO - Started process (PID=95892) to work on /home/enrico/Documentos/backup/AULA/Alura/Engenharia de dados/projeto_airflow/airflowalura/venv/lib/python3.9/site-packages/airflow/example_dags/example_complex.py
[2024-04-27 09:50:11,987] {processor.py:641} INFO - Processing file /home/enrico/Documentos/backup/AULA/Alura/Engenharia de dados/projeto_airflow/airflowalura/venv/lib/python3.9/site-packages/airflow/example_dags/example_complex.py for tasks to queue
[2024-04-27 09:50:11,988] {logging_mixin.py:115} INFO - [2024-04-27 09:50:11,988] {dagbag.py:507} INFO - Filling up the DagBag from /home/enrico/Documentos/backup/AULA/Alura/Engenharia de dados/projeto_airflow/airflowalura/venv/lib/python3.9/site-packages/airflow/example_dags/example_complex.py
[2024-04-27 09:50:12,012] {processor.py:651} INFO - DAG(s) dict_keys(['example_complex']) retrieved from /home/enrico/Documentos/backup/AULA/Alura/Engenharia de dados/projeto_airflow/airflowalura/venv/lib/python3.9/site-packages/airflow/example_dags/example_complex.py
[2024-04-27 09:50:12,031] {logging_mixin.py:115} INFO - [2024-04-27 09:50:12,031] {dag.py:2379} INFO - Sync 1 DAGs
[2024-04-27 09:50:12,042] {logging_mixin.py:115} INFO - [2024-04-27 09:50:12,042] {dag.py:2927} INFO - Setting next_dagrun for example_complex to None, run_after=None
[2024-04-27 09:50:12,060] {processor.py:161} INFO - Processing /home/enrico/Documentos/backup/AULA/Alura/Engenharia de dados/projeto_airflow/airflowalura/venv/lib/python3.9/site-packages/airflow/example_dags/example_complex.py took 0.079 seconds
[2024-04-27 09:50:45,678] {processor.py:153} INFO - Started process (PID=96049) to work on /home/enrico/Documentos/backup/AULA/Alura/Engenharia de dados/projeto_airflow/airflowalura/venv/lib/python3.9/site-packages/airflow/example_dags/example_complex.py
[2024-04-27 09:50:45,679] {processor.py:641} INFO - Processing file /home/enrico/Documentos/backup/AULA/Alura/Engenharia de dados/projeto_airflow/airflowalura/venv/lib/python3.9/site-packages/airflow/example_dags/example_complex.py for tasks to queue
[2024-04-27 09:50:45,679] {logging_mixin.py:115} INFO - [2024-04-27 09:50:45,679] {dagbag.py:507} INFO - Filling up the DagBag from /home/enrico/Documentos/backup/AULA/Alura/Engenharia de dados/projeto_airflow/airflowalura/venv/lib/python3.9/site-packages/airflow/example_dags/example_complex.py
[2024-04-27 09:50:45,686] {processor.py:651} INFO - DAG(s) dict_keys(['example_complex']) retrieved from /home/enrico/Documentos/backup/AULA/Alura/Engenharia de dados/projeto_airflow/airflowalura/venv/lib/python3.9/site-packages/airflow/example_dags/example_complex.py
[2024-04-27 09:50:45,698] {logging_mixin.py:115} INFO - [2024-04-27 09:50:45,697] {dag.py:2379} INFO - Sync 1 DAGs
[2024-04-27 09:50:45,707] {logging_mixin.py:115} INFO - [2024-04-27 09:50:45,707] {dag.py:2927} INFO - Setting next_dagrun for example_complex to None, run_after=None
[2024-04-27 09:50:45,716] {processor.py:161} INFO - Processing /home/enrico/Documentos/backup/AULA/Alura/Engenharia de dados/projeto_airflow/airflowalura/venv/lib/python3.9/site-packages/airflow/example_dags/example_complex.py took 0.039 seconds
[2024-04-27 09:51:21,315] {processor.py:153} INFO - Started process (PID=96288) to work on /home/enrico/Documentos/backup/AULA/Alura/Engenharia de dados/projeto_airflow/airflowalura/venv/lib/python3.9/site-packages/airflow/example_dags/example_complex.py
[2024-04-27 09:51:21,319] {processor.py:641} INFO - Processing file /home/enrico/Documentos/backup/AULA/Alura/Engenharia de dados/projeto_airflow/airflowalura/venv/lib/python3.9/site-packages/airflow/example_dags/example_complex.py for tasks to queue
[2024-04-27 09:51:21,320] {logging_mixin.py:115} INFO - [2024-04-27 09:51:21,320] {dagbag.py:507} INFO - Filling up the DagBag from /home/enrico/Documentos/backup/AULA/Alura/Engenharia de dados/projeto_airflow/airflowalura/venv/lib/python3.9/site-packages/airflow/example_dags/example_complex.py
[2024-04-27 09:51:21,344] {processor.py:651} INFO - DAG(s) dict_keys(['example_complex']) retrieved from /home/enrico/Documentos/backup/AULA/Alura/Engenharia de dados/projeto_airflow/airflowalura/venv/lib/python3.9/site-packages/airflow/example_dags/example_complex.py
[2024-04-27 09:51:21,360] {logging_mixin.py:115} INFO - [2024-04-27 09:51:21,360] {dag.py:2379} INFO - Sync 1 DAGs
[2024-04-27 09:51:21,369] {logging_mixin.py:115} INFO - [2024-04-27 09:51:21,369] {dag.py:2927} INFO - Setting next_dagrun for example_complex to None, run_after=None
[2024-04-27 09:51:21,379] {processor.py:161} INFO - Processing /home/enrico/Documentos/backup/AULA/Alura/Engenharia de dados/projeto_airflow/airflowalura/venv/lib/python3.9/site-packages/airflow/example_dags/example_complex.py took 0.070 seconds
[2024-04-27 09:51:57,103] {processor.py:153} INFO - Started process (PID=96414) to work on /home/enrico/Documentos/backup/AULA/Alura/Engenharia de dados/projeto_airflow/airflowalura/venv/lib/python3.9/site-packages/airflow/example_dags/example_complex.py
[2024-04-27 09:51:57,106] {processor.py:641} INFO - Processing file /home/enrico/Documentos/backup/AULA/Alura/Engenharia de dados/projeto_airflow/airflowalura/venv/lib/python3.9/site-packages/airflow/example_dags/example_complex.py for tasks to queue
[2024-04-27 09:51:57,108] {logging_mixin.py:115} INFO - [2024-04-27 09:51:57,108] {dagbag.py:507} INFO - Filling up the DagBag from /home/enrico/Documentos/backup/AULA/Alura/Engenharia de dados/projeto_airflow/airflowalura/venv/lib/python3.9/site-packages/airflow/example_dags/example_complex.py
[2024-04-27 09:51:57,130] {processor.py:651} INFO - DAG(s) dict_keys(['example_complex']) retrieved from /home/enrico/Documentos/backup/AULA/Alura/Engenharia de dados/projeto_airflow/airflowalura/venv/lib/python3.9/site-packages/airflow/example_dags/example_complex.py
[2024-04-27 09:51:57,148] {logging_mixin.py:115} INFO - [2024-04-27 09:51:57,148] {dag.py:2379} INFO - Sync 1 DAGs
[2024-04-27 09:51:57,159] {logging_mixin.py:115} INFO - [2024-04-27 09:51:57,159] {dag.py:2927} INFO - Setting next_dagrun for example_complex to None, run_after=None
[2024-04-27 09:51:57,170] {processor.py:161} INFO - Processing /home/enrico/Documentos/backup/AULA/Alura/Engenharia de dados/projeto_airflow/airflowalura/venv/lib/python3.9/site-packages/airflow/example_dags/example_complex.py took 0.073 seconds
[2024-04-27 09:52:35,236] {processor.py:153} INFO - Started process (PID=96556) to work on /home/enrico/Documentos/backup/AULA/Alura/Engenharia de dados/projeto_airflow/airflowalura/venv/lib/python3.9/site-packages/airflow/example_dags/example_complex.py
[2024-04-27 09:52:35,240] {processor.py:641} INFO - Processing file /home/enrico/Documentos/backup/AULA/Alura/Engenharia de dados/projeto_airflow/airflowalura/venv/lib/python3.9/site-packages/airflow/example_dags/example_complex.py for tasks to queue
[2024-04-27 09:52:35,241] {logging_mixin.py:115} INFO - [2024-04-27 09:52:35,241] {dagbag.py:507} INFO - Filling up the DagBag from /home/enrico/Documentos/backup/AULA/Alura/Engenharia de dados/projeto_airflow/airflowalura/venv/lib/python3.9/site-packages/airflow/example_dags/example_complex.py
[2024-04-27 09:52:35,270] {processor.py:651} INFO - DAG(s) dict_keys(['example_complex']) retrieved from /home/enrico/Documentos/backup/AULA/Alura/Engenharia de dados/projeto_airflow/airflowalura/venv/lib/python3.9/site-packages/airflow/example_dags/example_complex.py
[2024-04-27 09:52:35,288] {logging_mixin.py:115} INFO - [2024-04-27 09:52:35,288] {dag.py:2379} INFO - Sync 1 DAGs
[2024-04-27 09:52:35,299] {logging_mixin.py:115} INFO - [2024-04-27 09:52:35,299] {dag.py:2927} INFO - Setting next_dagrun for example_complex to None, run_after=None
[2024-04-27 09:52:35,309] {processor.py:161} INFO - Processing /home/enrico/Documentos/backup/AULA/Alura/Engenharia de dados/projeto_airflow/airflowalura/venv/lib/python3.9/site-packages/airflow/example_dags/example_complex.py took 0.080 seconds
[2024-04-27 09:53:12,367] {processor.py:153} INFO - Started process (PID=96633) to work on /home/enrico/Documentos/backup/AULA/Alura/Engenharia de dados/projeto_airflow/airflowalura/venv/lib/python3.9/site-packages/airflow/example_dags/example_complex.py
[2024-04-27 09:53:12,370] {processor.py:641} INFO - Processing file /home/enrico/Documentos/backup/AULA/Alura/Engenharia de dados/projeto_airflow/airflowalura/venv/lib/python3.9/site-packages/airflow/example_dags/example_complex.py for tasks to queue
[2024-04-27 09:53:12,370] {logging_mixin.py:115} INFO - [2024-04-27 09:53:12,370] {dagbag.py:507} INFO - Filling up the DagBag from /home/enrico/Documentos/backup/AULA/Alura/Engenharia de dados/projeto_airflow/airflowalura/venv/lib/python3.9/site-packages/airflow/example_dags/example_complex.py
[2024-04-27 09:53:12,378] {processor.py:651} INFO - DAG(s) dict_keys(['example_complex']) retrieved from /home/enrico/Documentos/backup/AULA/Alura/Engenharia de dados/projeto_airflow/airflowalura/venv/lib/python3.9/site-packages/airflow/example_dags/example_complex.py
[2024-04-27 09:53:12,391] {logging_mixin.py:115} INFO - [2024-04-27 09:53:12,391] {dag.py:2379} INFO - Sync 1 DAGs
[2024-04-27 09:53:12,401] {logging_mixin.py:115} INFO - [2024-04-27 09:53:12,401] {dag.py:2927} INFO - Setting next_dagrun for example_complex to None, run_after=None
[2024-04-27 09:53:12,411] {processor.py:161} INFO - Processing /home/enrico/Documentos/backup/AULA/Alura/Engenharia de dados/projeto_airflow/airflowalura/venv/lib/python3.9/site-packages/airflow/example_dags/example_complex.py took 0.045 seconds
[2024-04-27 09:53:47,414] {processor.py:153} INFO - Started process (PID=96685) to work on /home/enrico/Documentos/backup/AULA/Alura/Engenharia de dados/projeto_airflow/airflowalura/venv/lib/python3.9/site-packages/airflow/example_dags/example_complex.py
[2024-04-27 09:53:47,415] {processor.py:641} INFO - Processing file /home/enrico/Documentos/backup/AULA/Alura/Engenharia de dados/projeto_airflow/airflowalura/venv/lib/python3.9/site-packages/airflow/example_dags/example_complex.py for tasks to queue
[2024-04-27 09:53:47,417] {logging_mixin.py:115} INFO - [2024-04-27 09:53:47,416] {dagbag.py:507} INFO - Filling up the DagBag from /home/enrico/Documentos/backup/AULA/Alura/Engenharia de dados/projeto_airflow/airflowalura/venv/lib/python3.9/site-packages/airflow/example_dags/example_complex.py
[2024-04-27 09:53:47,440] {processor.py:651} INFO - DAG(s) dict_keys(['example_complex']) retrieved from /home/enrico/Documentos/backup/AULA/Alura/Engenharia de dados/projeto_airflow/airflowalura/venv/lib/python3.9/site-packages/airflow/example_dags/example_complex.py
[2024-04-27 09:53:47,459] {logging_mixin.py:115} INFO - [2024-04-27 09:53:47,459] {dag.py:2379} INFO - Sync 1 DAGs
[2024-04-27 09:53:47,469] {logging_mixin.py:115} INFO - [2024-04-27 09:53:47,469] {dag.py:2927} INFO - Setting next_dagrun for example_complex to None, run_after=None
[2024-04-27 09:53:47,478] {processor.py:161} INFO - Processing /home/enrico/Documentos/backup/AULA/Alura/Engenharia de dados/projeto_airflow/airflowalura/venv/lib/python3.9/site-packages/airflow/example_dags/example_complex.py took 0.070 seconds
[2024-04-27 09:54:22,843] {processor.py:153} INFO - Started process (PID=96734) to work on /home/enrico/Documentos/backup/AULA/Alura/Engenharia de dados/projeto_airflow/airflowalura/venv/lib/python3.9/site-packages/airflow/example_dags/example_complex.py
[2024-04-27 09:54:22,844] {processor.py:641} INFO - Processing file /home/enrico/Documentos/backup/AULA/Alura/Engenharia de dados/projeto_airflow/airflowalura/venv/lib/python3.9/site-packages/airflow/example_dags/example_complex.py for tasks to queue
[2024-04-27 09:54:22,845] {logging_mixin.py:115} INFO - [2024-04-27 09:54:22,845] {dagbag.py:507} INFO - Filling up the DagBag from /home/enrico/Documentos/backup/AULA/Alura/Engenharia de dados/projeto_airflow/airflowalura/venv/lib/python3.9/site-packages/airflow/example_dags/example_complex.py
[2024-04-27 09:54:22,869] {processor.py:651} INFO - DAG(s) dict_keys(['example_complex']) retrieved from /home/enrico/Documentos/backup/AULA/Alura/Engenharia de dados/projeto_airflow/airflowalura/venv/lib/python3.9/site-packages/airflow/example_dags/example_complex.py
[2024-04-27 09:54:22,887] {logging_mixin.py:115} INFO - [2024-04-27 09:54:22,887] {dag.py:2379} INFO - Sync 1 DAGs
[2024-04-27 09:54:22,898] {logging_mixin.py:115} INFO - [2024-04-27 09:54:22,897] {dag.py:2927} INFO - Setting next_dagrun for example_complex to None, run_after=None
[2024-04-27 09:54:22,905] {processor.py:161} INFO - Processing /home/enrico/Documentos/backup/AULA/Alura/Engenharia de dados/projeto_airflow/airflowalura/venv/lib/python3.9/site-packages/airflow/example_dags/example_complex.py took 0.068 seconds
[2024-04-27 09:54:58,460] {processor.py:153} INFO - Started process (PID=96789) to work on /home/enrico/Documentos/backup/AULA/Alura/Engenharia de dados/projeto_airflow/airflowalura/venv/lib/python3.9/site-packages/airflow/example_dags/example_complex.py
[2024-04-27 09:54:58,464] {processor.py:641} INFO - Processing file /home/enrico/Documentos/backup/AULA/Alura/Engenharia de dados/projeto_airflow/airflowalura/venv/lib/python3.9/site-packages/airflow/example_dags/example_complex.py for tasks to queue
[2024-04-27 09:54:58,465] {logging_mixin.py:115} INFO - [2024-04-27 09:54:58,465] {dagbag.py:507} INFO - Filling up the DagBag from /home/enrico/Documentos/backup/AULA/Alura/Engenharia de dados/projeto_airflow/airflowalura/venv/lib/python3.9/site-packages/airflow/example_dags/example_complex.py
[2024-04-27 09:54:58,495] {processor.py:651} INFO - DAG(s) dict_keys(['example_complex']) retrieved from /home/enrico/Documentos/backup/AULA/Alura/Engenharia de dados/projeto_airflow/airflowalura/venv/lib/python3.9/site-packages/airflow/example_dags/example_complex.py
[2024-04-27 09:54:58,510] {logging_mixin.py:115} INFO - [2024-04-27 09:54:58,510] {dag.py:2379} INFO - Sync 1 DAGs
[2024-04-27 09:54:58,520] {logging_mixin.py:115} INFO - [2024-04-27 09:54:58,520] {dag.py:2927} INFO - Setting next_dagrun for example_complex to None, run_after=None
[2024-04-27 09:54:58,530] {processor.py:161} INFO - Processing /home/enrico/Documentos/backup/AULA/Alura/Engenharia de dados/projeto_airflow/airflowalura/venv/lib/python3.9/site-packages/airflow/example_dags/example_complex.py took 0.075 seconds
[2024-04-27 09:55:31,345] {processor.py:153} INFO - Started process (PID=96854) to work on /home/enrico/Documentos/backup/AULA/Alura/Engenharia de dados/projeto_airflow/airflowalura/venv/lib/python3.9/site-packages/airflow/example_dags/example_complex.py
[2024-04-27 09:55:31,348] {processor.py:641} INFO - Processing file /home/enrico/Documentos/backup/AULA/Alura/Engenharia de dados/projeto_airflow/airflowalura/venv/lib/python3.9/site-packages/airflow/example_dags/example_complex.py for tasks to queue
[2024-04-27 09:55:31,349] {logging_mixin.py:115} INFO - [2024-04-27 09:55:31,349] {dagbag.py:507} INFO - Filling up the DagBag from /home/enrico/Documentos/backup/AULA/Alura/Engenharia de dados/projeto_airflow/airflowalura/venv/lib/python3.9/site-packages/airflow/example_dags/example_complex.py
[2024-04-27 09:55:31,357] {processor.py:651} INFO - DAG(s) dict_keys(['example_complex']) retrieved from /home/enrico/Documentos/backup/AULA/Alura/Engenharia de dados/projeto_airflow/airflowalura/venv/lib/python3.9/site-packages/airflow/example_dags/example_complex.py
[2024-04-27 09:55:31,367] {logging_mixin.py:115} INFO - [2024-04-27 09:55:31,367] {dag.py:2379} INFO - Sync 1 DAGs
[2024-04-27 09:55:31,377] {logging_mixin.py:115} INFO - [2024-04-27 09:55:31,377] {dag.py:2927} INFO - Setting next_dagrun for example_complex to None, run_after=None
[2024-04-27 09:55:31,393] {processor.py:161} INFO - Processing /home/enrico/Documentos/backup/AULA/Alura/Engenharia de dados/projeto_airflow/airflowalura/venv/lib/python3.9/site-packages/airflow/example_dags/example_complex.py took 0.049 seconds
[2024-04-27 09:56:09,401] {processor.py:153} INFO - Started process (PID=96918) to work on /home/enrico/Documentos/backup/AULA/Alura/Engenharia de dados/projeto_airflow/airflowalura/venv/lib/python3.9/site-packages/airflow/example_dags/example_complex.py
[2024-04-27 09:56:09,404] {processor.py:641} INFO - Processing file /home/enrico/Documentos/backup/AULA/Alura/Engenharia de dados/projeto_airflow/airflowalura/venv/lib/python3.9/site-packages/airflow/example_dags/example_complex.py for tasks to queue
[2024-04-27 09:56:09,404] {logging_mixin.py:115} INFO - [2024-04-27 09:56:09,404] {dagbag.py:507} INFO - Filling up the DagBag from /home/enrico/Documentos/backup/AULA/Alura/Engenharia de dados/projeto_airflow/airflowalura/venv/lib/python3.9/site-packages/airflow/example_dags/example_complex.py
[2024-04-27 09:56:09,411] {processor.py:651} INFO - DAG(s) dict_keys(['example_complex']) retrieved from /home/enrico/Documentos/backup/AULA/Alura/Engenharia de dados/projeto_airflow/airflowalura/venv/lib/python3.9/site-packages/airflow/example_dags/example_complex.py
[2024-04-27 09:56:09,422] {logging_mixin.py:115} INFO - [2024-04-27 09:56:09,422] {dag.py:2379} INFO - Sync 1 DAGs
[2024-04-27 09:56:09,431] {logging_mixin.py:115} INFO - [2024-04-27 09:56:09,431] {dag.py:2927} INFO - Setting next_dagrun for example_complex to None, run_after=None
[2024-04-27 09:56:09,441] {processor.py:161} INFO - Processing /home/enrico/Documentos/backup/AULA/Alura/Engenharia de dados/projeto_airflow/airflowalura/venv/lib/python3.9/site-packages/airflow/example_dags/example_complex.py took 0.041 seconds
[2024-04-27 09:56:42,504] {processor.py:153} INFO - Started process (PID=96984) to work on /home/enrico/Documentos/backup/AULA/Alura/Engenharia de dados/projeto_airflow/airflowalura/venv/lib/python3.9/site-packages/airflow/example_dags/example_complex.py
[2024-04-27 09:56:42,504] {processor.py:641} INFO - Processing file /home/enrico/Documentos/backup/AULA/Alura/Engenharia de dados/projeto_airflow/airflowalura/venv/lib/python3.9/site-packages/airflow/example_dags/example_complex.py for tasks to queue
[2024-04-27 09:56:42,505] {logging_mixin.py:115} INFO - [2024-04-27 09:56:42,505] {dagbag.py:507} INFO - Filling up the DagBag from /home/enrico/Documentos/backup/AULA/Alura/Engenharia de dados/projeto_airflow/airflowalura/venv/lib/python3.9/site-packages/airflow/example_dags/example_complex.py
[2024-04-27 09:56:42,525] {processor.py:651} INFO - DAG(s) dict_keys(['example_complex']) retrieved from /home/enrico/Documentos/backup/AULA/Alura/Engenharia de dados/projeto_airflow/airflowalura/venv/lib/python3.9/site-packages/airflow/example_dags/example_complex.py
[2024-04-27 09:56:42,538] {logging_mixin.py:115} INFO - [2024-04-27 09:56:42,538] {dag.py:2379} INFO - Sync 1 DAGs
[2024-04-27 09:56:42,548] {logging_mixin.py:115} INFO - [2024-04-27 09:56:42,548] {dag.py:2927} INFO - Setting next_dagrun for example_complex to None, run_after=None
[2024-04-27 09:56:42,556] {processor.py:161} INFO - Processing /home/enrico/Documentos/backup/AULA/Alura/Engenharia de dados/projeto_airflow/airflowalura/venv/lib/python3.9/site-packages/airflow/example_dags/example_complex.py took 0.057 seconds
[2024-04-27 09:57:18,031] {processor.py:153} INFO - Started process (PID=97093) to work on /home/enrico/Documentos/backup/AULA/Alura/Engenharia de dados/projeto_airflow/airflowalura/venv/lib/python3.9/site-packages/airflow/example_dags/example_complex.py
[2024-04-27 09:57:18,034] {processor.py:641} INFO - Processing file /home/enrico/Documentos/backup/AULA/Alura/Engenharia de dados/projeto_airflow/airflowalura/venv/lib/python3.9/site-packages/airflow/example_dags/example_complex.py for tasks to queue
[2024-04-27 09:57:18,035] {logging_mixin.py:115} INFO - [2024-04-27 09:57:18,035] {dagbag.py:507} INFO - Filling up the DagBag from /home/enrico/Documentos/backup/AULA/Alura/Engenharia de dados/projeto_airflow/airflowalura/venv/lib/python3.9/site-packages/airflow/example_dags/example_complex.py
[2024-04-27 09:57:18,056] {processor.py:651} INFO - DAG(s) dict_keys(['example_complex']) retrieved from /home/enrico/Documentos/backup/AULA/Alura/Engenharia de dados/projeto_airflow/airflowalura/venv/lib/python3.9/site-packages/airflow/example_dags/example_complex.py
[2024-04-27 09:57:18,066] {logging_mixin.py:115} INFO - [2024-04-27 09:57:18,066] {dag.py:2379} INFO - Sync 1 DAGs
[2024-04-27 09:57:18,075] {logging_mixin.py:115} INFO - [2024-04-27 09:57:18,075] {dag.py:2927} INFO - Setting next_dagrun for example_complex to None, run_after=None
[2024-04-27 09:57:18,085] {processor.py:161} INFO - Processing /home/enrico/Documentos/backup/AULA/Alura/Engenharia de dados/projeto_airflow/airflowalura/venv/lib/python3.9/site-packages/airflow/example_dags/example_complex.py took 0.056 seconds
[2024-04-27 09:57:57,844] {processor.py:153} INFO - Started process (PID=97146) to work on /home/enrico/Documentos/backup/AULA/Alura/Engenharia de dados/projeto_airflow/airflowalura/venv/lib/python3.9/site-packages/airflow/example_dags/example_complex.py
[2024-04-27 09:57:57,848] {processor.py:641} INFO - Processing file /home/enrico/Documentos/backup/AULA/Alura/Engenharia de dados/projeto_airflow/airflowalura/venv/lib/python3.9/site-packages/airflow/example_dags/example_complex.py for tasks to queue
[2024-04-27 09:57:57,849] {logging_mixin.py:115} INFO - [2024-04-27 09:57:57,848] {dagbag.py:507} INFO - Filling up the DagBag from /home/enrico/Documentos/backup/AULA/Alura/Engenharia de dados/projeto_airflow/airflowalura/venv/lib/python3.9/site-packages/airflow/example_dags/example_complex.py
[2024-04-27 09:57:57,874] {processor.py:651} INFO - DAG(s) dict_keys(['example_complex']) retrieved from /home/enrico/Documentos/backup/AULA/Alura/Engenharia de dados/projeto_airflow/airflowalura/venv/lib/python3.9/site-packages/airflow/example_dags/example_complex.py
[2024-04-27 09:57:57,889] {logging_mixin.py:115} INFO - [2024-04-27 09:57:57,889] {dag.py:2379} INFO - Sync 1 DAGs
[2024-04-27 09:57:57,900] {logging_mixin.py:115} INFO - [2024-04-27 09:57:57,900] {dag.py:2927} INFO - Setting next_dagrun for example_complex to None, run_after=None
[2024-04-27 09:57:57,910] {processor.py:161} INFO - Processing /home/enrico/Documentos/backup/AULA/Alura/Engenharia de dados/projeto_airflow/airflowalura/venv/lib/python3.9/site-packages/airflow/example_dags/example_complex.py took 0.071 seconds
[2024-04-27 09:58:32,534] {processor.py:153} INFO - Started process (PID=97220) to work on /home/enrico/Documentos/backup/AULA/Alura/Engenharia de dados/projeto_airflow/airflowalura/venv/lib/python3.9/site-packages/airflow/example_dags/example_complex.py
[2024-04-27 09:58:32,537] {processor.py:641} INFO - Processing file /home/enrico/Documentos/backup/AULA/Alura/Engenharia de dados/projeto_airflow/airflowalura/venv/lib/python3.9/site-packages/airflow/example_dags/example_complex.py for tasks to queue
[2024-04-27 09:58:32,537] {logging_mixin.py:115} INFO - [2024-04-27 09:58:32,537] {dagbag.py:507} INFO - Filling up the DagBag from /home/enrico/Documentos/backup/AULA/Alura/Engenharia de dados/projeto_airflow/airflowalura/venv/lib/python3.9/site-packages/airflow/example_dags/example_complex.py
[2024-04-27 09:58:32,545] {processor.py:651} INFO - DAG(s) dict_keys(['example_complex']) retrieved from /home/enrico/Documentos/backup/AULA/Alura/Engenharia de dados/projeto_airflow/airflowalura/venv/lib/python3.9/site-packages/airflow/example_dags/example_complex.py
[2024-04-27 09:58:32,555] {logging_mixin.py:115} INFO - [2024-04-27 09:58:32,555] {dag.py:2379} INFO - Sync 1 DAGs
[2024-04-27 09:58:32,565] {logging_mixin.py:115} INFO - [2024-04-27 09:58:32,565] {dag.py:2927} INFO - Setting next_dagrun for example_complex to None, run_after=None
[2024-04-27 09:58:32,577] {processor.py:161} INFO - Processing /home/enrico/Documentos/backup/AULA/Alura/Engenharia de dados/projeto_airflow/airflowalura/venv/lib/python3.9/site-packages/airflow/example_dags/example_complex.py took 0.044 seconds
[2024-04-27 09:59:10,072] {processor.py:153} INFO - Started process (PID=97280) to work on /home/enrico/Documentos/backup/AULA/Alura/Engenharia de dados/projeto_airflow/airflowalura/venv/lib/python3.9/site-packages/airflow/example_dags/example_complex.py
[2024-04-27 09:59:10,076] {processor.py:641} INFO - Processing file /home/enrico/Documentos/backup/AULA/Alura/Engenharia de dados/projeto_airflow/airflowalura/venv/lib/python3.9/site-packages/airflow/example_dags/example_complex.py for tasks to queue
[2024-04-27 09:59:10,077] {logging_mixin.py:115} INFO - [2024-04-27 09:59:10,076] {dagbag.py:507} INFO - Filling up the DagBag from /home/enrico/Documentos/backup/AULA/Alura/Engenharia de dados/projeto_airflow/airflowalura/venv/lib/python3.9/site-packages/airflow/example_dags/example_complex.py
[2024-04-27 09:59:10,107] {processor.py:651} INFO - DAG(s) dict_keys(['example_complex']) retrieved from /home/enrico/Documentos/backup/AULA/Alura/Engenharia de dados/projeto_airflow/airflowalura/venv/lib/python3.9/site-packages/airflow/example_dags/example_complex.py
[2024-04-27 09:59:10,126] {logging_mixin.py:115} INFO - [2024-04-27 09:59:10,125] {dag.py:2379} INFO - Sync 1 DAGs
[2024-04-27 09:59:10,137] {logging_mixin.py:115} INFO - [2024-04-27 09:59:10,137] {dag.py:2927} INFO - Setting next_dagrun for example_complex to None, run_after=None
[2024-04-27 09:59:10,146] {processor.py:161} INFO - Processing /home/enrico/Documentos/backup/AULA/Alura/Engenharia de dados/projeto_airflow/airflowalura/venv/lib/python3.9/site-packages/airflow/example_dags/example_complex.py took 0.076 seconds
[2024-04-27 09:59:44,954] {processor.py:153} INFO - Started process (PID=97331) to work on /home/enrico/Documentos/backup/AULA/Alura/Engenharia de dados/projeto_airflow/airflowalura/venv/lib/python3.9/site-packages/airflow/example_dags/example_complex.py
[2024-04-27 09:59:44,957] {processor.py:641} INFO - Processing file /home/enrico/Documentos/backup/AULA/Alura/Engenharia de dados/projeto_airflow/airflowalura/venv/lib/python3.9/site-packages/airflow/example_dags/example_complex.py for tasks to queue
[2024-04-27 09:59:44,958] {logging_mixin.py:115} INFO - [2024-04-27 09:59:44,958] {dagbag.py:507} INFO - Filling up the DagBag from /home/enrico/Documentos/backup/AULA/Alura/Engenharia de dados/projeto_airflow/airflowalura/venv/lib/python3.9/site-packages/airflow/example_dags/example_complex.py
[2024-04-27 09:59:44,987] {processor.py:651} INFO - DAG(s) dict_keys(['example_complex']) retrieved from /home/enrico/Documentos/backup/AULA/Alura/Engenharia de dados/projeto_airflow/airflowalura/venv/lib/python3.9/site-packages/airflow/example_dags/example_complex.py
[2024-04-27 09:59:45,004] {logging_mixin.py:115} INFO - [2024-04-27 09:59:45,004] {dag.py:2379} INFO - Sync 1 DAGs
[2024-04-27 09:59:45,015] {logging_mixin.py:115} INFO - [2024-04-27 09:59:45,015] {dag.py:2927} INFO - Setting next_dagrun for example_complex to None, run_after=None
[2024-04-27 09:59:45,024] {processor.py:161} INFO - Processing /home/enrico/Documentos/backup/AULA/Alura/Engenharia de dados/projeto_airflow/airflowalura/venv/lib/python3.9/site-packages/airflow/example_dags/example_complex.py took 0.076 seconds
[2024-04-27 10:00:20,878] {processor.py:153} INFO - Started process (PID=97397) to work on /home/enrico/Documentos/backup/AULA/Alura/Engenharia de dados/projeto_airflow/airflowalura/venv/lib/python3.9/site-packages/airflow/example_dags/example_complex.py
[2024-04-27 10:00:20,881] {processor.py:641} INFO - Processing file /home/enrico/Documentos/backup/AULA/Alura/Engenharia de dados/projeto_airflow/airflowalura/venv/lib/python3.9/site-packages/airflow/example_dags/example_complex.py for tasks to queue
[2024-04-27 10:00:20,882] {logging_mixin.py:115} INFO - [2024-04-27 10:00:20,882] {dagbag.py:507} INFO - Filling up the DagBag from /home/enrico/Documentos/backup/AULA/Alura/Engenharia de dados/projeto_airflow/airflowalura/venv/lib/python3.9/site-packages/airflow/example_dags/example_complex.py
[2024-04-27 10:00:20,897] {processor.py:651} INFO - DAG(s) dict_keys(['example_complex']) retrieved from /home/enrico/Documentos/backup/AULA/Alura/Engenharia de dados/projeto_airflow/airflowalura/venv/lib/python3.9/site-packages/airflow/example_dags/example_complex.py
[2024-04-27 10:00:20,907] {logging_mixin.py:115} INFO - [2024-04-27 10:00:20,906] {dag.py:2379} INFO - Sync 1 DAGs
[2024-04-27 10:00:20,915] {logging_mixin.py:115} INFO - [2024-04-27 10:00:20,915] {dag.py:2927} INFO - Setting next_dagrun for example_complex to None, run_after=None
[2024-04-27 10:00:20,926] {processor.py:161} INFO - Processing /home/enrico/Documentos/backup/AULA/Alura/Engenharia de dados/projeto_airflow/airflowalura/venv/lib/python3.9/site-packages/airflow/example_dags/example_complex.py took 0.053 seconds
[2024-04-27 10:01:00,863] {processor.py:153} INFO - Started process (PID=97450) to work on /home/enrico/Documentos/backup/AULA/Alura/Engenharia de dados/projeto_airflow/airflowalura/venv/lib/python3.9/site-packages/airflow/example_dags/example_complex.py
[2024-04-27 10:01:00,864] {processor.py:641} INFO - Processing file /home/enrico/Documentos/backup/AULA/Alura/Engenharia de dados/projeto_airflow/airflowalura/venv/lib/python3.9/site-packages/airflow/example_dags/example_complex.py for tasks to queue
[2024-04-27 10:01:00,865] {logging_mixin.py:115} INFO - [2024-04-27 10:01:00,864] {dagbag.py:507} INFO - Filling up the DagBag from /home/enrico/Documentos/backup/AULA/Alura/Engenharia de dados/projeto_airflow/airflowalura/venv/lib/python3.9/site-packages/airflow/example_dags/example_complex.py
[2024-04-27 10:01:00,873] {processor.py:651} INFO - DAG(s) dict_keys(['example_complex']) retrieved from /home/enrico/Documentos/backup/AULA/Alura/Engenharia de dados/projeto_airflow/airflowalura/venv/lib/python3.9/site-packages/airflow/example_dags/example_complex.py
[2024-04-27 10:01:00,883] {logging_mixin.py:115} INFO - [2024-04-27 10:01:00,883] {dag.py:2379} INFO - Sync 1 DAGs
[2024-04-27 10:01:00,892] {logging_mixin.py:115} INFO - [2024-04-27 10:01:00,892] {dag.py:2927} INFO - Setting next_dagrun for example_complex to None, run_after=None
[2024-04-27 10:01:00,900] {processor.py:161} INFO - Processing /home/enrico/Documentos/backup/AULA/Alura/Engenharia de dados/projeto_airflow/airflowalura/venv/lib/python3.9/site-packages/airflow/example_dags/example_complex.py took 0.041 seconds
[2024-04-27 10:01:37,905] {processor.py:153} INFO - Started process (PID=97528) to work on /home/enrico/Documentos/backup/AULA/Alura/Engenharia de dados/projeto_airflow/airflowalura/venv/lib/python3.9/site-packages/airflow/example_dags/example_complex.py
[2024-04-27 10:01:37,909] {processor.py:641} INFO - Processing file /home/enrico/Documentos/backup/AULA/Alura/Engenharia de dados/projeto_airflow/airflowalura/venv/lib/python3.9/site-packages/airflow/example_dags/example_complex.py for tasks to queue
[2024-04-27 10:01:37,910] {logging_mixin.py:115} INFO - [2024-04-27 10:01:37,910] {dagbag.py:507} INFO - Filling up the DagBag from /home/enrico/Documentos/backup/AULA/Alura/Engenharia de dados/projeto_airflow/airflowalura/venv/lib/python3.9/site-packages/airflow/example_dags/example_complex.py
[2024-04-27 10:01:37,937] {processor.py:651} INFO - DAG(s) dict_keys(['example_complex']) retrieved from /home/enrico/Documentos/backup/AULA/Alura/Engenharia de dados/projeto_airflow/airflowalura/venv/lib/python3.9/site-packages/airflow/example_dags/example_complex.py
[2024-04-27 10:01:37,953] {logging_mixin.py:115} INFO - [2024-04-27 10:01:37,952] {dag.py:2379} INFO - Sync 1 DAGs
[2024-04-27 10:01:37,964] {logging_mixin.py:115} INFO - [2024-04-27 10:01:37,964] {dag.py:2927} INFO - Setting next_dagrun for example_complex to None, run_after=None
[2024-04-27 10:01:37,974] {processor.py:161} INFO - Processing /home/enrico/Documentos/backup/AULA/Alura/Engenharia de dados/projeto_airflow/airflowalura/venv/lib/python3.9/site-packages/airflow/example_dags/example_complex.py took 0.075 seconds
[2024-04-27 10:02:12,896] {processor.py:153} INFO - Started process (PID=97582) to work on /home/enrico/Documentos/backup/AULA/Alura/Engenharia de dados/projeto_airflow/airflowalura/venv/lib/python3.9/site-packages/airflow/example_dags/example_complex.py
[2024-04-27 10:02:12,897] {processor.py:641} INFO - Processing file /home/enrico/Documentos/backup/AULA/Alura/Engenharia de dados/projeto_airflow/airflowalura/venv/lib/python3.9/site-packages/airflow/example_dags/example_complex.py for tasks to queue
[2024-04-27 10:02:12,898] {logging_mixin.py:115} INFO - [2024-04-27 10:02:12,898] {dagbag.py:507} INFO - Filling up the DagBag from /home/enrico/Documentos/backup/AULA/Alura/Engenharia de dados/projeto_airflow/airflowalura/venv/lib/python3.9/site-packages/airflow/example_dags/example_complex.py
[2024-04-27 10:02:12,920] {processor.py:651} INFO - DAG(s) dict_keys(['example_complex']) retrieved from /home/enrico/Documentos/backup/AULA/Alura/Engenharia de dados/projeto_airflow/airflowalura/venv/lib/python3.9/site-packages/airflow/example_dags/example_complex.py
[2024-04-27 10:02:12,935] {logging_mixin.py:115} INFO - [2024-04-27 10:02:12,935] {dag.py:2379} INFO - Sync 1 DAGs
[2024-04-27 10:02:12,945] {logging_mixin.py:115} INFO - [2024-04-27 10:02:12,945] {dag.py:2927} INFO - Setting next_dagrun for example_complex to None, run_after=None
[2024-04-27 10:02:12,957] {processor.py:161} INFO - Processing /home/enrico/Documentos/backup/AULA/Alura/Engenharia de dados/projeto_airflow/airflowalura/venv/lib/python3.9/site-packages/airflow/example_dags/example_complex.py took 0.068 seconds
[2024-04-27 10:02:47,038] {processor.py:153} INFO - Started process (PID=97799) to work on /home/enrico/Documentos/backup/AULA/Alura/Engenharia de dados/projeto_airflow/airflowalura/venv/lib/python3.9/site-packages/airflow/example_dags/example_complex.py
[2024-04-27 10:02:47,040] {processor.py:641} INFO - Processing file /home/enrico/Documentos/backup/AULA/Alura/Engenharia de dados/projeto_airflow/airflowalura/venv/lib/python3.9/site-packages/airflow/example_dags/example_complex.py for tasks to queue
[2024-04-27 10:02:47,041] {logging_mixin.py:115} INFO - [2024-04-27 10:02:47,041] {dagbag.py:507} INFO - Filling up the DagBag from /home/enrico/Documentos/backup/AULA/Alura/Engenharia de dados/projeto_airflow/airflowalura/venv/lib/python3.9/site-packages/airflow/example_dags/example_complex.py
[2024-04-27 10:02:47,048] {processor.py:651} INFO - DAG(s) dict_keys(['example_complex']) retrieved from /home/enrico/Documentos/backup/AULA/Alura/Engenharia de dados/projeto_airflow/airflowalura/venv/lib/python3.9/site-packages/airflow/example_dags/example_complex.py
[2024-04-27 10:02:47,060] {logging_mixin.py:115} INFO - [2024-04-27 10:02:47,060] {dag.py:2379} INFO - Sync 1 DAGs
[2024-04-27 10:02:47,070] {logging_mixin.py:115} INFO - [2024-04-27 10:02:47,070] {dag.py:2927} INFO - Setting next_dagrun for example_complex to None, run_after=None
[2024-04-27 10:02:47,081] {processor.py:161} INFO - Processing /home/enrico/Documentos/backup/AULA/Alura/Engenharia de dados/projeto_airflow/airflowalura/venv/lib/python3.9/site-packages/airflow/example_dags/example_complex.py took 0.045 seconds
[2024-04-27 10:03:23,593] {processor.py:153} INFO - Started process (PID=98024) to work on /home/enrico/Documentos/backup/AULA/Alura/Engenharia de dados/projeto_airflow/airflowalura/venv/lib/python3.9/site-packages/airflow/example_dags/example_complex.py
[2024-04-27 10:03:23,594] {processor.py:641} INFO - Processing file /home/enrico/Documentos/backup/AULA/Alura/Engenharia de dados/projeto_airflow/airflowalura/venv/lib/python3.9/site-packages/airflow/example_dags/example_complex.py for tasks to queue
[2024-04-27 10:03:23,594] {logging_mixin.py:115} INFO - [2024-04-27 10:03:23,594] {dagbag.py:507} INFO - Filling up the DagBag from /home/enrico/Documentos/backup/AULA/Alura/Engenharia de dados/projeto_airflow/airflowalura/venv/lib/python3.9/site-packages/airflow/example_dags/example_complex.py
[2024-04-27 10:03:23,609] {processor.py:651} INFO - DAG(s) dict_keys(['example_complex']) retrieved from /home/enrico/Documentos/backup/AULA/Alura/Engenharia de dados/projeto_airflow/airflowalura/venv/lib/python3.9/site-packages/airflow/example_dags/example_complex.py
[2024-04-27 10:03:23,623] {logging_mixin.py:115} INFO - [2024-04-27 10:03:23,623] {dag.py:2379} INFO - Sync 1 DAGs
[2024-04-27 10:03:23,632] {logging_mixin.py:115} INFO - [2024-04-27 10:03:23,632] {dag.py:2927} INFO - Setting next_dagrun for example_complex to None, run_after=None
[2024-04-27 10:03:23,647] {processor.py:161} INFO - Processing /home/enrico/Documentos/backup/AULA/Alura/Engenharia de dados/projeto_airflow/airflowalura/venv/lib/python3.9/site-packages/airflow/example_dags/example_complex.py took 0.058 seconds
[2024-04-27 10:03:57,062] {processor.py:153} INFO - Started process (PID=98213) to work on /home/enrico/Documentos/backup/AULA/Alura/Engenharia de dados/projeto_airflow/airflowalura/venv/lib/python3.9/site-packages/airflow/example_dags/example_complex.py
[2024-04-27 10:03:57,065] {processor.py:641} INFO - Processing file /home/enrico/Documentos/backup/AULA/Alura/Engenharia de dados/projeto_airflow/airflowalura/venv/lib/python3.9/site-packages/airflow/example_dags/example_complex.py for tasks to queue
[2024-04-27 10:03:57,065] {logging_mixin.py:115} INFO - [2024-04-27 10:03:57,065] {dagbag.py:507} INFO - Filling up the DagBag from /home/enrico/Documentos/backup/AULA/Alura/Engenharia de dados/projeto_airflow/airflowalura/venv/lib/python3.9/site-packages/airflow/example_dags/example_complex.py
[2024-04-27 10:03:57,074] {processor.py:651} INFO - DAG(s) dict_keys(['example_complex']) retrieved from /home/enrico/Documentos/backup/AULA/Alura/Engenharia de dados/projeto_airflow/airflowalura/venv/lib/python3.9/site-packages/airflow/example_dags/example_complex.py
[2024-04-27 10:03:57,087] {logging_mixin.py:115} INFO - [2024-04-27 10:03:57,087] {dag.py:2379} INFO - Sync 1 DAGs
[2024-04-27 10:03:57,099] {logging_mixin.py:115} INFO - [2024-04-27 10:03:57,099] {dag.py:2927} INFO - Setting next_dagrun for example_complex to None, run_after=None
[2024-04-27 10:03:57,110] {processor.py:161} INFO - Processing /home/enrico/Documentos/backup/AULA/Alura/Engenharia de dados/projeto_airflow/airflowalura/venv/lib/python3.9/site-packages/airflow/example_dags/example_complex.py took 0.050 seconds
[2024-04-27 10:04:35,812] {processor.py:153} INFO - Started process (PID=98454) to work on /home/enrico/Documentos/backup/AULA/Alura/Engenharia de dados/projeto_airflow/airflowalura/venv/lib/python3.9/site-packages/airflow/example_dags/example_complex.py
[2024-04-27 10:04:35,815] {processor.py:641} INFO - Processing file /home/enrico/Documentos/backup/AULA/Alura/Engenharia de dados/projeto_airflow/airflowalura/venv/lib/python3.9/site-packages/airflow/example_dags/example_complex.py for tasks to queue
[2024-04-27 10:04:35,816] {logging_mixin.py:115} INFO - [2024-04-27 10:04:35,815] {dagbag.py:507} INFO - Filling up the DagBag from /home/enrico/Documentos/backup/AULA/Alura/Engenharia de dados/projeto_airflow/airflowalura/venv/lib/python3.9/site-packages/airflow/example_dags/example_complex.py
[2024-04-27 10:04:35,824] {processor.py:651} INFO - DAG(s) dict_keys(['example_complex']) retrieved from /home/enrico/Documentos/backup/AULA/Alura/Engenharia de dados/projeto_airflow/airflowalura/venv/lib/python3.9/site-packages/airflow/example_dags/example_complex.py
[2024-04-27 10:04:35,835] {logging_mixin.py:115} INFO - [2024-04-27 10:04:35,835] {dag.py:2379} INFO - Sync 1 DAGs
[2024-04-27 10:04:35,844] {logging_mixin.py:115} INFO - [2024-04-27 10:04:35,844] {dag.py:2927} INFO - Setting next_dagrun for example_complex to None, run_after=None
[2024-04-27 10:04:35,854] {processor.py:161} INFO - Processing /home/enrico/Documentos/backup/AULA/Alura/Engenharia de dados/projeto_airflow/airflowalura/venv/lib/python3.9/site-packages/airflow/example_dags/example_complex.py took 0.044 seconds
