[2024-04-27 09:50:18,263] {processor.py:153} INFO - Started process (PID=95929) to work on /home/enrico/Documentos/backup/AULA/Alura/Engenharia de dados/projeto_airflow/airflowalura/venv/lib/python3.9/site-packages/airflow/example_dags/tutorial_etl_dag.py
[2024-04-27 09:50:18,264] {processor.py:641} INFO - Processing file /home/enrico/Documentos/backup/AULA/Alura/Engenharia de dados/projeto_airflow/airflowalura/venv/lib/python3.9/site-packages/airflow/example_dags/tutorial_etl_dag.py for tasks to queue
[2024-04-27 09:50:18,265] {logging_mixin.py:115} INFO - [2024-04-27 09:50:18,265] {dagbag.py:507} INFO - Filling up the DagBag from /home/enrico/Documentos/backup/AULA/Alura/Engenharia de dados/projeto_airflow/airflowalura/venv/lib/python3.9/site-packages/airflow/example_dags/tutorial_etl_dag.py
[2024-04-27 09:50:18,280] {processor.py:651} INFO - DAG(s) dict_keys(['tutorial_etl_dag']) retrieved from /home/enrico/Documentos/backup/AULA/Alura/Engenharia de dados/projeto_airflow/airflowalura/venv/lib/python3.9/site-packages/airflow/example_dags/tutorial_etl_dag.py
[2024-04-27 09:50:18,297] {logging_mixin.py:115} INFO - [2024-04-27 09:50:18,297] {dag.py:2379} INFO - Sync 1 DAGs
[2024-04-27 09:50:18,307] {logging_mixin.py:115} INFO - [2024-04-27 09:50:18,307] {dag.py:2927} INFO - Setting next_dagrun for tutorial_etl_dag to None, run_after=None
[2024-04-27 09:50:18,319] {processor.py:161} INFO - Processing /home/enrico/Documentos/backup/AULA/Alura/Engenharia de dados/projeto_airflow/airflowalura/venv/lib/python3.9/site-packages/airflow/example_dags/tutorial_etl_dag.py took 0.061 seconds
[2024-04-27 09:50:53,095] {processor.py:153} INFO - Started process (PID=96082) to work on /home/enrico/Documentos/backup/AULA/Alura/Engenharia de dados/projeto_airflow/airflowalura/venv/lib/python3.9/site-packages/airflow/example_dags/tutorial_etl_dag.py
[2024-04-27 09:50:53,099] {processor.py:641} INFO - Processing file /home/enrico/Documentos/backup/AULA/Alura/Engenharia de dados/projeto_airflow/airflowalura/venv/lib/python3.9/site-packages/airflow/example_dags/tutorial_etl_dag.py for tasks to queue
[2024-04-27 09:50:53,100] {logging_mixin.py:115} INFO - [2024-04-27 09:50:53,100] {dagbag.py:507} INFO - Filling up the DagBag from /home/enrico/Documentos/backup/AULA/Alura/Engenharia de dados/projeto_airflow/airflowalura/venv/lib/python3.9/site-packages/airflow/example_dags/tutorial_etl_dag.py
[2024-04-27 09:50:53,115] {processor.py:651} INFO - DAG(s) dict_keys(['tutorial_etl_dag']) retrieved from /home/enrico/Documentos/backup/AULA/Alura/Engenharia de dados/projeto_airflow/airflowalura/venv/lib/python3.9/site-packages/airflow/example_dags/tutorial_etl_dag.py
[2024-04-27 09:50:53,135] {logging_mixin.py:115} INFO - [2024-04-27 09:50:53,135] {dag.py:2379} INFO - Sync 1 DAGs
[2024-04-27 09:50:53,148] {logging_mixin.py:115} INFO - [2024-04-27 09:50:53,148] {dag.py:2927} INFO - Setting next_dagrun for tutorial_etl_dag to None, run_after=None
[2024-04-27 09:50:53,158] {processor.py:161} INFO - Processing /home/enrico/Documentos/backup/AULA/Alura/Engenharia de dados/projeto_airflow/airflowalura/venv/lib/python3.9/site-packages/airflow/example_dags/tutorial_etl_dag.py took 0.068 seconds
[2024-04-27 09:51:27,075] {processor.py:153} INFO - Started process (PID=96319) to work on /home/enrico/Documentos/backup/AULA/Alura/Engenharia de dados/projeto_airflow/airflowalura/venv/lib/python3.9/site-packages/airflow/example_dags/tutorial_etl_dag.py
[2024-04-27 09:51:27,075] {processor.py:641} INFO - Processing file /home/enrico/Documentos/backup/AULA/Alura/Engenharia de dados/projeto_airflow/airflowalura/venv/lib/python3.9/site-packages/airflow/example_dags/tutorial_etl_dag.py for tasks to queue
[2024-04-27 09:51:27,076] {logging_mixin.py:115} INFO - [2024-04-27 09:51:27,076] {dagbag.py:507} INFO - Filling up the DagBag from /home/enrico/Documentos/backup/AULA/Alura/Engenharia de dados/projeto_airflow/airflowalura/venv/lib/python3.9/site-packages/airflow/example_dags/tutorial_etl_dag.py
[2024-04-27 09:51:27,090] {processor.py:651} INFO - DAG(s) dict_keys(['tutorial_etl_dag']) retrieved from /home/enrico/Documentos/backup/AULA/Alura/Engenharia de dados/projeto_airflow/airflowalura/venv/lib/python3.9/site-packages/airflow/example_dags/tutorial_etl_dag.py
[2024-04-27 09:51:27,109] {logging_mixin.py:115} INFO - [2024-04-27 09:51:27,109] {dag.py:2379} INFO - Sync 1 DAGs
[2024-04-27 09:51:27,118] {logging_mixin.py:115} INFO - [2024-04-27 09:51:27,118] {dag.py:2927} INFO - Setting next_dagrun for tutorial_etl_dag to None, run_after=None
[2024-04-27 09:51:27,128] {processor.py:161} INFO - Processing /home/enrico/Documentos/backup/AULA/Alura/Engenharia de dados/projeto_airflow/airflowalura/venv/lib/python3.9/site-packages/airflow/example_dags/tutorial_etl_dag.py took 0.059 seconds
[2024-04-27 09:52:04,252] {processor.py:153} INFO - Started process (PID=96421) to work on /home/enrico/Documentos/backup/AULA/Alura/Engenharia de dados/projeto_airflow/airflowalura/venv/lib/python3.9/site-packages/airflow/example_dags/tutorial_etl_dag.py
[2024-04-27 09:52:04,255] {processor.py:641} INFO - Processing file /home/enrico/Documentos/backup/AULA/Alura/Engenharia de dados/projeto_airflow/airflowalura/venv/lib/python3.9/site-packages/airflow/example_dags/tutorial_etl_dag.py for tasks to queue
[2024-04-27 09:52:04,255] {logging_mixin.py:115} INFO - [2024-04-27 09:52:04,255] {dagbag.py:507} INFO - Filling up the DagBag from /home/enrico/Documentos/backup/AULA/Alura/Engenharia de dados/projeto_airflow/airflowalura/venv/lib/python3.9/site-packages/airflow/example_dags/tutorial_etl_dag.py
[2024-04-27 09:52:04,259] {processor.py:651} INFO - DAG(s) dict_keys(['tutorial_etl_dag']) retrieved from /home/enrico/Documentos/backup/AULA/Alura/Engenharia de dados/projeto_airflow/airflowalura/venv/lib/python3.9/site-packages/airflow/example_dags/tutorial_etl_dag.py
[2024-04-27 09:52:04,268] {logging_mixin.py:115} INFO - [2024-04-27 09:52:04,268] {dag.py:2379} INFO - Sync 1 DAGs
[2024-04-27 09:52:04,278] {logging_mixin.py:115} INFO - [2024-04-27 09:52:04,278] {dag.py:2927} INFO - Setting next_dagrun for tutorial_etl_dag to None, run_after=None
[2024-04-27 09:52:04,287] {processor.py:161} INFO - Processing /home/enrico/Documentos/backup/AULA/Alura/Engenharia de dados/projeto_airflow/airflowalura/venv/lib/python3.9/site-packages/airflow/example_dags/tutorial_etl_dag.py took 0.037 seconds
[2024-04-27 09:52:42,319] {processor.py:153} INFO - Started process (PID=96595) to work on /home/enrico/Documentos/backup/AULA/Alura/Engenharia de dados/projeto_airflow/airflowalura/venv/lib/python3.9/site-packages/airflow/example_dags/tutorial_etl_dag.py
[2024-04-27 09:52:42,320] {processor.py:641} INFO - Processing file /home/enrico/Documentos/backup/AULA/Alura/Engenharia de dados/projeto_airflow/airflowalura/venv/lib/python3.9/site-packages/airflow/example_dags/tutorial_etl_dag.py for tasks to queue
[2024-04-27 09:52:42,320] {logging_mixin.py:115} INFO - [2024-04-27 09:52:42,320] {dagbag.py:507} INFO - Filling up the DagBag from /home/enrico/Documentos/backup/AULA/Alura/Engenharia de dados/projeto_airflow/airflowalura/venv/lib/python3.9/site-packages/airflow/example_dags/tutorial_etl_dag.py
[2024-04-27 09:52:42,324] {processor.py:651} INFO - DAG(s) dict_keys(['tutorial_etl_dag']) retrieved from /home/enrico/Documentos/backup/AULA/Alura/Engenharia de dados/projeto_airflow/airflowalura/venv/lib/python3.9/site-packages/airflow/example_dags/tutorial_etl_dag.py
[2024-04-27 09:52:42,335] {logging_mixin.py:115} INFO - [2024-04-27 09:52:42,335] {dag.py:2379} INFO - Sync 1 DAGs
[2024-04-27 09:52:42,345] {logging_mixin.py:115} INFO - [2024-04-27 09:52:42,345] {dag.py:2927} INFO - Setting next_dagrun for tutorial_etl_dag to None, run_after=None
[2024-04-27 09:52:42,354] {processor.py:161} INFO - Processing /home/enrico/Documentos/backup/AULA/Alura/Engenharia de dados/projeto_airflow/airflowalura/venv/lib/python3.9/site-packages/airflow/example_dags/tutorial_etl_dag.py took 0.036 seconds
[2024-04-27 09:53:18,266] {processor.py:153} INFO - Started process (PID=96641) to work on /home/enrico/Documentos/backup/AULA/Alura/Engenharia de dados/projeto_airflow/airflowalura/venv/lib/python3.9/site-packages/airflow/example_dags/tutorial_etl_dag.py
[2024-04-27 09:53:18,270] {processor.py:641} INFO - Processing file /home/enrico/Documentos/backup/AULA/Alura/Engenharia de dados/projeto_airflow/airflowalura/venv/lib/python3.9/site-packages/airflow/example_dags/tutorial_etl_dag.py for tasks to queue
[2024-04-27 09:53:18,271] {logging_mixin.py:115} INFO - [2024-04-27 09:53:18,270] {dagbag.py:507} INFO - Filling up the DagBag from /home/enrico/Documentos/backup/AULA/Alura/Engenharia de dados/projeto_airflow/airflowalura/venv/lib/python3.9/site-packages/airflow/example_dags/tutorial_etl_dag.py
[2024-04-27 09:53:18,280] {processor.py:651} INFO - DAG(s) dict_keys(['tutorial_etl_dag']) retrieved from /home/enrico/Documentos/backup/AULA/Alura/Engenharia de dados/projeto_airflow/airflowalura/venv/lib/python3.9/site-packages/airflow/example_dags/tutorial_etl_dag.py
[2024-04-27 09:53:18,291] {logging_mixin.py:115} INFO - [2024-04-27 09:53:18,290] {dag.py:2379} INFO - Sync 1 DAGs
[2024-04-27 09:53:18,299] {logging_mixin.py:115} INFO - [2024-04-27 09:53:18,299] {dag.py:2927} INFO - Setting next_dagrun for tutorial_etl_dag to None, run_after=None
[2024-04-27 09:53:18,309] {processor.py:161} INFO - Processing /home/enrico/Documentos/backup/AULA/Alura/Engenharia de dados/projeto_airflow/airflowalura/venv/lib/python3.9/site-packages/airflow/example_dags/tutorial_etl_dag.py took 0.049 seconds
[2024-04-27 09:53:54,873] {processor.py:153} INFO - Started process (PID=96692) to work on /home/enrico/Documentos/backup/AULA/Alura/Engenharia de dados/projeto_airflow/airflowalura/venv/lib/python3.9/site-packages/airflow/example_dags/tutorial_etl_dag.py
[2024-04-27 09:53:54,877] {processor.py:641} INFO - Processing file /home/enrico/Documentos/backup/AULA/Alura/Engenharia de dados/projeto_airflow/airflowalura/venv/lib/python3.9/site-packages/airflow/example_dags/tutorial_etl_dag.py for tasks to queue
[2024-04-27 09:53:54,878] {logging_mixin.py:115} INFO - [2024-04-27 09:53:54,878] {dagbag.py:507} INFO - Filling up the DagBag from /home/enrico/Documentos/backup/AULA/Alura/Engenharia de dados/projeto_airflow/airflowalura/venv/lib/python3.9/site-packages/airflow/example_dags/tutorial_etl_dag.py
[2024-04-27 09:53:54,892] {processor.py:651} INFO - DAG(s) dict_keys(['tutorial_etl_dag']) retrieved from /home/enrico/Documentos/backup/AULA/Alura/Engenharia de dados/projeto_airflow/airflowalura/venv/lib/python3.9/site-packages/airflow/example_dags/tutorial_etl_dag.py
[2024-04-27 09:53:54,913] {logging_mixin.py:115} INFO - [2024-04-27 09:53:54,913] {dag.py:2379} INFO - Sync 1 DAGs
[2024-04-27 09:53:54,925] {logging_mixin.py:115} INFO - [2024-04-27 09:53:54,925] {dag.py:2927} INFO - Setting next_dagrun for tutorial_etl_dag to None, run_after=None
[2024-04-27 09:53:54,941] {processor.py:161} INFO - Processing /home/enrico/Documentos/backup/AULA/Alura/Engenharia de dados/projeto_airflow/airflowalura/venv/lib/python3.9/site-packages/airflow/example_dags/tutorial_etl_dag.py took 0.073 seconds
[2024-04-27 09:54:33,263] {processor.py:153} INFO - Started process (PID=96756) to work on /home/enrico/Documentos/backup/AULA/Alura/Engenharia de dados/projeto_airflow/airflowalura/venv/lib/python3.9/site-packages/airflow/example_dags/tutorial_etl_dag.py
[2024-04-27 09:54:33,266] {processor.py:641} INFO - Processing file /home/enrico/Documentos/backup/AULA/Alura/Engenharia de dados/projeto_airflow/airflowalura/venv/lib/python3.9/site-packages/airflow/example_dags/tutorial_etl_dag.py for tasks to queue
[2024-04-27 09:54:33,267] {logging_mixin.py:115} INFO - [2024-04-27 09:54:33,267] {dagbag.py:507} INFO - Filling up the DagBag from /home/enrico/Documentos/backup/AULA/Alura/Engenharia de dados/projeto_airflow/airflowalura/venv/lib/python3.9/site-packages/airflow/example_dags/tutorial_etl_dag.py
[2024-04-27 09:54:33,272] {processor.py:651} INFO - DAG(s) dict_keys(['tutorial_etl_dag']) retrieved from /home/enrico/Documentos/backup/AULA/Alura/Engenharia de dados/projeto_airflow/airflowalura/venv/lib/python3.9/site-packages/airflow/example_dags/tutorial_etl_dag.py
[2024-04-27 09:54:33,286] {logging_mixin.py:115} INFO - [2024-04-27 09:54:33,285] {dag.py:2379} INFO - Sync 1 DAGs
[2024-04-27 09:54:33,299] {logging_mixin.py:115} INFO - [2024-04-27 09:54:33,299] {dag.py:2927} INFO - Setting next_dagrun for tutorial_etl_dag to None, run_after=None
[2024-04-27 09:54:33,310] {processor.py:161} INFO - Processing /home/enrico/Documentos/backup/AULA/Alura/Engenharia de dados/projeto_airflow/airflowalura/venv/lib/python3.9/site-packages/airflow/example_dags/tutorial_etl_dag.py took 0.048 seconds
[2024-04-27 09:55:13,029] {processor.py:153} INFO - Started process (PID=96819) to work on /home/enrico/Documentos/backup/AULA/Alura/Engenharia de dados/projeto_airflow/airflowalura/venv/lib/python3.9/site-packages/airflow/example_dags/tutorial_etl_dag.py
[2024-04-27 09:55:13,030] {processor.py:641} INFO - Processing file /home/enrico/Documentos/backup/AULA/Alura/Engenharia de dados/projeto_airflow/airflowalura/venv/lib/python3.9/site-packages/airflow/example_dags/tutorial_etl_dag.py for tasks to queue
[2024-04-27 09:55:13,031] {logging_mixin.py:115} INFO - [2024-04-27 09:55:13,031] {dagbag.py:507} INFO - Filling up the DagBag from /home/enrico/Documentos/backup/AULA/Alura/Engenharia de dados/projeto_airflow/airflowalura/venv/lib/python3.9/site-packages/airflow/example_dags/tutorial_etl_dag.py
[2024-04-27 09:55:13,045] {processor.py:651} INFO - DAG(s) dict_keys(['tutorial_etl_dag']) retrieved from /home/enrico/Documentos/backup/AULA/Alura/Engenharia de dados/projeto_airflow/airflowalura/venv/lib/python3.9/site-packages/airflow/example_dags/tutorial_etl_dag.py
[2024-04-27 09:55:13,065] {logging_mixin.py:115} INFO - [2024-04-27 09:55:13,065] {dag.py:2379} INFO - Sync 1 DAGs
[2024-04-27 09:55:13,077] {logging_mixin.py:115} INFO - [2024-04-27 09:55:13,077] {dag.py:2927} INFO - Setting next_dagrun for tutorial_etl_dag to None, run_after=None
[2024-04-27 09:55:13,086] {processor.py:161} INFO - Processing /home/enrico/Documentos/backup/AULA/Alura/Engenharia de dados/projeto_airflow/airflowalura/venv/lib/python3.9/site-packages/airflow/example_dags/tutorial_etl_dag.py took 0.062 seconds
[2024-04-27 09:55:50,993] {processor.py:153} INFO - Started process (PID=96876) to work on /home/enrico/Documentos/backup/AULA/Alura/Engenharia de dados/projeto_airflow/airflowalura/venv/lib/python3.9/site-packages/airflow/example_dags/tutorial_etl_dag.py
[2024-04-27 09:55:50,996] {processor.py:641} INFO - Processing file /home/enrico/Documentos/backup/AULA/Alura/Engenharia de dados/projeto_airflow/airflowalura/venv/lib/python3.9/site-packages/airflow/example_dags/tutorial_etl_dag.py for tasks to queue
[2024-04-27 09:55:50,997] {logging_mixin.py:115} INFO - [2024-04-27 09:55:50,997] {dagbag.py:507} INFO - Filling up the DagBag from /home/enrico/Documentos/backup/AULA/Alura/Engenharia de dados/projeto_airflow/airflowalura/venv/lib/python3.9/site-packages/airflow/example_dags/tutorial_etl_dag.py
[2024-04-27 09:55:51,011] {processor.py:651} INFO - DAG(s) dict_keys(['tutorial_etl_dag']) retrieved from /home/enrico/Documentos/backup/AULA/Alura/Engenharia de dados/projeto_airflow/airflowalura/venv/lib/python3.9/site-packages/airflow/example_dags/tutorial_etl_dag.py
[2024-04-27 09:55:51,030] {logging_mixin.py:115} INFO - [2024-04-27 09:55:51,030] {dag.py:2379} INFO - Sync 1 DAGs
[2024-04-27 09:55:51,044] {logging_mixin.py:115} INFO - [2024-04-27 09:55:51,043] {dag.py:2927} INFO - Setting next_dagrun for tutorial_etl_dag to None, run_after=None
[2024-04-27 09:55:51,053] {processor.py:161} INFO - Processing /home/enrico/Documentos/backup/AULA/Alura/Engenharia de dados/projeto_airflow/airflowalura/venv/lib/python3.9/site-packages/airflow/example_dags/tutorial_etl_dag.py took 0.066 seconds
[2024-04-27 09:56:27,098] {processor.py:153} INFO - Started process (PID=96956) to work on /home/enrico/Documentos/backup/AULA/Alura/Engenharia de dados/projeto_airflow/airflowalura/venv/lib/python3.9/site-packages/airflow/example_dags/tutorial_etl_dag.py
[2024-04-27 09:56:27,098] {processor.py:641} INFO - Processing file /home/enrico/Documentos/backup/AULA/Alura/Engenharia de dados/projeto_airflow/airflowalura/venv/lib/python3.9/site-packages/airflow/example_dags/tutorial_etl_dag.py for tasks to queue
[2024-04-27 09:56:27,099] {logging_mixin.py:115} INFO - [2024-04-27 09:56:27,099] {dagbag.py:507} INFO - Filling up the DagBag from /home/enrico/Documentos/backup/AULA/Alura/Engenharia de dados/projeto_airflow/airflowalura/venv/lib/python3.9/site-packages/airflow/example_dags/tutorial_etl_dag.py
[2024-04-27 09:56:27,102] {processor.py:651} INFO - DAG(s) dict_keys(['tutorial_etl_dag']) retrieved from /home/enrico/Documentos/backup/AULA/Alura/Engenharia de dados/projeto_airflow/airflowalura/venv/lib/python3.9/site-packages/airflow/example_dags/tutorial_etl_dag.py
[2024-04-27 09:56:27,111] {logging_mixin.py:115} INFO - [2024-04-27 09:56:27,111] {dag.py:2379} INFO - Sync 1 DAGs
[2024-04-27 09:56:27,120] {logging_mixin.py:115} INFO - [2024-04-27 09:56:27,120] {dag.py:2927} INFO - Setting next_dagrun for tutorial_etl_dag to None, run_after=None
[2024-04-27 09:56:27,132] {processor.py:161} INFO - Processing /home/enrico/Documentos/backup/AULA/Alura/Engenharia de dados/projeto_airflow/airflowalura/venv/lib/python3.9/site-packages/airflow/example_dags/tutorial_etl_dag.py took 0.036 seconds
[2024-04-27 09:57:01,369] {processor.py:153} INFO - Started process (PID=97075) to work on /home/enrico/Documentos/backup/AULA/Alura/Engenharia de dados/projeto_airflow/airflowalura/venv/lib/python3.9/site-packages/airflow/example_dags/tutorial_etl_dag.py
[2024-04-27 09:57:01,372] {processor.py:641} INFO - Processing file /home/enrico/Documentos/backup/AULA/Alura/Engenharia de dados/projeto_airflow/airflowalura/venv/lib/python3.9/site-packages/airflow/example_dags/tutorial_etl_dag.py for tasks to queue
[2024-04-27 09:57:01,374] {logging_mixin.py:115} INFO - [2024-04-27 09:57:01,373] {dagbag.py:507} INFO - Filling up the DagBag from /home/enrico/Documentos/backup/AULA/Alura/Engenharia de dados/projeto_airflow/airflowalura/venv/lib/python3.9/site-packages/airflow/example_dags/tutorial_etl_dag.py
[2024-04-27 09:57:01,389] {processor.py:651} INFO - DAG(s) dict_keys(['tutorial_etl_dag']) retrieved from /home/enrico/Documentos/backup/AULA/Alura/Engenharia de dados/projeto_airflow/airflowalura/venv/lib/python3.9/site-packages/airflow/example_dags/tutorial_etl_dag.py
[2024-04-27 09:57:01,417] {logging_mixin.py:115} INFO - [2024-04-27 09:57:01,417] {dag.py:2379} INFO - Sync 1 DAGs
[2024-04-27 09:57:01,432] {logging_mixin.py:115} INFO - [2024-04-27 09:57:01,432] {dag.py:2927} INFO - Setting next_dagrun for tutorial_etl_dag to None, run_after=None
[2024-04-27 09:57:01,442] {processor.py:161} INFO - Processing /home/enrico/Documentos/backup/AULA/Alura/Engenharia de dados/projeto_airflow/airflowalura/venv/lib/python3.9/site-packages/airflow/example_dags/tutorial_etl_dag.py took 0.074 seconds
[2024-04-27 09:57:40,782] {processor.py:153} INFO - Started process (PID=97129) to work on /home/enrico/Documentos/backup/AULA/Alura/Engenharia de dados/projeto_airflow/airflowalura/venv/lib/python3.9/site-packages/airflow/example_dags/tutorial_etl_dag.py
[2024-04-27 09:57:40,785] {processor.py:641} INFO - Processing file /home/enrico/Documentos/backup/AULA/Alura/Engenharia de dados/projeto_airflow/airflowalura/venv/lib/python3.9/site-packages/airflow/example_dags/tutorial_etl_dag.py for tasks to queue
[2024-04-27 09:57:40,785] {logging_mixin.py:115} INFO - [2024-04-27 09:57:40,785] {dagbag.py:507} INFO - Filling up the DagBag from /home/enrico/Documentos/backup/AULA/Alura/Engenharia de dados/projeto_airflow/airflowalura/venv/lib/python3.9/site-packages/airflow/example_dags/tutorial_etl_dag.py
[2024-04-27 09:57:40,789] {processor.py:651} INFO - DAG(s) dict_keys(['tutorial_etl_dag']) retrieved from /home/enrico/Documentos/backup/AULA/Alura/Engenharia de dados/projeto_airflow/airflowalura/venv/lib/python3.9/site-packages/airflow/example_dags/tutorial_etl_dag.py
[2024-04-27 09:57:40,799] {logging_mixin.py:115} INFO - [2024-04-27 09:57:40,799] {dag.py:2379} INFO - Sync 1 DAGs
[2024-04-27 09:57:40,809] {logging_mixin.py:115} INFO - [2024-04-27 09:57:40,809] {dag.py:2927} INFO - Setting next_dagrun for tutorial_etl_dag to None, run_after=None
[2024-04-27 09:57:40,822] {processor.py:161} INFO - Processing /home/enrico/Documentos/backup/AULA/Alura/Engenharia de dados/projeto_airflow/airflowalura/venv/lib/python3.9/site-packages/airflow/example_dags/tutorial_etl_dag.py took 0.042 seconds
[2024-04-27 09:58:17,491] {processor.py:153} INFO - Started process (PID=97183) to work on /home/enrico/Documentos/backup/AULA/Alura/Engenharia de dados/projeto_airflow/airflowalura/venv/lib/python3.9/site-packages/airflow/example_dags/tutorial_etl_dag.py
[2024-04-27 09:58:17,494] {processor.py:641} INFO - Processing file /home/enrico/Documentos/backup/AULA/Alura/Engenharia de dados/projeto_airflow/airflowalura/venv/lib/python3.9/site-packages/airflow/example_dags/tutorial_etl_dag.py for tasks to queue
[2024-04-27 09:58:17,494] {logging_mixin.py:115} INFO - [2024-04-27 09:58:17,494] {dagbag.py:507} INFO - Filling up the DagBag from /home/enrico/Documentos/backup/AULA/Alura/Engenharia de dados/projeto_airflow/airflowalura/venv/lib/python3.9/site-packages/airflow/example_dags/tutorial_etl_dag.py
[2024-04-27 09:58:17,498] {processor.py:651} INFO - DAG(s) dict_keys(['tutorial_etl_dag']) retrieved from /home/enrico/Documentos/backup/AULA/Alura/Engenharia de dados/projeto_airflow/airflowalura/venv/lib/python3.9/site-packages/airflow/example_dags/tutorial_etl_dag.py
[2024-04-27 09:58:17,507] {logging_mixin.py:115} INFO - [2024-04-27 09:58:17,507] {dag.py:2379} INFO - Sync 1 DAGs
[2024-04-27 09:58:17,518] {logging_mixin.py:115} INFO - [2024-04-27 09:58:17,518] {dag.py:2927} INFO - Setting next_dagrun for tutorial_etl_dag to None, run_after=None
[2024-04-27 09:58:17,527] {processor.py:161} INFO - Processing /home/enrico/Documentos/backup/AULA/Alura/Engenharia de dados/projeto_airflow/airflowalura/venv/lib/python3.9/site-packages/airflow/example_dags/tutorial_etl_dag.py took 0.037 seconds
[2024-04-27 09:58:55,059] {processor.py:153} INFO - Started process (PID=97251) to work on /home/enrico/Documentos/backup/AULA/Alura/Engenharia de dados/projeto_airflow/airflowalura/venv/lib/python3.9/site-packages/airflow/example_dags/tutorial_etl_dag.py
[2024-04-27 09:58:55,062] {processor.py:641} INFO - Processing file /home/enrico/Documentos/backup/AULA/Alura/Engenharia de dados/projeto_airflow/airflowalura/venv/lib/python3.9/site-packages/airflow/example_dags/tutorial_etl_dag.py for tasks to queue
[2024-04-27 09:58:55,063] {logging_mixin.py:115} INFO - [2024-04-27 09:58:55,063] {dagbag.py:507} INFO - Filling up the DagBag from /home/enrico/Documentos/backup/AULA/Alura/Engenharia de dados/projeto_airflow/airflowalura/venv/lib/python3.9/site-packages/airflow/example_dags/tutorial_etl_dag.py
[2024-04-27 09:58:55,077] {processor.py:651} INFO - DAG(s) dict_keys(['tutorial_etl_dag']) retrieved from /home/enrico/Documentos/backup/AULA/Alura/Engenharia de dados/projeto_airflow/airflowalura/venv/lib/python3.9/site-packages/airflow/example_dags/tutorial_etl_dag.py
[2024-04-27 09:58:55,097] {logging_mixin.py:115} INFO - [2024-04-27 09:58:55,097] {dag.py:2379} INFO - Sync 1 DAGs
[2024-04-27 09:58:55,110] {logging_mixin.py:115} INFO - [2024-04-27 09:58:55,110] {dag.py:2927} INFO - Setting next_dagrun for tutorial_etl_dag to None, run_after=None
[2024-04-27 09:58:55,119] {processor.py:161} INFO - Processing /home/enrico/Documentos/backup/AULA/Alura/Engenharia de dados/projeto_airflow/airflowalura/venv/lib/python3.9/site-packages/airflow/example_dags/tutorial_etl_dag.py took 0.066 seconds
[2024-04-27 09:59:30,547] {processor.py:153} INFO - Started process (PID=97316) to work on /home/enrico/Documentos/backup/AULA/Alura/Engenharia de dados/projeto_airflow/airflowalura/venv/lib/python3.9/site-packages/airflow/example_dags/tutorial_etl_dag.py
[2024-04-27 09:59:30,548] {processor.py:641} INFO - Processing file /home/enrico/Documentos/backup/AULA/Alura/Engenharia de dados/projeto_airflow/airflowalura/venv/lib/python3.9/site-packages/airflow/example_dags/tutorial_etl_dag.py for tasks to queue
[2024-04-27 09:59:30,549] {logging_mixin.py:115} INFO - [2024-04-27 09:59:30,549] {dagbag.py:507} INFO - Filling up the DagBag from /home/enrico/Documentos/backup/AULA/Alura/Engenharia de dados/projeto_airflow/airflowalura/venv/lib/python3.9/site-packages/airflow/example_dags/tutorial_etl_dag.py
[2024-04-27 09:59:30,562] {processor.py:651} INFO - DAG(s) dict_keys(['tutorial_etl_dag']) retrieved from /home/enrico/Documentos/backup/AULA/Alura/Engenharia de dados/projeto_airflow/airflowalura/venv/lib/python3.9/site-packages/airflow/example_dags/tutorial_etl_dag.py
[2024-04-27 09:59:30,584] {logging_mixin.py:115} INFO - [2024-04-27 09:59:30,584] {dag.py:2379} INFO - Sync 1 DAGs
[2024-04-27 09:59:30,596] {logging_mixin.py:115} INFO - [2024-04-27 09:59:30,596] {dag.py:2927} INFO - Setting next_dagrun for tutorial_etl_dag to None, run_after=None
[2024-04-27 09:59:30,605] {processor.py:161} INFO - Processing /home/enrico/Documentos/backup/AULA/Alura/Engenharia de dados/projeto_airflow/airflowalura/venv/lib/python3.9/site-packages/airflow/example_dags/tutorial_etl_dag.py took 0.064 seconds
[2024-04-27 10:00:08,376] {processor.py:153} INFO - Started process (PID=97369) to work on /home/enrico/Documentos/backup/AULA/Alura/Engenharia de dados/projeto_airflow/airflowalura/venv/lib/python3.9/site-packages/airflow/example_dags/tutorial_etl_dag.py
[2024-04-27 10:00:08,379] {processor.py:641} INFO - Processing file /home/enrico/Documentos/backup/AULA/Alura/Engenharia de dados/projeto_airflow/airflowalura/venv/lib/python3.9/site-packages/airflow/example_dags/tutorial_etl_dag.py for tasks to queue
[2024-04-27 10:00:08,380] {logging_mixin.py:115} INFO - [2024-04-27 10:00:08,380] {dagbag.py:507} INFO - Filling up the DagBag from /home/enrico/Documentos/backup/AULA/Alura/Engenharia de dados/projeto_airflow/airflowalura/venv/lib/python3.9/site-packages/airflow/example_dags/tutorial_etl_dag.py
[2024-04-27 10:00:08,399] {processor.py:651} INFO - DAG(s) dict_keys(['tutorial_etl_dag']) retrieved from /home/enrico/Documentos/backup/AULA/Alura/Engenharia de dados/projeto_airflow/airflowalura/venv/lib/python3.9/site-packages/airflow/example_dags/tutorial_etl_dag.py
[2024-04-27 10:00:08,415] {logging_mixin.py:115} INFO - [2024-04-27 10:00:08,415] {dag.py:2379} INFO - Sync 1 DAGs
[2024-04-27 10:00:08,427] {logging_mixin.py:115} INFO - [2024-04-27 10:00:08,427] {dag.py:2927} INFO - Setting next_dagrun for tutorial_etl_dag to None, run_after=None
[2024-04-27 10:00:08,437] {processor.py:161} INFO - Processing /home/enrico/Documentos/backup/AULA/Alura/Engenharia de dados/projeto_airflow/airflowalura/venv/lib/python3.9/site-packages/airflow/example_dags/tutorial_etl_dag.py took 0.067 seconds
[2024-04-27 10:00:46,585] {processor.py:153} INFO - Started process (PID=97434) to work on /home/enrico/Documentos/backup/AULA/Alura/Engenharia de dados/projeto_airflow/airflowalura/venv/lib/python3.9/site-packages/airflow/example_dags/tutorial_etl_dag.py
[2024-04-27 10:00:46,587] {processor.py:641} INFO - Processing file /home/enrico/Documentos/backup/AULA/Alura/Engenharia de dados/projeto_airflow/airflowalura/venv/lib/python3.9/site-packages/airflow/example_dags/tutorial_etl_dag.py for tasks to queue
[2024-04-27 10:00:46,588] {logging_mixin.py:115} INFO - [2024-04-27 10:00:46,588] {dagbag.py:507} INFO - Filling up the DagBag from /home/enrico/Documentos/backup/AULA/Alura/Engenharia de dados/projeto_airflow/airflowalura/venv/lib/python3.9/site-packages/airflow/example_dags/tutorial_etl_dag.py
[2024-04-27 10:00:46,603] {processor.py:651} INFO - DAG(s) dict_keys(['tutorial_etl_dag']) retrieved from /home/enrico/Documentos/backup/AULA/Alura/Engenharia de dados/projeto_airflow/airflowalura/venv/lib/python3.9/site-packages/airflow/example_dags/tutorial_etl_dag.py
[2024-04-27 10:00:46,610] {logging_mixin.py:115} INFO - [2024-04-27 10:00:46,610] {dag.py:2379} INFO - Sync 1 DAGs
[2024-04-27 10:00:46,619] {logging_mixin.py:115} INFO - [2024-04-27 10:00:46,619] {dag.py:2927} INFO - Setting next_dagrun for tutorial_etl_dag to None, run_after=None
[2024-04-27 10:00:46,627] {processor.py:161} INFO - Processing /home/enrico/Documentos/backup/AULA/Alura/Engenharia de dados/projeto_airflow/airflowalura/venv/lib/python3.9/site-packages/airflow/example_dags/tutorial_etl_dag.py took 0.047 seconds
[2024-04-27 10:01:21,374] {processor.py:153} INFO - Started process (PID=97501) to work on /home/enrico/Documentos/backup/AULA/Alura/Engenharia de dados/projeto_airflow/airflowalura/venv/lib/python3.9/site-packages/airflow/example_dags/tutorial_etl_dag.py
[2024-04-27 10:01:21,377] {processor.py:641} INFO - Processing file /home/enrico/Documentos/backup/AULA/Alura/Engenharia de dados/projeto_airflow/airflowalura/venv/lib/python3.9/site-packages/airflow/example_dags/tutorial_etl_dag.py for tasks to queue
[2024-04-27 10:01:21,377] {logging_mixin.py:115} INFO - [2024-04-27 10:01:21,377] {dagbag.py:507} INFO - Filling up the DagBag from /home/enrico/Documentos/backup/AULA/Alura/Engenharia de dados/projeto_airflow/airflowalura/venv/lib/python3.9/site-packages/airflow/example_dags/tutorial_etl_dag.py
[2024-04-27 10:01:21,383] {processor.py:651} INFO - DAG(s) dict_keys(['tutorial_etl_dag']) retrieved from /home/enrico/Documentos/backup/AULA/Alura/Engenharia de dados/projeto_airflow/airflowalura/venv/lib/python3.9/site-packages/airflow/example_dags/tutorial_etl_dag.py
[2024-04-27 10:01:21,391] {logging_mixin.py:115} INFO - [2024-04-27 10:01:21,391] {dag.py:2379} INFO - Sync 1 DAGs
[2024-04-27 10:01:21,401] {logging_mixin.py:115} INFO - [2024-04-27 10:01:21,401] {dag.py:2927} INFO - Setting next_dagrun for tutorial_etl_dag to None, run_after=None
[2024-04-27 10:01:21,412] {processor.py:161} INFO - Processing /home/enrico/Documentos/backup/AULA/Alura/Engenharia de dados/projeto_airflow/airflowalura/venv/lib/python3.9/site-packages/airflow/example_dags/tutorial_etl_dag.py took 0.039 seconds
[2024-04-27 10:02:00,928] {processor.py:153} INFO - Started process (PID=97558) to work on /home/enrico/Documentos/backup/AULA/Alura/Engenharia de dados/projeto_airflow/airflowalura/venv/lib/python3.9/site-packages/airflow/example_dags/tutorial_etl_dag.py
[2024-04-27 10:02:00,931] {processor.py:641} INFO - Processing file /home/enrico/Documentos/backup/AULA/Alura/Engenharia de dados/projeto_airflow/airflowalura/venv/lib/python3.9/site-packages/airflow/example_dags/tutorial_etl_dag.py for tasks to queue
[2024-04-27 10:02:00,931] {logging_mixin.py:115} INFO - [2024-04-27 10:02:00,931] {dagbag.py:507} INFO - Filling up the DagBag from /home/enrico/Documentos/backup/AULA/Alura/Engenharia de dados/projeto_airflow/airflowalura/venv/lib/python3.9/site-packages/airflow/example_dags/tutorial_etl_dag.py
[2024-04-27 10:02:00,936] {processor.py:651} INFO - DAG(s) dict_keys(['tutorial_etl_dag']) retrieved from /home/enrico/Documentos/backup/AULA/Alura/Engenharia de dados/projeto_airflow/airflowalura/venv/lib/python3.9/site-packages/airflow/example_dags/tutorial_etl_dag.py
[2024-04-27 10:02:00,944] {logging_mixin.py:115} INFO - [2024-04-27 10:02:00,944] {dag.py:2379} INFO - Sync 1 DAGs
[2024-04-27 10:02:00,953] {logging_mixin.py:115} INFO - [2024-04-27 10:02:00,953] {dag.py:2927} INFO - Setting next_dagrun for tutorial_etl_dag to None, run_after=None
[2024-04-27 10:02:00,963] {processor.py:161} INFO - Processing /home/enrico/Documentos/backup/AULA/Alura/Engenharia de dados/projeto_airflow/airflowalura/venv/lib/python3.9/site-packages/airflow/example_dags/tutorial_etl_dag.py took 0.037 seconds
[2024-04-27 10:02:35,857] {processor.py:153} INFO - Started process (PID=97719) to work on /home/enrico/Documentos/backup/AULA/Alura/Engenharia de dados/projeto_airflow/airflowalura/venv/lib/python3.9/site-packages/airflow/example_dags/tutorial_etl_dag.py
[2024-04-27 10:02:35,858] {processor.py:641} INFO - Processing file /home/enrico/Documentos/backup/AULA/Alura/Engenharia de dados/projeto_airflow/airflowalura/venv/lib/python3.9/site-packages/airflow/example_dags/tutorial_etl_dag.py for tasks to queue
[2024-04-27 10:02:35,858] {logging_mixin.py:115} INFO - [2024-04-27 10:02:35,858] {dagbag.py:507} INFO - Filling up the DagBag from /home/enrico/Documentos/backup/AULA/Alura/Engenharia de dados/projeto_airflow/airflowalura/venv/lib/python3.9/site-packages/airflow/example_dags/tutorial_etl_dag.py
[2024-04-27 10:02:35,863] {processor.py:651} INFO - DAG(s) dict_keys(['tutorial_etl_dag']) retrieved from /home/enrico/Documentos/backup/AULA/Alura/Engenharia de dados/projeto_airflow/airflowalura/venv/lib/python3.9/site-packages/airflow/example_dags/tutorial_etl_dag.py
[2024-04-27 10:02:35,871] {logging_mixin.py:115} INFO - [2024-04-27 10:02:35,871] {dag.py:2379} INFO - Sync 1 DAGs
[2024-04-27 10:02:35,880] {logging_mixin.py:115} INFO - [2024-04-27 10:02:35,880] {dag.py:2927} INFO - Setting next_dagrun for tutorial_etl_dag to None, run_after=None
[2024-04-27 10:02:35,891] {processor.py:161} INFO - Processing /home/enrico/Documentos/backup/AULA/Alura/Engenharia de dados/projeto_airflow/airflowalura/venv/lib/python3.9/site-packages/airflow/example_dags/tutorial_etl_dag.py took 0.035 seconds
[2024-04-27 10:03:13,285] {processor.py:153} INFO - Started process (PID=97954) to work on /home/enrico/Documentos/backup/AULA/Alura/Engenharia de dados/projeto_airflow/airflowalura/venv/lib/python3.9/site-packages/airflow/example_dags/tutorial_etl_dag.py
[2024-04-27 10:03:13,286] {processor.py:641} INFO - Processing file /home/enrico/Documentos/backup/AULA/Alura/Engenharia de dados/projeto_airflow/airflowalura/venv/lib/python3.9/site-packages/airflow/example_dags/tutorial_etl_dag.py for tasks to queue
[2024-04-27 10:03:13,287] {logging_mixin.py:115} INFO - [2024-04-27 10:03:13,287] {dagbag.py:507} INFO - Filling up the DagBag from /home/enrico/Documentos/backup/AULA/Alura/Engenharia de dados/projeto_airflow/airflowalura/venv/lib/python3.9/site-packages/airflow/example_dags/tutorial_etl_dag.py
[2024-04-27 10:03:13,306] {processor.py:651} INFO - DAG(s) dict_keys(['tutorial_etl_dag']) retrieved from /home/enrico/Documentos/backup/AULA/Alura/Engenharia de dados/projeto_airflow/airflowalura/venv/lib/python3.9/site-packages/airflow/example_dags/tutorial_etl_dag.py
[2024-04-27 10:03:13,321] {logging_mixin.py:115} INFO - [2024-04-27 10:03:13,321] {dag.py:2379} INFO - Sync 1 DAGs
[2024-04-27 10:03:13,333] {logging_mixin.py:115} INFO - [2024-04-27 10:03:13,333] {dag.py:2927} INFO - Setting next_dagrun for tutorial_etl_dag to None, run_after=None
[2024-04-27 10:03:13,348] {processor.py:161} INFO - Processing /home/enrico/Documentos/backup/AULA/Alura/Engenharia de dados/projeto_airflow/airflowalura/venv/lib/python3.9/site-packages/airflow/example_dags/tutorial_etl_dag.py took 0.068 seconds
[2024-04-27 10:03:51,777] {processor.py:153} INFO - Started process (PID=98183) to work on /home/enrico/Documentos/backup/AULA/Alura/Engenharia de dados/projeto_airflow/airflowalura/venv/lib/python3.9/site-packages/airflow/example_dags/tutorial_etl_dag.py
[2024-04-27 10:03:51,778] {processor.py:641} INFO - Processing file /home/enrico/Documentos/backup/AULA/Alura/Engenharia de dados/projeto_airflow/airflowalura/venv/lib/python3.9/site-packages/airflow/example_dags/tutorial_etl_dag.py for tasks to queue
[2024-04-27 10:03:51,778] {logging_mixin.py:115} INFO - [2024-04-27 10:03:51,778] {dagbag.py:507} INFO - Filling up the DagBag from /home/enrico/Documentos/backup/AULA/Alura/Engenharia de dados/projeto_airflow/airflowalura/venv/lib/python3.9/site-packages/airflow/example_dags/tutorial_etl_dag.py
[2024-04-27 10:03:51,783] {processor.py:651} INFO - DAG(s) dict_keys(['tutorial_etl_dag']) retrieved from /home/enrico/Documentos/backup/AULA/Alura/Engenharia de dados/projeto_airflow/airflowalura/venv/lib/python3.9/site-packages/airflow/example_dags/tutorial_etl_dag.py
[2024-04-27 10:03:51,790] {logging_mixin.py:115} INFO - [2024-04-27 10:03:51,790] {dag.py:2379} INFO - Sync 1 DAGs
[2024-04-27 10:03:51,799] {logging_mixin.py:115} INFO - [2024-04-27 10:03:51,799] {dag.py:2927} INFO - Setting next_dagrun for tutorial_etl_dag to None, run_after=None
[2024-04-27 10:03:51,807] {processor.py:161} INFO - Processing /home/enrico/Documentos/backup/AULA/Alura/Engenharia de dados/projeto_airflow/airflowalura/venv/lib/python3.9/site-packages/airflow/example_dags/tutorial_etl_dag.py took 0.032 seconds
[2024-04-27 10:04:27,448] {processor.py:153} INFO - Started process (PID=98394) to work on /home/enrico/Documentos/backup/AULA/Alura/Engenharia de dados/projeto_airflow/airflowalura/venv/lib/python3.9/site-packages/airflow/example_dags/tutorial_etl_dag.py
[2024-04-27 10:04:27,451] {processor.py:641} INFO - Processing file /home/enrico/Documentos/backup/AULA/Alura/Engenharia de dados/projeto_airflow/airflowalura/venv/lib/python3.9/site-packages/airflow/example_dags/tutorial_etl_dag.py for tasks to queue
[2024-04-27 10:04:27,452] {logging_mixin.py:115} INFO - [2024-04-27 10:04:27,452] {dagbag.py:507} INFO - Filling up the DagBag from /home/enrico/Documentos/backup/AULA/Alura/Engenharia de dados/projeto_airflow/airflowalura/venv/lib/python3.9/site-packages/airflow/example_dags/tutorial_etl_dag.py
[2024-04-27 10:04:27,472] {processor.py:651} INFO - DAG(s) dict_keys(['tutorial_etl_dag']) retrieved from /home/enrico/Documentos/backup/AULA/Alura/Engenharia de dados/projeto_airflow/airflowalura/venv/lib/python3.9/site-packages/airflow/example_dags/tutorial_etl_dag.py
[2024-04-27 10:04:27,486] {logging_mixin.py:115} INFO - [2024-04-27 10:04:27,486] {dag.py:2379} INFO - Sync 1 DAGs
[2024-04-27 10:04:27,498] {logging_mixin.py:115} INFO - [2024-04-27 10:04:27,498] {dag.py:2927} INFO - Setting next_dagrun for tutorial_etl_dag to None, run_after=None
[2024-04-27 10:04:27,509] {processor.py:161} INFO - Processing /home/enrico/Documentos/backup/AULA/Alura/Engenharia de dados/projeto_airflow/airflowalura/venv/lib/python3.9/site-packages/airflow/example_dags/tutorial_etl_dag.py took 0.067 seconds
