[2024-04-27 09:50:14,847] {processor.py:153} INFO - Started process (PID=95925) to work on /home/enrico/Documentos/backup/AULA/Alura/Engenharia de dados/projeto_airflow/airflowalura/venv/lib/python3.9/site-packages/airflow/example_dags/tutorial.py
[2024-04-27 09:50:14,847] {processor.py:641} INFO - Processing file /home/enrico/Documentos/backup/AULA/Alura/Engenharia de dados/projeto_airflow/airflowalura/venv/lib/python3.9/site-packages/airflow/example_dags/tutorial.py for tasks to queue
[2024-04-27 09:50:14,848] {logging_mixin.py:115} INFO - [2024-04-27 09:50:14,848] {dagbag.py:507} INFO - Filling up the DagBag from /home/enrico/Documentos/backup/AULA/Alura/Engenharia de dados/projeto_airflow/airflowalura/venv/lib/python3.9/site-packages/airflow/example_dags/tutorial.py
[2024-04-27 09:50:14,851] {processor.py:651} INFO - DAG(s) dict_keys(['tutorial']) retrieved from /home/enrico/Documentos/backup/AULA/Alura/Engenharia de dados/projeto_airflow/airflowalura/venv/lib/python3.9/site-packages/airflow/example_dags/tutorial.py
[2024-04-27 09:50:14,861] {logging_mixin.py:115} INFO - [2024-04-27 09:50:14,861] {dag.py:2379} INFO - Sync 1 DAGs
[2024-04-27 09:50:14,872] {logging_mixin.py:115} INFO - [2024-04-27 09:50:14,872] {dag.py:2927} INFO - Setting next_dagrun for tutorial to 2024-04-26T12:50:14.872099+00:00, run_after=2024-04-27T12:50:14.872099+00:00
[2024-04-27 09:50:14,881] {processor.py:161} INFO - Processing /home/enrico/Documentos/backup/AULA/Alura/Engenharia de dados/projeto_airflow/airflowalura/venv/lib/python3.9/site-packages/airflow/example_dags/tutorial.py took 0.036 seconds
[2024-04-27 09:50:50,191] {processor.py:153} INFO - Started process (PID=96078) to work on /home/enrico/Documentos/backup/AULA/Alura/Engenharia de dados/projeto_airflow/airflowalura/venv/lib/python3.9/site-packages/airflow/example_dags/tutorial.py
[2024-04-27 09:50:50,192] {processor.py:641} INFO - Processing file /home/enrico/Documentos/backup/AULA/Alura/Engenharia de dados/projeto_airflow/airflowalura/venv/lib/python3.9/site-packages/airflow/example_dags/tutorial.py for tasks to queue
[2024-04-27 09:50:50,192] {logging_mixin.py:115} INFO - [2024-04-27 09:50:50,192] {dagbag.py:507} INFO - Filling up the DagBag from /home/enrico/Documentos/backup/AULA/Alura/Engenharia de dados/projeto_airflow/airflowalura/venv/lib/python3.9/site-packages/airflow/example_dags/tutorial.py
[2024-04-27 09:50:50,195] {processor.py:651} INFO - DAG(s) dict_keys(['tutorial']) retrieved from /home/enrico/Documentos/backup/AULA/Alura/Engenharia de dados/projeto_airflow/airflowalura/venv/lib/python3.9/site-packages/airflow/example_dags/tutorial.py
[2024-04-27 09:50:50,209] {logging_mixin.py:115} INFO - [2024-04-27 09:50:50,209] {dag.py:2379} INFO - Sync 1 DAGs
[2024-04-27 09:50:50,225] {logging_mixin.py:115} INFO - [2024-04-27 09:50:50,225] {dag.py:2927} INFO - Setting next_dagrun for tutorial to 2024-04-26T12:50:50.225396+00:00, run_after=2024-04-27T12:50:50.225396+00:00
[2024-04-27 09:50:50,236] {processor.py:161} INFO - Processing /home/enrico/Documentos/backup/AULA/Alura/Engenharia de dados/projeto_airflow/airflowalura/venv/lib/python3.9/site-packages/airflow/example_dags/tutorial.py took 0.046 seconds
[2024-04-27 09:51:25,253] {processor.py:153} INFO - Started process (PID=96316) to work on /home/enrico/Documentos/backup/AULA/Alura/Engenharia de dados/projeto_airflow/airflowalura/venv/lib/python3.9/site-packages/airflow/example_dags/tutorial.py
[2024-04-27 09:51:25,256] {processor.py:641} INFO - Processing file /home/enrico/Documentos/backup/AULA/Alura/Engenharia de dados/projeto_airflow/airflowalura/venv/lib/python3.9/site-packages/airflow/example_dags/tutorial.py for tasks to queue
[2024-04-27 09:51:25,258] {logging_mixin.py:115} INFO - [2024-04-27 09:51:25,257] {dagbag.py:507} INFO - Filling up the DagBag from /home/enrico/Documentos/backup/AULA/Alura/Engenharia de dados/projeto_airflow/airflowalura/venv/lib/python3.9/site-packages/airflow/example_dags/tutorial.py
[2024-04-27 09:51:25,270] {processor.py:651} INFO - DAG(s) dict_keys(['tutorial']) retrieved from /home/enrico/Documentos/backup/AULA/Alura/Engenharia de dados/projeto_airflow/airflowalura/venv/lib/python3.9/site-packages/airflow/example_dags/tutorial.py
[2024-04-27 09:51:25,292] {logging_mixin.py:115} INFO - [2024-04-27 09:51:25,292] {dag.py:2379} INFO - Sync 1 DAGs
[2024-04-27 09:51:25,301] {logging_mixin.py:115} INFO - [2024-04-27 09:51:25,301] {dag.py:2927} INFO - Setting next_dagrun for tutorial to 2024-04-26T12:51:25.300941+00:00, run_after=2024-04-27T12:51:25.300941+00:00
[2024-04-27 09:51:25,311] {processor.py:161} INFO - Processing /home/enrico/Documentos/backup/AULA/Alura/Engenharia de dados/projeto_airflow/airflowalura/venv/lib/python3.9/site-packages/airflow/example_dags/tutorial.py took 0.064 seconds
[2024-04-27 09:52:01,398] {processor.py:153} INFO - Started process (PID=96418) to work on /home/enrico/Documentos/backup/AULA/Alura/Engenharia de dados/projeto_airflow/airflowalura/venv/lib/python3.9/site-packages/airflow/example_dags/tutorial.py
[2024-04-27 09:52:01,401] {processor.py:641} INFO - Processing file /home/enrico/Documentos/backup/AULA/Alura/Engenharia de dados/projeto_airflow/airflowalura/venv/lib/python3.9/site-packages/airflow/example_dags/tutorial.py for tasks to queue
[2024-04-27 09:52:01,401] {logging_mixin.py:115} INFO - [2024-04-27 09:52:01,401] {dagbag.py:507} INFO - Filling up the DagBag from /home/enrico/Documentos/backup/AULA/Alura/Engenharia de dados/projeto_airflow/airflowalura/venv/lib/python3.9/site-packages/airflow/example_dags/tutorial.py
[2024-04-27 09:52:01,404] {processor.py:651} INFO - DAG(s) dict_keys(['tutorial']) retrieved from /home/enrico/Documentos/backup/AULA/Alura/Engenharia de dados/projeto_airflow/airflowalura/venv/lib/python3.9/site-packages/airflow/example_dags/tutorial.py
[2024-04-27 09:52:01,413] {logging_mixin.py:115} INFO - [2024-04-27 09:52:01,413] {dag.py:2379} INFO - Sync 1 DAGs
[2024-04-27 09:52:01,423] {logging_mixin.py:115} INFO - [2024-04-27 09:52:01,423] {dag.py:2927} INFO - Setting next_dagrun for tutorial to 2024-04-26T12:52:01.423692+00:00, run_after=2024-04-27T12:52:01.423692+00:00
[2024-04-27 09:52:01,434] {processor.py:161} INFO - Processing /home/enrico/Documentos/backup/AULA/Alura/Engenharia de dados/projeto_airflow/airflowalura/venv/lib/python3.9/site-packages/airflow/example_dags/tutorial.py took 0.037 seconds
[2024-04-27 09:52:39,766] {processor.py:153} INFO - Started process (PID=96588) to work on /home/enrico/Documentos/backup/AULA/Alura/Engenharia de dados/projeto_airflow/airflowalura/venv/lib/python3.9/site-packages/airflow/example_dags/tutorial.py
[2024-04-27 09:52:39,767] {processor.py:641} INFO - Processing file /home/enrico/Documentos/backup/AULA/Alura/Engenharia de dados/projeto_airflow/airflowalura/venv/lib/python3.9/site-packages/airflow/example_dags/tutorial.py for tasks to queue
[2024-04-27 09:52:39,767] {logging_mixin.py:115} INFO - [2024-04-27 09:52:39,767] {dagbag.py:507} INFO - Filling up the DagBag from /home/enrico/Documentos/backup/AULA/Alura/Engenharia de dados/projeto_airflow/airflowalura/venv/lib/python3.9/site-packages/airflow/example_dags/tutorial.py
[2024-04-27 09:52:39,770] {processor.py:651} INFO - DAG(s) dict_keys(['tutorial']) retrieved from /home/enrico/Documentos/backup/AULA/Alura/Engenharia de dados/projeto_airflow/airflowalura/venv/lib/python3.9/site-packages/airflow/example_dags/tutorial.py
[2024-04-27 09:52:39,780] {logging_mixin.py:115} INFO - [2024-04-27 09:52:39,780] {dag.py:2379} INFO - Sync 1 DAGs
[2024-04-27 09:52:39,790] {logging_mixin.py:115} INFO - [2024-04-27 09:52:39,790] {dag.py:2927} INFO - Setting next_dagrun for tutorial to 2024-04-26T12:52:39.790055+00:00, run_after=2024-04-27T12:52:39.790055+00:00
[2024-04-27 09:52:39,799] {processor.py:161} INFO - Processing /home/enrico/Documentos/backup/AULA/Alura/Engenharia de dados/projeto_airflow/airflowalura/venv/lib/python3.9/site-packages/airflow/example_dags/tutorial.py took 0.034 seconds
[2024-04-27 09:53:16,010] {processor.py:153} INFO - Started process (PID=96638) to work on /home/enrico/Documentos/backup/AULA/Alura/Engenharia de dados/projeto_airflow/airflowalura/venv/lib/python3.9/site-packages/airflow/example_dags/tutorial.py
[2024-04-27 09:53:16,013] {processor.py:641} INFO - Processing file /home/enrico/Documentos/backup/AULA/Alura/Engenharia de dados/projeto_airflow/airflowalura/venv/lib/python3.9/site-packages/airflow/example_dags/tutorial.py for tasks to queue
[2024-04-27 09:53:16,015] {logging_mixin.py:115} INFO - [2024-04-27 09:53:16,014] {dagbag.py:507} INFO - Filling up the DagBag from /home/enrico/Documentos/backup/AULA/Alura/Engenharia de dados/projeto_airflow/airflowalura/venv/lib/python3.9/site-packages/airflow/example_dags/tutorial.py
[2024-04-27 09:53:16,026] {processor.py:651} INFO - DAG(s) dict_keys(['tutorial']) retrieved from /home/enrico/Documentos/backup/AULA/Alura/Engenharia de dados/projeto_airflow/airflowalura/venv/lib/python3.9/site-packages/airflow/example_dags/tutorial.py
[2024-04-27 09:53:16,050] {logging_mixin.py:115} INFO - [2024-04-27 09:53:16,050] {dag.py:2379} INFO - Sync 1 DAGs
[2024-04-27 09:53:16,063] {logging_mixin.py:115} INFO - [2024-04-27 09:53:16,063] {dag.py:2927} INFO - Setting next_dagrun for tutorial to 2024-04-26T12:53:16.063048+00:00, run_after=2024-04-27T12:53:16.063048+00:00
[2024-04-27 09:53:16,073] {processor.py:161} INFO - Processing /home/enrico/Documentos/backup/AULA/Alura/Engenharia de dados/projeto_airflow/airflowalura/venv/lib/python3.9/site-packages/airflow/example_dags/tutorial.py took 0.069 seconds
[2024-04-27 09:53:51,983] {processor.py:153} INFO - Started process (PID=96689) to work on /home/enrico/Documentos/backup/AULA/Alura/Engenharia de dados/projeto_airflow/airflowalura/venv/lib/python3.9/site-packages/airflow/example_dags/tutorial.py
[2024-04-27 09:53:51,987] {processor.py:641} INFO - Processing file /home/enrico/Documentos/backup/AULA/Alura/Engenharia de dados/projeto_airflow/airflowalura/venv/lib/python3.9/site-packages/airflow/example_dags/tutorial.py for tasks to queue
[2024-04-27 09:53:51,988] {logging_mixin.py:115} INFO - [2024-04-27 09:53:51,988] {dagbag.py:507} INFO - Filling up the DagBag from /home/enrico/Documentos/backup/AULA/Alura/Engenharia de dados/projeto_airflow/airflowalura/venv/lib/python3.9/site-packages/airflow/example_dags/tutorial.py
[2024-04-27 09:53:51,999] {processor.py:651} INFO - DAG(s) dict_keys(['tutorial']) retrieved from /home/enrico/Documentos/backup/AULA/Alura/Engenharia de dados/projeto_airflow/airflowalura/venv/lib/python3.9/site-packages/airflow/example_dags/tutorial.py
[2024-04-27 09:53:52,020] {logging_mixin.py:115} INFO - [2024-04-27 09:53:52,020] {dag.py:2379} INFO - Sync 1 DAGs
[2024-04-27 09:53:52,032] {logging_mixin.py:115} INFO - [2024-04-27 09:53:52,032] {dag.py:2927} INFO - Setting next_dagrun for tutorial to 2024-04-26T12:53:52.032183+00:00, run_after=2024-04-27T12:53:52.032183+00:00
[2024-04-27 09:53:52,042] {processor.py:161} INFO - Processing /home/enrico/Documentos/backup/AULA/Alura/Engenharia de dados/projeto_airflow/airflowalura/venv/lib/python3.9/site-packages/airflow/example_dags/tutorial.py took 0.064 seconds
[2024-04-27 09:54:27,954] {processor.py:153} INFO - Started process (PID=96739) to work on /home/enrico/Documentos/backup/AULA/Alura/Engenharia de dados/projeto_airflow/airflowalura/venv/lib/python3.9/site-packages/airflow/example_dags/tutorial.py
[2024-04-27 09:54:27,958] {processor.py:641} INFO - Processing file /home/enrico/Documentos/backup/AULA/Alura/Engenharia de dados/projeto_airflow/airflowalura/venv/lib/python3.9/site-packages/airflow/example_dags/tutorial.py for tasks to queue
[2024-04-27 09:54:27,959] {logging_mixin.py:115} INFO - [2024-04-27 09:54:27,959] {dagbag.py:507} INFO - Filling up the DagBag from /home/enrico/Documentos/backup/AULA/Alura/Engenharia de dados/projeto_airflow/airflowalura/venv/lib/python3.9/site-packages/airflow/example_dags/tutorial.py
[2024-04-27 09:54:27,970] {processor.py:651} INFO - DAG(s) dict_keys(['tutorial']) retrieved from /home/enrico/Documentos/backup/AULA/Alura/Engenharia de dados/projeto_airflow/airflowalura/venv/lib/python3.9/site-packages/airflow/example_dags/tutorial.py
[2024-04-27 09:54:27,992] {logging_mixin.py:115} INFO - [2024-04-27 09:54:27,992] {dag.py:2379} INFO - Sync 1 DAGs
[2024-04-27 09:54:28,006] {logging_mixin.py:115} INFO - [2024-04-27 09:54:28,006] {dag.py:2927} INFO - Setting next_dagrun for tutorial to 2024-04-26T12:54:28.005997+00:00, run_after=2024-04-27T12:54:28.005997+00:00
[2024-04-27 09:54:28,017] {processor.py:161} INFO - Processing /home/enrico/Documentos/backup/AULA/Alura/Engenharia de dados/projeto_airflow/airflowalura/venv/lib/python3.9/site-packages/airflow/example_dags/tutorial.py took 0.068 seconds
[2024-04-27 09:55:05,624] {processor.py:153} INFO - Started process (PID=96810) to work on /home/enrico/Documentos/backup/AULA/Alura/Engenharia de dados/projeto_airflow/airflowalura/venv/lib/python3.9/site-packages/airflow/example_dags/tutorial.py
[2024-04-27 09:55:05,628] {processor.py:641} INFO - Processing file /home/enrico/Documentos/backup/AULA/Alura/Engenharia de dados/projeto_airflow/airflowalura/venv/lib/python3.9/site-packages/airflow/example_dags/tutorial.py for tasks to queue
[2024-04-27 09:55:05,629] {logging_mixin.py:115} INFO - [2024-04-27 09:55:05,628] {dagbag.py:507} INFO - Filling up the DagBag from /home/enrico/Documentos/backup/AULA/Alura/Engenharia de dados/projeto_airflow/airflowalura/venv/lib/python3.9/site-packages/airflow/example_dags/tutorial.py
[2024-04-27 09:55:05,640] {processor.py:651} INFO - DAG(s) dict_keys(['tutorial']) retrieved from /home/enrico/Documentos/backup/AULA/Alura/Engenharia de dados/projeto_airflow/airflowalura/venv/lib/python3.9/site-packages/airflow/example_dags/tutorial.py
[2024-04-27 09:55:05,662] {logging_mixin.py:115} INFO - [2024-04-27 09:55:05,662] {dag.py:2379} INFO - Sync 1 DAGs
[2024-04-27 09:55:05,675] {logging_mixin.py:115} INFO - [2024-04-27 09:55:05,674] {dag.py:2927} INFO - Setting next_dagrun for tutorial to 2024-04-26T12:55:05.674810+00:00, run_after=2024-04-27T12:55:05.674810+00:00
[2024-04-27 09:55:05,685] {processor.py:161} INFO - Processing /home/enrico/Documentos/backup/AULA/Alura/Engenharia de dados/projeto_airflow/airflowalura/venv/lib/python3.9/site-packages/airflow/example_dags/tutorial.py took 0.066 seconds
[2024-04-27 09:55:44,981] {processor.py:153} INFO - Started process (PID=96870) to work on /home/enrico/Documentos/backup/AULA/Alura/Engenharia de dados/projeto_airflow/airflowalura/venv/lib/python3.9/site-packages/airflow/example_dags/tutorial.py
[2024-04-27 09:55:44,985] {processor.py:641} INFO - Processing file /home/enrico/Documentos/backup/AULA/Alura/Engenharia de dados/projeto_airflow/airflowalura/venv/lib/python3.9/site-packages/airflow/example_dags/tutorial.py for tasks to queue
[2024-04-27 09:55:44,986] {logging_mixin.py:115} INFO - [2024-04-27 09:55:44,986] {dagbag.py:507} INFO - Filling up the DagBag from /home/enrico/Documentos/backup/AULA/Alura/Engenharia de dados/projeto_airflow/airflowalura/venv/lib/python3.9/site-packages/airflow/example_dags/tutorial.py
[2024-04-27 09:55:44,997] {processor.py:651} INFO - DAG(s) dict_keys(['tutorial']) retrieved from /home/enrico/Documentos/backup/AULA/Alura/Engenharia de dados/projeto_airflow/airflowalura/venv/lib/python3.9/site-packages/airflow/example_dags/tutorial.py
[2024-04-27 09:55:45,019] {logging_mixin.py:115} INFO - [2024-04-27 09:55:45,019] {dag.py:2379} INFO - Sync 1 DAGs
[2024-04-27 09:55:45,032] {logging_mixin.py:115} INFO - [2024-04-27 09:55:45,032] {dag.py:2927} INFO - Setting next_dagrun for tutorial to 2024-04-26T12:55:45.031919+00:00, run_after=2024-04-27T12:55:45.031919+00:00
[2024-04-27 09:55:45,042] {processor.py:161} INFO - Processing /home/enrico/Documentos/backup/AULA/Alura/Engenharia de dados/projeto_airflow/airflowalura/venv/lib/python3.9/site-packages/airflow/example_dags/tutorial.py took 0.066 seconds
[2024-04-27 09:56:21,969] {processor.py:153} INFO - Started process (PID=96950) to work on /home/enrico/Documentos/backup/AULA/Alura/Engenharia de dados/projeto_airflow/airflowalura/venv/lib/python3.9/site-packages/airflow/example_dags/tutorial.py
[2024-04-27 09:56:21,970] {processor.py:641} INFO - Processing file /home/enrico/Documentos/backup/AULA/Alura/Engenharia de dados/projeto_airflow/airflowalura/venv/lib/python3.9/site-packages/airflow/example_dags/tutorial.py for tasks to queue
[2024-04-27 09:56:21,970] {logging_mixin.py:115} INFO - [2024-04-27 09:56:21,970] {dagbag.py:507} INFO - Filling up the DagBag from /home/enrico/Documentos/backup/AULA/Alura/Engenharia de dados/projeto_airflow/airflowalura/venv/lib/python3.9/site-packages/airflow/example_dags/tutorial.py
[2024-04-27 09:56:21,973] {processor.py:651} INFO - DAG(s) dict_keys(['tutorial']) retrieved from /home/enrico/Documentos/backup/AULA/Alura/Engenharia de dados/projeto_airflow/airflowalura/venv/lib/python3.9/site-packages/airflow/example_dags/tutorial.py
[2024-04-27 09:56:21,983] {logging_mixin.py:115} INFO - [2024-04-27 09:56:21,983] {dag.py:2379} INFO - Sync 1 DAGs
[2024-04-27 09:56:21,993] {logging_mixin.py:115} INFO - [2024-04-27 09:56:21,993] {dag.py:2927} INFO - Setting next_dagrun for tutorial to 2024-04-26T12:56:21.993417+00:00, run_after=2024-04-27T12:56:21.993417+00:00
[2024-04-27 09:56:22,002] {processor.py:161} INFO - Processing /home/enrico/Documentos/backup/AULA/Alura/Engenharia de dados/projeto_airflow/airflowalura/venv/lib/python3.9/site-packages/airflow/example_dags/tutorial.py took 0.034 seconds
[2024-04-27 09:56:57,294] {processor.py:153} INFO - Started process (PID=96999) to work on /home/enrico/Documentos/backup/AULA/Alura/Engenharia de dados/projeto_airflow/airflowalura/venv/lib/python3.9/site-packages/airflow/example_dags/tutorial.py
[2024-04-27 09:56:57,294] {processor.py:641} INFO - Processing file /home/enrico/Documentos/backup/AULA/Alura/Engenharia de dados/projeto_airflow/airflowalura/venv/lib/python3.9/site-packages/airflow/example_dags/tutorial.py for tasks to queue
[2024-04-27 09:56:57,295] {logging_mixin.py:115} INFO - [2024-04-27 09:56:57,294] {dagbag.py:507} INFO - Filling up the DagBag from /home/enrico/Documentos/backup/AULA/Alura/Engenharia de dados/projeto_airflow/airflowalura/venv/lib/python3.9/site-packages/airflow/example_dags/tutorial.py
[2024-04-27 09:56:57,297] {processor.py:651} INFO - DAG(s) dict_keys(['tutorial']) retrieved from /home/enrico/Documentos/backup/AULA/Alura/Engenharia de dados/projeto_airflow/airflowalura/venv/lib/python3.9/site-packages/airflow/example_dags/tutorial.py
[2024-04-27 09:56:57,307] {logging_mixin.py:115} INFO - [2024-04-27 09:56:57,307] {dag.py:2379} INFO - Sync 1 DAGs
[2024-04-27 09:56:57,317] {logging_mixin.py:115} INFO - [2024-04-27 09:56:57,317] {dag.py:2927} INFO - Setting next_dagrun for tutorial to 2024-04-26T12:56:57.316915+00:00, run_after=2024-04-27T12:56:57.316915+00:00
[2024-04-27 09:56:57,332] {processor.py:161} INFO - Processing /home/enrico/Documentos/backup/AULA/Alura/Engenharia de dados/projeto_airflow/airflowalura/venv/lib/python3.9/site-packages/airflow/example_dags/tutorial.py took 0.040 seconds
[2024-04-27 09:57:32,904] {processor.py:153} INFO - Started process (PID=97120) to work on /home/enrico/Documentos/backup/AULA/Alura/Engenharia de dados/projeto_airflow/airflowalura/venv/lib/python3.9/site-packages/airflow/example_dags/tutorial.py
[2024-04-27 09:57:32,905] {processor.py:641} INFO - Processing file /home/enrico/Documentos/backup/AULA/Alura/Engenharia de dados/projeto_airflow/airflowalura/venv/lib/python3.9/site-packages/airflow/example_dags/tutorial.py for tasks to queue
[2024-04-27 09:57:32,905] {logging_mixin.py:115} INFO - [2024-04-27 09:57:32,905] {dagbag.py:507} INFO - Filling up the DagBag from /home/enrico/Documentos/backup/AULA/Alura/Engenharia de dados/projeto_airflow/airflowalura/venv/lib/python3.9/site-packages/airflow/example_dags/tutorial.py
[2024-04-27 09:57:32,908] {processor.py:651} INFO - DAG(s) dict_keys(['tutorial']) retrieved from /home/enrico/Documentos/backup/AULA/Alura/Engenharia de dados/projeto_airflow/airflowalura/venv/lib/python3.9/site-packages/airflow/example_dags/tutorial.py
[2024-04-27 09:57:32,917] {logging_mixin.py:115} INFO - [2024-04-27 09:57:32,917] {dag.py:2379} INFO - Sync 1 DAGs
[2024-04-27 09:57:32,927] {logging_mixin.py:115} INFO - [2024-04-27 09:57:32,927] {dag.py:2927} INFO - Setting next_dagrun for tutorial to 2024-04-26T12:57:32.926921+00:00, run_after=2024-04-27T12:57:32.926921+00:00
[2024-04-27 09:57:32,935] {processor.py:161} INFO - Processing /home/enrico/Documentos/backup/AULA/Alura/Engenharia de dados/projeto_airflow/airflowalura/venv/lib/python3.9/site-packages/airflow/example_dags/tutorial.py took 0.032 seconds
[2024-04-27 09:58:11,162] {processor.py:153} INFO - Started process (PID=97175) to work on /home/enrico/Documentos/backup/AULA/Alura/Engenharia de dados/projeto_airflow/airflowalura/venv/lib/python3.9/site-packages/airflow/example_dags/tutorial.py
[2024-04-27 09:58:11,162] {processor.py:641} INFO - Processing file /home/enrico/Documentos/backup/AULA/Alura/Engenharia de dados/projeto_airflow/airflowalura/venv/lib/python3.9/site-packages/airflow/example_dags/tutorial.py for tasks to queue
[2024-04-27 09:58:11,163] {logging_mixin.py:115} INFO - [2024-04-27 09:58:11,163] {dagbag.py:507} INFO - Filling up the DagBag from /home/enrico/Documentos/backup/AULA/Alura/Engenharia de dados/projeto_airflow/airflowalura/venv/lib/python3.9/site-packages/airflow/example_dags/tutorial.py
[2024-04-27 09:58:11,165] {processor.py:651} INFO - DAG(s) dict_keys(['tutorial']) retrieved from /home/enrico/Documentos/backup/AULA/Alura/Engenharia de dados/projeto_airflow/airflowalura/venv/lib/python3.9/site-packages/airflow/example_dags/tutorial.py
[2024-04-27 09:58:11,174] {logging_mixin.py:115} INFO - [2024-04-27 09:58:11,174] {dag.py:2379} INFO - Sync 1 DAGs
[2024-04-27 09:58:11,184] {logging_mixin.py:115} INFO - [2024-04-27 09:58:11,184] {dag.py:2927} INFO - Setting next_dagrun for tutorial to 2024-04-26T12:58:11.184130+00:00, run_after=2024-04-27T12:58:11.184130+00:00
[2024-04-27 09:58:11,193] {processor.py:161} INFO - Processing /home/enrico/Documentos/backup/AULA/Alura/Engenharia de dados/projeto_airflow/airflowalura/venv/lib/python3.9/site-packages/airflow/example_dags/tutorial.py took 0.032 seconds
[2024-04-27 09:58:49,491] {processor.py:153} INFO - Started process (PID=97245) to work on /home/enrico/Documentos/backup/AULA/Alura/Engenharia de dados/projeto_airflow/airflowalura/venv/lib/python3.9/site-packages/airflow/example_dags/tutorial.py
[2024-04-27 09:58:49,494] {processor.py:641} INFO - Processing file /home/enrico/Documentos/backup/AULA/Alura/Engenharia de dados/projeto_airflow/airflowalura/venv/lib/python3.9/site-packages/airflow/example_dags/tutorial.py for tasks to queue
[2024-04-27 09:58:49,495] {logging_mixin.py:115} INFO - [2024-04-27 09:58:49,495] {dagbag.py:507} INFO - Filling up the DagBag from /home/enrico/Documentos/backup/AULA/Alura/Engenharia de dados/projeto_airflow/airflowalura/venv/lib/python3.9/site-packages/airflow/example_dags/tutorial.py
[2024-04-27 09:58:49,506] {processor.py:651} INFO - DAG(s) dict_keys(['tutorial']) retrieved from /home/enrico/Documentos/backup/AULA/Alura/Engenharia de dados/projeto_airflow/airflowalura/venv/lib/python3.9/site-packages/airflow/example_dags/tutorial.py
[2024-04-27 09:58:49,529] {logging_mixin.py:115} INFO - [2024-04-27 09:58:49,528] {dag.py:2379} INFO - Sync 1 DAGs
[2024-04-27 09:58:49,541] {logging_mixin.py:115} INFO - [2024-04-27 09:58:49,541] {dag.py:2927} INFO - Setting next_dagrun for tutorial to 2024-04-26T12:58:49.541348+00:00, run_after=2024-04-27T12:58:49.541348+00:00
[2024-04-27 09:58:49,551] {processor.py:161} INFO - Processing /home/enrico/Documentos/backup/AULA/Alura/Engenharia de dados/projeto_airflow/airflowalura/venv/lib/python3.9/site-packages/airflow/example_dags/tutorial.py took 0.067 seconds
[2024-04-27 09:59:27,108] {processor.py:153} INFO - Started process (PID=97312) to work on /home/enrico/Documentos/backup/AULA/Alura/Engenharia de dados/projeto_airflow/airflowalura/venv/lib/python3.9/site-packages/airflow/example_dags/tutorial.py
[2024-04-27 09:59:27,111] {processor.py:641} INFO - Processing file /home/enrico/Documentos/backup/AULA/Alura/Engenharia de dados/projeto_airflow/airflowalura/venv/lib/python3.9/site-packages/airflow/example_dags/tutorial.py for tasks to queue
[2024-04-27 09:59:27,112] {logging_mixin.py:115} INFO - [2024-04-27 09:59:27,112] {dagbag.py:507} INFO - Filling up the DagBag from /home/enrico/Documentos/backup/AULA/Alura/Engenharia de dados/projeto_airflow/airflowalura/venv/lib/python3.9/site-packages/airflow/example_dags/tutorial.py
[2024-04-27 09:59:27,123] {processor.py:651} INFO - DAG(s) dict_keys(['tutorial']) retrieved from /home/enrico/Documentos/backup/AULA/Alura/Engenharia de dados/projeto_airflow/airflowalura/venv/lib/python3.9/site-packages/airflow/example_dags/tutorial.py
[2024-04-27 09:59:27,146] {logging_mixin.py:115} INFO - [2024-04-27 09:59:27,146] {dag.py:2379} INFO - Sync 1 DAGs
[2024-04-27 09:59:27,158] {logging_mixin.py:115} INFO - [2024-04-27 09:59:27,158] {dag.py:2927} INFO - Setting next_dagrun for tutorial to 2024-04-26T12:59:27.158425+00:00, run_after=2024-04-27T12:59:27.158425+00:00
[2024-04-27 09:59:27,169] {processor.py:161} INFO - Processing /home/enrico/Documentos/backup/AULA/Alura/Engenharia de dados/projeto_airflow/airflowalura/venv/lib/python3.9/site-packages/airflow/example_dags/tutorial.py took 0.066 seconds
[2024-04-27 10:00:02,340] {processor.py:153} INFO - Started process (PID=97360) to work on /home/enrico/Documentos/backup/AULA/Alura/Engenharia de dados/projeto_airflow/airflowalura/venv/lib/python3.9/site-packages/airflow/example_dags/tutorial.py
[2024-04-27 10:00:02,344] {processor.py:641} INFO - Processing file /home/enrico/Documentos/backup/AULA/Alura/Engenharia de dados/projeto_airflow/airflowalura/venv/lib/python3.9/site-packages/airflow/example_dags/tutorial.py for tasks to queue
[2024-04-27 10:00:02,345] {logging_mixin.py:115} INFO - [2024-04-27 10:00:02,345] {dagbag.py:507} INFO - Filling up the DagBag from /home/enrico/Documentos/backup/AULA/Alura/Engenharia de dados/projeto_airflow/airflowalura/venv/lib/python3.9/site-packages/airflow/example_dags/tutorial.py
[2024-04-27 10:00:02,361] {processor.py:651} INFO - DAG(s) dict_keys(['tutorial']) retrieved from /home/enrico/Documentos/backup/AULA/Alura/Engenharia de dados/projeto_airflow/airflowalura/venv/lib/python3.9/site-packages/airflow/example_dags/tutorial.py
[2024-04-27 10:00:02,377] {logging_mixin.py:115} INFO - [2024-04-27 10:00:02,377] {dag.py:2379} INFO - Sync 1 DAGs
[2024-04-27 10:00:02,389] {logging_mixin.py:115} INFO - [2024-04-27 10:00:02,389] {dag.py:2927} INFO - Setting next_dagrun for tutorial to 2024-04-26T13:00:02.388956+00:00, run_after=2024-04-27T13:00:02.388956+00:00
[2024-04-27 10:00:02,400] {processor.py:161} INFO - Processing /home/enrico/Documentos/backup/AULA/Alura/Engenharia de dados/projeto_airflow/airflowalura/venv/lib/python3.9/site-packages/airflow/example_dags/tutorial.py took 0.066 seconds
[2024-04-27 10:00:37,511] {processor.py:153} INFO - Started process (PID=97415) to work on /home/enrico/Documentos/backup/AULA/Alura/Engenharia de dados/projeto_airflow/airflowalura/venv/lib/python3.9/site-packages/airflow/example_dags/tutorial.py
[2024-04-27 10:00:37,514] {processor.py:641} INFO - Processing file /home/enrico/Documentos/backup/AULA/Alura/Engenharia de dados/projeto_airflow/airflowalura/venv/lib/python3.9/site-packages/airflow/example_dags/tutorial.py for tasks to queue
[2024-04-27 10:00:37,515] {logging_mixin.py:115} INFO - [2024-04-27 10:00:37,515] {dagbag.py:507} INFO - Filling up the DagBag from /home/enrico/Documentos/backup/AULA/Alura/Engenharia de dados/projeto_airflow/airflowalura/venv/lib/python3.9/site-packages/airflow/example_dags/tutorial.py
[2024-04-27 10:00:37,531] {processor.py:651} INFO - DAG(s) dict_keys(['tutorial']) retrieved from /home/enrico/Documentos/backup/AULA/Alura/Engenharia de dados/projeto_airflow/airflowalura/venv/lib/python3.9/site-packages/airflow/example_dags/tutorial.py
[2024-04-27 10:00:37,542] {logging_mixin.py:115} INFO - [2024-04-27 10:00:37,542] {dag.py:2379} INFO - Sync 1 DAGs
[2024-04-27 10:00:37,551] {logging_mixin.py:115} INFO - [2024-04-27 10:00:37,551] {dag.py:2927} INFO - Setting next_dagrun for tutorial to 2024-04-26T13:00:37.551044+00:00, run_after=2024-04-27T13:00:37.551044+00:00
[2024-04-27 10:00:37,561] {processor.py:161} INFO - Processing /home/enrico/Documentos/backup/AULA/Alura/Engenharia de dados/projeto_airflow/airflowalura/venv/lib/python3.9/site-packages/airflow/example_dags/tutorial.py took 0.056 seconds
[2024-04-27 10:01:13,357] {processor.py:153} INFO - Started process (PID=97488) to work on /home/enrico/Documentos/backup/AULA/Alura/Engenharia de dados/projeto_airflow/airflowalura/venv/lib/python3.9/site-packages/airflow/example_dags/tutorial.py
[2024-04-27 10:01:13,360] {processor.py:641} INFO - Processing file /home/enrico/Documentos/backup/AULA/Alura/Engenharia de dados/projeto_airflow/airflowalura/venv/lib/python3.9/site-packages/airflow/example_dags/tutorial.py for tasks to queue
[2024-04-27 10:01:13,360] {logging_mixin.py:115} INFO - [2024-04-27 10:01:13,360] {dagbag.py:507} INFO - Filling up the DagBag from /home/enrico/Documentos/backup/AULA/Alura/Engenharia de dados/projeto_airflow/airflowalura/venv/lib/python3.9/site-packages/airflow/example_dags/tutorial.py
[2024-04-27 10:01:13,365] {processor.py:651} INFO - DAG(s) dict_keys(['tutorial']) retrieved from /home/enrico/Documentos/backup/AULA/Alura/Engenharia de dados/projeto_airflow/airflowalura/venv/lib/python3.9/site-packages/airflow/example_dags/tutorial.py
[2024-04-27 10:01:13,373] {logging_mixin.py:115} INFO - [2024-04-27 10:01:13,372] {dag.py:2379} INFO - Sync 1 DAGs
[2024-04-27 10:01:13,382] {logging_mixin.py:115} INFO - [2024-04-27 10:01:13,382] {dag.py:2927} INFO - Setting next_dagrun for tutorial to 2024-04-26T13:01:13.381969+00:00, run_after=2024-04-27T13:01:13.381969+00:00
[2024-04-27 10:01:13,392] {processor.py:161} INFO - Processing /home/enrico/Documentos/backup/AULA/Alura/Engenharia de dados/projeto_airflow/airflowalura/venv/lib/python3.9/site-packages/airflow/example_dags/tutorial.py took 0.036 seconds
[2024-04-27 10:01:47,336] {processor.py:153} INFO - Started process (PID=97541) to work on /home/enrico/Documentos/backup/AULA/Alura/Engenharia de dados/projeto_airflow/airflowalura/venv/lib/python3.9/site-packages/airflow/example_dags/tutorial.py
[2024-04-27 10:01:47,337] {processor.py:641} INFO - Processing file /home/enrico/Documentos/backup/AULA/Alura/Engenharia de dados/projeto_airflow/airflowalura/venv/lib/python3.9/site-packages/airflow/example_dags/tutorial.py for tasks to queue
[2024-04-27 10:01:47,338] {logging_mixin.py:115} INFO - [2024-04-27 10:01:47,338] {dagbag.py:507} INFO - Filling up the DagBag from /home/enrico/Documentos/backup/AULA/Alura/Engenharia de dados/projeto_airflow/airflowalura/venv/lib/python3.9/site-packages/airflow/example_dags/tutorial.py
[2024-04-27 10:01:47,354] {processor.py:651} INFO - DAG(s) dict_keys(['tutorial']) retrieved from /home/enrico/Documentos/backup/AULA/Alura/Engenharia de dados/projeto_airflow/airflowalura/venv/lib/python3.9/site-packages/airflow/example_dags/tutorial.py
[2024-04-27 10:01:47,370] {logging_mixin.py:115} INFO - [2024-04-27 10:01:47,370] {dag.py:2379} INFO - Sync 1 DAGs
[2024-04-27 10:01:47,382] {logging_mixin.py:115} INFO - [2024-04-27 10:01:47,382] {dag.py:2927} INFO - Setting next_dagrun for tutorial to 2024-04-26T13:01:47.382335+00:00, run_after=2024-04-27T13:01:47.382335+00:00
[2024-04-27 10:01:47,391] {processor.py:161} INFO - Processing /home/enrico/Documentos/backup/AULA/Alura/Engenharia de dados/projeto_airflow/airflowalura/venv/lib/python3.9/site-packages/airflow/example_dags/tutorial.py took 0.062 seconds
[2024-04-27 10:02:27,067] {processor.py:153} INFO - Started process (PID=97686) to work on /home/enrico/Documentos/backup/AULA/Alura/Engenharia de dados/projeto_airflow/airflowalura/venv/lib/python3.9/site-packages/airflow/example_dags/tutorial.py
[2024-04-27 10:02:27,069] {processor.py:641} INFO - Processing file /home/enrico/Documentos/backup/AULA/Alura/Engenharia de dados/projeto_airflow/airflowalura/venv/lib/python3.9/site-packages/airflow/example_dags/tutorial.py for tasks to queue
[2024-04-27 10:02:27,070] {logging_mixin.py:115} INFO - [2024-04-27 10:02:27,070] {dagbag.py:507} INFO - Filling up the DagBag from /home/enrico/Documentos/backup/AULA/Alura/Engenharia de dados/projeto_airflow/airflowalura/venv/lib/python3.9/site-packages/airflow/example_dags/tutorial.py
[2024-04-27 10:02:27,087] {processor.py:651} INFO - DAG(s) dict_keys(['tutorial']) retrieved from /home/enrico/Documentos/backup/AULA/Alura/Engenharia de dados/projeto_airflow/airflowalura/venv/lib/python3.9/site-packages/airflow/example_dags/tutorial.py
[2024-04-27 10:02:27,101] {logging_mixin.py:115} INFO - [2024-04-27 10:02:27,101] {dag.py:2379} INFO - Sync 1 DAGs
[2024-04-27 10:02:27,112] {logging_mixin.py:115} INFO - [2024-04-27 10:02:27,112] {dag.py:2927} INFO - Setting next_dagrun for tutorial to 2024-04-26T13:02:27.112589+00:00, run_after=2024-04-27T13:02:27.112589+00:00
[2024-04-27 10:02:27,127] {processor.py:161} INFO - Processing /home/enrico/Documentos/backup/AULA/Alura/Engenharia de dados/projeto_airflow/airflowalura/venv/lib/python3.9/site-packages/airflow/example_dags/tutorial.py took 0.066 seconds
[2024-04-27 10:03:02,994] {processor.py:153} INFO - Started process (PID=97897) to work on /home/enrico/Documentos/backup/AULA/Alura/Engenharia de dados/projeto_airflow/airflowalura/venv/lib/python3.9/site-packages/airflow/example_dags/tutorial.py
[2024-04-27 10:03:02,994] {processor.py:641} INFO - Processing file /home/enrico/Documentos/backup/AULA/Alura/Engenharia de dados/projeto_airflow/airflowalura/venv/lib/python3.9/site-packages/airflow/example_dags/tutorial.py for tasks to queue
[2024-04-27 10:03:02,995] {logging_mixin.py:115} INFO - [2024-04-27 10:03:02,994] {dagbag.py:507} INFO - Filling up the DagBag from /home/enrico/Documentos/backup/AULA/Alura/Engenharia de dados/projeto_airflow/airflowalura/venv/lib/python3.9/site-packages/airflow/example_dags/tutorial.py
[2024-04-27 10:03:02,999] {processor.py:651} INFO - DAG(s) dict_keys(['tutorial']) retrieved from /home/enrico/Documentos/backup/AULA/Alura/Engenharia de dados/projeto_airflow/airflowalura/venv/lib/python3.9/site-packages/airflow/example_dags/tutorial.py
[2024-04-27 10:03:03,007] {logging_mixin.py:115} INFO - [2024-04-27 10:03:03,007] {dag.py:2379} INFO - Sync 1 DAGs
[2024-04-27 10:03:03,016] {logging_mixin.py:115} INFO - [2024-04-27 10:03:03,016] {dag.py:2927} INFO - Setting next_dagrun for tutorial to 2024-04-26T13:03:03.016589+00:00, run_after=2024-04-27T13:03:03.016589+00:00
[2024-04-27 10:03:03,025] {processor.py:161} INFO - Processing /home/enrico/Documentos/backup/AULA/Alura/Engenharia de dados/projeto_airflow/airflowalura/venv/lib/python3.9/site-packages/airflow/example_dags/tutorial.py took 0.033 seconds
[2024-04-27 10:03:37,937] {processor.py:153} INFO - Started process (PID=98108) to work on /home/enrico/Documentos/backup/AULA/Alura/Engenharia de dados/projeto_airflow/airflowalura/venv/lib/python3.9/site-packages/airflow/example_dags/tutorial.py
[2024-04-27 10:03:37,939] {processor.py:641} INFO - Processing file /home/enrico/Documentos/backup/AULA/Alura/Engenharia de dados/projeto_airflow/airflowalura/venv/lib/python3.9/site-packages/airflow/example_dags/tutorial.py for tasks to queue
[2024-04-27 10:03:37,940] {logging_mixin.py:115} INFO - [2024-04-27 10:03:37,940] {dagbag.py:507} INFO - Filling up the DagBag from /home/enrico/Documentos/backup/AULA/Alura/Engenharia de dados/projeto_airflow/airflowalura/venv/lib/python3.9/site-packages/airflow/example_dags/tutorial.py
[2024-04-27 10:03:37,944] {processor.py:651} INFO - DAG(s) dict_keys(['tutorial']) retrieved from /home/enrico/Documentos/backup/AULA/Alura/Engenharia de dados/projeto_airflow/airflowalura/venv/lib/python3.9/site-packages/airflow/example_dags/tutorial.py
[2024-04-27 10:03:37,952] {logging_mixin.py:115} INFO - [2024-04-27 10:03:37,952] {dag.py:2379} INFO - Sync 1 DAGs
[2024-04-27 10:03:37,961] {logging_mixin.py:115} INFO - [2024-04-27 10:03:37,961] {dag.py:2927} INFO - Setting next_dagrun for tutorial to 2024-04-26T13:03:37.960932+00:00, run_after=2024-04-27T13:03:37.960932+00:00
[2024-04-27 10:03:37,974] {processor.py:161} INFO - Processing /home/enrico/Documentos/backup/AULA/Alura/Engenharia de dados/projeto_airflow/airflowalura/venv/lib/python3.9/site-packages/airflow/example_dags/tutorial.py took 0.038 seconds
[2024-04-27 10:04:12,595] {processor.py:153} INFO - Started process (PID=98298) to work on /home/enrico/Documentos/backup/AULA/Alura/Engenharia de dados/projeto_airflow/airflowalura/venv/lib/python3.9/site-packages/airflow/example_dags/tutorial.py
[2024-04-27 10:04:12,598] {processor.py:641} INFO - Processing file /home/enrico/Documentos/backup/AULA/Alura/Engenharia de dados/projeto_airflow/airflowalura/venv/lib/python3.9/site-packages/airflow/example_dags/tutorial.py for tasks to queue
[2024-04-27 10:04:12,599] {logging_mixin.py:115} INFO - [2024-04-27 10:04:12,599] {dagbag.py:507} INFO - Filling up the DagBag from /home/enrico/Documentos/backup/AULA/Alura/Engenharia de dados/projeto_airflow/airflowalura/venv/lib/python3.9/site-packages/airflow/example_dags/tutorial.py
[2024-04-27 10:04:12,616] {processor.py:651} INFO - DAG(s) dict_keys(['tutorial']) retrieved from /home/enrico/Documentos/backup/AULA/Alura/Engenharia de dados/projeto_airflow/airflowalura/venv/lib/python3.9/site-packages/airflow/example_dags/tutorial.py
[2024-04-27 10:04:12,632] {logging_mixin.py:115} INFO - [2024-04-27 10:04:12,632] {dag.py:2379} INFO - Sync 1 DAGs
[2024-04-27 10:04:12,644] {logging_mixin.py:115} INFO - [2024-04-27 10:04:12,644] {dag.py:2927} INFO - Setting next_dagrun for tutorial to 2024-04-26T13:04:12.644315+00:00, run_after=2024-04-27T13:04:12.644315+00:00
[2024-04-27 10:04:12,659] {processor.py:161} INFO - Processing /home/enrico/Documentos/backup/AULA/Alura/Engenharia de dados/projeto_airflow/airflowalura/venv/lib/python3.9/site-packages/airflow/example_dags/tutorial.py took 0.069 seconds
[2024-04-27 10:04:46,506] {processor.py:153} INFO - Started process (PID=98524) to work on /home/enrico/Documentos/backup/AULA/Alura/Engenharia de dados/projeto_airflow/airflowalura/venv/lib/python3.9/site-packages/airflow/example_dags/tutorial.py
[2024-04-27 10:04:46,509] {processor.py:641} INFO - Processing file /home/enrico/Documentos/backup/AULA/Alura/Engenharia de dados/projeto_airflow/airflowalura/venv/lib/python3.9/site-packages/airflow/example_dags/tutorial.py for tasks to queue
[2024-04-27 10:04:46,510] {logging_mixin.py:115} INFO - [2024-04-27 10:04:46,510] {dagbag.py:507} INFO - Filling up the DagBag from /home/enrico/Documentos/backup/AULA/Alura/Engenharia de dados/projeto_airflow/airflowalura/venv/lib/python3.9/site-packages/airflow/example_dags/tutorial.py
[2024-04-27 10:04:46,527] {processor.py:651} INFO - DAG(s) dict_keys(['tutorial']) retrieved from /home/enrico/Documentos/backup/AULA/Alura/Engenharia de dados/projeto_airflow/airflowalura/venv/lib/python3.9/site-packages/airflow/example_dags/tutorial.py
[2024-04-27 10:04:46,541] {logging_mixin.py:115} INFO - [2024-04-27 10:04:46,541] {dag.py:2379} INFO - Sync 1 DAGs
[2024-04-27 10:04:46,553] {logging_mixin.py:115} INFO - [2024-04-27 10:04:46,553] {dag.py:2927} INFO - Setting next_dagrun for tutorial to 2024-04-26T13:04:46.553530+00:00, run_after=2024-04-27T13:04:46.553530+00:00
[2024-04-27 10:04:46,563] {processor.py:161} INFO - Processing /home/enrico/Documentos/backup/AULA/Alura/Engenharia de dados/projeto_airflow/airflowalura/venv/lib/python3.9/site-packages/airflow/example_dags/tutorial.py took 0.064 seconds
[2024-04-27 10:05:21,192] {processor.py:153} INFO - Started process (PID=98840) to work on /home/enrico/Documentos/backup/AULA/Alura/Engenharia de dados/projeto_airflow/airflowalura/venv/lib/python3.9/site-packages/airflow/example_dags/tutorial.py
[2024-04-27 10:05:21,192] {processor.py:641} INFO - Processing file /home/enrico/Documentos/backup/AULA/Alura/Engenharia de dados/projeto_airflow/airflowalura/venv/lib/python3.9/site-packages/airflow/example_dags/tutorial.py for tasks to queue
[2024-04-27 10:05:21,193] {logging_mixin.py:115} INFO - [2024-04-27 10:05:21,193] {dagbag.py:507} INFO - Filling up the DagBag from /home/enrico/Documentos/backup/AULA/Alura/Engenharia de dados/projeto_airflow/airflowalura/venv/lib/python3.9/site-packages/airflow/example_dags/tutorial.py
[2024-04-27 10:05:21,195] {processor.py:651} INFO - DAG(s) dict_keys(['tutorial']) retrieved from /home/enrico/Documentos/backup/AULA/Alura/Engenharia de dados/projeto_airflow/airflowalura/venv/lib/python3.9/site-packages/airflow/example_dags/tutorial.py
[2024-04-27 10:05:21,206] {logging_mixin.py:115} INFO - [2024-04-27 10:05:21,206] {dag.py:2379} INFO - Sync 1 DAGs
[2024-04-27 10:05:21,217] {logging_mixin.py:115} INFO - [2024-04-27 10:05:21,217] {dag.py:2927} INFO - Setting next_dagrun for tutorial to 2024-04-26T13:05:21.216869+00:00, run_after=2024-04-27T13:05:21.216869+00:00
[2024-04-27 10:05:21,226] {processor.py:161} INFO - Processing /home/enrico/Documentos/backup/AULA/Alura/Engenharia de dados/projeto_airflow/airflowalura/venv/lib/python3.9/site-packages/airflow/example_dags/tutorial.py took 0.036 seconds
