[2024-04-27 09:52:10,637] {taskinstance.py:1159} INFO - Dependencies all met for <TaskInstance: dados_climaticos2.extrai_dados manual__2024-04-27T12:52:07.732604+00:00 [queued]>
[2024-04-27 09:52:10,640] {taskinstance.py:1159} INFO - Dependencies all met for <TaskInstance: dados_climaticos2.extrai_dados manual__2024-04-27T12:52:07.732604+00:00 [queued]>
[2024-04-27 09:52:10,640] {taskinstance.py:1356} INFO - 
--------------------------------------------------------------------------------
[2024-04-27 09:52:10,641] {taskinstance.py:1357} INFO - Starting attempt 1 of 1
[2024-04-27 09:52:10,641] {taskinstance.py:1358} INFO - 
--------------------------------------------------------------------------------
[2024-04-27 09:52:10,649] {taskinstance.py:1377} INFO - Executing <Task(PythonOperator): extrai_dados> on 2024-04-27 12:52:07.732604+00:00
[2024-04-27 09:52:10,652] {standard_task_runner.py:52} INFO - Started process 96447 to run task
[2024-04-27 09:52:10,654] {standard_task_runner.py:79} INFO - Running: ['airflow', 'tasks', 'run', 'dados_climaticos2', 'extrai_dados', 'manual__2024-04-27T12:52:07.732604+00:00', '--job-id', '22', '--raw', '--subdir', 'DAGS_FOLDER/dados_climaticos.py', '--cfg-path', '/tmp/tmpttk9xc0v', '--error-file', '/tmp/tmptml92mcv']
[2024-04-27 09:52:10,654] {standard_task_runner.py:80} INFO - Job 22: Subtask extrai_dados
[2024-04-27 09:52:10,677] {task_command.py:370} INFO - Running <TaskInstance: dados_climaticos2.extrai_dados manual__2024-04-27T12:52:07.732604+00:00 [running]> on host URATIC9519.RIOBRANCOPETROLEO
[2024-04-27 09:52:10,706] {taskinstance.py:1569} INFO - Exporting the following env vars:
AIRFLOW_CTX_DAG_OWNER=airflow
AIRFLOW_CTX_DAG_ID=dados_climaticos2
AIRFLOW_CTX_TASK_ID=extrai_dados
AIRFLOW_CTX_EXECUTION_DATE=2024-04-27T12:52:07.732604+00:00
AIRFLOW_CTX_TRY_NUMBER=1
AIRFLOW_CTX_DAG_RUN_ID=manual__2024-04-27T12:52:07.732604+00:00
[2024-04-27 09:52:11,919] {python.py:173} INFO - Done. Returned value was: None
[2024-04-27 09:52:11,931] {taskinstance.py:1395} INFO - Marking task as SUCCESS. dag_id=dados_climaticos2, task_id=extrai_dados, execution_date=20240427T125207, start_date=20240427T125210, end_date=20240427T125211
[2024-04-27 09:52:11,949] {local_task_job.py:156} INFO - Task exited with return code 0
[2024-04-27 09:52:11,963] {local_task_job.py:273} INFO - 0 downstream tasks scheduled from follow-on schedule check
