[2024-04-27 09:52:09,321] {taskinstance.py:1159} INFO - Dependencies all met for <TaskInstance: dados_climaticos2.cria_pasta manual__2024-04-27T12:52:07.732604+00:00 [queued]>
[2024-04-27 09:52:09,325] {taskinstance.py:1159} INFO - Dependencies all met for <TaskInstance: dados_climaticos2.cria_pasta manual__2024-04-27T12:52:07.732604+00:00 [queued]>
[2024-04-27 09:52:09,325] {taskinstance.py:1356} INFO - 
--------------------------------------------------------------------------------
[2024-04-27 09:52:09,325] {taskinstance.py:1357} INFO - Starting attempt 1 of 1
[2024-04-27 09:52:09,325] {taskinstance.py:1358} INFO - 
--------------------------------------------------------------------------------
[2024-04-27 09:52:09,334] {taskinstance.py:1377} INFO - Executing <Task(BashOperator): cria_pasta> on 2024-04-27 12:52:07.732604+00:00
[2024-04-27 09:52:09,336] {standard_task_runner.py:52} INFO - Started process 96436 to run task
[2024-04-27 09:52:09,338] {standard_task_runner.py:79} INFO - Running: ['airflow', 'tasks', 'run', 'dados_climaticos2', 'cria_pasta', 'manual__2024-04-27T12:52:07.732604+00:00', '--job-id', '21', '--raw', '--subdir', 'DAGS_FOLDER/dados_climaticos.py', '--cfg-path', '/tmp/tmprd0dyq7l', '--error-file', '/tmp/tmp88c61hsx']
[2024-04-27 09:52:09,338] {standard_task_runner.py:80} INFO - Job 21: Subtask cria_pasta
[2024-04-27 09:52:09,364] {task_command.py:370} INFO - Running <TaskInstance: dados_climaticos2.cria_pasta manual__2024-04-27T12:52:07.732604+00:00 [running]> on host URATIC9519.RIOBRANCOPETROLEO
[2024-04-27 09:52:09,397] {taskinstance.py:1569} INFO - Exporting the following env vars:
AIRFLOW_CTX_DAG_OWNER=airflow
AIRFLOW_CTX_DAG_ID=dados_climaticos2
AIRFLOW_CTX_TASK_ID=cria_pasta
AIRFLOW_CTX_EXECUTION_DATE=2024-04-27T12:52:07.732604+00:00
AIRFLOW_CTX_TRY_NUMBER=1
AIRFLOW_CTX_DAG_RUN_ID=manual__2024-04-27T12:52:07.732604+00:00
[2024-04-27 09:52:09,397] {subprocess.py:62} INFO - Tmp dir root location: 
 /tmp
[2024-04-27 09:52:09,398] {subprocess.py:74} INFO - Running command: ['bash', '-c', 'mkdir -p "/home/enrico/Documentos/backup/AULA/Alura/Engenharia de dados/projeto_airflow/airflowalura/semana=2024-04-22"']
[2024-04-27 09:52:09,403] {subprocess.py:85} INFO - Output:
[2024-04-27 09:52:09,405] {subprocess.py:96} INFO - Command exited with return code 0
[2024-04-27 09:52:09,418] {taskinstance.py:1395} INFO - Marking task as SUCCESS. dag_id=dados_climaticos2, task_id=cria_pasta, execution_date=20240427T125207, start_date=20240427T125209, end_date=20240427T125209
[2024-04-27 09:52:09,430] {local_task_job.py:156} INFO - Task exited with return code 0
[2024-04-27 09:52:09,446] {local_task_job.py:273} INFO - 1 downstream tasks scheduled from follow-on schedule check
