[2024-04-27 09:49:57,185] {processor.py:153} INFO - Started process (PID=95820) to work on /home/enrico/Documentos/backup/AULA/Alura/Engenharia de dados/projeto_airflow/airflowalura/dags/atividade_aula_4.py
[2024-04-27 09:49:57,185] {processor.py:641} INFO - Processing file /home/enrico/Documentos/backup/AULA/Alura/Engenharia de dados/projeto_airflow/airflowalura/dags/atividade_aula_4.py for tasks to queue
[2024-04-27 09:49:57,186] {logging_mixin.py:115} INFO - [2024-04-27 09:49:57,186] {dagbag.py:507} INFO - Filling up the DagBag from /home/enrico/Documentos/backup/AULA/Alura/Engenharia de dados/projeto_airflow/airflowalura/dags/atividade_aula_4.py
[2024-04-27 09:49:57,202] {processor.py:651} INFO - DAG(s) dict_keys(['atividade-aula_4']) retrieved from /home/enrico/Documentos/backup/AULA/Alura/Engenharia de dados/projeto_airflow/airflowalura/dags/atividade_aula_4.py
[2024-04-27 09:49:57,294] {logging_mixin.py:115} INFO - [2024-04-27 09:49:57,294] {dag.py:2379} INFO - Sync 1 DAGs
[2024-04-27 09:49:57,311] {logging_mixin.py:115} INFO - [2024-04-27 09:49:57,311] {dag.py:2927} INFO - Setting next_dagrun for atividade-aula_4 to 2024-04-26T00:00:00+00:00, run_after=2024-04-27T00:00:00+00:00
[2024-04-27 09:49:57,364] {processor.py:161} INFO - Processing /home/enrico/Documentos/backup/AULA/Alura/Engenharia de dados/projeto_airflow/airflowalura/dags/atividade_aula_4.py took 0.185 seconds
[2024-04-27 09:50:31,396] {processor.py:153} INFO - Started process (PID=95947) to work on /home/enrico/Documentos/backup/AULA/Alura/Engenharia de dados/projeto_airflow/airflowalura/dags/atividade_aula_4.py
[2024-04-27 09:50:31,398] {processor.py:641} INFO - Processing file /home/enrico/Documentos/backup/AULA/Alura/Engenharia de dados/projeto_airflow/airflowalura/dags/atividade_aula_4.py for tasks to queue
[2024-04-27 09:50:31,400] {logging_mixin.py:115} INFO - [2024-04-27 09:50:31,399] {dagbag.py:507} INFO - Filling up the DagBag from /home/enrico/Documentos/backup/AULA/Alura/Engenharia de dados/projeto_airflow/airflowalura/dags/atividade_aula_4.py
[2024-04-27 09:50:31,417] {processor.py:651} INFO - DAG(s) dict_keys(['atividade-aula_4']) retrieved from /home/enrico/Documentos/backup/AULA/Alura/Engenharia de dados/projeto_airflow/airflowalura/dags/atividade_aula_4.py
[2024-04-27 09:50:31,431] {logging_mixin.py:115} INFO - [2024-04-27 09:50:31,431] {dag.py:2379} INFO - Sync 1 DAGs
[2024-04-27 09:50:31,444] {logging_mixin.py:115} INFO - [2024-04-27 09:50:31,444] {dag.py:2927} INFO - Setting next_dagrun for atividade-aula_4 to 2024-04-26T00:00:00+00:00, run_after=2024-04-27T00:00:00+00:00
[2024-04-27 09:50:31,454] {processor.py:161} INFO - Processing /home/enrico/Documentos/backup/AULA/Alura/Engenharia de dados/projeto_airflow/airflowalura/dags/atividade_aula_4.py took 0.063 seconds
[2024-04-27 09:51:07,629] {processor.py:153} INFO - Started process (PID=96166) to work on /home/enrico/Documentos/backup/AULA/Alura/Engenharia de dados/projeto_airflow/airflowalura/dags/atividade_aula_4.py
[2024-04-27 09:51:07,630] {processor.py:641} INFO - Processing file /home/enrico/Documentos/backup/AULA/Alura/Engenharia de dados/projeto_airflow/airflowalura/dags/atividade_aula_4.py for tasks to queue
[2024-04-27 09:51:07,631] {logging_mixin.py:115} INFO - [2024-04-27 09:51:07,631] {dagbag.py:507} INFO - Filling up the DagBag from /home/enrico/Documentos/backup/AULA/Alura/Engenharia de dados/projeto_airflow/airflowalura/dags/atividade_aula_4.py
[2024-04-27 09:51:07,646] {processor.py:651} INFO - DAG(s) dict_keys(['atividade-aula_4']) retrieved from /home/enrico/Documentos/backup/AULA/Alura/Engenharia de dados/projeto_airflow/airflowalura/dags/atividade_aula_4.py
[2024-04-27 09:51:07,661] {logging_mixin.py:115} INFO - [2024-04-27 09:51:07,661] {dag.py:2379} INFO - Sync 1 DAGs
[2024-04-27 09:51:07,673] {logging_mixin.py:115} INFO - [2024-04-27 09:51:07,673] {dag.py:2927} INFO - Setting next_dagrun for atividade-aula_4 to 2024-04-26T00:00:00+00:00, run_after=2024-04-27T00:00:00+00:00
[2024-04-27 09:51:07,681] {processor.py:161} INFO - Processing /home/enrico/Documentos/backup/AULA/Alura/Engenharia de dados/projeto_airflow/airflowalura/dags/atividade_aula_4.py took 0.058 seconds
[2024-04-27 09:51:38,516] {processor.py:153} INFO - Started process (PID=96378) to work on /home/enrico/Documentos/backup/AULA/Alura/Engenharia de dados/projeto_airflow/airflowalura/dags/atividade_aula_4.py
[2024-04-27 09:51:38,517] {processor.py:641} INFO - Processing file /home/enrico/Documentos/backup/AULA/Alura/Engenharia de dados/projeto_airflow/airflowalura/dags/atividade_aula_4.py for tasks to queue
[2024-04-27 09:51:38,517] {logging_mixin.py:115} INFO - [2024-04-27 09:51:38,517] {dagbag.py:507} INFO - Filling up the DagBag from /home/enrico/Documentos/backup/AULA/Alura/Engenharia de dados/projeto_airflow/airflowalura/dags/atividade_aula_4.py
[2024-04-27 09:51:38,521] {processor.py:651} INFO - DAG(s) dict_keys(['atividade-aula_4']) retrieved from /home/enrico/Documentos/backup/AULA/Alura/Engenharia de dados/projeto_airflow/airflowalura/dags/atividade_aula_4.py
[2024-04-27 09:51:38,532] {logging_mixin.py:115} INFO - [2024-04-27 09:51:38,531] {dag.py:2379} INFO - Sync 1 DAGs
[2024-04-27 09:51:38,545] {logging_mixin.py:115} INFO - [2024-04-27 09:51:38,545] {dag.py:2927} INFO - Setting next_dagrun for atividade-aula_4 to 2024-04-26T00:00:00+00:00, run_after=2024-04-27T00:00:00+00:00
[2024-04-27 09:51:38,553] {processor.py:161} INFO - Processing /home/enrico/Documentos/backup/AULA/Alura/Engenharia de dados/projeto_airflow/airflowalura/dags/atividade_aula_4.py took 0.038 seconds
[2024-04-27 09:52:14,669] {processor.py:153} INFO - Started process (PID=96476) to work on /home/enrico/Documentos/backup/AULA/Alura/Engenharia de dados/projeto_airflow/airflowalura/dags/atividade_aula_4.py
[2024-04-27 09:52:14,673] {processor.py:641} INFO - Processing file /home/enrico/Documentos/backup/AULA/Alura/Engenharia de dados/projeto_airflow/airflowalura/dags/atividade_aula_4.py for tasks to queue
[2024-04-27 09:52:14,674] {logging_mixin.py:115} INFO - [2024-04-27 09:52:14,674] {dagbag.py:507} INFO - Filling up the DagBag from /home/enrico/Documentos/backup/AULA/Alura/Engenharia de dados/projeto_airflow/airflowalura/dags/atividade_aula_4.py
[2024-04-27 09:52:14,689] {processor.py:651} INFO - DAG(s) dict_keys(['atividade-aula_4']) retrieved from /home/enrico/Documentos/backup/AULA/Alura/Engenharia de dados/projeto_airflow/airflowalura/dags/atividade_aula_4.py
[2024-04-27 09:52:14,705] {logging_mixin.py:115} INFO - [2024-04-27 09:52:14,705] {dag.py:2379} INFO - Sync 1 DAGs
[2024-04-27 09:52:14,717] {logging_mixin.py:115} INFO - [2024-04-27 09:52:14,717] {dag.py:2927} INFO - Setting next_dagrun for atividade-aula_4 to 2024-04-26T00:00:00+00:00, run_after=2024-04-27T00:00:00+00:00
[2024-04-27 09:52:14,727] {processor.py:161} INFO - Processing /home/enrico/Documentos/backup/AULA/Alura/Engenharia de dados/projeto_airflow/airflowalura/dags/atividade_aula_4.py took 0.064 seconds
[2024-04-27 09:52:48,970] {processor.py:153} INFO - Started process (PID=96601) to work on /home/enrico/Documentos/backup/AULA/Alura/Engenharia de dados/projeto_airflow/airflowalura/dags/atividade_aula_4.py
[2024-04-27 09:52:48,972] {processor.py:641} INFO - Processing file /home/enrico/Documentos/backup/AULA/Alura/Engenharia de dados/projeto_airflow/airflowalura/dags/atividade_aula_4.py for tasks to queue
[2024-04-27 09:52:48,973] {logging_mixin.py:115} INFO - [2024-04-27 09:52:48,973] {dagbag.py:507} INFO - Filling up the DagBag from /home/enrico/Documentos/backup/AULA/Alura/Engenharia de dados/projeto_airflow/airflowalura/dags/atividade_aula_4.py
[2024-04-27 09:52:48,978] {processor.py:651} INFO - DAG(s) dict_keys(['atividade-aula_4']) retrieved from /home/enrico/Documentos/backup/AULA/Alura/Engenharia de dados/projeto_airflow/airflowalura/dags/atividade_aula_4.py
[2024-04-27 09:52:48,988] {logging_mixin.py:115} INFO - [2024-04-27 09:52:48,988] {dag.py:2379} INFO - Sync 1 DAGs
[2024-04-27 09:52:49,000] {logging_mixin.py:115} INFO - [2024-04-27 09:52:49,000] {dag.py:2927} INFO - Setting next_dagrun for atividade-aula_4 to 2024-04-26T00:00:00+00:00, run_after=2024-04-27T00:00:00+00:00
[2024-04-27 09:52:49,013] {processor.py:161} INFO - Processing /home/enrico/Documentos/backup/AULA/Alura/Engenharia de dados/projeto_airflow/airflowalura/dags/atividade_aula_4.py took 0.045 seconds
[2024-04-27 09:53:24,005] {processor.py:153} INFO - Started process (PID=96648) to work on /home/enrico/Documentos/backup/AULA/Alura/Engenharia de dados/projeto_airflow/airflowalura/dags/atividade_aula_4.py
[2024-04-27 09:53:24,009] {processor.py:641} INFO - Processing file /home/enrico/Documentos/backup/AULA/Alura/Engenharia de dados/projeto_airflow/airflowalura/dags/atividade_aula_4.py for tasks to queue
[2024-04-27 09:53:24,010] {logging_mixin.py:115} INFO - [2024-04-27 09:53:24,010] {dagbag.py:507} INFO - Filling up the DagBag from /home/enrico/Documentos/backup/AULA/Alura/Engenharia de dados/projeto_airflow/airflowalura/dags/atividade_aula_4.py
[2024-04-27 09:53:24,026] {processor.py:651} INFO - DAG(s) dict_keys(['atividade-aula_4']) retrieved from /home/enrico/Documentos/backup/AULA/Alura/Engenharia de dados/projeto_airflow/airflowalura/dags/atividade_aula_4.py
[2024-04-27 09:53:24,044] {logging_mixin.py:115} INFO - [2024-04-27 09:53:24,043] {dag.py:2379} INFO - Sync 1 DAGs
[2024-04-27 09:53:24,056] {logging_mixin.py:115} INFO - [2024-04-27 09:53:24,056] {dag.py:2927} INFO - Setting next_dagrun for atividade-aula_4 to 2024-04-26T00:00:00+00:00, run_after=2024-04-27T00:00:00+00:00
[2024-04-27 09:53:24,068] {processor.py:161} INFO - Processing /home/enrico/Documentos/backup/AULA/Alura/Engenharia de dados/projeto_airflow/airflowalura/dags/atividade_aula_4.py took 0.068 seconds
[2024-04-27 09:53:59,116] {processor.py:153} INFO - Started process (PID=96698) to work on /home/enrico/Documentos/backup/AULA/Alura/Engenharia de dados/projeto_airflow/airflowalura/dags/atividade_aula_4.py
[2024-04-27 09:53:59,117] {processor.py:641} INFO - Processing file /home/enrico/Documentos/backup/AULA/Alura/Engenharia de dados/projeto_airflow/airflowalura/dags/atividade_aula_4.py for tasks to queue
[2024-04-27 09:53:59,118] {logging_mixin.py:115} INFO - [2024-04-27 09:53:59,118] {dagbag.py:507} INFO - Filling up the DagBag from /home/enrico/Documentos/backup/AULA/Alura/Engenharia de dados/projeto_airflow/airflowalura/dags/atividade_aula_4.py
[2024-04-27 09:53:59,134] {processor.py:651} INFO - DAG(s) dict_keys(['atividade-aula_4']) retrieved from /home/enrico/Documentos/backup/AULA/Alura/Engenharia de dados/projeto_airflow/airflowalura/dags/atividade_aula_4.py
[2024-04-27 09:53:59,151] {logging_mixin.py:115} INFO - [2024-04-27 09:53:59,150] {dag.py:2379} INFO - Sync 1 DAGs
[2024-04-27 09:53:59,162] {logging_mixin.py:115} INFO - [2024-04-27 09:53:59,162] {dag.py:2927} INFO - Setting next_dagrun for atividade-aula_4 to 2024-04-26T00:00:00+00:00, run_after=2024-04-27T00:00:00+00:00
[2024-04-27 09:53:59,170] {processor.py:161} INFO - Processing /home/enrico/Documentos/backup/AULA/Alura/Engenharia de dados/projeto_airflow/airflowalura/dags/atividade_aula_4.py took 0.060 seconds
[2024-04-27 09:54:32,148] {processor.py:153} INFO - Started process (PID=96755) to work on /home/enrico/Documentos/backup/AULA/Alura/Engenharia de dados/projeto_airflow/airflowalura/dags/atividade_aula_4.py
[2024-04-27 09:54:32,149] {processor.py:641} INFO - Processing file /home/enrico/Documentos/backup/AULA/Alura/Engenharia de dados/projeto_airflow/airflowalura/dags/atividade_aula_4.py for tasks to queue
[2024-04-27 09:54:32,150] {logging_mixin.py:115} INFO - [2024-04-27 09:54:32,150] {dagbag.py:507} INFO - Filling up the DagBag from /home/enrico/Documentos/backup/AULA/Alura/Engenharia de dados/projeto_airflow/airflowalura/dags/atividade_aula_4.py
[2024-04-27 09:54:32,166] {processor.py:651} INFO - DAG(s) dict_keys(['atividade-aula_4']) retrieved from /home/enrico/Documentos/backup/AULA/Alura/Engenharia de dados/projeto_airflow/airflowalura/dags/atividade_aula_4.py
[2024-04-27 09:54:32,185] {logging_mixin.py:115} INFO - [2024-04-27 09:54:32,185] {dag.py:2379} INFO - Sync 1 DAGs
[2024-04-27 09:54:32,198] {logging_mixin.py:115} INFO - [2024-04-27 09:54:32,198] {dag.py:2927} INFO - Setting next_dagrun for atividade-aula_4 to 2024-04-26T00:00:00+00:00, run_after=2024-04-27T00:00:00+00:00
[2024-04-27 09:54:32,205] {processor.py:161} INFO - Processing /home/enrico/Documentos/backup/AULA/Alura/Engenharia de dados/projeto_airflow/airflowalura/dags/atividade_aula_4.py took 0.063 seconds
[2024-04-27 09:55:08,580] {processor.py:153} INFO - Started process (PID=96813) to work on /home/enrico/Documentos/backup/AULA/Alura/Engenharia de dados/projeto_airflow/airflowalura/dags/atividade_aula_4.py
[2024-04-27 09:55:08,583] {processor.py:641} INFO - Processing file /home/enrico/Documentos/backup/AULA/Alura/Engenharia de dados/projeto_airflow/airflowalura/dags/atividade_aula_4.py for tasks to queue
[2024-04-27 09:55:08,584] {logging_mixin.py:115} INFO - [2024-04-27 09:55:08,583] {dagbag.py:507} INFO - Filling up the DagBag from /home/enrico/Documentos/backup/AULA/Alura/Engenharia de dados/projeto_airflow/airflowalura/dags/atividade_aula_4.py
[2024-04-27 09:55:08,591] {processor.py:651} INFO - DAG(s) dict_keys(['atividade-aula_4']) retrieved from /home/enrico/Documentos/backup/AULA/Alura/Engenharia de dados/projeto_airflow/airflowalura/dags/atividade_aula_4.py
[2024-04-27 09:55:08,606] {logging_mixin.py:115} INFO - [2024-04-27 09:55:08,606] {dag.py:2379} INFO - Sync 1 DAGs
[2024-04-27 09:55:08,621] {logging_mixin.py:115} INFO - [2024-04-27 09:55:08,621] {dag.py:2927} INFO - Setting next_dagrun for atividade-aula_4 to 2024-04-26T00:00:00+00:00, run_after=2024-04-27T00:00:00+00:00
[2024-04-27 09:55:08,632] {processor.py:161} INFO - Processing /home/enrico/Documentos/backup/AULA/Alura/Engenharia de dados/projeto_airflow/airflowalura/dags/atividade_aula_4.py took 0.054 seconds
[2024-04-27 09:55:41,863] {processor.py:153} INFO - Started process (PID=96866) to work on /home/enrico/Documentos/backup/AULA/Alura/Engenharia de dados/projeto_airflow/airflowalura/dags/atividade_aula_4.py
[2024-04-27 09:55:41,867] {processor.py:641} INFO - Processing file /home/enrico/Documentos/backup/AULA/Alura/Engenharia de dados/projeto_airflow/airflowalura/dags/atividade_aula_4.py for tasks to queue
[2024-04-27 09:55:41,868] {logging_mixin.py:115} INFO - [2024-04-27 09:55:41,868] {dagbag.py:507} INFO - Filling up the DagBag from /home/enrico/Documentos/backup/AULA/Alura/Engenharia de dados/projeto_airflow/airflowalura/dags/atividade_aula_4.py
[2024-04-27 09:55:41,884] {processor.py:651} INFO - DAG(s) dict_keys(['atividade-aula_4']) retrieved from /home/enrico/Documentos/backup/AULA/Alura/Engenharia de dados/projeto_airflow/airflowalura/dags/atividade_aula_4.py
[2024-04-27 09:55:41,904] {logging_mixin.py:115} INFO - [2024-04-27 09:55:41,903] {dag.py:2379} INFO - Sync 1 DAGs
[2024-04-27 09:55:41,917] {logging_mixin.py:115} INFO - [2024-04-27 09:55:41,917] {dag.py:2927} INFO - Setting next_dagrun for atividade-aula_4 to 2024-04-26T00:00:00+00:00, run_after=2024-04-27T00:00:00+00:00
[2024-04-27 09:55:41,927] {processor.py:161} INFO - Processing /home/enrico/Documentos/backup/AULA/Alura/Engenharia de dados/projeto_airflow/airflowalura/dags/atividade_aula_4.py took 0.069 seconds
[2024-04-27 09:56:14,124] {processor.py:153} INFO - Started process (PID=96938) to work on /home/enrico/Documentos/backup/AULA/Alura/Engenharia de dados/projeto_airflow/airflowalura/dags/atividade_aula_4.py
[2024-04-27 09:56:14,125] {processor.py:641} INFO - Processing file /home/enrico/Documentos/backup/AULA/Alura/Engenharia de dados/projeto_airflow/airflowalura/dags/atividade_aula_4.py for tasks to queue
[2024-04-27 09:56:14,126] {logging_mixin.py:115} INFO - [2024-04-27 09:56:14,126] {dagbag.py:507} INFO - Filling up the DagBag from /home/enrico/Documentos/backup/AULA/Alura/Engenharia de dados/projeto_airflow/airflowalura/dags/atividade_aula_4.py
[2024-04-27 09:56:14,142] {processor.py:651} INFO - DAG(s) dict_keys(['atividade-aula_4']) retrieved from /home/enrico/Documentos/backup/AULA/Alura/Engenharia de dados/projeto_airflow/airflowalura/dags/atividade_aula_4.py
[2024-04-27 09:56:14,159] {logging_mixin.py:115} INFO - [2024-04-27 09:56:14,159] {dag.py:2379} INFO - Sync 1 DAGs
[2024-04-27 09:56:14,171] {logging_mixin.py:115} INFO - [2024-04-27 09:56:14,171] {dag.py:2927} INFO - Setting next_dagrun for atividade-aula_4 to 2024-04-26T00:00:00+00:00, run_after=2024-04-27T00:00:00+00:00
[2024-04-27 09:56:14,180] {processor.py:161} INFO - Processing /home/enrico/Documentos/backup/AULA/Alura/Engenharia de dados/projeto_airflow/airflowalura/dags/atividade_aula_4.py took 0.061 seconds
[2024-04-27 09:56:45,493] {processor.py:153} INFO - Started process (PID=96987) to work on /home/enrico/Documentos/backup/AULA/Alura/Engenharia de dados/projeto_airflow/airflowalura/dags/atividade_aula_4.py
[2024-04-27 09:56:45,493] {processor.py:641} INFO - Processing file /home/enrico/Documentos/backup/AULA/Alura/Engenharia de dados/projeto_airflow/airflowalura/dags/atividade_aula_4.py for tasks to queue
[2024-04-27 09:56:45,494] {logging_mixin.py:115} INFO - [2024-04-27 09:56:45,494] {dagbag.py:507} INFO - Filling up the DagBag from /home/enrico/Documentos/backup/AULA/Alura/Engenharia de dados/projeto_airflow/airflowalura/dags/atividade_aula_4.py
[2024-04-27 09:56:45,498] {processor.py:651} INFO - DAG(s) dict_keys(['atividade-aula_4']) retrieved from /home/enrico/Documentos/backup/AULA/Alura/Engenharia de dados/projeto_airflow/airflowalura/dags/atividade_aula_4.py
[2024-04-27 09:56:45,507] {logging_mixin.py:115} INFO - [2024-04-27 09:56:45,507] {dag.py:2379} INFO - Sync 1 DAGs
[2024-04-27 09:56:45,518] {logging_mixin.py:115} INFO - [2024-04-27 09:56:45,518] {dag.py:2927} INFO - Setting next_dagrun for atividade-aula_4 to 2024-04-26T00:00:00+00:00, run_after=2024-04-27T00:00:00+00:00
[2024-04-27 09:56:45,527] {processor.py:161} INFO - Processing /home/enrico/Documentos/backup/AULA/Alura/Engenharia de dados/projeto_airflow/airflowalura/dags/atividade_aula_4.py took 0.036 seconds
[2024-04-27 09:57:21,652] {processor.py:153} INFO - Started process (PID=97098) to work on /home/enrico/Documentos/backup/AULA/Alura/Engenharia de dados/projeto_airflow/airflowalura/dags/atividade_aula_4.py
[2024-04-27 09:57:21,653] {processor.py:641} INFO - Processing file /home/enrico/Documentos/backup/AULA/Alura/Engenharia de dados/projeto_airflow/airflowalura/dags/atividade_aula_4.py for tasks to queue
[2024-04-27 09:57:21,654] {logging_mixin.py:115} INFO - [2024-04-27 09:57:21,654] {dagbag.py:507} INFO - Filling up the DagBag from /home/enrico/Documentos/backup/AULA/Alura/Engenharia de dados/projeto_airflow/airflowalura/dags/atividade_aula_4.py
[2024-04-27 09:57:21,658] {processor.py:651} INFO - DAG(s) dict_keys(['atividade-aula_4']) retrieved from /home/enrico/Documentos/backup/AULA/Alura/Engenharia de dados/projeto_airflow/airflowalura/dags/atividade_aula_4.py
[2024-04-27 09:57:21,668] {logging_mixin.py:115} INFO - [2024-04-27 09:57:21,668] {dag.py:2379} INFO - Sync 1 DAGs
[2024-04-27 09:57:21,679] {logging_mixin.py:115} INFO - [2024-04-27 09:57:21,679] {dag.py:2927} INFO - Setting next_dagrun for atividade-aula_4 to 2024-04-26T00:00:00+00:00, run_after=2024-04-27T00:00:00+00:00
[2024-04-27 09:57:21,688] {processor.py:161} INFO - Processing /home/enrico/Documentos/backup/AULA/Alura/Engenharia de dados/projeto_airflow/airflowalura/dags/atividade_aula_4.py took 0.038 seconds
[2024-04-27 09:57:54,402] {processor.py:153} INFO - Started process (PID=97143) to work on /home/enrico/Documentos/backup/AULA/Alura/Engenharia de dados/projeto_airflow/airflowalura/dags/atividade_aula_4.py
[2024-04-27 09:57:54,403] {processor.py:641} INFO - Processing file /home/enrico/Documentos/backup/AULA/Alura/Engenharia de dados/projeto_airflow/airflowalura/dags/atividade_aula_4.py for tasks to queue
[2024-04-27 09:57:54,405] {logging_mixin.py:115} INFO - [2024-04-27 09:57:54,404] {dagbag.py:507} INFO - Filling up the DagBag from /home/enrico/Documentos/backup/AULA/Alura/Engenharia de dados/projeto_airflow/airflowalura/dags/atividade_aula_4.py
[2024-04-27 09:57:54,420] {processor.py:651} INFO - DAG(s) dict_keys(['atividade-aula_4']) retrieved from /home/enrico/Documentos/backup/AULA/Alura/Engenharia de dados/projeto_airflow/airflowalura/dags/atividade_aula_4.py
[2024-04-27 09:57:54,438] {logging_mixin.py:115} INFO - [2024-04-27 09:57:54,437] {dag.py:2379} INFO - Sync 1 DAGs
[2024-04-27 09:57:54,450] {logging_mixin.py:115} INFO - [2024-04-27 09:57:54,450] {dag.py:2927} INFO - Setting next_dagrun for atividade-aula_4 to 2024-04-26T00:00:00+00:00, run_after=2024-04-27T00:00:00+00:00
[2024-04-27 09:57:54,459] {processor.py:161} INFO - Processing /home/enrico/Documentos/backup/AULA/Alura/Engenharia de dados/projeto_airflow/airflowalura/dags/atividade_aula_4.py took 0.062 seconds
[2024-04-27 09:58:27,781] {processor.py:153} INFO - Started process (PID=97197) to work on /home/enrico/Documentos/backup/AULA/Alura/Engenharia de dados/projeto_airflow/airflowalura/dags/atividade_aula_4.py
[2024-04-27 09:58:27,784] {processor.py:641} INFO - Processing file /home/enrico/Documentos/backup/AULA/Alura/Engenharia de dados/projeto_airflow/airflowalura/dags/atividade_aula_4.py for tasks to queue
[2024-04-27 09:58:27,785] {logging_mixin.py:115} INFO - [2024-04-27 09:58:27,785] {dagbag.py:507} INFO - Filling up the DagBag from /home/enrico/Documentos/backup/AULA/Alura/Engenharia de dados/projeto_airflow/airflowalura/dags/atividade_aula_4.py
[2024-04-27 09:58:27,801] {processor.py:651} INFO - DAG(s) dict_keys(['atividade-aula_4']) retrieved from /home/enrico/Documentos/backup/AULA/Alura/Engenharia de dados/projeto_airflow/airflowalura/dags/atividade_aula_4.py
[2024-04-27 09:58:27,818] {logging_mixin.py:115} INFO - [2024-04-27 09:58:27,818] {dag.py:2379} INFO - Sync 1 DAGs
[2024-04-27 09:58:27,831] {logging_mixin.py:115} INFO - [2024-04-27 09:58:27,831] {dag.py:2927} INFO - Setting next_dagrun for atividade-aula_4 to 2024-04-26T00:00:00+00:00, run_after=2024-04-27T00:00:00+00:00
[2024-04-27 09:58:27,842] {processor.py:161} INFO - Processing /home/enrico/Documentos/backup/AULA/Alura/Engenharia de dados/projeto_airflow/airflowalura/dags/atividade_aula_4.py took 0.067 seconds
[2024-04-27 09:59:01,803] {processor.py:153} INFO - Started process (PID=97260) to work on /home/enrico/Documentos/backup/AULA/Alura/Engenharia de dados/projeto_airflow/airflowalura/dags/atividade_aula_4.py
[2024-04-27 09:59:01,805] {processor.py:641} INFO - Processing file /home/enrico/Documentos/backup/AULA/Alura/Engenharia de dados/projeto_airflow/airflowalura/dags/atividade_aula_4.py for tasks to queue
[2024-04-27 09:59:01,806] {logging_mixin.py:115} INFO - [2024-04-27 09:59:01,805] {dagbag.py:507} INFO - Filling up the DagBag from /home/enrico/Documentos/backup/AULA/Alura/Engenharia de dados/projeto_airflow/airflowalura/dags/atividade_aula_4.py
[2024-04-27 09:59:01,821] {processor.py:651} INFO - DAG(s) dict_keys(['atividade-aula_4']) retrieved from /home/enrico/Documentos/backup/AULA/Alura/Engenharia de dados/projeto_airflow/airflowalura/dags/atividade_aula_4.py
[2024-04-27 09:59:01,839] {logging_mixin.py:115} INFO - [2024-04-27 09:59:01,839] {dag.py:2379} INFO - Sync 1 DAGs
[2024-04-27 09:59:01,849] {logging_mixin.py:115} INFO - [2024-04-27 09:59:01,849] {dag.py:2927} INFO - Setting next_dagrun for atividade-aula_4 to 2024-04-26T00:00:00+00:00, run_after=2024-04-27T00:00:00+00:00
[2024-04-27 09:59:01,862] {processor.py:161} INFO - Processing /home/enrico/Documentos/backup/AULA/Alura/Engenharia de dados/projeto_airflow/airflowalura/dags/atividade_aula_4.py took 0.064 seconds
[2024-04-27 09:59:34,629] {processor.py:153} INFO - Started process (PID=97320) to work on /home/enrico/Documentos/backup/AULA/Alura/Engenharia de dados/projeto_airflow/airflowalura/dags/atividade_aula_4.py
[2024-04-27 09:59:34,630] {processor.py:641} INFO - Processing file /home/enrico/Documentos/backup/AULA/Alura/Engenharia de dados/projeto_airflow/airflowalura/dags/atividade_aula_4.py for tasks to queue
[2024-04-27 09:59:34,631] {logging_mixin.py:115} INFO - [2024-04-27 09:59:34,631] {dagbag.py:507} INFO - Filling up the DagBag from /home/enrico/Documentos/backup/AULA/Alura/Engenharia de dados/projeto_airflow/airflowalura/dags/atividade_aula_4.py
[2024-04-27 09:59:34,647] {processor.py:651} INFO - DAG(s) dict_keys(['atividade-aula_4']) retrieved from /home/enrico/Documentos/backup/AULA/Alura/Engenharia de dados/projeto_airflow/airflowalura/dags/atividade_aula_4.py
[2024-04-27 09:59:34,664] {logging_mixin.py:115} INFO - [2024-04-27 09:59:34,664] {dag.py:2379} INFO - Sync 1 DAGs
[2024-04-27 09:59:34,677] {logging_mixin.py:115} INFO - [2024-04-27 09:59:34,677] {dag.py:2927} INFO - Setting next_dagrun for atividade-aula_4 to 2024-04-26T00:00:00+00:00, run_after=2024-04-27T00:00:00+00:00
[2024-04-27 09:59:34,687] {processor.py:161} INFO - Processing /home/enrico/Documentos/backup/AULA/Alura/Engenharia de dados/projeto_airflow/airflowalura/dags/atividade_aula_4.py took 0.064 seconds
[2024-04-27 10:00:07,983] {processor.py:153} INFO - Started process (PID=97368) to work on /home/enrico/Documentos/backup/AULA/Alura/Engenharia de dados/projeto_airflow/airflowalura/dags/atividade_aula_4.py
[2024-04-27 10:00:07,987] {processor.py:641} INFO - Processing file /home/enrico/Documentos/backup/AULA/Alura/Engenharia de dados/projeto_airflow/airflowalura/dags/atividade_aula_4.py for tasks to queue
[2024-04-27 10:00:07,988] {logging_mixin.py:115} INFO - [2024-04-27 10:00:07,988] {dagbag.py:507} INFO - Filling up the DagBag from /home/enrico/Documentos/backup/AULA/Alura/Engenharia de dados/projeto_airflow/airflowalura/dags/atividade_aula_4.py
[2024-04-27 10:00:08,009] {processor.py:651} INFO - DAG(s) dict_keys(['atividade-aula_4']) retrieved from /home/enrico/Documentos/backup/AULA/Alura/Engenharia de dados/projeto_airflow/airflowalura/dags/atividade_aula_4.py
[2024-04-27 10:00:08,023] {logging_mixin.py:115} INFO - [2024-04-27 10:00:08,023] {dag.py:2379} INFO - Sync 1 DAGs
[2024-04-27 10:00:08,036] {logging_mixin.py:115} INFO - [2024-04-27 10:00:08,036] {dag.py:2927} INFO - Setting next_dagrun for atividade-aula_4 to 2024-04-26T00:00:00+00:00, run_after=2024-04-27T00:00:00+00:00
[2024-04-27 10:00:08,046] {processor.py:161} INFO - Processing /home/enrico/Documentos/backup/AULA/Alura/Engenharia de dados/projeto_airflow/airflowalura/dags/atividade_aula_4.py took 0.068 seconds
[2024-04-27 10:00:44,320] {processor.py:153} INFO - Started process (PID=97422) to work on /home/enrico/Documentos/backup/AULA/Alura/Engenharia de dados/projeto_airflow/airflowalura/dags/atividade_aula_4.py
[2024-04-27 10:00:44,321] {processor.py:641} INFO - Processing file /home/enrico/Documentos/backup/AULA/Alura/Engenharia de dados/projeto_airflow/airflowalura/dags/atividade_aula_4.py for tasks to queue
[2024-04-27 10:00:44,322] {logging_mixin.py:115} INFO - [2024-04-27 10:00:44,322] {dagbag.py:507} INFO - Filling up the DagBag from /home/enrico/Documentos/backup/AULA/Alura/Engenharia de dados/projeto_airflow/airflowalura/dags/atividade_aula_4.py
[2024-04-27 10:00:44,341] {processor.py:651} INFO - DAG(s) dict_keys(['atividade-aula_4']) retrieved from /home/enrico/Documentos/backup/AULA/Alura/Engenharia de dados/projeto_airflow/airflowalura/dags/atividade_aula_4.py
[2024-04-27 10:00:44,354] {logging_mixin.py:115} INFO - [2024-04-27 10:00:44,354] {dag.py:2379} INFO - Sync 1 DAGs
[2024-04-27 10:00:44,367] {logging_mixin.py:115} INFO - [2024-04-27 10:00:44,366] {dag.py:2927} INFO - Setting next_dagrun for atividade-aula_4 to 2024-04-26T00:00:00+00:00, run_after=2024-04-27T00:00:00+00:00
[2024-04-27 10:00:44,375] {processor.py:161} INFO - Processing /home/enrico/Documentos/backup/AULA/Alura/Engenharia de dados/projeto_airflow/airflowalura/dags/atividade_aula_4.py took 0.061 seconds
[2024-04-27 10:01:19,336] {processor.py:153} INFO - Started process (PID=97499) to work on /home/enrico/Documentos/backup/AULA/Alura/Engenharia de dados/projeto_airflow/airflowalura/dags/atividade_aula_4.py
[2024-04-27 10:01:19,339] {processor.py:641} INFO - Processing file /home/enrico/Documentos/backup/AULA/Alura/Engenharia de dados/projeto_airflow/airflowalura/dags/atividade_aula_4.py for tasks to queue
[2024-04-27 10:01:19,340] {logging_mixin.py:115} INFO - [2024-04-27 10:01:19,340] {dagbag.py:507} INFO - Filling up the DagBag from /home/enrico/Documentos/backup/AULA/Alura/Engenharia de dados/projeto_airflow/airflowalura/dags/atividade_aula_4.py
[2024-04-27 10:01:19,360] {processor.py:651} INFO - DAG(s) dict_keys(['atividade-aula_4']) retrieved from /home/enrico/Documentos/backup/AULA/Alura/Engenharia de dados/projeto_airflow/airflowalura/dags/atividade_aula_4.py
[2024-04-27 10:01:19,373] {logging_mixin.py:115} INFO - [2024-04-27 10:01:19,373] {dag.py:2379} INFO - Sync 1 DAGs
[2024-04-27 10:01:19,385] {logging_mixin.py:115} INFO - [2024-04-27 10:01:19,385] {dag.py:2927} INFO - Setting next_dagrun for atividade-aula_4 to 2024-04-26T00:00:00+00:00, run_after=2024-04-27T00:00:00+00:00
[2024-04-27 10:01:19,398] {processor.py:161} INFO - Processing /home/enrico/Documentos/backup/AULA/Alura/Engenharia de dados/projeto_airflow/airflowalura/dags/atividade_aula_4.py took 0.069 seconds
[2024-04-27 10:01:53,603] {processor.py:153} INFO - Started process (PID=97547) to work on /home/enrico/Documentos/backup/AULA/Alura/Engenharia de dados/projeto_airflow/airflowalura/dags/atividade_aula_4.py
[2024-04-27 10:01:53,606] {processor.py:641} INFO - Processing file /home/enrico/Documentos/backup/AULA/Alura/Engenharia de dados/projeto_airflow/airflowalura/dags/atividade_aula_4.py for tasks to queue
[2024-04-27 10:01:53,607] {logging_mixin.py:115} INFO - [2024-04-27 10:01:53,607] {dagbag.py:507} INFO - Filling up the DagBag from /home/enrico/Documentos/backup/AULA/Alura/Engenharia de dados/projeto_airflow/airflowalura/dags/atividade_aula_4.py
[2024-04-27 10:01:53,614] {processor.py:651} INFO - DAG(s) dict_keys(['atividade-aula_4']) retrieved from /home/enrico/Documentos/backup/AULA/Alura/Engenharia de dados/projeto_airflow/airflowalura/dags/atividade_aula_4.py
[2024-04-27 10:01:53,623] {logging_mixin.py:115} INFO - [2024-04-27 10:01:53,623] {dag.py:2379} INFO - Sync 1 DAGs
[2024-04-27 10:01:53,635] {logging_mixin.py:115} INFO - [2024-04-27 10:01:53,635] {dag.py:2927} INFO - Setting next_dagrun for atividade-aula_4 to 2024-04-26T00:00:00+00:00, run_after=2024-04-27T00:00:00+00:00
[2024-04-27 10:01:53,646] {processor.py:161} INFO - Processing /home/enrico/Documentos/backup/AULA/Alura/Engenharia de dados/projeto_airflow/airflowalura/dags/atividade_aula_4.py took 0.044 seconds
[2024-04-27 10:02:25,734] {processor.py:153} INFO - Started process (PID=97659) to work on /home/enrico/Documentos/backup/AULA/Alura/Engenharia de dados/projeto_airflow/airflowalura/dags/atividade_aula_4.py
[2024-04-27 10:02:25,737] {processor.py:641} INFO - Processing file /home/enrico/Documentos/backup/AULA/Alura/Engenharia de dados/projeto_airflow/airflowalura/dags/atividade_aula_4.py for tasks to queue
[2024-04-27 10:02:25,737] {logging_mixin.py:115} INFO - [2024-04-27 10:02:25,737] {dagbag.py:507} INFO - Filling up the DagBag from /home/enrico/Documentos/backup/AULA/Alura/Engenharia de dados/projeto_airflow/airflowalura/dags/atividade_aula_4.py
[2024-04-27 10:02:25,743] {processor.py:651} INFO - DAG(s) dict_keys(['atividade-aula_4']) retrieved from /home/enrico/Documentos/backup/AULA/Alura/Engenharia de dados/projeto_airflow/airflowalura/dags/atividade_aula_4.py
[2024-04-27 10:02:25,750] {logging_mixin.py:115} INFO - [2024-04-27 10:02:25,750] {dag.py:2379} INFO - Sync 1 DAGs
[2024-04-27 10:02:25,760] {logging_mixin.py:115} INFO - [2024-04-27 10:02:25,760] {dag.py:2927} INFO - Setting next_dagrun for atividade-aula_4 to 2024-04-26T00:00:00+00:00, run_after=2024-04-27T00:00:00+00:00
[2024-04-27 10:02:25,770] {processor.py:161} INFO - Processing /home/enrico/Documentos/backup/AULA/Alura/Engenharia de dados/projeto_airflow/airflowalura/dags/atividade_aula_4.py took 0.037 seconds
[2024-04-27 10:03:01,345] {processor.py:153} INFO - Started process (PID=97871) to work on /home/enrico/Documentos/backup/AULA/Alura/Engenharia de dados/projeto_airflow/airflowalura/dags/atividade_aula_4.py
[2024-04-27 10:03:01,348] {processor.py:641} INFO - Processing file /home/enrico/Documentos/backup/AULA/Alura/Engenharia de dados/projeto_airflow/airflowalura/dags/atividade_aula_4.py for tasks to queue
[2024-04-27 10:03:01,348] {logging_mixin.py:115} INFO - [2024-04-27 10:03:01,348] {dagbag.py:507} INFO - Filling up the DagBag from /home/enrico/Documentos/backup/AULA/Alura/Engenharia de dados/projeto_airflow/airflowalura/dags/atividade_aula_4.py
[2024-04-27 10:03:01,359] {processor.py:651} INFO - DAG(s) dict_keys(['atividade-aula_4']) retrieved from /home/enrico/Documentos/backup/AULA/Alura/Engenharia de dados/projeto_airflow/airflowalura/dags/atividade_aula_4.py
[2024-04-27 10:03:01,374] {logging_mixin.py:115} INFO - [2024-04-27 10:03:01,373] {dag.py:2379} INFO - Sync 1 DAGs
[2024-04-27 10:03:01,389] {logging_mixin.py:115} INFO - [2024-04-27 10:03:01,389] {dag.py:2927} INFO - Setting next_dagrun for atividade-aula_4 to 2024-04-26T00:00:00+00:00, run_after=2024-04-27T00:00:00+00:00
[2024-04-27 10:03:01,400] {processor.py:161} INFO - Processing /home/enrico/Documentos/backup/AULA/Alura/Engenharia de dados/projeto_airflow/airflowalura/dags/atividade_aula_4.py took 0.057 seconds
[2024-04-27 10:03:35,697] {processor.py:153} INFO - Started process (PID=98082) to work on /home/enrico/Documentos/backup/AULA/Alura/Engenharia de dados/projeto_airflow/airflowalura/dags/atividade_aula_4.py
[2024-04-27 10:03:35,699] {processor.py:641} INFO - Processing file /home/enrico/Documentos/backup/AULA/Alura/Engenharia de dados/projeto_airflow/airflowalura/dags/atividade_aula_4.py for tasks to queue
[2024-04-27 10:03:35,700] {logging_mixin.py:115} INFO - [2024-04-27 10:03:35,700] {dagbag.py:507} INFO - Filling up the DagBag from /home/enrico/Documentos/backup/AULA/Alura/Engenharia de dados/projeto_airflow/airflowalura/dags/atividade_aula_4.py
[2024-04-27 10:03:35,721] {processor.py:651} INFO - DAG(s) dict_keys(['atividade-aula_4']) retrieved from /home/enrico/Documentos/backup/AULA/Alura/Engenharia de dados/projeto_airflow/airflowalura/dags/atividade_aula_4.py
[2024-04-27 10:03:35,735] {logging_mixin.py:115} INFO - [2024-04-27 10:03:35,735] {dag.py:2379} INFO - Sync 1 DAGs
[2024-04-27 10:03:35,748] {logging_mixin.py:115} INFO - [2024-04-27 10:03:35,748] {dag.py:2927} INFO - Setting next_dagrun for atividade-aula_4 to 2024-04-26T00:00:00+00:00, run_after=2024-04-27T00:00:00+00:00
[2024-04-27 10:03:35,756] {processor.py:161} INFO - Processing /home/enrico/Documentos/backup/AULA/Alura/Engenharia de dados/projeto_airflow/airflowalura/dags/atividade_aula_4.py took 0.066 seconds
[2024-04-27 10:04:10,303] {processor.py:153} INFO - Started process (PID=98296) to work on /home/enrico/Documentos/backup/AULA/Alura/Engenharia de dados/projeto_airflow/airflowalura/dags/atividade_aula_4.py
[2024-04-27 10:04:10,303] {processor.py:641} INFO - Processing file /home/enrico/Documentos/backup/AULA/Alura/Engenharia de dados/projeto_airflow/airflowalura/dags/atividade_aula_4.py for tasks to queue
[2024-04-27 10:04:10,304] {logging_mixin.py:115} INFO - [2024-04-27 10:04:10,304] {dagbag.py:507} INFO - Filling up the DagBag from /home/enrico/Documentos/backup/AULA/Alura/Engenharia de dados/projeto_airflow/airflowalura/dags/atividade_aula_4.py
[2024-04-27 10:04:10,310] {processor.py:651} INFO - DAG(s) dict_keys(['atividade-aula_4']) retrieved from /home/enrico/Documentos/backup/AULA/Alura/Engenharia de dados/projeto_airflow/airflowalura/dags/atividade_aula_4.py
[2024-04-27 10:04:10,317] {logging_mixin.py:115} INFO - [2024-04-27 10:04:10,317] {dag.py:2379} INFO - Sync 1 DAGs
[2024-04-27 10:04:10,329] {logging_mixin.py:115} INFO - [2024-04-27 10:04:10,329] {dag.py:2927} INFO - Setting next_dagrun for atividade-aula_4 to 2024-04-26T00:00:00+00:00, run_after=2024-04-27T00:00:00+00:00
[2024-04-27 10:04:10,341] {processor.py:161} INFO - Processing /home/enrico/Documentos/backup/AULA/Alura/Engenharia de dados/projeto_airflow/airflowalura/dags/atividade_aula_4.py took 0.040 seconds
[2024-04-27 10:04:44,812] {processor.py:153} INFO - Started process (PID=98522) to work on /home/enrico/Documentos/backup/AULA/Alura/Engenharia de dados/projeto_airflow/airflowalura/dags/atividade_aula_4.py
[2024-04-27 10:04:44,813] {processor.py:641} INFO - Processing file /home/enrico/Documentos/backup/AULA/Alura/Engenharia de dados/projeto_airflow/airflowalura/dags/atividade_aula_4.py for tasks to queue
[2024-04-27 10:04:44,814] {logging_mixin.py:115} INFO - [2024-04-27 10:04:44,814] {dagbag.py:507} INFO - Filling up the DagBag from /home/enrico/Documentos/backup/AULA/Alura/Engenharia de dados/projeto_airflow/airflowalura/dags/atividade_aula_4.py
[2024-04-27 10:04:44,830] {processor.py:651} INFO - DAG(s) dict_keys(['atividade-aula_4']) retrieved from /home/enrico/Documentos/backup/AULA/Alura/Engenharia de dados/projeto_airflow/airflowalura/dags/atividade_aula_4.py
[2024-04-27 10:04:44,844] {logging_mixin.py:115} INFO - [2024-04-27 10:04:44,844] {dag.py:2379} INFO - Sync 1 DAGs
[2024-04-27 10:04:44,857] {logging_mixin.py:115} INFO - [2024-04-27 10:04:44,857] {dag.py:2927} INFO - Setting next_dagrun for atividade-aula_4 to 2024-04-26T00:00:00+00:00, run_after=2024-04-27T00:00:00+00:00
[2024-04-27 10:04:44,866] {processor.py:161} INFO - Processing /home/enrico/Documentos/backup/AULA/Alura/Engenharia de dados/projeto_airflow/airflowalura/dags/atividade_aula_4.py took 0.059 seconds
