[2024-04-27 09:49:54,586] {processor.py:153} INFO - Started process (PID=95784) to work on /home/enrico/Documentos/backup/AULA/Alura/Engenharia de dados/projeto_airflow/airflowalura/dags/dados_climaticos.py
[2024-04-27 09:49:54,587] {processor.py:641} INFO - Processing file /home/enrico/Documentos/backup/AULA/Alura/Engenharia de dados/projeto_airflow/airflowalura/dags/dados_climaticos.py for tasks to queue
[2024-04-27 09:49:54,587] {logging_mixin.py:115} INFO - [2024-04-27 09:49:54,587] {dagbag.py:507} INFO - Filling up the DagBag from /home/enrico/Documentos/backup/AULA/Alura/Engenharia de dados/projeto_airflow/airflowalura/dags/dados_climaticos.py
[2024-04-27 09:49:54,859] {processor.py:651} INFO - DAG(s) dict_keys(['dados_climaticos2']) retrieved from /home/enrico/Documentos/backup/AULA/Alura/Engenharia de dados/projeto_airflow/airflowalura/dags/dados_climaticos.py
[2024-04-27 09:49:54,865] {logging_mixin.py:115} INFO - [2024-04-27 09:49:54,865] {dag.py:2379} INFO - Sync 1 DAGs
[2024-04-27 09:49:54,876] {logging_mixin.py:115} INFO - [2024-04-27 09:49:54,876] {dag.py:2927} INFO - Setting next_dagrun for dados_climaticos2 to 2024-04-22T00:00:00+00:00, run_after=2024-04-29T00:00:00+00:00
[2024-04-27 09:49:54,886] {processor.py:161} INFO - Processing /home/enrico/Documentos/backup/AULA/Alura/Engenharia de dados/projeto_airflow/airflowalura/dags/dados_climaticos.py took 0.301 seconds
[2024-04-27 09:50:29,662] {processor.py:153} INFO - Started process (PID=95945) to work on /home/enrico/Documentos/backup/AULA/Alura/Engenharia de dados/projeto_airflow/airflowalura/dags/dados_climaticos.py
[2024-04-27 09:50:29,665] {processor.py:641} INFO - Processing file /home/enrico/Documentos/backup/AULA/Alura/Engenharia de dados/projeto_airflow/airflowalura/dags/dados_climaticos.py for tasks to queue
[2024-04-27 09:50:29,665] {logging_mixin.py:115} INFO - [2024-04-27 09:50:29,665] {dagbag.py:507} INFO - Filling up the DagBag from /home/enrico/Documentos/backup/AULA/Alura/Engenharia de dados/projeto_airflow/airflowalura/dags/dados_climaticos.py
[2024-04-27 09:50:29,851] {processor.py:651} INFO - DAG(s) dict_keys(['dados_climaticos2']) retrieved from /home/enrico/Documentos/backup/AULA/Alura/Engenharia de dados/projeto_airflow/airflowalura/dags/dados_climaticos.py
[2024-04-27 09:50:29,857] {logging_mixin.py:115} INFO - [2024-04-27 09:50:29,857] {dag.py:2379} INFO - Sync 1 DAGs
[2024-04-27 09:50:29,869] {logging_mixin.py:115} INFO - [2024-04-27 09:50:29,869] {dag.py:2927} INFO - Setting next_dagrun for dados_climaticos2 to 2024-04-22T00:00:00+00:00, run_after=2024-04-29T00:00:00+00:00
[2024-04-27 09:50:29,880] {processor.py:161} INFO - Processing /home/enrico/Documentos/backup/AULA/Alura/Engenharia de dados/projeto_airflow/airflowalura/dags/dados_climaticos.py took 0.220 seconds
[2024-04-27 09:51:01,118] {processor.py:153} INFO - Started process (PID=96137) to work on /home/enrico/Documentos/backup/AULA/Alura/Engenharia de dados/projeto_airflow/airflowalura/dags/dados_climaticos.py
[2024-04-27 09:51:01,119] {processor.py:641} INFO - Processing file /home/enrico/Documentos/backup/AULA/Alura/Engenharia de dados/projeto_airflow/airflowalura/dags/dados_climaticos.py for tasks to queue
[2024-04-27 09:51:01,119] {logging_mixin.py:115} INFO - [2024-04-27 09:51:01,119] {dagbag.py:507} INFO - Filling up the DagBag from /home/enrico/Documentos/backup/AULA/Alura/Engenharia de dados/projeto_airflow/airflowalura/dags/dados_climaticos.py
[2024-04-27 09:51:01,292] {processor.py:651} INFO - DAG(s) dict_keys(['dados_climaticos2']) retrieved from /home/enrico/Documentos/backup/AULA/Alura/Engenharia de dados/projeto_airflow/airflowalura/dags/dados_climaticos.py
[2024-04-27 09:51:01,312] {logging_mixin.py:115} INFO - [2024-04-27 09:51:01,312] {dag.py:2379} INFO - Sync 1 DAGs
[2024-04-27 09:51:01,321] {logging_mixin.py:115} INFO - [2024-04-27 09:51:01,321] {dag.py:2927} INFO - Setting next_dagrun for dados_climaticos2 to 2024-04-22T00:00:00+00:00, run_after=2024-04-29T00:00:00+00:00
[2024-04-27 09:51:01,331] {processor.py:161} INFO - Processing /home/enrico/Documentos/backup/AULA/Alura/Engenharia de dados/projeto_airflow/airflowalura/dags/dados_climaticos.py took 0.214 seconds
[2024-04-27 09:51:33,352] {processor.py:153} INFO - Started process (PID=96348) to work on /home/enrico/Documentos/backup/AULA/Alura/Engenharia de dados/projeto_airflow/airflowalura/dags/dados_climaticos.py
[2024-04-27 09:51:33,353] {processor.py:641} INFO - Processing file /home/enrico/Documentos/backup/AULA/Alura/Engenharia de dados/projeto_airflow/airflowalura/dags/dados_climaticos.py for tasks to queue
[2024-04-27 09:51:33,353] {logging_mixin.py:115} INFO - [2024-04-27 09:51:33,353] {dagbag.py:507} INFO - Filling up the DagBag from /home/enrico/Documentos/backup/AULA/Alura/Engenharia de dados/projeto_airflow/airflowalura/dags/dados_climaticos.py
[2024-04-27 09:51:33,528] {processor.py:651} INFO - DAG(s) dict_keys(['dados_climaticos2']) retrieved from /home/enrico/Documentos/backup/AULA/Alura/Engenharia de dados/projeto_airflow/airflowalura/dags/dados_climaticos.py
[2024-04-27 09:51:33,534] {logging_mixin.py:115} INFO - [2024-04-27 09:51:33,534] {dag.py:2379} INFO - Sync 1 DAGs
[2024-04-27 09:51:33,542] {logging_mixin.py:115} INFO - [2024-04-27 09:51:33,542] {dag.py:2927} INFO - Setting next_dagrun for dados_climaticos2 to 2024-04-22T00:00:00+00:00, run_after=2024-04-29T00:00:00+00:00
[2024-04-27 09:51:33,552] {processor.py:161} INFO - Processing /home/enrico/Documentos/backup/AULA/Alura/Engenharia de dados/projeto_airflow/airflowalura/dags/dados_climaticos.py took 0.201 seconds
[2024-04-27 09:52:12,167] {processor.py:153} INFO - Started process (PID=96448) to work on /home/enrico/Documentos/backup/AULA/Alura/Engenharia de dados/projeto_airflow/airflowalura/dags/dados_climaticos.py
[2024-04-27 09:52:12,167] {processor.py:641} INFO - Processing file /home/enrico/Documentos/backup/AULA/Alura/Engenharia de dados/projeto_airflow/airflowalura/dags/dados_climaticos.py for tasks to queue
[2024-04-27 09:52:12,168] {logging_mixin.py:115} INFO - [2024-04-27 09:52:12,168] {dagbag.py:507} INFO - Filling up the DagBag from /home/enrico/Documentos/backup/AULA/Alura/Engenharia de dados/projeto_airflow/airflowalura/dags/dados_climaticos.py
[2024-04-27 09:52:12,352] {processor.py:651} INFO - DAG(s) dict_keys(['dados_climaticos2']) retrieved from /home/enrico/Documentos/backup/AULA/Alura/Engenharia de dados/projeto_airflow/airflowalura/dags/dados_climaticos.py
[2024-04-27 09:52:12,357] {logging_mixin.py:115} INFO - [2024-04-27 09:52:12,357] {dag.py:2379} INFO - Sync 1 DAGs
[2024-04-27 09:52:12,367] {logging_mixin.py:115} INFO - [2024-04-27 09:52:12,366] {dag.py:2927} INFO - Setting next_dagrun for dados_climaticos2 to 2024-04-22T00:00:00+00:00, run_after=2024-04-29T00:00:00+00:00
[2024-04-27 09:52:12,375] {processor.py:161} INFO - Processing /home/enrico/Documentos/backup/AULA/Alura/Engenharia de dados/projeto_airflow/airflowalura/dags/dados_climaticos.py took 0.210 seconds
[2024-04-27 09:52:46,517] {processor.py:153} INFO - Started process (PID=96599) to work on /home/enrico/Documentos/backup/AULA/Alura/Engenharia de dados/projeto_airflow/airflowalura/dags/dados_climaticos.py
[2024-04-27 09:52:46,520] {processor.py:641} INFO - Processing file /home/enrico/Documentos/backup/AULA/Alura/Engenharia de dados/projeto_airflow/airflowalura/dags/dados_climaticos.py for tasks to queue
[2024-04-27 09:52:46,520] {logging_mixin.py:115} INFO - [2024-04-27 09:52:46,520] {dagbag.py:507} INFO - Filling up the DagBag from /home/enrico/Documentos/backup/AULA/Alura/Engenharia de dados/projeto_airflow/airflowalura/dags/dados_climaticos.py
[2024-04-27 09:52:46,716] {processor.py:651} INFO - DAG(s) dict_keys(['dados_climaticos2']) retrieved from /home/enrico/Documentos/backup/AULA/Alura/Engenharia de dados/projeto_airflow/airflowalura/dags/dados_climaticos.py
[2024-04-27 09:52:46,722] {logging_mixin.py:115} INFO - [2024-04-27 09:52:46,721] {dag.py:2379} INFO - Sync 1 DAGs
[2024-04-27 09:52:46,732] {logging_mixin.py:115} INFO - [2024-04-27 09:52:46,732] {dag.py:2927} INFO - Setting next_dagrun for dados_climaticos2 to 2024-04-22T00:00:00+00:00, run_after=2024-04-29T00:00:00+00:00
[2024-04-27 09:52:46,741] {processor.py:161} INFO - Processing /home/enrico/Documentos/backup/AULA/Alura/Engenharia de dados/projeto_airflow/airflowalura/dags/dados_climaticos.py took 0.225 seconds
[2024-04-27 09:53:21,503] {processor.py:153} INFO - Started process (PID=96646) to work on /home/enrico/Documentos/backup/AULA/Alura/Engenharia de dados/projeto_airflow/airflowalura/dags/dados_climaticos.py
[2024-04-27 09:53:21,505] {processor.py:641} INFO - Processing file /home/enrico/Documentos/backup/AULA/Alura/Engenharia de dados/projeto_airflow/airflowalura/dags/dados_climaticos.py for tasks to queue
[2024-04-27 09:53:21,506] {logging_mixin.py:115} INFO - [2024-04-27 09:53:21,506] {dagbag.py:507} INFO - Filling up the DagBag from /home/enrico/Documentos/backup/AULA/Alura/Engenharia de dados/projeto_airflow/airflowalura/dags/dados_climaticos.py
[2024-04-27 09:53:21,678] {processor.py:651} INFO - DAG(s) dict_keys(['dados_climaticos2']) retrieved from /home/enrico/Documentos/backup/AULA/Alura/Engenharia de dados/projeto_airflow/airflowalura/dags/dados_climaticos.py
[2024-04-27 09:53:21,683] {logging_mixin.py:115} INFO - [2024-04-27 09:53:21,683] {dag.py:2379} INFO - Sync 1 DAGs
[2024-04-27 09:53:21,692] {logging_mixin.py:115} INFO - [2024-04-27 09:53:21,692] {dag.py:2927} INFO - Setting next_dagrun for dados_climaticos2 to 2024-04-22T00:00:00+00:00, run_after=2024-04-29T00:00:00+00:00
[2024-04-27 09:53:21,706] {processor.py:161} INFO - Processing /home/enrico/Documentos/backup/AULA/Alura/Engenharia de dados/projeto_airflow/airflowalura/dags/dados_climaticos.py took 0.205 seconds
[2024-04-27 09:53:57,565] {processor.py:153} INFO - Started process (PID=96695) to work on /home/enrico/Documentos/backup/AULA/Alura/Engenharia de dados/projeto_airflow/airflowalura/dags/dados_climaticos.py
[2024-04-27 09:53:57,568] {processor.py:641} INFO - Processing file /home/enrico/Documentos/backup/AULA/Alura/Engenharia de dados/projeto_airflow/airflowalura/dags/dados_climaticos.py for tasks to queue
[2024-04-27 09:53:57,569] {logging_mixin.py:115} INFO - [2024-04-27 09:53:57,569] {dagbag.py:507} INFO - Filling up the DagBag from /home/enrico/Documentos/backup/AULA/Alura/Engenharia de dados/projeto_airflow/airflowalura/dags/dados_climaticos.py
[2024-04-27 09:53:57,761] {processor.py:651} INFO - DAG(s) dict_keys(['dados_climaticos2']) retrieved from /home/enrico/Documentos/backup/AULA/Alura/Engenharia de dados/projeto_airflow/airflowalura/dags/dados_climaticos.py
[2024-04-27 09:53:57,767] {logging_mixin.py:115} INFO - [2024-04-27 09:53:57,767] {dag.py:2379} INFO - Sync 1 DAGs
[2024-04-27 09:53:57,777] {logging_mixin.py:115} INFO - [2024-04-27 09:53:57,777] {dag.py:2927} INFO - Setting next_dagrun for dados_climaticos2 to 2024-04-22T00:00:00+00:00, run_after=2024-04-29T00:00:00+00:00
[2024-04-27 09:53:57,789] {processor.py:161} INFO - Processing /home/enrico/Documentos/backup/AULA/Alura/Engenharia de dados/projeto_airflow/airflowalura/dags/dados_climaticos.py took 0.226 seconds
[2024-04-27 09:54:29,662] {processor.py:153} INFO - Started process (PID=96742) to work on /home/enrico/Documentos/backup/AULA/Alura/Engenharia de dados/projeto_airflow/airflowalura/dags/dados_climaticos.py
[2024-04-27 09:54:29,663] {processor.py:641} INFO - Processing file /home/enrico/Documentos/backup/AULA/Alura/Engenharia de dados/projeto_airflow/airflowalura/dags/dados_climaticos.py for tasks to queue
[2024-04-27 09:54:29,664] {logging_mixin.py:115} INFO - [2024-04-27 09:54:29,664] {dagbag.py:507} INFO - Filling up the DagBag from /home/enrico/Documentos/backup/AULA/Alura/Engenharia de dados/projeto_airflow/airflowalura/dags/dados_climaticos.py
[2024-04-27 09:54:29,865] {processor.py:651} INFO - DAG(s) dict_keys(['dados_climaticos2']) retrieved from /home/enrico/Documentos/backup/AULA/Alura/Engenharia de dados/projeto_airflow/airflowalura/dags/dados_climaticos.py
[2024-04-27 09:54:29,871] {logging_mixin.py:115} INFO - [2024-04-27 09:54:29,871] {dag.py:2379} INFO - Sync 1 DAGs
[2024-04-27 09:54:29,879] {logging_mixin.py:115} INFO - [2024-04-27 09:54:29,879] {dag.py:2927} INFO - Setting next_dagrun for dados_climaticos2 to 2024-04-22T00:00:00+00:00, run_after=2024-04-29T00:00:00+00:00
[2024-04-27 09:54:29,888] {processor.py:161} INFO - Processing /home/enrico/Documentos/backup/AULA/Alura/Engenharia de dados/projeto_airflow/airflowalura/dags/dados_climaticos.py took 0.232 seconds
[2024-04-27 09:55:01,627] {processor.py:153} INFO - Started process (PID=96803) to work on /home/enrico/Documentos/backup/AULA/Alura/Engenharia de dados/projeto_airflow/airflowalura/dags/dados_climaticos.py
[2024-04-27 09:55:01,631] {processor.py:641} INFO - Processing file /home/enrico/Documentos/backup/AULA/Alura/Engenharia de dados/projeto_airflow/airflowalura/dags/dados_climaticos.py for tasks to queue
[2024-04-27 09:55:01,632] {logging_mixin.py:115} INFO - [2024-04-27 09:55:01,632] {dagbag.py:507} INFO - Filling up the DagBag from /home/enrico/Documentos/backup/AULA/Alura/Engenharia de dados/projeto_airflow/airflowalura/dags/dados_climaticos.py
[2024-04-27 09:55:01,828] {processor.py:651} INFO - DAG(s) dict_keys(['dados_climaticos2']) retrieved from /home/enrico/Documentos/backup/AULA/Alura/Engenharia de dados/projeto_airflow/airflowalura/dags/dados_climaticos.py
[2024-04-27 09:55:01,834] {logging_mixin.py:115} INFO - [2024-04-27 09:55:01,834] {dag.py:2379} INFO - Sync 1 DAGs
[2024-04-27 09:55:01,842] {logging_mixin.py:115} INFO - [2024-04-27 09:55:01,842] {dag.py:2927} INFO - Setting next_dagrun for dados_climaticos2 to 2024-04-22T00:00:00+00:00, run_after=2024-04-29T00:00:00+00:00
[2024-04-27 09:55:01,856] {processor.py:161} INFO - Processing /home/enrico/Documentos/backup/AULA/Alura/Engenharia de dados/projeto_airflow/airflowalura/dags/dados_climaticos.py took 0.235 seconds
[2024-04-27 09:55:35,349] {processor.py:153} INFO - Started process (PID=96859) to work on /home/enrico/Documentos/backup/AULA/Alura/Engenharia de dados/projeto_airflow/airflowalura/dags/dados_climaticos.py
[2024-04-27 09:55:35,353] {processor.py:641} INFO - Processing file /home/enrico/Documentos/backup/AULA/Alura/Engenharia de dados/projeto_airflow/airflowalura/dags/dados_climaticos.py for tasks to queue
[2024-04-27 09:55:35,353] {logging_mixin.py:115} INFO - [2024-04-27 09:55:35,353] {dagbag.py:507} INFO - Filling up the DagBag from /home/enrico/Documentos/backup/AULA/Alura/Engenharia de dados/projeto_airflow/airflowalura/dags/dados_climaticos.py
[2024-04-27 09:55:35,550] {processor.py:651} INFO - DAG(s) dict_keys(['dados_climaticos2']) retrieved from /home/enrico/Documentos/backup/AULA/Alura/Engenharia de dados/projeto_airflow/airflowalura/dags/dados_climaticos.py
[2024-04-27 09:55:35,556] {logging_mixin.py:115} INFO - [2024-04-27 09:55:35,556] {dag.py:2379} INFO - Sync 1 DAGs
[2024-04-27 09:55:35,564] {logging_mixin.py:115} INFO - [2024-04-27 09:55:35,564] {dag.py:2927} INFO - Setting next_dagrun for dados_climaticos2 to 2024-04-22T00:00:00+00:00, run_after=2024-04-29T00:00:00+00:00
[2024-04-27 09:55:35,573] {processor.py:161} INFO - Processing /home/enrico/Documentos/backup/AULA/Alura/Engenharia de dados/projeto_airflow/airflowalura/dags/dados_climaticos.py took 0.226 seconds
[2024-04-27 09:56:06,400] {processor.py:153} INFO - Started process (PID=96905) to work on /home/enrico/Documentos/backup/AULA/Alura/Engenharia de dados/projeto_airflow/airflowalura/dags/dados_climaticos.py
[2024-04-27 09:56:06,400] {processor.py:641} INFO - Processing file /home/enrico/Documentos/backup/AULA/Alura/Engenharia de dados/projeto_airflow/airflowalura/dags/dados_climaticos.py for tasks to queue
[2024-04-27 09:56:06,401] {logging_mixin.py:115} INFO - [2024-04-27 09:56:06,401] {dagbag.py:507} INFO - Filling up the DagBag from /home/enrico/Documentos/backup/AULA/Alura/Engenharia de dados/projeto_airflow/airflowalura/dags/dados_climaticos.py
[2024-04-27 09:56:06,592] {processor.py:651} INFO - DAG(s) dict_keys(['dados_climaticos2']) retrieved from /home/enrico/Documentos/backup/AULA/Alura/Engenharia de dados/projeto_airflow/airflowalura/dags/dados_climaticos.py
[2024-04-27 09:56:06,599] {logging_mixin.py:115} INFO - [2024-04-27 09:56:06,599] {dag.py:2379} INFO - Sync 1 DAGs
[2024-04-27 09:56:06,607] {logging_mixin.py:115} INFO - [2024-04-27 09:56:06,607] {dag.py:2927} INFO - Setting next_dagrun for dados_climaticos2 to 2024-04-22T00:00:00+00:00, run_after=2024-04-29T00:00:00+00:00
[2024-04-27 09:56:06,618] {processor.py:161} INFO - Processing /home/enrico/Documentos/backup/AULA/Alura/Engenharia de dados/projeto_airflow/airflowalura/dags/dados_climaticos.py took 0.220 seconds
[2024-04-27 09:56:39,772] {processor.py:153} INFO - Started process (PID=96981) to work on /home/enrico/Documentos/backup/AULA/Alura/Engenharia de dados/projeto_airflow/airflowalura/dags/dados_climaticos.py
[2024-04-27 09:56:39,772] {processor.py:641} INFO - Processing file /home/enrico/Documentos/backup/AULA/Alura/Engenharia de dados/projeto_airflow/airflowalura/dags/dados_climaticos.py for tasks to queue
[2024-04-27 09:56:39,772] {logging_mixin.py:115} INFO - [2024-04-27 09:56:39,772] {dagbag.py:507} INFO - Filling up the DagBag from /home/enrico/Documentos/backup/AULA/Alura/Engenharia de dados/projeto_airflow/airflowalura/dags/dados_climaticos.py
[2024-04-27 09:56:39,957] {processor.py:651} INFO - DAG(s) dict_keys(['dados_climaticos2']) retrieved from /home/enrico/Documentos/backup/AULA/Alura/Engenharia de dados/projeto_airflow/airflowalura/dags/dados_climaticos.py
[2024-04-27 09:56:39,963] {logging_mixin.py:115} INFO - [2024-04-27 09:56:39,963] {dag.py:2379} INFO - Sync 1 DAGs
[2024-04-27 09:56:39,972] {logging_mixin.py:115} INFO - [2024-04-27 09:56:39,972] {dag.py:2927} INFO - Setting next_dagrun for dados_climaticos2 to 2024-04-22T00:00:00+00:00, run_after=2024-04-29T00:00:00+00:00
[2024-04-27 09:56:39,981] {processor.py:161} INFO - Processing /home/enrico/Documentos/backup/AULA/Alura/Engenharia de dados/projeto_airflow/airflowalura/dags/dados_climaticos.py took 0.211 seconds
[2024-04-27 09:57:14,461] {processor.py:153} INFO - Started process (PID=97089) to work on /home/enrico/Documentos/backup/AULA/Alura/Engenharia de dados/projeto_airflow/airflowalura/dags/dados_climaticos.py
[2024-04-27 09:57:14,464] {processor.py:641} INFO - Processing file /home/enrico/Documentos/backup/AULA/Alura/Engenharia de dados/projeto_airflow/airflowalura/dags/dados_climaticos.py for tasks to queue
[2024-04-27 09:57:14,464] {logging_mixin.py:115} INFO - [2024-04-27 09:57:14,464] {dagbag.py:507} INFO - Filling up the DagBag from /home/enrico/Documentos/backup/AULA/Alura/Engenharia de dados/projeto_airflow/airflowalura/dags/dados_climaticos.py
[2024-04-27 09:57:14,640] {processor.py:651} INFO - DAG(s) dict_keys(['dados_climaticos2']) retrieved from /home/enrico/Documentos/backup/AULA/Alura/Engenharia de dados/projeto_airflow/airflowalura/dags/dados_climaticos.py
[2024-04-27 09:57:14,646] {logging_mixin.py:115} INFO - [2024-04-27 09:57:14,645] {dag.py:2379} INFO - Sync 1 DAGs
[2024-04-27 09:57:14,654] {logging_mixin.py:115} INFO - [2024-04-27 09:57:14,654] {dag.py:2927} INFO - Setting next_dagrun for dados_climaticos2 to 2024-04-22T00:00:00+00:00, run_after=2024-04-29T00:00:00+00:00
[2024-04-27 09:57:14,664] {processor.py:161} INFO - Processing /home/enrico/Documentos/backup/AULA/Alura/Engenharia de dados/projeto_airflow/airflowalura/dags/dados_climaticos.py took 0.204 seconds
[2024-04-27 09:57:52,049] {processor.py:153} INFO - Started process (PID=97140) to work on /home/enrico/Documentos/backup/AULA/Alura/Engenharia de dados/projeto_airflow/airflowalura/dags/dados_climaticos.py
[2024-04-27 09:57:52,053] {processor.py:641} INFO - Processing file /home/enrico/Documentos/backup/AULA/Alura/Engenharia de dados/projeto_airflow/airflowalura/dags/dados_climaticos.py for tasks to queue
[2024-04-27 09:57:52,054] {logging_mixin.py:115} INFO - [2024-04-27 09:57:52,054] {dagbag.py:507} INFO - Filling up the DagBag from /home/enrico/Documentos/backup/AULA/Alura/Engenharia de dados/projeto_airflow/airflowalura/dags/dados_climaticos.py
[2024-04-27 09:57:52,250] {processor.py:651} INFO - DAG(s) dict_keys(['dados_climaticos2']) retrieved from /home/enrico/Documentos/backup/AULA/Alura/Engenharia de dados/projeto_airflow/airflowalura/dags/dados_climaticos.py
[2024-04-27 09:57:52,255] {logging_mixin.py:115} INFO - [2024-04-27 09:57:52,255] {dag.py:2379} INFO - Sync 1 DAGs
[2024-04-27 09:57:52,264] {logging_mixin.py:115} INFO - [2024-04-27 09:57:52,264] {dag.py:2927} INFO - Setting next_dagrun for dados_climaticos2 to 2024-04-22T00:00:00+00:00, run_after=2024-04-29T00:00:00+00:00
[2024-04-27 09:57:52,274] {processor.py:161} INFO - Processing /home/enrico/Documentos/backup/AULA/Alura/Engenharia de dados/projeto_airflow/airflowalura/dags/dados_climaticos.py took 0.231 seconds
[2024-04-27 09:58:25,274] {processor.py:153} INFO - Started process (PID=97194) to work on /home/enrico/Documentos/backup/AULA/Alura/Engenharia de dados/projeto_airflow/airflowalura/dags/dados_climaticos.py
[2024-04-27 09:58:25,274] {processor.py:641} INFO - Processing file /home/enrico/Documentos/backup/AULA/Alura/Engenharia de dados/projeto_airflow/airflowalura/dags/dados_climaticos.py for tasks to queue
[2024-04-27 09:58:25,275] {logging_mixin.py:115} INFO - [2024-04-27 09:58:25,275] {dagbag.py:507} INFO - Filling up the DagBag from /home/enrico/Documentos/backup/AULA/Alura/Engenharia de dados/projeto_airflow/airflowalura/dags/dados_climaticos.py
[2024-04-27 09:58:25,447] {processor.py:651} INFO - DAG(s) dict_keys(['dados_climaticos2']) retrieved from /home/enrico/Documentos/backup/AULA/Alura/Engenharia de dados/projeto_airflow/airflowalura/dags/dados_climaticos.py
[2024-04-27 09:58:25,453] {logging_mixin.py:115} INFO - [2024-04-27 09:58:25,453] {dag.py:2379} INFO - Sync 1 DAGs
[2024-04-27 09:58:25,462] {logging_mixin.py:115} INFO - [2024-04-27 09:58:25,462] {dag.py:2927} INFO - Setting next_dagrun for dados_climaticos2 to 2024-04-22T00:00:00+00:00, run_after=2024-04-29T00:00:00+00:00
[2024-04-27 09:58:25,473] {processor.py:161} INFO - Processing /home/enrico/Documentos/backup/AULA/Alura/Engenharia de dados/projeto_airflow/airflowalura/dags/dados_climaticos.py took 0.201 seconds
[2024-04-27 09:58:57,476] {processor.py:153} INFO - Started process (PID=97254) to work on /home/enrico/Documentos/backup/AULA/Alura/Engenharia de dados/projeto_airflow/airflowalura/dags/dados_climaticos.py
[2024-04-27 09:58:57,479] {processor.py:641} INFO - Processing file /home/enrico/Documentos/backup/AULA/Alura/Engenharia de dados/projeto_airflow/airflowalura/dags/dados_climaticos.py for tasks to queue
[2024-04-27 09:58:57,479] {logging_mixin.py:115} INFO - [2024-04-27 09:58:57,479] {dagbag.py:507} INFO - Filling up the DagBag from /home/enrico/Documentos/backup/AULA/Alura/Engenharia de dados/projeto_airflow/airflowalura/dags/dados_climaticos.py
[2024-04-27 09:58:57,650] {processor.py:651} INFO - DAG(s) dict_keys(['dados_climaticos2']) retrieved from /home/enrico/Documentos/backup/AULA/Alura/Engenharia de dados/projeto_airflow/airflowalura/dags/dados_climaticos.py
[2024-04-27 09:58:57,656] {logging_mixin.py:115} INFO - [2024-04-27 09:58:57,656] {dag.py:2379} INFO - Sync 1 DAGs
[2024-04-27 09:58:57,665] {logging_mixin.py:115} INFO - [2024-04-27 09:58:57,665] {dag.py:2927} INFO - Setting next_dagrun for dados_climaticos2 to 2024-04-22T00:00:00+00:00, run_after=2024-04-29T00:00:00+00:00
[2024-04-27 09:58:57,678] {processor.py:161} INFO - Processing /home/enrico/Documentos/backup/AULA/Alura/Engenharia de dados/projeto_airflow/airflowalura/dags/dados_climaticos.py took 0.205 seconds
[2024-04-27 09:59:32,102] {processor.py:153} INFO - Started process (PID=97318) to work on /home/enrico/Documentos/backup/AULA/Alura/Engenharia de dados/projeto_airflow/airflowalura/dags/dados_climaticos.py
[2024-04-27 09:59:32,103] {processor.py:641} INFO - Processing file /home/enrico/Documentos/backup/AULA/Alura/Engenharia de dados/projeto_airflow/airflowalura/dags/dados_climaticos.py for tasks to queue
[2024-04-27 09:59:32,104] {logging_mixin.py:115} INFO - [2024-04-27 09:59:32,104] {dagbag.py:507} INFO - Filling up the DagBag from /home/enrico/Documentos/backup/AULA/Alura/Engenharia de dados/projeto_airflow/airflowalura/dags/dados_climaticos.py
[2024-04-27 09:59:32,302] {processor.py:651} INFO - DAG(s) dict_keys(['dados_climaticos2']) retrieved from /home/enrico/Documentos/backup/AULA/Alura/Engenharia de dados/projeto_airflow/airflowalura/dags/dados_climaticos.py
[2024-04-27 09:59:32,307] {logging_mixin.py:115} INFO - [2024-04-27 09:59:32,307] {dag.py:2379} INFO - Sync 1 DAGs
[2024-04-27 09:59:32,318] {logging_mixin.py:115} INFO - [2024-04-27 09:59:32,318] {dag.py:2927} INFO - Setting next_dagrun for dados_climaticos2 to 2024-04-22T00:00:00+00:00, run_after=2024-04-29T00:00:00+00:00
[2024-04-27 09:59:32,331] {processor.py:161} INFO - Processing /home/enrico/Documentos/backup/AULA/Alura/Engenharia de dados/projeto_airflow/airflowalura/dags/dados_climaticos.py took 0.235 seconds
[2024-04-27 10:00:05,499] {processor.py:153} INFO - Started process (PID=97365) to work on /home/enrico/Documentos/backup/AULA/Alura/Engenharia de dados/projeto_airflow/airflowalura/dags/dados_climaticos.py
[2024-04-27 10:00:05,503] {processor.py:641} INFO - Processing file /home/enrico/Documentos/backup/AULA/Alura/Engenharia de dados/projeto_airflow/airflowalura/dags/dados_climaticos.py for tasks to queue
[2024-04-27 10:00:05,504] {logging_mixin.py:115} INFO - [2024-04-27 10:00:05,504] {dagbag.py:507} INFO - Filling up the DagBag from /home/enrico/Documentos/backup/AULA/Alura/Engenharia de dados/projeto_airflow/airflowalura/dags/dados_climaticos.py
[2024-04-27 10:00:05,694] {processor.py:651} INFO - DAG(s) dict_keys(['dados_climaticos2']) retrieved from /home/enrico/Documentos/backup/AULA/Alura/Engenharia de dados/projeto_airflow/airflowalura/dags/dados_climaticos.py
[2024-04-27 10:00:05,700] {logging_mixin.py:115} INFO - [2024-04-27 10:00:05,700] {dag.py:2379} INFO - Sync 1 DAGs
[2024-04-27 10:00:05,709] {logging_mixin.py:115} INFO - [2024-04-27 10:00:05,709] {dag.py:2927} INFO - Setting next_dagrun for dados_climaticos2 to 2024-04-22T00:00:00+00:00, run_after=2024-04-29T00:00:00+00:00
[2024-04-27 10:00:05,718] {processor.py:161} INFO - Processing /home/enrico/Documentos/backup/AULA/Alura/Engenharia de dados/projeto_airflow/airflowalura/dags/dados_climaticos.py took 0.224 seconds
[2024-04-27 10:00:42,582] {processor.py:153} INFO - Started process (PID=97420) to work on /home/enrico/Documentos/backup/AULA/Alura/Engenharia de dados/projeto_airflow/airflowalura/dags/dados_climaticos.py
[2024-04-27 10:00:42,586] {processor.py:641} INFO - Processing file /home/enrico/Documentos/backup/AULA/Alura/Engenharia de dados/projeto_airflow/airflowalura/dags/dados_climaticos.py for tasks to queue
[2024-04-27 10:00:42,587] {logging_mixin.py:115} INFO - [2024-04-27 10:00:42,587] {dagbag.py:507} INFO - Filling up the DagBag from /home/enrico/Documentos/backup/AULA/Alura/Engenharia de dados/projeto_airflow/airflowalura/dags/dados_climaticos.py
[2024-04-27 10:00:42,779] {processor.py:651} INFO - DAG(s) dict_keys(['dados_climaticos2']) retrieved from /home/enrico/Documentos/backup/AULA/Alura/Engenharia de dados/projeto_airflow/airflowalura/dags/dados_climaticos.py
[2024-04-27 10:00:42,785] {logging_mixin.py:115} INFO - [2024-04-27 10:00:42,785] {dag.py:2379} INFO - Sync 1 DAGs
[2024-04-27 10:00:42,794] {logging_mixin.py:115} INFO - [2024-04-27 10:00:42,793] {dag.py:2927} INFO - Setting next_dagrun for dados_climaticos2 to 2024-04-22T00:00:00+00:00, run_after=2024-04-29T00:00:00+00:00
[2024-04-27 10:00:42,807] {processor.py:161} INFO - Processing /home/enrico/Documentos/backup/AULA/Alura/Engenharia de dados/projeto_airflow/airflowalura/dags/dados_climaticos.py took 0.231 seconds
[2024-04-27 10:01:16,876] {processor.py:153} INFO - Started process (PID=97496) to work on /home/enrico/Documentos/backup/AULA/Alura/Engenharia de dados/projeto_airflow/airflowalura/dags/dados_climaticos.py
[2024-04-27 10:01:16,878] {processor.py:641} INFO - Processing file /home/enrico/Documentos/backup/AULA/Alura/Engenharia de dados/projeto_airflow/airflowalura/dags/dados_climaticos.py for tasks to queue
[2024-04-27 10:01:16,879] {logging_mixin.py:115} INFO - [2024-04-27 10:01:16,878] {dagbag.py:507} INFO - Filling up the DagBag from /home/enrico/Documentos/backup/AULA/Alura/Engenharia de dados/projeto_airflow/airflowalura/dags/dados_climaticos.py
[2024-04-27 10:01:17,081] {processor.py:651} INFO - DAG(s) dict_keys(['dados_climaticos2']) retrieved from /home/enrico/Documentos/backup/AULA/Alura/Engenharia de dados/projeto_airflow/airflowalura/dags/dados_climaticos.py
[2024-04-27 10:01:17,087] {logging_mixin.py:115} INFO - [2024-04-27 10:01:17,087] {dag.py:2379} INFO - Sync 1 DAGs
[2024-04-27 10:01:17,097] {logging_mixin.py:115} INFO - [2024-04-27 10:01:17,097] {dag.py:2927} INFO - Setting next_dagrun for dados_climaticos2 to 2024-04-22T00:00:00+00:00, run_after=2024-04-29T00:00:00+00:00
[2024-04-27 10:01:17,107] {processor.py:161} INFO - Processing /home/enrico/Documentos/backup/AULA/Alura/Engenharia de dados/projeto_airflow/airflowalura/dags/dados_climaticos.py took 0.236 seconds
[2024-04-27 10:01:51,077] {processor.py:153} INFO - Started process (PID=97545) to work on /home/enrico/Documentos/backup/AULA/Alura/Engenharia de dados/projeto_airflow/airflowalura/dags/dados_climaticos.py
[2024-04-27 10:01:51,078] {processor.py:641} INFO - Processing file /home/enrico/Documentos/backup/AULA/Alura/Engenharia de dados/projeto_airflow/airflowalura/dags/dados_climaticos.py for tasks to queue
[2024-04-27 10:01:51,079] {logging_mixin.py:115} INFO - [2024-04-27 10:01:51,079] {dagbag.py:507} INFO - Filling up the DagBag from /home/enrico/Documentos/backup/AULA/Alura/Engenharia de dados/projeto_airflow/airflowalura/dags/dados_climaticos.py
[2024-04-27 10:01:51,285] {processor.py:651} INFO - DAG(s) dict_keys(['dados_climaticos2']) retrieved from /home/enrico/Documentos/backup/AULA/Alura/Engenharia de dados/projeto_airflow/airflowalura/dags/dados_climaticos.py
[2024-04-27 10:01:51,291] {logging_mixin.py:115} INFO - [2024-04-27 10:01:51,291] {dag.py:2379} INFO - Sync 1 DAGs
[2024-04-27 10:01:51,300] {logging_mixin.py:115} INFO - [2024-04-27 10:01:51,300] {dag.py:2927} INFO - Setting next_dagrun for dados_climaticos2 to 2024-04-22T00:00:00+00:00, run_after=2024-04-29T00:00:00+00:00
[2024-04-27 10:01:51,309] {processor.py:161} INFO - Processing /home/enrico/Documentos/backup/AULA/Alura/Engenharia de dados/projeto_airflow/airflowalura/dags/dados_climaticos.py took 0.238 seconds
[2024-04-27 10:02:24,219] {processor.py:153} INFO - Started process (PID=97657) to work on /home/enrico/Documentos/backup/AULA/Alura/Engenharia de dados/projeto_airflow/airflowalura/dags/dados_climaticos.py
[2024-04-27 10:02:24,222] {processor.py:641} INFO - Processing file /home/enrico/Documentos/backup/AULA/Alura/Engenharia de dados/projeto_airflow/airflowalura/dags/dados_climaticos.py for tasks to queue
[2024-04-27 10:02:24,224] {logging_mixin.py:115} INFO - [2024-04-27 10:02:24,224] {dagbag.py:507} INFO - Filling up the DagBag from /home/enrico/Documentos/backup/AULA/Alura/Engenharia de dados/projeto_airflow/airflowalura/dags/dados_climaticos.py
[2024-04-27 10:02:24,448] {processor.py:651} INFO - DAG(s) dict_keys(['dados_climaticos2']) retrieved from /home/enrico/Documentos/backup/AULA/Alura/Engenharia de dados/projeto_airflow/airflowalura/dags/dados_climaticos.py
[2024-04-27 10:02:24,454] {logging_mixin.py:115} INFO - [2024-04-27 10:02:24,453] {dag.py:2379} INFO - Sync 1 DAGs
[2024-04-27 10:02:24,463] {logging_mixin.py:115} INFO - [2024-04-27 10:02:24,463] {dag.py:2927} INFO - Setting next_dagrun for dados_climaticos2 to 2024-04-22T00:00:00+00:00, run_after=2024-04-29T00:00:00+00:00
[2024-04-27 10:02:24,473] {processor.py:161} INFO - Processing /home/enrico/Documentos/backup/AULA/Alura/Engenharia de dados/projeto_airflow/airflowalura/dags/dados_climaticos.py took 0.260 seconds
[2024-04-27 10:02:54,924] {processor.py:153} INFO - Started process (PID=97842) to work on /home/enrico/Documentos/backup/AULA/Alura/Engenharia de dados/projeto_airflow/airflowalura/dags/dados_climaticos.py
[2024-04-27 10:02:54,927] {processor.py:641} INFO - Processing file /home/enrico/Documentos/backup/AULA/Alura/Engenharia de dados/projeto_airflow/airflowalura/dags/dados_climaticos.py for tasks to queue
[2024-04-27 10:02:54,928] {logging_mixin.py:115} INFO - [2024-04-27 10:02:54,928] {dagbag.py:507} INFO - Filling up the DagBag from /home/enrico/Documentos/backup/AULA/Alura/Engenharia de dados/projeto_airflow/airflowalura/dags/dados_climaticos.py
[2024-04-27 10:02:55,103] {processor.py:651} INFO - DAG(s) dict_keys(['dados_climaticos2']) retrieved from /home/enrico/Documentos/backup/AULA/Alura/Engenharia de dados/projeto_airflow/airflowalura/dags/dados_climaticos.py
[2024-04-27 10:02:55,110] {logging_mixin.py:115} INFO - [2024-04-27 10:02:55,110] {dag.py:2379} INFO - Sync 1 DAGs
[2024-04-27 10:02:55,119] {logging_mixin.py:115} INFO - [2024-04-27 10:02:55,119] {dag.py:2927} INFO - Setting next_dagrun for dados_climaticos2 to 2024-04-22T00:00:00+00:00, run_after=2024-04-29T00:00:00+00:00
[2024-04-27 10:02:55,129] {processor.py:161} INFO - Processing /home/enrico/Documentos/backup/AULA/Alura/Engenharia de dados/projeto_airflow/airflowalura/dags/dados_climaticos.py took 0.211 seconds
[2024-04-27 10:03:28,757] {processor.py:153} INFO - Started process (PID=98052) to work on /home/enrico/Documentos/backup/AULA/Alura/Engenharia de dados/projeto_airflow/airflowalura/dags/dados_climaticos.py
[2024-04-27 10:03:28,758] {processor.py:641} INFO - Processing file /home/enrico/Documentos/backup/AULA/Alura/Engenharia de dados/projeto_airflow/airflowalura/dags/dados_climaticos.py for tasks to queue
[2024-04-27 10:03:28,758] {logging_mixin.py:115} INFO - [2024-04-27 10:03:28,758] {dagbag.py:507} INFO - Filling up the DagBag from /home/enrico/Documentos/backup/AULA/Alura/Engenharia de dados/projeto_airflow/airflowalura/dags/dados_climaticos.py
[2024-04-27 10:03:28,953] {processor.py:651} INFO - DAG(s) dict_keys(['dados_climaticos2']) retrieved from /home/enrico/Documentos/backup/AULA/Alura/Engenharia de dados/projeto_airflow/airflowalura/dags/dados_climaticos.py
[2024-04-27 10:03:28,960] {logging_mixin.py:115} INFO - [2024-04-27 10:03:28,960] {dag.py:2379} INFO - Sync 1 DAGs
[2024-04-27 10:03:28,972] {logging_mixin.py:115} INFO - [2024-04-27 10:03:28,972] {dag.py:2927} INFO - Setting next_dagrun for dados_climaticos2 to 2024-04-22T00:00:00+00:00, run_after=2024-04-29T00:00:00+00:00
[2024-04-27 10:03:28,980] {processor.py:161} INFO - Processing /home/enrico/Documentos/backup/AULA/Alura/Engenharia de dados/projeto_airflow/airflowalura/dags/dados_climaticos.py took 0.225 seconds
[2024-04-27 10:03:59,789] {processor.py:153} INFO - Started process (PID=98239) to work on /home/enrico/Documentos/backup/AULA/Alura/Engenharia de dados/projeto_airflow/airflowalura/dags/dados_climaticos.py
[2024-04-27 10:03:59,791] {processor.py:641} INFO - Processing file /home/enrico/Documentos/backup/AULA/Alura/Engenharia de dados/projeto_airflow/airflowalura/dags/dados_climaticos.py for tasks to queue
[2024-04-27 10:03:59,792] {logging_mixin.py:115} INFO - [2024-04-27 10:03:59,792] {dagbag.py:507} INFO - Filling up the DagBag from /home/enrico/Documentos/backup/AULA/Alura/Engenharia de dados/projeto_airflow/airflowalura/dags/dados_climaticos.py
[2024-04-27 10:03:59,970] {processor.py:651} INFO - DAG(s) dict_keys(['dados_climaticos2']) retrieved from /home/enrico/Documentos/backup/AULA/Alura/Engenharia de dados/projeto_airflow/airflowalura/dags/dados_climaticos.py
[2024-04-27 10:03:59,975] {logging_mixin.py:115} INFO - [2024-04-27 10:03:59,975] {dag.py:2379} INFO - Sync 1 DAGs
[2024-04-27 10:03:59,984] {logging_mixin.py:115} INFO - [2024-04-27 10:03:59,984] {dag.py:2927} INFO - Setting next_dagrun for dados_climaticos2 to 2024-04-22T00:00:00+00:00, run_after=2024-04-29T00:00:00+00:00
[2024-04-27 10:03:59,993] {processor.py:161} INFO - Processing /home/enrico/Documentos/backup/AULA/Alura/Engenharia de dados/projeto_airflow/airflowalura/dags/dados_climaticos.py took 0.206 seconds
[2024-04-27 10:04:30,843] {processor.py:153} INFO - Started process (PID=98424) to work on /home/enrico/Documentos/backup/AULA/Alura/Engenharia de dados/projeto_airflow/airflowalura/dags/dados_climaticos.py
[2024-04-27 10:04:30,844] {processor.py:641} INFO - Processing file /home/enrico/Documentos/backup/AULA/Alura/Engenharia de dados/projeto_airflow/airflowalura/dags/dados_climaticos.py for tasks to queue
[2024-04-27 10:04:30,845] {logging_mixin.py:115} INFO - [2024-04-27 10:04:30,845] {dagbag.py:507} INFO - Filling up the DagBag from /home/enrico/Documentos/backup/AULA/Alura/Engenharia de dados/projeto_airflow/airflowalura/dags/dados_climaticos.py
[2024-04-27 10:04:31,048] {processor.py:651} INFO - DAG(s) dict_keys(['dados_climaticos2']) retrieved from /home/enrico/Documentos/backup/AULA/Alura/Engenharia de dados/projeto_airflow/airflowalura/dags/dados_climaticos.py
[2024-04-27 10:04:31,054] {logging_mixin.py:115} INFO - [2024-04-27 10:04:31,054] {dag.py:2379} INFO - Sync 1 DAGs
[2024-04-27 10:04:31,063] {logging_mixin.py:115} INFO - [2024-04-27 10:04:31,062] {dag.py:2927} INFO - Setting next_dagrun for dados_climaticos2 to 2024-04-22T00:00:00+00:00, run_after=2024-04-29T00:00:00+00:00
[2024-04-27 10:04:31,074] {processor.py:161} INFO - Processing /home/enrico/Documentos/backup/AULA/Alura/Engenharia de dados/projeto_airflow/airflowalura/dags/dados_climaticos.py took 0.236 seconds
