[2024-04-27 09:49:56,047] {processor.py:153} INFO - Started process (PID=95819) to work on /home/enrico/Documentos/backup/AULA/Alura/Engenharia de dados/projeto_airflow/airflowalura/dags/meu_primeiro_dag.py
[2024-04-27 09:49:56,048] {processor.py:641} INFO - Processing file /home/enrico/Documentos/backup/AULA/Alura/Engenharia de dados/projeto_airflow/airflowalura/dags/meu_primeiro_dag.py for tasks to queue
[2024-04-27 09:49:56,048] {logging_mixin.py:115} INFO - [2024-04-27 09:49:56,048] {dagbag.py:507} INFO - Filling up the DagBag from /home/enrico/Documentos/backup/AULA/Alura/Engenharia de dados/projeto_airflow/airflowalura/dags/meu_primeiro_dag.py
[2024-04-27 09:49:56,052] {processor.py:651} INFO - DAG(s) dict_keys(['meu_primeiro_dag2']) retrieved from /home/enrico/Documentos/backup/AULA/Alura/Engenharia de dados/projeto_airflow/airflowalura/dags/meu_primeiro_dag.py
[2024-04-27 09:49:56,080] {logging_mixin.py:115} INFO - [2024-04-27 09:49:56,080] {dag.py:2379} INFO - Sync 1 DAGs
[2024-04-27 09:49:56,092] {logging_mixin.py:115} INFO - [2024-04-27 09:49:56,091] {dag.py:2927} INFO - Setting next_dagrun for meu_primeiro_dag2 to 2024-04-25T00:00:00+00:00, run_after=2024-04-26T00:00:00+00:00
[2024-04-27 09:49:56,102] {processor.py:161} INFO - Processing /home/enrico/Documentos/backup/AULA/Alura/Engenharia de dados/projeto_airflow/airflowalura/dags/meu_primeiro_dag.py took 0.056 seconds
[2024-04-27 09:50:30,248] {processor.py:153} INFO - Started process (PID=95946) to work on /home/enrico/Documentos/backup/AULA/Alura/Engenharia de dados/projeto_airflow/airflowalura/dags/meu_primeiro_dag.py
[2024-04-27 09:50:30,249] {processor.py:641} INFO - Processing file /home/enrico/Documentos/backup/AULA/Alura/Engenharia de dados/projeto_airflow/airflowalura/dags/meu_primeiro_dag.py for tasks to queue
[2024-04-27 09:50:30,249] {logging_mixin.py:115} INFO - [2024-04-27 09:50:30,249] {dagbag.py:507} INFO - Filling up the DagBag from /home/enrico/Documentos/backup/AULA/Alura/Engenharia de dados/projeto_airflow/airflowalura/dags/meu_primeiro_dag.py
[2024-04-27 09:50:30,254] {processor.py:651} INFO - DAG(s) dict_keys(['meu_primeiro_dag2']) retrieved from /home/enrico/Documentos/backup/AULA/Alura/Engenharia de dados/projeto_airflow/airflowalura/dags/meu_primeiro_dag.py
[2024-04-27 09:50:30,265] {logging_mixin.py:115} INFO - [2024-04-27 09:50:30,265] {dag.py:2379} INFO - Sync 1 DAGs
[2024-04-27 09:50:30,276] {logging_mixin.py:115} INFO - [2024-04-27 09:50:30,276] {dag.py:2927} INFO - Setting next_dagrun for meu_primeiro_dag2 to 2024-04-25T00:00:00+00:00, run_after=2024-04-26T00:00:00+00:00
[2024-04-27 09:50:30,303] {processor.py:161} INFO - Processing /home/enrico/Documentos/backup/AULA/Alura/Engenharia de dados/projeto_airflow/airflowalura/dags/meu_primeiro_dag.py took 0.056 seconds
[2024-04-27 09:51:02,453] {processor.py:153} INFO - Started process (PID=96138) to work on /home/enrico/Documentos/backup/AULA/Alura/Engenharia de dados/projeto_airflow/airflowalura/dags/meu_primeiro_dag.py
[2024-04-27 09:51:02,453] {processor.py:641} INFO - Processing file /home/enrico/Documentos/backup/AULA/Alura/Engenharia de dados/projeto_airflow/airflowalura/dags/meu_primeiro_dag.py for tasks to queue
[2024-04-27 09:51:02,454] {logging_mixin.py:115} INFO - [2024-04-27 09:51:02,454] {dagbag.py:507} INFO - Filling up the DagBag from /home/enrico/Documentos/backup/AULA/Alura/Engenharia de dados/projeto_airflow/airflowalura/dags/meu_primeiro_dag.py
[2024-04-27 09:51:02,458] {processor.py:651} INFO - DAG(s) dict_keys(['meu_primeiro_dag2']) retrieved from /home/enrico/Documentos/backup/AULA/Alura/Engenharia de dados/projeto_airflow/airflowalura/dags/meu_primeiro_dag.py
[2024-04-27 09:51:02,467] {logging_mixin.py:115} INFO - [2024-04-27 09:51:02,467] {dag.py:2379} INFO - Sync 1 DAGs
[2024-04-27 09:51:02,477] {logging_mixin.py:115} INFO - [2024-04-27 09:51:02,477] {dag.py:2927} INFO - Setting next_dagrun for meu_primeiro_dag2 to 2024-04-25T00:00:00+00:00, run_after=2024-04-26T00:00:00+00:00
[2024-04-27 09:51:02,486] {processor.py:161} INFO - Processing /home/enrico/Documentos/backup/AULA/Alura/Engenharia de dados/projeto_airflow/airflowalura/dags/meu_primeiro_dag.py took 0.034 seconds
[2024-04-27 09:51:34,676] {processor.py:153} INFO - Started process (PID=96349) to work on /home/enrico/Documentos/backup/AULA/Alura/Engenharia de dados/projeto_airflow/airflowalura/dags/meu_primeiro_dag.py
[2024-04-27 09:51:34,679] {processor.py:641} INFO - Processing file /home/enrico/Documentos/backup/AULA/Alura/Engenharia de dados/projeto_airflow/airflowalura/dags/meu_primeiro_dag.py for tasks to queue
[2024-04-27 09:51:34,679] {logging_mixin.py:115} INFO - [2024-04-27 09:51:34,679] {dagbag.py:507} INFO - Filling up the DagBag from /home/enrico/Documentos/backup/AULA/Alura/Engenharia de dados/projeto_airflow/airflowalura/dags/meu_primeiro_dag.py
[2024-04-27 09:51:34,683] {processor.py:651} INFO - DAG(s) dict_keys(['meu_primeiro_dag2']) retrieved from /home/enrico/Documentos/backup/AULA/Alura/Engenharia de dados/projeto_airflow/airflowalura/dags/meu_primeiro_dag.py
[2024-04-27 09:51:34,692] {logging_mixin.py:115} INFO - [2024-04-27 09:51:34,691] {dag.py:2379} INFO - Sync 1 DAGs
[2024-04-27 09:51:34,701] {logging_mixin.py:115} INFO - [2024-04-27 09:51:34,701] {dag.py:2927} INFO - Setting next_dagrun for meu_primeiro_dag2 to 2024-04-25T00:00:00+00:00, run_after=2024-04-26T00:00:00+00:00
[2024-04-27 09:51:34,711] {processor.py:161} INFO - Processing /home/enrico/Documentos/backup/AULA/Alura/Engenharia de dados/projeto_airflow/airflowalura/dags/meu_primeiro_dag.py took 0.037 seconds
[2024-04-27 09:52:13,515] {processor.py:153} INFO - Started process (PID=96449) to work on /home/enrico/Documentos/backup/AULA/Alura/Engenharia de dados/projeto_airflow/airflowalura/dags/meu_primeiro_dag.py
[2024-04-27 09:52:13,516] {processor.py:641} INFO - Processing file /home/enrico/Documentos/backup/AULA/Alura/Engenharia de dados/projeto_airflow/airflowalura/dags/meu_primeiro_dag.py for tasks to queue
[2024-04-27 09:52:13,517] {logging_mixin.py:115} INFO - [2024-04-27 09:52:13,517] {dagbag.py:507} INFO - Filling up the DagBag from /home/enrico/Documentos/backup/AULA/Alura/Engenharia de dados/projeto_airflow/airflowalura/dags/meu_primeiro_dag.py
[2024-04-27 09:52:13,533] {processor.py:651} INFO - DAG(s) dict_keys(['meu_primeiro_dag2']) retrieved from /home/enrico/Documentos/backup/AULA/Alura/Engenharia de dados/projeto_airflow/airflowalura/dags/meu_primeiro_dag.py
[2024-04-27 09:52:13,552] {logging_mixin.py:115} INFO - [2024-04-27 09:52:13,552] {dag.py:2379} INFO - Sync 1 DAGs
[2024-04-27 09:52:13,564] {logging_mixin.py:115} INFO - [2024-04-27 09:52:13,563] {dag.py:2927} INFO - Setting next_dagrun for meu_primeiro_dag2 to 2024-04-25T00:00:00+00:00, run_after=2024-04-26T00:00:00+00:00
[2024-04-27 09:52:13,572] {processor.py:161} INFO - Processing /home/enrico/Documentos/backup/AULA/Alura/Engenharia de dados/projeto_airflow/airflowalura/dags/meu_primeiro_dag.py took 0.062 seconds
[2024-04-27 09:52:47,858] {processor.py:153} INFO - Started process (PID=96600) to work on /home/enrico/Documentos/backup/AULA/Alura/Engenharia de dados/projeto_airflow/airflowalura/dags/meu_primeiro_dag.py
[2024-04-27 09:52:47,862] {processor.py:641} INFO - Processing file /home/enrico/Documentos/backup/AULA/Alura/Engenharia de dados/projeto_airflow/airflowalura/dags/meu_primeiro_dag.py for tasks to queue
[2024-04-27 09:52:47,864] {logging_mixin.py:115} INFO - [2024-04-27 09:52:47,863] {dagbag.py:507} INFO - Filling up the DagBag from /home/enrico/Documentos/backup/AULA/Alura/Engenharia de dados/projeto_airflow/airflowalura/dags/meu_primeiro_dag.py
[2024-04-27 09:52:47,884] {processor.py:651} INFO - DAG(s) dict_keys(['meu_primeiro_dag2']) retrieved from /home/enrico/Documentos/backup/AULA/Alura/Engenharia de dados/projeto_airflow/airflowalura/dags/meu_primeiro_dag.py
[2024-04-27 09:52:47,900] {logging_mixin.py:115} INFO - [2024-04-27 09:52:47,900] {dag.py:2379} INFO - Sync 1 DAGs
[2024-04-27 09:52:47,913] {logging_mixin.py:115} INFO - [2024-04-27 09:52:47,913] {dag.py:2927} INFO - Setting next_dagrun for meu_primeiro_dag2 to 2024-04-25T00:00:00+00:00, run_after=2024-04-26T00:00:00+00:00
[2024-04-27 09:52:47,925] {processor.py:161} INFO - Processing /home/enrico/Documentos/backup/AULA/Alura/Engenharia de dados/projeto_airflow/airflowalura/dags/meu_primeiro_dag.py took 0.075 seconds
[2024-04-27 09:53:22,878] {processor.py:153} INFO - Started process (PID=96647) to work on /home/enrico/Documentos/backup/AULA/Alura/Engenharia de dados/projeto_airflow/airflowalura/dags/meu_primeiro_dag.py
[2024-04-27 09:53:22,881] {processor.py:641} INFO - Processing file /home/enrico/Documentos/backup/AULA/Alura/Engenharia de dados/projeto_airflow/airflowalura/dags/meu_primeiro_dag.py for tasks to queue
[2024-04-27 09:53:22,882] {logging_mixin.py:115} INFO - [2024-04-27 09:53:22,882] {dagbag.py:507} INFO - Filling up the DagBag from /home/enrico/Documentos/backup/AULA/Alura/Engenharia de dados/projeto_airflow/airflowalura/dags/meu_primeiro_dag.py
[2024-04-27 09:53:22,897] {processor.py:651} INFO - DAG(s) dict_keys(['meu_primeiro_dag2']) retrieved from /home/enrico/Documentos/backup/AULA/Alura/Engenharia de dados/projeto_airflow/airflowalura/dags/meu_primeiro_dag.py
[2024-04-27 09:53:22,914] {logging_mixin.py:115} INFO - [2024-04-27 09:53:22,914] {dag.py:2379} INFO - Sync 1 DAGs
[2024-04-27 09:53:22,938] {logging_mixin.py:115} INFO - [2024-04-27 09:53:22,938] {dag.py:2927} INFO - Setting next_dagrun for meu_primeiro_dag2 to 2024-04-25T00:00:00+00:00, run_after=2024-04-26T00:00:00+00:00
[2024-04-27 09:53:22,951] {processor.py:161} INFO - Processing /home/enrico/Documentos/backup/AULA/Alura/Engenharia de dados/projeto_airflow/airflowalura/dags/meu_primeiro_dag.py took 0.078 seconds
[2024-04-27 09:53:57,986] {processor.py:153} INFO - Started process (PID=96696) to work on /home/enrico/Documentos/backup/AULA/Alura/Engenharia de dados/projeto_airflow/airflowalura/dags/meu_primeiro_dag.py
[2024-04-27 09:53:57,987] {processor.py:641} INFO - Processing file /home/enrico/Documentos/backup/AULA/Alura/Engenharia de dados/projeto_airflow/airflowalura/dags/meu_primeiro_dag.py for tasks to queue
[2024-04-27 09:53:57,988] {logging_mixin.py:115} INFO - [2024-04-27 09:53:57,988] {dagbag.py:507} INFO - Filling up the DagBag from /home/enrico/Documentos/backup/AULA/Alura/Engenharia de dados/projeto_airflow/airflowalura/dags/meu_primeiro_dag.py
[2024-04-27 09:53:58,004] {processor.py:651} INFO - DAG(s) dict_keys(['meu_primeiro_dag2']) retrieved from /home/enrico/Documentos/backup/AULA/Alura/Engenharia de dados/projeto_airflow/airflowalura/dags/meu_primeiro_dag.py
[2024-04-27 09:53:58,023] {logging_mixin.py:115} INFO - [2024-04-27 09:53:58,023] {dag.py:2379} INFO - Sync 1 DAGs
[2024-04-27 09:53:58,036] {logging_mixin.py:115} INFO - [2024-04-27 09:53:58,035] {dag.py:2927} INFO - Setting next_dagrun for meu_primeiro_dag2 to 2024-04-25T00:00:00+00:00, run_after=2024-04-26T00:00:00+00:00
[2024-04-27 09:53:58,044] {processor.py:161} INFO - Processing /home/enrico/Documentos/backup/AULA/Alura/Engenharia de dados/projeto_airflow/airflowalura/dags/meu_primeiro_dag.py took 0.063 seconds
[2024-04-27 09:54:30,999] {processor.py:153} INFO - Started process (PID=96754) to work on /home/enrico/Documentos/backup/AULA/Alura/Engenharia de dados/projeto_airflow/airflowalura/dags/meu_primeiro_dag.py
[2024-04-27 09:54:31,003] {processor.py:641} INFO - Processing file /home/enrico/Documentos/backup/AULA/Alura/Engenharia de dados/projeto_airflow/airflowalura/dags/meu_primeiro_dag.py for tasks to queue
[2024-04-27 09:54:31,005] {logging_mixin.py:115} INFO - [2024-04-27 09:54:31,004] {dagbag.py:507} INFO - Filling up the DagBag from /home/enrico/Documentos/backup/AULA/Alura/Engenharia de dados/projeto_airflow/airflowalura/dags/meu_primeiro_dag.py
[2024-04-27 09:54:31,021] {processor.py:651} INFO - DAG(s) dict_keys(['meu_primeiro_dag2']) retrieved from /home/enrico/Documentos/backup/AULA/Alura/Engenharia de dados/projeto_airflow/airflowalura/dags/meu_primeiro_dag.py
[2024-04-27 09:54:31,035] {logging_mixin.py:115} INFO - [2024-04-27 09:54:31,035] {dag.py:2379} INFO - Sync 1 DAGs
[2024-04-27 09:54:31,045] {logging_mixin.py:115} INFO - [2024-04-27 09:54:31,045] {dag.py:2927} INFO - Setting next_dagrun for meu_primeiro_dag2 to 2024-04-25T00:00:00+00:00, run_after=2024-04-26T00:00:00+00:00
[2024-04-27 09:54:31,060] {processor.py:161} INFO - Processing /home/enrico/Documentos/backup/AULA/Alura/Engenharia de dados/projeto_airflow/airflowalura/dags/meu_primeiro_dag.py took 0.066 seconds
[2024-04-27 09:55:02,956] {processor.py:153} INFO - Started process (PID=96807) to work on /home/enrico/Documentos/backup/AULA/Alura/Engenharia de dados/projeto_airflow/airflowalura/dags/meu_primeiro_dag.py
[2024-04-27 09:55:02,960] {processor.py:641} INFO - Processing file /home/enrico/Documentos/backup/AULA/Alura/Engenharia de dados/projeto_airflow/airflowalura/dags/meu_primeiro_dag.py for tasks to queue
[2024-04-27 09:55:02,961] {logging_mixin.py:115} INFO - [2024-04-27 09:55:02,961] {dagbag.py:507} INFO - Filling up the DagBag from /home/enrico/Documentos/backup/AULA/Alura/Engenharia de dados/projeto_airflow/airflowalura/dags/meu_primeiro_dag.py
[2024-04-27 09:55:02,976] {processor.py:651} INFO - DAG(s) dict_keys(['meu_primeiro_dag2']) retrieved from /home/enrico/Documentos/backup/AULA/Alura/Engenharia de dados/projeto_airflow/airflowalura/dags/meu_primeiro_dag.py
[2024-04-27 09:55:02,994] {logging_mixin.py:115} INFO - [2024-04-27 09:55:02,994] {dag.py:2379} INFO - Sync 1 DAGs
[2024-04-27 09:55:03,007] {logging_mixin.py:115} INFO - [2024-04-27 09:55:03,007] {dag.py:2927} INFO - Setting next_dagrun for meu_primeiro_dag2 to 2024-04-25T00:00:00+00:00, run_after=2024-04-26T00:00:00+00:00
[2024-04-27 09:55:03,017] {processor.py:161} INFO - Processing /home/enrico/Documentos/backup/AULA/Alura/Engenharia de dados/projeto_airflow/airflowalura/dags/meu_primeiro_dag.py took 0.067 seconds
[2024-04-27 09:55:36,722] {processor.py:153} INFO - Started process (PID=96860) to work on /home/enrico/Documentos/backup/AULA/Alura/Engenharia de dados/projeto_airflow/airflowalura/dags/meu_primeiro_dag.py
[2024-04-27 09:55:36,726] {processor.py:641} INFO - Processing file /home/enrico/Documentos/backup/AULA/Alura/Engenharia de dados/projeto_airflow/airflowalura/dags/meu_primeiro_dag.py for tasks to queue
[2024-04-27 09:55:36,727] {logging_mixin.py:115} INFO - [2024-04-27 09:55:36,727] {dagbag.py:507} INFO - Filling up the DagBag from /home/enrico/Documentos/backup/AULA/Alura/Engenharia de dados/projeto_airflow/airflowalura/dags/meu_primeiro_dag.py
[2024-04-27 09:55:36,743] {processor.py:651} INFO - DAG(s) dict_keys(['meu_primeiro_dag2']) retrieved from /home/enrico/Documentos/backup/AULA/Alura/Engenharia de dados/projeto_airflow/airflowalura/dags/meu_primeiro_dag.py
[2024-04-27 09:55:36,759] {logging_mixin.py:115} INFO - [2024-04-27 09:55:36,759] {dag.py:2379} INFO - Sync 1 DAGs
[2024-04-27 09:55:36,769] {logging_mixin.py:115} INFO - [2024-04-27 09:55:36,769] {dag.py:2927} INFO - Setting next_dagrun for meu_primeiro_dag2 to 2024-04-25T00:00:00+00:00, run_after=2024-04-26T00:00:00+00:00
[2024-04-27 09:55:36,779] {processor.py:161} INFO - Processing /home/enrico/Documentos/backup/AULA/Alura/Engenharia de dados/projeto_airflow/airflowalura/dags/meu_primeiro_dag.py took 0.063 seconds
[2024-04-27 09:56:13,936] {processor.py:153} INFO - Started process (PID=96937) to work on /home/enrico/Documentos/backup/AULA/Alura/Engenharia de dados/projeto_airflow/airflowalura/dags/meu_primeiro_dag.py
[2024-04-27 09:56:13,939] {processor.py:641} INFO - Processing file /home/enrico/Documentos/backup/AULA/Alura/Engenharia de dados/projeto_airflow/airflowalura/dags/meu_primeiro_dag.py for tasks to queue
[2024-04-27 09:56:13,940] {logging_mixin.py:115} INFO - [2024-04-27 09:56:13,940] {dagbag.py:507} INFO - Filling up the DagBag from /home/enrico/Documentos/backup/AULA/Alura/Engenharia de dados/projeto_airflow/airflowalura/dags/meu_primeiro_dag.py
[2024-04-27 09:56:13,949] {processor.py:651} INFO - DAG(s) dict_keys(['meu_primeiro_dag2']) retrieved from /home/enrico/Documentos/backup/AULA/Alura/Engenharia de dados/projeto_airflow/airflowalura/dags/meu_primeiro_dag.py
[2024-04-27 09:56:13,970] {logging_mixin.py:115} INFO - [2024-04-27 09:56:13,969] {dag.py:2379} INFO - Sync 1 DAGs
[2024-04-27 09:56:13,985] {logging_mixin.py:115} INFO - [2024-04-27 09:56:13,985] {dag.py:2927} INFO - Setting next_dagrun for meu_primeiro_dag2 to 2024-04-25T00:00:00+00:00, run_after=2024-04-26T00:00:00+00:00
[2024-04-27 09:56:13,996] {processor.py:161} INFO - Processing /home/enrico/Documentos/backup/AULA/Alura/Engenharia de dados/projeto_airflow/airflowalura/dags/meu_primeiro_dag.py took 0.062 seconds
[2024-04-27 09:56:44,368] {processor.py:153} INFO - Started process (PID=96986) to work on /home/enrico/Documentos/backup/AULA/Alura/Engenharia de dados/projeto_airflow/airflowalura/dags/meu_primeiro_dag.py
[2024-04-27 09:56:44,368] {processor.py:641} INFO - Processing file /home/enrico/Documentos/backup/AULA/Alura/Engenharia de dados/projeto_airflow/airflowalura/dags/meu_primeiro_dag.py for tasks to queue
[2024-04-27 09:56:44,369] {logging_mixin.py:115} INFO - [2024-04-27 09:56:44,368] {dagbag.py:507} INFO - Filling up the DagBag from /home/enrico/Documentos/backup/AULA/Alura/Engenharia de dados/projeto_airflow/airflowalura/dags/meu_primeiro_dag.py
[2024-04-27 09:56:44,372] {processor.py:651} INFO - DAG(s) dict_keys(['meu_primeiro_dag2']) retrieved from /home/enrico/Documentos/backup/AULA/Alura/Engenharia de dados/projeto_airflow/airflowalura/dags/meu_primeiro_dag.py
[2024-04-27 09:56:44,383] {logging_mixin.py:115} INFO - [2024-04-27 09:56:44,383] {dag.py:2379} INFO - Sync 1 DAGs
[2024-04-27 09:56:44,393] {logging_mixin.py:115} INFO - [2024-04-27 09:56:44,393] {dag.py:2927} INFO - Setting next_dagrun for meu_primeiro_dag2 to 2024-04-25T00:00:00+00:00, run_after=2024-04-26T00:00:00+00:00
[2024-04-27 09:56:44,401] {processor.py:161} INFO - Processing /home/enrico/Documentos/backup/AULA/Alura/Engenharia de dados/projeto_airflow/airflowalura/dags/meu_primeiro_dag.py took 0.035 seconds
[2024-04-27 09:57:20,528] {processor.py:153} INFO - Started process (PID=97097) to work on /home/enrico/Documentos/backup/AULA/Alura/Engenharia de dados/projeto_airflow/airflowalura/dags/meu_primeiro_dag.py
[2024-04-27 09:57:20,531] {processor.py:641} INFO - Processing file /home/enrico/Documentos/backup/AULA/Alura/Engenharia de dados/projeto_airflow/airflowalura/dags/meu_primeiro_dag.py for tasks to queue
[2024-04-27 09:57:20,531] {logging_mixin.py:115} INFO - [2024-04-27 09:57:20,531] {dagbag.py:507} INFO - Filling up the DagBag from /home/enrico/Documentos/backup/AULA/Alura/Engenharia de dados/projeto_airflow/airflowalura/dags/meu_primeiro_dag.py
[2024-04-27 09:57:20,535] {processor.py:651} INFO - DAG(s) dict_keys(['meu_primeiro_dag2']) retrieved from /home/enrico/Documentos/backup/AULA/Alura/Engenharia de dados/projeto_airflow/airflowalura/dags/meu_primeiro_dag.py
[2024-04-27 09:57:20,544] {logging_mixin.py:115} INFO - [2024-04-27 09:57:20,544] {dag.py:2379} INFO - Sync 1 DAGs
[2024-04-27 09:57:20,555] {logging_mixin.py:115} INFO - [2024-04-27 09:57:20,554] {dag.py:2927} INFO - Setting next_dagrun for meu_primeiro_dag2 to 2024-04-25T00:00:00+00:00, run_after=2024-04-26T00:00:00+00:00
[2024-04-27 09:57:20,563] {processor.py:161} INFO - Processing /home/enrico/Documentos/backup/AULA/Alura/Engenharia de dados/projeto_airflow/airflowalura/dags/meu_primeiro_dag.py took 0.037 seconds
[2024-04-27 09:57:53,385] {processor.py:153} INFO - Started process (PID=97141) to work on /home/enrico/Documentos/backup/AULA/Alura/Engenharia de dados/projeto_airflow/airflowalura/dags/meu_primeiro_dag.py
[2024-04-27 09:57:53,386] {processor.py:641} INFO - Processing file /home/enrico/Documentos/backup/AULA/Alura/Engenharia de dados/projeto_airflow/airflowalura/dags/meu_primeiro_dag.py for tasks to queue
[2024-04-27 09:57:53,387] {logging_mixin.py:115} INFO - [2024-04-27 09:57:53,387] {dagbag.py:507} INFO - Filling up the DagBag from /home/enrico/Documentos/backup/AULA/Alura/Engenharia de dados/projeto_airflow/airflowalura/dags/meu_primeiro_dag.py
[2024-04-27 09:57:53,403] {processor.py:651} INFO - DAG(s) dict_keys(['meu_primeiro_dag2']) retrieved from /home/enrico/Documentos/backup/AULA/Alura/Engenharia de dados/projeto_airflow/airflowalura/dags/meu_primeiro_dag.py
[2024-04-27 09:57:53,421] {logging_mixin.py:115} INFO - [2024-04-27 09:57:53,421] {dag.py:2379} INFO - Sync 1 DAGs
[2024-04-27 09:57:53,434] {logging_mixin.py:115} INFO - [2024-04-27 09:57:53,434] {dag.py:2927} INFO - Setting next_dagrun for meu_primeiro_dag2 to 2024-04-25T00:00:00+00:00, run_after=2024-04-26T00:00:00+00:00
[2024-04-27 09:57:53,444] {processor.py:161} INFO - Processing /home/enrico/Documentos/backup/AULA/Alura/Engenharia de dados/projeto_airflow/airflowalura/dags/meu_primeiro_dag.py took 0.066 seconds
[2024-04-27 09:58:26,641] {processor.py:153} INFO - Started process (PID=97196) to work on /home/enrico/Documentos/backup/AULA/Alura/Engenharia de dados/projeto_airflow/airflowalura/dags/meu_primeiro_dag.py
[2024-04-27 09:58:26,644] {processor.py:641} INFO - Processing file /home/enrico/Documentos/backup/AULA/Alura/Engenharia de dados/projeto_airflow/airflowalura/dags/meu_primeiro_dag.py for tasks to queue
[2024-04-27 09:58:26,645] {logging_mixin.py:115} INFO - [2024-04-27 09:58:26,645] {dagbag.py:507} INFO - Filling up the DagBag from /home/enrico/Documentos/backup/AULA/Alura/Engenharia de dados/projeto_airflow/airflowalura/dags/meu_primeiro_dag.py
[2024-04-27 09:58:26,649] {processor.py:651} INFO - DAG(s) dict_keys(['meu_primeiro_dag2']) retrieved from /home/enrico/Documentos/backup/AULA/Alura/Engenharia de dados/projeto_airflow/airflowalura/dags/meu_primeiro_dag.py
[2024-04-27 09:58:26,658] {logging_mixin.py:115} INFO - [2024-04-27 09:58:26,658] {dag.py:2379} INFO - Sync 1 DAGs
[2024-04-27 09:58:26,668] {logging_mixin.py:115} INFO - [2024-04-27 09:58:26,668] {dag.py:2927} INFO - Setting next_dagrun for meu_primeiro_dag2 to 2024-04-25T00:00:00+00:00, run_after=2024-04-26T00:00:00+00:00
[2024-04-27 09:58:26,678] {processor.py:161} INFO - Processing /home/enrico/Documentos/backup/AULA/Alura/Engenharia de dados/projeto_airflow/airflowalura/dags/meu_primeiro_dag.py took 0.039 seconds
[2024-04-27 09:58:58,828] {processor.py:153} INFO - Started process (PID=97256) to work on /home/enrico/Documentos/backup/AULA/Alura/Engenharia de dados/projeto_airflow/airflowalura/dags/meu_primeiro_dag.py
[2024-04-27 09:58:58,829] {processor.py:641} INFO - Processing file /home/enrico/Documentos/backup/AULA/Alura/Engenharia de dados/projeto_airflow/airflowalura/dags/meu_primeiro_dag.py for tasks to queue
[2024-04-27 09:58:58,829] {logging_mixin.py:115} INFO - [2024-04-27 09:58:58,829] {dagbag.py:507} INFO - Filling up the DagBag from /home/enrico/Documentos/backup/AULA/Alura/Engenharia de dados/projeto_airflow/airflowalura/dags/meu_primeiro_dag.py
[2024-04-27 09:58:58,833] {processor.py:651} INFO - DAG(s) dict_keys(['meu_primeiro_dag2']) retrieved from /home/enrico/Documentos/backup/AULA/Alura/Engenharia de dados/projeto_airflow/airflowalura/dags/meu_primeiro_dag.py
[2024-04-27 09:58:58,842] {logging_mixin.py:115} INFO - [2024-04-27 09:58:58,842] {dag.py:2379} INFO - Sync 1 DAGs
[2024-04-27 09:58:58,853] {logging_mixin.py:115} INFO - [2024-04-27 09:58:58,853] {dag.py:2927} INFO - Setting next_dagrun for meu_primeiro_dag2 to 2024-04-25T00:00:00+00:00, run_after=2024-04-26T00:00:00+00:00
[2024-04-27 09:58:58,864] {processor.py:161} INFO - Processing /home/enrico/Documentos/backup/AULA/Alura/Engenharia de dados/projeto_airflow/airflowalura/dags/meu_primeiro_dag.py took 0.037 seconds
[2024-04-27 09:59:33,471] {processor.py:153} INFO - Started process (PID=97319) to work on /home/enrico/Documentos/backup/AULA/Alura/Engenharia de dados/projeto_airflow/airflowalura/dags/meu_primeiro_dag.py
[2024-04-27 09:59:33,474] {processor.py:641} INFO - Processing file /home/enrico/Documentos/backup/AULA/Alura/Engenharia de dados/projeto_airflow/airflowalura/dags/meu_primeiro_dag.py for tasks to queue
[2024-04-27 09:59:33,475] {logging_mixin.py:115} INFO - [2024-04-27 09:59:33,475] {dagbag.py:507} INFO - Filling up the DagBag from /home/enrico/Documentos/backup/AULA/Alura/Engenharia de dados/projeto_airflow/airflowalura/dags/meu_primeiro_dag.py
[2024-04-27 09:59:33,485] {processor.py:651} INFO - DAG(s) dict_keys(['meu_primeiro_dag2']) retrieved from /home/enrico/Documentos/backup/AULA/Alura/Engenharia de dados/projeto_airflow/airflowalura/dags/meu_primeiro_dag.py
[2024-04-27 09:59:33,502] {logging_mixin.py:115} INFO - [2024-04-27 09:59:33,502] {dag.py:2379} INFO - Sync 1 DAGs
[2024-04-27 09:59:33,515] {logging_mixin.py:115} INFO - [2024-04-27 09:59:33,515] {dag.py:2927} INFO - Setting next_dagrun for meu_primeiro_dag2 to 2024-04-25T00:00:00+00:00, run_after=2024-04-26T00:00:00+00:00
[2024-04-27 09:59:33,525] {processor.py:161} INFO - Processing /home/enrico/Documentos/backup/AULA/Alura/Engenharia de dados/projeto_airflow/airflowalura/dags/meu_primeiro_dag.py took 0.057 seconds
[2024-04-27 10:00:06,823] {processor.py:153} INFO - Started process (PID=97367) to work on /home/enrico/Documentos/backup/AULA/Alura/Engenharia de dados/projeto_airflow/airflowalura/dags/meu_primeiro_dag.py
[2024-04-27 10:00:06,824] {processor.py:641} INFO - Processing file /home/enrico/Documentos/backup/AULA/Alura/Engenharia de dados/projeto_airflow/airflowalura/dags/meu_primeiro_dag.py for tasks to queue
[2024-04-27 10:00:06,824] {logging_mixin.py:115} INFO - [2024-04-27 10:00:06,824] {dagbag.py:507} INFO - Filling up the DagBag from /home/enrico/Documentos/backup/AULA/Alura/Engenharia de dados/projeto_airflow/airflowalura/dags/meu_primeiro_dag.py
[2024-04-27 10:00:06,829] {processor.py:651} INFO - DAG(s) dict_keys(['meu_primeiro_dag2']) retrieved from /home/enrico/Documentos/backup/AULA/Alura/Engenharia de dados/projeto_airflow/airflowalura/dags/meu_primeiro_dag.py
[2024-04-27 10:00:06,837] {logging_mixin.py:115} INFO - [2024-04-27 10:00:06,836] {dag.py:2379} INFO - Sync 1 DAGs
[2024-04-27 10:00:06,846] {logging_mixin.py:115} INFO - [2024-04-27 10:00:06,846] {dag.py:2927} INFO - Setting next_dagrun for meu_primeiro_dag2 to 2024-04-25T00:00:00+00:00, run_after=2024-04-26T00:00:00+00:00
[2024-04-27 10:00:06,858] {processor.py:161} INFO - Processing /home/enrico/Documentos/backup/AULA/Alura/Engenharia de dados/projeto_airflow/airflowalura/dags/meu_primeiro_dag.py took 0.036 seconds
[2024-04-27 10:00:43,294] {processor.py:153} INFO - Started process (PID=97421) to work on /home/enrico/Documentos/backup/AULA/Alura/Engenharia de dados/projeto_airflow/airflowalura/dags/meu_primeiro_dag.py
[2024-04-27 10:00:43,298] {processor.py:641} INFO - Processing file /home/enrico/Documentos/backup/AULA/Alura/Engenharia de dados/projeto_airflow/airflowalura/dags/meu_primeiro_dag.py for tasks to queue
[2024-04-27 10:00:43,299] {logging_mixin.py:115} INFO - [2024-04-27 10:00:43,299] {dagbag.py:507} INFO - Filling up the DagBag from /home/enrico/Documentos/backup/AULA/Alura/Engenharia de dados/projeto_airflow/airflowalura/dags/meu_primeiro_dag.py
[2024-04-27 10:00:43,320] {processor.py:651} INFO - DAG(s) dict_keys(['meu_primeiro_dag2']) retrieved from /home/enrico/Documentos/backup/AULA/Alura/Engenharia de dados/projeto_airflow/airflowalura/dags/meu_primeiro_dag.py
[2024-04-27 10:00:43,334] {logging_mixin.py:115} INFO - [2024-04-27 10:00:43,334] {dag.py:2379} INFO - Sync 1 DAGs
[2024-04-27 10:00:43,350] {logging_mixin.py:115} INFO - [2024-04-27 10:00:43,350] {dag.py:2927} INFO - Setting next_dagrun for meu_primeiro_dag2 to 2024-04-25T00:00:00+00:00, run_after=2024-04-26T00:00:00+00:00
[2024-04-27 10:00:43,362] {processor.py:161} INFO - Processing /home/enrico/Documentos/backup/AULA/Alura/Engenharia de dados/projeto_airflow/airflowalura/dags/meu_primeiro_dag.py took 0.074 seconds
[2024-04-27 10:01:18,206] {processor.py:153} INFO - Started process (PID=97497) to work on /home/enrico/Documentos/backup/AULA/Alura/Engenharia de dados/projeto_airflow/airflowalura/dags/meu_primeiro_dag.py
[2024-04-27 10:01:18,209] {processor.py:641} INFO - Processing file /home/enrico/Documentos/backup/AULA/Alura/Engenharia de dados/projeto_airflow/airflowalura/dags/meu_primeiro_dag.py for tasks to queue
[2024-04-27 10:01:18,210] {logging_mixin.py:115} INFO - [2024-04-27 10:01:18,210] {dagbag.py:507} INFO - Filling up the DagBag from /home/enrico/Documentos/backup/AULA/Alura/Engenharia de dados/projeto_airflow/airflowalura/dags/meu_primeiro_dag.py
[2024-04-27 10:01:18,231] {processor.py:651} INFO - DAG(s) dict_keys(['meu_primeiro_dag2']) retrieved from /home/enrico/Documentos/backup/AULA/Alura/Engenharia de dados/projeto_airflow/airflowalura/dags/meu_primeiro_dag.py
[2024-04-27 10:01:18,246] {logging_mixin.py:115} INFO - [2024-04-27 10:01:18,246] {dag.py:2379} INFO - Sync 1 DAGs
[2024-04-27 10:01:18,256] {logging_mixin.py:115} INFO - [2024-04-27 10:01:18,255] {dag.py:2927} INFO - Setting next_dagrun for meu_primeiro_dag2 to 2024-04-25T00:00:00+00:00, run_after=2024-04-26T00:00:00+00:00
[2024-04-27 10:01:18,266] {processor.py:161} INFO - Processing /home/enrico/Documentos/backup/AULA/Alura/Engenharia de dados/projeto_airflow/airflowalura/dags/meu_primeiro_dag.py took 0.065 seconds
[2024-04-27 10:01:52,459] {processor.py:153} INFO - Started process (PID=97546) to work on /home/enrico/Documentos/backup/AULA/Alura/Engenharia de dados/projeto_airflow/airflowalura/dags/meu_primeiro_dag.py
[2024-04-27 10:01:52,463] {processor.py:641} INFO - Processing file /home/enrico/Documentos/backup/AULA/Alura/Engenharia de dados/projeto_airflow/airflowalura/dags/meu_primeiro_dag.py for tasks to queue
[2024-04-27 10:01:52,464] {logging_mixin.py:115} INFO - [2024-04-27 10:01:52,464] {dagbag.py:507} INFO - Filling up the DagBag from /home/enrico/Documentos/backup/AULA/Alura/Engenharia de dados/projeto_airflow/airflowalura/dags/meu_primeiro_dag.py
[2024-04-27 10:01:52,481] {processor.py:651} INFO - DAG(s) dict_keys(['meu_primeiro_dag2']) retrieved from /home/enrico/Documentos/backup/AULA/Alura/Engenharia de dados/projeto_airflow/airflowalura/dags/meu_primeiro_dag.py
[2024-04-27 10:01:52,495] {logging_mixin.py:115} INFO - [2024-04-27 10:01:52,495] {dag.py:2379} INFO - Sync 1 DAGs
[2024-04-27 10:01:52,506] {logging_mixin.py:115} INFO - [2024-04-27 10:01:52,506] {dag.py:2927} INFO - Setting next_dagrun for meu_primeiro_dag2 to 2024-04-25T00:00:00+00:00, run_after=2024-04-26T00:00:00+00:00
[2024-04-27 10:01:52,516] {processor.py:161} INFO - Processing /home/enrico/Documentos/backup/AULA/Alura/Engenharia de dados/projeto_airflow/airflowalura/dags/meu_primeiro_dag.py took 0.064 seconds
[2024-04-27 10:02:24,609] {processor.py:153} INFO - Started process (PID=97658) to work on /home/enrico/Documentos/backup/AULA/Alura/Engenharia de dados/projeto_airflow/airflowalura/dags/meu_primeiro_dag.py
[2024-04-27 10:02:24,609] {processor.py:641} INFO - Processing file /home/enrico/Documentos/backup/AULA/Alura/Engenharia de dados/projeto_airflow/airflowalura/dags/meu_primeiro_dag.py for tasks to queue
[2024-04-27 10:02:24,610] {logging_mixin.py:115} INFO - [2024-04-27 10:02:24,610] {dagbag.py:507} INFO - Filling up the DagBag from /home/enrico/Documentos/backup/AULA/Alura/Engenharia de dados/projeto_airflow/airflowalura/dags/meu_primeiro_dag.py
[2024-04-27 10:02:24,615] {processor.py:651} INFO - DAG(s) dict_keys(['meu_primeiro_dag2']) retrieved from /home/enrico/Documentos/backup/AULA/Alura/Engenharia de dados/projeto_airflow/airflowalura/dags/meu_primeiro_dag.py
[2024-04-27 10:02:24,623] {logging_mixin.py:115} INFO - [2024-04-27 10:02:24,623] {dag.py:2379} INFO - Sync 1 DAGs
[2024-04-27 10:02:24,634] {logging_mixin.py:115} INFO - [2024-04-27 10:02:24,633] {dag.py:2927} INFO - Setting next_dagrun for meu_primeiro_dag2 to 2024-04-25T00:00:00+00:00, run_after=2024-04-26T00:00:00+00:00
[2024-04-27 10:02:24,650] {processor.py:161} INFO - Processing /home/enrico/Documentos/backup/AULA/Alura/Engenharia de dados/projeto_airflow/airflowalura/dags/meu_primeiro_dag.py took 0.043 seconds
[2024-04-27 10:02:56,265] {processor.py:153} INFO - Started process (PID=97843) to work on /home/enrico/Documentos/backup/AULA/Alura/Engenharia de dados/projeto_airflow/airflowalura/dags/meu_primeiro_dag.py
[2024-04-27 10:02:56,266] {processor.py:641} INFO - Processing file /home/enrico/Documentos/backup/AULA/Alura/Engenharia de dados/projeto_airflow/airflowalura/dags/meu_primeiro_dag.py for tasks to queue
[2024-04-27 10:02:56,266] {logging_mixin.py:115} INFO - [2024-04-27 10:02:56,266] {dagbag.py:507} INFO - Filling up the DagBag from /home/enrico/Documentos/backup/AULA/Alura/Engenharia de dados/projeto_airflow/airflowalura/dags/meu_primeiro_dag.py
[2024-04-27 10:02:56,272] {processor.py:651} INFO - DAG(s) dict_keys(['meu_primeiro_dag2']) retrieved from /home/enrico/Documentos/backup/AULA/Alura/Engenharia de dados/projeto_airflow/airflowalura/dags/meu_primeiro_dag.py
[2024-04-27 10:02:56,282] {logging_mixin.py:115} INFO - [2024-04-27 10:02:56,282] {dag.py:2379} INFO - Sync 1 DAGs
[2024-04-27 10:02:56,295] {logging_mixin.py:115} INFO - [2024-04-27 10:02:56,294] {dag.py:2927} INFO - Setting next_dagrun for meu_primeiro_dag2 to 2024-04-25T00:00:00+00:00, run_after=2024-04-26T00:00:00+00:00
[2024-04-27 10:02:56,304] {processor.py:161} INFO - Processing /home/enrico/Documentos/backup/AULA/Alura/Engenharia de dados/projeto_airflow/airflowalura/dags/meu_primeiro_dag.py took 0.040 seconds
[2024-04-27 10:03:30,091] {processor.py:153} INFO - Started process (PID=98053) to work on /home/enrico/Documentos/backup/AULA/Alura/Engenharia de dados/projeto_airflow/airflowalura/dags/meu_primeiro_dag.py
[2024-04-27 10:03:30,094] {processor.py:641} INFO - Processing file /home/enrico/Documentos/backup/AULA/Alura/Engenharia de dados/projeto_airflow/airflowalura/dags/meu_primeiro_dag.py for tasks to queue
[2024-04-27 10:03:30,094] {logging_mixin.py:115} INFO - [2024-04-27 10:03:30,094] {dagbag.py:507} INFO - Filling up the DagBag from /home/enrico/Documentos/backup/AULA/Alura/Engenharia de dados/projeto_airflow/airflowalura/dags/meu_primeiro_dag.py
[2024-04-27 10:03:30,100] {processor.py:651} INFO - DAG(s) dict_keys(['meu_primeiro_dag2']) retrieved from /home/enrico/Documentos/backup/AULA/Alura/Engenharia de dados/projeto_airflow/airflowalura/dags/meu_primeiro_dag.py
[2024-04-27 10:03:30,107] {logging_mixin.py:115} INFO - [2024-04-27 10:03:30,107] {dag.py:2379} INFO - Sync 1 DAGs
[2024-04-27 10:03:30,118] {logging_mixin.py:115} INFO - [2024-04-27 10:03:30,118] {dag.py:2927} INFO - Setting next_dagrun for meu_primeiro_dag2 to 2024-04-25T00:00:00+00:00, run_after=2024-04-26T00:00:00+00:00
[2024-04-27 10:03:30,127] {processor.py:161} INFO - Processing /home/enrico/Documentos/backup/AULA/Alura/Engenharia de dados/projeto_airflow/airflowalura/dags/meu_primeiro_dag.py took 0.038 seconds
[2024-04-27 10:04:05,165] {processor.py:153} INFO - Started process (PID=98268) to work on /home/enrico/Documentos/backup/AULA/Alura/Engenharia de dados/projeto_airflow/airflowalura/dags/meu_primeiro_dag.py
[2024-04-27 10:04:05,166] {processor.py:641} INFO - Processing file /home/enrico/Documentos/backup/AULA/Alura/Engenharia de dados/projeto_airflow/airflowalura/dags/meu_primeiro_dag.py for tasks to queue
[2024-04-27 10:04:05,167] {logging_mixin.py:115} INFO - [2024-04-27 10:04:05,167] {dagbag.py:507} INFO - Filling up the DagBag from /home/enrico/Documentos/backup/AULA/Alura/Engenharia de dados/projeto_airflow/airflowalura/dags/meu_primeiro_dag.py
[2024-04-27 10:04:05,186] {processor.py:651} INFO - DAG(s) dict_keys(['meu_primeiro_dag2']) retrieved from /home/enrico/Documentos/backup/AULA/Alura/Engenharia de dados/projeto_airflow/airflowalura/dags/meu_primeiro_dag.py
[2024-04-27 10:04:05,200] {logging_mixin.py:115} INFO - [2024-04-27 10:04:05,200] {dag.py:2379} INFO - Sync 1 DAGs
[2024-04-27 10:04:05,212] {logging_mixin.py:115} INFO - [2024-04-27 10:04:05,212] {dag.py:2927} INFO - Setting next_dagrun for meu_primeiro_dag2 to 2024-04-25T00:00:00+00:00, run_after=2024-04-26T00:00:00+00:00
[2024-04-27 10:04:05,223] {processor.py:161} INFO - Processing /home/enrico/Documentos/backup/AULA/Alura/Engenharia de dados/projeto_airflow/airflowalura/dags/meu_primeiro_dag.py took 0.064 seconds
[2024-04-27 10:04:37,566] {processor.py:153} INFO - Started process (PID=98467) to work on /home/enrico/Documentos/backup/AULA/Alura/Engenharia de dados/projeto_airflow/airflowalura/dags/meu_primeiro_dag.py
[2024-04-27 10:04:37,566] {processor.py:641} INFO - Processing file /home/enrico/Documentos/backup/AULA/Alura/Engenharia de dados/projeto_airflow/airflowalura/dags/meu_primeiro_dag.py for tasks to queue
[2024-04-27 10:04:37,567] {logging_mixin.py:115} INFO - [2024-04-27 10:04:37,567] {dagbag.py:507} INFO - Filling up the DagBag from /home/enrico/Documentos/backup/AULA/Alura/Engenharia de dados/projeto_airflow/airflowalura/dags/meu_primeiro_dag.py
[2024-04-27 10:04:37,573] {processor.py:651} INFO - DAG(s) dict_keys(['meu_primeiro_dag2']) retrieved from /home/enrico/Documentos/backup/AULA/Alura/Engenharia de dados/projeto_airflow/airflowalura/dags/meu_primeiro_dag.py
[2024-04-27 10:04:37,582] {logging_mixin.py:115} INFO - [2024-04-27 10:04:37,582] {dag.py:2379} INFO - Sync 1 DAGs
[2024-04-27 10:04:37,595] {logging_mixin.py:115} INFO - [2024-04-27 10:04:37,594] {dag.py:2927} INFO - Setting next_dagrun for meu_primeiro_dag2 to 2024-04-25T00:00:00+00:00, run_after=2024-04-26T00:00:00+00:00
[2024-04-27 10:04:37,606] {processor.py:161} INFO - Processing /home/enrico/Documentos/backup/AULA/Alura/Engenharia de dados/projeto_airflow/airflowalura/dags/meu_primeiro_dag.py took 0.042 seconds
